[0.267s] DEBUG:colcon:Command line arguments: ['/usr/bin/colcon', 'build']
[0.267s] DEBUG:colcon:Parsed command line arguments: Namespace(allow_overriding=[], ament_cmake_args=None, base_paths=['.'], build_base='build', catkin_cmake_args=None, catkin_skip_building_tests=False, cmake_args=None, cmake_clean_cache=False, cmake_clean_first=False, cmake_force_configure=False, cmake_target=None, cmake_target_skip_unavailable=False, continue_on_error=False, event_handlers=None, executor='parallel', ignore_user_meta=False, install_base='install', log_base=None, log_level=None, main=<bound method BuildVerb.main of <colcon_core.verb.build.BuildVerb object at 0x7fc987ca5610>>, merge_install=False, metas=['./colcon.meta'], packages_above=None, packages_above_and_dependencies=None, packages_above_depth=None, packages_end=None, packages_ignore=None, packages_ignore_regex=None, packages_select=None, packages_select_build_failed=False, packages_select_by_dep=None, packages_select_regex=None, packages_select_test_failures=False, packages_skip=None, packages_skip_build_finished=False, packages_skip_by_dep=None, packages_skip_regex=None, packages_skip_test_passed=False, packages_skip_up_to=None, packages_start=None, packages_up_to=None, packages_up_to_regex=None, parallel_workers=12, paths=None, symlink_install=False, test_result_base=None, verb_extension=<colcon_core.verb.build.BuildVerb object at 0x7fc987ca5610>, verb_name='build', verb_parser=<colcon_defaults.argument_parser.defaults.DefaultArgumentsDecorator object at 0x7fc987ca5b50>)
[0.290s] Level 1:colcon.colcon_core.package_discovery:discover_packages(colcon_meta) check parameters
[0.290s] Level 1:colcon.colcon_core.package_discovery:discover_packages(recursive) check parameters
[0.290s] Level 1:colcon.colcon_core.package_discovery:discover_packages(ignore) check parameters
[0.290s] Level 1:colcon.colcon_core.package_discovery:discover_packages(path) check parameters
[0.290s] Level 1:colcon.colcon_core.package_discovery:discover_packages(colcon_meta) discover
[0.290s] Level 1:colcon.colcon_core.package_discovery:discover_packages(recursive) discover
[0.290s] INFO:colcon.colcon_core.package_discovery:Crawling recursively for packages in '/home/ngy/micro_ros'
[0.290s] Level 1:colcon.colcon_core.package_identification:_identify(.) by extensions ['ignore', 'ignore_ament_install']
[0.291s] Level 1:colcon.colcon_core.package_identification:_identify(.) by extension 'ignore'
[0.291s] Level 1:colcon.colcon_core.package_identification:_identify(.) by extension 'ignore_ament_install'
[0.291s] Level 1:colcon.colcon_core.package_identification:_identify(.) by extensions ['colcon_pkg']
[0.291s] Level 1:colcon.colcon_core.package_identification:_identify(.) by extension 'colcon_pkg'
[0.291s] Level 1:colcon.colcon_core.package_identification:_identify(.) by extensions ['colcon_meta']
[0.291s] Level 1:colcon.colcon_core.package_identification:_identify(.) by extension 'colcon_meta'
[0.291s] Level 1:colcon.colcon_core.package_identification:_identify(.) by extensions ['ros']
[0.291s] Level 1:colcon.colcon_core.package_identification:_identify(.) by extension 'ros'
[0.306s] Level 1:colcon.colcon_core.package_identification:_identify(.) by extensions ['cmake', 'python']
[0.306s] Level 1:colcon.colcon_core.package_identification:_identify(.) by extension 'cmake'
[0.307s] Level 1:colcon.colcon_core.package_identification:_identify(.) by extension 'python'
[0.307s] Level 1:colcon.colcon_core.package_identification:_identify(.) by extensions ['python_setup_py']
[0.307s] Level 1:colcon.colcon_core.package_identification:_identify(.) by extension 'python_setup_py'
[0.307s] Level 1:colcon.colcon_core.package_identification:_identify(build) by extensions ['ignore', 'ignore_ament_install']
[0.307s] Level 1:colcon.colcon_core.package_identification:_identify(build) by extension 'ignore'
[0.307s] Level 1:colcon.colcon_core.package_identification:_identify(build) ignored
[0.307s] Level 1:colcon.colcon_core.package_identification:_identify(install) by extensions ['ignore', 'ignore_ament_install']
[0.307s] Level 1:colcon.colcon_core.package_identification:_identify(install) by extension 'ignore'
[0.307s] Level 1:colcon.colcon_core.package_identification:_identify(install) ignored
[0.307s] Level 1:colcon.colcon_core.package_identification:_identify(log) by extensions ['ignore', 'ignore_ament_install']
[0.307s] Level 1:colcon.colcon_core.package_identification:_identify(log) by extension 'ignore'
[0.307s] Level 1:colcon.colcon_core.package_identification:_identify(log) ignored
[0.307s] Level 1:colcon.colcon_core.package_identification:_identify(src) by extensions ['ignore', 'ignore_ament_install']
[0.307s] Level 1:colcon.colcon_core.package_identification:_identify(src) by extension 'ignore'
[0.308s] Level 1:colcon.colcon_core.package_identification:_identify(src) by extension 'ignore_ament_install'
[0.308s] Level 1:colcon.colcon_core.package_identification:_identify(src) by extensions ['colcon_pkg']
[0.308s] Level 1:colcon.colcon_core.package_identification:_identify(src) by extension 'colcon_pkg'
[0.308s] Level 1:colcon.colcon_core.package_identification:_identify(src) by extensions ['colcon_meta']
[0.308s] Level 1:colcon.colcon_core.package_identification:_identify(src) by extension 'colcon_meta'
[0.308s] Level 1:colcon.colcon_core.package_identification:_identify(src) by extensions ['ros']
[0.308s] Level 1:colcon.colcon_core.package_identification:_identify(src) by extension 'ros'
[0.308s] Level 1:colcon.colcon_core.package_identification:_identify(src) by extensions ['cmake', 'python']
[0.308s] Level 1:colcon.colcon_core.package_identification:_identify(src) by extension 'cmake'
[0.308s] Level 1:colcon.colcon_core.package_identification:_identify(src) by extension 'python'
[0.308s] Level 1:colcon.colcon_core.package_identification:_identify(src) by extensions ['python_setup_py']
[0.308s] Level 1:colcon.colcon_core.package_identification:_identify(src) by extension 'python_setup_py'
[0.308s] Level 1:colcon.colcon_core.package_identification:_identify(src/micro_ros_setup) by extensions ['ignore', 'ignore_ament_install']
[0.308s] Level 1:colcon.colcon_core.package_identification:_identify(src/micro_ros_setup) by extension 'ignore'
[0.308s] Level 1:colcon.colcon_core.package_identification:_identify(src/micro_ros_setup) by extension 'ignore_ament_install'
[0.308s] Level 1:colcon.colcon_core.package_identification:_identify(src/micro_ros_setup) by extensions ['colcon_pkg']
[0.308s] Level 1:colcon.colcon_core.package_identification:_identify(src/micro_ros_setup) by extension 'colcon_pkg'
[0.308s] Level 1:colcon.colcon_core.package_identification:_identify(src/micro_ros_setup) by extensions ['colcon_meta']
[0.308s] Level 1:colcon.colcon_core.package_identification:_identify(src/micro_ros_setup) by extension 'colcon_meta'
[0.308s] Level 1:colcon.colcon_core.package_identification:_identify(src/micro_ros_setup) by extensions ['ros']
[0.308s] Level 1:colcon.colcon_core.package_identification:_identify(src/micro_ros_setup) by extension 'ros'
[0.311s] DEBUG:colcon.colcon_core.package_identification:Package 'src/micro_ros_setup' with type 'ros.ament_cmake' and name 'micro_ros_setup'
[0.311s] Level 1:colcon.colcon_core.package_discovery:discover_packages(recursive) using defaults
[0.311s] Level 1:colcon.colcon_core.package_discovery:discover_packages(ignore) discover
[0.311s] Level 1:colcon.colcon_core.package_discovery:discover_packages(ignore) using defaults
[0.311s] Level 1:colcon.colcon_core.package_discovery:discover_packages(path) discover
[0.311s] Level 1:colcon.colcon_core.package_discovery:discover_packages(path) using defaults
[0.328s] Level 1:colcon.colcon_core.package_discovery:discover_packages(prefix_path) check parameters
[0.328s] Level 1:colcon.colcon_core.package_discovery:discover_packages(prefix_path) discover
[0.329s] WARNING:colcon.colcon_ros.prefix_path.ament:The path '/home/ngy/microros_ws/install/micro_ros_agent' in the environment variable AMENT_PREFIX_PATH doesn't exist
[0.329s] WARNING:colcon.colcon_ros.prefix_path.ament:The path '/home/ngy/microros_ws/install/common_interfaces' in the environment variable AMENT_PREFIX_PATH doesn't exist
[0.329s] WARNING:colcon.colcon_ros.prefix_path.ament:The path '/home/ngy/microros_ws/install/visualization_msgs' in the environment variable AMENT_PREFIX_PATH doesn't exist
[0.329s] WARNING:colcon.colcon_ros.prefix_path.ament:The path '/home/ngy/microros_ws/install/test_msgs' in the environment variable AMENT_PREFIX_PATH doesn't exist
[0.329s] WARNING:colcon.colcon_ros.prefix_path.ament:The path '/home/ngy/microros_ws/install/micro_ros_demos_rclc' in the environment variable AMENT_PREFIX_PATH doesn't exist
[0.329s] WARNING:colcon.colcon_ros.prefix_path.ament:The path '/home/ngy/microros_ws/install/example_interfaces' in the environment variable AMENT_PREFIX_PATH doesn't exist
[0.329s] WARNING:colcon.colcon_ros.prefix_path.ament:The path '/home/ngy/microros_ws/install/action_msgs' in the environment variable AMENT_PREFIX_PATH doesn't exist
[0.329s] WARNING:colcon.colcon_ros.prefix_path.ament:The path '/home/ngy/microros_ws/install/unique_identifier_msgs' in the environment variable AMENT_PREFIX_PATH doesn't exist
[0.329s] WARNING:colcon.colcon_ros.prefix_path.ament:The path '/home/ngy/microros_ws/install/trajectory_msgs' in the environment variable AMENT_PREFIX_PATH doesn't exist
[0.329s] WARNING:colcon.colcon_ros.prefix_path.ament:The path '/home/ngy/microros_ws/install/stereo_msgs' in the environment variable AMENT_PREFIX_PATH doesn't exist
[0.329s] WARNING:colcon.colcon_ros.prefix_path.ament:The path '/home/ngy/microros_ws/install/std_srvs' in the environment variable AMENT_PREFIX_PATH doesn't exist
[0.329s] WARNING:colcon.colcon_ros.prefix_path.ament:The path '/home/ngy/microros_ws/install/shape_msgs' in the environment variable AMENT_PREFIX_PATH doesn't exist
[0.329s] WARNING:colcon.colcon_ros.prefix_path.ament:The path '/home/ngy/microros_ws/install/sensor_msgs_py' in the environment variable AMENT_PREFIX_PATH doesn't exist
[0.329s] WARNING:colcon.colcon_ros.prefix_path.ament:The path '/home/ngy/microros_ws/install/sensor_msgs' in the environment variable AMENT_PREFIX_PATH doesn't exist
[0.329s] WARNING:colcon.colcon_ros.prefix_path.ament:The path '/home/ngy/microros_ws/install/nav_msgs' in the environment variable AMENT_PREFIX_PATH doesn't exist
[0.329s] WARNING:colcon.colcon_ros.prefix_path.ament:The path '/home/ngy/microros_ws/install/diagnostic_msgs' in the environment variable AMENT_PREFIX_PATH doesn't exist
[0.329s] WARNING:colcon.colcon_ros.prefix_path.ament:The path '/home/ngy/microros_ws/install/geometry_msgs' in the environment variable AMENT_PREFIX_PATH doesn't exist
[0.329s] WARNING:colcon.colcon_ros.prefix_path.ament:The path '/home/ngy/microros_ws/install/actionlib_msgs' in the environment variable AMENT_PREFIX_PATH doesn't exist
[0.329s] WARNING:colcon.colcon_ros.prefix_path.ament:The path '/home/ngy/microros_ws/install/std_msgs' in the environment variable AMENT_PREFIX_PATH doesn't exist
[0.329s] WARNING:colcon.colcon_ros.prefix_path.ament:The path '/home/ngy/microros_ws/install/statistics_msgs' in the environment variable AMENT_PREFIX_PATH doesn't exist
[0.329s] WARNING:colcon.colcon_ros.prefix_path.ament:The path '/home/ngy/microros_ws/install/rosidl_typesupport_microxrcedds_test_msg' in the environment variable AMENT_PREFIX_PATH doesn't exist
[0.329s] WARNING:colcon.colcon_ros.prefix_path.ament:The path '/home/ngy/microros_ws/install/rosidl_typesupport_microxrcedds_cpp_tests' in the environment variable AMENT_PREFIX_PATH doesn't exist
[0.330s] WARNING:colcon.colcon_ros.prefix_path.ament:The path '/home/ngy/microros_ws/install/rmw_microxrcedds' in the environment variable AMENT_PREFIX_PATH doesn't exist
[0.330s] WARNING:colcon.colcon_ros.prefix_path.ament:The path '/home/ngy/microros_ws/install/rosidl_typesupport_microxrcedds_cpp' in the environment variable AMENT_PREFIX_PATH doesn't exist
[0.330s] WARNING:colcon.colcon_ros.prefix_path.ament:The path '/home/ngy/microros_ws/install/rosidl_typesupport_microxrcedds_c_tests' in the environment variable AMENT_PREFIX_PATH doesn't exist
[0.330s] WARNING:colcon.colcon_ros.prefix_path.ament:The path '/home/ngy/microros_ws/install/rosidl_typesupport_microxrcedds_c' in the environment variable AMENT_PREFIX_PATH doesn't exist
[0.330s] WARNING:colcon.colcon_ros.prefix_path.ament:The path '/home/ngy/microros_ws/install/rosgraph_msgs' in the environment variable AMENT_PREFIX_PATH doesn't exist
[0.330s] WARNING:colcon.colcon_ros.prefix_path.ament:The path '/home/ngy/microros_ws/install/rclc_parameter' in the environment variable AMENT_PREFIX_PATH doesn't exist
[0.330s] WARNING:colcon.colcon_ros.prefix_path.ament:The path '/home/ngy/microros_ws/install/rclc' in the environment variable AMENT_PREFIX_PATH doesn't exist
[0.330s] WARNING:colcon.colcon_ros.prefix_path.ament:The path '/home/ngy/microros_ws/install/composition_interfaces' in the environment variable AMENT_PREFIX_PATH doesn't exist
[0.330s] WARNING:colcon.colcon_ros.prefix_path.ament:The path '/home/ngy/microros_ws/install/rcl_interfaces' in the environment variable AMENT_PREFIX_PATH doesn't exist
[0.330s] WARNING:colcon.colcon_ros.prefix_path.ament:The path '/home/ngy/microros_ws/install/micro_ros_msgs' in the environment variable AMENT_PREFIX_PATH doesn't exist
[0.330s] WARNING:colcon.colcon_ros.prefix_path.ament:The path '/home/ngy/microros_ws/install/micro_ros_demos_rclcpp' in the environment variable AMENT_PREFIX_PATH doesn't exist
[0.330s] WARNING:colcon.colcon_ros.prefix_path.ament:The path '/home/ngy/microros_ws/install/lifecycle_msgs' in the environment variable AMENT_PREFIX_PATH doesn't exist
[0.330s] WARNING:colcon.colcon_ros.prefix_path.ament:The path '/home/ngy/microros_ws/install/complex_msgs' in the environment variable AMENT_PREFIX_PATH doesn't exist
[0.330s] WARNING:colcon.colcon_ros.prefix_path.ament:The path '/home/ngy/microros_ws/install/builtin_interfaces' in the environment variable AMENT_PREFIX_PATH doesn't exist
[0.330s] WARNING:colcon.colcon_ros.prefix_path.catkin:The path '/home/ngy/microros_ws/install/micro_ros_agent' in the environment variable CMAKE_PREFIX_PATH doesn't exist
[0.330s] WARNING:colcon.colcon_ros.prefix_path.catkin:The path '/home/ngy/microros_ws/install/common_interfaces' in the environment variable CMAKE_PREFIX_PATH doesn't exist
[0.330s] WARNING:colcon.colcon_ros.prefix_path.catkin:The path '/home/ngy/microros_ws/install/visualization_msgs' in the environment variable CMAKE_PREFIX_PATH doesn't exist
[0.330s] WARNING:colcon.colcon_ros.prefix_path.catkin:The path '/home/ngy/microros_ws/install/test_msgs' in the environment variable CMAKE_PREFIX_PATH doesn't exist
[0.330s] WARNING:colcon.colcon_ros.prefix_path.catkin:The path '/home/ngy/microros_ws/install/micro_ros_demos_rclc' in the environment variable CMAKE_PREFIX_PATH doesn't exist
[0.330s] WARNING:colcon.colcon_ros.prefix_path.catkin:The path '/home/ngy/microros_ws/install/example_interfaces' in the environment variable CMAKE_PREFIX_PATH doesn't exist
[0.330s] WARNING:colcon.colcon_ros.prefix_path.catkin:The path '/home/ngy/microros_ws/install/action_msgs' in the environment variable CMAKE_PREFIX_PATH doesn't exist
[0.330s] WARNING:colcon.colcon_ros.prefix_path.catkin:The path '/home/ngy/microros_ws/install/unique_identifier_msgs' in the environment variable CMAKE_PREFIX_PATH doesn't exist
[0.330s] WARNING:colcon.colcon_ros.prefix_path.catkin:The path '/home/ngy/microros_ws/install/trajectory_msgs' in the environment variable CMAKE_PREFIX_PATH doesn't exist
[0.330s] WARNING:colcon.colcon_ros.prefix_path.catkin:The path '/home/ngy/microros_ws/install/stereo_msgs' in the environment variable CMAKE_PREFIX_PATH doesn't exist
[0.330s] WARNING:colcon.colcon_ros.prefix_path.catkin:The path '/home/ngy/microros_ws/install/std_srvs' in the environment variable CMAKE_PREFIX_PATH doesn't exist
[0.331s] WARNING:colcon.colcon_ros.prefix_path.catkin:The path '/home/ngy/microros_ws/install/shape_msgs' in the environment variable CMAKE_PREFIX_PATH doesn't exist
[0.331s] WARNING:colcon.colcon_ros.prefix_path.catkin:The path '/home/ngy/microros_ws/install/sensor_msgs' in the environment variable CMAKE_PREFIX_PATH doesn't exist
[0.331s] WARNING:colcon.colcon_ros.prefix_path.catkin:The path '/home/ngy/microros_ws/install/nav_msgs' in the environment variable CMAKE_PREFIX_PATH doesn't exist
[0.331s] WARNING:colcon.colcon_ros.prefix_path.catkin:The path '/home/ngy/microros_ws/install/diagnostic_msgs' in the environment variable CMAKE_PREFIX_PATH doesn't exist
[0.331s] WARNING:colcon.colcon_ros.prefix_path.catkin:The path '/home/ngy/microros_ws/install/geometry_msgs' in the environment variable CMAKE_PREFIX_PATH doesn't exist
[0.331s] WARNING:colcon.colcon_ros.prefix_path.catkin:The path '/home/ngy/microros_ws/install/actionlib_msgs' in the environment variable CMAKE_PREFIX_PATH doesn't exist
[0.331s] WARNING:colcon.colcon_ros.prefix_path.catkin:The path '/home/ngy/microros_ws/install/std_msgs' in the environment variable CMAKE_PREFIX_PATH doesn't exist
[0.331s] WARNING:colcon.colcon_ros.prefix_path.catkin:The path '/home/ngy/microros_ws/install/statistics_msgs' in the environment variable CMAKE_PREFIX_PATH doesn't exist
[0.331s] WARNING:colcon.colcon_ros.prefix_path.catkin:The path '/home/ngy/microros_ws/install/rosidl_typesupport_microxrcedds_test_msg' in the environment variable CMAKE_PREFIX_PATH doesn't exist
[0.331s] WARNING:colcon.colcon_ros.prefix_path.catkin:The path '/home/ngy/microros_ws/install/rosidl_typesupport_microxrcedds_cpp_tests' in the environment variable CMAKE_PREFIX_PATH doesn't exist
[0.331s] WARNING:colcon.colcon_ros.prefix_path.catkin:The path '/home/ngy/microros_ws/install/rmw_microxrcedds' in the environment variable CMAKE_PREFIX_PATH doesn't exist
[0.331s] WARNING:colcon.colcon_ros.prefix_path.catkin:The path '/home/ngy/microros_ws/install/rosidl_typesupport_microxrcedds_cpp' in the environment variable CMAKE_PREFIX_PATH doesn't exist
[0.331s] WARNING:colcon.colcon_ros.prefix_path.catkin:The path '/home/ngy/microros_ws/install/rosidl_typesupport_microxrcedds_c_tests' in the environment variable CMAKE_PREFIX_PATH doesn't exist
[0.331s] WARNING:colcon.colcon_ros.prefix_path.catkin:The path '/home/ngy/microros_ws/install/rosidl_typesupport_microxrcedds_c' in the environment variable CMAKE_PREFIX_PATH doesn't exist
[0.331s] WARNING:colcon.colcon_ros.prefix_path.catkin:The path '/home/ngy/microros_ws/install/rosgraph_msgs' in the environment variable CMAKE_PREFIX_PATH doesn't exist
[0.331s] WARNING:colcon.colcon_ros.prefix_path.catkin:The path '/home/ngy/microros_ws/install/rclc_parameter' in the environment variable CMAKE_PREFIX_PATH doesn't exist
[0.331s] WARNING:colcon.colcon_ros.prefix_path.catkin:The path '/home/ngy/microros_ws/install/rclc' in the environment variable CMAKE_PREFIX_PATH doesn't exist
[0.331s] WARNING:colcon.colcon_ros.prefix_path.catkin:The path '/home/ngy/microros_ws/install/composition_interfaces' in the environment variable CMAKE_PREFIX_PATH doesn't exist
[0.331s] WARNING:colcon.colcon_ros.prefix_path.catkin:The path '/home/ngy/microros_ws/install/rcl_interfaces' in the environment variable CMAKE_PREFIX_PATH doesn't exist
[0.331s] WARNING:colcon.colcon_ros.prefix_path.catkin:The path '/home/ngy/microros_ws/install/microxrcedds_client' in the environment variable CMAKE_PREFIX_PATH doesn't exist
[0.331s] WARNING:colcon.colcon_ros.prefix_path.catkin:The path '/home/ngy/microros_ws/install/microcdr' in the environment variable CMAKE_PREFIX_PATH doesn't exist
[0.331s] WARNING:colcon.colcon_ros.prefix_path.catkin:The path '/home/ngy/microros_ws/install/micro_ros_msgs' in the environment variable CMAKE_PREFIX_PATH doesn't exist
[0.331s] WARNING:colcon.colcon_ros.prefix_path.catkin:The path '/home/ngy/microros_ws/install/micro_ros_demos_rclcpp' in the environment variable CMAKE_PREFIX_PATH doesn't exist
[0.331s] WARNING:colcon.colcon_ros.prefix_path.catkin:The path '/home/ngy/microros_ws/install/lifecycle_msgs' in the environment variable CMAKE_PREFIX_PATH doesn't exist
[0.331s] WARNING:colcon.colcon_ros.prefix_path.catkin:The path '/home/ngy/microros_ws/install/complex_msgs' in the environment variable CMAKE_PREFIX_PATH doesn't exist
[0.331s] WARNING:colcon.colcon_ros.prefix_path.catkin:The path '/home/ngy/microros_ws/install/builtin_interfaces' in the environment variable CMAKE_PREFIX_PATH doesn't exist
[0.332s] DEBUG:colcon.colcon_installed_package_information.package_discovery:Found 1 installed packages in /home/ngy/microros_ws/install
[0.334s] DEBUG:colcon.colcon_installed_package_information.package_discovery:Found 305 installed packages in /opt/ros/foxy
[0.335s] Level 1:colcon.colcon_core.package_discovery:discover_packages(prefix_path) using defaults
[0.399s] Level 5:colcon.colcon_core.verb:set package 'micro_ros_setup' build argument 'cmake_args' from command line to 'None'
[0.399s] Level 5:colcon.colcon_core.verb:set package 'micro_ros_setup' build argument 'cmake_target' from command line to 'None'
[0.399s] Level 5:colcon.colcon_core.verb:set package 'micro_ros_setup' build argument 'cmake_target_skip_unavailable' from command line to 'False'
[0.399s] Level 5:colcon.colcon_core.verb:set package 'micro_ros_setup' build argument 'cmake_clean_cache' from command line to 'False'
[0.399s] Level 5:colcon.colcon_core.verb:set package 'micro_ros_setup' build argument 'cmake_clean_first' from command line to 'False'
[0.399s] Level 5:colcon.colcon_core.verb:set package 'micro_ros_setup' build argument 'cmake_force_configure' from command line to 'False'
[0.399s] Level 5:colcon.colcon_core.verb:set package 'micro_ros_setup' build argument 'ament_cmake_args' from command line to 'None'
[0.399s] Level 5:colcon.colcon_core.verb:set package 'micro_ros_setup' build argument 'catkin_cmake_args' from command line to 'None'
[0.399s] Level 5:colcon.colcon_core.verb:set package 'micro_ros_setup' build argument 'catkin_skip_building_tests' from command line to 'False'
[0.400s] DEBUG:colcon.colcon_core.verb:Building package 'micro_ros_setup' with the following arguments: {'ament_cmake_args': None, 'build_base': '/home/ngy/micro_ros/build/micro_ros_setup', 'catkin_cmake_args': None, 'catkin_skip_building_tests': False, 'cmake_args': None, 'cmake_clean_cache': False, 'cmake_clean_first': False, 'cmake_force_configure': False, 'cmake_target': None, 'cmake_target_skip_unavailable': False, 'install_base': '/home/ngy/micro_ros/install/micro_ros_setup', 'merge_install': False, 'path': '/home/ngy/micro_ros/src/micro_ros_setup', 'symlink_install': False, 'test_result_base': None}
[0.400s] INFO:colcon.colcon_core.executor:Executing jobs using 'parallel' executor
[0.403s] DEBUG:colcon.colcon_parallel_executor.executor.parallel:run_until_complete
[0.404s] INFO:colcon.colcon_ros.task.ament_cmake.build:Building ROS package in '/home/ngy/micro_ros/src/micro_ros_setup' with build type 'ament_cmake'
[0.404s] INFO:colcon.colcon_cmake.task.cmake.build:Building CMake package in '/home/ngy/micro_ros/src/micro_ros_setup'
[0.407s] INFO:colcon.colcon_core.plugin_system:Skipping extension 'colcon_core.shell.bat': Not used on non-Windows systems
[0.407s] INFO:colcon.colcon_core.shell:Skip shell extension 'powershell' for command environment: Not usable outside of PowerShell
[0.407s] DEBUG:colcon.colcon_core.shell:Skip shell extension 'dsv' for command environment
[0.421s] DEBUG:colcon.colcon_core.event_handler.log_command:Invoking command in '/home/ngy/micro_ros/build/micro_ros_setup': CMAKE_PREFIX_PATH=${CMAKE_PREFIX_PATH}:/home/ngy/microros_ws/install/sensor_msgs_py:/opt/ros/foxy /usr/bin/cmake /home/ngy/micro_ros/src/micro_ros_setup -DCMAKE_INSTALL_PREFIX=/home/ngy/micro_ros/install/micro_ros_setup
[1.212s] DEBUG:colcon.colcon_core.event_handler.log_command:Invoked command in '/home/ngy/micro_ros/build/micro_ros_setup' returned '0': CMAKE_PREFIX_PATH=${CMAKE_PREFIX_PATH}:/home/ngy/microros_ws/install/sensor_msgs_py:/opt/ros/foxy /usr/bin/cmake /home/ngy/micro_ros/src/micro_ros_setup -DCMAKE_INSTALL_PREFIX=/home/ngy/micro_ros/install/micro_ros_setup
[1.215s] DEBUG:colcon.colcon_core.event_handler.log_command:Invoking command in '/home/ngy/micro_ros/build/micro_ros_setup': CMAKE_PREFIX_PATH=${CMAKE_PREFIX_PATH}:/home/ngy/microros_ws/install/sensor_msgs_py:/opt/ros/foxy /usr/bin/cmake --build /home/ngy/micro_ros/build/micro_ros_setup -- -j12 -l12
[1.253s] DEBUG:colcon.colcon_core.event_handler.log_command:Invoked command in '/home/ngy/micro_ros/build/micro_ros_setup' returned '0': CMAKE_PREFIX_PATH=${CMAKE_PREFIX_PATH}:/home/ngy/microros_ws/install/sensor_msgs_py:/opt/ros/foxy /usr/bin/cmake --build /home/ngy/micro_ros/build/micro_ros_setup -- -j12 -l12
[1.293s] DEBUG:colcon.colcon_core.event_handler.log_command:Invoking command in '/home/ngy/micro_ros/build/micro_ros_setup': CMAKE_PREFIX_PATH=${CMAKE_PREFIX_PATH}:/home/ngy/microros_ws/install/sensor_msgs_py:/opt/ros/foxy /usr/bin/cmake --install /home/ngy/micro_ros/build/micro_ros_setup
[1.318s] Level 1:colcon.colcon_core.environment:create_environment_scripts_only(micro_ros_setup)
[1.318s] DEBUG:colcon.colcon_core.event_handler.log_command:Invoked command in '/home/ngy/micro_ros/build/micro_ros_setup' returned '0': CMAKE_PREFIX_PATH=${CMAKE_PREFIX_PATH}:/home/ngy/microros_ws/install/sensor_msgs_py:/opt/ros/foxy /usr/bin/cmake --install /home/ngy/micro_ros/build/micro_ros_setup
[1.323s] Level 1:colcon.colcon_core.environment:checking '/home/ngy/micro_ros/install/micro_ros_setup' for CMake module files
[1.324s] Level 1:colcon.colcon_core.environment:checking '/home/ngy/micro_ros/install/micro_ros_setup' for CMake config files
[1.324s] Level 1:colcon.colcon_core.shell:create_environment_hook('micro_ros_setup', 'cmake_prefix_path')
[1.325s] INFO:colcon.colcon_core.shell:Creating environment hook '/home/ngy/micro_ros/install/micro_ros_setup/share/micro_ros_setup/hook/cmake_prefix_path.ps1'
[1.326s] INFO:colcon.colcon_core.shell:Creating environment descriptor '/home/ngy/micro_ros/install/micro_ros_setup/share/micro_ros_setup/hook/cmake_prefix_path.dsv'
[1.326s] INFO:colcon.colcon_core.shell:Creating environment hook '/home/ngy/micro_ros/install/micro_ros_setup/share/micro_ros_setup/hook/cmake_prefix_path.sh'
[1.327s] Level 1:colcon.colcon_core.environment:checking '/home/ngy/micro_ros/install/micro_ros_setup/lib'
[1.327s] Level 1:colcon.colcon_core.environment:checking '/home/ngy/micro_ros/install/micro_ros_setup/bin'
[1.327s] Level 1:colcon.colcon_core.environment:checking '/home/ngy/micro_ros/install/micro_ros_setup/lib/pkgconfig/micro_ros_setup.pc'
[1.327s] Level 1:colcon.colcon_core.environment:checking '/home/ngy/micro_ros/install/micro_ros_setup/lib/python3.8/site-packages'
[1.327s] Level 1:colcon.colcon_core.environment:checking '/home/ngy/micro_ros/install/micro_ros_setup/bin'
[1.329s] INFO:colcon.colcon_core.shell:Creating package script '/home/ngy/micro_ros/install/micro_ros_setup/share/micro_ros_setup/package.ps1'
[1.329s] INFO:colcon.colcon_core.shell:Creating package descriptor '/home/ngy/micro_ros/install/micro_ros_setup/share/micro_ros_setup/package.dsv'
[1.330s] INFO:colcon.colcon_core.shell:Creating package script '/home/ngy/micro_ros/install/micro_ros_setup/share/micro_ros_setup/package.sh'
[1.330s] INFO:colcon.colcon_core.shell:Creating package script '/home/ngy/micro_ros/install/micro_ros_setup/share/micro_ros_setup/package.bash'
[1.331s] INFO:colcon.colcon_core.shell:Creating package script '/home/ngy/micro_ros/install/micro_ros_setup/share/micro_ros_setup/package.zsh'
[1.331s] Level 1:colcon.colcon_core.environment:create_file_with_runtime_dependencies(/home/ngy/micro_ros/install/micro_ros_setup/share/colcon-core/packages/micro_ros_setup)
[1.362s] Level 1:colcon.colcon_core.environment:create_environment_scripts_only(micro_ros_setup)
[1.364s] Level 1:colcon.colcon_core.environment:checking '/home/ngy/micro_ros/install/micro_ros_setup' for CMake module files
[1.364s] Level 1:colcon.colcon_core.environment:checking '/home/ngy/micro_ros/install/micro_ros_setup' for CMake config files
[1.364s] Level 1:colcon.colcon_core.shell:create_environment_hook('micro_ros_setup', 'cmake_prefix_path')
[1.366s] INFO:colcon.colcon_core.shell:Creating environment hook '/home/ngy/micro_ros/install/micro_ros_setup/share/micro_ros_setup/hook/cmake_prefix_path.ps1'
[1.366s] INFO:colcon.colcon_core.shell:Creating environment descriptor '/home/ngy/micro_ros/install/micro_ros_setup/share/micro_ros_setup/hook/cmake_prefix_path.dsv'
[1.366s] INFO:colcon.colcon_core.shell:Creating environment hook '/home/ngy/micro_ros/install/micro_ros_setup/share/micro_ros_setup/hook/cmake_prefix_path.sh'
[1.367s] Level 1:colcon.colcon_core.environment:checking '/home/ngy/micro_ros/install/micro_ros_setup/lib'
[1.367s] Level 1:colcon.colcon_core.environment:checking '/home/ngy/micro_ros/install/micro_ros_setup/bin'
[1.367s] Level 1:colcon.colcon_core.environment:checking '/home/ngy/micro_ros/install/micro_ros_setup/lib/pkgconfig/micro_ros_setup.pc'
[1.367s] Level 1:colcon.colcon_core.environment:checking '/home/ngy/micro_ros/install/micro_ros_setup/lib/python3.8/site-packages'
[1.367s] Level 1:colcon.colcon_core.environment:checking '/home/ngy/micro_ros/install/micro_ros_setup/bin'
[1.369s] INFO:colcon.colcon_core.shell:Creating package script '/home/ngy/micro_ros/install/micro_ros_setup/share/micro_ros_setup/package.ps1'
[1.369s] INFO:colcon.colcon_core.shell:Creating package descriptor '/home/ngy/micro_ros/install/micro_ros_setup/share/micro_ros_setup/package.dsv'
[1.370s] INFO:colcon.colcon_core.shell:Creating package script '/home/ngy/micro_ros/install/micro_ros_setup/share/micro_ros_setup/package.sh'
[1.370s] INFO:colcon.colcon_core.shell:Creating package script '/home/ngy/micro_ros/install/micro_ros_setup/share/micro_ros_setup/package.bash'
[1.370s] INFO:colcon.colcon_core.shell:Creating package script '/home/ngy/micro_ros/install/micro_ros_setup/share/micro_ros_setup/package.zsh'
[1.371s] Level 1:colcon.colcon_core.environment:create_file_with_runtime_dependencies(/home/ngy/micro_ros/install/micro_ros_setup/share/colcon-core/packages/micro_ros_setup)
[1.371s] DEBUG:colcon.colcon_parallel_executor.executor.parallel:closing loop
[1.371s] DEBUG:colcon.colcon_parallel_executor.executor.parallel:loop closed
[1.371s] DEBUG:colcon.colcon_parallel_executor.executor.parallel:run_until_complete finished with '0'
[1.371s] DEBUG:colcon.colcon_core.event_reactor:joining thread
[1.376s] INFO:colcon.colcon_core.plugin_system:Skipping extension 'colcon_notification.desktop_notification.terminal_notifier': Not used on non-Darwin systems
[1.376s] INFO:colcon.colcon_core.plugin_system:Skipping extension 'colcon_notification.desktop_notification.win32': Not used on non-Windows systems
[1.376s] INFO:colcon.colcon_notification.desktop_notification:Sending desktop notification using 'notify2'
[1.390s] DEBUG:colcon.colcon_core.event_reactor:joined thread
[1.392s] INFO:colcon.colcon_core.shell:Creating prefix script '/home/ngy/micro_ros/install/local_setup.ps1'
[1.393s] INFO:colcon.colcon_core.shell:Creating prefix util module '/home/ngy/micro_ros/install/_local_setup_util_ps1.py'
[1.394s] INFO:colcon.colcon_core.shell:Creating prefix chain script '/home/ngy/micro_ros/install/setup.ps1'
[1.395s] INFO:colcon.colcon_core.shell:Creating prefix script '/home/ngy/micro_ros/install/local_setup.sh'
[1.396s] INFO:colcon.colcon_core.shell:Creating prefix util module '/home/ngy/micro_ros/install/_local_setup_util_sh.py'
[1.396s] INFO:colcon.colcon_core.shell:Creating prefix chain script '/home/ngy/micro_ros/install/setup.sh'
[1.397s] INFO:colcon.colcon_core.shell:Creating prefix script '/home/ngy/micro_ros/install/local_setup.bash'
[1.398s] INFO:colcon.colcon_core.shell:Creating prefix chain script '/home/ngy/micro_ros/install/setup.bash'
[1.399s] INFO:colcon.colcon_core.shell:Creating prefix script '/home/ngy/micro_ros/install/local_setup.zsh'
[1.399s] INFO:colcon.colcon_core.shell:Creating prefix chain script '/home/ngy/micro_ros/install/setup.zsh'
