[0.071s] Invoking command in '/home/ngy/micro_ros/build/complex_msgs': AMENT_PREFIX_PATH=/home/ngy/micro_ros/install/builtin_interfaces:${AMENT_PREFIX_PATH} CMAKE_PREFIX_PATH=/home/ngy/micro_ros/install/builtin_interfaces:/home/ngy/micro_ros/install/rosidl_typesupport_microxrcedds_cpp:/home/ngy/micro_ros/install/rosidl_typesupport_microxrcedds_c:/home/ngy/micro_ros/install/microcdr:/home/ngy/micro_ros/install/micro_ros_msgs:/home/ngy/micro_ros/install/micro_ros_setup:/home/ngy/microros_ws/install/micro_ros_agent:/home/ngy/microros_ws/install/common_interfaces:/home/ngy/microros_ws/install/visualization_msgs:/home/ngy/microros_ws/install/test_msgs:/home/ngy/microros_ws/install/micro_ros_demos_rclc:/home/ngy/microros_ws/install/example_interfaces:/home/ngy/microros_ws/install/action_msgs:/home/ngy/microros_ws/install/unique_identifier_msgs:/home/ngy/microros_ws/install/trajectory_msgs:/home/ngy/microros_ws/install/stereo_msgs:/home/ngy/microros_ws/install/std_srvs:/home/ngy/microros_ws/install/shape_msgs:/home/ngy/microros_ws/install/sensor_msgs:/home/ngy/microros_ws/install/nav_msgs:/home/ngy/microros_ws/install/diagnostic_msgs:/home/ngy/microros_ws/install/geometry_msgs:/home/ngy/microros_ws/install/actionlib_msgs:/home/ngy/microros_ws/install/std_msgs:/home/ngy/microros_ws/install/statistics_msgs:/home/ngy/microros_ws/install/rosidl_typesupport_microxrcedds_test_msg:/home/ngy/microros_ws/install/rosidl_typesupport_microxrcedds_cpp_tests:/home/ngy/microros_ws/install/rmw_microxrcedds:/home/ngy/microros_ws/install/rosidl_typesupport_microxrcedds_cpp:/home/ngy/microros_ws/install/rosidl_typesupport_microxrcedds_c_tests:/home/ngy/microros_ws/install/rosidl_typesupport_microxrcedds_c:/home/ngy/microros_ws/install/rosgraph_msgs:/home/ngy/microros_ws/install/rclc_parameter:/home/ngy/microros_ws/install/rclc:/home/ngy/microros_ws/install/composition_interfaces:/home/ngy/microros_ws/install/rcl_interfaces:/home/ngy/microros_ws/install/microxrcedds_client:/home/ngy/microros_ws/install/microcdr:/home/ngy/microros_ws/install/micro_ros_msgs:/home/ngy/microros_ws/install/micro_ros_demos_rclcpp:/home/ngy/microros_ws/install/lifecycle_msgs:/home/ngy/microros_ws/install/complex_msgs:/home/ngy/microros_ws/install/builtin_interfaces:/home/ngy/microros_ws/install/micro_ros_setup:/home/ngy/microros_ws/install/sensor_msgs_py:/opt/ros/foxy LD_LIBRARY_PATH=/home/ngy/micro_ros/install/builtin_interfaces/lib:${LD_LIBRARY_PATH} PYTHONPATH=/home/ngy/micro_ros/install/builtin_interfaces/lib/python3.8/site-packages:${PYTHONPATH} /usr/bin/cmake /home/ngy/micro_ros/src/uros/micro-ROS-demos/messages/complex_msg -DBUILD_TESTING=OFF -DBUILD_SHARED_LIBS=ON -DCMAKE_INSTALL_PREFIX=/home/ngy/micro_ros/install/complex_msgs
[0.174s] -- The C compiler identification is GNU 9.4.0
[0.323s] -- The CXX compiler identification is GNU 9.4.0
[0.336s] -- Check for working C compiler: /usr/bin/cc
[0.606s] -- Check for working C compiler: /usr/bin/cc -- works
[0.608s] -- Detecting C compiler ABI info
[0.930s] -- Detecting C compiler ABI info - done
[0.961s] -- Detecting C compile features
[0.961s] -- Detecting C compile features - done
[0.966s] -- Check for working CXX compiler: /usr/bin/c++
[1.128s] -- Check for working CXX compiler: /usr/bin/c++ -- works
[1.130s] -- Detecting CXX compiler ABI info
[1.363s] -- Detecting CXX compiler ABI info - done
[1.395s] -- Detecting CXX compile features
[1.396s] -- Detecting CXX compile features - done
[1.413s] -- Found ament_cmake: 0.9.11 (/opt/ros/foxy/share/ament_cmake/cmake)
[1.534s] -- Found PythonInterp: /usr/bin/python3 (found suitable version "3.8.10", minimum required is "3") 
[1.535s] -- Using PYTHON_EXECUTABLE: /usr/bin/python3
[2.071s] -- Found builtin_interfaces: 1.0.0 (/home/ngy/micro_ros/install/builtin_interfaces/share/builtin_interfaces/cmake)
[2.119s] -- Using all available rosidl_typesupport_c: rosidl_typesupport_microxrcedds_c;rosidl_typesupport_fastrtps_c;rosidl_typesupport_introspection_c
[2.128s] -- Found rosidl_adapter: 1.3.0 (/opt/ros/foxy/share/rosidl_adapter/cmake)
[2.281s] -- Found OpenSSL: /usr/lib/x86_64-linux-gnu/libcrypto.so (found version "1.1.1f")  
[2.338s] -- Found FastRTPS: /opt/ros/foxy/include  
[2.439s] -- Using all available rosidl_typesupport_cpp: rosidl_typesupport_microxrcedds_cpp;rosidl_typesupport_fastrtps_cpp;rosidl_typesupport_introspection_cpp
[2.481s] -- Found rosidl_default_generators: 1.0.1 (/opt/ros/foxy/share/rosidl_default_generators/cmake)
[2.527s] -- Found PythonInterp: /usr/bin/python3 (found version "3.8.10") 
[2.695s] -- Found ament_cmake_ros: 0.9.2 (/opt/ros/foxy/share/ament_cmake_ros/cmake)
[2.860s] -- Using all available rosidl_typesupport_c: rosidl_typesupport_microxrcedds_c;rosidl_typesupport_fastrtps_c;rosidl_typesupport_introspection_c
[2.885s] -- Using all available rosidl_typesupport_cpp: rosidl_typesupport_microxrcedds_cpp;rosidl_typesupport_fastrtps_cpp;rosidl_typesupport_introspection_cpp
[2.915s] -- Found PythonInterp: /usr/bin/python3 (found suitable version "3.8.10", minimum required is "3.5") 
[2.917s] -- Found python_cmake_module: 0.8.1 (/opt/ros/foxy/share/python_cmake_module/cmake)
[2.951s] -- Found PythonLibs: /usr/lib/x86_64-linux-gnu/libpython3.8.so (found suitable version "3.8.10", minimum required is "3.5") 
[2.952s] -- Using PYTHON_EXECUTABLE: /usr/bin/python3
[2.952s] -- Using PYTHON_INCLUDE_DIRS: /usr/include/python3.8
[2.952s] -- Using PYTHON_LIBRARIES: /usr/lib/x86_64-linux-gnu/libpython3.8.so
[2.978s] -- Found PythonExtra: .so  
[3.096s] -- Configuring done
[3.182s] -- Generating done
[3.187s] -- Build files have been written to: /home/ngy/micro_ros/build/complex_msgs
[3.201s] Invoked command in '/home/ngy/micro_ros/build/complex_msgs' returned '0': AMENT_PREFIX_PATH=/home/ngy/micro_ros/install/builtin_interfaces:${AMENT_PREFIX_PATH} CMAKE_PREFIX_PATH=/home/ngy/micro_ros/install/builtin_interfaces:/home/ngy/micro_ros/install/rosidl_typesupport_microxrcedds_cpp:/home/ngy/micro_ros/install/rosidl_typesupport_microxrcedds_c:/home/ngy/micro_ros/install/microcdr:/home/ngy/micro_ros/install/micro_ros_msgs:/home/ngy/micro_ros/install/micro_ros_setup:/home/ngy/microros_ws/install/micro_ros_agent:/home/ngy/microros_ws/install/common_interfaces:/home/ngy/microros_ws/install/visualization_msgs:/home/ngy/microros_ws/install/test_msgs:/home/ngy/microros_ws/install/micro_ros_demos_rclc:/home/ngy/microros_ws/install/example_interfaces:/home/ngy/microros_ws/install/action_msgs:/home/ngy/microros_ws/install/unique_identifier_msgs:/home/ngy/microros_ws/install/trajectory_msgs:/home/ngy/microros_ws/install/stereo_msgs:/home/ngy/microros_ws/install/std_srvs:/home/ngy/microros_ws/install/shape_msgs:/home/ngy/microros_ws/install/sensor_msgs:/home/ngy/microros_ws/install/nav_msgs:/home/ngy/microros_ws/install/diagnostic_msgs:/home/ngy/microros_ws/install/geometry_msgs:/home/ngy/microros_ws/install/actionlib_msgs:/home/ngy/microros_ws/install/std_msgs:/home/ngy/microros_ws/install/statistics_msgs:/home/ngy/microros_ws/install/rosidl_typesupport_microxrcedds_test_msg:/home/ngy/microros_ws/install/rosidl_typesupport_microxrcedds_cpp_tests:/home/ngy/microros_ws/install/rmw_microxrcedds:/home/ngy/microros_ws/install/rosidl_typesupport_microxrcedds_cpp:/home/ngy/microros_ws/install/rosidl_typesupport_microxrcedds_c_tests:/home/ngy/microros_ws/install/rosidl_typesupport_microxrcedds_c:/home/ngy/microros_ws/install/rosgraph_msgs:/home/ngy/microros_ws/install/rclc_parameter:/home/ngy/microros_ws/install/rclc:/home/ngy/microros_ws/install/composition_interfaces:/home/ngy/microros_ws/install/rcl_interfaces:/home/ngy/microros_ws/install/microxrcedds_client:/home/ngy/microros_ws/install/microcdr:/home/ngy/microros_ws/install/micro_ros_msgs:/home/ngy/microros_ws/install/micro_ros_demos_rclcpp:/home/ngy/microros_ws/install/lifecycle_msgs:/home/ngy/microros_ws/install/complex_msgs:/home/ngy/microros_ws/install/builtin_interfaces:/home/ngy/microros_ws/install/micro_ros_setup:/home/ngy/microros_ws/install/sensor_msgs_py:/opt/ros/foxy LD_LIBRARY_PATH=/home/ngy/micro_ros/install/builtin_interfaces/lib:${LD_LIBRARY_PATH} PYTHONPATH=/home/ngy/micro_ros/install/builtin_interfaces/lib/python3.8/site-packages:${PYTHONPATH} /usr/bin/cmake /home/ngy/micro_ros/src/uros/micro-ROS-demos/messages/complex_msg -DBUILD_TESTING=OFF -DBUILD_SHARED_LIBS=ON -DCMAKE_INSTALL_PREFIX=/home/ngy/micro_ros/install/complex_msgs
[3.202s] Invoking command in '/home/ngy/micro_ros/build/complex_msgs': AMENT_PREFIX_PATH=/home/ngy/micro_ros/install/builtin_interfaces:${AMENT_PREFIX_PATH} CMAKE_PREFIX_PATH=/home/ngy/micro_ros/install/builtin_interfaces:/home/ngy/micro_ros/install/rosidl_typesupport_microxrcedds_cpp:/home/ngy/micro_ros/install/rosidl_typesupport_microxrcedds_c:/home/ngy/micro_ros/install/microcdr:/home/ngy/micro_ros/install/micro_ros_msgs:/home/ngy/micro_ros/install/micro_ros_setup:/home/ngy/microros_ws/install/micro_ros_agent:/home/ngy/microros_ws/install/common_interfaces:/home/ngy/microros_ws/install/visualization_msgs:/home/ngy/microros_ws/install/test_msgs:/home/ngy/microros_ws/install/micro_ros_demos_rclc:/home/ngy/microros_ws/install/example_interfaces:/home/ngy/microros_ws/install/action_msgs:/home/ngy/microros_ws/install/unique_identifier_msgs:/home/ngy/microros_ws/install/trajectory_msgs:/home/ngy/microros_ws/install/stereo_msgs:/home/ngy/microros_ws/install/std_srvs:/home/ngy/microros_ws/install/shape_msgs:/home/ngy/microros_ws/install/sensor_msgs:/home/ngy/microros_ws/install/nav_msgs:/home/ngy/microros_ws/install/diagnostic_msgs:/home/ngy/microros_ws/install/geometry_msgs:/home/ngy/microros_ws/install/actionlib_msgs:/home/ngy/microros_ws/install/std_msgs:/home/ngy/microros_ws/install/statistics_msgs:/home/ngy/microros_ws/install/rosidl_typesupport_microxrcedds_test_msg:/home/ngy/microros_ws/install/rosidl_typesupport_microxrcedds_cpp_tests:/home/ngy/microros_ws/install/rmw_microxrcedds:/home/ngy/microros_ws/install/rosidl_typesupport_microxrcedds_cpp:/home/ngy/microros_ws/install/rosidl_typesupport_microxrcedds_c_tests:/home/ngy/microros_ws/install/rosidl_typesupport_microxrcedds_c:/home/ngy/microros_ws/install/rosgraph_msgs:/home/ngy/microros_ws/install/rclc_parameter:/home/ngy/microros_ws/install/rclc:/home/ngy/microros_ws/install/composition_interfaces:/home/ngy/microros_ws/install/rcl_interfaces:/home/ngy/microros_ws/install/microxrcedds_client:/home/ngy/microros_ws/install/microcdr:/home/ngy/microros_ws/install/micro_ros_msgs:/home/ngy/microros_ws/install/micro_ros_demos_rclcpp:/home/ngy/microros_ws/install/lifecycle_msgs:/home/ngy/microros_ws/install/complex_msgs:/home/ngy/microros_ws/install/builtin_interfaces:/home/ngy/microros_ws/install/micro_ros_setup:/home/ngy/microros_ws/install/sensor_msgs_py:/opt/ros/foxy LD_LIBRARY_PATH=/home/ngy/micro_ros/install/builtin_interfaces/lib:${LD_LIBRARY_PATH} PYTHONPATH=/home/ngy/micro_ros/install/builtin_interfaces/lib/python3.8/site-packages:${PYTHONPATH} /usr/bin/cmake --build /home/ngy/micro_ros/build/complex_msgs -- -j12 -l12
[3.295s] [35m[1mScanning dependencies of target complex_msgs__cpp[0m
[3.318s] [  2%] [34m[1mGenerating C++ code for ROS interfaces[0m
[3.325s] [  4%] [34m[1mGenerating C code for ROS interfaces[0m
[4.001s] [  4%] Built target complex_msgs__cpp
[4.032s] [35m[1mScanning dependencies of target complex_msgs__rosidl_generator_c[0m
[4.061s] [  6%] [34m[1mGenerating C++ type support for eProsima Fast-RTPS[0m
[4.087s] [  8%] [34m[1mGenerating C++ type support dispatch for ROS interfaces[0m
[4.102s] [ 10%] [34m[1mGenerating C++ introspection for ROS interfaces[0m
[4.112s] [ 12%] [34m[1mGenerating C++ type support for eProsima Micro XRCE-DDS[0m
[4.144s] [ 14%] [32mBuilding C object CMakeFiles/complex_msgs__rosidl_generator_c.dir/rosidl_generator_c/complex_msgs/msg/detail/multi_string_test__functions.c.o[0m
[4.180s] [ 16%] [32mBuilding C object CMakeFiles/complex_msgs__rosidl_generator_c.dir/rosidl_generator_c/complex_msgs/msg/detail/nested_msg_test__functions.c.o[0m
[4.426s] [ 18%] [32m[1mLinking C shared library libcomplex_msgs__rosidl_generator_c.so[0m
[4.633s] [ 18%] Built target complex_msgs__rosidl_generator_c
[4.687s] [35m[1mScanning dependencies of target complex_msgs__rosidl_typesupport_cpp[0m
[4.731s] [ 20%] [34m[1mGenerating C type support for eProsima Micro XRCE-DDS[0m
[4.762s] [ 22%] [34m[1mGenerating C introspection for ROS interfaces[0m
[4.768s] [ 24%] [34m[1mGenerating C type support dispatch for ROS interfaces[0m
[4.793s] [ 26%] [32mBuilding CXX object CMakeFiles/complex_msgs__rosidl_typesupport_cpp.dir/rosidl_typesupport_cpp/complex_msgs/msg/multi_string_test__type_support.cpp.o[0m
[4.834s] [ 28%] [32mBuilding CXX object CMakeFiles/complex_msgs__rosidl_typesupport_cpp.dir/rosidl_typesupport_cpp/complex_msgs/msg/nested_msg_test__type_support.cpp.o[0m
[5.129s] [35m[1mScanning dependencies of target complex_msgs__rosidl_typesupport_fastrtps_cpp[0m
[5.231s] [ 30%] [32mBuilding CXX object CMakeFiles/complex_msgs__rosidl_typesupport_fastrtps_cpp.dir/rosidl_typesupport_fastrtps_cpp/complex_msgs/msg/detail/dds_fastrtps/multi_string_test__type_support.cpp.o[0m
[5.252s] [ 32%] [32mBuilding CXX object CMakeFiles/complex_msgs__rosidl_typesupport_fastrtps_cpp.dir/rosidl_typesupport_fastrtps_cpp/complex_msgs/msg/detail/dds_fastrtps/nested_msg_test__type_support.cpp.o[0m
[5.380s] [35m[1mScanning dependencies of target complex_msgs__rosidl_typesupport_microxrcedds_cpp[0m
[5.459s] [35m[1mScanning dependencies of target complex_msgs__rosidl_typesupport_introspection_cpp[0m
[5.461s] [ 34%] [32mBuilding CXX object CMakeFiles/complex_msgs__rosidl_typesupport_microxrcedds_cpp.dir/rosidl_typesupport_microxrcedds_cpp/complex_msgs/msg/detail/microxrcedds/multi_string_test__type_support_cpp.cpp.o[0m
[5.482s] [ 36%] [32mBuilding CXX object CMakeFiles/complex_msgs__rosidl_typesupport_microxrcedds_cpp.dir/rosidl_typesupport_microxrcedds_cpp/complex_msgs/msg/detail/microxrcedds/nested_msg_test__type_support_cpp.cpp.o[0m
[5.548s] [ 38%] [32mBuilding CXX object CMakeFiles/complex_msgs__rosidl_typesupport_introspection_cpp.dir/rosidl_typesupport_introspection_cpp/complex_msgs/msg/detail/multi_string_test__type_support.cpp.o[0m
[5.572s] [ 40%] [32mBuilding CXX object CMakeFiles/complex_msgs__rosidl_typesupport_introspection_cpp.dir/rosidl_typesupport_introspection_cpp/complex_msgs/msg/detail/nested_msg_test__type_support.cpp.o[0m
[5.731s] [35m[1mScanning dependencies of target complex_msgs__rosidl_typesupport_c[0m
[5.848s] [ 42%] [32mBuilding CXX object CMakeFiles/complex_msgs__rosidl_typesupport_c.dir/rosidl_typesupport_c/complex_msgs/msg/multi_string_test__type_support.cpp.o[0m
[5.877s] [ 44%] [32mBuilding CXX object CMakeFiles/complex_msgs__rosidl_typesupport_c.dir/rosidl_typesupport_c/complex_msgs/msg/nested_msg_test__type_support.cpp.o[0m
[6.056s] [ 46%] [32m[1mLinking CXX shared library libcomplex_msgs__rosidl_typesupport_c.so[0m
[6.306s] [ 46%] Built target complex_msgs__rosidl_typesupport_c
[6.392s] [35m[1mScanning dependencies of target complex_msgs__rosidl_typesupport_introspection_c[0m
[6.537s] [ 48%] [32mBuilding C object CMakeFiles/complex_msgs__rosidl_typesupport_introspection_c.dir/rosidl_typesupport_introspection_c/complex_msgs/msg/detail/multi_string_test__type_support.c.o[0m
[6.538s] [ 51%] [32mBuilding C object CMakeFiles/complex_msgs__rosidl_typesupport_introspection_c.dir/rosidl_typesupport_introspection_c/complex_msgs/msg/detail/nested_msg_test__type_support.c.o[0m
[6.574s] [35m[1mScanning dependencies of target complex_msgs__rosidl_typesupport_microxrcedds_c[0m
[6.647s] [ 53%] [32m[1mLinking CXX shared library libcomplex_msgs__rosidl_typesupport_cpp.so[0m
[6.715s] [ 55%] [32mBuilding C object CMakeFiles/complex_msgs__rosidl_typesupport_microxrcedds_c.dir/rosidl_typesupport_microxrcedds_c/complex_msgs/msg/detail/microxrcedds/nested_msg_test__type_support_c.c.o[0m
[6.732s] [ 57%] [32mBuilding C object CMakeFiles/complex_msgs__rosidl_typesupport_microxrcedds_c.dir/rosidl_typesupport_microxrcedds_c/complex_msgs/msg/detail/microxrcedds/multi_string_test__type_support_c.c.o[0m
[6.874s] [ 59%] [32m[1mLinking C shared library libcomplex_msgs__rosidl_typesupport_introspection_c.so[0m
[6.958s] [ 59%] Built target complex_msgs__rosidl_typesupport_cpp
[7.106s] [ 61%] [32m[1mLinking C shared library libcomplex_msgs__rosidl_typesupport_microxrcedds_c.so[0m
[7.166s] [ 61%] Built target complex_msgs__rosidl_typesupport_introspection_c
[7.467s] [ 61%] Built target complex_msgs__rosidl_typesupport_microxrcedds_c
[7.678s] [ 63%] [32m[1mLinking CXX shared library libcomplex_msgs__rosidl_typesupport_introspection_cpp.so[0m
[7.942s] [ 65%] [32m[1mLinking CXX shared library libcomplex_msgs__rosidl_typesupport_microxrcedds_cpp.so[0m
[7.965s] [ 67%] [32m[1mLinking CXX shared library libcomplex_msgs__rosidl_typesupport_fastrtps_cpp.so[0m
[8.339s] [ 67%] Built target complex_msgs__rosidl_typesupport_introspection_cpp
[8.846s] [ 67%] Built target complex_msgs__rosidl_typesupport_microxrcedds_cpp
[8.899s] [ 67%] Built target complex_msgs__rosidl_typesupport_fastrtps_cpp
[8.992s] [ 69%] [34m[1mGenerating C type support for eProsima Fast-RTPS[0m
[10.449s] [35m[1mScanning dependencies of target complex_msgs__rosidl_typesupport_fastrtps_c[0m
[10.562s] [ 71%] [32mBuilding CXX object CMakeFiles/complex_msgs__rosidl_typesupport_fastrtps_c.dir/rosidl_typesupport_fastrtps_c/complex_msgs/msg/detail/multi_string_test__type_support_c.cpp.o[0m
[10.573s] [ 73%] [32mBuilding CXX object CMakeFiles/complex_msgs__rosidl_typesupport_fastrtps_c.dir/rosidl_typesupport_fastrtps_c/complex_msgs/msg/detail/nested_msg_test__type_support_c.cpp.o[0m
[12.462s] [ 75%] [32m[1mLinking CXX shared library libcomplex_msgs__rosidl_typesupport_fastrtps_c.so[0m
[12.701s] [ 75%] Built target complex_msgs__rosidl_typesupport_fastrtps_c
[12.771s] [35m[1mScanning dependencies of target complex_msgs[0m
[12.841s] [ 75%] Built target complex_msgs
[12.879s] [35m[1mScanning dependencies of target complex_msgs__py[0m
[12.926s] [ 77%] [34m[1mGenerating Python code for ROS interfaces[0m
[15.053s] [ 77%] Built target complex_msgs__py
[15.252s] [35m[1mScanning dependencies of target complex_msgs__python[0m
[15.297s] [ 79%] [32mBuilding C object CMakeFiles/complex_msgs__python.dir/rosidl_generator_py/complex_msgs/msg/_nested_msg_test_s.c.o[0m
[15.301s] [ 81%] [32mBuilding C object CMakeFiles/complex_msgs__python.dir/rosidl_generator_py/complex_msgs/msg/_multi_string_test_s.c.o[0m
[16.157s] [ 83%] [32m[1mLinking C shared library rosidl_generator_py/complex_msgs/libcomplex_msgs__python.so[0m
[16.488s] [ 83%] Built target complex_msgs__python
[16.574s] [35m[1mScanning dependencies of target complex_msgs__rosidl_typesupport_c__pyext[0m
[16.599s] [35m[1mScanning dependencies of target complex_msgs__rosidl_typesupport_fastrtps_c__pyext[0m
[16.646s] [35m[1mScanning dependencies of target complex_msgs__rosidl_typesupport_introspection_c__pyext[0m
[16.646s] [35m[1mScanning dependencies of target complex_msgs__rosidl_typesupport_microxrcedds_c__pyext[0m
[16.679s] [ 85%] [32mBuilding C object CMakeFiles/complex_msgs__rosidl_typesupport_c__pyext.dir/rosidl_generator_py/complex_msgs/_complex_msgs_s.ep.rosidl_typesupport_c.c.o[0m
[16.761s] [ 87%] [32mBuilding C object CMakeFiles/complex_msgs__rosidl_typesupport_fastrtps_c__pyext.dir/rosidl_generator_py/complex_msgs/_complex_msgs_s.ep.rosidl_typesupport_fastrtps_c.c.o[0m
[16.824s] [ 89%] [32mBuilding C object CMakeFiles/complex_msgs__rosidl_typesupport_microxrcedds_c__pyext.dir/rosidl_generator_py/complex_msgs/_complex_msgs_s.ep.rosidl_typesupport_microxrcedds_c.c.o[0m
[16.835s] [ 91%] [32mBuilding C object CMakeFiles/complex_msgs__rosidl_typesupport_introspection_c__pyext.dir/rosidl_generator_py/complex_msgs/_complex_msgs_s.ep.rosidl_typesupport_introspection_c.c.o[0m
[17.014s] [ 93%] [32m[1mLinking C shared library rosidl_generator_py/complex_msgs/complex_msgs_s__rosidl_typesupport_c.cpython-38-x86_64-linux-gnu.so[0m
[17.267s] [ 93%] Built target complex_msgs__rosidl_typesupport_c__pyext
[17.324s] [ 95%] [32m[1mLinking C shared library rosidl_generator_py/complex_msgs/complex_msgs_s__rosidl_typesupport_introspection_c.cpython-38-x86_64-linux-gnu.so[0m
[17.416s] [ 97%] [32m[1mLinking C shared library rosidl_generator_py/complex_msgs/complex_msgs_s__rosidl_typesupport_microxrcedds_c.cpython-38-x86_64-linux-gnu.so[0m
[17.454s] [100%] [32m[1mLinking CXX shared library rosidl_generator_py/complex_msgs/complex_msgs_s__rosidl_typesupport_fastrtps_c.cpython-38-x86_64-linux-gnu.so[0m
[17.543s] [100%] Built target complex_msgs__rosidl_typesupport_introspection_c__pyext
[17.715s] [100%] Built target complex_msgs__rosidl_typesupport_microxrcedds_c__pyext
[17.775s] [100%] Built target complex_msgs__rosidl_typesupport_fastrtps_c__pyext
[17.836s] Invoked command in '/home/ngy/micro_ros/build/complex_msgs' returned '0': AMENT_PREFIX_PATH=/home/ngy/micro_ros/install/builtin_interfaces:${AMENT_PREFIX_PATH} CMAKE_PREFIX_PATH=/home/ngy/micro_ros/install/builtin_interfaces:/home/ngy/micro_ros/install/rosidl_typesupport_microxrcedds_cpp:/home/ngy/micro_ros/install/rosidl_typesupport_microxrcedds_c:/home/ngy/micro_ros/install/microcdr:/home/ngy/micro_ros/install/micro_ros_msgs:/home/ngy/micro_ros/install/micro_ros_setup:/home/ngy/microros_ws/install/micro_ros_agent:/home/ngy/microros_ws/install/common_interfaces:/home/ngy/microros_ws/install/visualization_msgs:/home/ngy/microros_ws/install/test_msgs:/home/ngy/microros_ws/install/micro_ros_demos_rclc:/home/ngy/microros_ws/install/example_interfaces:/home/ngy/microros_ws/install/action_msgs:/home/ngy/microros_ws/install/unique_identifier_msgs:/home/ngy/microros_ws/install/trajectory_msgs:/home/ngy/microros_ws/install/stereo_msgs:/home/ngy/microros_ws/install/std_srvs:/home/ngy/microros_ws/install/shape_msgs:/home/ngy/microros_ws/install/sensor_msgs:/home/ngy/microros_ws/install/nav_msgs:/home/ngy/microros_ws/install/diagnostic_msgs:/home/ngy/microros_ws/install/geometry_msgs:/home/ngy/microros_ws/install/actionlib_msgs:/home/ngy/microros_ws/install/std_msgs:/home/ngy/microros_ws/install/statistics_msgs:/home/ngy/microros_ws/install/rosidl_typesupport_microxrcedds_test_msg:/home/ngy/microros_ws/install/rosidl_typesupport_microxrcedds_cpp_tests:/home/ngy/microros_ws/install/rmw_microxrcedds:/home/ngy/microros_ws/install/rosidl_typesupport_microxrcedds_cpp:/home/ngy/microros_ws/install/rosidl_typesupport_microxrcedds_c_tests:/home/ngy/microros_ws/install/rosidl_typesupport_microxrcedds_c:/home/ngy/microros_ws/install/rosgraph_msgs:/home/ngy/microros_ws/install/rclc_parameter:/home/ngy/microros_ws/install/rclc:/home/ngy/microros_ws/install/composition_interfaces:/home/ngy/microros_ws/install/rcl_interfaces:/home/ngy/microros_ws/install/microxrcedds_client:/home/ngy/microros_ws/install/microcdr:/home/ngy/microros_ws/install/micro_ros_msgs:/home/ngy/microros_ws/install/micro_ros_demos_rclcpp:/home/ngy/microros_ws/install/lifecycle_msgs:/home/ngy/microros_ws/install/complex_msgs:/home/ngy/microros_ws/install/builtin_interfaces:/home/ngy/microros_ws/install/micro_ros_setup:/home/ngy/microros_ws/install/sensor_msgs_py:/opt/ros/foxy LD_LIBRARY_PATH=/home/ngy/micro_ros/install/builtin_interfaces/lib:${LD_LIBRARY_PATH} PYTHONPATH=/home/ngy/micro_ros/install/builtin_interfaces/lib/python3.8/site-packages:${PYTHONPATH} /usr/bin/cmake --build /home/ngy/micro_ros/build/complex_msgs -- -j12 -l12
[19.818s] Invoking command in '/home/ngy/micro_ros/build/complex_msgs': AMENT_PREFIX_PATH=/home/ngy/micro_ros/install/builtin_interfaces:${AMENT_PREFIX_PATH} CMAKE_PREFIX_PATH=/home/ngy/micro_ros/install/builtin_interfaces:/home/ngy/micro_ros/install/rosidl_typesupport_microxrcedds_cpp:/home/ngy/micro_ros/install/rosidl_typesupport_microxrcedds_c:/home/ngy/micro_ros/install/microcdr:/home/ngy/micro_ros/install/micro_ros_msgs:/home/ngy/micro_ros/install/micro_ros_setup:/home/ngy/microros_ws/install/micro_ros_agent:/home/ngy/microros_ws/install/common_interfaces:/home/ngy/microros_ws/install/visualization_msgs:/home/ngy/microros_ws/install/test_msgs:/home/ngy/microros_ws/install/micro_ros_demos_rclc:/home/ngy/microros_ws/install/example_interfaces:/home/ngy/microros_ws/install/action_msgs:/home/ngy/microros_ws/install/unique_identifier_msgs:/home/ngy/microros_ws/install/trajectory_msgs:/home/ngy/microros_ws/install/stereo_msgs:/home/ngy/microros_ws/install/std_srvs:/home/ngy/microros_ws/install/shape_msgs:/home/ngy/microros_ws/install/sensor_msgs:/home/ngy/microros_ws/install/nav_msgs:/home/ngy/microros_ws/install/diagnostic_msgs:/home/ngy/microros_ws/install/geometry_msgs:/home/ngy/microros_ws/install/actionlib_msgs:/home/ngy/microros_ws/install/std_msgs:/home/ngy/microros_ws/install/statistics_msgs:/home/ngy/microros_ws/install/rosidl_typesupport_microxrcedds_test_msg:/home/ngy/microros_ws/install/rosidl_typesupport_microxrcedds_cpp_tests:/home/ngy/microros_ws/install/rmw_microxrcedds:/home/ngy/microros_ws/install/rosidl_typesupport_microxrcedds_cpp:/home/ngy/microros_ws/install/rosidl_typesupport_microxrcedds_c_tests:/home/ngy/microros_ws/install/rosidl_typesupport_microxrcedds_c:/home/ngy/microros_ws/install/rosgraph_msgs:/home/ngy/microros_ws/install/rclc_parameter:/home/ngy/microros_ws/install/rclc:/home/ngy/microros_ws/install/composition_interfaces:/home/ngy/microros_ws/install/rcl_interfaces:/home/ngy/microros_ws/install/microxrcedds_client:/home/ngy/microros_ws/install/microcdr:/home/ngy/microros_ws/install/micro_ros_msgs:/home/ngy/microros_ws/install/micro_ros_demos_rclcpp:/home/ngy/microros_ws/install/lifecycle_msgs:/home/ngy/microros_ws/install/complex_msgs:/home/ngy/microros_ws/install/builtin_interfaces:/home/ngy/microros_ws/install/micro_ros_setup:/home/ngy/microros_ws/install/sensor_msgs_py:/opt/ros/foxy LD_LIBRARY_PATH=/home/ngy/micro_ros/install/builtin_interfaces/lib:${LD_LIBRARY_PATH} PYTHONPATH=/home/ngy/micro_ros/install/builtin_interfaces/lib/python3.8/site-packages:${PYTHONPATH} /usr/bin/cmake --install /home/ngy/micro_ros/build/complex_msgs
[19.860s] -- Install configuration: ""
[19.861s] -- Installing: /home/ngy/micro_ros/install/complex_msgs/share/ament_index/resource_index/rosidl_interfaces/complex_msgs
[19.861s] -- Installing: /home/ngy/micro_ros/install/complex_msgs/include/complex_msgs
[19.861s] -- Installing: /home/ngy/micro_ros/install/complex_msgs/include/complex_msgs/msg
[19.862s] -- Installing: /home/ngy/micro_ros/install/complex_msgs/include/complex_msgs/msg/multi_string_test.h
[19.862s] -- Installing: /home/ngy/micro_ros/install/complex_msgs/include/complex_msgs/msg/detail
[19.862s] -- Installing: /home/ngy/micro_ros/install/complex_msgs/include/complex_msgs/msg/detail/nested_msg_test__struct.h
[19.862s] -- Installing: /home/ngy/micro_ros/install/complex_msgs/include/complex_msgs/msg/detail/nested_msg_test__functions.h
[19.863s] -- Installing: /home/ngy/micro_ros/install/complex_msgs/include/complex_msgs/msg/detail/nested_msg_test__type_support.h
[19.863s] -- Installing: /home/ngy/micro_ros/install/complex_msgs/include/complex_msgs/msg/detail/nested_msg_test__functions.c
[19.863s] -- Installing: /home/ngy/micro_ros/install/complex_msgs/include/complex_msgs/msg/detail/multi_string_test__functions.c
[19.864s] -- Installing: /home/ngy/micro_ros/install/complex_msgs/include/complex_msgs/msg/detail/multi_string_test__struct.h
[19.864s] -- Installing: /home/ngy/micro_ros/install/complex_msgs/include/complex_msgs/msg/detail/multi_string_test__functions.h
[19.864s] -- Installing: /home/ngy/micro_ros/install/complex_msgs/include/complex_msgs/msg/detail/multi_string_test__type_support.h
[19.864s] -- Installing: /home/ngy/micro_ros/install/complex_msgs/include/complex_msgs/msg/nested_msg_test.h
[19.865s] -- Installing: /home/ngy/micro_ros/install/complex_msgs/include/complex_msgs/msg/rosidl_generator_c__visibility_control.h
[19.865s] -- Installing: /home/ngy/micro_ros/install/complex_msgs/share/complex_msgs/environment/library_path.sh
[19.865s] -- Installing: /home/ngy/micro_ros/install/complex_msgs/share/complex_msgs/environment/library_path.dsv
[19.865s] -- Installing: /home/ngy/micro_ros/install/complex_msgs/lib/libcomplex_msgs__rosidl_generator_c.so
[19.866s] -- Set runtime path of "/home/ngy/micro_ros/install/complex_msgs/lib/libcomplex_msgs__rosidl_generator_c.so" to ""
[19.867s] -- Up-to-date: /home/ngy/micro_ros/install/complex_msgs/include/complex_msgs
[19.867s] -- Up-to-date: /home/ngy/micro_ros/install/complex_msgs/include/complex_msgs/msg
[19.867s] -- Up-to-date: /home/ngy/micro_ros/install/complex_msgs/include/complex_msgs/msg/detail
[19.868s] -- Installing: /home/ngy/micro_ros/install/complex_msgs/include/complex_msgs/msg/detail/microxrcedds
[19.868s] -- Installing: /home/ngy/micro_ros/install/complex_msgs/include/complex_msgs/msg/detail/nested_msg_test__rosidl_typesupport_microxrcedds_c.h
[19.868s] -- Installing: /home/ngy/micro_ros/install/complex_msgs/include/complex_msgs/msg/detail/multi_string_test__rosidl_typesupport_microxrcedds_c.h
[19.868s] -- Installing: /home/ngy/micro_ros/install/complex_msgs/include/complex_msgs/msg/rosidl_typesupport_microxrcedds_c__visibility_control.h
[19.868s] -- Installing: /home/ngy/micro_ros/install/complex_msgs/lib/libcomplex_msgs__rosidl_typesupport_microxrcedds_c.so
[19.869s] -- Set runtime path of "/home/ngy/micro_ros/install/complex_msgs/lib/libcomplex_msgs__rosidl_typesupport_microxrcedds_c.so" to ""
[19.869s] -- Up-to-date: /home/ngy/micro_ros/install/complex_msgs/include/complex_msgs
[19.870s] -- Up-to-date: /home/ngy/micro_ros/install/complex_msgs/include/complex_msgs/msg
[19.870s] -- Up-to-date: /home/ngy/micro_ros/install/complex_msgs/include/complex_msgs/msg/detail
[19.870s] -- Installing: /home/ngy/micro_ros/install/complex_msgs/include/complex_msgs/msg/detail/multi_string_test__rosidl_typesupport_fastrtps_c.h
[19.870s] -- Installing: /home/ngy/micro_ros/install/complex_msgs/include/complex_msgs/msg/detail/nested_msg_test__rosidl_typesupport_fastrtps_c.h
[19.870s] -- Installing: /home/ngy/micro_ros/install/complex_msgs/include/complex_msgs/msg/rosidl_typesupport_fastrtps_c__visibility_control.h
[19.871s] -- Installing: /home/ngy/micro_ros/install/complex_msgs/lib/libcomplex_msgs__rosidl_typesupport_fastrtps_c.so
[19.871s] -- Set runtime path of "/home/ngy/micro_ros/install/complex_msgs/lib/libcomplex_msgs__rosidl_typesupport_fastrtps_c.so" to ""
[19.871s] -- Up-to-date: /home/ngy/micro_ros/install/complex_msgs/include/complex_msgs
[19.872s] -- Up-to-date: /home/ngy/micro_ros/install/complex_msgs/include/complex_msgs/msg
[19.872s] -- Installing: /home/ngy/micro_ros/install/complex_msgs/include/complex_msgs/msg/rosidl_typesupport_fastrtps_cpp__visibility_control.h
[19.872s] -- Up-to-date: /home/ngy/micro_ros/install/complex_msgs/include/complex_msgs/msg/detail
[19.873s] -- Installing: /home/ngy/micro_ros/install/complex_msgs/include/complex_msgs/msg/detail/multi_string_test__rosidl_typesupport_fastrtps_cpp.hpp
[19.873s] -- Installing: /home/ngy/micro_ros/install/complex_msgs/include/complex_msgs/msg/detail/dds_fastrtps
[19.873s] -- Installing: /home/ngy/micro_ros/install/complex_msgs/include/complex_msgs/msg/detail/nested_msg_test__rosidl_typesupport_fastrtps_cpp.hpp
[19.873s] -- Installing: /home/ngy/micro_ros/install/complex_msgs/lib/libcomplex_msgs__rosidl_typesupport_fastrtps_cpp.so
[19.874s] -- Set runtime path of "/home/ngy/micro_ros/install/complex_msgs/lib/libcomplex_msgs__rosidl_typesupport_fastrtps_cpp.so" to ""
[19.874s] -- Up-to-date: /home/ngy/micro_ros/install/complex_msgs/include/complex_msgs
[19.874s] -- Up-to-date: /home/ngy/micro_ros/install/complex_msgs/include/complex_msgs/msg
[19.875s] -- Installing: /home/ngy/micro_ros/install/complex_msgs/include/complex_msgs/msg/rosidl_typesupport_introspection_c__visibility_control.h
[19.875s] -- Up-to-date: /home/ngy/micro_ros/install/complex_msgs/include/complex_msgs/msg/detail
[19.875s] -- Installing: /home/ngy/micro_ros/install/complex_msgs/include/complex_msgs/msg/detail/multi_string_test__rosidl_typesupport_introspection_c.h
[19.876s] -- Installing: /home/ngy/micro_ros/install/complex_msgs/include/complex_msgs/msg/detail/nested_msg_test__rosidl_typesupport_introspection_c.h
[19.876s] -- Installing: /home/ngy/micro_ros/install/complex_msgs/include/complex_msgs/msg/detail/multi_string_test__type_support.c
[19.876s] -- Installing: /home/ngy/micro_ros/install/complex_msgs/include/complex_msgs/msg/detail/nested_msg_test__type_support.c
[19.877s] -- Installing: /home/ngy/micro_ros/install/complex_msgs/lib/libcomplex_msgs__rosidl_typesupport_introspection_c.so
[19.877s] -- Set runtime path of "/home/ngy/micro_ros/install/complex_msgs/lib/libcomplex_msgs__rosidl_typesupport_introspection_c.so" to ""
[19.877s] -- Installing: /home/ngy/micro_ros/install/complex_msgs/lib/libcomplex_msgs__rosidl_typesupport_c.so
[19.878s] -- Set runtime path of "/home/ngy/micro_ros/install/complex_msgs/lib/libcomplex_msgs__rosidl_typesupport_c.so" to ""
[19.879s] -- Up-to-date: /home/ngy/micro_ros/install/complex_msgs/include/complex_msgs
[19.880s] -- Up-to-date: /home/ngy/micro_ros/install/complex_msgs/include/complex_msgs/msg
[19.880s] -- Up-to-date: /home/ngy/micro_ros/install/complex_msgs/include/complex_msgs/msg/detail
[19.881s] -- Installing: /home/ngy/micro_ros/install/complex_msgs/include/complex_msgs/msg/detail/multi_string_test__builder.hpp
[19.881s] -- Installing: /home/ngy/micro_ros/install/complex_msgs/include/complex_msgs/msg/detail/nested_msg_test__traits.hpp
[19.881s] -- Installing: /home/ngy/micro_ros/install/complex_msgs/include/complex_msgs/msg/detail/multi_string_test__struct.hpp
[19.883s] -- Installing: /home/ngy/micro_ros/install/complex_msgs/include/complex_msgs/msg/detail/nested_msg_test__builder.hpp
[19.883s] -- Installing: /home/ngy/micro_ros/install/complex_msgs/include/complex_msgs/msg/detail/nested_msg_test__struct.hpp
[19.883s] -- Installing: /home/ngy/micro_ros/install/complex_msgs/include/complex_msgs/msg/detail/multi_string_test__traits.hpp
[19.884s] -- Installing: /home/ngy/micro_ros/install/complex_msgs/include/complex_msgs/msg/multi_string_test.hpp
[19.889s] -- Installing: /home/ngy/micro_ros/install/complex_msgs/include/complex_msgs/msg/nested_msg_test.hpp
[19.889s] -- Up-to-date: /home/ngy/micro_ros/install/complex_msgs/include/complex_msgs
[19.890s] -- Up-to-date: /home/ngy/micro_ros/install/complex_msgs/include/complex_msgs/msg
[19.890s] -- Up-to-date: /home/ngy/micro_ros/install/complex_msgs/include/complex_msgs/msg/detail
[19.890s] -- Up-to-date: /home/ngy/micro_ros/install/complex_msgs/include/complex_msgs/msg/detail/microxrcedds
[19.890s] -- Installing: /home/ngy/micro_ros/install/complex_msgs/include/complex_msgs/msg/detail/microxrcedds/nested_msg_test__type_support_cpp.cpp
[19.890s] -- Installing: /home/ngy/micro_ros/install/complex_msgs/include/complex_msgs/msg/detail/microxrcedds/multi_string_test__type_support_cpp.cpp
[19.890s] -- Installing: /home/ngy/micro_ros/install/complex_msgs/include/complex_msgs/msg/detail/nested_msg_test__rosidl_typesupport_microxrcedds_cpp.hpp
[19.891s] -- Installing: /home/ngy/micro_ros/install/complex_msgs/include/complex_msgs/msg/detail/multi_string_test__rosidl_typesupport_microxrcedds_cpp.hpp
[19.891s] -- Installing: /home/ngy/micro_ros/install/complex_msgs/include/complex_msgs/msg/rosidl_typesupport_microxrcedds_cpp__visibility_control.h
[19.891s] -- Installing: /home/ngy/micro_ros/install/complex_msgs/lib/libcomplex_msgs__rosidl_typesupport_microxrcedds_cpp.so
[19.891s] -- Set runtime path of "/home/ngy/micro_ros/install/complex_msgs/lib/libcomplex_msgs__rosidl_typesupport_microxrcedds_cpp.so" to ""
[19.891s] -- Up-to-date: /home/ngy/micro_ros/install/complex_msgs/include/complex_msgs
[19.892s] -- Up-to-date: /home/ngy/micro_ros/install/complex_msgs/include/complex_msgs/msg
[19.892s] -- Up-to-date: /home/ngy/micro_ros/install/complex_msgs/include/complex_msgs/msg/detail
[19.892s] -- Installing: /home/ngy/micro_ros/install/complex_msgs/include/complex_msgs/msg/detail/multi_string_test__rosidl_typesupport_introspection_cpp.hpp
[19.892s] -- Installing: /home/ngy/micro_ros/install/complex_msgs/include/complex_msgs/msg/detail/nested_msg_test__type_support.cpp
[19.892s] -- Installing: /home/ngy/micro_ros/install/complex_msgs/include/complex_msgs/msg/detail/multi_string_test__type_support.cpp
[19.893s] -- Installing: /home/ngy/micro_ros/install/complex_msgs/include/complex_msgs/msg/detail/nested_msg_test__rosidl_typesupport_introspection_cpp.hpp
[19.893s] -- Installing: /home/ngy/micro_ros/install/complex_msgs/lib/libcomplex_msgs__rosidl_typesupport_introspection_cpp.so
[19.893s] -- Set runtime path of "/home/ngy/micro_ros/install/complex_msgs/lib/libcomplex_msgs__rosidl_typesupport_introspection_cpp.so" to ""
[19.893s] -- Installing: /home/ngy/micro_ros/install/complex_msgs/lib/libcomplex_msgs__rosidl_typesupport_cpp.so
[19.893s] -- Set runtime path of "/home/ngy/micro_ros/install/complex_msgs/lib/libcomplex_msgs__rosidl_typesupport_cpp.so" to ""
[19.894s] -- Installing: /home/ngy/micro_ros/install/complex_msgs/share/complex_msgs/environment/pythonpath.sh
[19.894s] -- Installing: /home/ngy/micro_ros/install/complex_msgs/share/complex_msgs/environment/pythonpath.dsv
[19.894s] -- Installing: /home/ngy/micro_ros/install/complex_msgs/lib/python3.8/site-packages/complex_msgs/__init__.py
[20.063s] Compiling '/home/ngy/micro_ros/install/complex_msgs/lib/python3.8/site-packages/complex_msgs/__init__.py'...
[20.098s] -- Installing: /home/ngy/micro_ros/install/complex_msgs/lib/python3.8/site-packages/complex_msgs/msg
[20.098s] -- Installing: /home/ngy/micro_ros/install/complex_msgs/lib/python3.8/site-packages/complex_msgs/msg/_nested_msg_test.py
[20.099s] -- Installing: /home/ngy/micro_ros/install/complex_msgs/lib/python3.8/site-packages/complex_msgs/msg/_nested_msg_test_s.c
[20.099s] -- Installing: /home/ngy/micro_ros/install/complex_msgs/lib/python3.8/site-packages/complex_msgs/msg/_multi_string_test_s.c
[20.100s] -- Installing: /home/ngy/micro_ros/install/complex_msgs/lib/python3.8/site-packages/complex_msgs/msg/_multi_string_test.py
[20.101s] -- Installing: /home/ngy/micro_ros/install/complex_msgs/lib/python3.8/site-packages/complex_msgs/msg/__init__.py
[20.102s] -- Installing: /home/ngy/micro_ros/install/complex_msgs/lib/python3.8/site-packages/complex_msgs/complex_msgs_s__rosidl_typesupport_microxrcedds_c.cpython-38-x86_64-linux-gnu.so
[20.103s] -- Set runtime path of "/home/ngy/micro_ros/install/complex_msgs/lib/python3.8/site-packages/complex_msgs/complex_msgs_s__rosidl_typesupport_microxrcedds_c.cpython-38-x86_64-linux-gnu.so" to ""
[20.103s] -- Installing: /home/ngy/micro_ros/install/complex_msgs/lib/python3.8/site-packages/complex_msgs/complex_msgs_s__rosidl_typesupport_fastrtps_c.cpython-38-x86_64-linux-gnu.so
[20.104s] -- Set runtime path of "/home/ngy/micro_ros/install/complex_msgs/lib/python3.8/site-packages/complex_msgs/complex_msgs_s__rosidl_typesupport_fastrtps_c.cpython-38-x86_64-linux-gnu.so" to ""
[20.104s] -- Installing: /home/ngy/micro_ros/install/complex_msgs/lib/python3.8/site-packages/complex_msgs/complex_msgs_s__rosidl_typesupport_introspection_c.cpython-38-x86_64-linux-gnu.so
[20.105s] -- Set runtime path of "/home/ngy/micro_ros/install/complex_msgs/lib/python3.8/site-packages/complex_msgs/complex_msgs_s__rosidl_typesupport_introspection_c.cpython-38-x86_64-linux-gnu.so" to ""
[20.106s] -- Installing: /home/ngy/micro_ros/install/complex_msgs/lib/python3.8/site-packages/complex_msgs/complex_msgs_s__rosidl_typesupport_c.cpython-38-x86_64-linux-gnu.so
[20.107s] -- Set runtime path of "/home/ngy/micro_ros/install/complex_msgs/lib/python3.8/site-packages/complex_msgs/complex_msgs_s__rosidl_typesupport_c.cpython-38-x86_64-linux-gnu.so" to ""
[20.107s] -- Installing: /home/ngy/micro_ros/install/complex_msgs/lib/libcomplex_msgs__python.so
[20.108s] -- Set runtime path of "/home/ngy/micro_ros/install/complex_msgs/lib/libcomplex_msgs__python.so" to ""
[20.109s] -- Installing: /home/ngy/micro_ros/install/complex_msgs/share/complex_msgs/msg/MultiStringTest.idl
[20.109s] -- Installing: /home/ngy/micro_ros/install/complex_msgs/share/complex_msgs/msg/NestedMsgTest.idl
[20.109s] -- Installing: /home/ngy/micro_ros/install/complex_msgs/share/complex_msgs/msg/MultiStringTest.msg
[20.110s] -- Installing: /home/ngy/micro_ros/install/complex_msgs/share/complex_msgs/msg/NestedMsgTest.msg
[20.110s] -- Installing: /home/ngy/micro_ros/install/complex_msgs/share/ament_index/resource_index/package_run_dependencies/complex_msgs
[20.111s] -- Installing: /home/ngy/micro_ros/install/complex_msgs/share/ament_index/resource_index/parent_prefix_path/complex_msgs
[20.111s] -- Installing: /home/ngy/micro_ros/install/complex_msgs/share/complex_msgs/environment/ament_prefix_path.sh
[20.113s] -- Installing: /home/ngy/micro_ros/install/complex_msgs/share/complex_msgs/environment/ament_prefix_path.dsv
[20.114s] -- Installing: /home/ngy/micro_ros/install/complex_msgs/share/complex_msgs/environment/path.sh
[20.114s] -- Installing: /home/ngy/micro_ros/install/complex_msgs/share/complex_msgs/environment/path.dsv
[20.115s] -- Installing: /home/ngy/micro_ros/install/complex_msgs/share/complex_msgs/local_setup.bash
[20.115s] -- Installing: /home/ngy/micro_ros/install/complex_msgs/share/complex_msgs/local_setup.sh
[20.115s] -- Installing: /home/ngy/micro_ros/install/complex_msgs/share/complex_msgs/local_setup.zsh
[20.122s] -- Installing: /home/ngy/micro_ros/install/complex_msgs/share/complex_msgs/local_setup.dsv
[20.122s] -- Installing: /home/ngy/micro_ros/install/complex_msgs/share/complex_msgs/package.dsv
[20.122s] -- Installing: /home/ngy/micro_ros/install/complex_msgs/share/ament_index/resource_index/packages/complex_msgs
[20.123s] -- Installing: /home/ngy/micro_ros/install/complex_msgs/share/complex_msgs/cmake/complex_msgs__rosidl_generator_cExport.cmake
[20.123s] -- Installing: /home/ngy/micro_ros/install/complex_msgs/share/complex_msgs/cmake/complex_msgs__rosidl_generator_cExport-noconfig.cmake
[20.124s] -- Installing: /home/ngy/micro_ros/install/complex_msgs/share/complex_msgs/cmake/complex_msgs__rosidl_typesupport_introspection_cExport.cmake
[20.124s] -- Installing: /home/ngy/micro_ros/install/complex_msgs/share/complex_msgs/cmake/complex_msgs__rosidl_typesupport_introspection_cExport-noconfig.cmake
[20.124s] -- Installing: /home/ngy/micro_ros/install/complex_msgs/share/complex_msgs/cmake/complex_msgs__rosidl_typesupport_cExport.cmake
[20.125s] -- Installing: /home/ngy/micro_ros/install/complex_msgs/share/complex_msgs/cmake/complex_msgs__rosidl_typesupport_cExport-noconfig.cmake
[20.125s] -- Installing: /home/ngy/micro_ros/install/complex_msgs/share/complex_msgs/cmake/complex_msgs__rosidl_generator_cppExport.cmake
[20.126s] -- Installing: /home/ngy/micro_ros/install/complex_msgs/share/complex_msgs/cmake/complex_msgs__rosidl_typesupport_introspection_cppExport.cmake
[20.126s] -- Installing: /home/ngy/micro_ros/install/complex_msgs/share/complex_msgs/cmake/complex_msgs__rosidl_typesupport_introspection_cppExport-noconfig.cmake
[20.128s] -- Installing: /home/ngy/micro_ros/install/complex_msgs/share/complex_msgs/cmake/complex_msgs__rosidl_typesupport_cppExport.cmake
[20.128s] -- Installing: /home/ngy/micro_ros/install/complex_msgs/share/complex_msgs/cmake/complex_msgs__rosidl_typesupport_cppExport-noconfig.cmake
[20.128s] -- Installing: /home/ngy/micro_ros/install/complex_msgs/share/complex_msgs/cmake/rosidl_cmake-extras.cmake
[20.129s] -- Installing: /home/ngy/micro_ros/install/complex_msgs/share/complex_msgs/cmake/ament_cmake_export_dependencies-extras.cmake
[20.129s] -- Installing: /home/ngy/micro_ros/install/complex_msgs/share/complex_msgs/cmake/ament_cmake_export_libraries-extras.cmake
[20.129s] -- Installing: /home/ngy/micro_ros/install/complex_msgs/share/complex_msgs/cmake/ament_cmake_export_targets-extras.cmake
[20.129s] -- Installing: /home/ngy/micro_ros/install/complex_msgs/share/complex_msgs/cmake/ament_cmake_export_include_directories-extras.cmake
[20.130s] -- Installing: /home/ngy/micro_ros/install/complex_msgs/share/complex_msgs/cmake/rosidl_cmake_export_typesupport_libraries-extras.cmake
[20.130s] -- Installing: /home/ngy/micro_ros/install/complex_msgs/share/complex_msgs/cmake/rosidl_cmake_export_typesupport_targets-extras.cmake
[20.130s] -- Installing: /home/ngy/micro_ros/install/complex_msgs/share/complex_msgs/cmake/complex_msgsConfig.cmake
[20.131s] -- Installing: /home/ngy/micro_ros/install/complex_msgs/share/complex_msgs/cmake/complex_msgsConfig-version.cmake
[20.132s] -- Installing: /home/ngy/micro_ros/install/complex_msgs/share/complex_msgs/package.xml
[20.154s] Invoked command in '/home/ngy/micro_ros/build/complex_msgs' returned '0': AMENT_PREFIX_PATH=/home/ngy/micro_ros/install/builtin_interfaces:${AMENT_PREFIX_PATH} CMAKE_PREFIX_PATH=/home/ngy/micro_ros/install/builtin_interfaces:/home/ngy/micro_ros/install/rosidl_typesupport_microxrcedds_cpp:/home/ngy/micro_ros/install/rosidl_typesupport_microxrcedds_c:/home/ngy/micro_ros/install/microcdr:/home/ngy/micro_ros/install/micro_ros_msgs:/home/ngy/micro_ros/install/micro_ros_setup:/home/ngy/microros_ws/install/micro_ros_agent:/home/ngy/microros_ws/install/common_interfaces:/home/ngy/microros_ws/install/visualization_msgs:/home/ngy/microros_ws/install/test_msgs:/home/ngy/microros_ws/install/micro_ros_demos_rclc:/home/ngy/microros_ws/install/example_interfaces:/home/ngy/microros_ws/install/action_msgs:/home/ngy/microros_ws/install/unique_identifier_msgs:/home/ngy/microros_ws/install/trajectory_msgs:/home/ngy/microros_ws/install/stereo_msgs:/home/ngy/microros_ws/install/std_srvs:/home/ngy/microros_ws/install/shape_msgs:/home/ngy/microros_ws/install/sensor_msgs:/home/ngy/microros_ws/install/nav_msgs:/home/ngy/microros_ws/install/diagnostic_msgs:/home/ngy/microros_ws/install/geometry_msgs:/home/ngy/microros_ws/install/actionlib_msgs:/home/ngy/microros_ws/install/std_msgs:/home/ngy/microros_ws/install/statistics_msgs:/home/ngy/microros_ws/install/rosidl_typesupport_microxrcedds_test_msg:/home/ngy/microros_ws/install/rosidl_typesupport_microxrcedds_cpp_tests:/home/ngy/microros_ws/install/rmw_microxrcedds:/home/ngy/microros_ws/install/rosidl_typesupport_microxrcedds_cpp:/home/ngy/microros_ws/install/rosidl_typesupport_microxrcedds_c_tests:/home/ngy/microros_ws/install/rosidl_typesupport_microxrcedds_c:/home/ngy/microros_ws/install/rosgraph_msgs:/home/ngy/microros_ws/install/rclc_parameter:/home/ngy/microros_ws/install/rclc:/home/ngy/microros_ws/install/composition_interfaces:/home/ngy/microros_ws/install/rcl_interfaces:/home/ngy/microros_ws/install/microxrcedds_client:/home/ngy/microros_ws/install/microcdr:/home/ngy/microros_ws/install/micro_ros_msgs:/home/ngy/microros_ws/install/micro_ros_demos_rclcpp:/home/ngy/microros_ws/install/lifecycle_msgs:/home/ngy/microros_ws/install/complex_msgs:/home/ngy/microros_ws/install/builtin_interfaces:/home/ngy/microros_ws/install/micro_ros_setup:/home/ngy/microros_ws/install/sensor_msgs_py:/opt/ros/foxy LD_LIBRARY_PATH=/home/ngy/micro_ros/install/builtin_interfaces/lib:${LD_LIBRARY_PATH} PYTHONPATH=/home/ngy/micro_ros/install/builtin_interfaces/lib/python3.8/site-packages:${PYTHONPATH} /usr/bin/cmake --install /home/ngy/micro_ros/build/complex_msgs
