[0.033s] Invoking command in '/home/ngy/micro_ros/build/microxrcedds_client': CMAKE_PREFIX_PATH=/home/ngy/micro_ros/install/microcdr:/home/ngy/micro_ros/install/rosidl_typesupport_microxrcedds_cpp:/home/ngy/micro_ros/install/rosidl_typesupport_microxrcedds_c:/home/ngy/micro_ros/install/micro_ros_msgs:/home/ngy/micro_ros/install/micro_ros_setup:/home/ngy/microros_ws/install/micro_ros_agent:/home/ngy/microros_ws/install/common_interfaces:/home/ngy/microros_ws/install/visualization_msgs:/home/ngy/microros_ws/install/test_msgs:/home/ngy/microros_ws/install/micro_ros_demos_rclc:/home/ngy/microros_ws/install/example_interfaces:/home/ngy/microros_ws/install/action_msgs:/home/ngy/microros_ws/install/unique_identifier_msgs:/home/ngy/microros_ws/install/trajectory_msgs:/home/ngy/microros_ws/install/stereo_msgs:/home/ngy/microros_ws/install/std_srvs:/home/ngy/microros_ws/install/shape_msgs:/home/ngy/microros_ws/install/sensor_msgs:/home/ngy/microros_ws/install/nav_msgs:/home/ngy/microros_ws/install/diagnostic_msgs:/home/ngy/microros_ws/install/geometry_msgs:/home/ngy/microros_ws/install/actionlib_msgs:/home/ngy/microros_ws/install/std_msgs:/home/ngy/microros_ws/install/statistics_msgs:/home/ngy/microros_ws/install/rosidl_typesupport_microxrcedds_test_msg:/home/ngy/microros_ws/install/rosidl_typesupport_microxrcedds_cpp_tests:/home/ngy/microros_ws/install/rmw_microxrcedds:/home/ngy/microros_ws/install/rosidl_typesupport_microxrcedds_cpp:/home/ngy/microros_ws/install/rosidl_typesupport_microxrcedds_c_tests:/home/ngy/microros_ws/install/rosidl_typesupport_microxrcedds_c:/home/ngy/microros_ws/install/rosgraph_msgs:/home/ngy/microros_ws/install/rclc_parameter:/home/ngy/microros_ws/install/rclc:/home/ngy/microros_ws/install/composition_interfaces:/home/ngy/microros_ws/install/rcl_interfaces:/home/ngy/microros_ws/install/microxrcedds_client:/home/ngy/microros_ws/install/microcdr:/home/ngy/microros_ws/install/micro_ros_msgs:/home/ngy/microros_ws/install/micro_ros_demos_rclcpp:/home/ngy/microros_ws/install/lifecycle_msgs:/home/ngy/microros_ws/install/complex_msgs:/home/ngy/microros_ws/install/builtin_interfaces:/home/ngy/microros_ws/install/micro_ros_setup LD_LIBRARY_PATH=/home/ngy/micro_ros/install/microcdr/lib:/home/ngy/micro_ros/install/rosidl_typesupport_microxrcedds_cpp/lib:/home/ngy/micro_ros/install/rosidl_typesupport_microxrcedds_c/lib:/home/ngy/micro_ros/install/micro_ros_msgs/lib:/home/ngy/microros_ws/install/visualization_msgs/lib:/home/ngy/microros_ws/install/test_msgs/lib:/home/ngy/microros_ws/install/example_interfaces/lib:/home/ngy/microros_ws/install/action_msgs/lib:/home/ngy/microros_ws/install/unique_identifier_msgs/lib:/home/ngy/microros_ws/install/trajectory_msgs/lib:/home/ngy/microros_ws/install/stereo_msgs/lib:/home/ngy/microros_ws/install/std_srvs/lib:/home/ngy/microros_ws/install/shape_msgs/lib:/home/ngy/microros_ws/install/sensor_msgs/lib:/home/ngy/microros_ws/install/nav_msgs/lib:/home/ngy/microros_ws/install/diagnostic_msgs/lib:/home/ngy/microros_ws/install/geometry_msgs/lib:/home/ngy/microros_ws/install/actionlib_msgs/lib:/home/ngy/microros_ws/install/std_msgs/lib:/home/ngy/microros_ws/install/statistics_msgs/lib:/home/ngy/microros_ws/install/rmw_microxrcedds/lib:/home/ngy/microros_ws/install/rosidl_typesupport_microxrcedds_cpp/lib:/home/ngy/microros_ws/install/rosidl_typesupport_microxrcedds_c/lib:/home/ngy/microros_ws/install/rosgraph_msgs/lib:/home/ngy/microros_ws/install/rclc_parameter/lib:/home/ngy/microros_ws/install/rclc/lib:/home/ngy/microros_ws/install/composition_interfaces/lib:/home/ngy/microros_ws/install/rcl_interfaces/lib:/home/ngy/microros_ws/install/microxrcedds_client/lib:/home/ngy/microros_ws/install/microcdr/lib:/home/ngy/microros_ws/install/micro_ros_msgs/lib:/home/ngy/microros_ws/install/lifecycle_msgs/lib:/home/ngy/microros_ws/install/complex_msgs/lib:/home/ngy/microros_ws/install/builtin_interfaces/lib:/usr/lib/x86_64-linux-gnu/gazebo-11/plugins:/opt/ros/foxy/opt/yaml_cpp_vendor/lib:/opt/ros/foxy/opt/rviz_ogre_vendor/lib:/opt/ros/foxy/lib/x86_64-linux-gnu:/opt/ros/foxy/lib /usr/bin/cmake /home/ngy/micro_ros/src/eProsima/Micro-XRCE-DDS-Client -DBUILD_TESTING=OFF -DBUILD_SHARED_LIBS=ON -DUCLIENT_ISOLATED_INSTALL=OFF -DUCLIENT_SUPERBUILD=OFF -DBUILD_SHARED_LIBS=ON -DCMAKE_INSTALL_PREFIX=/home/ngy/micro_ros/install/microxrcedds_client
[0.120s] -- The C compiler identification is GNU 9.4.0
[0.138s] -- Check for working C compiler: /usr/bin/cc
[0.237s] -- Check for working C compiler: /usr/bin/cc -- works
[0.238s] -- Detecting C compiler ABI info
[0.342s] -- Detecting C compiler ABI info - done
[0.393s] -- Detecting C compile features
[0.393s] -- Detecting C compile features - done
[0.393s] -- Setting build type to 'Release' as none was specified.
[0.394s] -- Looking for pthread.h
[0.457s] -- Looking for pthread.h - found
[0.457s] -- Performing Test CMAKE_HAVE_LIBC_PTHREAD
[0.575s] -- Performing Test CMAKE_HAVE_LIBC_PTHREAD - Failed
[0.575s] -- Looking for pthread_create in pthreads
[0.651s] -- Looking for pthread_create in pthreads - not found
[0.651s] -- Looking for pthread_create in pthread
[0.738s] -- Looking for pthread_create in pthread - found
[0.739s] -- Found Threads: TRUE  
[0.742s] -- Configuring done
[0.753s] -- Generating done
[0.753s] CMake Warning:
[0.753s]   Manually-specified variables were not used by the project:
[0.753s] 
[0.753s]     BUILD_TESTING
[0.754s] 
[0.754s] 
[0.754s] -- Build files have been written to: /home/ngy/micro_ros/build/microxrcedds_client
[0.759s] Invoked command in '/home/ngy/micro_ros/build/microxrcedds_client' returned '0': CMAKE_PREFIX_PATH=/home/ngy/micro_ros/install/microcdr:/home/ngy/micro_ros/install/rosidl_typesupport_microxrcedds_cpp:/home/ngy/micro_ros/install/rosidl_typesupport_microxrcedds_c:/home/ngy/micro_ros/install/micro_ros_msgs:/home/ngy/micro_ros/install/micro_ros_setup:/home/ngy/microros_ws/install/micro_ros_agent:/home/ngy/microros_ws/install/common_interfaces:/home/ngy/microros_ws/install/visualization_msgs:/home/ngy/microros_ws/install/test_msgs:/home/ngy/microros_ws/install/micro_ros_demos_rclc:/home/ngy/microros_ws/install/example_interfaces:/home/ngy/microros_ws/install/action_msgs:/home/ngy/microros_ws/install/unique_identifier_msgs:/home/ngy/microros_ws/install/trajectory_msgs:/home/ngy/microros_ws/install/stereo_msgs:/home/ngy/microros_ws/install/std_srvs:/home/ngy/microros_ws/install/shape_msgs:/home/ngy/microros_ws/install/sensor_msgs:/home/ngy/microros_ws/install/nav_msgs:/home/ngy/microros_ws/install/diagnostic_msgs:/home/ngy/microros_ws/install/geometry_msgs:/home/ngy/microros_ws/install/actionlib_msgs:/home/ngy/microros_ws/install/std_msgs:/home/ngy/microros_ws/install/statistics_msgs:/home/ngy/microros_ws/install/rosidl_typesupport_microxrcedds_test_msg:/home/ngy/microros_ws/install/rosidl_typesupport_microxrcedds_cpp_tests:/home/ngy/microros_ws/install/rmw_microxrcedds:/home/ngy/microros_ws/install/rosidl_typesupport_microxrcedds_cpp:/home/ngy/microros_ws/install/rosidl_typesupport_microxrcedds_c_tests:/home/ngy/microros_ws/install/rosidl_typesupport_microxrcedds_c:/home/ngy/microros_ws/install/rosgraph_msgs:/home/ngy/microros_ws/install/rclc_parameter:/home/ngy/microros_ws/install/rclc:/home/ngy/microros_ws/install/composition_interfaces:/home/ngy/microros_ws/install/rcl_interfaces:/home/ngy/microros_ws/install/microxrcedds_client:/home/ngy/microros_ws/install/microcdr:/home/ngy/microros_ws/install/micro_ros_msgs:/home/ngy/microros_ws/install/micro_ros_demos_rclcpp:/home/ngy/microros_ws/install/lifecycle_msgs:/home/ngy/microros_ws/install/complex_msgs:/home/ngy/microros_ws/install/builtin_interfaces:/home/ngy/microros_ws/install/micro_ros_setup LD_LIBRARY_PATH=/home/ngy/micro_ros/install/microcdr/lib:/home/ngy/micro_ros/install/rosidl_typesupport_microxrcedds_cpp/lib:/home/ngy/micro_ros/install/rosidl_typesupport_microxrcedds_c/lib:/home/ngy/micro_ros/install/micro_ros_msgs/lib:/home/ngy/microros_ws/install/visualization_msgs/lib:/home/ngy/microros_ws/install/test_msgs/lib:/home/ngy/microros_ws/install/example_interfaces/lib:/home/ngy/microros_ws/install/action_msgs/lib:/home/ngy/microros_ws/install/unique_identifier_msgs/lib:/home/ngy/microros_ws/install/trajectory_msgs/lib:/home/ngy/microros_ws/install/stereo_msgs/lib:/home/ngy/microros_ws/install/std_srvs/lib:/home/ngy/microros_ws/install/shape_msgs/lib:/home/ngy/microros_ws/install/sensor_msgs/lib:/home/ngy/microros_ws/install/nav_msgs/lib:/home/ngy/microros_ws/install/diagnostic_msgs/lib:/home/ngy/microros_ws/install/geometry_msgs/lib:/home/ngy/microros_ws/install/actionlib_msgs/lib:/home/ngy/microros_ws/install/std_msgs/lib:/home/ngy/microros_ws/install/statistics_msgs/lib:/home/ngy/microros_ws/install/rmw_microxrcedds/lib:/home/ngy/microros_ws/install/rosidl_typesupport_microxrcedds_cpp/lib:/home/ngy/microros_ws/install/rosidl_typesupport_microxrcedds_c/lib:/home/ngy/microros_ws/install/rosgraph_msgs/lib:/home/ngy/microros_ws/install/rclc_parameter/lib:/home/ngy/microros_ws/install/rclc/lib:/home/ngy/microros_ws/install/composition_interfaces/lib:/home/ngy/microros_ws/install/rcl_interfaces/lib:/home/ngy/microros_ws/install/microxrcedds_client/lib:/home/ngy/microros_ws/install/microcdr/lib:/home/ngy/microros_ws/install/micro_ros_msgs/lib:/home/ngy/microros_ws/install/lifecycle_msgs/lib:/home/ngy/microros_ws/install/complex_msgs/lib:/home/ngy/microros_ws/install/builtin_interfaces/lib:/usr/lib/x86_64-linux-gnu/gazebo-11/plugins:/opt/ros/foxy/opt/yaml_cpp_vendor/lib:/opt/ros/foxy/opt/rviz_ogre_vendor/lib:/opt/ros/foxy/lib/x86_64-linux-gnu:/opt/ros/foxy/lib /usr/bin/cmake /home/ngy/micro_ros/src/eProsima/Micro-XRCE-DDS-Client -DBUILD_TESTING=OFF -DBUILD_SHARED_LIBS=ON -DUCLIENT_ISOLATED_INSTALL=OFF -DUCLIENT_SUPERBUILD=OFF -DBUILD_SHARED_LIBS=ON -DCMAKE_INSTALL_PREFIX=/home/ngy/micro_ros/install/microxrcedds_client
[0.761s] Invoking command in '/home/ngy/micro_ros/build/microxrcedds_client': CMAKE_PREFIX_PATH=/home/ngy/micro_ros/install/microcdr:/home/ngy/micro_ros/install/rosidl_typesupport_microxrcedds_cpp:/home/ngy/micro_ros/install/rosidl_typesupport_microxrcedds_c:/home/ngy/micro_ros/install/micro_ros_msgs:/home/ngy/micro_ros/install/micro_ros_setup:/home/ngy/microros_ws/install/micro_ros_agent:/home/ngy/microros_ws/install/common_interfaces:/home/ngy/microros_ws/install/visualization_msgs:/home/ngy/microros_ws/install/test_msgs:/home/ngy/microros_ws/install/micro_ros_demos_rclc:/home/ngy/microros_ws/install/example_interfaces:/home/ngy/microros_ws/install/action_msgs:/home/ngy/microros_ws/install/unique_identifier_msgs:/home/ngy/microros_ws/install/trajectory_msgs:/home/ngy/microros_ws/install/stereo_msgs:/home/ngy/microros_ws/install/std_srvs:/home/ngy/microros_ws/install/shape_msgs:/home/ngy/microros_ws/install/sensor_msgs:/home/ngy/microros_ws/install/nav_msgs:/home/ngy/microros_ws/install/diagnostic_msgs:/home/ngy/microros_ws/install/geometry_msgs:/home/ngy/microros_ws/install/actionlib_msgs:/home/ngy/microros_ws/install/std_msgs:/home/ngy/microros_ws/install/statistics_msgs:/home/ngy/microros_ws/install/rosidl_typesupport_microxrcedds_test_msg:/home/ngy/microros_ws/install/rosidl_typesupport_microxrcedds_cpp_tests:/home/ngy/microros_ws/install/rmw_microxrcedds:/home/ngy/microros_ws/install/rosidl_typesupport_microxrcedds_cpp:/home/ngy/microros_ws/install/rosidl_typesupport_microxrcedds_c_tests:/home/ngy/microros_ws/install/rosidl_typesupport_microxrcedds_c:/home/ngy/microros_ws/install/rosgraph_msgs:/home/ngy/microros_ws/install/rclc_parameter:/home/ngy/microros_ws/install/rclc:/home/ngy/microros_ws/install/composition_interfaces:/home/ngy/microros_ws/install/rcl_interfaces:/home/ngy/microros_ws/install/microxrcedds_client:/home/ngy/microros_ws/install/microcdr:/home/ngy/microros_ws/install/micro_ros_msgs:/home/ngy/microros_ws/install/micro_ros_demos_rclcpp:/home/ngy/microros_ws/install/lifecycle_msgs:/home/ngy/microros_ws/install/complex_msgs:/home/ngy/microros_ws/install/builtin_interfaces:/home/ngy/microros_ws/install/micro_ros_setup LD_LIBRARY_PATH=/home/ngy/micro_ros/install/microcdr/lib:/home/ngy/micro_ros/install/rosidl_typesupport_microxrcedds_cpp/lib:/home/ngy/micro_ros/install/rosidl_typesupport_microxrcedds_c/lib:/home/ngy/micro_ros/install/micro_ros_msgs/lib:/home/ngy/microros_ws/install/visualization_msgs/lib:/home/ngy/microros_ws/install/test_msgs/lib:/home/ngy/microros_ws/install/example_interfaces/lib:/home/ngy/microros_ws/install/action_msgs/lib:/home/ngy/microros_ws/install/unique_identifier_msgs/lib:/home/ngy/microros_ws/install/trajectory_msgs/lib:/home/ngy/microros_ws/install/stereo_msgs/lib:/home/ngy/microros_ws/install/std_srvs/lib:/home/ngy/microros_ws/install/shape_msgs/lib:/home/ngy/microros_ws/install/sensor_msgs/lib:/home/ngy/microros_ws/install/nav_msgs/lib:/home/ngy/microros_ws/install/diagnostic_msgs/lib:/home/ngy/microros_ws/install/geometry_msgs/lib:/home/ngy/microros_ws/install/actionlib_msgs/lib:/home/ngy/microros_ws/install/std_msgs/lib:/home/ngy/microros_ws/install/statistics_msgs/lib:/home/ngy/microros_ws/install/rmw_microxrcedds/lib:/home/ngy/microros_ws/install/rosidl_typesupport_microxrcedds_cpp/lib:/home/ngy/microros_ws/install/rosidl_typesupport_microxrcedds_c/lib:/home/ngy/microros_ws/install/rosgraph_msgs/lib:/home/ngy/microros_ws/install/rclc_parameter/lib:/home/ngy/microros_ws/install/rclc/lib:/home/ngy/microros_ws/install/composition_interfaces/lib:/home/ngy/microros_ws/install/rcl_interfaces/lib:/home/ngy/microros_ws/install/microxrcedds_client/lib:/home/ngy/microros_ws/install/microcdr/lib:/home/ngy/microros_ws/install/micro_ros_msgs/lib:/home/ngy/microros_ws/install/lifecycle_msgs/lib:/home/ngy/microros_ws/install/complex_msgs/lib:/home/ngy/microros_ws/install/builtin_interfaces/lib:/usr/lib/x86_64-linux-gnu/gazebo-11/plugins:/opt/ros/foxy/opt/yaml_cpp_vendor/lib:/opt/ros/foxy/opt/rviz_ogre_vendor/lib:/opt/ros/foxy/lib/x86_64-linux-gnu:/opt/ros/foxy/lib /usr/bin/cmake --build /home/ngy/micro_ros/build/microxrcedds_client -- -j12 -l12
[0.812s] [35m[1mScanning dependencies of target microxrcedds_client[0m
[0.846s] [  5%] [32mBuilding C object CMakeFiles/microxrcedds_client.dir/src/c/core/session/stream/input_best_effort_stream.c.o[0m
[0.846s] [  5%] [32mBuilding C object CMakeFiles/microxrcedds_client.dir/src/c/core/session/stream/input_reliable_stream.c.o[0m
[0.846s] [ 11%] [32mBuilding C object CMakeFiles/microxrcedds_client.dir/src/c/core/session/stream/output_reliable_stream.c.o[0m
[0.847s] [ 11%] [32mBuilding C object CMakeFiles/microxrcedds_client.dir/src/c/core/session/stream/output_best_effort_stream.c.o[0m
[0.847s] [ 14%] [32mBuilding C object CMakeFiles/microxrcedds_client.dir/src/c/core/session/stream/stream_id.c.o[0m
[0.847s] [ 17%] [32mBuilding C object CMakeFiles/microxrcedds_client.dir/src/c/core/session/stream/stream_storage.c.o[0m
[0.854s] [ 20%] [32mBuilding C object CMakeFiles/microxrcedds_client.dir/src/c/core/session/stream/seq_num.c.o[0m
[0.860s] [ 26%] [32mBuilding C object CMakeFiles/microxrcedds_client.dir/src/c/core/session/session_info.c.o[0m
[0.860s] [ 26%] [32mBuilding C object CMakeFiles/microxrcedds_client.dir/src/c/core/serialization/xrce_types.c.o[0m
[0.861s] [ 29%] [32mBuilding C object CMakeFiles/microxrcedds_client.dir/src/c/core/session/submessage.c.o[0m
[0.862s] [ 32%] [32mBuilding C object CMakeFiles/microxrcedds_client.dir/src/c/core/session/object_id.c.o[0m
[0.869s] [ 35%] [32mBuilding C object CMakeFiles/microxrcedds_client.dir/src/c/core/session/session.c.o[0m
[0.940s] [ 38%] [32mBuilding C object CMakeFiles/microxrcedds_client.dir/src/c/core/serialization/xrce_header.c.o[0m
[0.948s] [ 41%] [32mBuilding C object CMakeFiles/microxrcedds_client.dir/src/c/core/serialization/xrce_subheader.c.o[0m
[0.950s] [ 44%] [32mBuilding C object CMakeFiles/microxrcedds_client.dir/src/c/util/time.c.o[0m
[0.967s] [ 47%] [32mBuilding C object CMakeFiles/microxrcedds_client.dir/src/c/util/ping.c.o[0m
[0.977s] [ 50%] [32mBuilding C object CMakeFiles/microxrcedds_client.dir/src/c/core/session/common_create_entities.c.o[0m
[0.989s] [ 52%] [32mBuilding C object CMakeFiles/microxrcedds_client.dir/src/c/core/session/create_entities_ref.c.o[0m
[1.008s] [ 55%] [32mBuilding C object CMakeFiles/microxrcedds_client.dir/src/c/core/session/create_entities_xml.c.o[0m
[1.022s] [ 58%] [32mBuilding C object CMakeFiles/microxrcedds_client.dir/src/c/core/session/read_access.c.o[0m
[1.024s] [ 61%] [32mBuilding C object CMakeFiles/microxrcedds_client.dir/src/c/core/session/create_entities_bin.c.o[0m
[1.026s] [ 64%] [32mBuilding C object CMakeFiles/microxrcedds_client.dir/src/c/core/session/write_access.c.o[0m
[1.035s] [ 67%] [32mBuilding C object CMakeFiles/microxrcedds_client.dir/src/c/profile/transport/ip/udp/udp_transport.c.o[0m
[1.035s] [ 70%] [32mBuilding C object CMakeFiles/microxrcedds_client.dir/src/c/profile/transport/stream_framing/stream_framing_protocol.c.o[0m
[1.039s] [ 73%] [32mBuilding C object CMakeFiles/microxrcedds_client.dir/src/c/profile/transport/ip/udp/udp_transport_posix.c.o[0m
[1.117s] [ 76%] [32mBuilding C object CMakeFiles/microxrcedds_client.dir/src/c/profile/transport/ip/tcp/tcp_transport.c.o[0m
[1.123s] [ 79%] [32mBuilding C object CMakeFiles/microxrcedds_client.dir/src/c/profile/transport/ip/tcp/tcp_transport_posix.c.o[0m
[1.170s] [ 82%] [32mBuilding C object CMakeFiles/microxrcedds_client.dir/src/c/profile/transport/serial/serial_transport_posix.c.o[0m
[1.174s] [ 85%] [32mBuilding C object CMakeFiles/microxrcedds_client.dir/src/c/profile/transport/serial/serial_transport.c.o[0m
[1.181s] [ 88%] [32mBuilding C object CMakeFiles/microxrcedds_client.dir/src/c/profile/transport/ip/ip_posix.c.o[0m
[1.186s] [ 91%] [32mBuilding C object CMakeFiles/microxrcedds_client.dir/src/c/profile/discovery/discovery.c.o[0m
[1.193s] [ 94%] [32mBuilding C object CMakeFiles/microxrcedds_client.dir/src/c/profile/discovery/transport/udp_transport_datagram_posix.c.o[0m
[1.280s] [ 97%] [32mBuilding C object CMakeFiles/microxrcedds_client.dir/src/c/profile/transport/custom/custom_transport.c.o[0m
[1.742s] [100%] [32m[1mLinking C shared library libmicroxrcedds_client.so[0m
[1.869s] [100%] Built target microxrcedds_client
[1.889s] Invoked command in '/home/ngy/micro_ros/build/microxrcedds_client' returned '0': CMAKE_PREFIX_PATH=/home/ngy/micro_ros/install/microcdr:/home/ngy/micro_ros/install/rosidl_typesupport_microxrcedds_cpp:/home/ngy/micro_ros/install/rosidl_typesupport_microxrcedds_c:/home/ngy/micro_ros/install/micro_ros_msgs:/home/ngy/micro_ros/install/micro_ros_setup:/home/ngy/microros_ws/install/micro_ros_agent:/home/ngy/microros_ws/install/common_interfaces:/home/ngy/microros_ws/install/visualization_msgs:/home/ngy/microros_ws/install/test_msgs:/home/ngy/microros_ws/install/micro_ros_demos_rclc:/home/ngy/microros_ws/install/example_interfaces:/home/ngy/microros_ws/install/action_msgs:/home/ngy/microros_ws/install/unique_identifier_msgs:/home/ngy/microros_ws/install/trajectory_msgs:/home/ngy/microros_ws/install/stereo_msgs:/home/ngy/microros_ws/install/std_srvs:/home/ngy/microros_ws/install/shape_msgs:/home/ngy/microros_ws/install/sensor_msgs:/home/ngy/microros_ws/install/nav_msgs:/home/ngy/microros_ws/install/diagnostic_msgs:/home/ngy/microros_ws/install/geometry_msgs:/home/ngy/microros_ws/install/actionlib_msgs:/home/ngy/microros_ws/install/std_msgs:/home/ngy/microros_ws/install/statistics_msgs:/home/ngy/microros_ws/install/rosidl_typesupport_microxrcedds_test_msg:/home/ngy/microros_ws/install/rosidl_typesupport_microxrcedds_cpp_tests:/home/ngy/microros_ws/install/rmw_microxrcedds:/home/ngy/microros_ws/install/rosidl_typesupport_microxrcedds_cpp:/home/ngy/microros_ws/install/rosidl_typesupport_microxrcedds_c_tests:/home/ngy/microros_ws/install/rosidl_typesupport_microxrcedds_c:/home/ngy/microros_ws/install/rosgraph_msgs:/home/ngy/microros_ws/install/rclc_parameter:/home/ngy/microros_ws/install/rclc:/home/ngy/microros_ws/install/composition_interfaces:/home/ngy/microros_ws/install/rcl_interfaces:/home/ngy/microros_ws/install/microxrcedds_client:/home/ngy/microros_ws/install/microcdr:/home/ngy/microros_ws/install/micro_ros_msgs:/home/ngy/microros_ws/install/micro_ros_demos_rclcpp:/home/ngy/microros_ws/install/lifecycle_msgs:/home/ngy/microros_ws/install/complex_msgs:/home/ngy/microros_ws/install/builtin_interfaces:/home/ngy/microros_ws/install/micro_ros_setup LD_LIBRARY_PATH=/home/ngy/micro_ros/install/microcdr/lib:/home/ngy/micro_ros/install/rosidl_typesupport_microxrcedds_cpp/lib:/home/ngy/micro_ros/install/rosidl_typesupport_microxrcedds_c/lib:/home/ngy/micro_ros/install/micro_ros_msgs/lib:/home/ngy/microros_ws/install/visualization_msgs/lib:/home/ngy/microros_ws/install/test_msgs/lib:/home/ngy/microros_ws/install/example_interfaces/lib:/home/ngy/microros_ws/install/action_msgs/lib:/home/ngy/microros_ws/install/unique_identifier_msgs/lib:/home/ngy/microros_ws/install/trajectory_msgs/lib:/home/ngy/microros_ws/install/stereo_msgs/lib:/home/ngy/microros_ws/install/std_srvs/lib:/home/ngy/microros_ws/install/shape_msgs/lib:/home/ngy/microros_ws/install/sensor_msgs/lib:/home/ngy/microros_ws/install/nav_msgs/lib:/home/ngy/microros_ws/install/diagnostic_msgs/lib:/home/ngy/microros_ws/install/geometry_msgs/lib:/home/ngy/microros_ws/install/actionlib_msgs/lib:/home/ngy/microros_ws/install/std_msgs/lib:/home/ngy/microros_ws/install/statistics_msgs/lib:/home/ngy/microros_ws/install/rmw_microxrcedds/lib:/home/ngy/microros_ws/install/rosidl_typesupport_microxrcedds_cpp/lib:/home/ngy/microros_ws/install/rosidl_typesupport_microxrcedds_c/lib:/home/ngy/microros_ws/install/rosgraph_msgs/lib:/home/ngy/microros_ws/install/rclc_parameter/lib:/home/ngy/microros_ws/install/rclc/lib:/home/ngy/microros_ws/install/composition_interfaces/lib:/home/ngy/microros_ws/install/rcl_interfaces/lib:/home/ngy/microros_ws/install/microxrcedds_client/lib:/home/ngy/microros_ws/install/microcdr/lib:/home/ngy/microros_ws/install/micro_ros_msgs/lib:/home/ngy/microros_ws/install/lifecycle_msgs/lib:/home/ngy/microros_ws/install/complex_msgs/lib:/home/ngy/microros_ws/install/builtin_interfaces/lib:/usr/lib/x86_64-linux-gnu/gazebo-11/plugins:/opt/ros/foxy/opt/yaml_cpp_vendor/lib:/opt/ros/foxy/opt/rviz_ogre_vendor/lib:/opt/ros/foxy/lib/x86_64-linux-gnu:/opt/ros/foxy/lib /usr/bin/cmake --build /home/ngy/micro_ros/build/microxrcedds_client -- -j12 -l12
[2.145s] Invoking command in '/home/ngy/micro_ros/build/microxrcedds_client': CMAKE_PREFIX_PATH=/home/ngy/micro_ros/install/microcdr:/home/ngy/micro_ros/install/rosidl_typesupport_microxrcedds_cpp:/home/ngy/micro_ros/install/rosidl_typesupport_microxrcedds_c:/home/ngy/micro_ros/install/micro_ros_msgs:/home/ngy/micro_ros/install/micro_ros_setup:/home/ngy/microros_ws/install/micro_ros_agent:/home/ngy/microros_ws/install/common_interfaces:/home/ngy/microros_ws/install/visualization_msgs:/home/ngy/microros_ws/install/test_msgs:/home/ngy/microros_ws/install/micro_ros_demos_rclc:/home/ngy/microros_ws/install/example_interfaces:/home/ngy/microros_ws/install/action_msgs:/home/ngy/microros_ws/install/unique_identifier_msgs:/home/ngy/microros_ws/install/trajectory_msgs:/home/ngy/microros_ws/install/stereo_msgs:/home/ngy/microros_ws/install/std_srvs:/home/ngy/microros_ws/install/shape_msgs:/home/ngy/microros_ws/install/sensor_msgs:/home/ngy/microros_ws/install/nav_msgs:/home/ngy/microros_ws/install/diagnostic_msgs:/home/ngy/microros_ws/install/geometry_msgs:/home/ngy/microros_ws/install/actionlib_msgs:/home/ngy/microros_ws/install/std_msgs:/home/ngy/microros_ws/install/statistics_msgs:/home/ngy/microros_ws/install/rosidl_typesupport_microxrcedds_test_msg:/home/ngy/microros_ws/install/rosidl_typesupport_microxrcedds_cpp_tests:/home/ngy/microros_ws/install/rmw_microxrcedds:/home/ngy/microros_ws/install/rosidl_typesupport_microxrcedds_cpp:/home/ngy/microros_ws/install/rosidl_typesupport_microxrcedds_c_tests:/home/ngy/microros_ws/install/rosidl_typesupport_microxrcedds_c:/home/ngy/microros_ws/install/rosgraph_msgs:/home/ngy/microros_ws/install/rclc_parameter:/home/ngy/microros_ws/install/rclc:/home/ngy/microros_ws/install/composition_interfaces:/home/ngy/microros_ws/install/rcl_interfaces:/home/ngy/microros_ws/install/microxrcedds_client:/home/ngy/microros_ws/install/microcdr:/home/ngy/microros_ws/install/micro_ros_msgs:/home/ngy/microros_ws/install/micro_ros_demos_rclcpp:/home/ngy/microros_ws/install/lifecycle_msgs:/home/ngy/microros_ws/install/complex_msgs:/home/ngy/microros_ws/install/builtin_interfaces:/home/ngy/microros_ws/install/micro_ros_setup LD_LIBRARY_PATH=/home/ngy/micro_ros/install/microcdr/lib:/home/ngy/micro_ros/install/rosidl_typesupport_microxrcedds_cpp/lib:/home/ngy/micro_ros/install/rosidl_typesupport_microxrcedds_c/lib:/home/ngy/micro_ros/install/micro_ros_msgs/lib:/home/ngy/microros_ws/install/visualization_msgs/lib:/home/ngy/microros_ws/install/test_msgs/lib:/home/ngy/microros_ws/install/example_interfaces/lib:/home/ngy/microros_ws/install/action_msgs/lib:/home/ngy/microros_ws/install/unique_identifier_msgs/lib:/home/ngy/microros_ws/install/trajectory_msgs/lib:/home/ngy/microros_ws/install/stereo_msgs/lib:/home/ngy/microros_ws/install/std_srvs/lib:/home/ngy/microros_ws/install/shape_msgs/lib:/home/ngy/microros_ws/install/sensor_msgs/lib:/home/ngy/microros_ws/install/nav_msgs/lib:/home/ngy/microros_ws/install/diagnostic_msgs/lib:/home/ngy/microros_ws/install/geometry_msgs/lib:/home/ngy/microros_ws/install/actionlib_msgs/lib:/home/ngy/microros_ws/install/std_msgs/lib:/home/ngy/microros_ws/install/statistics_msgs/lib:/home/ngy/microros_ws/install/rmw_microxrcedds/lib:/home/ngy/microros_ws/install/rosidl_typesupport_microxrcedds_cpp/lib:/home/ngy/microros_ws/install/rosidl_typesupport_microxrcedds_c/lib:/home/ngy/microros_ws/install/rosgraph_msgs/lib:/home/ngy/microros_ws/install/rclc_parameter/lib:/home/ngy/microros_ws/install/rclc/lib:/home/ngy/microros_ws/install/composition_interfaces/lib:/home/ngy/microros_ws/install/rcl_interfaces/lib:/home/ngy/microros_ws/install/microxrcedds_client/lib:/home/ngy/microros_ws/install/microcdr/lib:/home/ngy/microros_ws/install/micro_ros_msgs/lib:/home/ngy/microros_ws/install/lifecycle_msgs/lib:/home/ngy/microros_ws/install/complex_msgs/lib:/home/ngy/microros_ws/install/builtin_interfaces/lib:/usr/lib/x86_64-linux-gnu/gazebo-11/plugins:/opt/ros/foxy/opt/yaml_cpp_vendor/lib:/opt/ros/foxy/opt/rviz_ogre_vendor/lib:/opt/ros/foxy/lib/x86_64-linux-gnu:/opt/ros/foxy/lib /usr/bin/cmake --install /home/ngy/micro_ros/build/microxrcedds_client
[2.159s] -- Install configuration: "Release"
[2.160s] -- Installing: /home/ngy/micro_ros/install/microxrcedds_client/lib/libmicroxrcedds_client.so.2.4.0
[2.161s] -- Installing: /home/ngy/micro_ros/install/microxrcedds_client/lib/libmicroxrcedds_client.so.2.4
[2.170s] -- Set runtime path of "/home/ngy/micro_ros/install/microxrcedds_client/lib/libmicroxrcedds_client.so.2.4.0" to ""
[2.173s] -- Installing: /home/ngy/micro_ros/install/microxrcedds_client/lib/libmicroxrcedds_client.so
[2.175s] -- Installing: /home/ngy/micro_ros/install/microxrcedds_client/include/uxr/client
[2.175s] -- Installing: /home/ngy/micro_ros/install/microxrcedds_client/include/uxr/client/core
[2.176s] -- Installing: /home/ngy/micro_ros/install/microxrcedds_client/include/uxr/client/core/type
[2.176s] -- Installing: /home/ngy/micro_ros/install/microxrcedds_client/include/uxr/client/core/type/xrce_types.h
[2.176s] -- Installing: /home/ngy/micro_ros/install/microxrcedds_client/include/uxr/client/core/communication
[2.176s] -- Installing: /home/ngy/micro_ros/install/microxrcedds_client/include/uxr/client/core/communication/communication.h
[2.176s] -- Installing: /home/ngy/micro_ros/install/microxrcedds_client/include/uxr/client/core/session
[2.176s] -- Installing: /home/ngy/micro_ros/install/microxrcedds_client/include/uxr/client/core/session/create_entities_bin.h
[2.176s] -- Installing: /home/ngy/micro_ros/install/microxrcedds_client/include/uxr/client/core/session/stream
[2.177s] -- Installing: /home/ngy/micro_ros/install/microxrcedds_client/include/uxr/client/core/session/stream/stream_storage.h
[2.177s] -- Installing: /home/ngy/micro_ros/install/microxrcedds_client/include/uxr/client/core/session/stream/output_best_effort_stream.h
[2.177s] -- Installing: /home/ngy/micro_ros/install/microxrcedds_client/include/uxr/client/core/session/stream/output_reliable_stream.h
[2.177s] -- Installing: /home/ngy/micro_ros/install/microxrcedds_client/include/uxr/client/core/session/stream/stream_id.h
[2.177s] -- Installing: /home/ngy/micro_ros/install/microxrcedds_client/include/uxr/client/core/session/stream/reliable_stream.h
[2.177s] -- Installing: /home/ngy/micro_ros/install/microxrcedds_client/include/uxr/client/core/session/stream/seq_num.h
[2.177s] -- Installing: /home/ngy/micro_ros/install/microxrcedds_client/include/uxr/client/core/session/stream/input_reliable_stream.h
[2.177s] -- Installing: /home/ngy/micro_ros/install/microxrcedds_client/include/uxr/client/core/session/stream/input_best_effort_stream.h
[2.177s] -- Installing: /home/ngy/micro_ros/install/microxrcedds_client/include/uxr/client/core/session/create_entities_ref.h
[2.178s] -- Installing: /home/ngy/micro_ros/install/microxrcedds_client/include/uxr/client/core/session/write_access.h
[2.178s] -- Installing: /home/ngy/micro_ros/install/microxrcedds_client/include/uxr/client/core/session/create_entities_xml.h
[2.178s] -- Installing: /home/ngy/micro_ros/install/microxrcedds_client/include/uxr/client/core/session/read_access.h
[2.178s] -- Installing: /home/ngy/micro_ros/install/microxrcedds_client/include/uxr/client/core/session/common_create_entities.h
[2.178s] -- Installing: /home/ngy/micro_ros/install/microxrcedds_client/include/uxr/client/core/session/object_id.h
[2.178s] -- Installing: /home/ngy/micro_ros/install/microxrcedds_client/include/uxr/client/core/session/session.h
[2.178s] -- Installing: /home/ngy/micro_ros/install/microxrcedds_client/include/uxr/client/core/session/time_sync.h
[2.178s] -- Installing: /home/ngy/micro_ros/install/microxrcedds_client/include/uxr/client/core/session/session_info.h
[2.178s] -- Installing: /home/ngy/micro_ros/install/microxrcedds_client/include/uxr/client/util
[2.179s] -- Installing: /home/ngy/micro_ros/install/microxrcedds_client/include/uxr/client/util/ping.h
[2.179s] -- Installing: /home/ngy/micro_ros/install/microxrcedds_client/include/uxr/client/util/time.h
[2.179s] -- Installing: /home/ngy/micro_ros/install/microxrcedds_client/include/uxr/client/transport.h
[2.179s] -- Installing: /home/ngy/micro_ros/install/microxrcedds_client/include/uxr/client/profile
[2.179s] -- Installing: /home/ngy/micro_ros/install/microxrcedds_client/include/uxr/client/profile/transport
[2.179s] -- Installing: /home/ngy/micro_ros/install/microxrcedds_client/include/uxr/client/profile/transport/custom
[2.181s] -- Installing: /home/ngy/micro_ros/install/microxrcedds_client/include/uxr/client/profile/transport/custom/custom_transport.h
[2.181s] -- Installing: /home/ngy/micro_ros/install/microxrcedds_client/include/uxr/client/profile/transport/ip
[2.182s] -- Installing: /home/ngy/micro_ros/install/microxrcedds_client/include/uxr/client/profile/transport/ip/tcp
[2.187s] -- Installing: /home/ngy/micro_ros/install/microxrcedds_client/include/uxr/client/profile/transport/ip/tcp/tcp_transport.h
[2.188s] -- Installing: /home/ngy/micro_ros/install/microxrcedds_client/include/uxr/client/profile/transport/ip/tcp/tcp_transport_posix.h
[2.188s] -- Installing: /home/ngy/micro_ros/install/microxrcedds_client/include/uxr/client/profile/transport/ip/tcp/tcp_transport_posix_nopoll.h
[2.188s] -- Installing: /home/ngy/micro_ros/install/microxrcedds_client/include/uxr/client/profile/transport/ip/tcp/tcp_transport_freertos_plus_tcp.h
[2.188s] -- Installing: /home/ngy/micro_ros/install/microxrcedds_client/include/uxr/client/profile/transport/ip/tcp/tcp_transport_windows.h
[2.189s] -- Installing: /home/ngy/micro_ros/install/microxrcedds_client/include/uxr/client/profile/transport/ip/tcp/tcp_transport_rtems_bsd_net.h
[2.189s] -- Installing: /home/ngy/micro_ros/install/microxrcedds_client/include/uxr/client/profile/transport/ip/ip.h
[2.189s] -- Installing: /home/ngy/micro_ros/install/microxrcedds_client/include/uxr/client/profile/transport/ip/udp
[2.189s] -- Installing: /home/ngy/micro_ros/install/microxrcedds_client/include/uxr/client/profile/transport/ip/udp/udp_transport_rtems_bsd_net.h
[2.189s] -- Installing: /home/ngy/micro_ros/install/microxrcedds_client/include/uxr/client/profile/transport/ip/udp/udp_transport_posix.h
[2.190s] -- Installing: /home/ngy/micro_ros/install/microxrcedds_client/include/uxr/client/profile/transport/ip/udp/udp_transport_freertos_plus_tcp.h
[2.190s] -- Installing: /home/ngy/micro_ros/install/microxrcedds_client/include/uxr/client/profile/transport/ip/udp/udp_transport_windows.h
[2.190s] -- Installing: /home/ngy/micro_ros/install/microxrcedds_client/include/uxr/client/profile/transport/ip/udp/udp_transport.h
[2.190s] -- Installing: /home/ngy/micro_ros/install/microxrcedds_client/include/uxr/client/profile/transport/ip/udp/udp_transport_posix_nopoll.h
[2.190s] -- Installing: /home/ngy/micro_ros/install/microxrcedds_client/include/uxr/client/profile/transport/can
[2.191s] -- Installing: /home/ngy/micro_ros/install/microxrcedds_client/include/uxr/client/profile/transport/can/can_transport_posix.h
[2.191s] -- Installing: /home/ngy/micro_ros/install/microxrcedds_client/include/uxr/client/profile/transport/can/can_transport.h
[2.191s] -- Installing: /home/ngy/micro_ros/install/microxrcedds_client/include/uxr/client/profile/transport/serial
[2.191s] -- Installing: /home/ngy/micro_ros/install/microxrcedds_client/include/uxr/client/profile/transport/serial/serial_transport_platform.h
[2.191s] -- Installing: /home/ngy/micro_ros/install/microxrcedds_client/include/uxr/client/profile/transport/serial/serial_transport_rtems_bsd_net.h
[2.191s] -- Installing: /home/ngy/micro_ros/install/microxrcedds_client/include/uxr/client/profile/transport/serial/serial_transport.h
[2.192s] -- Installing: /home/ngy/micro_ros/install/microxrcedds_client/include/uxr/client/profile/transport/serial/serial_transport_posix.h
[2.192s] -- Installing: /home/ngy/micro_ros/install/microxrcedds_client/include/uxr/client/profile/transport/stream_framing
[2.192s] -- Installing: /home/ngy/micro_ros/install/microxrcedds_client/include/uxr/client/profile/transport/stream_framing/stream_framing_protocol.h
[2.192s] -- Installing: /home/ngy/micro_ros/install/microxrcedds_client/include/uxr/client/profile/multithread
[2.192s] -- Installing: /home/ngy/micro_ros/install/microxrcedds_client/include/uxr/client/profile/multithread/multithread.h
[2.192s] -- Installing: /home/ngy/micro_ros/install/microxrcedds_client/include/uxr/client/profile/discovery
[2.192s] -- Installing: /home/ngy/micro_ros/install/microxrcedds_client/include/uxr/client/profile/discovery/discovery.h
[2.193s] -- Installing: /home/ngy/micro_ros/install/microxrcedds_client/include/uxr/client/client.h
[2.193s] -- Installing: /home/ngy/micro_ros/install/microxrcedds_client/include/uxr/client/defines.h
[2.193s] -- Installing: /home/ngy/micro_ros/install/microxrcedds_client/include/uxr/client/visibility.h
[2.193s] -- Installing: /home/ngy/micro_ros/install/microxrcedds_client/include/uxr/client/config.h
[2.193s] -- Installing: /home/ngy/micro_ros/install/microxrcedds_client/share/microxrcedds_client/cmake/microxrcedds_clientTargets.cmake
[2.196s] -- Installing: /home/ngy/micro_ros/install/microxrcedds_client/share/microxrcedds_client/cmake/microxrcedds_clientTargets-release.cmake
[2.197s] -- Installing: /home/ngy/micro_ros/install/microxrcedds_client/share/microxrcedds_client/cmake/microxrcedds_clientConfig.cmake
[2.197s] -- Installing: /home/ngy/micro_ros/install/microxrcedds_client/share/microxrcedds_client/cmake/microxrcedds_clientConfigVersion.cmake
[2.198s] Invoked command in '/home/ngy/micro_ros/build/microxrcedds_client' returned '0': CMAKE_PREFIX_PATH=/home/ngy/micro_ros/install/microcdr:/home/ngy/micro_ros/install/rosidl_typesupport_microxrcedds_cpp:/home/ngy/micro_ros/install/rosidl_typesupport_microxrcedds_c:/home/ngy/micro_ros/install/micro_ros_msgs:/home/ngy/micro_ros/install/micro_ros_setup:/home/ngy/microros_ws/install/micro_ros_agent:/home/ngy/microros_ws/install/common_interfaces:/home/ngy/microros_ws/install/visualization_msgs:/home/ngy/microros_ws/install/test_msgs:/home/ngy/microros_ws/install/micro_ros_demos_rclc:/home/ngy/microros_ws/install/example_interfaces:/home/ngy/microros_ws/install/action_msgs:/home/ngy/microros_ws/install/unique_identifier_msgs:/home/ngy/microros_ws/install/trajectory_msgs:/home/ngy/microros_ws/install/stereo_msgs:/home/ngy/microros_ws/install/std_srvs:/home/ngy/microros_ws/install/shape_msgs:/home/ngy/microros_ws/install/sensor_msgs:/home/ngy/microros_ws/install/nav_msgs:/home/ngy/microros_ws/install/diagnostic_msgs:/home/ngy/microros_ws/install/geometry_msgs:/home/ngy/microros_ws/install/actionlib_msgs:/home/ngy/microros_ws/install/std_msgs:/home/ngy/microros_ws/install/statistics_msgs:/home/ngy/microros_ws/install/rosidl_typesupport_microxrcedds_test_msg:/home/ngy/microros_ws/install/rosidl_typesupport_microxrcedds_cpp_tests:/home/ngy/microros_ws/install/rmw_microxrcedds:/home/ngy/microros_ws/install/rosidl_typesupport_microxrcedds_cpp:/home/ngy/microros_ws/install/rosidl_typesupport_microxrcedds_c_tests:/home/ngy/microros_ws/install/rosidl_typesupport_microxrcedds_c:/home/ngy/microros_ws/install/rosgraph_msgs:/home/ngy/microros_ws/install/rclc_parameter:/home/ngy/microros_ws/install/rclc:/home/ngy/microros_ws/install/composition_interfaces:/home/ngy/microros_ws/install/rcl_interfaces:/home/ngy/microros_ws/install/microxrcedds_client:/home/ngy/microros_ws/install/microcdr:/home/ngy/microros_ws/install/micro_ros_msgs:/home/ngy/microros_ws/install/micro_ros_demos_rclcpp:/home/ngy/microros_ws/install/lifecycle_msgs:/home/ngy/microros_ws/install/complex_msgs:/home/ngy/microros_ws/install/builtin_interfaces:/home/ngy/microros_ws/install/micro_ros_setup LD_LIBRARY_PATH=/home/ngy/micro_ros/install/microcdr/lib:/home/ngy/micro_ros/install/rosidl_typesupport_microxrcedds_cpp/lib:/home/ngy/micro_ros/install/rosidl_typesupport_microxrcedds_c/lib:/home/ngy/micro_ros/install/micro_ros_msgs/lib:/home/ngy/microros_ws/install/visualization_msgs/lib:/home/ngy/microros_ws/install/test_msgs/lib:/home/ngy/microros_ws/install/example_interfaces/lib:/home/ngy/microros_ws/install/action_msgs/lib:/home/ngy/microros_ws/install/unique_identifier_msgs/lib:/home/ngy/microros_ws/install/trajectory_msgs/lib:/home/ngy/microros_ws/install/stereo_msgs/lib:/home/ngy/microros_ws/install/std_srvs/lib:/home/ngy/microros_ws/install/shape_msgs/lib:/home/ngy/microros_ws/install/sensor_msgs/lib:/home/ngy/microros_ws/install/nav_msgs/lib:/home/ngy/microros_ws/install/diagnostic_msgs/lib:/home/ngy/microros_ws/install/geometry_msgs/lib:/home/ngy/microros_ws/install/actionlib_msgs/lib:/home/ngy/microros_ws/install/std_msgs/lib:/home/ngy/microros_ws/install/statistics_msgs/lib:/home/ngy/microros_ws/install/rmw_microxrcedds/lib:/home/ngy/microros_ws/install/rosidl_typesupport_microxrcedds_cpp/lib:/home/ngy/microros_ws/install/rosidl_typesupport_microxrcedds_c/lib:/home/ngy/microros_ws/install/rosgraph_msgs/lib:/home/ngy/microros_ws/install/rclc_parameter/lib:/home/ngy/microros_ws/install/rclc/lib:/home/ngy/microros_ws/install/composition_interfaces/lib:/home/ngy/microros_ws/install/rcl_interfaces/lib:/home/ngy/microros_ws/install/microxrcedds_client/lib:/home/ngy/microros_ws/install/microcdr/lib:/home/ngy/microros_ws/install/micro_ros_msgs/lib:/home/ngy/microros_ws/install/lifecycle_msgs/lib:/home/ngy/microros_ws/install/complex_msgs/lib:/home/ngy/microros_ws/install/builtin_interfaces/lib:/usr/lib/x86_64-linux-gnu/gazebo-11/plugins:/opt/ros/foxy/opt/yaml_cpp_vendor/lib:/opt/ros/foxy/opt/rviz_ogre_vendor/lib:/opt/ros/foxy/lib/x86_64-linux-gnu:/opt/ros/foxy/lib /usr/bin/cmake --install /home/ngy/micro_ros/build/microxrcedds_client
