[0.049s] Invoking command in '/home/ngy/micro_ros/build/std_srvs': CMAKE_PREFIX_PATH=${CMAKE_PREFIX_PATH}:/home/ngy/microros_ws/install/sensor_msgs_py:/opt/ros/foxy /usr/bin/cmake /home/ngy/micro_ros/src/ros2/common_interfaces/std_srvs -DBUILD_TESTING=OFF -DBUILD_SHARED_LIBS=ON -DCMAKE_INSTALL_PREFIX=/home/ngy/micro_ros/install/std_srvs
[0.121s] -- The C compiler identification is GNU 9.4.0
[0.194s] -- The CXX compiler identification is GNU 9.4.0
[0.202s] -- Check for working C compiler: /usr/bin/cc
[0.289s] -- Check for working C compiler: /usr/bin/cc -- works
[0.291s] -- Detecting C compiler ABI info
[0.378s] -- Detecting C compiler ABI info - done
[0.398s] -- Detecting C compile features
[0.398s] -- Detecting C compile features - done
[0.402s] -- Check for working CXX compiler: /usr/bin/c++
[0.504s] -- Check for working CXX compiler: /usr/bin/c++ -- works
[0.507s] -- Detecting CXX compiler ABI info
[0.654s] -- Detecting CXX compiler ABI info - done
[0.655s] -- Detecting CXX compile features
[0.655s] -- Detecting CXX compile features - done
[0.655s] -- Found ament_cmake: 0.9.11 (/opt/ros/foxy/share/ament_cmake/cmake)
[0.687s] -- Found PythonInterp: /usr/bin/python3 (found suitable version "3.8.10", minimum required is "3") 
[0.687s] -- Using PYTHON_EXECUTABLE: /usr/bin/python3
[0.927s] -- Found rosidl_default_generators: 1.0.1 (/opt/ros/foxy/share/rosidl_default_generators/cmake)
[0.940s] -- Using all available rosidl_typesupport_c: rosidl_typesupport_microxrcedds_c;rosidl_typesupport_fastrtps_c;rosidl_typesupport_introspection_c
[0.949s] -- Found rosidl_adapter: 1.3.0 (/opt/ros/foxy/share/rosidl_adapter/cmake)
[1.107s] -- Found OpenSSL: /usr/lib/x86_64-linux-gnu/libcrypto.so (found version "1.1.1f")  
[1.202s] -- Found FastRTPS: /opt/ros/foxy/include  
[1.414s] -- Using all available rosidl_typesupport_cpp: rosidl_typesupport_microxrcedds_cpp;rosidl_typesupport_fastrtps_cpp;rosidl_typesupport_introspection_cpp
[1.558s] -- Found PythonInterp: /usr/bin/python3 (found version "3.8.10") 
[1.803s] -- Found ament_cmake_ros: 0.9.2 (/opt/ros/foxy/share/ament_cmake_ros/cmake)
[2.009s] -- Using all available rosidl_typesupport_c: rosidl_typesupport_microxrcedds_c;rosidl_typesupport_fastrtps_c;rosidl_typesupport_introspection_c
[2.044s] -- Using all available rosidl_typesupport_cpp: rosidl_typesupport_microxrcedds_cpp;rosidl_typesupport_fastrtps_cpp;rosidl_typesupport_introspection_cpp
[2.093s] -- Found PythonInterp: /usr/bin/python3 (found suitable version "3.8.10", minimum required is "3.5") 
[2.097s] -- Found python_cmake_module: 0.8.1 (/opt/ros/foxy/share/python_cmake_module/cmake)
[2.158s] -- Found PythonLibs: /usr/lib/x86_64-linux-gnu/libpython3.8.so (found suitable version "3.8.10", minimum required is "3.5") 
[2.159s] -- Using PYTHON_EXECUTABLE: /usr/bin/python3
[2.159s] -- Using PYTHON_INCLUDE_DIRS: /usr/include/python3.8
[2.159s] -- Using PYTHON_LIBRARIES: /usr/lib/x86_64-linux-gnu/libpython3.8.so
[2.219s] -- Found PythonExtra: .so  
[2.352s] -- Configuring done
[2.422s] -- Generating done
[2.437s] -- Build files have been written to: /home/ngy/micro_ros/build/std_srvs
[2.474s] Invoked command in '/home/ngy/micro_ros/build/std_srvs' returned '0': CMAKE_PREFIX_PATH=${CMAKE_PREFIX_PATH}:/home/ngy/microros_ws/install/sensor_msgs_py:/opt/ros/foxy /usr/bin/cmake /home/ngy/micro_ros/src/ros2/common_interfaces/std_srvs -DBUILD_TESTING=OFF -DBUILD_SHARED_LIBS=ON -DCMAKE_INSTALL_PREFIX=/home/ngy/micro_ros/install/std_srvs
[2.476s] Invoking command in '/home/ngy/micro_ros/build/std_srvs': CMAKE_PREFIX_PATH=${CMAKE_PREFIX_PATH}:/home/ngy/microros_ws/install/sensor_msgs_py:/opt/ros/foxy /usr/bin/cmake --build /home/ngy/micro_ros/build/std_srvs -- -j12 -l12
[2.554s] [  1%] [34m[1mGenerating C code for ROS interfaces[0m
[2.555s] [35m[1mScanning dependencies of target std_srvs__cpp[0m
[2.574s] [  3%] [34m[1mGenerating C++ code for ROS interfaces[0m
[3.631s] [35m[1mScanning dependencies of target std_srvs__rosidl_generator_c[0m
[3.656s] [  5%] [32mBuilding C object CMakeFiles/std_srvs__rosidl_generator_c.dir/rosidl_generator_c/std_srvs/srv/detail/empty__functions.c.o[0m
[3.657s] [  5%] Built target std_srvs__cpp
[3.689s] [  6%] [32mBuilding C object CMakeFiles/std_srvs__rosidl_generator_c.dir/rosidl_generator_c/std_srvs/srv/detail/set_bool__functions.c.o[0m
[3.707s] [  8%] [34m[1mGenerating C++ type support for eProsima Micro XRCE-DDS[0m
[3.742s] [ 10%] [32mBuilding C object CMakeFiles/std_srvs__rosidl_generator_c.dir/rosidl_generator_c/std_srvs/srv/detail/trigger__functions.c.o[0m
[3.743s] [ 11%] [34m[1mGenerating C++ introspection for ROS interfaces[0m
[3.747s] [ 13%] [34m[1mGenerating C++ type support dispatch for ROS interfaces[0m
[3.749s] [ 15%] [34m[1mGenerating C++ type support for eProsima Fast-RTPS[0m
[4.012s] [ 16%] [32m[1mLinking C shared library libstd_srvs__rosidl_generator_c.so[0m
[4.209s] [ 16%] Built target std_srvs__rosidl_generator_c
[4.298s] [ 18%] [34m[1mGenerating C type support for eProsima Micro XRCE-DDS[0m
[4.303s] [ 20%] [34m[1mGenerating C type support dispatch for ROS interfaces[0m
[4.323s] [ 22%] [34m[1mGenerating C introspection for ROS interfaces[0m
[5.214s] [35m[1mScanning dependencies of target std_srvs__rosidl_typesupport_microxrcedds_cpp[0m
[5.217s] [35m[1mScanning dependencies of target std_srvs__rosidl_typesupport_cpp[0m
[5.219s] [35m[1mScanning dependencies of target std_srvs__rosidl_typesupport_introspection_cpp[0m
[5.247s] [ 23%] [32mBuilding CXX object CMakeFiles/std_srvs__rosidl_typesupport_cpp.dir/rosidl_typesupport_cpp/std_srvs/srv/trigger__type_support.cpp.o[0m
[5.255s] [ 27%] [32mBuilding CXX object CMakeFiles/std_srvs__rosidl_typesupport_cpp.dir/rosidl_typesupport_cpp/std_srvs/srv/set_bool__type_support.cpp.o[0m
[5.255s] [ 27%] [32mBuilding CXX object CMakeFiles/std_srvs__rosidl_typesupport_cpp.dir/rosidl_typesupport_cpp/std_srvs/srv/empty__type_support.cpp.o[0m
[5.282s] [ 28%] [32mBuilding CXX object CMakeFiles/std_srvs__rosidl_typesupport_introspection_cpp.dir/rosidl_typesupport_introspection_cpp/std_srvs/srv/detail/set_bool__type_support.cpp.o[0m
[5.290s] [ 30%] [32mBuilding CXX object CMakeFiles/std_srvs__rosidl_typesupport_introspection_cpp.dir/rosidl_typesupport_introspection_cpp/std_srvs/srv/detail/empty__type_support.cpp.o[0m
[5.290s] [ 32%] [32mBuilding CXX object CMakeFiles/std_srvs__rosidl_typesupport_microxrcedds_cpp.dir/rosidl_typesupport_microxrcedds_cpp/std_srvs/srv/detail/microxrcedds/empty__type_support_cpp.cpp.o[0m
[5.296s] [ 33%] [32mBuilding CXX object CMakeFiles/std_srvs__rosidl_typesupport_microxrcedds_cpp.dir/rosidl_typesupport_microxrcedds_cpp/std_srvs/srv/detail/microxrcedds/set_bool__type_support_cpp.cpp.o[0m
[5.323s] [ 35%] [32mBuilding CXX object CMakeFiles/std_srvs__rosidl_typesupport_introspection_cpp.dir/rosidl_typesupport_introspection_cpp/std_srvs/srv/detail/trigger__type_support.cpp.o[0m
[5.398s] [35m[1mScanning dependencies of target std_srvs__rosidl_typesupport_microxrcedds_c[0m
[5.468s] [ 37%] [32mBuilding C object CMakeFiles/std_srvs__rosidl_typesupport_microxrcedds_c.dir/rosidl_typesupport_microxrcedds_c/std_srvs/srv/detail/microxrcedds/empty__type_support_c.c.o[0m
[5.564s] [35m[1mScanning dependencies of target std_srvs__rosidl_typesupport_introspection_c[0m
[5.578s] [35m[1mScanning dependencies of target std_srvs__rosidl_typesupport_c[0m
[5.636s] [ 38%] [32mBuilding C object CMakeFiles/std_srvs__rosidl_typesupport_microxrcedds_c.dir/rosidl_typesupport_microxrcedds_c/std_srvs/srv/detail/microxrcedds/set_bool__type_support_c.c.o[0m
[5.636s] [35m[1mScanning dependencies of target std_srvs__rosidl_typesupport_fastrtps_cpp[0m
[5.654s] [ 40%] [32mBuilding C object CMakeFiles/std_srvs__rosidl_typesupport_introspection_c.dir/rosidl_typesupport_introspection_c/std_srvs/srv/detail/empty__type_support.c.o[0m
[5.670s] [ 42%] [32mBuilding CXX object CMakeFiles/std_srvs__rosidl_typesupport_c.dir/rosidl_typesupport_c/std_srvs/srv/empty__type_support.cpp.o[0m
[5.730s] [ 44%] [32mBuilding CXX object CMakeFiles/std_srvs__rosidl_typesupport_fastrtps_cpp.dir/rosidl_typesupport_fastrtps_cpp/std_srvs/srv/detail/dds_fastrtps/empty__type_support.cpp.o[0m
[5.877s] [ 45%] [32mBuilding C object CMakeFiles/std_srvs__rosidl_typesupport_microxrcedds_c.dir/rosidl_typesupport_microxrcedds_c/std_srvs/srv/detail/microxrcedds/trigger__type_support_c.c.o[0m
[5.880s] [ 47%] [32mBuilding C object CMakeFiles/std_srvs__rosidl_typesupport_introspection_c.dir/rosidl_typesupport_introspection_c/std_srvs/srv/detail/set_bool__type_support.c.o[0m
[5.921s] [ 49%] [32mBuilding CXX object CMakeFiles/std_srvs__rosidl_typesupport_c.dir/rosidl_typesupport_c/std_srvs/srv/set_bool__type_support.cpp.o[0m
[6.038s] [ 50%] [32mBuilding CXX object CMakeFiles/std_srvs__rosidl_typesupport_c.dir/rosidl_typesupport_c/std_srvs/srv/trigger__type_support.cpp.o[0m
[6.046s] [ 52%] [32mBuilding CXX object CMakeFiles/std_srvs__rosidl_typesupport_fastrtps_cpp.dir/rosidl_typesupport_fastrtps_cpp/std_srvs/srv/detail/dds_fastrtps/set_bool__type_support.cpp.o[0m
[6.068s] [ 54%] [32m[1mLinking C shared library libstd_srvs__rosidl_typesupport_microxrcedds_c.so[0m
[6.069s] [ 57%] [32mBuilding CXX object CMakeFiles/std_srvs__rosidl_typesupport_fastrtps_cpp.dir/rosidl_typesupport_fastrtps_cpp/std_srvs/srv/detail/dds_fastrtps/trigger__type_support.cpp.o[0m
[6.070s] [ 57%] [32mBuilding C object CMakeFiles/std_srvs__rosidl_typesupport_introspection_c.dir/rosidl_typesupport_introspection_c/std_srvs/srv/detail/trigger__type_support.c.o[0m
[6.177s] [ 59%] [32m[1mLinking CXX shared library libstd_srvs__rosidl_typesupport_c.so[0m
[6.248s] [ 61%] [32m[1mLinking CXX shared library libstd_srvs__rosidl_typesupport_cpp.so[0m
[6.269s] [ 62%] [32m[1mLinking C shared library libstd_srvs__rosidl_typesupport_introspection_c.so[0m
[6.274s] [ 62%] Built target std_srvs__rosidl_typesupport_microxrcedds_c
[6.285s] [ 64%] [32mBuilding CXX object CMakeFiles/std_srvs__rosidl_typesupport_microxrcedds_cpp.dir/rosidl_typesupport_microxrcedds_cpp/std_srvs/srv/detail/microxrcedds/trigger__type_support_cpp.cpp.o[0m
[6.390s] [ 64%] Built target std_srvs__rosidl_typesupport_introspection_c
[6.429s] [ 64%] Built target std_srvs__rosidl_typesupport_c
[6.466s] [ 64%] Built target std_srvs__rosidl_typesupport_cpp
[6.540s] [ 66%] [32m[1mLinking CXX shared library libstd_srvs__rosidl_typesupport_introspection_cpp.so[0m
[6.814s] [ 66%] Built target std_srvs__rosidl_typesupport_introspection_cpp
[7.020s] [ 67%] [32m[1mLinking CXX shared library libstd_srvs__rosidl_typesupport_fastrtps_cpp.so[0m
[7.022s] [ 69%] [32m[1mLinking CXX shared library libstd_srvs__rosidl_typesupport_microxrcedds_cpp.so[0m
[7.280s] [ 69%] Built target std_srvs__rosidl_typesupport_microxrcedds_cpp
[7.281s] [ 69%] Built target std_srvs__rosidl_typesupport_fastrtps_cpp
[7.342s] [ 71%] [34m[1mGenerating C type support for eProsima Fast-RTPS[0m
[8.321s] [35m[1mScanning dependencies of target std_srvs__rosidl_typesupport_fastrtps_c[0m
[8.414s] [ 72%] [32mBuilding CXX object CMakeFiles/std_srvs__rosidl_typesupport_fastrtps_c.dir/rosidl_typesupport_fastrtps_c/std_srvs/srv/detail/empty__type_support_c.cpp.o[0m
[8.424s] [ 74%] [32mBuilding CXX object CMakeFiles/std_srvs__rosidl_typesupport_fastrtps_c.dir/rosidl_typesupport_fastrtps_c/std_srvs/srv/detail/set_bool__type_support_c.cpp.o[0m
[8.435s] [ 76%] [32mBuilding CXX object CMakeFiles/std_srvs__rosidl_typesupport_fastrtps_c.dir/rosidl_typesupport_fastrtps_c/std_srvs/srv/detail/trigger__type_support_c.cpp.o[0m
[9.303s] [ 77%] [32m[1mLinking CXX shared library libstd_srvs__rosidl_typesupport_fastrtps_c.so[0m
[9.480s] [ 77%] Built target std_srvs__rosidl_typesupport_fastrtps_c
[9.550s] [35m[1mScanning dependencies of target std_srvs[0m
[9.573s] [ 77%] Built target std_srvs
[9.615s] [35m[1mScanning dependencies of target std_srvs__py[0m
[9.673s] [ 79%] [34m[1mGenerating Python code for ROS interfaces[0m
[10.850s] [ 79%] Built target std_srvs__py
[10.871s] [35m[1mScanning dependencies of target std_srvs__python[0m
[10.914s] [ 81%] [32mBuilding C object CMakeFiles/std_srvs__python.dir/rosidl_generator_py/std_srvs/srv/_empty_s.c.o[0m
[10.918s] [ 83%] [32mBuilding C object CMakeFiles/std_srvs__python.dir/rosidl_generator_py/std_srvs/srv/_set_bool_s.c.o[0m
[10.945s] [ 84%] [32mBuilding C object CMakeFiles/std_srvs__python.dir/rosidl_generator_py/std_srvs/srv/_trigger_s.c.o[0m
[11.207s] [ 86%] [32m[1mLinking C shared library rosidl_generator_py/std_srvs/libstd_srvs__python.so[0m
[11.328s] [ 86%] Built target std_srvs__python
[11.378s] [35m[1mScanning dependencies of target std_srvs__rosidl_typesupport_c__pyext[0m
[11.381s] [35m[1mScanning dependencies of target std_srvs__rosidl_typesupport_introspection_c__pyext[0m
[11.392s] [35m[1mScanning dependencies of target std_srvs__rosidl_typesupport_fastrtps_c__pyext[0m
[11.414s] [35m[1mScanning dependencies of target std_srvs__rosidl_typesupport_microxrcedds_c__pyext[0m
[11.435s] [ 88%] [32mBuilding C object CMakeFiles/std_srvs__rosidl_typesupport_introspection_c__pyext.dir/rosidl_generator_py/std_srvs/_std_srvs_s.ep.rosidl_typesupport_introspection_c.c.o[0m
[11.451s] [ 89%] [32mBuilding C object CMakeFiles/std_srvs__rosidl_typesupport_fastrtps_c__pyext.dir/rosidl_generator_py/std_srvs/_std_srvs_s.ep.rosidl_typesupport_fastrtps_c.c.o[0m
[11.460s] [ 91%] [32mBuilding C object CMakeFiles/std_srvs__rosidl_typesupport_c__pyext.dir/rosidl_generator_py/std_srvs/_std_srvs_s.ep.rosidl_typesupport_c.c.o[0m
[11.471s] [ 93%] [32mBuilding C object CMakeFiles/std_srvs__rosidl_typesupport_microxrcedds_c__pyext.dir/rosidl_generator_py/std_srvs/_std_srvs_s.ep.rosidl_typesupport_microxrcedds_c.c.o[0m
[11.641s] [ 94%] [32m[1mLinking CXX shared library rosidl_generator_py/std_srvs/std_srvs_s__rosidl_typesupport_fastrtps_c.cpython-38-x86_64-linux-gnu.so[0m
[11.665s] [ 96%] [32m[1mLinking C shared library rosidl_generator_py/std_srvs/std_srvs_s__rosidl_typesupport_introspection_c.cpython-38-x86_64-linux-gnu.so[0m
[11.687s] [ 98%] [32m[1mLinking C shared library rosidl_generator_py/std_srvs/std_srvs_s__rosidl_typesupport_c.cpython-38-x86_64-linux-gnu.so[0m
[11.718s] [100%] [32m[1mLinking C shared library rosidl_generator_py/std_srvs/std_srvs_s__rosidl_typesupport_microxrcedds_c.cpython-38-x86_64-linux-gnu.so[0m
[11.732s] [100%] Built target std_srvs__rosidl_typesupport_introspection_c__pyext
[11.768s] [100%] Built target std_srvs__rosidl_typesupport_fastrtps_c__pyext
[11.768s] [100%] Built target std_srvs__rosidl_typesupport_c__pyext
[11.793s] [100%] Built target std_srvs__rosidl_typesupport_microxrcedds_c__pyext
[11.814s] Invoked command in '/home/ngy/micro_ros/build/std_srvs' returned '0': CMAKE_PREFIX_PATH=${CMAKE_PREFIX_PATH}:/home/ngy/microros_ws/install/sensor_msgs_py:/opt/ros/foxy /usr/bin/cmake --build /home/ngy/micro_ros/build/std_srvs -- -j12 -l12
[12.651s] Invoking command in '/home/ngy/micro_ros/build/std_srvs': CMAKE_PREFIX_PATH=${CMAKE_PREFIX_PATH}:/home/ngy/microros_ws/install/sensor_msgs_py:/opt/ros/foxy /usr/bin/cmake --install /home/ngy/micro_ros/build/std_srvs
[13.695s] -- Install configuration: ""
[13.698s] -- Installing: /home/ngy/micro_ros/install/std_srvs/share/ament_index/resource_index/rosidl_interfaces/std_srvs
[13.698s] -- Installing: /home/ngy/micro_ros/install/std_srvs/include/std_srvs
[13.699s] -- Installing: /home/ngy/micro_ros/install/std_srvs/include/std_srvs/srv
[13.700s] -- Installing: /home/ngy/micro_ros/install/std_srvs/include/std_srvs/srv/set_bool.h
[13.700s] -- Installing: /home/ngy/micro_ros/install/std_srvs/include/std_srvs/srv/trigger.h
[13.701s] -- Installing: /home/ngy/micro_ros/install/std_srvs/include/std_srvs/srv/detail
[13.701s] -- Installing: /home/ngy/micro_ros/install/std_srvs/include/std_srvs/srv/detail/trigger__functions.c
[13.706s] -- Installing: /home/ngy/micro_ros/install/std_srvs/include/std_srvs/srv/detail/set_bool__functions.c
[13.706s] -- Installing: /home/ngy/micro_ros/install/std_srvs/include/std_srvs/srv/detail/empty__functions.h
[13.706s] -- Installing: /home/ngy/micro_ros/install/std_srvs/include/std_srvs/srv/detail/set_bool__struct.h
[13.706s] -- Installing: /home/ngy/micro_ros/install/std_srvs/include/std_srvs/srv/detail/empty__struct.h
[13.707s] -- Installing: /home/ngy/micro_ros/install/std_srvs/include/std_srvs/srv/detail/trigger__type_support.h
[13.707s] -- Installing: /home/ngy/micro_ros/install/std_srvs/include/std_srvs/srv/detail/empty__functions.c
[13.707s] -- Installing: /home/ngy/micro_ros/install/std_srvs/include/std_srvs/srv/detail/set_bool__type_support.h
[13.707s] -- Installing: /home/ngy/micro_ros/install/std_srvs/include/std_srvs/srv/detail/set_bool__functions.h
[13.707s] -- Installing: /home/ngy/micro_ros/install/std_srvs/include/std_srvs/srv/detail/empty__type_support.h
[13.707s] -- Installing: /home/ngy/micro_ros/install/std_srvs/include/std_srvs/srv/detail/trigger__struct.h
[13.707s] -- Installing: /home/ngy/micro_ros/install/std_srvs/include/std_srvs/srv/detail/trigger__functions.h
[13.707s] -- Installing: /home/ngy/micro_ros/install/std_srvs/include/std_srvs/srv/empty.h
[13.707s] -- Installing: /home/ngy/micro_ros/install/std_srvs/include/std_srvs/msg
[13.708s] -- Installing: /home/ngy/micro_ros/install/std_srvs/include/std_srvs/msg/rosidl_generator_c__visibility_control.h
[13.708s] -- Installing: /home/ngy/micro_ros/install/std_srvs/share/std_srvs/environment/library_path.sh
[13.708s] -- Installing: /home/ngy/micro_ros/install/std_srvs/share/std_srvs/environment/library_path.dsv
[13.708s] -- Installing: /home/ngy/micro_ros/install/std_srvs/lib/libstd_srvs__rosidl_generator_c.so
[13.708s] -- Set runtime path of "/home/ngy/micro_ros/install/std_srvs/lib/libstd_srvs__rosidl_generator_c.so" to ""
[13.708s] -- Up-to-date: /home/ngy/micro_ros/install/std_srvs/include/std_srvs
[13.708s] -- Up-to-date: /home/ngy/micro_ros/install/std_srvs/include/std_srvs/srv
[13.708s] -- Up-to-date: /home/ngy/micro_ros/install/std_srvs/include/std_srvs/srv/detail
[13.709s] -- Installing: /home/ngy/micro_ros/install/std_srvs/include/std_srvs/srv/detail/microxrcedds
[13.709s] -- Installing: /home/ngy/micro_ros/install/std_srvs/include/std_srvs/srv/detail/empty__rosidl_typesupport_microxrcedds_c.h
[13.709s] -- Installing: /home/ngy/micro_ros/install/std_srvs/include/std_srvs/srv/detail/set_bool__rosidl_typesupport_microxrcedds_c.h
[13.709s] -- Installing: /home/ngy/micro_ros/install/std_srvs/include/std_srvs/srv/detail/trigger__rosidl_typesupport_microxrcedds_c.h
[13.709s] -- Up-to-date: /home/ngy/micro_ros/install/std_srvs/include/std_srvs/msg
[13.709s] -- Installing: /home/ngy/micro_ros/install/std_srvs/include/std_srvs/msg/rosidl_typesupport_microxrcedds_c__visibility_control.h
[13.709s] -- Installing: /home/ngy/micro_ros/install/std_srvs/lib/libstd_srvs__rosidl_typesupport_microxrcedds_c.so
[13.709s] -- Set runtime path of "/home/ngy/micro_ros/install/std_srvs/lib/libstd_srvs__rosidl_typesupport_microxrcedds_c.so" to ""
[13.709s] -- Up-to-date: /home/ngy/micro_ros/install/std_srvs/include/std_srvs
[13.710s] -- Up-to-date: /home/ngy/micro_ros/install/std_srvs/include/std_srvs/srv
[13.710s] -- Up-to-date: /home/ngy/micro_ros/install/std_srvs/include/std_srvs/srv/detail
[13.710s] -- Installing: /home/ngy/micro_ros/install/std_srvs/include/std_srvs/srv/detail/empty__rosidl_typesupport_fastrtps_c.h
[13.710s] -- Installing: /home/ngy/micro_ros/install/std_srvs/include/std_srvs/srv/detail/set_bool__rosidl_typesupport_fastrtps_c.h
[13.710s] -- Installing: /home/ngy/micro_ros/install/std_srvs/include/std_srvs/srv/detail/trigger__rosidl_typesupport_fastrtps_c.h
[13.710s] -- Up-to-date: /home/ngy/micro_ros/install/std_srvs/include/std_srvs/msg
[13.710s] -- Installing: /home/ngy/micro_ros/install/std_srvs/include/std_srvs/msg/rosidl_typesupport_fastrtps_c__visibility_control.h
[13.710s] -- Installing: /home/ngy/micro_ros/install/std_srvs/lib/libstd_srvs__rosidl_typesupport_fastrtps_c.so
[13.711s] -- Set runtime path of "/home/ngy/micro_ros/install/std_srvs/lib/libstd_srvs__rosidl_typesupport_fastrtps_c.so" to ""
[13.711s] -- Up-to-date: /home/ngy/micro_ros/install/std_srvs/include/std_srvs
[13.711s] -- Up-to-date: /home/ngy/micro_ros/install/std_srvs/include/std_srvs/srv
[13.711s] -- Up-to-date: /home/ngy/micro_ros/install/std_srvs/include/std_srvs/srv/detail
[13.711s] -- Installing: /home/ngy/micro_ros/install/std_srvs/include/std_srvs/srv/detail/set_bool__rosidl_typesupport_fastrtps_cpp.hpp
[13.711s] -- Installing: /home/ngy/micro_ros/install/std_srvs/include/std_srvs/srv/detail/trigger__rosidl_typesupport_fastrtps_cpp.hpp
[13.711s] -- Installing: /home/ngy/micro_ros/install/std_srvs/include/std_srvs/srv/detail/empty__rosidl_typesupport_fastrtps_cpp.hpp
[13.711s] -- Installing: /home/ngy/micro_ros/install/std_srvs/include/std_srvs/srv/detail/dds_fastrtps
[13.712s] -- Up-to-date: /home/ngy/micro_ros/install/std_srvs/include/std_srvs/msg
[13.712s] -- Installing: /home/ngy/micro_ros/install/std_srvs/include/std_srvs/msg/rosidl_typesupport_fastrtps_cpp__visibility_control.h
[13.712s] -- Installing: /home/ngy/micro_ros/install/std_srvs/lib/libstd_srvs__rosidl_typesupport_fastrtps_cpp.so
[13.712s] -- Set runtime path of "/home/ngy/micro_ros/install/std_srvs/lib/libstd_srvs__rosidl_typesupport_fastrtps_cpp.so" to ""
[13.712s] -- Up-to-date: /home/ngy/micro_ros/install/std_srvs/include/std_srvs
[13.712s] -- Up-to-date: /home/ngy/micro_ros/install/std_srvs/include/std_srvs/srv
[13.712s] -- Up-to-date: /home/ngy/micro_ros/install/std_srvs/include/std_srvs/srv/detail
[13.712s] -- Installing: /home/ngy/micro_ros/install/std_srvs/include/std_srvs/srv/detail/empty__type_support.c
[13.713s] -- Installing: /home/ngy/micro_ros/install/std_srvs/include/std_srvs/srv/detail/set_bool__type_support.c
[13.713s] -- Installing: /home/ngy/micro_ros/install/std_srvs/include/std_srvs/srv/detail/set_bool__rosidl_typesupport_introspection_c.h
[13.713s] -- Installing: /home/ngy/micro_ros/install/std_srvs/include/std_srvs/srv/detail/empty__rosidl_typesupport_introspection_c.h
[13.713s] -- Installing: /home/ngy/micro_ros/install/std_srvs/include/std_srvs/srv/detail/trigger__type_support.c
[13.713s] -- Installing: /home/ngy/micro_ros/install/std_srvs/include/std_srvs/srv/detail/trigger__rosidl_typesupport_introspection_c.h
[13.713s] -- Up-to-date: /home/ngy/micro_ros/install/std_srvs/include/std_srvs/msg
[13.713s] -- Installing: /home/ngy/micro_ros/install/std_srvs/include/std_srvs/msg/rosidl_typesupport_introspection_c__visibility_control.h
[13.713s] -- Installing: /home/ngy/micro_ros/install/std_srvs/lib/libstd_srvs__rosidl_typesupport_introspection_c.so
[13.713s] -- Set runtime path of "/home/ngy/micro_ros/install/std_srvs/lib/libstd_srvs__rosidl_typesupport_introspection_c.so" to ""
[13.714s] -- Installing: /home/ngy/micro_ros/install/std_srvs/lib/libstd_srvs__rosidl_typesupport_c.so
[13.714s] -- Set runtime path of "/home/ngy/micro_ros/install/std_srvs/lib/libstd_srvs__rosidl_typesupport_c.so" to ""
[13.714s] -- Up-to-date: /home/ngy/micro_ros/install/std_srvs/include/std_srvs
[13.714s] -- Up-to-date: /home/ngy/micro_ros/install/std_srvs/include/std_srvs/srv
[13.714s] -- Up-to-date: /home/ngy/micro_ros/install/std_srvs/include/std_srvs/srv/detail
[13.714s] -- Installing: /home/ngy/micro_ros/install/std_srvs/include/std_srvs/srv/detail/set_bool__traits.hpp
[13.714s] -- Installing: /home/ngy/micro_ros/install/std_srvs/include/std_srvs/srv/detail/trigger__builder.hpp
[13.714s] -- Installing: /home/ngy/micro_ros/install/std_srvs/include/std_srvs/srv/detail/empty__builder.hpp
[13.715s] -- Installing: /home/ngy/micro_ros/install/std_srvs/include/std_srvs/srv/detail/set_bool__builder.hpp
[13.715s] -- Installing: /home/ngy/micro_ros/install/std_srvs/include/std_srvs/srv/detail/set_bool__struct.hpp
[13.715s] -- Installing: /home/ngy/micro_ros/install/std_srvs/include/std_srvs/srv/detail/empty__struct.hpp
[13.715s] -- Installing: /home/ngy/micro_ros/install/std_srvs/include/std_srvs/srv/detail/trigger__struct.hpp
[13.715s] -- Installing: /home/ngy/micro_ros/install/std_srvs/include/std_srvs/srv/detail/trigger__traits.hpp
[13.715s] -- Installing: /home/ngy/micro_ros/install/std_srvs/include/std_srvs/srv/detail/empty__traits.hpp
[13.715s] -- Installing: /home/ngy/micro_ros/install/std_srvs/include/std_srvs/srv/set_bool.hpp
[13.715s] -- Installing: /home/ngy/micro_ros/install/std_srvs/include/std_srvs/srv/empty.hpp
[13.715s] -- Installing: /home/ngy/micro_ros/install/std_srvs/include/std_srvs/srv/trigger.hpp
[13.716s] -- Up-to-date: /home/ngy/micro_ros/install/std_srvs/include/std_srvs
[13.716s] -- Up-to-date: /home/ngy/micro_ros/install/std_srvs/include/std_srvs/srv
[13.716s] -- Up-to-date: /home/ngy/micro_ros/install/std_srvs/include/std_srvs/srv/detail
[13.716s] -- Up-to-date: /home/ngy/micro_ros/install/std_srvs/include/std_srvs/srv/detail/microxrcedds
[13.716s] -- Installing: /home/ngy/micro_ros/install/std_srvs/include/std_srvs/srv/detail/microxrcedds/trigger__type_support_cpp.cpp
[13.716s] -- Installing: /home/ngy/micro_ros/install/std_srvs/include/std_srvs/srv/detail/microxrcedds/set_bool__type_support_cpp.cpp
[13.717s] -- Installing: /home/ngy/micro_ros/install/std_srvs/include/std_srvs/srv/detail/microxrcedds/empty__type_support_cpp.cpp
[13.717s] -- Installing: /home/ngy/micro_ros/install/std_srvs/include/std_srvs/srv/detail/set_bool__rosidl_typesupport_microxrcedds_cpp.hpp
[13.717s] -- Installing: /home/ngy/micro_ros/install/std_srvs/include/std_srvs/srv/detail/trigger__rosidl_typesupport_microxrcedds_cpp.hpp
[13.717s] -- Installing: /home/ngy/micro_ros/install/std_srvs/include/std_srvs/srv/detail/empty__rosidl_typesupport_microxrcedds_cpp.hpp
[13.717s] -- Up-to-date: /home/ngy/micro_ros/install/std_srvs/include/std_srvs/msg
[13.717s] -- Installing: /home/ngy/micro_ros/install/std_srvs/include/std_srvs/msg/rosidl_typesupport_microxrcedds_cpp__visibility_control.h
[13.717s] -- Installing: /home/ngy/micro_ros/install/std_srvs/lib/libstd_srvs__rosidl_typesupport_microxrcedds_cpp.so
[13.718s] -- Set runtime path of "/home/ngy/micro_ros/install/std_srvs/lib/libstd_srvs__rosidl_typesupport_microxrcedds_cpp.so" to ""
[13.718s] -- Up-to-date: /home/ngy/micro_ros/install/std_srvs/include/std_srvs
[13.718s] -- Up-to-date: /home/ngy/micro_ros/install/std_srvs/include/std_srvs/srv
[13.718s] -- Up-to-date: /home/ngy/micro_ros/install/std_srvs/include/std_srvs/srv/detail
[13.718s] -- Installing: /home/ngy/micro_ros/install/std_srvs/include/std_srvs/srv/detail/set_bool__type_support.cpp
[13.718s] -- Installing: /home/ngy/micro_ros/install/std_srvs/include/std_srvs/srv/detail/trigger__type_support.cpp
[13.718s] -- Installing: /home/ngy/micro_ros/install/std_srvs/include/std_srvs/srv/detail/empty__rosidl_typesupport_introspection_cpp.hpp
[13.718s] -- Installing: /home/ngy/micro_ros/install/std_srvs/include/std_srvs/srv/detail/set_bool__rosidl_typesupport_introspection_cpp.hpp
[13.718s] -- Installing: /home/ngy/micro_ros/install/std_srvs/include/std_srvs/srv/detail/trigger__rosidl_typesupport_introspection_cpp.hpp
[13.719s] -- Installing: /home/ngy/micro_ros/install/std_srvs/include/std_srvs/srv/detail/empty__type_support.cpp
[13.719s] -- Installing: /home/ngy/micro_ros/install/std_srvs/lib/libstd_srvs__rosidl_typesupport_introspection_cpp.so
[13.719s] -- Set runtime path of "/home/ngy/micro_ros/install/std_srvs/lib/libstd_srvs__rosidl_typesupport_introspection_cpp.so" to ""
[13.719s] -- Installing: /home/ngy/micro_ros/install/std_srvs/lib/libstd_srvs__rosidl_typesupport_cpp.so
[13.719s] -- Set runtime path of "/home/ngy/micro_ros/install/std_srvs/lib/libstd_srvs__rosidl_typesupport_cpp.so" to ""
[13.719s] -- Installing: /home/ngy/micro_ros/install/std_srvs/share/std_srvs/environment/pythonpath.sh
[13.719s] -- Installing: /home/ngy/micro_ros/install/std_srvs/share/std_srvs/environment/pythonpath.dsv
[13.719s] -- Installing: /home/ngy/micro_ros/install/std_srvs/lib/python3.8/site-packages/std_srvs/__init__.py
[13.719s] Compiling '/home/ngy/micro_ros/install/std_srvs/lib/python3.8/site-packages/std_srvs/__init__.py'...
[13.719s] -- Installing: /home/ngy/micro_ros/install/std_srvs/lib/python3.8/site-packages/std_srvs/srv
[13.719s] -- Installing: /home/ngy/micro_ros/install/std_srvs/lib/python3.8/site-packages/std_srvs/srv/_trigger.py
[13.719s] -- Installing: /home/ngy/micro_ros/install/std_srvs/lib/python3.8/site-packages/std_srvs/srv/_trigger_s.c
[13.719s] -- Installing: /home/ngy/micro_ros/install/std_srvs/lib/python3.8/site-packages/std_srvs/srv/_empty.py
[13.719s] -- Installing: /home/ngy/micro_ros/install/std_srvs/lib/python3.8/site-packages/std_srvs/srv/_set_bool_s.c
[13.720s] -- Installing: /home/ngy/micro_ros/install/std_srvs/lib/python3.8/site-packages/std_srvs/srv/__init__.py
[13.720s] -- Installing: /home/ngy/micro_ros/install/std_srvs/lib/python3.8/site-packages/std_srvs/srv/_set_bool.py
[13.720s] -- Installing: /home/ngy/micro_ros/install/std_srvs/lib/python3.8/site-packages/std_srvs/srv/_empty_s.c
[13.720s] -- Installing: /home/ngy/micro_ros/install/std_srvs/lib/python3.8/site-packages/std_srvs/std_srvs_s__rosidl_typesupport_microxrcedds_c.cpython-38-x86_64-linux-gnu.so
[13.720s] -- Set runtime path of "/home/ngy/micro_ros/install/std_srvs/lib/python3.8/site-packages/std_srvs/std_srvs_s__rosidl_typesupport_microxrcedds_c.cpython-38-x86_64-linux-gnu.so" to ""
[13.720s] -- Installing: /home/ngy/micro_ros/install/std_srvs/lib/python3.8/site-packages/std_srvs/std_srvs_s__rosidl_typesupport_fastrtps_c.cpython-38-x86_64-linux-gnu.so
[13.720s] -- Set runtime path of "/home/ngy/micro_ros/install/std_srvs/lib/python3.8/site-packages/std_srvs/std_srvs_s__rosidl_typesupport_fastrtps_c.cpython-38-x86_64-linux-gnu.so" to ""
[13.720s] -- Installing: /home/ngy/micro_ros/install/std_srvs/lib/python3.8/site-packages/std_srvs/std_srvs_s__rosidl_typesupport_introspection_c.cpython-38-x86_64-linux-gnu.so
[13.720s] -- Set runtime path of "/home/ngy/micro_ros/install/std_srvs/lib/python3.8/site-packages/std_srvs/std_srvs_s__rosidl_typesupport_introspection_c.cpython-38-x86_64-linux-gnu.so" to ""
[13.720s] -- Installing: /home/ngy/micro_ros/install/std_srvs/lib/python3.8/site-packages/std_srvs/std_srvs_s__rosidl_typesupport_c.cpython-38-x86_64-linux-gnu.so
[13.720s] -- Set runtime path of "/home/ngy/micro_ros/install/std_srvs/lib/python3.8/site-packages/std_srvs/std_srvs_s__rosidl_typesupport_c.cpython-38-x86_64-linux-gnu.so" to ""
[13.720s] -- Installing: /home/ngy/micro_ros/install/std_srvs/lib/libstd_srvs__python.so
[13.720s] -- Set runtime path of "/home/ngy/micro_ros/install/std_srvs/lib/libstd_srvs__python.so" to ""
[13.720s] -- Installing: /home/ngy/micro_ros/install/std_srvs/share/std_srvs/srv/Empty.idl
[13.721s] -- Installing: /home/ngy/micro_ros/install/std_srvs/share/std_srvs/srv/SetBool.idl
[13.721s] -- Installing: /home/ngy/micro_ros/install/std_srvs/share/std_srvs/srv/Trigger.idl
[13.721s] -- Installing: /home/ngy/micro_ros/install/std_srvs/share/std_srvs/srv/Empty.srv
[13.721s] -- Installing: /home/ngy/micro_ros/install/std_srvs/share/std_srvs/srv/Empty_Request.msg
[13.721s] -- Installing: /home/ngy/micro_ros/install/std_srvs/share/std_srvs/srv/Empty_Response.msg
[13.721s] -- Installing: /home/ngy/micro_ros/install/std_srvs/share/std_srvs/srv/SetBool.srv
[13.721s] -- Installing: /home/ngy/micro_ros/install/std_srvs/share/std_srvs/srv/SetBool_Request.msg
[13.721s] -- Installing: /home/ngy/micro_ros/install/std_srvs/share/std_srvs/srv/SetBool_Response.msg
[13.721s] -- Installing: /home/ngy/micro_ros/install/std_srvs/share/std_srvs/srv/Trigger.srv
[13.721s] -- Installing: /home/ngy/micro_ros/install/std_srvs/share/std_srvs/srv/Trigger_Request.msg
[13.721s] -- Installing: /home/ngy/micro_ros/install/std_srvs/share/std_srvs/srv/Trigger_Response.msg
[13.721s] -- Installing: /home/ngy/micro_ros/install/std_srvs/share/ament_index/resource_index/package_run_dependencies/std_srvs
[13.722s] -- Installing: /home/ngy/micro_ros/install/std_srvs/share/ament_index/resource_index/parent_prefix_path/std_srvs
[13.722s] -- Installing: /home/ngy/micro_ros/install/std_srvs/share/std_srvs/environment/ament_prefix_path.sh
[13.722s] -- Installing: /home/ngy/micro_ros/install/std_srvs/share/std_srvs/environment/ament_prefix_path.dsv
[13.722s] -- Installing: /home/ngy/micro_ros/install/std_srvs/share/std_srvs/environment/path.sh
[13.722s] -- Installing: /home/ngy/micro_ros/install/std_srvs/share/std_srvs/environment/path.dsv
[13.722s] -- Installing: /home/ngy/micro_ros/install/std_srvs/share/std_srvs/local_setup.bash
[13.722s] -- Installing: /home/ngy/micro_ros/install/std_srvs/share/std_srvs/local_setup.sh
[13.722s] -- Installing: /home/ngy/micro_ros/install/std_srvs/share/std_srvs/local_setup.zsh
[13.722s] -- Installing: /home/ngy/micro_ros/install/std_srvs/share/std_srvs/local_setup.dsv
[13.722s] -- Installing: /home/ngy/micro_ros/install/std_srvs/share/std_srvs/package.dsv
[13.722s] -- Installing: /home/ngy/micro_ros/install/std_srvs/share/ament_index/resource_index/packages/std_srvs
[13.722s] -- Installing: /home/ngy/micro_ros/install/std_srvs/share/std_srvs/cmake/std_srvs__rosidl_generator_cExport.cmake
[13.722s] -- Installing: /home/ngy/micro_ros/install/std_srvs/share/std_srvs/cmake/std_srvs__rosidl_generator_cExport-noconfig.cmake
[13.722s] -- Installing: /home/ngy/micro_ros/install/std_srvs/share/std_srvs/cmake/std_srvs__rosidl_typesupport_introspection_cExport.cmake
[13.723s] -- Installing: /home/ngy/micro_ros/install/std_srvs/share/std_srvs/cmake/std_srvs__rosidl_typesupport_introspection_cExport-noconfig.cmake
[13.723s] -- Installing: /home/ngy/micro_ros/install/std_srvs/share/std_srvs/cmake/std_srvs__rosidl_typesupport_cExport.cmake
[13.723s] -- Installing: /home/ngy/micro_ros/install/std_srvs/share/std_srvs/cmake/std_srvs__rosidl_typesupport_cExport-noconfig.cmake
[13.723s] -- Installing: /home/ngy/micro_ros/install/std_srvs/share/std_srvs/cmake/std_srvs__rosidl_generator_cppExport.cmake
[13.723s] -- Installing: /home/ngy/micro_ros/install/std_srvs/share/std_srvs/cmake/std_srvs__rosidl_typesupport_introspection_cppExport.cmake
[13.723s] -- Installing: /home/ngy/micro_ros/install/std_srvs/share/std_srvs/cmake/std_srvs__rosidl_typesupport_introspection_cppExport-noconfig.cmake
[13.723s] -- Installing: /home/ngy/micro_ros/install/std_srvs/share/std_srvs/cmake/std_srvs__rosidl_typesupport_cppExport.cmake
[13.723s] -- Installing: /home/ngy/micro_ros/install/std_srvs/share/std_srvs/cmake/std_srvs__rosidl_typesupport_cppExport-noconfig.cmake
[13.723s] -- Installing: /home/ngy/micro_ros/install/std_srvs/share/std_srvs/cmake/rosidl_cmake-extras.cmake
[13.723s] -- Installing: /home/ngy/micro_ros/install/std_srvs/share/std_srvs/cmake/ament_cmake_export_dependencies-extras.cmake
[13.723s] -- Installing: /home/ngy/micro_ros/install/std_srvs/share/std_srvs/cmake/ament_cmake_export_libraries-extras.cmake
[13.723s] -- Installing: /home/ngy/micro_ros/install/std_srvs/share/std_srvs/cmake/ament_cmake_export_targets-extras.cmake
[13.723s] -- Installing: /home/ngy/micro_ros/install/std_srvs/share/std_srvs/cmake/ament_cmake_export_include_directories-extras.cmake
[13.723s] -- Installing: /home/ngy/micro_ros/install/std_srvs/share/std_srvs/cmake/rosidl_cmake_export_typesupport_libraries-extras.cmake
[13.723s] -- Installing: /home/ngy/micro_ros/install/std_srvs/share/std_srvs/cmake/rosidl_cmake_export_typesupport_targets-extras.cmake
[13.724s] -- Installing: /home/ngy/micro_ros/install/std_srvs/share/std_srvs/cmake/std_srvsConfig.cmake
[13.724s] -- Installing: /home/ngy/micro_ros/install/std_srvs/share/std_srvs/cmake/std_srvsConfig-version.cmake
[13.724s] -- Installing: /home/ngy/micro_ros/install/std_srvs/share/std_srvs/package.xml
[13.725s] Invoked command in '/home/ngy/micro_ros/build/std_srvs' returned '0': CMAKE_PREFIX_PATH=${CMAKE_PREFIX_PATH}:/home/ngy/microros_ws/install/sensor_msgs_py:/opt/ros/foxy /usr/bin/cmake --install /home/ngy/micro_ros/build/std_srvs
