[0.069s] Invoking command in '/home/ngy/micro_ros/build/rosgraph_msgs': AMENT_PREFIX_PATH=/home/ngy/micro_ros/install/builtin_interfaces:${AMENT_PREFIX_PATH} CMAKE_PREFIX_PATH=/home/ngy/micro_ros/install/builtin_interfaces:/home/ngy/micro_ros/install/rosidl_typesupport_microxrcedds_cpp:/home/ngy/micro_ros/install/rosidl_typesupport_microxrcedds_c:/home/ngy/micro_ros/install/microcdr:/home/ngy/micro_ros/install/micro_ros_msgs:/home/ngy/micro_ros/install/micro_ros_setup:/home/ngy/microros_ws/install/micro_ros_agent:/home/ngy/microros_ws/install/common_interfaces:/home/ngy/microros_ws/install/visualization_msgs:/home/ngy/microros_ws/install/test_msgs:/home/ngy/microros_ws/install/micro_ros_demos_rclc:/home/ngy/microros_ws/install/example_interfaces:/home/ngy/microros_ws/install/action_msgs:/home/ngy/microros_ws/install/unique_identifier_msgs:/home/ngy/microros_ws/install/trajectory_msgs:/home/ngy/microros_ws/install/stereo_msgs:/home/ngy/microros_ws/install/std_srvs:/home/ngy/microros_ws/install/shape_msgs:/home/ngy/microros_ws/install/sensor_msgs:/home/ngy/microros_ws/install/nav_msgs:/home/ngy/microros_ws/install/diagnostic_msgs:/home/ngy/microros_ws/install/geometry_msgs:/home/ngy/microros_ws/install/actionlib_msgs:/home/ngy/microros_ws/install/std_msgs:/home/ngy/microros_ws/install/statistics_msgs:/home/ngy/microros_ws/install/rosidl_typesupport_microxrcedds_test_msg:/home/ngy/microros_ws/install/rosidl_typesupport_microxrcedds_cpp_tests:/home/ngy/microros_ws/install/rmw_microxrcedds:/home/ngy/microros_ws/install/rosidl_typesupport_microxrcedds_cpp:/home/ngy/microros_ws/install/rosidl_typesupport_microxrcedds_c_tests:/home/ngy/microros_ws/install/rosidl_typesupport_microxrcedds_c:/home/ngy/microros_ws/install/rosgraph_msgs:/home/ngy/microros_ws/install/rclc_parameter:/home/ngy/microros_ws/install/rclc:/home/ngy/microros_ws/install/composition_interfaces:/home/ngy/microros_ws/install/rcl_interfaces:/home/ngy/microros_ws/install/microxrcedds_client:/home/ngy/microros_ws/install/microcdr:/home/ngy/microros_ws/install/micro_ros_msgs:/home/ngy/microros_ws/install/micro_ros_demos_rclcpp:/home/ngy/microros_ws/install/lifecycle_msgs:/home/ngy/microros_ws/install/complex_msgs:/home/ngy/microros_ws/install/builtin_interfaces:/home/ngy/microros_ws/install/micro_ros_setup:/home/ngy/microros_ws/install/sensor_msgs_py:/opt/ros/foxy LD_LIBRARY_PATH=/home/ngy/micro_ros/install/builtin_interfaces/lib:${LD_LIBRARY_PATH} PYTHONPATH=/home/ngy/micro_ros/install/builtin_interfaces/lib/python3.8/site-packages:${PYTHONPATH} /usr/bin/cmake /home/ngy/micro_ros/src/ros2/rcl_interfaces/rosgraph_msgs -DBUILD_TESTING=OFF -DBUILD_SHARED_LIBS=ON -DCMAKE_INSTALL_PREFIX=/home/ngy/micro_ros/install/rosgraph_msgs
[0.180s] -- The C compiler identification is GNU 9.4.0
[0.304s] -- The CXX compiler identification is GNU 9.4.0
[0.317s] -- Check for working C compiler: /usr/bin/cc
[0.593s] -- Check for working C compiler: /usr/bin/cc -- works
[0.595s] -- Detecting C compiler ABI info
[0.832s] -- Detecting C compiler ABI info - done
[0.865s] -- Detecting C compile features
[0.866s] -- Detecting C compile features - done
[0.873s] -- Check for working CXX compiler: /usr/bin/c++
[1.050s] -- Check for working CXX compiler: /usr/bin/c++ -- works
[1.052s] -- Detecting CXX compiler ABI info
[1.207s] -- Detecting CXX compiler ABI info - done
[1.275s] -- Detecting CXX compile features
[1.281s] -- Detecting CXX compile features - done
[1.292s] -- Found ament_cmake: 0.9.11 (/opt/ros/foxy/share/ament_cmake/cmake)
[1.410s] -- Found PythonInterp: /usr/bin/python3 (found suitable version "3.8.10", minimum required is "3") 
[1.410s] -- Using PYTHON_EXECUTABLE: /usr/bin/python3
[1.996s] -- Found builtin_interfaces: 1.0.0 (/home/ngy/micro_ros/install/builtin_interfaces/share/builtin_interfaces/cmake)
[2.052s] -- Using all available rosidl_typesupport_c: rosidl_typesupport_microxrcedds_c;rosidl_typesupport_fastrtps_c;rosidl_typesupport_introspection_c
[2.063s] -- Found rosidl_adapter: 1.3.0 (/opt/ros/foxy/share/rosidl_adapter/cmake)
[2.212s] -- Found OpenSSL: /usr/lib/x86_64-linux-gnu/libcrypto.so (found version "1.1.1f")  
[2.257s] -- Found FastRTPS: /opt/ros/foxy/include  
[2.346s] -- Using all available rosidl_typesupport_cpp: rosidl_typesupport_microxrcedds_cpp;rosidl_typesupport_fastrtps_cpp;rosidl_typesupport_introspection_cpp
[2.388s] -- Found rosidl_default_generators: 1.0.1 (/opt/ros/foxy/share/rosidl_default_generators/cmake)
[2.434s] -- Found PythonInterp: /usr/bin/python3 (found version "3.8.10") 
[2.576s] -- Found ament_cmake_ros: 0.9.2 (/opt/ros/foxy/share/ament_cmake_ros/cmake)
[2.727s] -- Using all available rosidl_typesupport_c: rosidl_typesupport_microxrcedds_c;rosidl_typesupport_fastrtps_c;rosidl_typesupport_introspection_c
[2.754s] -- Using all available rosidl_typesupport_cpp: rosidl_typesupport_microxrcedds_cpp;rosidl_typesupport_fastrtps_cpp;rosidl_typesupport_introspection_cpp
[2.783s] -- Found PythonInterp: /usr/bin/python3 (found suitable version "3.8.10", minimum required is "3.5") 
[2.785s] -- Found python_cmake_module: 0.8.1 (/opt/ros/foxy/share/python_cmake_module/cmake)
[2.818s] -- Found PythonLibs: /usr/lib/x86_64-linux-gnu/libpython3.8.so (found suitable version "3.8.10", minimum required is "3.5") 
[2.818s] -- Using PYTHON_EXECUTABLE: /usr/bin/python3
[2.818s] -- Using PYTHON_INCLUDE_DIRS: /usr/include/python3.8
[2.818s] -- Using PYTHON_LIBRARIES: /usr/lib/x86_64-linux-gnu/libpython3.8.so
[2.854s] -- Found PythonExtra: .so  
[2.979s] -- Configuring done
[3.064s] -- Generating done
[3.065s] -- Build files have been written to: /home/ngy/micro_ros/build/rosgraph_msgs
[3.088s] Invoked command in '/home/ngy/micro_ros/build/rosgraph_msgs' returned '0': AMENT_PREFIX_PATH=/home/ngy/micro_ros/install/builtin_interfaces:${AMENT_PREFIX_PATH} CMAKE_PREFIX_PATH=/home/ngy/micro_ros/install/builtin_interfaces:/home/ngy/micro_ros/install/rosidl_typesupport_microxrcedds_cpp:/home/ngy/micro_ros/install/rosidl_typesupport_microxrcedds_c:/home/ngy/micro_ros/install/microcdr:/home/ngy/micro_ros/install/micro_ros_msgs:/home/ngy/micro_ros/install/micro_ros_setup:/home/ngy/microros_ws/install/micro_ros_agent:/home/ngy/microros_ws/install/common_interfaces:/home/ngy/microros_ws/install/visualization_msgs:/home/ngy/microros_ws/install/test_msgs:/home/ngy/microros_ws/install/micro_ros_demos_rclc:/home/ngy/microros_ws/install/example_interfaces:/home/ngy/microros_ws/install/action_msgs:/home/ngy/microros_ws/install/unique_identifier_msgs:/home/ngy/microros_ws/install/trajectory_msgs:/home/ngy/microros_ws/install/stereo_msgs:/home/ngy/microros_ws/install/std_srvs:/home/ngy/microros_ws/install/shape_msgs:/home/ngy/microros_ws/install/sensor_msgs:/home/ngy/microros_ws/install/nav_msgs:/home/ngy/microros_ws/install/diagnostic_msgs:/home/ngy/microros_ws/install/geometry_msgs:/home/ngy/microros_ws/install/actionlib_msgs:/home/ngy/microros_ws/install/std_msgs:/home/ngy/microros_ws/install/statistics_msgs:/home/ngy/microros_ws/install/rosidl_typesupport_microxrcedds_test_msg:/home/ngy/microros_ws/install/rosidl_typesupport_microxrcedds_cpp_tests:/home/ngy/microros_ws/install/rmw_microxrcedds:/home/ngy/microros_ws/install/rosidl_typesupport_microxrcedds_cpp:/home/ngy/microros_ws/install/rosidl_typesupport_microxrcedds_c_tests:/home/ngy/microros_ws/install/rosidl_typesupport_microxrcedds_c:/home/ngy/microros_ws/install/rosgraph_msgs:/home/ngy/microros_ws/install/rclc_parameter:/home/ngy/microros_ws/install/rclc:/home/ngy/microros_ws/install/composition_interfaces:/home/ngy/microros_ws/install/rcl_interfaces:/home/ngy/microros_ws/install/microxrcedds_client:/home/ngy/microros_ws/install/microcdr:/home/ngy/microros_ws/install/micro_ros_msgs:/home/ngy/microros_ws/install/micro_ros_demos_rclcpp:/home/ngy/microros_ws/install/lifecycle_msgs:/home/ngy/microros_ws/install/complex_msgs:/home/ngy/microros_ws/install/builtin_interfaces:/home/ngy/microros_ws/install/micro_ros_setup:/home/ngy/microros_ws/install/sensor_msgs_py:/opt/ros/foxy LD_LIBRARY_PATH=/home/ngy/micro_ros/install/builtin_interfaces/lib:${LD_LIBRARY_PATH} PYTHONPATH=/home/ngy/micro_ros/install/builtin_interfaces/lib/python3.8/site-packages:${PYTHONPATH} /usr/bin/cmake /home/ngy/micro_ros/src/ros2/rcl_interfaces/rosgraph_msgs -DBUILD_TESTING=OFF -DBUILD_SHARED_LIBS=ON -DCMAKE_INSTALL_PREFIX=/home/ngy/micro_ros/install/rosgraph_msgs
[3.093s] Invoking command in '/home/ngy/micro_ros/build/rosgraph_msgs': AMENT_PREFIX_PATH=/home/ngy/micro_ros/install/builtin_interfaces:${AMENT_PREFIX_PATH} CMAKE_PREFIX_PATH=/home/ngy/micro_ros/install/builtin_interfaces:/home/ngy/micro_ros/install/rosidl_typesupport_microxrcedds_cpp:/home/ngy/micro_ros/install/rosidl_typesupport_microxrcedds_c:/home/ngy/micro_ros/install/microcdr:/home/ngy/micro_ros/install/micro_ros_msgs:/home/ngy/micro_ros/install/micro_ros_setup:/home/ngy/microros_ws/install/micro_ros_agent:/home/ngy/microros_ws/install/common_interfaces:/home/ngy/microros_ws/install/visualization_msgs:/home/ngy/microros_ws/install/test_msgs:/home/ngy/microros_ws/install/micro_ros_demos_rclc:/home/ngy/microros_ws/install/example_interfaces:/home/ngy/microros_ws/install/action_msgs:/home/ngy/microros_ws/install/unique_identifier_msgs:/home/ngy/microros_ws/install/trajectory_msgs:/home/ngy/microros_ws/install/stereo_msgs:/home/ngy/microros_ws/install/std_srvs:/home/ngy/microros_ws/install/shape_msgs:/home/ngy/microros_ws/install/sensor_msgs:/home/ngy/microros_ws/install/nav_msgs:/home/ngy/microros_ws/install/diagnostic_msgs:/home/ngy/microros_ws/install/geometry_msgs:/home/ngy/microros_ws/install/actionlib_msgs:/home/ngy/microros_ws/install/std_msgs:/home/ngy/microros_ws/install/statistics_msgs:/home/ngy/microros_ws/install/rosidl_typesupport_microxrcedds_test_msg:/home/ngy/microros_ws/install/rosidl_typesupport_microxrcedds_cpp_tests:/home/ngy/microros_ws/install/rmw_microxrcedds:/home/ngy/microros_ws/install/rosidl_typesupport_microxrcedds_cpp:/home/ngy/microros_ws/install/rosidl_typesupport_microxrcedds_c_tests:/home/ngy/microros_ws/install/rosidl_typesupport_microxrcedds_c:/home/ngy/microros_ws/install/rosgraph_msgs:/home/ngy/microros_ws/install/rclc_parameter:/home/ngy/microros_ws/install/rclc:/home/ngy/microros_ws/install/composition_interfaces:/home/ngy/microros_ws/install/rcl_interfaces:/home/ngy/microros_ws/install/microxrcedds_client:/home/ngy/microros_ws/install/microcdr:/home/ngy/microros_ws/install/micro_ros_msgs:/home/ngy/microros_ws/install/micro_ros_demos_rclcpp:/home/ngy/microros_ws/install/lifecycle_msgs:/home/ngy/microros_ws/install/complex_msgs:/home/ngy/microros_ws/install/builtin_interfaces:/home/ngy/microros_ws/install/micro_ros_setup:/home/ngy/microros_ws/install/sensor_msgs_py:/opt/ros/foxy LD_LIBRARY_PATH=/home/ngy/micro_ros/install/builtin_interfaces/lib:${LD_LIBRARY_PATH} PYTHONPATH=/home/ngy/micro_ros/install/builtin_interfaces/lib/python3.8/site-packages:${PYTHONPATH} /usr/bin/cmake --build /home/ngy/micro_ros/build/rosgraph_msgs -- -j12 -l12
[3.171s] [  2%] [34m[1mGenerating C code for ROS interfaces[0m
[3.173s] [35m[1mScanning dependencies of target rosgraph_msgs__cpp[0m
[3.192s] [  5%] [34m[1mGenerating C++ code for ROS interfaces[0m
[3.661s] [  5%] Built target rosgraph_msgs__cpp
[3.667s] [35m[1mScanning dependencies of target rosgraph_msgs__rosidl_generator_c[0m
[3.688s] [  7%] [34m[1mGenerating C++ introspection for ROS interfaces[0m
[3.693s] [ 10%] [34m[1mGenerating C++ type support dispatch for ROS interfaces[0m
[3.711s] [ 12%] [34m[1mGenerating C++ type support for eProsima Fast-RTPS[0m
[3.736s] [ 15%] [32mBuilding C object CMakeFiles/rosgraph_msgs__rosidl_generator_c.dir/rosidl_generator_c/rosgraph_msgs/msg/detail/clock__functions.c.o[0m
[3.751s] [ 17%] [34m[1mGenerating C++ type support for eProsima Micro XRCE-DDS[0m
[4.005s] [ 20%] [32m[1mLinking C shared library librosgraph_msgs__rosidl_generator_c.so[0m
[4.241s] [ 20%] Built target rosgraph_msgs__rosidl_generator_c
[4.311s] [ 23%] [34m[1mGenerating C type support for eProsima Micro XRCE-DDS[0m
[4.337s] [35m[1mScanning dependencies of target rosgraph_msgs__rosidl_typesupport_introspection_cpp[0m
[4.346s] [ 25%] [34m[1mGenerating C introspection for ROS interfaces[0m
[4.349s] [ 28%] [34m[1mGenerating C type support dispatch for ROS interfaces[0m
[4.394s] [ 30%] [32mBuilding CXX object CMakeFiles/rosgraph_msgs__rosidl_typesupport_introspection_cpp.dir/rosidl_typesupport_introspection_cpp/rosgraph_msgs/msg/detail/clock__type_support.cpp.o[0m
[4.439s] [35m[1mScanning dependencies of target rosgraph_msgs__rosidl_typesupport_cpp[0m
[4.485s] [35m[1mScanning dependencies of target rosgraph_msgs__rosidl_typesupport_microxrcedds_cpp[0m
[4.549s] [ 33%] [32mBuilding CXX object CMakeFiles/rosgraph_msgs__rosidl_typesupport_cpp.dir/rosidl_typesupport_cpp/rosgraph_msgs/msg/clock__type_support.cpp.o[0m
[4.592s] [ 35%] [32mBuilding CXX object CMakeFiles/rosgraph_msgs__rosidl_typesupport_microxrcedds_cpp.dir/rosidl_typesupport_microxrcedds_cpp/rosgraph_msgs/msg/detail/microxrcedds/clock__type_support_cpp.cpp.o[0m
[4.630s] [35m[1mScanning dependencies of target rosgraph_msgs__rosidl_typesupport_fastrtps_cpp[0m
[4.762s] [ 38%] [32mBuilding CXX object CMakeFiles/rosgraph_msgs__rosidl_typesupport_fastrtps_cpp.dir/rosidl_typesupport_fastrtps_cpp/rosgraph_msgs/msg/detail/dds_fastrtps/clock__type_support.cpp.o[0m
[5.161s] [35m[1mScanning dependencies of target rosgraph_msgs__rosidl_typesupport_c[0m
[5.249s] [ 41%] [32mBuilding CXX object CMakeFiles/rosgraph_msgs__rosidl_typesupport_c.dir/rosidl_typesupport_c/rosgraph_msgs/msg/clock__type_support.cpp.o[0m
[5.320s] [35m[1mScanning dependencies of target rosgraph_msgs__rosidl_typesupport_introspection_c[0m
[5.453s] [ 43%] [32mBuilding C object CMakeFiles/rosgraph_msgs__rosidl_typesupport_introspection_c.dir/rosidl_typesupport_introspection_c/rosgraph_msgs/msg/detail/clock__type_support.c.o[0m
[5.532s] [ 46%] [32m[1mLinking CXX shared library librosgraph_msgs__rosidl_typesupport_c.so[0m
[5.543s] [35m[1mScanning dependencies of target rosgraph_msgs__rosidl_typesupport_microxrcedds_c[0m
[5.617s] [ 48%] [32m[1mLinking CXX shared library librosgraph_msgs__rosidl_typesupport_cpp.so[0m
[5.655s] [ 51%] [32mBuilding C object CMakeFiles/rosgraph_msgs__rosidl_typesupport_microxrcedds_c.dir/rosidl_typesupport_microxrcedds_c/rosgraph_msgs/msg/detail/microxrcedds/clock__type_support_c.c.o[0m
[5.663s] [ 53%] [32m[1mLinking CXX shared library librosgraph_msgs__rosidl_typesupport_microxrcedds_cpp.so[0m
[5.675s] [ 56%] [32m[1mLinking C shared library librosgraph_msgs__rosidl_typesupport_introspection_c.so[0m
[5.682s] [ 58%] [32m[1mLinking CXX shared library librosgraph_msgs__rosidl_typesupport_introspection_cpp.so[0m
[5.703s] [ 58%] Built target rosgraph_msgs__rosidl_typesupport_c
[5.905s] [ 58%] Built target rosgraph_msgs__rosidl_typesupport_microxrcedds_cpp
[5.949s] [ 61%] [32m[1mLinking C shared library librosgraph_msgs__rosidl_typesupport_microxrcedds_c.so[0m
[5.965s] [ 61%] Built target rosgraph_msgs__rosidl_typesupport_cpp
[5.989s] [ 61%] Built target rosgraph_msgs__rosidl_typesupport_introspection_c
[5.998s] [ 61%] Built target rosgraph_msgs__rosidl_typesupport_introspection_cpp
[6.229s] [ 61%] Built target rosgraph_msgs__rosidl_typesupport_microxrcedds_c
[6.902s] [ 64%] [32m[1mLinking CXX shared library librosgraph_msgs__rosidl_typesupport_fastrtps_cpp.so[0m
[7.669s] [ 64%] Built target rosgraph_msgs__rosidl_typesupport_fastrtps_cpp
[7.786s] [ 66%] [34m[1mGenerating C type support for eProsima Fast-RTPS[0m
[9.509s] [35m[1mScanning dependencies of target rosgraph_msgs__rosidl_typesupport_fastrtps_c[0m
[9.603s] [ 69%] [32mBuilding CXX object CMakeFiles/rosgraph_msgs__rosidl_typesupport_fastrtps_c.dir/rosidl_typesupport_fastrtps_c/rosgraph_msgs/msg/detail/clock__type_support_c.cpp.o[0m
[11.531s] [ 71%] [32m[1mLinking CXX shared library librosgraph_msgs__rosidl_typesupport_fastrtps_c.so[0m
[12.137s] [ 71%] Built target rosgraph_msgs__rosidl_typesupport_fastrtps_c
[12.196s] [35m[1mScanning dependencies of target rosgraph_msgs[0m
[12.253s] [ 71%] Built target rosgraph_msgs
[12.361s] [35m[1mScanning dependencies of target rosgraph_msgs__py[0m
[12.415s] [ 74%] [34m[1mGenerating Python code for ROS interfaces[0m
[13.881s] [ 74%] Built target rosgraph_msgs__py
[13.950s] [35m[1mScanning dependencies of target rosgraph_msgs__python[0m
[14.044s] [ 76%] [32mBuilding C object CMakeFiles/rosgraph_msgs__python.dir/rosidl_generator_py/rosgraph_msgs/msg/_clock_s.c.o[0m
[14.488s] [ 79%] [32m[1mLinking C shared library rosidl_generator_py/rosgraph_msgs/librosgraph_msgs__python.so[0m
[14.807s] [ 79%] Built target rosgraph_msgs__python
[14.857s] [35m[1mScanning dependencies of target rosgraph_msgs__rosidl_typesupport_fastrtps_c__pyext[0m
[14.876s] [35m[1mScanning dependencies of target rosgraph_msgs__rosidl_typesupport_introspection_c__pyext[0m
[14.904s] [35m[1mScanning dependencies of target rosgraph_msgs__rosidl_typesupport_microxrcedds_c__pyext[0m
[14.934s] [35m[1mScanning dependencies of target rosgraph_msgs__rosidl_typesupport_c__pyext[0m
[14.939s] [ 82%] [32mBuilding C object CMakeFiles/rosgraph_msgs__rosidl_typesupport_fastrtps_c__pyext.dir/rosidl_generator_py/rosgraph_msgs/_rosgraph_msgs_s.ep.rosidl_typesupport_fastrtps_c.c.o[0m
[14.969s] [ 84%] [32mBuilding C object CMakeFiles/rosgraph_msgs__rosidl_typesupport_introspection_c__pyext.dir/rosidl_generator_py/rosgraph_msgs/_rosgraph_msgs_s.ep.rosidl_typesupport_introspection_c.c.o[0m
[15.010s] [ 87%] [32mBuilding C object CMakeFiles/rosgraph_msgs__rosidl_typesupport_microxrcedds_c__pyext.dir/rosidl_generator_py/rosgraph_msgs/_rosgraph_msgs_s.ep.rosidl_typesupport_microxrcedds_c.c.o[0m
[15.024s] [ 89%] [32mBuilding C object CMakeFiles/rosgraph_msgs__rosidl_typesupport_c__pyext.dir/rosidl_generator_py/rosgraph_msgs/_rosgraph_msgs_s.ep.rosidl_typesupport_c.c.o[0m
[15.398s] [ 92%] [32m[1mLinking C shared library rosidl_generator_py/rosgraph_msgs/rosgraph_msgs_s__rosidl_typesupport_introspection_c.cpython-38-x86_64-linux-gnu.so[0m
[15.460s] [ 94%] [32m[1mLinking C shared library rosidl_generator_py/rosgraph_msgs/rosgraph_msgs_s__rosidl_typesupport_c.cpython-38-x86_64-linux-gnu.so[0m
[15.531s] [ 97%] [32m[1mLinking CXX shared library rosidl_generator_py/rosgraph_msgs/rosgraph_msgs_s__rosidl_typesupport_fastrtps_c.cpython-38-x86_64-linux-gnu.so[0m
[15.614s] [100%] [32m[1mLinking C shared library rosidl_generator_py/rosgraph_msgs/rosgraph_msgs_s__rosidl_typesupport_microxrcedds_c.cpython-38-x86_64-linux-gnu.so[0m
[15.682s] [100%] Built target rosgraph_msgs__rosidl_typesupport_introspection_c__pyext
[15.750s] [100%] Built target rosgraph_msgs__rosidl_typesupport_c__pyext
[15.950s] [100%] Built target rosgraph_msgs__rosidl_typesupport_fastrtps_c__pyext
[15.995s] [100%] Built target rosgraph_msgs__rosidl_typesupport_microxrcedds_c__pyext
[16.053s] Invoked command in '/home/ngy/micro_ros/build/rosgraph_msgs' returned '0': AMENT_PREFIX_PATH=/home/ngy/micro_ros/install/builtin_interfaces:${AMENT_PREFIX_PATH} CMAKE_PREFIX_PATH=/home/ngy/micro_ros/install/builtin_interfaces:/home/ngy/micro_ros/install/rosidl_typesupport_microxrcedds_cpp:/home/ngy/micro_ros/install/rosidl_typesupport_microxrcedds_c:/home/ngy/micro_ros/install/microcdr:/home/ngy/micro_ros/install/micro_ros_msgs:/home/ngy/micro_ros/install/micro_ros_setup:/home/ngy/microros_ws/install/micro_ros_agent:/home/ngy/microros_ws/install/common_interfaces:/home/ngy/microros_ws/install/visualization_msgs:/home/ngy/microros_ws/install/test_msgs:/home/ngy/microros_ws/install/micro_ros_demos_rclc:/home/ngy/microros_ws/install/example_interfaces:/home/ngy/microros_ws/install/action_msgs:/home/ngy/microros_ws/install/unique_identifier_msgs:/home/ngy/microros_ws/install/trajectory_msgs:/home/ngy/microros_ws/install/stereo_msgs:/home/ngy/microros_ws/install/std_srvs:/home/ngy/microros_ws/install/shape_msgs:/home/ngy/microros_ws/install/sensor_msgs:/home/ngy/microros_ws/install/nav_msgs:/home/ngy/microros_ws/install/diagnostic_msgs:/home/ngy/microros_ws/install/geometry_msgs:/home/ngy/microros_ws/install/actionlib_msgs:/home/ngy/microros_ws/install/std_msgs:/home/ngy/microros_ws/install/statistics_msgs:/home/ngy/microros_ws/install/rosidl_typesupport_microxrcedds_test_msg:/home/ngy/microros_ws/install/rosidl_typesupport_microxrcedds_cpp_tests:/home/ngy/microros_ws/install/rmw_microxrcedds:/home/ngy/microros_ws/install/rosidl_typesupport_microxrcedds_cpp:/home/ngy/microros_ws/install/rosidl_typesupport_microxrcedds_c_tests:/home/ngy/microros_ws/install/rosidl_typesupport_microxrcedds_c:/home/ngy/microros_ws/install/rosgraph_msgs:/home/ngy/microros_ws/install/rclc_parameter:/home/ngy/microros_ws/install/rclc:/home/ngy/microros_ws/install/composition_interfaces:/home/ngy/microros_ws/install/rcl_interfaces:/home/ngy/microros_ws/install/microxrcedds_client:/home/ngy/microros_ws/install/microcdr:/home/ngy/microros_ws/install/micro_ros_msgs:/home/ngy/microros_ws/install/micro_ros_demos_rclcpp:/home/ngy/microros_ws/install/lifecycle_msgs:/home/ngy/microros_ws/install/complex_msgs:/home/ngy/microros_ws/install/builtin_interfaces:/home/ngy/microros_ws/install/micro_ros_setup:/home/ngy/microros_ws/install/sensor_msgs_py:/opt/ros/foxy LD_LIBRARY_PATH=/home/ngy/micro_ros/install/builtin_interfaces/lib:${LD_LIBRARY_PATH} PYTHONPATH=/home/ngy/micro_ros/install/builtin_interfaces/lib/python3.8/site-packages:${PYTHONPATH} /usr/bin/cmake --build /home/ngy/micro_ros/build/rosgraph_msgs -- -j12 -l12
[17.701s] Invoking command in '/home/ngy/micro_ros/build/rosgraph_msgs': AMENT_PREFIX_PATH=/home/ngy/micro_ros/install/builtin_interfaces:${AMENT_PREFIX_PATH} CMAKE_PREFIX_PATH=/home/ngy/micro_ros/install/builtin_interfaces:/home/ngy/micro_ros/install/rosidl_typesupport_microxrcedds_cpp:/home/ngy/micro_ros/install/rosidl_typesupport_microxrcedds_c:/home/ngy/micro_ros/install/microcdr:/home/ngy/micro_ros/install/micro_ros_msgs:/home/ngy/micro_ros/install/micro_ros_setup:/home/ngy/microros_ws/install/micro_ros_agent:/home/ngy/microros_ws/install/common_interfaces:/home/ngy/microros_ws/install/visualization_msgs:/home/ngy/microros_ws/install/test_msgs:/home/ngy/microros_ws/install/micro_ros_demos_rclc:/home/ngy/microros_ws/install/example_interfaces:/home/ngy/microros_ws/install/action_msgs:/home/ngy/microros_ws/install/unique_identifier_msgs:/home/ngy/microros_ws/install/trajectory_msgs:/home/ngy/microros_ws/install/stereo_msgs:/home/ngy/microros_ws/install/std_srvs:/home/ngy/microros_ws/install/shape_msgs:/home/ngy/microros_ws/install/sensor_msgs:/home/ngy/microros_ws/install/nav_msgs:/home/ngy/microros_ws/install/diagnostic_msgs:/home/ngy/microros_ws/install/geometry_msgs:/home/ngy/microros_ws/install/actionlib_msgs:/home/ngy/microros_ws/install/std_msgs:/home/ngy/microros_ws/install/statistics_msgs:/home/ngy/microros_ws/install/rosidl_typesupport_microxrcedds_test_msg:/home/ngy/microros_ws/install/rosidl_typesupport_microxrcedds_cpp_tests:/home/ngy/microros_ws/install/rmw_microxrcedds:/home/ngy/microros_ws/install/rosidl_typesupport_microxrcedds_cpp:/home/ngy/microros_ws/install/rosidl_typesupport_microxrcedds_c_tests:/home/ngy/microros_ws/install/rosidl_typesupport_microxrcedds_c:/home/ngy/microros_ws/install/rosgraph_msgs:/home/ngy/microros_ws/install/rclc_parameter:/home/ngy/microros_ws/install/rclc:/home/ngy/microros_ws/install/composition_interfaces:/home/ngy/microros_ws/install/rcl_interfaces:/home/ngy/microros_ws/install/microxrcedds_client:/home/ngy/microros_ws/install/microcdr:/home/ngy/microros_ws/install/micro_ros_msgs:/home/ngy/microros_ws/install/micro_ros_demos_rclcpp:/home/ngy/microros_ws/install/lifecycle_msgs:/home/ngy/microros_ws/install/complex_msgs:/home/ngy/microros_ws/install/builtin_interfaces:/home/ngy/microros_ws/install/micro_ros_setup:/home/ngy/microros_ws/install/sensor_msgs_py:/opt/ros/foxy LD_LIBRARY_PATH=/home/ngy/micro_ros/install/builtin_interfaces/lib:${LD_LIBRARY_PATH} PYTHONPATH=/home/ngy/micro_ros/install/builtin_interfaces/lib/python3.8/site-packages:${PYTHONPATH} /usr/bin/cmake --install /home/ngy/micro_ros/build/rosgraph_msgs
[17.741s] -- Install configuration: ""
[17.742s] -- Installing: /home/ngy/micro_ros/install/rosgraph_msgs/share/ament_index/resource_index/rosidl_interfaces/rosgraph_msgs
[17.742s] -- Installing: /home/ngy/micro_ros/install/rosgraph_msgs/include/rosgraph_msgs
[17.742s] -- Installing: /home/ngy/micro_ros/install/rosgraph_msgs/include/rosgraph_msgs/msg
[17.742s] -- Installing: /home/ngy/micro_ros/install/rosgraph_msgs/include/rosgraph_msgs/msg/detail
[17.743s] -- Installing: /home/ngy/micro_ros/install/rosgraph_msgs/include/rosgraph_msgs/msg/detail/clock__type_support.h
[17.743s] -- Installing: /home/ngy/micro_ros/install/rosgraph_msgs/include/rosgraph_msgs/msg/detail/clock__struct.h
[17.743s] -- Installing: /home/ngy/micro_ros/install/rosgraph_msgs/include/rosgraph_msgs/msg/detail/clock__functions.c
[17.743s] -- Installing: /home/ngy/micro_ros/install/rosgraph_msgs/include/rosgraph_msgs/msg/detail/clock__functions.h
[17.744s] -- Installing: /home/ngy/micro_ros/install/rosgraph_msgs/include/rosgraph_msgs/msg/clock.h
[17.744s] -- Installing: /home/ngy/micro_ros/install/rosgraph_msgs/include/rosgraph_msgs/msg/rosidl_generator_c__visibility_control.h
[17.744s] -- Installing: /home/ngy/micro_ros/install/rosgraph_msgs/share/rosgraph_msgs/environment/library_path.sh
[17.744s] -- Installing: /home/ngy/micro_ros/install/rosgraph_msgs/share/rosgraph_msgs/environment/library_path.dsv
[17.745s] -- Installing: /home/ngy/micro_ros/install/rosgraph_msgs/lib/librosgraph_msgs__rosidl_generator_c.so
[17.746s] -- Set runtime path of "/home/ngy/micro_ros/install/rosgraph_msgs/lib/librosgraph_msgs__rosidl_generator_c.so" to ""
[17.747s] -- Up-to-date: /home/ngy/micro_ros/install/rosgraph_msgs/include/rosgraph_msgs
[17.747s] -- Up-to-date: /home/ngy/micro_ros/install/rosgraph_msgs/include/rosgraph_msgs/msg
[17.747s] -- Up-to-date: /home/ngy/micro_ros/install/rosgraph_msgs/include/rosgraph_msgs/msg/detail
[17.748s] -- Installing: /home/ngy/micro_ros/install/rosgraph_msgs/include/rosgraph_msgs/msg/detail/microxrcedds
[17.748s] -- Installing: /home/ngy/micro_ros/install/rosgraph_msgs/include/rosgraph_msgs/msg/detail/clock__rosidl_typesupport_microxrcedds_c.h
[17.748s] -- Installing: /home/ngy/micro_ros/install/rosgraph_msgs/include/rosgraph_msgs/msg/rosidl_typesupport_microxrcedds_c__visibility_control.h
[17.748s] -- Installing: /home/ngy/micro_ros/install/rosgraph_msgs/lib/librosgraph_msgs__rosidl_typesupport_microxrcedds_c.so
[17.750s] -- Set runtime path of "/home/ngy/micro_ros/install/rosgraph_msgs/lib/librosgraph_msgs__rosidl_typesupport_microxrcedds_c.so" to ""
[17.750s] -- Up-to-date: /home/ngy/micro_ros/install/rosgraph_msgs/include/rosgraph_msgs
[17.751s] -- Up-to-date: /home/ngy/micro_ros/install/rosgraph_msgs/include/rosgraph_msgs/msg
[17.751s] -- Up-to-date: /home/ngy/micro_ros/install/rosgraph_msgs/include/rosgraph_msgs/msg/detail
[17.751s] -- Installing: /home/ngy/micro_ros/install/rosgraph_msgs/include/rosgraph_msgs/msg/detail/clock__rosidl_typesupport_fastrtps_c.h
[17.751s] -- Installing: /home/ngy/micro_ros/install/rosgraph_msgs/include/rosgraph_msgs/msg/rosidl_typesupport_fastrtps_c__visibility_control.h
[17.752s] -- Installing: /home/ngy/micro_ros/install/rosgraph_msgs/lib/librosgraph_msgs__rosidl_typesupport_fastrtps_c.so
[17.752s] -- Set runtime path of "/home/ngy/micro_ros/install/rosgraph_msgs/lib/librosgraph_msgs__rosidl_typesupport_fastrtps_c.so" to ""
[17.752s] -- Up-to-date: /home/ngy/micro_ros/install/rosgraph_msgs/include/rosgraph_msgs
[17.752s] -- Up-to-date: /home/ngy/micro_ros/install/rosgraph_msgs/include/rosgraph_msgs/msg
[17.753s] -- Installing: /home/ngy/micro_ros/install/rosgraph_msgs/include/rosgraph_msgs/msg/rosidl_typesupport_fastrtps_cpp__visibility_control.h
[17.753s] -- Up-to-date: /home/ngy/micro_ros/install/rosgraph_msgs/include/rosgraph_msgs/msg/detail
[17.753s] -- Installing: /home/ngy/micro_ros/install/rosgraph_msgs/include/rosgraph_msgs/msg/detail/clock__rosidl_typesupport_fastrtps_cpp.hpp
[17.753s] -- Installing: /home/ngy/micro_ros/install/rosgraph_msgs/include/rosgraph_msgs/msg/detail/dds_fastrtps
[17.753s] -- Installing: /home/ngy/micro_ros/install/rosgraph_msgs/lib/librosgraph_msgs__rosidl_typesupport_fastrtps_cpp.so
[17.754s] -- Set runtime path of "/home/ngy/micro_ros/install/rosgraph_msgs/lib/librosgraph_msgs__rosidl_typesupport_fastrtps_cpp.so" to ""
[17.754s] -- Up-to-date: /home/ngy/micro_ros/install/rosgraph_msgs/include/rosgraph_msgs
[17.755s] -- Up-to-date: /home/ngy/micro_ros/install/rosgraph_msgs/include/rosgraph_msgs/msg
[17.755s] -- Installing: /home/ngy/micro_ros/install/rosgraph_msgs/include/rosgraph_msgs/msg/rosidl_typesupport_introspection_c__visibility_control.h
[17.755s] -- Up-to-date: /home/ngy/micro_ros/install/rosgraph_msgs/include/rosgraph_msgs/msg/detail
[17.755s] -- Installing: /home/ngy/micro_ros/install/rosgraph_msgs/include/rosgraph_msgs/msg/detail/clock__type_support.c
[17.755s] -- Installing: /home/ngy/micro_ros/install/rosgraph_msgs/include/rosgraph_msgs/msg/detail/clock__rosidl_typesupport_introspection_c.h
[17.758s] -- Installing: /home/ngy/micro_ros/install/rosgraph_msgs/lib/librosgraph_msgs__rosidl_typesupport_introspection_c.so
[17.759s] -- Set runtime path of "/home/ngy/micro_ros/install/rosgraph_msgs/lib/librosgraph_msgs__rosidl_typesupport_introspection_c.so" to ""
[17.760s] -- Installing: /home/ngy/micro_ros/install/rosgraph_msgs/lib/librosgraph_msgs__rosidl_typesupport_c.so
[17.760s] -- Set runtime path of "/home/ngy/micro_ros/install/rosgraph_msgs/lib/librosgraph_msgs__rosidl_typesupport_c.so" to ""
[17.761s] -- Up-to-date: /home/ngy/micro_ros/install/rosgraph_msgs/include/rosgraph_msgs
[17.761s] -- Up-to-date: /home/ngy/micro_ros/install/rosgraph_msgs/include/rosgraph_msgs/msg
[17.765s] -- Up-to-date: /home/ngy/micro_ros/install/rosgraph_msgs/include/rosgraph_msgs/msg/detail
[17.773s] -- Installing: /home/ngy/micro_ros/install/rosgraph_msgs/include/rosgraph_msgs/msg/detail/clock__traits.hpp
[17.773s] -- Installing: /home/ngy/micro_ros/install/rosgraph_msgs/include/rosgraph_msgs/msg/detail/clock__builder.hpp
[17.774s] -- Installing: /home/ngy/micro_ros/install/rosgraph_msgs/include/rosgraph_msgs/msg/detail/clock__struct.hpp
[17.774s] -- Installing: /home/ngy/micro_ros/install/rosgraph_msgs/include/rosgraph_msgs/msg/clock.hpp
[17.774s] -- Up-to-date: /home/ngy/micro_ros/install/rosgraph_msgs/include/rosgraph_msgs
[17.774s] -- Up-to-date: /home/ngy/micro_ros/install/rosgraph_msgs/include/rosgraph_msgs/msg
[17.774s] -- Up-to-date: /home/ngy/micro_ros/install/rosgraph_msgs/include/rosgraph_msgs/msg/detail
[17.775s] -- Up-to-date: /home/ngy/micro_ros/install/rosgraph_msgs/include/rosgraph_msgs/msg/detail/microxrcedds
[17.775s] -- Installing: /home/ngy/micro_ros/install/rosgraph_msgs/include/rosgraph_msgs/msg/detail/microxrcedds/clock__type_support_cpp.cpp
[17.775s] -- Installing: /home/ngy/micro_ros/install/rosgraph_msgs/include/rosgraph_msgs/msg/detail/clock__rosidl_typesupport_microxrcedds_cpp.hpp
[17.775s] -- Installing: /home/ngy/micro_ros/install/rosgraph_msgs/include/rosgraph_msgs/msg/rosidl_typesupport_microxrcedds_cpp__visibility_control.h
[17.775s] -- Installing: /home/ngy/micro_ros/install/rosgraph_msgs/lib/librosgraph_msgs__rosidl_typesupport_microxrcedds_cpp.so
[17.775s] -- Set runtime path of "/home/ngy/micro_ros/install/rosgraph_msgs/lib/librosgraph_msgs__rosidl_typesupport_microxrcedds_cpp.so" to ""
[17.776s] -- Up-to-date: /home/ngy/micro_ros/install/rosgraph_msgs/include/rosgraph_msgs
[17.776s] -- Up-to-date: /home/ngy/micro_ros/install/rosgraph_msgs/include/rosgraph_msgs/msg
[17.776s] -- Up-to-date: /home/ngy/micro_ros/install/rosgraph_msgs/include/rosgraph_msgs/msg/detail
[17.776s] -- Installing: /home/ngy/micro_ros/install/rosgraph_msgs/include/rosgraph_msgs/msg/detail/clock__type_support.cpp
[17.776s] -- Installing: /home/ngy/micro_ros/install/rosgraph_msgs/include/rosgraph_msgs/msg/detail/clock__rosidl_typesupport_introspection_cpp.hpp
[17.777s] -- Installing: /home/ngy/micro_ros/install/rosgraph_msgs/lib/librosgraph_msgs__rosidl_typesupport_introspection_cpp.so
[17.777s] -- Set runtime path of "/home/ngy/micro_ros/install/rosgraph_msgs/lib/librosgraph_msgs__rosidl_typesupport_introspection_cpp.so" to ""
[17.777s] -- Installing: /home/ngy/micro_ros/install/rosgraph_msgs/lib/librosgraph_msgs__rosidl_typesupport_cpp.so
[17.777s] -- Set runtime path of "/home/ngy/micro_ros/install/rosgraph_msgs/lib/librosgraph_msgs__rosidl_typesupport_cpp.so" to ""
[17.777s] -- Installing: /home/ngy/micro_ros/install/rosgraph_msgs/share/rosgraph_msgs/environment/pythonpath.sh
[17.778s] -- Installing: /home/ngy/micro_ros/install/rosgraph_msgs/share/rosgraph_msgs/environment/pythonpath.dsv
[17.778s] -- Installing: /home/ngy/micro_ros/install/rosgraph_msgs/lib/python3.8/site-packages/rosgraph_msgs/__init__.py
[17.858s] Compiling '/home/ngy/micro_ros/install/rosgraph_msgs/lib/python3.8/site-packages/rosgraph_msgs/__init__.py'...
[17.873s] -- Installing: /home/ngy/micro_ros/install/rosgraph_msgs/lib/python3.8/site-packages/rosgraph_msgs/msg
[17.874s] -- Installing: /home/ngy/micro_ros/install/rosgraph_msgs/lib/python3.8/site-packages/rosgraph_msgs/msg/_clock.py
[17.874s] -- Installing: /home/ngy/micro_ros/install/rosgraph_msgs/lib/python3.8/site-packages/rosgraph_msgs/msg/_clock_s.c
[17.874s] -- Installing: /home/ngy/micro_ros/install/rosgraph_msgs/lib/python3.8/site-packages/rosgraph_msgs/msg/__init__.py
[17.874s] -- Installing: /home/ngy/micro_ros/install/rosgraph_msgs/lib/python3.8/site-packages/rosgraph_msgs/rosgraph_msgs_s__rosidl_typesupport_microxrcedds_c.cpython-38-x86_64-linux-gnu.so
[17.875s] -- Set runtime path of "/home/ngy/micro_ros/install/rosgraph_msgs/lib/python3.8/site-packages/rosgraph_msgs/rosgraph_msgs_s__rosidl_typesupport_microxrcedds_c.cpython-38-x86_64-linux-gnu.so" to ""
[17.876s] -- Installing: /home/ngy/micro_ros/install/rosgraph_msgs/lib/python3.8/site-packages/rosgraph_msgs/rosgraph_msgs_s__rosidl_typesupport_fastrtps_c.cpython-38-x86_64-linux-gnu.so
[17.877s] -- Set runtime path of "/home/ngy/micro_ros/install/rosgraph_msgs/lib/python3.8/site-packages/rosgraph_msgs/rosgraph_msgs_s__rosidl_typesupport_fastrtps_c.cpython-38-x86_64-linux-gnu.so" to ""
[17.878s] -- Installing: /home/ngy/micro_ros/install/rosgraph_msgs/lib/python3.8/site-packages/rosgraph_msgs/rosgraph_msgs_s__rosidl_typesupport_introspection_c.cpython-38-x86_64-linux-gnu.so
[17.879s] -- Set runtime path of "/home/ngy/micro_ros/install/rosgraph_msgs/lib/python3.8/site-packages/rosgraph_msgs/rosgraph_msgs_s__rosidl_typesupport_introspection_c.cpython-38-x86_64-linux-gnu.so" to ""
[17.879s] -- Installing: /home/ngy/micro_ros/install/rosgraph_msgs/lib/python3.8/site-packages/rosgraph_msgs/rosgraph_msgs_s__rosidl_typesupport_c.cpython-38-x86_64-linux-gnu.so
[17.881s] -- Set runtime path of "/home/ngy/micro_ros/install/rosgraph_msgs/lib/python3.8/site-packages/rosgraph_msgs/rosgraph_msgs_s__rosidl_typesupport_c.cpython-38-x86_64-linux-gnu.so" to ""
[17.881s] -- Installing: /home/ngy/micro_ros/install/rosgraph_msgs/lib/librosgraph_msgs__python.so
[17.882s] -- Set runtime path of "/home/ngy/micro_ros/install/rosgraph_msgs/lib/librosgraph_msgs__python.so" to ""
[17.882s] -- Installing: /home/ngy/micro_ros/install/rosgraph_msgs/share/rosgraph_msgs/msg/Clock.idl
[17.883s] -- Installing: /home/ngy/micro_ros/install/rosgraph_msgs/share/rosgraph_msgs/msg/Clock.msg
[17.883s] -- Installing: /home/ngy/micro_ros/install/rosgraph_msgs/share/ament_index/resource_index/package_run_dependencies/rosgraph_msgs
[17.883s] -- Installing: /home/ngy/micro_ros/install/rosgraph_msgs/share/ament_index/resource_index/parent_prefix_path/rosgraph_msgs
[17.884s] -- Installing: /home/ngy/micro_ros/install/rosgraph_msgs/share/rosgraph_msgs/environment/ament_prefix_path.sh
[17.884s] -- Installing: /home/ngy/micro_ros/install/rosgraph_msgs/share/rosgraph_msgs/environment/ament_prefix_path.dsv
[17.884s] -- Installing: /home/ngy/micro_ros/install/rosgraph_msgs/share/rosgraph_msgs/environment/path.sh
[17.885s] -- Installing: /home/ngy/micro_ros/install/rosgraph_msgs/share/rosgraph_msgs/environment/path.dsv
[17.885s] -- Installing: /home/ngy/micro_ros/install/rosgraph_msgs/share/rosgraph_msgs/local_setup.bash
[17.885s] -- Installing: /home/ngy/micro_ros/install/rosgraph_msgs/share/rosgraph_msgs/local_setup.sh
[17.886s] -- Installing: /home/ngy/micro_ros/install/rosgraph_msgs/share/rosgraph_msgs/local_setup.zsh
[17.886s] -- Installing: /home/ngy/micro_ros/install/rosgraph_msgs/share/rosgraph_msgs/local_setup.dsv
[17.886s] -- Installing: /home/ngy/micro_ros/install/rosgraph_msgs/share/rosgraph_msgs/package.dsv
[17.887s] -- Installing: /home/ngy/micro_ros/install/rosgraph_msgs/share/ament_index/resource_index/packages/rosgraph_msgs
[17.887s] -- Installing: /home/ngy/micro_ros/install/rosgraph_msgs/share/rosgraph_msgs/cmake/rosgraph_msgs__rosidl_generator_cExport.cmake
[17.888s] -- Installing: /home/ngy/micro_ros/install/rosgraph_msgs/share/rosgraph_msgs/cmake/rosgraph_msgs__rosidl_generator_cExport-noconfig.cmake
[17.888s] -- Installing: /home/ngy/micro_ros/install/rosgraph_msgs/share/rosgraph_msgs/cmake/rosgraph_msgs__rosidl_typesupport_introspection_cExport.cmake
[17.906s] -- Installing: /home/ngy/micro_ros/install/rosgraph_msgs/share/rosgraph_msgs/cmake/rosgraph_msgs__rosidl_typesupport_introspection_cExport-noconfig.cmake
[17.906s] -- Installing: /home/ngy/micro_ros/install/rosgraph_msgs/share/rosgraph_msgs/cmake/rosgraph_msgs__rosidl_typesupport_cExport.cmake
[17.906s] -- Installing: /home/ngy/micro_ros/install/rosgraph_msgs/share/rosgraph_msgs/cmake/rosgraph_msgs__rosidl_typesupport_cExport-noconfig.cmake
[17.906s] -- Installing: /home/ngy/micro_ros/install/rosgraph_msgs/share/rosgraph_msgs/cmake/rosgraph_msgs__rosidl_generator_cppExport.cmake
[17.907s] -- Installing: /home/ngy/micro_ros/install/rosgraph_msgs/share/rosgraph_msgs/cmake/rosgraph_msgs__rosidl_typesupport_introspection_cppExport.cmake
[17.907s] -- Installing: /home/ngy/micro_ros/install/rosgraph_msgs/share/rosgraph_msgs/cmake/rosgraph_msgs__rosidl_typesupport_introspection_cppExport-noconfig.cmake
[17.908s] -- Installing: /home/ngy/micro_ros/install/rosgraph_msgs/share/rosgraph_msgs/cmake/rosgraph_msgs__rosidl_typesupport_cppExport.cmake
[17.908s] -- Installing: /home/ngy/micro_ros/install/rosgraph_msgs/share/rosgraph_msgs/cmake/rosgraph_msgs__rosidl_typesupport_cppExport-noconfig.cmake
[17.908s] -- Installing: /home/ngy/micro_ros/install/rosgraph_msgs/share/rosgraph_msgs/cmake/rosidl_cmake-extras.cmake
[17.909s] -- Installing: /home/ngy/micro_ros/install/rosgraph_msgs/share/rosgraph_msgs/cmake/ament_cmake_export_dependencies-extras.cmake
[17.909s] -- Installing: /home/ngy/micro_ros/install/rosgraph_msgs/share/rosgraph_msgs/cmake/ament_cmake_export_libraries-extras.cmake
[17.909s] -- Installing: /home/ngy/micro_ros/install/rosgraph_msgs/share/rosgraph_msgs/cmake/ament_cmake_export_targets-extras.cmake
[17.910s] -- Installing: /home/ngy/micro_ros/install/rosgraph_msgs/share/rosgraph_msgs/cmake/ament_cmake_export_include_directories-extras.cmake
[17.910s] -- Installing: /home/ngy/micro_ros/install/rosgraph_msgs/share/rosgraph_msgs/cmake/rosidl_cmake_export_typesupport_libraries-extras.cmake
[17.910s] -- Installing: /home/ngy/micro_ros/install/rosgraph_msgs/share/rosgraph_msgs/cmake/rosidl_cmake_export_typesupport_targets-extras.cmake
[17.919s] -- Installing: /home/ngy/micro_ros/install/rosgraph_msgs/share/rosgraph_msgs/cmake/rosgraph_msgsConfig.cmake
[17.920s] -- Installing: /home/ngy/micro_ros/install/rosgraph_msgs/share/rosgraph_msgs/cmake/rosgraph_msgsConfig-version.cmake
[17.921s] -- Installing: /home/ngy/micro_ros/install/rosgraph_msgs/share/rosgraph_msgs/package.xml
[17.934s] Invoked command in '/home/ngy/micro_ros/build/rosgraph_msgs' returned '0': AMENT_PREFIX_PATH=/home/ngy/micro_ros/install/builtin_interfaces:${AMENT_PREFIX_PATH} CMAKE_PREFIX_PATH=/home/ngy/micro_ros/install/builtin_interfaces:/home/ngy/micro_ros/install/rosidl_typesupport_microxrcedds_cpp:/home/ngy/micro_ros/install/rosidl_typesupport_microxrcedds_c:/home/ngy/micro_ros/install/microcdr:/home/ngy/micro_ros/install/micro_ros_msgs:/home/ngy/micro_ros/install/micro_ros_setup:/home/ngy/microros_ws/install/micro_ros_agent:/home/ngy/microros_ws/install/common_interfaces:/home/ngy/microros_ws/install/visualization_msgs:/home/ngy/microros_ws/install/test_msgs:/home/ngy/microros_ws/install/micro_ros_demos_rclc:/home/ngy/microros_ws/install/example_interfaces:/home/ngy/microros_ws/install/action_msgs:/home/ngy/microros_ws/install/unique_identifier_msgs:/home/ngy/microros_ws/install/trajectory_msgs:/home/ngy/microros_ws/install/stereo_msgs:/home/ngy/microros_ws/install/std_srvs:/home/ngy/microros_ws/install/shape_msgs:/home/ngy/microros_ws/install/sensor_msgs:/home/ngy/microros_ws/install/nav_msgs:/home/ngy/microros_ws/install/diagnostic_msgs:/home/ngy/microros_ws/install/geometry_msgs:/home/ngy/microros_ws/install/actionlib_msgs:/home/ngy/microros_ws/install/std_msgs:/home/ngy/microros_ws/install/statistics_msgs:/home/ngy/microros_ws/install/rosidl_typesupport_microxrcedds_test_msg:/home/ngy/microros_ws/install/rosidl_typesupport_microxrcedds_cpp_tests:/home/ngy/microros_ws/install/rmw_microxrcedds:/home/ngy/microros_ws/install/rosidl_typesupport_microxrcedds_cpp:/home/ngy/microros_ws/install/rosidl_typesupport_microxrcedds_c_tests:/home/ngy/microros_ws/install/rosidl_typesupport_microxrcedds_c:/home/ngy/microros_ws/install/rosgraph_msgs:/home/ngy/microros_ws/install/rclc_parameter:/home/ngy/microros_ws/install/rclc:/home/ngy/microros_ws/install/composition_interfaces:/home/ngy/microros_ws/install/rcl_interfaces:/home/ngy/microros_ws/install/microxrcedds_client:/home/ngy/microros_ws/install/microcdr:/home/ngy/microros_ws/install/micro_ros_msgs:/home/ngy/microros_ws/install/micro_ros_demos_rclcpp:/home/ngy/microros_ws/install/lifecycle_msgs:/home/ngy/microros_ws/install/complex_msgs:/home/ngy/microros_ws/install/builtin_interfaces:/home/ngy/microros_ws/install/micro_ros_setup:/home/ngy/microros_ws/install/sensor_msgs_py:/opt/ros/foxy LD_LIBRARY_PATH=/home/ngy/micro_ros/install/builtin_interfaces/lib:${LD_LIBRARY_PATH} PYTHONPATH=/home/ngy/micro_ros/install/builtin_interfaces/lib/python3.8/site-packages:${PYTHONPATH} /usr/bin/cmake --install /home/ngy/micro_ros/build/rosgraph_msgs
