[0.017s] Invoking command in '/home/ngy/micro_ros/build/micro_ros_msgs': CMAKE_PREFIX_PATH=${CMAKE_PREFIX_PATH}:/home/ngy/microros_ws/install/sensor_msgs_py:/opt/ros/foxy /usr/bin/cmake /home/ngy/micro_ros/src/uros/micro_ros_msgs -DUAGENT_BUILD_EXECUTABLE=OFF -DUAGENT_P2P_PROFILE=OFF --no-warn-unused-cli -DCMAKE_INSTALL_PREFIX=/home/ngy/micro_ros/install/micro_ros_msgs
[0.025s] Not searching for unused variables given on the command line.
[0.071s] -- The C compiler identification is GNU 9.4.0
[0.129s] -- The CXX compiler identification is GNU 9.4.0
[0.135s] -- Check for working C compiler: /usr/bin/cc
[0.203s] -- Check for working C compiler: /usr/bin/cc -- works
[0.203s] -- Detecting C compiler ABI info
[0.271s] -- Detecting C compiler ABI info - done
[0.281s] -- Detecting C compile features
[0.282s] -- Detecting C compile features - done
[0.284s] -- Check for working CXX compiler: /usr/bin/c++
[0.369s] -- Check for working CXX compiler: /usr/bin/c++ -- works
[0.370s] -- Detecting CXX compiler ABI info
[0.462s] -- Detecting CXX compiler ABI info - done
[0.473s] -- Detecting CXX compile features
[0.473s] -- Detecting CXX compile features - done
[0.476s] -- Found ament_cmake: 0.9.11 (/opt/ros/foxy/share/ament_cmake/cmake)
[0.498s] -- Found PythonInterp: /usr/bin/python3 (found suitable version "3.8.10", minimum required is "3") 
[0.498s] -- Using PYTHON_EXECUTABLE: /usr/bin/python3
[0.674s] -- Found rosidl_default_generators: 1.0.1 (/opt/ros/foxy/share/rosidl_default_generators/cmake)
[0.682s] -- Using all available rosidl_typesupport_c: rosidl_typesupport_fastrtps_c;rosidl_typesupport_introspection_c
[0.689s] -- Found rosidl_adapter: 1.3.0 (/opt/ros/foxy/share/rosidl_adapter/cmake)
[0.804s] -- Found OpenSSL: /usr/lib/x86_64-linux-gnu/libcrypto.so (found version "1.1.1f")  
[0.833s] -- Found FastRTPS: /opt/ros/foxy/include  
[0.911s] -- Using all available rosidl_typesupport_cpp: rosidl_typesupport_fastrtps_cpp;rosidl_typesupport_introspection_cpp
[0.936s] -- Found ament_lint_auto: 0.9.8 (/opt/ros/foxy/share/ament_lint_auto/cmake)
[1.019s] -- Found PythonInterp: /usr/bin/python3 (found version "3.8.10") 
[1.089s] -- Found ament_cmake_ros: 0.9.2 (/opt/ros/foxy/share/ament_cmake_ros/cmake)
[1.188s] -- Using all available rosidl_typesupport_c: rosidl_typesupport_fastrtps_c;rosidl_typesupport_introspection_c
[1.197s] -- Using all available rosidl_typesupport_cpp: rosidl_typesupport_fastrtps_cpp;rosidl_typesupport_introspection_cpp
[1.220s] -- Found PythonInterp: /usr/bin/python3 (found suitable version "3.8.10", minimum required is "3.5") 
[1.221s] -- Found python_cmake_module: 0.8.1 (/opt/ros/foxy/share/python_cmake_module/cmake)
[1.248s] -- Found PythonLibs: /usr/lib/x86_64-linux-gnu/libpython3.8.so (found suitable version "3.8.10", minimum required is "3.5") 
[1.248s] -- Using PYTHON_EXECUTABLE: /usr/bin/python3
[1.248s] -- Using PYTHON_INCLUDE_DIRS: /usr/include/python3.8
[1.248s] -- Using PYTHON_LIBRARIES: /usr/lib/x86_64-linux-gnu/libpython3.8.so
[1.267s] -- Found PythonExtra: .so  
[1.315s] -- Added test 'copyright' to check source files copyright and LICENSE
[1.331s] -- Added test 'lint_cmake' to check CMake code style
[1.340s] -- Added test 'xmllint' to check XML markup files
[1.347s] -- Configuring done
[1.377s] -- Generating done
[1.379s] -- Build files have been written to: /home/ngy/micro_ros/build/micro_ros_msgs
[1.386s] Invoked command in '/home/ngy/micro_ros/build/micro_ros_msgs' returned '0': CMAKE_PREFIX_PATH=${CMAKE_PREFIX_PATH}:/home/ngy/microros_ws/install/sensor_msgs_py:/opt/ros/foxy /usr/bin/cmake /home/ngy/micro_ros/src/uros/micro_ros_msgs -DUAGENT_BUILD_EXECUTABLE=OFF -DUAGENT_P2P_PROFILE=OFF --no-warn-unused-cli -DCMAKE_INSTALL_PREFIX=/home/ngy/micro_ros/install/micro_ros_msgs
[1.388s] Invoking command in '/home/ngy/micro_ros/build/micro_ros_msgs': CMAKE_PREFIX_PATH=${CMAKE_PREFIX_PATH}:/home/ngy/microros_ws/install/sensor_msgs_py:/opt/ros/foxy /usr/bin/cmake --build /home/ngy/micro_ros/build/micro_ros_msgs -- -j12 -l12
[1.429s] [35m[1mScanning dependencies of target micro_ros_msgs__cpp[0m
[1.429s] [  2%] [34m[1mGenerating C code for ROS interfaces[0m
[1.441s] [  4%] [34m[1mGenerating C++ code for ROS interfaces[0m
[1.711s] [  4%] Built target micro_ros_msgs__cpp
[1.723s] [  8%] [34m[1mGenerating C++ introspection for ROS interfaces[0m
[1.723s] [  8%] [34m[1mGenerating C++ type support for eProsima Fast-RTPS[0m
[1.724s] [ 10%] [34m[1mGenerating C++ type support dispatch for ROS interfaces[0m
[1.731s] [35m[1mScanning dependencies of target micro_ros_msgs__rosidl_generator_c[0m
[1.746s] [ 14%] [32mBuilding C object CMakeFiles/micro_ros_msgs__rosidl_generator_c.dir/rosidl_generator_c/micro_ros_msgs/msg/detail/node__functions.c.o[0m
[1.746s] [ 14%] [32mBuilding C object CMakeFiles/micro_ros_msgs__rosidl_generator_c.dir/rosidl_generator_c/micro_ros_msgs/msg/detail/graph__functions.c.o[0m
[1.746s] [ 17%] [32mBuilding C object CMakeFiles/micro_ros_msgs__rosidl_generator_c.dir/rosidl_generator_c/micro_ros_msgs/msg/detail/entity__functions.c.o[0m
[1.794s] [ 19%] [32m[1mLinking C shared library libmicro_ros_msgs__rosidl_generator_c.so[0m
[1.830s] [ 19%] Built target micro_ros_msgs__rosidl_generator_c
[1.843s] [ 23%] [34m[1mGenerating C type support dispatch for ROS interfaces[0m
[1.843s] [ 23%] [34m[1mGenerating C introspection for ROS interfaces[0m
[1.964s] [35m[1mScanning dependencies of target micro_ros_msgs__rosidl_typesupport_cpp[0m
[1.978s] [ 25%] [32mBuilding CXX object CMakeFiles/micro_ros_msgs__rosidl_typesupport_cpp.dir/rosidl_typesupport_cpp/micro_ros_msgs/msg/entity__type_support.cpp.o[0m
[1.981s] [ 29%] [32mBuilding CXX object CMakeFiles/micro_ros_msgs__rosidl_typesupport_cpp.dir/rosidl_typesupport_cpp/micro_ros_msgs/msg/node__type_support.cpp.o[0m
[1.982s] [ 29%] [32mBuilding CXX object CMakeFiles/micro_ros_msgs__rosidl_typesupport_cpp.dir/rosidl_typesupport_cpp/micro_ros_msgs/msg/graph__type_support.cpp.o[0m
[1.997s] [35m[1mScanning dependencies of target micro_ros_msgs__rosidl_typesupport_introspection_cpp[0m
[2.018s] [ 31%] [32mBuilding CXX object CMakeFiles/micro_ros_msgs__rosidl_typesupport_introspection_cpp.dir/rosidl_typesupport_introspection_cpp/micro_ros_msgs/msg/detail/graph__type_support.cpp.o[0m
[2.022s] [35m[1mScanning dependencies of target micro_ros_msgs__rosidl_typesupport_fastrtps_cpp[0m
[2.023s] [ 34%] [32mBuilding CXX object CMakeFiles/micro_ros_msgs__rosidl_typesupport_introspection_cpp.dir/rosidl_typesupport_introspection_cpp/micro_ros_msgs/msg/detail/node__type_support.cpp.o[0m
[2.024s] [ 36%] [32mBuilding CXX object CMakeFiles/micro_ros_msgs__rosidl_typesupport_introspection_cpp.dir/rosidl_typesupport_introspection_cpp/micro_ros_msgs/msg/detail/entity__type_support.cpp.o[0m
[2.044s] [ 40%] [32mBuilding CXX object CMakeFiles/micro_ros_msgs__rosidl_typesupport_fastrtps_cpp.dir/rosidl_typesupport_fastrtps_cpp/micro_ros_msgs/msg/detail/dds_fastrtps/graph__type_support.cpp.o[0m
[2.044s] [ 40%] [32mBuilding CXX object CMakeFiles/micro_ros_msgs__rosidl_typesupport_fastrtps_cpp.dir/rosidl_typesupport_fastrtps_cpp/micro_ros_msgs/msg/detail/dds_fastrtps/entity__type_support.cpp.o[0m
[2.049s] [ 42%] [32mBuilding CXX object CMakeFiles/micro_ros_msgs__rosidl_typesupport_fastrtps_cpp.dir/rosidl_typesupport_fastrtps_cpp/micro_ros_msgs/msg/detail/dds_fastrtps/node__type_support.cpp.o[0m
[2.160s] [35m[1mScanning dependencies of target micro_ros_msgs__rosidl_typesupport_c[0m
[2.180s] [ 44%] [32mBuilding CXX object CMakeFiles/micro_ros_msgs__rosidl_typesupport_c.dir/rosidl_typesupport_c/micro_ros_msgs/msg/graph__type_support.cpp.o[0m
[2.182s] [ 46%] [32mBuilding CXX object CMakeFiles/micro_ros_msgs__rosidl_typesupport_c.dir/rosidl_typesupport_c/micro_ros_msgs/msg/node__type_support.cpp.o[0m
[2.232s] [ 48%] [32mBuilding CXX object CMakeFiles/micro_ros_msgs__rosidl_typesupport_c.dir/rosidl_typesupport_c/micro_ros_msgs/msg/entity__type_support.cpp.o[0m
[2.257s] [35m[1mScanning dependencies of target micro_ros_msgs__rosidl_typesupport_introspection_c[0m
[2.279s] [ 53%] [32mBuilding C object CMakeFiles/micro_ros_msgs__rosidl_typesupport_introspection_c.dir/rosidl_typesupport_introspection_c/micro_ros_msgs/msg/detail/node__type_support.c.o[0m
[2.279s] [ 53%] [32mBuilding C object CMakeFiles/micro_ros_msgs__rosidl_typesupport_introspection_c.dir/rosidl_typesupport_introspection_c/micro_ros_msgs/msg/detail/graph__type_support.c.o[0m
[2.280s] [ 55%] [32m[1mLinking CXX shared library libmicro_ros_msgs__rosidl_typesupport_c.so[0m
[2.323s] [ 57%] [32mBuilding C object CMakeFiles/micro_ros_msgs__rosidl_typesupport_introspection_c.dir/rosidl_typesupport_introspection_c/micro_ros_msgs/msg/detail/entity__type_support.c.o[0m
[2.350s] [ 57%] Built target micro_ros_msgs__rosidl_typesupport_c
[2.371s] [ 59%] [32m[1mLinking C shared library libmicro_ros_msgs__rosidl_typesupport_introspection_c.so[0m
[2.407s] [ 59%] Built target micro_ros_msgs__rosidl_typesupport_introspection_c
[2.417s] [ 61%] [32m[1mLinking CXX shared library libmicro_ros_msgs__rosidl_typesupport_cpp.so[0m
[2.463s] [ 61%] Built target micro_ros_msgs__rosidl_typesupport_cpp
[2.524s] [ 63%] [32m[1mLinking CXX shared library libmicro_ros_msgs__rosidl_typesupport_introspection_cpp.so[0m
[2.606s] [ 63%] Built target micro_ros_msgs__rosidl_typesupport_introspection_cpp
[2.673s] [ 65%] [32m[1mLinking CXX shared library libmicro_ros_msgs__rosidl_typesupport_fastrtps_cpp.so[0m
[2.757s] [ 65%] Built target micro_ros_msgs__rosidl_typesupport_fastrtps_cpp
[2.768s] [ 68%] [34m[1mGenerating C type support for eProsima Fast-RTPS[0m
[3.020s] [35m[1mScanning dependencies of target micro_ros_msgs__rosidl_typesupport_fastrtps_c[0m
[3.035s] [ 74%] [32mBuilding CXX object CMakeFiles/micro_ros_msgs__rosidl_typesupport_fastrtps_c.dir/rosidl_typesupport_fastrtps_c/micro_ros_msgs/msg/detail/entity__type_support_c.cpp.o[0m
[3.036s] [ 74%] [32mBuilding CXX object CMakeFiles/micro_ros_msgs__rosidl_typesupport_fastrtps_c.dir/rosidl_typesupport_fastrtps_c/micro_ros_msgs/msg/detail/graph__type_support_c.cpp.o[0m
[3.036s] [ 74%] [32mBuilding CXX object CMakeFiles/micro_ros_msgs__rosidl_typesupport_fastrtps_c.dir/rosidl_typesupport_fastrtps_c/micro_ros_msgs/msg/detail/node__type_support_c.cpp.o[0m
[3.341s] [ 76%] [32m[1mLinking CXX shared library libmicro_ros_msgs__rosidl_typesupport_fastrtps_c.so[0m
[3.417s] [ 76%] Built target micro_ros_msgs__rosidl_typesupport_fastrtps_c
[3.428s] [35m[1mScanning dependencies of target micro_ros_msgs[0m
[3.439s] [ 76%] Built target micro_ros_msgs
[3.450s] [35m[1mScanning dependencies of target micro_ros_msgs__py[0m
[3.462s] [ 78%] [34m[1mGenerating Python code for ROS interfaces[0m
[3.965s] [ 78%] Built target micro_ros_msgs__py
[3.975s] [35m[1mScanning dependencies of target micro_ros_msgs__python[0m
[3.998s] [ 85%] [32mBuilding C object CMakeFiles/micro_ros_msgs__python.dir/rosidl_generator_py/micro_ros_msgs/msg/_graph_s.c.o[0m
[3.998s] [ 85%] [32mBuilding C object CMakeFiles/micro_ros_msgs__python.dir/rosidl_generator_py/micro_ros_msgs/msg/_entity_s.c.o[0m
[3.998s] [ 85%] [32mBuilding C object CMakeFiles/micro_ros_msgs__python.dir/rosidl_generator_py/micro_ros_msgs/msg/_node_s.c.o[0m
[4.084s] [ 87%] [32m[1mLinking C shared library rosidl_generator_py/micro_ros_msgs/libmicro_ros_msgs__python.so[0m
[4.123s] [ 87%] Built target micro_ros_msgs__python
[4.134s] [35m[1mScanning dependencies of target micro_ros_msgs__rosidl_typesupport_c__pyext[0m
[4.134s] [35m[1mScanning dependencies of target micro_ros_msgs__rosidl_typesupport_introspection_c__pyext[0m
[4.134s] [35m[1mScanning dependencies of target micro_ros_msgs__rosidl_typesupport_fastrtps_c__pyext[0m
[4.152s] [ 93%] [32mBuilding C object CMakeFiles/micro_ros_msgs__rosidl_typesupport_fastrtps_c__pyext.dir/rosidl_generator_py/micro_ros_msgs/_micro_ros_msgs_s.ep.rosidl_typesupport_fastrtps_c.c.o[0m
[4.152s] [ 93%] [32mBuilding C object CMakeFiles/micro_ros_msgs__rosidl_typesupport_introspection_c__pyext.dir/rosidl_generator_py/micro_ros_msgs/_micro_ros_msgs_s.ep.rosidl_typesupport_introspection_c.c.o[0m
[4.152s] [ 93%] [32mBuilding C object CMakeFiles/micro_ros_msgs__rosidl_typesupport_c__pyext.dir/rosidl_generator_py/micro_ros_msgs/_micro_ros_msgs_s.ep.rosidl_typesupport_c.c.o[0m
[4.228s] [ 97%] [32m[1mLinking C shared library rosidl_generator_py/micro_ros_msgs/micro_ros_msgs_s__rosidl_typesupport_introspection_c.cpython-38-x86_64-linux-gnu.so[0m
[4.228s] [ 97%] [32m[1mLinking C shared library rosidl_generator_py/micro_ros_msgs/micro_ros_msgs_s__rosidl_typesupport_c.cpython-38-x86_64-linux-gnu.so[0m
[4.228s] [100%] [32m[1mLinking CXX shared library rosidl_generator_py/micro_ros_msgs/micro_ros_msgs_s__rosidl_typesupport_fastrtps_c.cpython-38-x86_64-linux-gnu.so[0m
[4.263s] [100%] Built target micro_ros_msgs__rosidl_typesupport_introspection_c__pyext
[4.264s] [100%] Built target micro_ros_msgs__rosidl_typesupport_c__pyext
[4.289s] [100%] Built target micro_ros_msgs__rosidl_typesupport_fastrtps_c__pyext
[4.300s] Invoked command in '/home/ngy/micro_ros/build/micro_ros_msgs' returned '0': CMAKE_PREFIX_PATH=${CMAKE_PREFIX_PATH}:/home/ngy/microros_ws/install/sensor_msgs_py:/opt/ros/foxy /usr/bin/cmake --build /home/ngy/micro_ros/build/micro_ros_msgs -- -j12 -l12
[4.442s] Invoking command in '/home/ngy/micro_ros/build/micro_ros_msgs': CMAKE_PREFIX_PATH=${CMAKE_PREFIX_PATH}:/home/ngy/microros_ws/install/sensor_msgs_py:/opt/ros/foxy /usr/bin/cmake --install /home/ngy/micro_ros/build/micro_ros_msgs
[4.451s] -- Install configuration: ""
[4.451s] -- Installing: /home/ngy/micro_ros/install/micro_ros_msgs/share/ament_index/resource_index/rosidl_interfaces/micro_ros_msgs
[4.451s] -- Installing: /home/ngy/micro_ros/install/micro_ros_msgs/include/micro_ros_msgs
[4.451s] -- Installing: /home/ngy/micro_ros/install/micro_ros_msgs/include/micro_ros_msgs/msg
[4.451s] -- Installing: /home/ngy/micro_ros/install/micro_ros_msgs/include/micro_ros_msgs/msg/node.h
[4.451s] -- Installing: /home/ngy/micro_ros/install/micro_ros_msgs/include/micro_ros_msgs/msg/detail
[4.452s] -- Installing: /home/ngy/micro_ros/install/micro_ros_msgs/include/micro_ros_msgs/msg/detail/entity__struct.h
[4.452s] -- Installing: /home/ngy/micro_ros/install/micro_ros_msgs/include/micro_ros_msgs/msg/detail/node__functions.c
[4.452s] -- Installing: /home/ngy/micro_ros/install/micro_ros_msgs/include/micro_ros_msgs/msg/detail/entity__functions.h
[4.452s] -- Installing: /home/ngy/micro_ros/install/micro_ros_msgs/include/micro_ros_msgs/msg/detail/graph__type_support.h
[4.452s] -- Installing: /home/ngy/micro_ros/install/micro_ros_msgs/include/micro_ros_msgs/msg/detail/node__functions.h
[4.452s] -- Installing: /home/ngy/micro_ros/install/micro_ros_msgs/include/micro_ros_msgs/msg/detail/node__type_support.h
[4.452s] -- Installing: /home/ngy/micro_ros/install/micro_ros_msgs/include/micro_ros_msgs/msg/detail/entity__type_support.h
[4.452s] -- Installing: /home/ngy/micro_ros/install/micro_ros_msgs/include/micro_ros_msgs/msg/detail/graph__struct.h
[4.452s] -- Installing: /home/ngy/micro_ros/install/micro_ros_msgs/include/micro_ros_msgs/msg/detail/graph__functions.c
[4.453s] -- Installing: /home/ngy/micro_ros/install/micro_ros_msgs/include/micro_ros_msgs/msg/detail/node__struct.h
[4.453s] -- Installing: /home/ngy/micro_ros/install/micro_ros_msgs/include/micro_ros_msgs/msg/detail/entity__functions.c
[4.453s] -- Installing: /home/ngy/micro_ros/install/micro_ros_msgs/include/micro_ros_msgs/msg/detail/graph__functions.h
[4.453s] -- Installing: /home/ngy/micro_ros/install/micro_ros_msgs/include/micro_ros_msgs/msg/entity.h
[4.453s] -- Installing: /home/ngy/micro_ros/install/micro_ros_msgs/include/micro_ros_msgs/msg/graph.h
[4.453s] -- Installing: /home/ngy/micro_ros/install/micro_ros_msgs/include/micro_ros_msgs/msg/rosidl_generator_c__visibility_control.h
[4.453s] -- Installing: /home/ngy/micro_ros/install/micro_ros_msgs/share/micro_ros_msgs/environment/library_path.sh
[4.453s] -- Installing: /home/ngy/micro_ros/install/micro_ros_msgs/share/micro_ros_msgs/environment/library_path.dsv
[4.453s] -- Installing: /home/ngy/micro_ros/install/micro_ros_msgs/lib/libmicro_ros_msgs__rosidl_generator_c.so
[4.453s] -- Set runtime path of "/home/ngy/micro_ros/install/micro_ros_msgs/lib/libmicro_ros_msgs__rosidl_generator_c.so" to ""
[4.454s] -- Up-to-date: /home/ngy/micro_ros/install/micro_ros_msgs/include/micro_ros_msgs
[4.454s] -- Up-to-date: /home/ngy/micro_ros/install/micro_ros_msgs/include/micro_ros_msgs/msg
[4.454s] -- Up-to-date: /home/ngy/micro_ros/install/micro_ros_msgs/include/micro_ros_msgs/msg/detail
[4.454s] -- Installing: /home/ngy/micro_ros/install/micro_ros_msgs/include/micro_ros_msgs/msg/detail/entity__rosidl_typesupport_fastrtps_c.h
[4.454s] -- Installing: /home/ngy/micro_ros/install/micro_ros_msgs/include/micro_ros_msgs/msg/detail/node__rosidl_typesupport_fastrtps_c.h
[4.454s] -- Installing: /home/ngy/micro_ros/install/micro_ros_msgs/include/micro_ros_msgs/msg/detail/graph__rosidl_typesupport_fastrtps_c.h
[4.454s] -- Installing: /home/ngy/micro_ros/install/micro_ros_msgs/include/micro_ros_msgs/msg/rosidl_typesupport_fastrtps_c__visibility_control.h
[4.454s] -- Installing: /home/ngy/micro_ros/install/micro_ros_msgs/lib/libmicro_ros_msgs__rosidl_typesupport_fastrtps_c.so
[4.454s] -- Set runtime path of "/home/ngy/micro_ros/install/micro_ros_msgs/lib/libmicro_ros_msgs__rosidl_typesupport_fastrtps_c.so" to ""
[4.455s] -- Up-to-date: /home/ngy/micro_ros/install/micro_ros_msgs/include/micro_ros_msgs
[4.455s] -- Up-to-date: /home/ngy/micro_ros/install/micro_ros_msgs/include/micro_ros_msgs/msg
[4.455s] -- Installing: /home/ngy/micro_ros/install/micro_ros_msgs/include/micro_ros_msgs/msg/rosidl_typesupport_fastrtps_cpp__visibility_control.h
[4.455s] -- Up-to-date: /home/ngy/micro_ros/install/micro_ros_msgs/include/micro_ros_msgs/msg/detail
[4.455s] -- Installing: /home/ngy/micro_ros/install/micro_ros_msgs/include/micro_ros_msgs/msg/detail/node__rosidl_typesupport_fastrtps_cpp.hpp
[4.455s] -- Installing: /home/ngy/micro_ros/install/micro_ros_msgs/include/micro_ros_msgs/msg/detail/graph__rosidl_typesupport_fastrtps_cpp.hpp
[4.455s] -- Installing: /home/ngy/micro_ros/install/micro_ros_msgs/include/micro_ros_msgs/msg/detail/dds_fastrtps
[4.455s] -- Installing: /home/ngy/micro_ros/install/micro_ros_msgs/include/micro_ros_msgs/msg/detail/entity__rosidl_typesupport_fastrtps_cpp.hpp
[4.455s] -- Installing: /home/ngy/micro_ros/install/micro_ros_msgs/lib/libmicro_ros_msgs__rosidl_typesupport_fastrtps_cpp.so
[4.455s] -- Set runtime path of "/home/ngy/micro_ros/install/micro_ros_msgs/lib/libmicro_ros_msgs__rosidl_typesupport_fastrtps_cpp.so" to ""
[4.456s] -- Up-to-date: /home/ngy/micro_ros/install/micro_ros_msgs/include/micro_ros_msgs
[4.456s] -- Up-to-date: /home/ngy/micro_ros/install/micro_ros_msgs/include/micro_ros_msgs/msg
[4.456s] -- Installing: /home/ngy/micro_ros/install/micro_ros_msgs/include/micro_ros_msgs/msg/rosidl_typesupport_introspection_c__visibility_control.h
[4.456s] -- Up-to-date: /home/ngy/micro_ros/install/micro_ros_msgs/include/micro_ros_msgs/msg/detail
[4.456s] -- Installing: /home/ngy/micro_ros/install/micro_ros_msgs/include/micro_ros_msgs/msg/detail/node__rosidl_typesupport_introspection_c.h
[4.456s] -- Installing: /home/ngy/micro_ros/install/micro_ros_msgs/include/micro_ros_msgs/msg/detail/entity__type_support.c
[4.456s] -- Installing: /home/ngy/micro_ros/install/micro_ros_msgs/include/micro_ros_msgs/msg/detail/node__type_support.c
[4.456s] -- Installing: /home/ngy/micro_ros/install/micro_ros_msgs/include/micro_ros_msgs/msg/detail/graph__rosidl_typesupport_introspection_c.h
[4.456s] -- Installing: /home/ngy/micro_ros/install/micro_ros_msgs/include/micro_ros_msgs/msg/detail/graph__type_support.c
[4.456s] -- Installing: /home/ngy/micro_ros/install/micro_ros_msgs/include/micro_ros_msgs/msg/detail/entity__rosidl_typesupport_introspection_c.h
[4.457s] -- Installing: /home/ngy/micro_ros/install/micro_ros_msgs/lib/libmicro_ros_msgs__rosidl_typesupport_introspection_c.so
[4.457s] -- Set runtime path of "/home/ngy/micro_ros/install/micro_ros_msgs/lib/libmicro_ros_msgs__rosidl_typesupport_introspection_c.so" to ""
[4.457s] -- Installing: /home/ngy/micro_ros/install/micro_ros_msgs/lib/libmicro_ros_msgs__rosidl_typesupport_c.so
[4.457s] -- Set runtime path of "/home/ngy/micro_ros/install/micro_ros_msgs/lib/libmicro_ros_msgs__rosidl_typesupport_c.so" to ""
[4.457s] -- Up-to-date: /home/ngy/micro_ros/install/micro_ros_msgs/include/micro_ros_msgs
[4.457s] -- Up-to-date: /home/ngy/micro_ros/install/micro_ros_msgs/include/micro_ros_msgs/msg
[4.457s] -- Installing: /home/ngy/micro_ros/install/micro_ros_msgs/include/micro_ros_msgs/msg/node.hpp
[4.457s] -- Installing: /home/ngy/micro_ros/install/micro_ros_msgs/include/micro_ros_msgs/msg/graph.hpp
[4.457s] -- Up-to-date: /home/ngy/micro_ros/install/micro_ros_msgs/include/micro_ros_msgs/msg/detail
[4.458s] -- Installing: /home/ngy/micro_ros/install/micro_ros_msgs/include/micro_ros_msgs/msg/detail/entity__struct.hpp
[4.458s] -- Installing: /home/ngy/micro_ros/install/micro_ros_msgs/include/micro_ros_msgs/msg/detail/entity__builder.hpp
[4.458s] -- Installing: /home/ngy/micro_ros/install/micro_ros_msgs/include/micro_ros_msgs/msg/detail/node__traits.hpp
[4.458s] -- Installing: /home/ngy/micro_ros/install/micro_ros_msgs/include/micro_ros_msgs/msg/detail/node__struct.hpp
[4.458s] -- Installing: /home/ngy/micro_ros/install/micro_ros_msgs/include/micro_ros_msgs/msg/detail/graph__struct.hpp
[4.458s] -- Installing: /home/ngy/micro_ros/install/micro_ros_msgs/include/micro_ros_msgs/msg/detail/graph__builder.hpp
[4.458s] -- Installing: /home/ngy/micro_ros/install/micro_ros_msgs/include/micro_ros_msgs/msg/detail/graph__traits.hpp
[4.458s] -- Installing: /home/ngy/micro_ros/install/micro_ros_msgs/include/micro_ros_msgs/msg/detail/node__builder.hpp
[4.458s] -- Installing: /home/ngy/micro_ros/install/micro_ros_msgs/include/micro_ros_msgs/msg/detail/entity__traits.hpp
[4.459s] -- Installing: /home/ngy/micro_ros/install/micro_ros_msgs/include/micro_ros_msgs/msg/entity.hpp
[4.459s] -- Up-to-date: /home/ngy/micro_ros/install/micro_ros_msgs/include/micro_ros_msgs
[4.459s] -- Up-to-date: /home/ngy/micro_ros/install/micro_ros_msgs/include/micro_ros_msgs/msg
[4.459s] -- Up-to-date: /home/ngy/micro_ros/install/micro_ros_msgs/include/micro_ros_msgs/msg/detail
[4.459s] -- Installing: /home/ngy/micro_ros/install/micro_ros_msgs/include/micro_ros_msgs/msg/detail/node__type_support.cpp
[4.459s] -- Installing: /home/ngy/micro_ros/install/micro_ros_msgs/include/micro_ros_msgs/msg/detail/entity__type_support.cpp
[4.459s] -- Installing: /home/ngy/micro_ros/install/micro_ros_msgs/include/micro_ros_msgs/msg/detail/node__rosidl_typesupport_introspection_cpp.hpp
[4.459s] -- Installing: /home/ngy/micro_ros/install/micro_ros_msgs/include/micro_ros_msgs/msg/detail/graph__type_support.cpp
[4.459s] -- Installing: /home/ngy/micro_ros/install/micro_ros_msgs/include/micro_ros_msgs/msg/detail/graph__rosidl_typesupport_introspection_cpp.hpp
[4.459s] -- Installing: /home/ngy/micro_ros/install/micro_ros_msgs/include/micro_ros_msgs/msg/detail/entity__rosidl_typesupport_introspection_cpp.hpp
[4.459s] -- Installing: /home/ngy/micro_ros/install/micro_ros_msgs/lib/libmicro_ros_msgs__rosidl_typesupport_introspection_cpp.so
[4.460s] -- Set runtime path of "/home/ngy/micro_ros/install/micro_ros_msgs/lib/libmicro_ros_msgs__rosidl_typesupport_introspection_cpp.so" to ""
[4.460s] -- Installing: /home/ngy/micro_ros/install/micro_ros_msgs/lib/libmicro_ros_msgs__rosidl_typesupport_cpp.so
[4.460s] -- Set runtime path of "/home/ngy/micro_ros/install/micro_ros_msgs/lib/libmicro_ros_msgs__rosidl_typesupport_cpp.so" to ""
[4.460s] -- Installing: /home/ngy/micro_ros/install/micro_ros_msgs/share/micro_ros_msgs/environment/pythonpath.sh
[4.460s] -- Installing: /home/ngy/micro_ros/install/micro_ros_msgs/share/micro_ros_msgs/environment/pythonpath.dsv
[4.461s] -- Installing: /home/ngy/micro_ros/install/micro_ros_msgs/lib/python3.8/site-packages/micro_ros_msgs/__init__.py
[4.487s] Compiling '/home/ngy/micro_ros/install/micro_ros_msgs/lib/python3.8/site-packages/micro_ros_msgs/__init__.py'...
[4.491s] -- Installing: /home/ngy/micro_ros/install/micro_ros_msgs/lib/python3.8/site-packages/micro_ros_msgs/msg
[4.491s] -- Installing: /home/ngy/micro_ros/install/micro_ros_msgs/lib/python3.8/site-packages/micro_ros_msgs/msg/_graph_s.c
[4.491s] -- Installing: /home/ngy/micro_ros/install/micro_ros_msgs/lib/python3.8/site-packages/micro_ros_msgs/msg/_node.py
[4.491s] -- Installing: /home/ngy/micro_ros/install/micro_ros_msgs/lib/python3.8/site-packages/micro_ros_msgs/msg/_entity.py
[4.491s] -- Installing: /home/ngy/micro_ros/install/micro_ros_msgs/lib/python3.8/site-packages/micro_ros_msgs/msg/__init__.py
[4.491s] -- Installing: /home/ngy/micro_ros/install/micro_ros_msgs/lib/python3.8/site-packages/micro_ros_msgs/msg/_graph.py
[4.491s] -- Installing: /home/ngy/micro_ros/install/micro_ros_msgs/lib/python3.8/site-packages/micro_ros_msgs/msg/_entity_s.c
[4.491s] -- Installing: /home/ngy/micro_ros/install/micro_ros_msgs/lib/python3.8/site-packages/micro_ros_msgs/msg/_node_s.c
[4.491s] -- Installing: /home/ngy/micro_ros/install/micro_ros_msgs/lib/python3.8/site-packages/micro_ros_msgs/micro_ros_msgs_s__rosidl_typesupport_fastrtps_c.cpython-38-x86_64-linux-gnu.so
[4.492s] -- Set runtime path of "/home/ngy/micro_ros/install/micro_ros_msgs/lib/python3.8/site-packages/micro_ros_msgs/micro_ros_msgs_s__rosidl_typesupport_fastrtps_c.cpython-38-x86_64-linux-gnu.so" to ""
[4.492s] -- Installing: /home/ngy/micro_ros/install/micro_ros_msgs/lib/python3.8/site-packages/micro_ros_msgs/micro_ros_msgs_s__rosidl_typesupport_introspection_c.cpython-38-x86_64-linux-gnu.so
[4.492s] -- Set runtime path of "/home/ngy/micro_ros/install/micro_ros_msgs/lib/python3.8/site-packages/micro_ros_msgs/micro_ros_msgs_s__rosidl_typesupport_introspection_c.cpython-38-x86_64-linux-gnu.so" to ""
[4.493s] -- Installing: /home/ngy/micro_ros/install/micro_ros_msgs/lib/python3.8/site-packages/micro_ros_msgs/micro_ros_msgs_s__rosidl_typesupport_c.cpython-38-x86_64-linux-gnu.so
[4.493s] -- Set runtime path of "/home/ngy/micro_ros/install/micro_ros_msgs/lib/python3.8/site-packages/micro_ros_msgs/micro_ros_msgs_s__rosidl_typesupport_c.cpython-38-x86_64-linux-gnu.so" to ""
[4.493s] -- Installing: /home/ngy/micro_ros/install/micro_ros_msgs/lib/libmicro_ros_msgs__python.so
[4.494s] -- Set runtime path of "/home/ngy/micro_ros/install/micro_ros_msgs/lib/libmicro_ros_msgs__python.so" to ""
[4.494s] -- Installing: /home/ngy/micro_ros/install/micro_ros_msgs/share/micro_ros_msgs/msg/Graph.idl
[4.494s] -- Installing: /home/ngy/micro_ros/install/micro_ros_msgs/share/micro_ros_msgs/msg/Node.idl
[4.494s] -- Installing: /home/ngy/micro_ros/install/micro_ros_msgs/share/micro_ros_msgs/msg/Entity.idl
[4.494s] -- Installing: /home/ngy/micro_ros/install/micro_ros_msgs/share/micro_ros_msgs/msg/Graph.msg
[4.494s] -- Installing: /home/ngy/micro_ros/install/micro_ros_msgs/share/micro_ros_msgs/msg/Node.msg
[4.494s] -- Installing: /home/ngy/micro_ros/install/micro_ros_msgs/share/micro_ros_msgs/msg/Entity.msg
[4.494s] -- Installing: /home/ngy/micro_ros/install/micro_ros_msgs/share/ament_index/resource_index/package_run_dependencies/micro_ros_msgs
[4.495s] -- Installing: /home/ngy/micro_ros/install/micro_ros_msgs/share/ament_index/resource_index/parent_prefix_path/micro_ros_msgs
[4.495s] -- Installing: /home/ngy/micro_ros/install/micro_ros_msgs/share/micro_ros_msgs/environment/ament_prefix_path.sh
[4.495s] -- Installing: /home/ngy/micro_ros/install/micro_ros_msgs/share/micro_ros_msgs/environment/ament_prefix_path.dsv
[4.495s] -- Installing: /home/ngy/micro_ros/install/micro_ros_msgs/share/micro_ros_msgs/environment/path.sh
[4.495s] -- Installing: /home/ngy/micro_ros/install/micro_ros_msgs/share/micro_ros_msgs/environment/path.dsv
[4.495s] -- Installing: /home/ngy/micro_ros/install/micro_ros_msgs/share/micro_ros_msgs/local_setup.bash
[4.495s] -- Installing: /home/ngy/micro_ros/install/micro_ros_msgs/share/micro_ros_msgs/local_setup.sh
[4.495s] -- Installing: /home/ngy/micro_ros/install/micro_ros_msgs/share/micro_ros_msgs/local_setup.zsh
[4.495s] -- Installing: /home/ngy/micro_ros/install/micro_ros_msgs/share/micro_ros_msgs/local_setup.dsv
[4.496s] -- Installing: /home/ngy/micro_ros/install/micro_ros_msgs/share/micro_ros_msgs/package.dsv
[4.496s] -- Installing: /home/ngy/micro_ros/install/micro_ros_msgs/share/ament_index/resource_index/packages/micro_ros_msgs
[4.496s] -- Installing: /home/ngy/micro_ros/install/micro_ros_msgs/share/micro_ros_msgs/cmake/micro_ros_msgs__rosidl_generator_cExport.cmake
[4.496s] -- Installing: /home/ngy/micro_ros/install/micro_ros_msgs/share/micro_ros_msgs/cmake/micro_ros_msgs__rosidl_generator_cExport-noconfig.cmake
[4.496s] -- Installing: /home/ngy/micro_ros/install/micro_ros_msgs/share/micro_ros_msgs/cmake/micro_ros_msgs__rosidl_typesupport_introspection_cExport.cmake
[4.496s] -- Installing: /home/ngy/micro_ros/install/micro_ros_msgs/share/micro_ros_msgs/cmake/micro_ros_msgs__rosidl_typesupport_introspection_cExport-noconfig.cmake
[4.496s] -- Installing: /home/ngy/micro_ros/install/micro_ros_msgs/share/micro_ros_msgs/cmake/micro_ros_msgs__rosidl_typesupport_cExport.cmake
[4.497s] -- Installing: /home/ngy/micro_ros/install/micro_ros_msgs/share/micro_ros_msgs/cmake/micro_ros_msgs__rosidl_typesupport_cExport-noconfig.cmake
[4.497s] -- Installing: /home/ngy/micro_ros/install/micro_ros_msgs/share/micro_ros_msgs/cmake/micro_ros_msgs__rosidl_generator_cppExport.cmake
[4.497s] -- Installing: /home/ngy/micro_ros/install/micro_ros_msgs/share/micro_ros_msgs/cmake/micro_ros_msgs__rosidl_typesupport_introspection_cppExport.cmake
[4.497s] -- Installing: /home/ngy/micro_ros/install/micro_ros_msgs/share/micro_ros_msgs/cmake/micro_ros_msgs__rosidl_typesupport_introspection_cppExport-noconfig.cmake
[4.497s] -- Installing: /home/ngy/micro_ros/install/micro_ros_msgs/share/micro_ros_msgs/cmake/micro_ros_msgs__rosidl_typesupport_cppExport.cmake
[4.497s] -- Installing: /home/ngy/micro_ros/install/micro_ros_msgs/share/micro_ros_msgs/cmake/micro_ros_msgs__rosidl_typesupport_cppExport-noconfig.cmake
[4.497s] -- Installing: /home/ngy/micro_ros/install/micro_ros_msgs/share/micro_ros_msgs/cmake/rosidl_cmake-extras.cmake
[4.498s] -- Installing: /home/ngy/micro_ros/install/micro_ros_msgs/share/micro_ros_msgs/cmake/ament_cmake_export_dependencies-extras.cmake
[4.498s] -- Installing: /home/ngy/micro_ros/install/micro_ros_msgs/share/micro_ros_msgs/cmake/ament_cmake_export_libraries-extras.cmake
[4.498s] -- Installing: /home/ngy/micro_ros/install/micro_ros_msgs/share/micro_ros_msgs/cmake/ament_cmake_export_targets-extras.cmake
[4.498s] -- Installing: /home/ngy/micro_ros/install/micro_ros_msgs/share/micro_ros_msgs/cmake/ament_cmake_export_include_directories-extras.cmake
[4.498s] -- Installing: /home/ngy/micro_ros/install/micro_ros_msgs/share/micro_ros_msgs/cmake/rosidl_cmake_export_typesupport_libraries-extras.cmake
[4.498s] -- Installing: /home/ngy/micro_ros/install/micro_ros_msgs/share/micro_ros_msgs/cmake/rosidl_cmake_export_typesupport_targets-extras.cmake
[4.498s] -- Installing: /home/ngy/micro_ros/install/micro_ros_msgs/share/micro_ros_msgs/cmake/micro_ros_msgsConfig.cmake
[4.498s] -- Installing: /home/ngy/micro_ros/install/micro_ros_msgs/share/micro_ros_msgs/cmake/micro_ros_msgsConfig-version.cmake
[4.499s] -- Installing: /home/ngy/micro_ros/install/micro_ros_msgs/share/micro_ros_msgs/package.xml
[4.501s] Invoked command in '/home/ngy/micro_ros/build/micro_ros_msgs' returned '0': CMAKE_PREFIX_PATH=${CMAKE_PREFIX_PATH}:/home/ngy/microros_ws/install/sensor_msgs_py:/opt/ros/foxy /usr/bin/cmake --install /home/ngy/micro_ros/build/micro_ros_msgs
