[0.068s] Invoking command in '/home/ngy/micro_ros/build/actionlib_msgs': AMENT_PREFIX_PATH=/home/ngy/micro_ros/install/std_msgs:/home/ngy/micro_ros/install/builtin_interfaces:${AMENT_PREFIX_PATH} CMAKE_PREFIX_PATH=/home/ngy/micro_ros/install/std_msgs:/home/ngy/micro_ros/install/builtin_interfaces:/home/ngy/micro_ros/install/rosidl_typesupport_microxrcedds_cpp:/home/ngy/micro_ros/install/rosidl_typesupport_microxrcedds_c:/home/ngy/micro_ros/install/microcdr:/home/ngy/micro_ros/install/micro_ros_msgs:/home/ngy/micro_ros/install/micro_ros_setup:/home/ngy/microros_ws/install/micro_ros_agent:/home/ngy/microros_ws/install/common_interfaces:/home/ngy/microros_ws/install/visualization_msgs:/home/ngy/microros_ws/install/test_msgs:/home/ngy/microros_ws/install/micro_ros_demos_rclc:/home/ngy/microros_ws/install/example_interfaces:/home/ngy/microros_ws/install/action_msgs:/home/ngy/microros_ws/install/unique_identifier_msgs:/home/ngy/microros_ws/install/trajectory_msgs:/home/ngy/microros_ws/install/stereo_msgs:/home/ngy/microros_ws/install/std_srvs:/home/ngy/microros_ws/install/shape_msgs:/home/ngy/microros_ws/install/sensor_msgs:/home/ngy/microros_ws/install/nav_msgs:/home/ngy/microros_ws/install/diagnostic_msgs:/home/ngy/microros_ws/install/geometry_msgs:/home/ngy/microros_ws/install/actionlib_msgs:/home/ngy/microros_ws/install/std_msgs:/home/ngy/microros_ws/install/statistics_msgs:/home/ngy/microros_ws/install/rosidl_typesupport_microxrcedds_test_msg:/home/ngy/microros_ws/install/rosidl_typesupport_microxrcedds_cpp_tests:/home/ngy/microros_ws/install/rmw_microxrcedds:/home/ngy/microros_ws/install/rosidl_typesupport_microxrcedds_cpp:/home/ngy/microros_ws/install/rosidl_typesupport_microxrcedds_c_tests:/home/ngy/microros_ws/install/rosidl_typesupport_microxrcedds_c:/home/ngy/microros_ws/install/rosgraph_msgs:/home/ngy/microros_ws/install/rclc_parameter:/home/ngy/microros_ws/install/rclc:/home/ngy/microros_ws/install/composition_interfaces:/home/ngy/microros_ws/install/rcl_interfaces:/home/ngy/microros_ws/install/microxrcedds_client:/home/ngy/microros_ws/install/microcdr:/home/ngy/microros_ws/install/micro_ros_msgs:/home/ngy/microros_ws/install/micro_ros_demos_rclcpp:/home/ngy/microros_ws/install/lifecycle_msgs:/home/ngy/microros_ws/install/complex_msgs:/home/ngy/microros_ws/install/builtin_interfaces:/home/ngy/microros_ws/install/micro_ros_setup:/home/ngy/microros_ws/install/sensor_msgs_py:/opt/ros/foxy LD_LIBRARY_PATH=/home/ngy/micro_ros/install/std_msgs/lib:/home/ngy/micro_ros/install/builtin_interfaces/lib:${LD_LIBRARY_PATH} PYTHONPATH=/home/ngy/micro_ros/install/std_msgs/lib/python3.8/site-packages:/home/ngy/micro_ros/install/builtin_interfaces/lib/python3.8/site-packages:${PYTHONPATH} /usr/bin/cmake /home/ngy/micro_ros/src/ros2/common_interfaces/actionlib_msgs -DBUILD_TESTING=OFF -DBUILD_SHARED_LIBS=ON -DCMAKE_INSTALL_PREFIX=/home/ngy/micro_ros/install/actionlib_msgs
[0.187s] -- The C compiler identification is GNU 9.4.0
[0.322s] -- The CXX compiler identification is GNU 9.4.0
[0.340s] -- Check for working C compiler: /usr/bin/cc
[0.498s] -- Check for working C compiler: /usr/bin/cc -- works
[0.500s] -- Detecting C compiler ABI info
[0.648s] -- Detecting C compiler ABI info - done
[0.667s] -- Detecting C compile features
[0.667s] -- Detecting C compile features - done
[0.671s] -- Check for working CXX compiler: /usr/bin/c++
[0.824s] -- Check for working CXX compiler: /usr/bin/c++ -- works
[0.825s] -- Detecting CXX compiler ABI info
[0.987s] -- Detecting CXX compiler ABI info - done
[1.016s] -- Detecting CXX compile features
[1.017s] -- Detecting CXX compile features - done
[1.024s] -- Found ament_cmake: 0.9.11 (/opt/ros/foxy/share/ament_cmake/cmake)
[1.076s] -- Found PythonInterp: /usr/bin/python3 (found suitable version "3.8.10", minimum required is "3") 
[1.076s] -- Using PYTHON_EXECUTABLE: /usr/bin/python3
[1.589s] -- Found builtin_interfaces: 1.0.0 (/home/ngy/micro_ros/install/builtin_interfaces/share/builtin_interfaces/cmake)
[1.672s] -- Using all available rosidl_typesupport_c: rosidl_typesupport_microxrcedds_c;rosidl_typesupport_fastrtps_c;rosidl_typesupport_introspection_c
[1.693s] -- Found rosidl_adapter: 1.3.0 (/opt/ros/foxy/share/rosidl_adapter/cmake)
[1.963s] -- Found OpenSSL: /usr/lib/x86_64-linux-gnu/libcrypto.so (found version "1.1.1f")  
[2.037s] -- Found FastRTPS: /opt/ros/foxy/include  
[2.243s] -- Using all available rosidl_typesupport_cpp: rosidl_typesupport_microxrcedds_cpp;rosidl_typesupport_fastrtps_cpp;rosidl_typesupport_introspection_cpp
[2.342s] -- Found rosidl_default_generators: 1.0.1 (/opt/ros/foxy/share/rosidl_default_generators/cmake)
[2.391s] -- Found std_msgs: 2.0.5 (/home/ngy/micro_ros/install/std_msgs/share/std_msgs/cmake)
[2.502s] -- Found PythonInterp: /usr/bin/python3 (found version "3.8.10") 
[2.919s] -- Found ament_cmake_ros: 0.9.2 (/opt/ros/foxy/share/ament_cmake_ros/cmake)
[3.529s] -- Using all available rosidl_typesupport_c: rosidl_typesupport_microxrcedds_c;rosidl_typesupport_fastrtps_c;rosidl_typesupport_introspection_c
[3.769s] -- Using all available rosidl_typesupport_cpp: rosidl_typesupport_microxrcedds_cpp;rosidl_typesupport_fastrtps_cpp;rosidl_typesupport_introspection_cpp
[3.844s] -- Found PythonInterp: /usr/bin/python3 (found suitable version "3.8.10", minimum required is "3.5") 
[3.851s] -- Found python_cmake_module: 0.8.1 (/opt/ros/foxy/share/python_cmake_module/cmake)
[3.928s] -- Found PythonLibs: /usr/lib/x86_64-linux-gnu/libpython3.8.so (found suitable version "3.8.10", minimum required is "3.5") 
[3.928s] -- Using PYTHON_EXECUTABLE: /usr/bin/python3
[3.928s] -- Using PYTHON_INCLUDE_DIRS: /usr/include/python3.8
[3.928s] -- Using PYTHON_LIBRARIES: /usr/lib/x86_64-linux-gnu/libpython3.8.so
[3.985s] -- Found PythonExtra: .so  
[4.264s] -- Configuring done
[4.435s] -- Generating done
[4.442s] -- Build files have been written to: /home/ngy/micro_ros/build/actionlib_msgs
[4.468s] Invoked command in '/home/ngy/micro_ros/build/actionlib_msgs' returned '0': AMENT_PREFIX_PATH=/home/ngy/micro_ros/install/std_msgs:/home/ngy/micro_ros/install/builtin_interfaces:${AMENT_PREFIX_PATH} CMAKE_PREFIX_PATH=/home/ngy/micro_ros/install/std_msgs:/home/ngy/micro_ros/install/builtin_interfaces:/home/ngy/micro_ros/install/rosidl_typesupport_microxrcedds_cpp:/home/ngy/micro_ros/install/rosidl_typesupport_microxrcedds_c:/home/ngy/micro_ros/install/microcdr:/home/ngy/micro_ros/install/micro_ros_msgs:/home/ngy/micro_ros/install/micro_ros_setup:/home/ngy/microros_ws/install/micro_ros_agent:/home/ngy/microros_ws/install/common_interfaces:/home/ngy/microros_ws/install/visualization_msgs:/home/ngy/microros_ws/install/test_msgs:/home/ngy/microros_ws/install/micro_ros_demos_rclc:/home/ngy/microros_ws/install/example_interfaces:/home/ngy/microros_ws/install/action_msgs:/home/ngy/microros_ws/install/unique_identifier_msgs:/home/ngy/microros_ws/install/trajectory_msgs:/home/ngy/microros_ws/install/stereo_msgs:/home/ngy/microros_ws/install/std_srvs:/home/ngy/microros_ws/install/shape_msgs:/home/ngy/microros_ws/install/sensor_msgs:/home/ngy/microros_ws/install/nav_msgs:/home/ngy/microros_ws/install/diagnostic_msgs:/home/ngy/microros_ws/install/geometry_msgs:/home/ngy/microros_ws/install/actionlib_msgs:/home/ngy/microros_ws/install/std_msgs:/home/ngy/microros_ws/install/statistics_msgs:/home/ngy/microros_ws/install/rosidl_typesupport_microxrcedds_test_msg:/home/ngy/microros_ws/install/rosidl_typesupport_microxrcedds_cpp_tests:/home/ngy/microros_ws/install/rmw_microxrcedds:/home/ngy/microros_ws/install/rosidl_typesupport_microxrcedds_cpp:/home/ngy/microros_ws/install/rosidl_typesupport_microxrcedds_c_tests:/home/ngy/microros_ws/install/rosidl_typesupport_microxrcedds_c:/home/ngy/microros_ws/install/rosgraph_msgs:/home/ngy/microros_ws/install/rclc_parameter:/home/ngy/microros_ws/install/rclc:/home/ngy/microros_ws/install/composition_interfaces:/home/ngy/microros_ws/install/rcl_interfaces:/home/ngy/microros_ws/install/microxrcedds_client:/home/ngy/microros_ws/install/microcdr:/home/ngy/microros_ws/install/micro_ros_msgs:/home/ngy/microros_ws/install/micro_ros_demos_rclcpp:/home/ngy/microros_ws/install/lifecycle_msgs:/home/ngy/microros_ws/install/complex_msgs:/home/ngy/microros_ws/install/builtin_interfaces:/home/ngy/microros_ws/install/micro_ros_setup:/home/ngy/microros_ws/install/sensor_msgs_py:/opt/ros/foxy LD_LIBRARY_PATH=/home/ngy/micro_ros/install/std_msgs/lib:/home/ngy/micro_ros/install/builtin_interfaces/lib:${LD_LIBRARY_PATH} PYTHONPATH=/home/ngy/micro_ros/install/std_msgs/lib/python3.8/site-packages:/home/ngy/micro_ros/install/builtin_interfaces/lib/python3.8/site-packages:${PYTHONPATH} /usr/bin/cmake /home/ngy/micro_ros/src/ros2/common_interfaces/actionlib_msgs -DBUILD_TESTING=OFF -DBUILD_SHARED_LIBS=ON -DCMAKE_INSTALL_PREFIX=/home/ngy/micro_ros/install/actionlib_msgs
[4.470s] Invoking command in '/home/ngy/micro_ros/build/actionlib_msgs': AMENT_PREFIX_PATH=/home/ngy/micro_ros/install/std_msgs:/home/ngy/micro_ros/install/builtin_interfaces:${AMENT_PREFIX_PATH} CMAKE_PREFIX_PATH=/home/ngy/micro_ros/install/std_msgs:/home/ngy/micro_ros/install/builtin_interfaces:/home/ngy/micro_ros/install/rosidl_typesupport_microxrcedds_cpp:/home/ngy/micro_ros/install/rosidl_typesupport_microxrcedds_c:/home/ngy/micro_ros/install/microcdr:/home/ngy/micro_ros/install/micro_ros_msgs:/home/ngy/micro_ros/install/micro_ros_setup:/home/ngy/microros_ws/install/micro_ros_agent:/home/ngy/microros_ws/install/common_interfaces:/home/ngy/microros_ws/install/visualization_msgs:/home/ngy/microros_ws/install/test_msgs:/home/ngy/microros_ws/install/micro_ros_demos_rclc:/home/ngy/microros_ws/install/example_interfaces:/home/ngy/microros_ws/install/action_msgs:/home/ngy/microros_ws/install/unique_identifier_msgs:/home/ngy/microros_ws/install/trajectory_msgs:/home/ngy/microros_ws/install/stereo_msgs:/home/ngy/microros_ws/install/std_srvs:/home/ngy/microros_ws/install/shape_msgs:/home/ngy/microros_ws/install/sensor_msgs:/home/ngy/microros_ws/install/nav_msgs:/home/ngy/microros_ws/install/diagnostic_msgs:/home/ngy/microros_ws/install/geometry_msgs:/home/ngy/microros_ws/install/actionlib_msgs:/home/ngy/microros_ws/install/std_msgs:/home/ngy/microros_ws/install/statistics_msgs:/home/ngy/microros_ws/install/rosidl_typesupport_microxrcedds_test_msg:/home/ngy/microros_ws/install/rosidl_typesupport_microxrcedds_cpp_tests:/home/ngy/microros_ws/install/rmw_microxrcedds:/home/ngy/microros_ws/install/rosidl_typesupport_microxrcedds_cpp:/home/ngy/microros_ws/install/rosidl_typesupport_microxrcedds_c_tests:/home/ngy/microros_ws/install/rosidl_typesupport_microxrcedds_c:/home/ngy/microros_ws/install/rosgraph_msgs:/home/ngy/microros_ws/install/rclc_parameter:/home/ngy/microros_ws/install/rclc:/home/ngy/microros_ws/install/composition_interfaces:/home/ngy/microros_ws/install/rcl_interfaces:/home/ngy/microros_ws/install/microxrcedds_client:/home/ngy/microros_ws/install/microcdr:/home/ngy/microros_ws/install/micro_ros_msgs:/home/ngy/microros_ws/install/micro_ros_demos_rclcpp:/home/ngy/microros_ws/install/lifecycle_msgs:/home/ngy/microros_ws/install/complex_msgs:/home/ngy/microros_ws/install/builtin_interfaces:/home/ngy/microros_ws/install/micro_ros_setup:/home/ngy/microros_ws/install/sensor_msgs_py:/opt/ros/foxy LD_LIBRARY_PATH=/home/ngy/micro_ros/install/std_msgs/lib:/home/ngy/micro_ros/install/builtin_interfaces/lib:${LD_LIBRARY_PATH} PYTHONPATH=/home/ngy/micro_ros/install/std_msgs/lib/python3.8/site-packages:/home/ngy/micro_ros/install/builtin_interfaces/lib/python3.8/site-packages:${PYTHONPATH} /usr/bin/cmake --build /home/ngy/micro_ros/build/actionlib_msgs -- -j12 -l12
[4.622s] [  1%] [34m[1mGenerating C code for ROS interfaces[0m
[4.644s] [35m[1mScanning dependencies of target actionlib_msgs__cpp[0m
[4.733s] [  3%] [34m[1mGenerating C++ code for ROS interfaces[0m
[6.330s] [35m[1mScanning dependencies of target actionlib_msgs__rosidl_generator_c[0m
[6.441s] [  5%] [32mBuilding C object CMakeFiles/actionlib_msgs__rosidl_generator_c.dir/rosidl_generator_c/actionlib_msgs/msg/detail/goal_status__functions.c.o[0m
[6.444s] [  6%] [32mBuilding C object CMakeFiles/actionlib_msgs__rosidl_generator_c.dir/rosidl_generator_c/actionlib_msgs/msg/detail/goal_id__functions.c.o[0m
[6.668s] [  8%] [32mBuilding C object CMakeFiles/actionlib_msgs__rosidl_generator_c.dir/rosidl_generator_c/actionlib_msgs/msg/detail/goal_status_array__functions.c.o[0m
[6.812s] [  8%] Built target actionlib_msgs__cpp
[6.925s] [ 10%] [34m[1mGenerating C++ introspection for ROS interfaces[0m
[6.993s] [ 11%] [32m[1mLinking C shared library libactionlib_msgs__rosidl_generator_c.so[0m
[7.252s] [ 11%] Built target actionlib_msgs__rosidl_generator_c
[8.526s] [35m[1mScanning dependencies of target actionlib_msgs__rosidl_typesupport_introspection_cpp[0m
[8.648s] [ 13%] [32mBuilding CXX object CMakeFiles/actionlib_msgs__rosidl_typesupport_introspection_cpp.dir/rosidl_typesupport_introspection_cpp/actionlib_msgs/msg/detail/goal_id__type_support.cpp.o[0m
[9.533s] [ 15%] [32mBuilding CXX object CMakeFiles/actionlib_msgs__rosidl_typesupport_introspection_cpp.dir/rosidl_typesupport_introspection_cpp/actionlib_msgs/msg/detail/goal_status_array__type_support.cpp.o[0m
[10.568s] [ 16%] [32mBuilding CXX object CMakeFiles/actionlib_msgs__rosidl_typesupport_introspection_cpp.dir/rosidl_typesupport_introspection_cpp/actionlib_msgs/msg/detail/goal_status__type_support.cpp.o[0m
[11.433s] [ 18%] [32m[1mLinking CXX shared library libactionlib_msgs__rosidl_typesupport_introspection_cpp.so[0m
[11.698s] [ 18%] Built target actionlib_msgs__rosidl_typesupport_introspection_cpp
[11.730s] [ 20%] [34m[1mGenerating C introspection for ROS interfaces[0m
[12.850s] [35m[1mScanning dependencies of target actionlib_msgs__rosidl_typesupport_introspection_c[0m
[12.896s] [ 22%] [32mBuilding C object CMakeFiles/actionlib_msgs__rosidl_typesupport_introspection_c.dir/rosidl_typesupport_introspection_c/actionlib_msgs/msg/detail/goal_id__type_support.c.o[0m
[12.991s] [ 23%] [32mBuilding C object CMakeFiles/actionlib_msgs__rosidl_typesupport_introspection_c.dir/rosidl_typesupport_introspection_c/actionlib_msgs/msg/detail/goal_status_array__type_support.c.o[0m
[13.107s] [ 25%] [32mBuilding C object CMakeFiles/actionlib_msgs__rosidl_typesupport_introspection_c.dir/rosidl_typesupport_introspection_c/actionlib_msgs/msg/detail/goal_status__type_support.c.o[0m
[13.231s] [ 27%] [32m[1mLinking C shared library libactionlib_msgs__rosidl_typesupport_introspection_c.so[0m
[13.381s] [ 27%] Built target actionlib_msgs__rosidl_typesupport_introspection_c
[13.418s] [ 28%] [34m[1mGenerating C type support for eProsima Micro XRCE-DDS[0m
[14.598s] [35m[1mScanning dependencies of target actionlib_msgs__rosidl_typesupport_microxrcedds_c[0m
[14.636s] [ 30%] [32mBuilding C object CMakeFiles/actionlib_msgs__rosidl_typesupport_microxrcedds_c.dir/rosidl_typesupport_microxrcedds_c/actionlib_msgs/msg/detail/microxrcedds/goal_id__type_support_c.c.o[0m
[14.749s] [ 32%] [32mBuilding C object CMakeFiles/actionlib_msgs__rosidl_typesupport_microxrcedds_c.dir/rosidl_typesupport_microxrcedds_c/actionlib_msgs/msg/detail/microxrcedds/goal_status_array__type_support_c.c.o[0m
[14.856s] [ 33%] [32mBuilding C object CMakeFiles/actionlib_msgs__rosidl_typesupport_microxrcedds_c.dir/rosidl_typesupport_microxrcedds_c/actionlib_msgs/msg/detail/microxrcedds/goal_status__type_support_c.c.o[0m
[14.964s] [ 35%] [32m[1mLinking C shared library libactionlib_msgs__rosidl_typesupport_microxrcedds_c.so[0m
[15.066s] [ 35%] Built target actionlib_msgs__rosidl_typesupport_microxrcedds_c
[15.096s] [ 37%] [34m[1mGenerating C type support dispatch for ROS interfaces[0m
[15.813s] [35m[1mScanning dependencies of target actionlib_msgs__rosidl_typesupport_c[0m
[15.848s] [ 38%] [32mBuilding CXX object CMakeFiles/actionlib_msgs__rosidl_typesupport_c.dir/rosidl_typesupport_c/actionlib_msgs/msg/goal_id__type_support.cpp.o[0m
[15.917s] [ 40%] [32mBuilding CXX object CMakeFiles/actionlib_msgs__rosidl_typesupport_c.dir/rosidl_typesupport_c/actionlib_msgs/msg/goal_status_array__type_support.cpp.o[0m
[15.990s] [ 42%] [32mBuilding CXX object CMakeFiles/actionlib_msgs__rosidl_typesupport_c.dir/rosidl_typesupport_c/actionlib_msgs/msg/goal_status__type_support.cpp.o[0m
[16.041s] [ 44%] [32m[1mLinking CXX shared library libactionlib_msgs__rosidl_typesupport_c.so[0m
[16.143s] [ 44%] Built target actionlib_msgs__rosidl_typesupport_c
[16.171s] [ 45%] [34m[1mGenerating C++ type support for eProsima Micro XRCE-DDS[0m
[16.807s] [35m[1mScanning dependencies of target actionlib_msgs__rosidl_typesupport_microxrcedds_cpp[0m
[16.838s] [ 47%] [32mBuilding CXX object CMakeFiles/actionlib_msgs__rosidl_typesupport_microxrcedds_cpp.dir/rosidl_typesupport_microxrcedds_cpp/actionlib_msgs/msg/detail/microxrcedds/goal_id__type_support_cpp.cpp.o[0m
[17.368s] [ 49%] [32mBuilding CXX object CMakeFiles/actionlib_msgs__rosidl_typesupport_microxrcedds_cpp.dir/rosidl_typesupport_microxrcedds_cpp/actionlib_msgs/msg/detail/microxrcedds/goal_status_array__type_support_cpp.cpp.o[0m
[17.943s] [ 50%] [32mBuilding CXX object CMakeFiles/actionlib_msgs__rosidl_typesupport_microxrcedds_cpp.dir/rosidl_typesupport_microxrcedds_cpp/actionlib_msgs/msg/detail/microxrcedds/goal_status__type_support_cpp.cpp.o[0m
[18.524s] [ 52%] [32m[1mLinking CXX shared library libactionlib_msgs__rosidl_typesupport_microxrcedds_cpp.so[0m
[18.647s] [ 52%] Built target actionlib_msgs__rosidl_typesupport_microxrcedds_cpp
[18.667s] [ 54%] [34m[1mGenerating C++ type support for eProsima Fast-RTPS[0m
[19.281s] [35m[1mScanning dependencies of target actionlib_msgs__rosidl_typesupport_fastrtps_cpp[0m
[19.316s] [ 55%] [32mBuilding CXX object CMakeFiles/actionlib_msgs__rosidl_typesupport_fastrtps_cpp.dir/rosidl_typesupport_fastrtps_cpp/actionlib_msgs/msg/detail/dds_fastrtps/goal_id__type_support.cpp.o[0m
[20.264s] [ 57%] [32mBuilding CXX object CMakeFiles/actionlib_msgs__rosidl_typesupport_fastrtps_cpp.dir/rosidl_typesupport_fastrtps_cpp/actionlib_msgs/msg/detail/dds_fastrtps/goal_status_array__type_support.cpp.o[0m
[21.348s] [ 59%] [32mBuilding CXX object CMakeFiles/actionlib_msgs__rosidl_typesupport_fastrtps_cpp.dir/rosidl_typesupport_fastrtps_cpp/actionlib_msgs/msg/detail/dds_fastrtps/goal_status__type_support.cpp.o[0m
[22.121s] [ 61%] [32m[1mLinking CXX shared library libactionlib_msgs__rosidl_typesupport_fastrtps_cpp.so[0m
[22.298s] [ 61%] Built target actionlib_msgs__rosidl_typesupport_fastrtps_cpp
[22.323s] [ 62%] [34m[1mGenerating C++ type support dispatch for ROS interfaces[0m
[23.034s] [35m[1mScanning dependencies of target actionlib_msgs__rosidl_typesupport_cpp[0m
[23.066s] [ 64%] [32mBuilding CXX object CMakeFiles/actionlib_msgs__rosidl_typesupport_cpp.dir/rosidl_typesupport_cpp/actionlib_msgs/msg/goal_id__type_support.cpp.o[0m
[23.496s] [ 66%] [32mBuilding CXX object CMakeFiles/actionlib_msgs__rosidl_typesupport_cpp.dir/rosidl_typesupport_cpp/actionlib_msgs/msg/goal_status_array__type_support.cpp.o[0m
[23.964s] [ 67%] [32mBuilding CXX object CMakeFiles/actionlib_msgs__rosidl_typesupport_cpp.dir/rosidl_typesupport_cpp/actionlib_msgs/msg/goal_status__type_support.cpp.o[0m
[24.609s] [ 69%] [32m[1mLinking CXX shared library libactionlib_msgs__rosidl_typesupport_cpp.so[0m
[24.684s] [ 69%] Built target actionlib_msgs__rosidl_typesupport_cpp
[24.704s] [ 71%] [34m[1mGenerating C type support for eProsima Fast-RTPS[0m
[25.371s] [35m[1mScanning dependencies of target actionlib_msgs__rosidl_typesupport_fastrtps_c[0m
[25.414s] [ 72%] [32mBuilding CXX object CMakeFiles/actionlib_msgs__rosidl_typesupport_fastrtps_c.dir/rosidl_typesupport_fastrtps_c/actionlib_msgs/msg/detail/goal_id__type_support_c.cpp.o[0m
[26.086s] [ 74%] [32mBuilding CXX object CMakeFiles/actionlib_msgs__rosidl_typesupport_fastrtps_c.dir/rosidl_typesupport_fastrtps_c/actionlib_msgs/msg/detail/goal_status_array__type_support_c.cpp.o[0m
[26.620s] [ 76%] [32mBuilding CXX object CMakeFiles/actionlib_msgs__rosidl_typesupport_fastrtps_c.dir/rosidl_typesupport_fastrtps_c/actionlib_msgs/msg/detail/goal_status__type_support_c.cpp.o[0m
[27.232s] [ 77%] [32m[1mLinking CXX shared library libactionlib_msgs__rosidl_typesupport_fastrtps_c.so[0m
[27.451s] [ 77%] Built target actionlib_msgs__rosidl_typesupport_fastrtps_c
[27.480s] [35m[1mScanning dependencies of target actionlib_msgs[0m
[27.510s] [ 77%] Built target actionlib_msgs
[27.540s] [35m[1mScanning dependencies of target actionlib_msgs__py[0m
[27.574s] [ 79%] [34m[1mGenerating Python code for ROS interfaces[0m
[30.776s] [ 79%] Built target actionlib_msgs__py
[30.810s] [35m[1mScanning dependencies of target actionlib_msgs__python[0m
[30.912s] [ 81%] [32mBuilding C object CMakeFiles/actionlib_msgs__python.dir/rosidl_generator_py/actionlib_msgs/msg/_goal_id_s.c.o[0m
[30.955s] [ 83%] [32mBuilding C object CMakeFiles/actionlib_msgs__python.dir/rosidl_generator_py/actionlib_msgs/msg/_goal_status_s.c.o[0m
[30.993s] [ 84%] [32mBuilding C object CMakeFiles/actionlib_msgs__python.dir/rosidl_generator_py/actionlib_msgs/msg/_goal_status_array_s.c.o[0m
[31.789s] [ 86%] [32m[1mLinking C shared library rosidl_generator_py/actionlib_msgs/libactionlib_msgs__python.so[0m
[32.100s] [ 86%] Built target actionlib_msgs__python
[32.170s] [35m[1mScanning dependencies of target actionlib_msgs__rosidl_typesupport_fastrtps_c__pyext[0m
[32.288s] [ 88%] [32mBuilding C object CMakeFiles/actionlib_msgs__rosidl_typesupport_fastrtps_c__pyext.dir/rosidl_generator_py/actionlib_msgs/_actionlib_msgs_s.ep.rosidl_typesupport_fastrtps_c.c.o[0m
[32.579s] [ 89%] [32m[1mLinking CXX shared library rosidl_generator_py/actionlib_msgs/actionlib_msgs_s__rosidl_typesupport_fastrtps_c.cpython-38-x86_64-linux-gnu.so[0m
[32.758s] [ 89%] Built target actionlib_msgs__rosidl_typesupport_fastrtps_c__pyext
[32.788s] [35m[1mScanning dependencies of target actionlib_msgs__rosidl_typesupport_c__pyext[0m
[32.838s] [ 91%] [32mBuilding C object CMakeFiles/actionlib_msgs__rosidl_typesupport_c__pyext.dir/rosidl_generator_py/actionlib_msgs/_actionlib_msgs_s.ep.rosidl_typesupport_c.c.o[0m
[33.006s] [ 93%] [32m[1mLinking C shared library rosidl_generator_py/actionlib_msgs/actionlib_msgs_s__rosidl_typesupport_c.cpython-38-x86_64-linux-gnu.so[0m
[33.099s] [ 93%] Built target actionlib_msgs__rosidl_typesupport_c__pyext
[33.120s] [35m[1mScanning dependencies of target actionlib_msgs__rosidl_typesupport_introspection_c__pyext[0m
[33.158s] [ 94%] [32mBuilding C object CMakeFiles/actionlib_msgs__rosidl_typesupport_introspection_c__pyext.dir/rosidl_generator_py/actionlib_msgs/_actionlib_msgs_s.ep.rosidl_typesupport_introspection_c.c.o[0m
[33.378s] [ 96%] [32m[1mLinking C shared library rosidl_generator_py/actionlib_msgs/actionlib_msgs_s__rosidl_typesupport_introspection_c.cpython-38-x86_64-linux-gnu.so[0m
[33.474s] [ 96%] Built target actionlib_msgs__rosidl_typesupport_introspection_c__pyext
[33.501s] [35m[1mScanning dependencies of target actionlib_msgs__rosidl_typesupport_microxrcedds_c__pyext[0m
[33.548s] [ 98%] [32mBuilding C object CMakeFiles/actionlib_msgs__rosidl_typesupport_microxrcedds_c__pyext.dir/rosidl_generator_py/actionlib_msgs/_actionlib_msgs_s.ep.rosidl_typesupport_microxrcedds_c.c.o[0m
[33.766s] [100%] [32m[1mLinking C shared library rosidl_generator_py/actionlib_msgs/actionlib_msgs_s__rosidl_typesupport_microxrcedds_c.cpython-38-x86_64-linux-gnu.so[0m
[33.860s] [100%] Built target actionlib_msgs__rosidl_typesupport_microxrcedds_c__pyext
[33.888s] Invoked command in '/home/ngy/micro_ros/build/actionlib_msgs' returned '0': AMENT_PREFIX_PATH=/home/ngy/micro_ros/install/std_msgs:/home/ngy/micro_ros/install/builtin_interfaces:${AMENT_PREFIX_PATH} CMAKE_PREFIX_PATH=/home/ngy/micro_ros/install/std_msgs:/home/ngy/micro_ros/install/builtin_interfaces:/home/ngy/micro_ros/install/rosidl_typesupport_microxrcedds_cpp:/home/ngy/micro_ros/install/rosidl_typesupport_microxrcedds_c:/home/ngy/micro_ros/install/microcdr:/home/ngy/micro_ros/install/micro_ros_msgs:/home/ngy/micro_ros/install/micro_ros_setup:/home/ngy/microros_ws/install/micro_ros_agent:/home/ngy/microros_ws/install/common_interfaces:/home/ngy/microros_ws/install/visualization_msgs:/home/ngy/microros_ws/install/test_msgs:/home/ngy/microros_ws/install/micro_ros_demos_rclc:/home/ngy/microros_ws/install/example_interfaces:/home/ngy/microros_ws/install/action_msgs:/home/ngy/microros_ws/install/unique_identifier_msgs:/home/ngy/microros_ws/install/trajectory_msgs:/home/ngy/microros_ws/install/stereo_msgs:/home/ngy/microros_ws/install/std_srvs:/home/ngy/microros_ws/install/shape_msgs:/home/ngy/microros_ws/install/sensor_msgs:/home/ngy/microros_ws/install/nav_msgs:/home/ngy/microros_ws/install/diagnostic_msgs:/home/ngy/microros_ws/install/geometry_msgs:/home/ngy/microros_ws/install/actionlib_msgs:/home/ngy/microros_ws/install/std_msgs:/home/ngy/microros_ws/install/statistics_msgs:/home/ngy/microros_ws/install/rosidl_typesupport_microxrcedds_test_msg:/home/ngy/microros_ws/install/rosidl_typesupport_microxrcedds_cpp_tests:/home/ngy/microros_ws/install/rmw_microxrcedds:/home/ngy/microros_ws/install/rosidl_typesupport_microxrcedds_cpp:/home/ngy/microros_ws/install/rosidl_typesupport_microxrcedds_c_tests:/home/ngy/microros_ws/install/rosidl_typesupport_microxrcedds_c:/home/ngy/microros_ws/install/rosgraph_msgs:/home/ngy/microros_ws/install/rclc_parameter:/home/ngy/microros_ws/install/rclc:/home/ngy/microros_ws/install/composition_interfaces:/home/ngy/microros_ws/install/rcl_interfaces:/home/ngy/microros_ws/install/microxrcedds_client:/home/ngy/microros_ws/install/microcdr:/home/ngy/microros_ws/install/micro_ros_msgs:/home/ngy/microros_ws/install/micro_ros_demos_rclcpp:/home/ngy/microros_ws/install/lifecycle_msgs:/home/ngy/microros_ws/install/complex_msgs:/home/ngy/microros_ws/install/builtin_interfaces:/home/ngy/microros_ws/install/micro_ros_setup:/home/ngy/microros_ws/install/sensor_msgs_py:/opt/ros/foxy LD_LIBRARY_PATH=/home/ngy/micro_ros/install/std_msgs/lib:/home/ngy/micro_ros/install/builtin_interfaces/lib:${LD_LIBRARY_PATH} PYTHONPATH=/home/ngy/micro_ros/install/std_msgs/lib/python3.8/site-packages:/home/ngy/micro_ros/install/builtin_interfaces/lib/python3.8/site-packages:${PYTHONPATH} /usr/bin/cmake --build /home/ngy/micro_ros/build/actionlib_msgs -- -j12 -l12
[34.278s] Invoking command in '/home/ngy/micro_ros/build/actionlib_msgs': AMENT_PREFIX_PATH=/home/ngy/micro_ros/install/std_msgs:/home/ngy/micro_ros/install/builtin_interfaces:${AMENT_PREFIX_PATH} CMAKE_PREFIX_PATH=/home/ngy/micro_ros/install/std_msgs:/home/ngy/micro_ros/install/builtin_interfaces:/home/ngy/micro_ros/install/rosidl_typesupport_microxrcedds_cpp:/home/ngy/micro_ros/install/rosidl_typesupport_microxrcedds_c:/home/ngy/micro_ros/install/microcdr:/home/ngy/micro_ros/install/micro_ros_msgs:/home/ngy/micro_ros/install/micro_ros_setup:/home/ngy/microros_ws/install/micro_ros_agent:/home/ngy/microros_ws/install/common_interfaces:/home/ngy/microros_ws/install/visualization_msgs:/home/ngy/microros_ws/install/test_msgs:/home/ngy/microros_ws/install/micro_ros_demos_rclc:/home/ngy/microros_ws/install/example_interfaces:/home/ngy/microros_ws/install/action_msgs:/home/ngy/microros_ws/install/unique_identifier_msgs:/home/ngy/microros_ws/install/trajectory_msgs:/home/ngy/microros_ws/install/stereo_msgs:/home/ngy/microros_ws/install/std_srvs:/home/ngy/microros_ws/install/shape_msgs:/home/ngy/microros_ws/install/sensor_msgs:/home/ngy/microros_ws/install/nav_msgs:/home/ngy/microros_ws/install/diagnostic_msgs:/home/ngy/microros_ws/install/geometry_msgs:/home/ngy/microros_ws/install/actionlib_msgs:/home/ngy/microros_ws/install/std_msgs:/home/ngy/microros_ws/install/statistics_msgs:/home/ngy/microros_ws/install/rosidl_typesupport_microxrcedds_test_msg:/home/ngy/microros_ws/install/rosidl_typesupport_microxrcedds_cpp_tests:/home/ngy/microros_ws/install/rmw_microxrcedds:/home/ngy/microros_ws/install/rosidl_typesupport_microxrcedds_cpp:/home/ngy/microros_ws/install/rosidl_typesupport_microxrcedds_c_tests:/home/ngy/microros_ws/install/rosidl_typesupport_microxrcedds_c:/home/ngy/microros_ws/install/rosgraph_msgs:/home/ngy/microros_ws/install/rclc_parameter:/home/ngy/microros_ws/install/rclc:/home/ngy/microros_ws/install/composition_interfaces:/home/ngy/microros_ws/install/rcl_interfaces:/home/ngy/microros_ws/install/microxrcedds_client:/home/ngy/microros_ws/install/microcdr:/home/ngy/microros_ws/install/micro_ros_msgs:/home/ngy/microros_ws/install/micro_ros_demos_rclcpp:/home/ngy/microros_ws/install/lifecycle_msgs:/home/ngy/microros_ws/install/complex_msgs:/home/ngy/microros_ws/install/builtin_interfaces:/home/ngy/microros_ws/install/micro_ros_setup:/home/ngy/microros_ws/install/sensor_msgs_py:/opt/ros/foxy LD_LIBRARY_PATH=/home/ngy/micro_ros/install/std_msgs/lib:/home/ngy/micro_ros/install/builtin_interfaces/lib:${LD_LIBRARY_PATH} PYTHONPATH=/home/ngy/micro_ros/install/std_msgs/lib/python3.8/site-packages:/home/ngy/micro_ros/install/builtin_interfaces/lib/python3.8/site-packages:${PYTHONPATH} /usr/bin/cmake --install /home/ngy/micro_ros/build/actionlib_msgs
[34.299s] -- Install configuration: ""
[34.300s] -- Installing: /home/ngy/micro_ros/install/actionlib_msgs/share/ament_index/resource_index/rosidl_interfaces/actionlib_msgs
[34.300s] -- Installing: /home/ngy/micro_ros/install/actionlib_msgs/include/actionlib_msgs
[34.300s] -- Installing: /home/ngy/micro_ros/install/actionlib_msgs/include/actionlib_msgs/msg
[34.301s] -- Installing: /home/ngy/micro_ros/install/actionlib_msgs/include/actionlib_msgs/msg/goal_id.h
[34.301s] -- Installing: /home/ngy/micro_ros/install/actionlib_msgs/include/actionlib_msgs/msg/detail
[34.301s] -- Installing: /home/ngy/micro_ros/install/actionlib_msgs/include/actionlib_msgs/msg/detail/goal_status__type_support.h
[34.301s] -- Installing: /home/ngy/micro_ros/install/actionlib_msgs/include/actionlib_msgs/msg/detail/goal_status__functions.c
[34.301s] -- Installing: /home/ngy/micro_ros/install/actionlib_msgs/include/actionlib_msgs/msg/detail/goal_status_array__type_support.h
[34.301s] -- Installing: /home/ngy/micro_ros/install/actionlib_msgs/include/actionlib_msgs/msg/detail/goal_id__functions.c
[34.302s] -- Installing: /home/ngy/micro_ros/install/actionlib_msgs/include/actionlib_msgs/msg/detail/goal_id__functions.h
[34.302s] -- Installing: /home/ngy/micro_ros/install/actionlib_msgs/include/actionlib_msgs/msg/detail/goal_status_array__struct.h
[34.302s] -- Installing: /home/ngy/micro_ros/install/actionlib_msgs/include/actionlib_msgs/msg/detail/goal_id__struct.h
[34.302s] -- Installing: /home/ngy/micro_ros/install/actionlib_msgs/include/actionlib_msgs/msg/detail/goal_status__struct.h
[34.302s] -- Installing: /home/ngy/micro_ros/install/actionlib_msgs/include/actionlib_msgs/msg/detail/goal_status_array__functions.h
[34.303s] -- Installing: /home/ngy/micro_ros/install/actionlib_msgs/include/actionlib_msgs/msg/detail/goal_status_array__functions.c
[34.303s] -- Installing: /home/ngy/micro_ros/install/actionlib_msgs/include/actionlib_msgs/msg/detail/goal_id__type_support.h
[34.303s] -- Installing: /home/ngy/micro_ros/install/actionlib_msgs/include/actionlib_msgs/msg/detail/goal_status__functions.h
[34.303s] -- Installing: /home/ngy/micro_ros/install/actionlib_msgs/include/actionlib_msgs/msg/goal_status.h
[34.303s] -- Installing: /home/ngy/micro_ros/install/actionlib_msgs/include/actionlib_msgs/msg/goal_status_array.h
[34.303s] -- Installing: /home/ngy/micro_ros/install/actionlib_msgs/include/actionlib_msgs/msg/rosidl_generator_c__visibility_control.h
[34.304s] -- Installing: /home/ngy/micro_ros/install/actionlib_msgs/share/actionlib_msgs/environment/library_path.sh
[34.304s] -- Installing: /home/ngy/micro_ros/install/actionlib_msgs/share/actionlib_msgs/environment/library_path.dsv
[34.305s] -- Installing: /home/ngy/micro_ros/install/actionlib_msgs/lib/libactionlib_msgs__rosidl_generator_c.so
[34.306s] -- Set runtime path of "/home/ngy/micro_ros/install/actionlib_msgs/lib/libactionlib_msgs__rosidl_generator_c.so" to ""
[34.306s] -- Up-to-date: /home/ngy/micro_ros/install/actionlib_msgs/include/actionlib_msgs
[34.306s] -- Up-to-date: /home/ngy/micro_ros/install/actionlib_msgs/include/actionlib_msgs/msg
[34.306s] -- Up-to-date: /home/ngy/micro_ros/install/actionlib_msgs/include/actionlib_msgs/msg/detail
[34.306s] -- Installing: /home/ngy/micro_ros/install/actionlib_msgs/include/actionlib_msgs/msg/detail/microxrcedds
[34.307s] -- Installing: /home/ngy/micro_ros/install/actionlib_msgs/include/actionlib_msgs/msg/detail/goal_status_array__rosidl_typesupport_microxrcedds_c.h
[34.307s] -- Installing: /home/ngy/micro_ros/install/actionlib_msgs/include/actionlib_msgs/msg/detail/goal_id__rosidl_typesupport_microxrcedds_c.h
[34.307s] -- Installing: /home/ngy/micro_ros/install/actionlib_msgs/include/actionlib_msgs/msg/detail/goal_status__rosidl_typesupport_microxrcedds_c.h
[34.307s] -- Installing: /home/ngy/micro_ros/install/actionlib_msgs/include/actionlib_msgs/msg/rosidl_typesupport_microxrcedds_c__visibility_control.h
[34.307s] -- Installing: /home/ngy/micro_ros/install/actionlib_msgs/lib/libactionlib_msgs__rosidl_typesupport_microxrcedds_c.so
[34.308s] -- Set runtime path of "/home/ngy/micro_ros/install/actionlib_msgs/lib/libactionlib_msgs__rosidl_typesupport_microxrcedds_c.so" to ""
[34.308s] -- Up-to-date: /home/ngy/micro_ros/install/actionlib_msgs/include/actionlib_msgs
[34.308s] -- Up-to-date: /home/ngy/micro_ros/install/actionlib_msgs/include/actionlib_msgs/msg
[34.309s] -- Up-to-date: /home/ngy/micro_ros/install/actionlib_msgs/include/actionlib_msgs/msg/detail
[34.309s] -- Installing: /home/ngy/micro_ros/install/actionlib_msgs/include/actionlib_msgs/msg/detail/goal_status_array__rosidl_typesupport_fastrtps_c.h
[34.309s] -- Installing: /home/ngy/micro_ros/install/actionlib_msgs/include/actionlib_msgs/msg/detail/goal_status__rosidl_typesupport_fastrtps_c.h
[34.309s] -- Installing: /home/ngy/micro_ros/install/actionlib_msgs/include/actionlib_msgs/msg/detail/goal_id__rosidl_typesupport_fastrtps_c.h
[34.309s] -- Installing: /home/ngy/micro_ros/install/actionlib_msgs/include/actionlib_msgs/msg/rosidl_typesupport_fastrtps_c__visibility_control.h
[34.310s] -- Installing: /home/ngy/micro_ros/install/actionlib_msgs/lib/libactionlib_msgs__rosidl_typesupport_fastrtps_c.so
[34.310s] -- Set runtime path of "/home/ngy/micro_ros/install/actionlib_msgs/lib/libactionlib_msgs__rosidl_typesupport_fastrtps_c.so" to ""
[34.310s] -- Up-to-date: /home/ngy/micro_ros/install/actionlib_msgs/include/actionlib_msgs
[34.311s] -- Up-to-date: /home/ngy/micro_ros/install/actionlib_msgs/include/actionlib_msgs/msg
[34.311s] -- Installing: /home/ngy/micro_ros/install/actionlib_msgs/include/actionlib_msgs/msg/rosidl_typesupport_fastrtps_cpp__visibility_control.h
[34.311s] -- Up-to-date: /home/ngy/micro_ros/install/actionlib_msgs/include/actionlib_msgs/msg/detail
[34.311s] -- Installing: /home/ngy/micro_ros/install/actionlib_msgs/include/actionlib_msgs/msg/detail/goal_id__rosidl_typesupport_fastrtps_cpp.hpp
[34.311s] -- Installing: /home/ngy/micro_ros/install/actionlib_msgs/include/actionlib_msgs/msg/detail/dds_fastrtps
[34.312s] -- Installing: /home/ngy/micro_ros/install/actionlib_msgs/include/actionlib_msgs/msg/detail/goal_status_array__rosidl_typesupport_fastrtps_cpp.hpp
[34.312s] -- Installing: /home/ngy/micro_ros/install/actionlib_msgs/include/actionlib_msgs/msg/detail/goal_status__rosidl_typesupport_fastrtps_cpp.hpp
[34.312s] -- Installing: /home/ngy/micro_ros/install/actionlib_msgs/lib/libactionlib_msgs__rosidl_typesupport_fastrtps_cpp.so
[34.313s] -- Set runtime path of "/home/ngy/micro_ros/install/actionlib_msgs/lib/libactionlib_msgs__rosidl_typesupport_fastrtps_cpp.so" to ""
[34.313s] -- Up-to-date: /home/ngy/micro_ros/install/actionlib_msgs/include/actionlib_msgs
[34.313s] -- Up-to-date: /home/ngy/micro_ros/install/actionlib_msgs/include/actionlib_msgs/msg
[34.313s] -- Installing: /home/ngy/micro_ros/install/actionlib_msgs/include/actionlib_msgs/msg/rosidl_typesupport_introspection_c__visibility_control.h
[34.314s] -- Up-to-date: /home/ngy/micro_ros/install/actionlib_msgs/include/actionlib_msgs/msg/detail
[34.314s] -- Installing: /home/ngy/micro_ros/install/actionlib_msgs/include/actionlib_msgs/msg/detail/goal_status__rosidl_typesupport_introspection_c.h
[34.314s] -- Installing: /home/ngy/micro_ros/install/actionlib_msgs/include/actionlib_msgs/msg/detail/goal_status__type_support.c
[34.314s] -- Installing: /home/ngy/micro_ros/install/actionlib_msgs/include/actionlib_msgs/msg/detail/goal_id__rosidl_typesupport_introspection_c.h
[34.314s] -- Installing: /home/ngy/micro_ros/install/actionlib_msgs/include/actionlib_msgs/msg/detail/goal_status_array__type_support.c
[34.315s] -- Installing: /home/ngy/micro_ros/install/actionlib_msgs/include/actionlib_msgs/msg/detail/goal_status_array__rosidl_typesupport_introspection_c.h
[34.315s] -- Installing: /home/ngy/micro_ros/install/actionlib_msgs/include/actionlib_msgs/msg/detail/goal_id__type_support.c
[34.315s] -- Installing: /home/ngy/micro_ros/install/actionlib_msgs/lib/libactionlib_msgs__rosidl_typesupport_introspection_c.so
[34.316s] -- Set runtime path of "/home/ngy/micro_ros/install/actionlib_msgs/lib/libactionlib_msgs__rosidl_typesupport_introspection_c.so" to ""
[34.316s] -- Installing: /home/ngy/micro_ros/install/actionlib_msgs/lib/libactionlib_msgs__rosidl_typesupport_c.so
[34.317s] -- Set runtime path of "/home/ngy/micro_ros/install/actionlib_msgs/lib/libactionlib_msgs__rosidl_typesupport_c.so" to ""
[34.317s] -- Up-to-date: /home/ngy/micro_ros/install/actionlib_msgs/include/actionlib_msgs
[34.317s] -- Up-to-date: /home/ngy/micro_ros/install/actionlib_msgs/include/actionlib_msgs/msg
[34.317s] -- Installing: /home/ngy/micro_ros/install/actionlib_msgs/include/actionlib_msgs/msg/goal_id.hpp
[34.317s] -- Up-to-date: /home/ngy/micro_ros/install/actionlib_msgs/include/actionlib_msgs/msg/detail
[34.318s] -- Installing: /home/ngy/micro_ros/install/actionlib_msgs/include/actionlib_msgs/msg/detail/goal_status__traits.hpp
[34.318s] -- Installing: /home/ngy/micro_ros/install/actionlib_msgs/include/actionlib_msgs/msg/detail/goal_id__struct.hpp
[34.318s] -- Installing: /home/ngy/micro_ros/install/actionlib_msgs/include/actionlib_msgs/msg/detail/goal_id__traits.hpp
[34.318s] -- Installing: /home/ngy/micro_ros/install/actionlib_msgs/include/actionlib_msgs/msg/detail/goal_status__struct.hpp
[34.318s] -- Installing: /home/ngy/micro_ros/install/actionlib_msgs/include/actionlib_msgs/msg/detail/goal_status_array__builder.hpp
[34.319s] -- Installing: /home/ngy/micro_ros/install/actionlib_msgs/include/actionlib_msgs/msg/detail/goal_status_array__traits.hpp
[34.319s] -- Installing: /home/ngy/micro_ros/install/actionlib_msgs/include/actionlib_msgs/msg/detail/goal_status_array__struct.hpp
[34.319s] -- Installing: /home/ngy/micro_ros/install/actionlib_msgs/include/actionlib_msgs/msg/detail/goal_status__builder.hpp
[34.319s] -- Installing: /home/ngy/micro_ros/install/actionlib_msgs/include/actionlib_msgs/msg/detail/goal_id__builder.hpp
[34.320s] -- Installing: /home/ngy/micro_ros/install/actionlib_msgs/include/actionlib_msgs/msg/goal_status.hpp
[34.320s] -- Installing: /home/ngy/micro_ros/install/actionlib_msgs/include/actionlib_msgs/msg/goal_status_array.hpp
[34.320s] -- Up-to-date: /home/ngy/micro_ros/install/actionlib_msgs/include/actionlib_msgs
[34.320s] -- Up-to-date: /home/ngy/micro_ros/install/actionlib_msgs/include/actionlib_msgs/msg
[34.320s] -- Up-to-date: /home/ngy/micro_ros/install/actionlib_msgs/include/actionlib_msgs/msg/detail
[34.321s] -- Up-to-date: /home/ngy/micro_ros/install/actionlib_msgs/include/actionlib_msgs/msg/detail/microxrcedds
[34.321s] -- Installing: /home/ngy/micro_ros/install/actionlib_msgs/include/actionlib_msgs/msg/detail/microxrcedds/goal_id__type_support_cpp.cpp
[34.321s] -- Installing: /home/ngy/micro_ros/install/actionlib_msgs/include/actionlib_msgs/msg/detail/microxrcedds/goal_status__type_support_cpp.cpp
[34.321s] -- Installing: /home/ngy/micro_ros/install/actionlib_msgs/include/actionlib_msgs/msg/detail/microxrcedds/goal_status_array__type_support_cpp.cpp
[34.321s] -- Installing: /home/ngy/micro_ros/install/actionlib_msgs/include/actionlib_msgs/msg/detail/goal_id__rosidl_typesupport_microxrcedds_cpp.hpp
[34.322s] -- Installing: /home/ngy/micro_ros/install/actionlib_msgs/include/actionlib_msgs/msg/detail/goal_status__rosidl_typesupport_microxrcedds_cpp.hpp
[34.322s] -- Installing: /home/ngy/micro_ros/install/actionlib_msgs/include/actionlib_msgs/msg/detail/goal_status_array__rosidl_typesupport_microxrcedds_cpp.hpp
[34.322s] -- Installing: /home/ngy/micro_ros/install/actionlib_msgs/include/actionlib_msgs/msg/rosidl_typesupport_microxrcedds_cpp__visibility_control.h
[34.322s] -- Installing: /home/ngy/micro_ros/install/actionlib_msgs/lib/libactionlib_msgs__rosidl_typesupport_microxrcedds_cpp.so
[34.323s] -- Set runtime path of "/home/ngy/micro_ros/install/actionlib_msgs/lib/libactionlib_msgs__rosidl_typesupport_microxrcedds_cpp.so" to ""
[34.323s] -- Up-to-date: /home/ngy/micro_ros/install/actionlib_msgs/include/actionlib_msgs
[34.323s] -- Up-to-date: /home/ngy/micro_ros/install/actionlib_msgs/include/actionlib_msgs/msg
[34.323s] -- Up-to-date: /home/ngy/micro_ros/install/actionlib_msgs/include/actionlib_msgs/msg/detail
[34.324s] -- Installing: /home/ngy/micro_ros/install/actionlib_msgs/include/actionlib_msgs/msg/detail/goal_status__type_support.cpp
[34.324s] -- Installing: /home/ngy/micro_ros/install/actionlib_msgs/include/actionlib_msgs/msg/detail/goal_id__type_support.cpp
[34.324s] -- Installing: /home/ngy/micro_ros/install/actionlib_msgs/include/actionlib_msgs/msg/detail/goal_id__rosidl_typesupport_introspection_cpp.hpp
[34.324s] -- Installing: /home/ngy/micro_ros/install/actionlib_msgs/include/actionlib_msgs/msg/detail/goal_status__rosidl_typesupport_introspection_cpp.hpp
[34.325s] -- Installing: /home/ngy/micro_ros/install/actionlib_msgs/include/actionlib_msgs/msg/detail/goal_status_array__type_support.cpp
[34.325s] -- Installing: /home/ngy/micro_ros/install/actionlib_msgs/include/actionlib_msgs/msg/detail/goal_status_array__rosidl_typesupport_introspection_cpp.hpp
[34.325s] -- Installing: /home/ngy/micro_ros/install/actionlib_msgs/lib/libactionlib_msgs__rosidl_typesupport_introspection_cpp.so
[34.326s] -- Set runtime path of "/home/ngy/micro_ros/install/actionlib_msgs/lib/libactionlib_msgs__rosidl_typesupport_introspection_cpp.so" to ""
[34.326s] -- Installing: /home/ngy/micro_ros/install/actionlib_msgs/lib/libactionlib_msgs__rosidl_typesupport_cpp.so
[34.327s] -- Set runtime path of "/home/ngy/micro_ros/install/actionlib_msgs/lib/libactionlib_msgs__rosidl_typesupport_cpp.so" to ""
[34.327s] -- Installing: /home/ngy/micro_ros/install/actionlib_msgs/share/actionlib_msgs/environment/pythonpath.sh
[34.327s] -- Installing: /home/ngy/micro_ros/install/actionlib_msgs/share/actionlib_msgs/environment/pythonpath.dsv
[34.327s] -- Installing: /home/ngy/micro_ros/install/actionlib_msgs/lib/python3.8/site-packages/actionlib_msgs/__init__.py
[34.408s] Compiling '/home/ngy/micro_ros/install/actionlib_msgs/lib/python3.8/site-packages/actionlib_msgs/__init__.py'...
[34.414s] -- Installing: /home/ngy/micro_ros/install/actionlib_msgs/lib/python3.8/site-packages/actionlib_msgs/msg
[34.415s] -- Installing: /home/ngy/micro_ros/install/actionlib_msgs/lib/python3.8/site-packages/actionlib_msgs/msg/_goal_id_s.c
[34.415s] -- Installing: /home/ngy/micro_ros/install/actionlib_msgs/lib/python3.8/site-packages/actionlib_msgs/msg/_goal_id.py
[34.415s] -- Installing: /home/ngy/micro_ros/install/actionlib_msgs/lib/python3.8/site-packages/actionlib_msgs/msg/_goal_status_s.c
[34.415s] -- Installing: /home/ngy/micro_ros/install/actionlib_msgs/lib/python3.8/site-packages/actionlib_msgs/msg/_goal_status_array_s.c
[34.416s] -- Installing: /home/ngy/micro_ros/install/actionlib_msgs/lib/python3.8/site-packages/actionlib_msgs/msg/__init__.py
[34.416s] -- Installing: /home/ngy/micro_ros/install/actionlib_msgs/lib/python3.8/site-packages/actionlib_msgs/msg/_goal_status.py
[34.416s] -- Installing: /home/ngy/micro_ros/install/actionlib_msgs/lib/python3.8/site-packages/actionlib_msgs/msg/_goal_status_array.py
[34.416s] -- Installing: /home/ngy/micro_ros/install/actionlib_msgs/lib/python3.8/site-packages/actionlib_msgs/actionlib_msgs_s__rosidl_typesupport_microxrcedds_c.cpython-38-x86_64-linux-gnu.so
[34.418s] -- Set runtime path of "/home/ngy/micro_ros/install/actionlib_msgs/lib/python3.8/site-packages/actionlib_msgs/actionlib_msgs_s__rosidl_typesupport_microxrcedds_c.cpython-38-x86_64-linux-gnu.so" to ""
[34.418s] -- Installing: /home/ngy/micro_ros/install/actionlib_msgs/lib/python3.8/site-packages/actionlib_msgs/actionlib_msgs_s__rosidl_typesupport_fastrtps_c.cpython-38-x86_64-linux-gnu.so
[34.419s] -- Set runtime path of "/home/ngy/micro_ros/install/actionlib_msgs/lib/python3.8/site-packages/actionlib_msgs/actionlib_msgs_s__rosidl_typesupport_fastrtps_c.cpython-38-x86_64-linux-gnu.so" to ""
[34.420s] -- Installing: /home/ngy/micro_ros/install/actionlib_msgs/lib/python3.8/site-packages/actionlib_msgs/actionlib_msgs_s__rosidl_typesupport_introspection_c.cpython-38-x86_64-linux-gnu.so
[34.421s] -- Set runtime path of "/home/ngy/micro_ros/install/actionlib_msgs/lib/python3.8/site-packages/actionlib_msgs/actionlib_msgs_s__rosidl_typesupport_introspection_c.cpython-38-x86_64-linux-gnu.so" to ""
[34.421s] -- Installing: /home/ngy/micro_ros/install/actionlib_msgs/lib/python3.8/site-packages/actionlib_msgs/actionlib_msgs_s__rosidl_typesupport_c.cpython-38-x86_64-linux-gnu.so
[34.422s] -- Set runtime path of "/home/ngy/micro_ros/install/actionlib_msgs/lib/python3.8/site-packages/actionlib_msgs/actionlib_msgs_s__rosidl_typesupport_c.cpython-38-x86_64-linux-gnu.so" to ""
[34.422s] -- Installing: /home/ngy/micro_ros/install/actionlib_msgs/lib/libactionlib_msgs__python.so
[34.423s] -- Set runtime path of "/home/ngy/micro_ros/install/actionlib_msgs/lib/libactionlib_msgs__python.so" to ""
[34.423s] -- Installing: /home/ngy/micro_ros/install/actionlib_msgs/share/actionlib_msgs/msg/GoalID.idl
[34.424s] -- Installing: /home/ngy/micro_ros/install/actionlib_msgs/share/actionlib_msgs/msg/GoalStatus.idl
[34.424s] -- Installing: /home/ngy/micro_ros/install/actionlib_msgs/share/actionlib_msgs/msg/GoalStatusArray.idl
[34.424s] -- Installing: /home/ngy/micro_ros/install/actionlib_msgs/share/actionlib_msgs/msg/GoalID.msg
[34.425s] -- Installing: /home/ngy/micro_ros/install/actionlib_msgs/share/actionlib_msgs/msg/GoalStatus.msg
[34.425s] -- Installing: /home/ngy/micro_ros/install/actionlib_msgs/share/actionlib_msgs/msg/GoalStatusArray.msg
[34.425s] -- Installing: /home/ngy/micro_ros/install/actionlib_msgs/share/ament_index/resource_index/package_run_dependencies/actionlib_msgs
[34.426s] -- Installing: /home/ngy/micro_ros/install/actionlib_msgs/share/ament_index/resource_index/parent_prefix_path/actionlib_msgs
[34.426s] -- Installing: /home/ngy/micro_ros/install/actionlib_msgs/share/actionlib_msgs/environment/ament_prefix_path.sh
[34.426s] -- Installing: /home/ngy/micro_ros/install/actionlib_msgs/share/actionlib_msgs/environment/ament_prefix_path.dsv
[34.426s] -- Installing: /home/ngy/micro_ros/install/actionlib_msgs/share/actionlib_msgs/environment/path.sh
[34.427s] -- Installing: /home/ngy/micro_ros/install/actionlib_msgs/share/actionlib_msgs/environment/path.dsv
[34.427s] -- Installing: /home/ngy/micro_ros/install/actionlib_msgs/share/actionlib_msgs/local_setup.bash
[34.427s] -- Installing: /home/ngy/micro_ros/install/actionlib_msgs/share/actionlib_msgs/local_setup.sh
[34.428s] -- Installing: /home/ngy/micro_ros/install/actionlib_msgs/share/actionlib_msgs/local_setup.zsh
[34.428s] -- Installing: /home/ngy/micro_ros/install/actionlib_msgs/share/actionlib_msgs/local_setup.dsv
[34.428s] -- Installing: /home/ngy/micro_ros/install/actionlib_msgs/share/actionlib_msgs/package.dsv
[34.428s] -- Installing: /home/ngy/micro_ros/install/actionlib_msgs/share/ament_index/resource_index/packages/actionlib_msgs
[34.429s] -- Installing: /home/ngy/micro_ros/install/actionlib_msgs/share/actionlib_msgs/cmake/actionlib_msgs__rosidl_generator_cExport.cmake
[34.429s] -- Installing: /home/ngy/micro_ros/install/actionlib_msgs/share/actionlib_msgs/cmake/actionlib_msgs__rosidl_generator_cExport-noconfig.cmake
[34.430s] -- Installing: /home/ngy/micro_ros/install/actionlib_msgs/share/actionlib_msgs/cmake/actionlib_msgs__rosidl_typesupport_introspection_cExport.cmake
[34.430s] -- Installing: /home/ngy/micro_ros/install/actionlib_msgs/share/actionlib_msgs/cmake/actionlib_msgs__rosidl_typesupport_introspection_cExport-noconfig.cmake
[34.430s] -- Installing: /home/ngy/micro_ros/install/actionlib_msgs/share/actionlib_msgs/cmake/actionlib_msgs__rosidl_typesupport_cExport.cmake
[34.431s] -- Installing: /home/ngy/micro_ros/install/actionlib_msgs/share/actionlib_msgs/cmake/actionlib_msgs__rosidl_typesupport_cExport-noconfig.cmake
[34.431s] -- Installing: /home/ngy/micro_ros/install/actionlib_msgs/share/actionlib_msgs/cmake/actionlib_msgs__rosidl_generator_cppExport.cmake
[34.431s] -- Installing: /home/ngy/micro_ros/install/actionlib_msgs/share/actionlib_msgs/cmake/actionlib_msgs__rosidl_typesupport_introspection_cppExport.cmake
[34.432s] -- Installing: /home/ngy/micro_ros/install/actionlib_msgs/share/actionlib_msgs/cmake/actionlib_msgs__rosidl_typesupport_introspection_cppExport-noconfig.cmake
[34.432s] -- Installing: /home/ngy/micro_ros/install/actionlib_msgs/share/actionlib_msgs/cmake/actionlib_msgs__rosidl_typesupport_cppExport.cmake
[34.432s] -- Installing: /home/ngy/micro_ros/install/actionlib_msgs/share/actionlib_msgs/cmake/actionlib_msgs__rosidl_typesupport_cppExport-noconfig.cmake
[34.433s] -- Installing: /home/ngy/micro_ros/install/actionlib_msgs/share/actionlib_msgs/cmake/rosidl_cmake-extras.cmake
[34.433s] -- Installing: /home/ngy/micro_ros/install/actionlib_msgs/share/actionlib_msgs/cmake/ament_cmake_export_dependencies-extras.cmake
[34.433s] -- Installing: /home/ngy/micro_ros/install/actionlib_msgs/share/actionlib_msgs/cmake/ament_cmake_export_libraries-extras.cmake
[34.433s] -- Installing: /home/ngy/micro_ros/install/actionlib_msgs/share/actionlib_msgs/cmake/ament_cmake_export_targets-extras.cmake
[34.434s] -- Installing: /home/ngy/micro_ros/install/actionlib_msgs/share/actionlib_msgs/cmake/ament_cmake_export_include_directories-extras.cmake
[34.434s] -- Installing: /home/ngy/micro_ros/install/actionlib_msgs/share/actionlib_msgs/cmake/rosidl_cmake_export_typesupport_libraries-extras.cmake
[34.434s] -- Installing: /home/ngy/micro_ros/install/actionlib_msgs/share/actionlib_msgs/cmake/rosidl_cmake_export_typesupport_targets-extras.cmake
[34.435s] -- Installing: /home/ngy/micro_ros/install/actionlib_msgs/share/actionlib_msgs/cmake/actionlib_msgsConfig.cmake
[34.435s] -- Installing: /home/ngy/micro_ros/install/actionlib_msgs/share/actionlib_msgs/cmake/actionlib_msgsConfig-version.cmake
[34.435s] -- Installing: /home/ngy/micro_ros/install/actionlib_msgs/share/actionlib_msgs/package.xml
[34.443s] Invoked command in '/home/ngy/micro_ros/build/actionlib_msgs' returned '0': AMENT_PREFIX_PATH=/home/ngy/micro_ros/install/std_msgs:/home/ngy/micro_ros/install/builtin_interfaces:${AMENT_PREFIX_PATH} CMAKE_PREFIX_PATH=/home/ngy/micro_ros/install/std_msgs:/home/ngy/micro_ros/install/builtin_interfaces:/home/ngy/micro_ros/install/rosidl_typesupport_microxrcedds_cpp:/home/ngy/micro_ros/install/rosidl_typesupport_microxrcedds_c:/home/ngy/micro_ros/install/microcdr:/home/ngy/micro_ros/install/micro_ros_msgs:/home/ngy/micro_ros/install/micro_ros_setup:/home/ngy/microros_ws/install/micro_ros_agent:/home/ngy/microros_ws/install/common_interfaces:/home/ngy/microros_ws/install/visualization_msgs:/home/ngy/microros_ws/install/test_msgs:/home/ngy/microros_ws/install/micro_ros_demos_rclc:/home/ngy/microros_ws/install/example_interfaces:/home/ngy/microros_ws/install/action_msgs:/home/ngy/microros_ws/install/unique_identifier_msgs:/home/ngy/microros_ws/install/trajectory_msgs:/home/ngy/microros_ws/install/stereo_msgs:/home/ngy/microros_ws/install/std_srvs:/home/ngy/microros_ws/install/shape_msgs:/home/ngy/microros_ws/install/sensor_msgs:/home/ngy/microros_ws/install/nav_msgs:/home/ngy/microros_ws/install/diagnostic_msgs:/home/ngy/microros_ws/install/geometry_msgs:/home/ngy/microros_ws/install/actionlib_msgs:/home/ngy/microros_ws/install/std_msgs:/home/ngy/microros_ws/install/statistics_msgs:/home/ngy/microros_ws/install/rosidl_typesupport_microxrcedds_test_msg:/home/ngy/microros_ws/install/rosidl_typesupport_microxrcedds_cpp_tests:/home/ngy/microros_ws/install/rmw_microxrcedds:/home/ngy/microros_ws/install/rosidl_typesupport_microxrcedds_cpp:/home/ngy/microros_ws/install/rosidl_typesupport_microxrcedds_c_tests:/home/ngy/microros_ws/install/rosidl_typesupport_microxrcedds_c:/home/ngy/microros_ws/install/rosgraph_msgs:/home/ngy/microros_ws/install/rclc_parameter:/home/ngy/microros_ws/install/rclc:/home/ngy/microros_ws/install/composition_interfaces:/home/ngy/microros_ws/install/rcl_interfaces:/home/ngy/microros_ws/install/microxrcedds_client:/home/ngy/microros_ws/install/microcdr:/home/ngy/microros_ws/install/micro_ros_msgs:/home/ngy/microros_ws/install/micro_ros_demos_rclcpp:/home/ngy/microros_ws/install/lifecycle_msgs:/home/ngy/microros_ws/install/complex_msgs:/home/ngy/microros_ws/install/builtin_interfaces:/home/ngy/microros_ws/install/micro_ros_setup:/home/ngy/microros_ws/install/sensor_msgs_py:/opt/ros/foxy LD_LIBRARY_PATH=/home/ngy/micro_ros/install/std_msgs/lib:/home/ngy/micro_ros/install/builtin_interfaces/lib:${LD_LIBRARY_PATH} PYTHONPATH=/home/ngy/micro_ros/install/std_msgs/lib/python3.8/site-packages:/home/ngy/micro_ros/install/builtin_interfaces/lib/python3.8/site-packages:${PYTHONPATH} /usr/bin/cmake --install /home/ngy/micro_ros/build/actionlib_msgs
