[0.037s] Invoking command in '/home/ngy/micro_ros/build/stereo_msgs': AMENT_PREFIX_PATH=/home/ngy/micro_ros/install/sensor_msgs:/home/ngy/micro_ros/install/geometry_msgs:/home/ngy/micro_ros/install/std_msgs:/home/ngy/micro_ros/install/builtin_interfaces:${AMENT_PREFIX_PATH} CMAKE_PREFIX_PATH=/home/ngy/micro_ros/install/sensor_msgs:/home/ngy/micro_ros/install/geometry_msgs:/home/ngy/micro_ros/install/std_msgs:/home/ngy/micro_ros/install/builtin_interfaces:/home/ngy/micro_ros/install/rosidl_typesupport_microxrcedds_cpp:/home/ngy/micro_ros/install/rosidl_typesupport_microxrcedds_c:/home/ngy/micro_ros/install/microcdr:/home/ngy/micro_ros/install/micro_ros_msgs:/home/ngy/micro_ros/install/micro_ros_setup:/home/ngy/microros_ws/install/micro_ros_agent:/home/ngy/microros_ws/install/common_interfaces:/home/ngy/microros_ws/install/visualization_msgs:/home/ngy/microros_ws/install/test_msgs:/home/ngy/microros_ws/install/micro_ros_demos_rclc:/home/ngy/microros_ws/install/example_interfaces:/home/ngy/microros_ws/install/action_msgs:/home/ngy/microros_ws/install/unique_identifier_msgs:/home/ngy/microros_ws/install/trajectory_msgs:/home/ngy/microros_ws/install/stereo_msgs:/home/ngy/microros_ws/install/std_srvs:/home/ngy/microros_ws/install/shape_msgs:/home/ngy/microros_ws/install/sensor_msgs:/home/ngy/microros_ws/install/nav_msgs:/home/ngy/microros_ws/install/diagnostic_msgs:/home/ngy/microros_ws/install/geometry_msgs:/home/ngy/microros_ws/install/actionlib_msgs:/home/ngy/microros_ws/install/std_msgs:/home/ngy/microros_ws/install/statistics_msgs:/home/ngy/microros_ws/install/rosidl_typesupport_microxrcedds_test_msg:/home/ngy/microros_ws/install/rosidl_typesupport_microxrcedds_cpp_tests:/home/ngy/microros_ws/install/rmw_microxrcedds:/home/ngy/microros_ws/install/rosidl_typesupport_microxrcedds_cpp:/home/ngy/microros_ws/install/rosidl_typesupport_microxrcedds_c_tests:/home/ngy/microros_ws/install/rosidl_typesupport_microxrcedds_c:/home/ngy/microros_ws/install/rosgraph_msgs:/home/ngy/microros_ws/install/rclc_parameter:/home/ngy/microros_ws/install/rclc:/home/ngy/microros_ws/install/composition_interfaces:/home/ngy/microros_ws/install/rcl_interfaces:/home/ngy/microros_ws/install/microxrcedds_client:/home/ngy/microros_ws/install/microcdr:/home/ngy/microros_ws/install/micro_ros_msgs:/home/ngy/microros_ws/install/micro_ros_demos_rclcpp:/home/ngy/microros_ws/install/lifecycle_msgs:/home/ngy/microros_ws/install/complex_msgs:/home/ngy/microros_ws/install/builtin_interfaces:/home/ngy/microros_ws/install/micro_ros_setup:/home/ngy/microros_ws/install/sensor_msgs_py:/opt/ros/foxy LD_LIBRARY_PATH=/home/ngy/micro_ros/install/sensor_msgs/lib:/home/ngy/micro_ros/install/geometry_msgs/lib:/home/ngy/micro_ros/install/std_msgs/lib:/home/ngy/micro_ros/install/builtin_interfaces/lib:${LD_LIBRARY_PATH} PYTHONPATH=/home/ngy/micro_ros/install/sensor_msgs/lib/python3.8/site-packages:/home/ngy/micro_ros/install/geometry_msgs/lib/python3.8/site-packages:/home/ngy/micro_ros/install/std_msgs/lib/python3.8/site-packages:/home/ngy/micro_ros/install/builtin_interfaces/lib/python3.8/site-packages:${PYTHONPATH} /usr/bin/cmake /home/ngy/micro_ros/src/ros2/common_interfaces/stereo_msgs -DBUILD_TESTING=OFF -DBUILD_SHARED_LIBS=ON -DCMAKE_INSTALL_PREFIX=/home/ngy/micro_ros/install/stereo_msgs
[0.122s] -- The C compiler identification is GNU 9.4.0
[0.207s] -- The CXX compiler identification is GNU 9.4.0
[0.220s] -- Check for working C compiler: /usr/bin/cc
[0.325s] -- Check for working C compiler: /usr/bin/cc -- works
[0.327s] -- Detecting C compiler ABI info
[0.436s] -- Detecting C compiler ABI info - done
[0.450s] -- Detecting C compile features
[0.450s] -- Detecting C compile features - done
[0.453s] -- Check for working CXX compiler: /usr/bin/c++
[0.572s] -- Check for working CXX compiler: /usr/bin/c++ -- works
[0.573s] -- Detecting CXX compiler ABI info
[0.691s] -- Detecting CXX compiler ABI info - done
[0.706s] -- Detecting CXX compile features
[0.707s] -- Detecting CXX compile features - done
[0.711s] -- Found ament_cmake: 0.9.11 (/opt/ros/foxy/share/ament_cmake/cmake)
[0.750s] -- Found PythonInterp: /usr/bin/python3 (found suitable version "3.8.10", minimum required is "3") 
[0.751s] -- Using PYTHON_EXECUTABLE: /usr/bin/python3
[1.038s] -- Found rosidl_default_generators: 1.0.1 (/opt/ros/foxy/share/rosidl_default_generators/cmake)
[1.053s] -- Using all available rosidl_typesupport_c: rosidl_typesupport_microxrcedds_c;rosidl_typesupport_fastrtps_c;rosidl_typesupport_introspection_c
[1.066s] -- Found rosidl_adapter: 1.3.0 (/opt/ros/foxy/share/rosidl_adapter/cmake)
[1.282s] -- Found OpenSSL: /usr/lib/x86_64-linux-gnu/libcrypto.so (found version "1.1.1f")  
[1.336s] -- Found FastRTPS: /opt/ros/foxy/include  
[1.445s] -- Using all available rosidl_typesupport_cpp: rosidl_typesupport_microxrcedds_cpp;rosidl_typesupport_fastrtps_cpp;rosidl_typesupport_introspection_cpp
[1.490s] -- Found sensor_msgs: 2.0.5 (/home/ngy/micro_ros/install/sensor_msgs/share/sensor_msgs/cmake)
[1.712s] -- Found PythonInterp: /usr/bin/python3 (found version "3.8.10") 
[1.975s] -- Found ament_cmake_ros: 0.9.2 (/opt/ros/foxy/share/ament_cmake_ros/cmake)
[2.424s] -- Using all available rosidl_typesupport_c: rosidl_typesupport_microxrcedds_c;rosidl_typesupport_fastrtps_c;rosidl_typesupport_introspection_c
[2.659s] -- Using all available rosidl_typesupport_cpp: rosidl_typesupport_microxrcedds_cpp;rosidl_typesupport_fastrtps_cpp;rosidl_typesupport_introspection_cpp
[2.698s] -- Found PythonInterp: /usr/bin/python3 (found suitable version "3.8.10", minimum required is "3.5") 
[2.701s] -- Found python_cmake_module: 0.8.1 (/opt/ros/foxy/share/python_cmake_module/cmake)
[2.740s] -- Found PythonLibs: /usr/lib/x86_64-linux-gnu/libpython3.8.so (found suitable version "3.8.10", minimum required is "3.5") 
[2.741s] -- Using PYTHON_EXECUTABLE: /usr/bin/python3
[2.741s] -- Using PYTHON_INCLUDE_DIRS: /usr/include/python3.8
[2.741s] -- Using PYTHON_LIBRARIES: /usr/lib/x86_64-linux-gnu/libpython3.8.so
[2.772s] -- Found PythonExtra: .so  
[2.954s] -- Configuring done
[3.064s] -- Generating done
[3.068s] -- Build files have been written to: /home/ngy/micro_ros/build/stereo_msgs
[3.079s] Invoked command in '/home/ngy/micro_ros/build/stereo_msgs' returned '0': AMENT_PREFIX_PATH=/home/ngy/micro_ros/install/sensor_msgs:/home/ngy/micro_ros/install/geometry_msgs:/home/ngy/micro_ros/install/std_msgs:/home/ngy/micro_ros/install/builtin_interfaces:${AMENT_PREFIX_PATH} CMAKE_PREFIX_PATH=/home/ngy/micro_ros/install/sensor_msgs:/home/ngy/micro_ros/install/geometry_msgs:/home/ngy/micro_ros/install/std_msgs:/home/ngy/micro_ros/install/builtin_interfaces:/home/ngy/micro_ros/install/rosidl_typesupport_microxrcedds_cpp:/home/ngy/micro_ros/install/rosidl_typesupport_microxrcedds_c:/home/ngy/micro_ros/install/microcdr:/home/ngy/micro_ros/install/micro_ros_msgs:/home/ngy/micro_ros/install/micro_ros_setup:/home/ngy/microros_ws/install/micro_ros_agent:/home/ngy/microros_ws/install/common_interfaces:/home/ngy/microros_ws/install/visualization_msgs:/home/ngy/microros_ws/install/test_msgs:/home/ngy/microros_ws/install/micro_ros_demos_rclc:/home/ngy/microros_ws/install/example_interfaces:/home/ngy/microros_ws/install/action_msgs:/home/ngy/microros_ws/install/unique_identifier_msgs:/home/ngy/microros_ws/install/trajectory_msgs:/home/ngy/microros_ws/install/stereo_msgs:/home/ngy/microros_ws/install/std_srvs:/home/ngy/microros_ws/install/shape_msgs:/home/ngy/microros_ws/install/sensor_msgs:/home/ngy/microros_ws/install/nav_msgs:/home/ngy/microros_ws/install/diagnostic_msgs:/home/ngy/microros_ws/install/geometry_msgs:/home/ngy/microros_ws/install/actionlib_msgs:/home/ngy/microros_ws/install/std_msgs:/home/ngy/microros_ws/install/statistics_msgs:/home/ngy/microros_ws/install/rosidl_typesupport_microxrcedds_test_msg:/home/ngy/microros_ws/install/rosidl_typesupport_microxrcedds_cpp_tests:/home/ngy/microros_ws/install/rmw_microxrcedds:/home/ngy/microros_ws/install/rosidl_typesupport_microxrcedds_cpp:/home/ngy/microros_ws/install/rosidl_typesupport_microxrcedds_c_tests:/home/ngy/microros_ws/install/rosidl_typesupport_microxrcedds_c:/home/ngy/microros_ws/install/rosgraph_msgs:/home/ngy/microros_ws/install/rclc_parameter:/home/ngy/microros_ws/install/rclc:/home/ngy/microros_ws/install/composition_interfaces:/home/ngy/microros_ws/install/rcl_interfaces:/home/ngy/microros_ws/install/microxrcedds_client:/home/ngy/microros_ws/install/microcdr:/home/ngy/microros_ws/install/micro_ros_msgs:/home/ngy/microros_ws/install/micro_ros_demos_rclcpp:/home/ngy/microros_ws/install/lifecycle_msgs:/home/ngy/microros_ws/install/complex_msgs:/home/ngy/microros_ws/install/builtin_interfaces:/home/ngy/microros_ws/install/micro_ros_setup:/home/ngy/microros_ws/install/sensor_msgs_py:/opt/ros/foxy LD_LIBRARY_PATH=/home/ngy/micro_ros/install/sensor_msgs/lib:/home/ngy/micro_ros/install/geometry_msgs/lib:/home/ngy/micro_ros/install/std_msgs/lib:/home/ngy/micro_ros/install/builtin_interfaces/lib:${LD_LIBRARY_PATH} PYTHONPATH=/home/ngy/micro_ros/install/sensor_msgs/lib/python3.8/site-packages:/home/ngy/micro_ros/install/geometry_msgs/lib/python3.8/site-packages:/home/ngy/micro_ros/install/std_msgs/lib/python3.8/site-packages:/home/ngy/micro_ros/install/builtin_interfaces/lib/python3.8/site-packages:${PYTHONPATH} /usr/bin/cmake /home/ngy/micro_ros/src/ros2/common_interfaces/stereo_msgs -DBUILD_TESTING=OFF -DBUILD_SHARED_LIBS=ON -DCMAKE_INSTALL_PREFIX=/home/ngy/micro_ros/install/stereo_msgs
[3.080s] Invoking command in '/home/ngy/micro_ros/build/stereo_msgs': AMENT_PREFIX_PATH=/home/ngy/micro_ros/install/sensor_msgs:/home/ngy/micro_ros/install/geometry_msgs:/home/ngy/micro_ros/install/std_msgs:/home/ngy/micro_ros/install/builtin_interfaces:${AMENT_PREFIX_PATH} CMAKE_PREFIX_PATH=/home/ngy/micro_ros/install/sensor_msgs:/home/ngy/micro_ros/install/geometry_msgs:/home/ngy/micro_ros/install/std_msgs:/home/ngy/micro_ros/install/builtin_interfaces:/home/ngy/micro_ros/install/rosidl_typesupport_microxrcedds_cpp:/home/ngy/micro_ros/install/rosidl_typesupport_microxrcedds_c:/home/ngy/micro_ros/install/microcdr:/home/ngy/micro_ros/install/micro_ros_msgs:/home/ngy/micro_ros/install/micro_ros_setup:/home/ngy/microros_ws/install/micro_ros_agent:/home/ngy/microros_ws/install/common_interfaces:/home/ngy/microros_ws/install/visualization_msgs:/home/ngy/microros_ws/install/test_msgs:/home/ngy/microros_ws/install/micro_ros_demos_rclc:/home/ngy/microros_ws/install/example_interfaces:/home/ngy/microros_ws/install/action_msgs:/home/ngy/microros_ws/install/unique_identifier_msgs:/home/ngy/microros_ws/install/trajectory_msgs:/home/ngy/microros_ws/install/stereo_msgs:/home/ngy/microros_ws/install/std_srvs:/home/ngy/microros_ws/install/shape_msgs:/home/ngy/microros_ws/install/sensor_msgs:/home/ngy/microros_ws/install/nav_msgs:/home/ngy/microros_ws/install/diagnostic_msgs:/home/ngy/microros_ws/install/geometry_msgs:/home/ngy/microros_ws/install/actionlib_msgs:/home/ngy/microros_ws/install/std_msgs:/home/ngy/microros_ws/install/statistics_msgs:/home/ngy/microros_ws/install/rosidl_typesupport_microxrcedds_test_msg:/home/ngy/microros_ws/install/rosidl_typesupport_microxrcedds_cpp_tests:/home/ngy/microros_ws/install/rmw_microxrcedds:/home/ngy/microros_ws/install/rosidl_typesupport_microxrcedds_cpp:/home/ngy/microros_ws/install/rosidl_typesupport_microxrcedds_c_tests:/home/ngy/microros_ws/install/rosidl_typesupport_microxrcedds_c:/home/ngy/microros_ws/install/rosgraph_msgs:/home/ngy/microros_ws/install/rclc_parameter:/home/ngy/microros_ws/install/rclc:/home/ngy/microros_ws/install/composition_interfaces:/home/ngy/microros_ws/install/rcl_interfaces:/home/ngy/microros_ws/install/microxrcedds_client:/home/ngy/microros_ws/install/microcdr:/home/ngy/microros_ws/install/micro_ros_msgs:/home/ngy/microros_ws/install/micro_ros_demos_rclcpp:/home/ngy/microros_ws/install/lifecycle_msgs:/home/ngy/microros_ws/install/complex_msgs:/home/ngy/microros_ws/install/builtin_interfaces:/home/ngy/microros_ws/install/micro_ros_setup:/home/ngy/microros_ws/install/sensor_msgs_py:/opt/ros/foxy LD_LIBRARY_PATH=/home/ngy/micro_ros/install/sensor_msgs/lib:/home/ngy/micro_ros/install/geometry_msgs/lib:/home/ngy/micro_ros/install/std_msgs/lib:/home/ngy/micro_ros/install/builtin_interfaces/lib:${LD_LIBRARY_PATH} PYTHONPATH=/home/ngy/micro_ros/install/sensor_msgs/lib/python3.8/site-packages:/home/ngy/micro_ros/install/geometry_msgs/lib/python3.8/site-packages:/home/ngy/micro_ros/install/std_msgs/lib/python3.8/site-packages:/home/ngy/micro_ros/install/builtin_interfaces/lib/python3.8/site-packages:${PYTHONPATH} /usr/bin/cmake --build /home/ngy/micro_ros/build/stereo_msgs -- -j12 -l12
[3.145s] [35m[1mScanning dependencies of target stereo_msgs__cpp[0m
[3.146s] [  2%] [34m[1mGenerating C code for ROS interfaces[0m
[3.164s] [  5%] [34m[1mGenerating C++ code for ROS interfaces[0m
[3.533s] [35m[1mScanning dependencies of target stereo_msgs__rosidl_generator_c[0m
[3.548s] [  5%] Built target stereo_msgs__cpp
[3.558s] [  7%] [32mBuilding C object CMakeFiles/stereo_msgs__rosidl_generator_c.dir/rosidl_generator_c/stereo_msgs/msg/detail/disparity_image__functions.c.o[0m
[3.569s] [ 10%] [34m[1mGenerating C++ introspection for ROS interfaces[0m
[3.571s] [ 12%] [34m[1mGenerating C++ type support for eProsima Micro XRCE-DDS[0m
[3.572s] [ 15%] [34m[1mGenerating C++ type support for eProsima Fast-RTPS[0m
[3.573s] [ 17%] [34m[1mGenerating C++ type support dispatch for ROS interfaces[0m
[3.682s] [ 20%] [32m[1mLinking C shared library libstereo_msgs__rosidl_generator_c.so[0m
[3.778s] [ 20%] Built target stereo_msgs__rosidl_generator_c
[3.806s] [ 23%] [34m[1mGenerating C type support for eProsima Micro XRCE-DDS[0m
[3.808s] [ 25%] [34m[1mGenerating C type support dispatch for ROS interfaces[0m
[3.809s] [ 28%] [34m[1mGenerating C introspection for ROS interfaces[0m
[4.072s] [35m[1mScanning dependencies of target stereo_msgs__rosidl_typesupport_cpp[0m
[4.099s] [ 30%] [32mBuilding CXX object CMakeFiles/stereo_msgs__rosidl_typesupport_cpp.dir/rosidl_typesupport_cpp/stereo_msgs/msg/disparity_image__type_support.cpp.o[0m
[4.240s] [35m[1mScanning dependencies of target stereo_msgs__rosidl_typesupport_microxrcedds_cpp[0m
[4.261s] [35m[1mScanning dependencies of target stereo_msgs__rosidl_typesupport_fastrtps_cpp[0m
[4.278s] [ 33%] [32mBuilding CXX object CMakeFiles/stereo_msgs__rosidl_typesupport_microxrcedds_cpp.dir/rosidl_typesupport_microxrcedds_cpp/stereo_msgs/msg/detail/microxrcedds/disparity_image__type_support_cpp.cpp.o[0m
[4.305s] [ 35%] [32mBuilding CXX object CMakeFiles/stereo_msgs__rosidl_typesupport_fastrtps_cpp.dir/rosidl_typesupport_fastrtps_cpp/stereo_msgs/msg/detail/dds_fastrtps/disparity_image__type_support.cpp.o[0m
[4.310s] [35m[1mScanning dependencies of target stereo_msgs__rosidl_typesupport_introspection_cpp[0m
[4.340s] [ 38%] [32mBuilding CXX object CMakeFiles/stereo_msgs__rosidl_typesupport_introspection_cpp.dir/rosidl_typesupport_introspection_cpp/stereo_msgs/msg/detail/disparity_image__type_support.cpp.o[0m
[4.493s] [35m[1mScanning dependencies of target stereo_msgs__rosidl_typesupport_c[0m
[4.531s] [ 41%] [32mBuilding CXX object CMakeFiles/stereo_msgs__rosidl_typesupport_c.dir/rosidl_typesupport_c/stereo_msgs/msg/disparity_image__type_support.cpp.o[0m
[4.569s] [35m[1mScanning dependencies of target stereo_msgs__rosidl_typesupport_introspection_c[0m
[4.583s] [35m[1mScanning dependencies of target stereo_msgs__rosidl_typesupport_microxrcedds_c[0m
[4.608s] [ 43%] [32mBuilding C object CMakeFiles/stereo_msgs__rosidl_typesupport_introspection_c.dir/rosidl_typesupport_introspection_c/stereo_msgs/msg/detail/disparity_image__type_support.c.o[0m
[4.615s] [ 48%] [32m[1mLinking CXX shared library libstereo_msgs__rosidl_typesupport_cpp.so[0m
[4.615s] [ 48%] [32m[1mLinking CXX shared library libstereo_msgs__rosidl_typesupport_c.so[0m
[4.620s] [ 51%] [32mBuilding C object CMakeFiles/stereo_msgs__rosidl_typesupport_microxrcedds_c.dir/rosidl_typesupport_microxrcedds_c/stereo_msgs/msg/detail/microxrcedds/disparity_image__type_support_c.c.o[0m
[4.699s] [ 51%] Built target stereo_msgs__rosidl_typesupport_c
[4.701s] [ 53%] [32m[1mLinking C shared library libstereo_msgs__rosidl_typesupport_introspection_c.so[0m
[4.725s] [ 53%] Built target stereo_msgs__rosidl_typesupport_cpp
[4.737s] [ 56%] [32m[1mLinking C shared library libstereo_msgs__rosidl_typesupport_microxrcedds_c.so[0m
[4.779s] [ 56%] Built target stereo_msgs__rosidl_typesupport_introspection_c
[4.820s] [ 56%] Built target stereo_msgs__rosidl_typesupport_microxrcedds_c
[4.881s] [ 58%] [32m[1mLinking CXX shared library libstereo_msgs__rosidl_typesupport_introspection_cpp.so[0m
[4.989s] [ 61%] [32m[1mLinking CXX shared library libstereo_msgs__rosidl_typesupport_microxrcedds_cpp.so[0m
[4.992s] [ 61%] Built target stereo_msgs__rosidl_typesupport_introspection_cpp
[5.049s] [ 64%] [32m[1mLinking CXX shared library libstereo_msgs__rosidl_typesupport_fastrtps_cpp.so[0m
[5.078s] [ 64%] Built target stereo_msgs__rosidl_typesupport_microxrcedds_cpp
[5.189s] [ 64%] Built target stereo_msgs__rosidl_typesupport_fastrtps_cpp
[5.207s] [ 66%] [34m[1mGenerating C type support for eProsima Fast-RTPS[0m
[5.556s] [35m[1mScanning dependencies of target stereo_msgs__rosidl_typesupport_fastrtps_c[0m
[5.581s] [ 69%] [32mBuilding CXX object CMakeFiles/stereo_msgs__rosidl_typesupport_fastrtps_c.dir/rosidl_typesupport_fastrtps_c/stereo_msgs/msg/detail/disparity_image__type_support_c.cpp.o[0m
[5.997s] [ 71%] [32m[1mLinking CXX shared library libstereo_msgs__rosidl_typesupport_fastrtps_c.so[0m
[6.126s] [ 71%] Built target stereo_msgs__rosidl_typesupport_fastrtps_c
[6.142s] [35m[1mScanning dependencies of target stereo_msgs[0m
[6.159s] [ 71%] Built target stereo_msgs
[6.176s] [35m[1mScanning dependencies of target stereo_msgs__py[0m
[6.193s] [ 74%] [34m[1mGenerating Python code for ROS interfaces[0m
[6.830s] [ 74%] Built target stereo_msgs__py
[6.847s] [35m[1mScanning dependencies of target stereo_msgs__python[0m
[6.875s] [ 76%] [32mBuilding C object CMakeFiles/stereo_msgs__python.dir/rosidl_generator_py/stereo_msgs/msg/_disparity_image_s.c.o[0m
[6.997s] [ 79%] [32m[1mLinking C shared library rosidl_generator_py/stereo_msgs/libstereo_msgs__python.so[0m
[7.063s] [ 79%] Built target stereo_msgs__python
[7.080s] [35m[1mScanning dependencies of target stereo_msgs__rosidl_typesupport_microxrcedds_c__pyext[0m
[7.080s] [35m[1mScanning dependencies of target stereo_msgs__rosidl_typesupport_introspection_c__pyext[0m
[7.080s] [35m[1mScanning dependencies of target stereo_msgs__rosidl_typesupport_c__pyext[0m
[7.086s] [35m[1mScanning dependencies of target stereo_msgs__rosidl_typesupport_fastrtps_c__pyext[0m
[7.110s] [ 82%] [32mBuilding C object CMakeFiles/stereo_msgs__rosidl_typesupport_microxrcedds_c__pyext.dir/rosidl_generator_py/stereo_msgs/_stereo_msgs_s.ep.rosidl_typesupport_microxrcedds_c.c.o[0m
[7.112s] [ 87%] [32mBuilding C object CMakeFiles/stereo_msgs__rosidl_typesupport_c__pyext.dir/rosidl_generator_py/stereo_msgs/_stereo_msgs_s.ep.rosidl_typesupport_c.c.o[0m
[7.112s] [ 87%] [32mBuilding C object CMakeFiles/stereo_msgs__rosidl_typesupport_introspection_c__pyext.dir/rosidl_generator_py/stereo_msgs/_stereo_msgs_s.ep.rosidl_typesupport_introspection_c.c.o[0m
[7.126s] [ 89%] [32mBuilding C object CMakeFiles/stereo_msgs__rosidl_typesupport_fastrtps_c__pyext.dir/rosidl_generator_py/stereo_msgs/_stereo_msgs_s.ep.rosidl_typesupport_fastrtps_c.c.o[0m
[7.230s] [ 92%] [32m[1mLinking C shared library rosidl_generator_py/stereo_msgs/stereo_msgs_s__rosidl_typesupport_introspection_c.cpython-38-x86_64-linux-gnu.so[0m
[7.247s] [ 94%] [32m[1mLinking CXX shared library rosidl_generator_py/stereo_msgs/stereo_msgs_s__rosidl_typesupport_fastrtps_c.cpython-38-x86_64-linux-gnu.so[0m
[7.300s] [ 97%] [32m[1mLinking C shared library rosidl_generator_py/stereo_msgs/stereo_msgs_s__rosidl_typesupport_c.cpython-38-x86_64-linux-gnu.so[0m
[7.301s] [100%] [32m[1mLinking C shared library rosidl_generator_py/stereo_msgs/stereo_msgs_s__rosidl_typesupport_microxrcedds_c.cpython-38-x86_64-linux-gnu.so[0m
[7.306s] [100%] Built target stereo_msgs__rosidl_typesupport_introspection_c__pyext
[7.365s] [100%] Built target stereo_msgs__rosidl_typesupport_fastrtps_c__pyext
[7.370s] [100%] Built target stereo_msgs__rosidl_typesupport_c__pyext
[7.376s] [100%] Built target stereo_msgs__rosidl_typesupport_microxrcedds_c__pyext
[7.395s] Invoked command in '/home/ngy/micro_ros/build/stereo_msgs' returned '0': AMENT_PREFIX_PATH=/home/ngy/micro_ros/install/sensor_msgs:/home/ngy/micro_ros/install/geometry_msgs:/home/ngy/micro_ros/install/std_msgs:/home/ngy/micro_ros/install/builtin_interfaces:${AMENT_PREFIX_PATH} CMAKE_PREFIX_PATH=/home/ngy/micro_ros/install/sensor_msgs:/home/ngy/micro_ros/install/geometry_msgs:/home/ngy/micro_ros/install/std_msgs:/home/ngy/micro_ros/install/builtin_interfaces:/home/ngy/micro_ros/install/rosidl_typesupport_microxrcedds_cpp:/home/ngy/micro_ros/install/rosidl_typesupport_microxrcedds_c:/home/ngy/micro_ros/install/microcdr:/home/ngy/micro_ros/install/micro_ros_msgs:/home/ngy/micro_ros/install/micro_ros_setup:/home/ngy/microros_ws/install/micro_ros_agent:/home/ngy/microros_ws/install/common_interfaces:/home/ngy/microros_ws/install/visualization_msgs:/home/ngy/microros_ws/install/test_msgs:/home/ngy/microros_ws/install/micro_ros_demos_rclc:/home/ngy/microros_ws/install/example_interfaces:/home/ngy/microros_ws/install/action_msgs:/home/ngy/microros_ws/install/unique_identifier_msgs:/home/ngy/microros_ws/install/trajectory_msgs:/home/ngy/microros_ws/install/stereo_msgs:/home/ngy/microros_ws/install/std_srvs:/home/ngy/microros_ws/install/shape_msgs:/home/ngy/microros_ws/install/sensor_msgs:/home/ngy/microros_ws/install/nav_msgs:/home/ngy/microros_ws/install/diagnostic_msgs:/home/ngy/microros_ws/install/geometry_msgs:/home/ngy/microros_ws/install/actionlib_msgs:/home/ngy/microros_ws/install/std_msgs:/home/ngy/microros_ws/install/statistics_msgs:/home/ngy/microros_ws/install/rosidl_typesupport_microxrcedds_test_msg:/home/ngy/microros_ws/install/rosidl_typesupport_microxrcedds_cpp_tests:/home/ngy/microros_ws/install/rmw_microxrcedds:/home/ngy/microros_ws/install/rosidl_typesupport_microxrcedds_cpp:/home/ngy/microros_ws/install/rosidl_typesupport_microxrcedds_c_tests:/home/ngy/microros_ws/install/rosidl_typesupport_microxrcedds_c:/home/ngy/microros_ws/install/rosgraph_msgs:/home/ngy/microros_ws/install/rclc_parameter:/home/ngy/microros_ws/install/rclc:/home/ngy/microros_ws/install/composition_interfaces:/home/ngy/microros_ws/install/rcl_interfaces:/home/ngy/microros_ws/install/microxrcedds_client:/home/ngy/microros_ws/install/microcdr:/home/ngy/microros_ws/install/micro_ros_msgs:/home/ngy/microros_ws/install/micro_ros_demos_rclcpp:/home/ngy/microros_ws/install/lifecycle_msgs:/home/ngy/microros_ws/install/complex_msgs:/home/ngy/microros_ws/install/builtin_interfaces:/home/ngy/microros_ws/install/micro_ros_setup:/home/ngy/microros_ws/install/sensor_msgs_py:/opt/ros/foxy LD_LIBRARY_PATH=/home/ngy/micro_ros/install/sensor_msgs/lib:/home/ngy/micro_ros/install/geometry_msgs/lib:/home/ngy/micro_ros/install/std_msgs/lib:/home/ngy/micro_ros/install/builtin_interfaces/lib:${LD_LIBRARY_PATH} PYTHONPATH=/home/ngy/micro_ros/install/sensor_msgs/lib/python3.8/site-packages:/home/ngy/micro_ros/install/geometry_msgs/lib/python3.8/site-packages:/home/ngy/micro_ros/install/std_msgs/lib/python3.8/site-packages:/home/ngy/micro_ros/install/builtin_interfaces/lib/python3.8/site-packages:${PYTHONPATH} /usr/bin/cmake --build /home/ngy/micro_ros/build/stereo_msgs -- -j12 -l12
[7.543s] Invoking command in '/home/ngy/micro_ros/build/stereo_msgs': AMENT_PREFIX_PATH=/home/ngy/micro_ros/install/sensor_msgs:/home/ngy/micro_ros/install/geometry_msgs:/home/ngy/micro_ros/install/std_msgs:/home/ngy/micro_ros/install/builtin_interfaces:${AMENT_PREFIX_PATH} CMAKE_PREFIX_PATH=/home/ngy/micro_ros/install/sensor_msgs:/home/ngy/micro_ros/install/geometry_msgs:/home/ngy/micro_ros/install/std_msgs:/home/ngy/micro_ros/install/builtin_interfaces:/home/ngy/micro_ros/install/rosidl_typesupport_microxrcedds_cpp:/home/ngy/micro_ros/install/rosidl_typesupport_microxrcedds_c:/home/ngy/micro_ros/install/microcdr:/home/ngy/micro_ros/install/micro_ros_msgs:/home/ngy/micro_ros/install/micro_ros_setup:/home/ngy/microros_ws/install/micro_ros_agent:/home/ngy/microros_ws/install/common_interfaces:/home/ngy/microros_ws/install/visualization_msgs:/home/ngy/microros_ws/install/test_msgs:/home/ngy/microros_ws/install/micro_ros_demos_rclc:/home/ngy/microros_ws/install/example_interfaces:/home/ngy/microros_ws/install/action_msgs:/home/ngy/microros_ws/install/unique_identifier_msgs:/home/ngy/microros_ws/install/trajectory_msgs:/home/ngy/microros_ws/install/stereo_msgs:/home/ngy/microros_ws/install/std_srvs:/home/ngy/microros_ws/install/shape_msgs:/home/ngy/microros_ws/install/sensor_msgs:/home/ngy/microros_ws/install/nav_msgs:/home/ngy/microros_ws/install/diagnostic_msgs:/home/ngy/microros_ws/install/geometry_msgs:/home/ngy/microros_ws/install/actionlib_msgs:/home/ngy/microros_ws/install/std_msgs:/home/ngy/microros_ws/install/statistics_msgs:/home/ngy/microros_ws/install/rosidl_typesupport_microxrcedds_test_msg:/home/ngy/microros_ws/install/rosidl_typesupport_microxrcedds_cpp_tests:/home/ngy/microros_ws/install/rmw_microxrcedds:/home/ngy/microros_ws/install/rosidl_typesupport_microxrcedds_cpp:/home/ngy/microros_ws/install/rosidl_typesupport_microxrcedds_c_tests:/home/ngy/microros_ws/install/rosidl_typesupport_microxrcedds_c:/home/ngy/microros_ws/install/rosgraph_msgs:/home/ngy/microros_ws/install/rclc_parameter:/home/ngy/microros_ws/install/rclc:/home/ngy/microros_ws/install/composition_interfaces:/home/ngy/microros_ws/install/rcl_interfaces:/home/ngy/microros_ws/install/microxrcedds_client:/home/ngy/microros_ws/install/microcdr:/home/ngy/microros_ws/install/micro_ros_msgs:/home/ngy/microros_ws/install/micro_ros_demos_rclcpp:/home/ngy/microros_ws/install/lifecycle_msgs:/home/ngy/microros_ws/install/complex_msgs:/home/ngy/microros_ws/install/builtin_interfaces:/home/ngy/microros_ws/install/micro_ros_setup:/home/ngy/microros_ws/install/sensor_msgs_py:/opt/ros/foxy LD_LIBRARY_PATH=/home/ngy/micro_ros/install/sensor_msgs/lib:/home/ngy/micro_ros/install/geometry_msgs/lib:/home/ngy/micro_ros/install/std_msgs/lib:/home/ngy/micro_ros/install/builtin_interfaces/lib:${LD_LIBRARY_PATH} PYTHONPATH=/home/ngy/micro_ros/install/sensor_msgs/lib/python3.8/site-packages:/home/ngy/micro_ros/install/geometry_msgs/lib/python3.8/site-packages:/home/ngy/micro_ros/install/std_msgs/lib/python3.8/site-packages:/home/ngy/micro_ros/install/builtin_interfaces/lib/python3.8/site-packages:${PYTHONPATH} /usr/bin/cmake --install /home/ngy/micro_ros/build/stereo_msgs
[7.556s] -- Install configuration: ""
[7.556s] -- Installing: /home/ngy/micro_ros/install/stereo_msgs/share/ament_index/resource_index/rosidl_interfaces/stereo_msgs
[7.556s] -- Installing: /home/ngy/micro_ros/install/stereo_msgs/include/stereo_msgs
[7.557s] -- Installing: /home/ngy/micro_ros/install/stereo_msgs/include/stereo_msgs/msg
[7.557s] -- Installing: /home/ngy/micro_ros/install/stereo_msgs/include/stereo_msgs/msg/detail
[7.557s] -- Installing: /home/ngy/micro_ros/install/stereo_msgs/include/stereo_msgs/msg/detail/disparity_image__struct.h
[7.557s] -- Installing: /home/ngy/micro_ros/install/stereo_msgs/include/stereo_msgs/msg/detail/disparity_image__type_support.h
[7.557s] -- Installing: /home/ngy/micro_ros/install/stereo_msgs/include/stereo_msgs/msg/detail/disparity_image__functions.h
[7.557s] -- Installing: /home/ngy/micro_ros/install/stereo_msgs/include/stereo_msgs/msg/detail/disparity_image__functions.c
[7.558s] -- Installing: /home/ngy/micro_ros/install/stereo_msgs/include/stereo_msgs/msg/disparity_image.h
[7.558s] -- Installing: /home/ngy/micro_ros/install/stereo_msgs/include/stereo_msgs/msg/rosidl_generator_c__visibility_control.h
[7.558s] -- Installing: /home/ngy/micro_ros/install/stereo_msgs/share/stereo_msgs/environment/library_path.sh
[7.558s] -- Installing: /home/ngy/micro_ros/install/stereo_msgs/share/stereo_msgs/environment/library_path.dsv
[7.559s] -- Installing: /home/ngy/micro_ros/install/stereo_msgs/lib/libstereo_msgs__rosidl_generator_c.so
[7.559s] -- Set runtime path of "/home/ngy/micro_ros/install/stereo_msgs/lib/libstereo_msgs__rosidl_generator_c.so" to ""
[7.559s] -- Up-to-date: /home/ngy/micro_ros/install/stereo_msgs/include/stereo_msgs
[7.560s] -- Up-to-date: /home/ngy/micro_ros/install/stereo_msgs/include/stereo_msgs/msg
[7.560s] -- Up-to-date: /home/ngy/micro_ros/install/stereo_msgs/include/stereo_msgs/msg/detail
[7.560s] -- Installing: /home/ngy/micro_ros/install/stereo_msgs/include/stereo_msgs/msg/detail/microxrcedds
[7.560s] -- Installing: /home/ngy/micro_ros/install/stereo_msgs/include/stereo_msgs/msg/detail/disparity_image__rosidl_typesupport_microxrcedds_c.h
[7.560s] -- Installing: /home/ngy/micro_ros/install/stereo_msgs/include/stereo_msgs/msg/rosidl_typesupport_microxrcedds_c__visibility_control.h
[7.560s] -- Installing: /home/ngy/micro_ros/install/stereo_msgs/lib/libstereo_msgs__rosidl_typesupport_microxrcedds_c.so
[7.561s] -- Set runtime path of "/home/ngy/micro_ros/install/stereo_msgs/lib/libstereo_msgs__rosidl_typesupport_microxrcedds_c.so" to ""
[7.561s] -- Up-to-date: /home/ngy/micro_ros/install/stereo_msgs/include/stereo_msgs
[7.561s] -- Up-to-date: /home/ngy/micro_ros/install/stereo_msgs/include/stereo_msgs/msg
[7.561s] -- Up-to-date: /home/ngy/micro_ros/install/stereo_msgs/include/stereo_msgs/msg/detail
[7.561s] -- Installing: /home/ngy/micro_ros/install/stereo_msgs/include/stereo_msgs/msg/detail/disparity_image__rosidl_typesupport_fastrtps_c.h
[7.561s] -- Installing: /home/ngy/micro_ros/install/stereo_msgs/include/stereo_msgs/msg/rosidl_typesupport_fastrtps_c__visibility_control.h
[7.562s] -- Installing: /home/ngy/micro_ros/install/stereo_msgs/lib/libstereo_msgs__rosidl_typesupport_fastrtps_c.so
[7.562s] -- Set runtime path of "/home/ngy/micro_ros/install/stereo_msgs/lib/libstereo_msgs__rosidl_typesupport_fastrtps_c.so" to ""
[7.562s] -- Up-to-date: /home/ngy/micro_ros/install/stereo_msgs/include/stereo_msgs
[7.562s] -- Up-to-date: /home/ngy/micro_ros/install/stereo_msgs/include/stereo_msgs/msg
[7.562s] -- Installing: /home/ngy/micro_ros/install/stereo_msgs/include/stereo_msgs/msg/rosidl_typesupport_fastrtps_cpp__visibility_control.h
[7.563s] -- Up-to-date: /home/ngy/micro_ros/install/stereo_msgs/include/stereo_msgs/msg/detail
[7.563s] -- Installing: /home/ngy/micro_ros/install/stereo_msgs/include/stereo_msgs/msg/detail/disparity_image__rosidl_typesupport_fastrtps_cpp.hpp
[7.563s] -- Installing: /home/ngy/micro_ros/install/stereo_msgs/include/stereo_msgs/msg/detail/dds_fastrtps
[7.563s] -- Installing: /home/ngy/micro_ros/install/stereo_msgs/lib/libstereo_msgs__rosidl_typesupport_fastrtps_cpp.so
[7.563s] -- Set runtime path of "/home/ngy/micro_ros/install/stereo_msgs/lib/libstereo_msgs__rosidl_typesupport_fastrtps_cpp.so" to ""
[7.563s] -- Up-to-date: /home/ngy/micro_ros/install/stereo_msgs/include/stereo_msgs
[7.564s] -- Up-to-date: /home/ngy/micro_ros/install/stereo_msgs/include/stereo_msgs/msg
[7.564s] -- Installing: /home/ngy/micro_ros/install/stereo_msgs/include/stereo_msgs/msg/rosidl_typesupport_introspection_c__visibility_control.h
[7.564s] -- Up-to-date: /home/ngy/micro_ros/install/stereo_msgs/include/stereo_msgs/msg/detail
[7.564s] -- Installing: /home/ngy/micro_ros/install/stereo_msgs/include/stereo_msgs/msg/detail/disparity_image__rosidl_typesupport_introspection_c.h
[7.564s] -- Installing: /home/ngy/micro_ros/install/stereo_msgs/include/stereo_msgs/msg/detail/disparity_image__type_support.c
[7.564s] -- Installing: /home/ngy/micro_ros/install/stereo_msgs/lib/libstereo_msgs__rosidl_typesupport_introspection_c.so
[7.565s] -- Set runtime path of "/home/ngy/micro_ros/install/stereo_msgs/lib/libstereo_msgs__rosidl_typesupport_introspection_c.so" to ""
[7.565s] -- Installing: /home/ngy/micro_ros/install/stereo_msgs/lib/libstereo_msgs__rosidl_typesupport_c.so
[7.565s] -- Set runtime path of "/home/ngy/micro_ros/install/stereo_msgs/lib/libstereo_msgs__rosidl_typesupport_c.so" to ""
[7.565s] -- Up-to-date: /home/ngy/micro_ros/install/stereo_msgs/include/stereo_msgs
[7.565s] -- Up-to-date: /home/ngy/micro_ros/install/stereo_msgs/include/stereo_msgs/msg
[7.566s] -- Installing: /home/ngy/micro_ros/install/stereo_msgs/include/stereo_msgs/msg/disparity_image.hpp
[7.566s] -- Up-to-date: /home/ngy/micro_ros/install/stereo_msgs/include/stereo_msgs/msg/detail
[7.566s] -- Installing: /home/ngy/micro_ros/install/stereo_msgs/include/stereo_msgs/msg/detail/disparity_image__builder.hpp
[7.566s] -- Installing: /home/ngy/micro_ros/install/stereo_msgs/include/stereo_msgs/msg/detail/disparity_image__struct.hpp
[7.566s] -- Installing: /home/ngy/micro_ros/install/stereo_msgs/include/stereo_msgs/msg/detail/disparity_image__traits.hpp
[7.566s] -- Up-to-date: /home/ngy/micro_ros/install/stereo_msgs/include/stereo_msgs
[7.567s] -- Up-to-date: /home/ngy/micro_ros/install/stereo_msgs/include/stereo_msgs/msg
[7.567s] -- Up-to-date: /home/ngy/micro_ros/install/stereo_msgs/include/stereo_msgs/msg/detail
[7.567s] -- Up-to-date: /home/ngy/micro_ros/install/stereo_msgs/include/stereo_msgs/msg/detail/microxrcedds
[7.567s] -- Installing: /home/ngy/micro_ros/install/stereo_msgs/include/stereo_msgs/msg/detail/microxrcedds/disparity_image__type_support_cpp.cpp
[7.567s] -- Installing: /home/ngy/micro_ros/install/stereo_msgs/include/stereo_msgs/msg/detail/disparity_image__rosidl_typesupport_microxrcedds_cpp.hpp
[7.567s] -- Installing: /home/ngy/micro_ros/install/stereo_msgs/include/stereo_msgs/msg/rosidl_typesupport_microxrcedds_cpp__visibility_control.h
[7.568s] -- Installing: /home/ngy/micro_ros/install/stereo_msgs/lib/libstereo_msgs__rosidl_typesupport_microxrcedds_cpp.so
[7.568s] -- Set runtime path of "/home/ngy/micro_ros/install/stereo_msgs/lib/libstereo_msgs__rosidl_typesupport_microxrcedds_cpp.so" to ""
[7.568s] -- Up-to-date: /home/ngy/micro_ros/install/stereo_msgs/include/stereo_msgs
[7.568s] -- Up-to-date: /home/ngy/micro_ros/install/stereo_msgs/include/stereo_msgs/msg
[7.568s] -- Up-to-date: /home/ngy/micro_ros/install/stereo_msgs/include/stereo_msgs/msg/detail
[7.568s] -- Installing: /home/ngy/micro_ros/install/stereo_msgs/include/stereo_msgs/msg/detail/disparity_image__type_support.cpp
[7.568s] -- Installing: /home/ngy/micro_ros/install/stereo_msgs/include/stereo_msgs/msg/detail/disparity_image__rosidl_typesupport_introspection_cpp.hpp
[7.569s] -- Installing: /home/ngy/micro_ros/install/stereo_msgs/lib/libstereo_msgs__rosidl_typesupport_introspection_cpp.so
[7.569s] -- Set runtime path of "/home/ngy/micro_ros/install/stereo_msgs/lib/libstereo_msgs__rosidl_typesupport_introspection_cpp.so" to ""
[7.569s] -- Installing: /home/ngy/micro_ros/install/stereo_msgs/lib/libstereo_msgs__rosidl_typesupport_cpp.so
[7.569s] -- Set runtime path of "/home/ngy/micro_ros/install/stereo_msgs/lib/libstereo_msgs__rosidl_typesupport_cpp.so" to ""
[7.570s] -- Installing: /home/ngy/micro_ros/install/stereo_msgs/share/stereo_msgs/environment/pythonpath.sh
[7.570s] -- Installing: /home/ngy/micro_ros/install/stereo_msgs/share/stereo_msgs/environment/pythonpath.dsv
[7.570s] -- Installing: /home/ngy/micro_ros/install/stereo_msgs/lib/python3.8/site-packages/stereo_msgs/__init__.py
[7.614s] Compiling '/home/ngy/micro_ros/install/stereo_msgs/lib/python3.8/site-packages/stereo_msgs/__init__.py'...
[7.619s] -- Installing: /home/ngy/micro_ros/install/stereo_msgs/lib/python3.8/site-packages/stereo_msgs/msg
[7.619s] -- Installing: /home/ngy/micro_ros/install/stereo_msgs/lib/python3.8/site-packages/stereo_msgs/msg/_disparity_image.py
[7.619s] -- Installing: /home/ngy/micro_ros/install/stereo_msgs/lib/python3.8/site-packages/stereo_msgs/msg/__init__.py
[7.620s] -- Installing: /home/ngy/micro_ros/install/stereo_msgs/lib/python3.8/site-packages/stereo_msgs/msg/_disparity_image_s.c
[7.620s] -- Installing: /home/ngy/micro_ros/install/stereo_msgs/lib/python3.8/site-packages/stereo_msgs/stereo_msgs_s__rosidl_typesupport_microxrcedds_c.cpython-38-x86_64-linux-gnu.so
[7.620s] -- Set runtime path of "/home/ngy/micro_ros/install/stereo_msgs/lib/python3.8/site-packages/stereo_msgs/stereo_msgs_s__rosidl_typesupport_microxrcedds_c.cpython-38-x86_64-linux-gnu.so" to ""
[7.621s] -- Installing: /home/ngy/micro_ros/install/stereo_msgs/lib/python3.8/site-packages/stereo_msgs/stereo_msgs_s__rosidl_typesupport_fastrtps_c.cpython-38-x86_64-linux-gnu.so
[7.621s] -- Set runtime path of "/home/ngy/micro_ros/install/stereo_msgs/lib/python3.8/site-packages/stereo_msgs/stereo_msgs_s__rosidl_typesupport_fastrtps_c.cpython-38-x86_64-linux-gnu.so" to ""
[7.622s] -- Installing: /home/ngy/micro_ros/install/stereo_msgs/lib/python3.8/site-packages/stereo_msgs/stereo_msgs_s__rosidl_typesupport_introspection_c.cpython-38-x86_64-linux-gnu.so
[7.622s] -- Set runtime path of "/home/ngy/micro_ros/install/stereo_msgs/lib/python3.8/site-packages/stereo_msgs/stereo_msgs_s__rosidl_typesupport_introspection_c.cpython-38-x86_64-linux-gnu.so" to ""
[7.623s] -- Installing: /home/ngy/micro_ros/install/stereo_msgs/lib/python3.8/site-packages/stereo_msgs/stereo_msgs_s__rosidl_typesupport_c.cpython-38-x86_64-linux-gnu.so
[7.623s] -- Set runtime path of "/home/ngy/micro_ros/install/stereo_msgs/lib/python3.8/site-packages/stereo_msgs/stereo_msgs_s__rosidl_typesupport_c.cpython-38-x86_64-linux-gnu.so" to ""
[7.623s] -- Installing: /home/ngy/micro_ros/install/stereo_msgs/lib/libstereo_msgs__python.so
[7.624s] -- Set runtime path of "/home/ngy/micro_ros/install/stereo_msgs/lib/libstereo_msgs__python.so" to ""
[7.624s] -- Installing: /home/ngy/micro_ros/install/stereo_msgs/share/stereo_msgs/msg/DisparityImage.idl
[7.624s] -- Installing: /home/ngy/micro_ros/install/stereo_msgs/share/stereo_msgs/msg/DisparityImage.msg
[7.624s] -- Installing: /home/ngy/micro_ros/install/stereo_msgs/share/ament_index/resource_index/package_run_dependencies/stereo_msgs
[7.625s] -- Installing: /home/ngy/micro_ros/install/stereo_msgs/share/ament_index/resource_index/parent_prefix_path/stereo_msgs
[7.625s] -- Installing: /home/ngy/micro_ros/install/stereo_msgs/share/stereo_msgs/environment/ament_prefix_path.sh
[7.625s] -- Installing: /home/ngy/micro_ros/install/stereo_msgs/share/stereo_msgs/environment/ament_prefix_path.dsv
[7.625s] -- Installing: /home/ngy/micro_ros/install/stereo_msgs/share/stereo_msgs/environment/path.sh
[7.625s] -- Installing: /home/ngy/micro_ros/install/stereo_msgs/share/stereo_msgs/environment/path.dsv
[7.625s] -- Installing: /home/ngy/micro_ros/install/stereo_msgs/share/stereo_msgs/local_setup.bash
[7.626s] -- Installing: /home/ngy/micro_ros/install/stereo_msgs/share/stereo_msgs/local_setup.sh
[7.626s] -- Installing: /home/ngy/micro_ros/install/stereo_msgs/share/stereo_msgs/local_setup.zsh
[7.626s] -- Installing: /home/ngy/micro_ros/install/stereo_msgs/share/stereo_msgs/local_setup.dsv
[7.626s] -- Installing: /home/ngy/micro_ros/install/stereo_msgs/share/stereo_msgs/package.dsv
[7.626s] -- Installing: /home/ngy/micro_ros/install/stereo_msgs/share/ament_index/resource_index/packages/stereo_msgs
[7.627s] -- Installing: /home/ngy/micro_ros/install/stereo_msgs/share/stereo_msgs/cmake/stereo_msgs__rosidl_generator_cExport.cmake
[7.627s] -- Installing: /home/ngy/micro_ros/install/stereo_msgs/share/stereo_msgs/cmake/stereo_msgs__rosidl_generator_cExport-noconfig.cmake
[7.627s] -- Installing: /home/ngy/micro_ros/install/stereo_msgs/share/stereo_msgs/cmake/stereo_msgs__rosidl_typesupport_introspection_cExport.cmake
[7.627s] -- Installing: /home/ngy/micro_ros/install/stereo_msgs/share/stereo_msgs/cmake/stereo_msgs__rosidl_typesupport_introspection_cExport-noconfig.cmake
[7.627s] -- Installing: /home/ngy/micro_ros/install/stereo_msgs/share/stereo_msgs/cmake/stereo_msgs__rosidl_typesupport_cExport.cmake
[7.628s] -- Installing: /home/ngy/micro_ros/install/stereo_msgs/share/stereo_msgs/cmake/stereo_msgs__rosidl_typesupport_cExport-noconfig.cmake
[7.628s] -- Installing: /home/ngy/micro_ros/install/stereo_msgs/share/stereo_msgs/cmake/stereo_msgs__rosidl_generator_cppExport.cmake
[7.628s] -- Installing: /home/ngy/micro_ros/install/stereo_msgs/share/stereo_msgs/cmake/stereo_msgs__rosidl_typesupport_introspection_cppExport.cmake
[7.628s] -- Installing: /home/ngy/micro_ros/install/stereo_msgs/share/stereo_msgs/cmake/stereo_msgs__rosidl_typesupport_introspection_cppExport-noconfig.cmake
[7.629s] -- Installing: /home/ngy/micro_ros/install/stereo_msgs/share/stereo_msgs/cmake/stereo_msgs__rosidl_typesupport_cppExport.cmake
[7.629s] -- Installing: /home/ngy/micro_ros/install/stereo_msgs/share/stereo_msgs/cmake/stereo_msgs__rosidl_typesupport_cppExport-noconfig.cmake
[7.629s] -- Installing: /home/ngy/micro_ros/install/stereo_msgs/share/stereo_msgs/cmake/rosidl_cmake-extras.cmake
[7.629s] -- Installing: /home/ngy/micro_ros/install/stereo_msgs/share/stereo_msgs/cmake/ament_cmake_export_dependencies-extras.cmake
[7.629s] -- Installing: /home/ngy/micro_ros/install/stereo_msgs/share/stereo_msgs/cmake/ament_cmake_export_libraries-extras.cmake
[7.630s] -- Installing: /home/ngy/micro_ros/install/stereo_msgs/share/stereo_msgs/cmake/ament_cmake_export_targets-extras.cmake
[7.630s] -- Installing: /home/ngy/micro_ros/install/stereo_msgs/share/stereo_msgs/cmake/ament_cmake_export_include_directories-extras.cmake
[7.630s] -- Installing: /home/ngy/micro_ros/install/stereo_msgs/share/stereo_msgs/cmake/rosidl_cmake_export_typesupport_libraries-extras.cmake
[7.630s] -- Installing: /home/ngy/micro_ros/install/stereo_msgs/share/stereo_msgs/cmake/rosidl_cmake_export_typesupport_targets-extras.cmake
[7.630s] -- Installing: /home/ngy/micro_ros/install/stereo_msgs/share/stereo_msgs/cmake/stereo_msgsConfig.cmake
[7.630s] -- Installing: /home/ngy/micro_ros/install/stereo_msgs/share/stereo_msgs/cmake/stereo_msgsConfig-version.cmake
[7.631s] -- Installing: /home/ngy/micro_ros/install/stereo_msgs/share/stereo_msgs/package.xml
[7.638s] Invoked command in '/home/ngy/micro_ros/build/stereo_msgs' returned '0': AMENT_PREFIX_PATH=/home/ngy/micro_ros/install/sensor_msgs:/home/ngy/micro_ros/install/geometry_msgs:/home/ngy/micro_ros/install/std_msgs:/home/ngy/micro_ros/install/builtin_interfaces:${AMENT_PREFIX_PATH} CMAKE_PREFIX_PATH=/home/ngy/micro_ros/install/sensor_msgs:/home/ngy/micro_ros/install/geometry_msgs:/home/ngy/micro_ros/install/std_msgs:/home/ngy/micro_ros/install/builtin_interfaces:/home/ngy/micro_ros/install/rosidl_typesupport_microxrcedds_cpp:/home/ngy/micro_ros/install/rosidl_typesupport_microxrcedds_c:/home/ngy/micro_ros/install/microcdr:/home/ngy/micro_ros/install/micro_ros_msgs:/home/ngy/micro_ros/install/micro_ros_setup:/home/ngy/microros_ws/install/micro_ros_agent:/home/ngy/microros_ws/install/common_interfaces:/home/ngy/microros_ws/install/visualization_msgs:/home/ngy/microros_ws/install/test_msgs:/home/ngy/microros_ws/install/micro_ros_demos_rclc:/home/ngy/microros_ws/install/example_interfaces:/home/ngy/microros_ws/install/action_msgs:/home/ngy/microros_ws/install/unique_identifier_msgs:/home/ngy/microros_ws/install/trajectory_msgs:/home/ngy/microros_ws/install/stereo_msgs:/home/ngy/microros_ws/install/std_srvs:/home/ngy/microros_ws/install/shape_msgs:/home/ngy/microros_ws/install/sensor_msgs:/home/ngy/microros_ws/install/nav_msgs:/home/ngy/microros_ws/install/diagnostic_msgs:/home/ngy/microros_ws/install/geometry_msgs:/home/ngy/microros_ws/install/actionlib_msgs:/home/ngy/microros_ws/install/std_msgs:/home/ngy/microros_ws/install/statistics_msgs:/home/ngy/microros_ws/install/rosidl_typesupport_microxrcedds_test_msg:/home/ngy/microros_ws/install/rosidl_typesupport_microxrcedds_cpp_tests:/home/ngy/microros_ws/install/rmw_microxrcedds:/home/ngy/microros_ws/install/rosidl_typesupport_microxrcedds_cpp:/home/ngy/microros_ws/install/rosidl_typesupport_microxrcedds_c_tests:/home/ngy/microros_ws/install/rosidl_typesupport_microxrcedds_c:/home/ngy/microros_ws/install/rosgraph_msgs:/home/ngy/microros_ws/install/rclc_parameter:/home/ngy/microros_ws/install/rclc:/home/ngy/microros_ws/install/composition_interfaces:/home/ngy/microros_ws/install/rcl_interfaces:/home/ngy/microros_ws/install/microxrcedds_client:/home/ngy/microros_ws/install/microcdr:/home/ngy/microros_ws/install/micro_ros_msgs:/home/ngy/microros_ws/install/micro_ros_demos_rclcpp:/home/ngy/microros_ws/install/lifecycle_msgs:/home/ngy/microros_ws/install/complex_msgs:/home/ngy/microros_ws/install/builtin_interfaces:/home/ngy/microros_ws/install/micro_ros_setup:/home/ngy/microros_ws/install/sensor_msgs_py:/opt/ros/foxy LD_LIBRARY_PATH=/home/ngy/micro_ros/install/sensor_msgs/lib:/home/ngy/micro_ros/install/geometry_msgs/lib:/home/ngy/micro_ros/install/std_msgs/lib:/home/ngy/micro_ros/install/builtin_interfaces/lib:${LD_LIBRARY_PATH} PYTHONPATH=/home/ngy/micro_ros/install/sensor_msgs/lib/python3.8/site-packages:/home/ngy/micro_ros/install/geometry_msgs/lib/python3.8/site-packages:/home/ngy/micro_ros/install/std_msgs/lib/python3.8/site-packages:/home/ngy/micro_ros/install/builtin_interfaces/lib/python3.8/site-packages:${PYTHONPATH} /usr/bin/cmake --install /home/ngy/micro_ros/build/stereo_msgs
