-- The C compiler identification is GNU 9.4.0
-- The CXX compiler identification is GNU 9.4.0
-- Check for working C compiler: /usr/bin/cc
-- Check for working C compiler: /usr/bin/cc -- works
-- Detecting C compiler ABI info
-- Detecting C compiler ABI info - done
-- Detecting C compile features
-- Detecting C compile features - done
-- Check for working CXX compiler: /usr/bin/c++
-- Check for working CXX compiler: /usr/bin/c++ -- works
-- Detecting CXX compiler ABI info
-- Detecting CXX compiler ABI info - done
-- Detecting CXX compile features
-- Detecting CXX compile features - done
-- Found ament_cmake: 0.9.11 (/opt/ros/foxy/share/ament_cmake/cmake)
-- Found PythonInterp: /usr/bin/python3 (found suitable version "3.8.10", minimum required is "3") 
-- Using PYTHON_EXECUTABLE: /usr/bin/python3
-- Found rosidl_default_generators: 1.0.1 (/opt/ros/foxy/share/rosidl_default_generators/cmake)
-- Using all available rosidl_typesupport_c: rosidl_typesupport_microxrcedds_c;rosidl_typesupport_fastrtps_c;rosidl_typesupport_introspection_c
-- Found rosidl_adapter: 1.3.0 (/opt/ros/foxy/share/rosidl_adapter/cmake)
-- Found OpenSSL: /usr/lib/x86_64-linux-gnu/libcrypto.so (found version "1.1.1f")  
-- Found FastRTPS: /opt/ros/foxy/include  
-- Using all available rosidl_typesupport_cpp: rosidl_typesupport_microxrcedds_cpp;rosidl_typesupport_fastrtps_cpp;rosidl_typesupport_introspection_cpp
-- Found PythonInterp: /usr/bin/python3 (found version "3.8.10") 
-- Found ament_cmake_ros: 0.9.2 (/opt/ros/foxy/share/ament_cmake_ros/cmake)
-- Using all available rosidl_typesupport_c: rosidl_typesupport_microxrcedds_c;rosidl_typesupport_fastrtps_c;rosidl_typesupport_introspection_c
-- Using all available rosidl_typesupport_cpp: rosidl_typesupport_microxrcedds_cpp;rosidl_typesupport_fastrtps_cpp;rosidl_typesupport_introspection_cpp
-- Found PythonInterp: /usr/bin/python3 (found suitable version "3.8.10", minimum required is "3.5") 
-- Found python_cmake_module: 0.8.1 (/opt/ros/foxy/share/python_cmake_module/cmake)
-- Found PythonLibs: /usr/lib/x86_64-linux-gnu/libpython3.8.so (found suitable version "3.8.10", minimum required is "3.5") 
-- Using PYTHON_EXECUTABLE: /usr/bin/python3
-- Using PYTHON_INCLUDE_DIRS: /usr/include/python3.8
-- Using PYTHON_LIBRARIES: /usr/lib/x86_64-linux-gnu/libpython3.8.so
-- Found PythonExtra: .so  
-- Configuring done
-- Generating done
-- Build files have been written to: /home/ngy/micro_ros/build/builtin_interfaces
[  2%] [34m[1mGenerating C code for ROS interfaces[0m
[35m[1mScanning dependencies of target builtin_interfaces__cpp[0m
[  4%] [34m[1mGenerating C++ code for ROS interfaces[0m
[  4%] Built target builtin_interfaces__cpp
[  6%] [34m[1mGenerating C++ introspection for ROS interfaces[0m
[ 10%] [34m[1mGenerating C++ type support dispatch for ROS interfaces[0m
[ 10%] [34m[1mGenerating C++ type support for eProsima Fast-RTPS[0m
[ 12%] [34m[1mGenerating C++ type support for eProsima Micro XRCE-DDS[0m
[35m[1mScanning dependencies of target builtin_interfaces__rosidl_generator_c[0m
[ 14%] [32mBuilding C object CMakeFiles/builtin_interfaces__rosidl_generator_c.dir/rosidl_generator_c/builtin_interfaces/msg/detail/duration__functions.c.o[0m
[ 16%] [32mBuilding C object CMakeFiles/builtin_interfaces__rosidl_generator_c.dir/rosidl_generator_c/builtin_interfaces/msg/detail/time__functions.c.o[0m
[ 18%] [32m[1mLinking C shared library libbuiltin_interfaces__rosidl_generator_c.so[0m
[35m[1mScanning dependencies of target builtin_interfaces__rosidl_typesupport_cpp[0m
[ 20%] [32mBuilding CXX object CMakeFiles/builtin_interfaces__rosidl_typesupport_cpp.dir/rosidl_typesupport_cpp/builtin_interfaces/msg/time__type_support.cpp.o[0m
[ 22%] [32mBuilding CXX object CMakeFiles/builtin_interfaces__rosidl_typesupport_cpp.dir/rosidl_typesupport_cpp/builtin_interfaces/msg/duration__type_support.cpp.o[0m
[35m[1mScanning dependencies of target builtin_interfaces__rosidl_typesupport_introspection_cpp[0m
[ 22%] Built target builtin_interfaces__rosidl_generator_c
[ 24%] [32mBuilding CXX object CMakeFiles/builtin_interfaces__rosidl_typesupport_introspection_cpp.dir/rosidl_typesupport_introspection_cpp/builtin_interfaces/msg/detail/duration__type_support.cpp.o[0m
[35m[1mScanning dependencies of target builtin_interfaces__rosidl_typesupport_fastrtps_cpp[0m
[ 26%] [32mBuilding CXX object CMakeFiles/builtin_interfaces__rosidl_typesupport_introspection_cpp.dir/rosidl_typesupport_introspection_cpp/builtin_interfaces/msg/detail/time__type_support.cpp.o[0m
[ 28%] [34m[1mGenerating C introspection for ROS interfaces[0m
[ 30%] [34m[1mGenerating C type support for eProsima Micro XRCE-DDS[0m
[ 32%] [34m[1mGenerating C type support dispatch for ROS interfaces[0m
[ 34%] [32mBuilding CXX object CMakeFiles/builtin_interfaces__rosidl_typesupport_fastrtps_cpp.dir/rosidl_typesupport_fastrtps_cpp/builtin_interfaces/msg/detail/dds_fastrtps/duration__type_support.cpp.o[0m
[ 36%] [32mBuilding CXX object CMakeFiles/builtin_interfaces__rosidl_typesupport_fastrtps_cpp.dir/rosidl_typesupport_fastrtps_cpp/builtin_interfaces/msg/detail/dds_fastrtps/time__type_support.cpp.o[0m
[35m[1mScanning dependencies of target builtin_interfaces__rosidl_typesupport_microxrcedds_cpp[0m
[ 38%] [32mBuilding CXX object CMakeFiles/builtin_interfaces__rosidl_typesupport_microxrcedds_cpp.dir/rosidl_typesupport_microxrcedds_cpp/builtin_interfaces/msg/detail/microxrcedds/duration__type_support_cpp.cpp.o[0m
[ 40%] [32mBuilding CXX object CMakeFiles/builtin_interfaces__rosidl_typesupport_microxrcedds_cpp.dir/rosidl_typesupport_microxrcedds_cpp/builtin_interfaces/msg/detail/microxrcedds/time__type_support_cpp.cpp.o[0m
[35m[1mScanning dependencies of target builtin_interfaces__rosidl_typesupport_c[0m
[ 42%] [32mBuilding CXX object CMakeFiles/builtin_interfaces__rosidl_typesupport_c.dir/rosidl_typesupport_c/builtin_interfaces/msg/duration__type_support.cpp.o[0m
[35m[1mScanning dependencies of target builtin_interfaces__rosidl_typesupport_microxrcedds_c[0m
[ 44%] [32mBuilding CXX object CMakeFiles/builtin_interfaces__rosidl_typesupport_c.dir/rosidl_typesupport_c/builtin_interfaces/msg/time__type_support.cpp.o[0m
[ 46%] [32mBuilding C object CMakeFiles/builtin_interfaces__rosidl_typesupport_microxrcedds_c.dir/rosidl_typesupport_microxrcedds_c/builtin_interfaces/msg/detail/microxrcedds/duration__type_support_c.c.o[0m
[ 48%] [32mBuilding C object CMakeFiles/builtin_interfaces__rosidl_typesupport_microxrcedds_c.dir/rosidl_typesupport_microxrcedds_c/builtin_interfaces/msg/detail/microxrcedds/time__type_support_c.c.o[0m
[ 51%] [32m[1mLinking CXX shared library libbuiltin_interfaces__rosidl_typesupport_c.so[0m
[ 53%] [32m[1mLinking CXX shared library libbuiltin_interfaces__rosidl_typesupport_cpp.so[0m
[ 55%] [32m[1mLinking C shared library libbuiltin_interfaces__rosidl_typesupport_microxrcedds_c.so[0m
[ 55%] Built target builtin_interfaces__rosidl_typesupport_c
[ 57%] [32m[1mLinking CXX shared library libbuiltin_interfaces__rosidl_typesupport_introspection_cpp.so[0m
[ 59%] [32m[1mLinking CXX shared library libbuiltin_interfaces__rosidl_typesupport_microxrcedds_cpp.so[0m
[ 59%] Built target builtin_interfaces__rosidl_typesupport_microxrcedds_c
[ 61%] [32m[1mLinking CXX shared library libbuiltin_interfaces__rosidl_typesupport_fastrtps_cpp.so[0m
[ 61%] Built target builtin_interfaces__rosidl_typesupport_cpp
[ 61%] Built target builtin_interfaces__rosidl_typesupport_introspection_cpp
[ 61%] Built target builtin_interfaces__rosidl_typesupport_microxrcedds_cpp
[35m[1mScanning dependencies of target builtin_interfaces__rosidl_typesupport_introspection_c[0m
[ 61%] Built target builtin_interfaces__rosidl_typesupport_fastrtps_cpp
[ 63%] [32mBuilding C object CMakeFiles/builtin_interfaces__rosidl_typesupport_introspection_c.dir/rosidl_typesupport_introspection_c/builtin_interfaces/msg/detail/duration__type_support.c.o[0m
[ 65%] [32mBuilding C object CMakeFiles/builtin_interfaces__rosidl_typesupport_introspection_c.dir/rosidl_typesupport_introspection_c/builtin_interfaces/msg/detail/time__type_support.c.o[0m
[ 67%] [34m[1mGenerating C type support for eProsima Fast-RTPS[0m
[ 69%] [32m[1mLinking C shared library libbuiltin_interfaces__rosidl_typesupport_introspection_c.so[0m
[ 69%] Built target builtin_interfaces__rosidl_typesupport_introspection_c
[35m[1mScanning dependencies of target builtin_interfaces__rosidl_typesupport_fastrtps_c[0m
[ 71%] [32mBuilding CXX object CMakeFiles/builtin_interfaces__rosidl_typesupport_fastrtps_c.dir/rosidl_typesupport_fastrtps_c/builtin_interfaces/msg/detail/duration__type_support_c.cpp.o[0m
[ 73%] [32mBuilding CXX object CMakeFiles/builtin_interfaces__rosidl_typesupport_fastrtps_c.dir/rosidl_typesupport_fastrtps_c/builtin_interfaces/msg/detail/time__type_support_c.cpp.o[0m
[ 75%] [32m[1mLinking CXX shared library libbuiltin_interfaces__rosidl_typesupport_fastrtps_c.so[0m
[ 75%] Built target builtin_interfaces__rosidl_typesupport_fastrtps_c
[35m[1mScanning dependencies of target builtin_interfaces[0m
[ 75%] Built target builtin_interfaces
[35m[1mScanning dependencies of target builtin_interfaces__py[0m
[ 77%] [34m[1mGenerating Python code for ROS interfaces[0m
[ 77%] Built target builtin_interfaces__py
[35m[1mScanning dependencies of target builtin_interfaces__python[0m
[ 79%] [32mBuilding C object CMakeFiles/builtin_interfaces__python.dir/rosidl_generator_py/builtin_interfaces/msg/_duration_s.c.o[0m
[ 81%] [32mBuilding C object CMakeFiles/builtin_interfaces__python.dir/rosidl_generator_py/builtin_interfaces/msg/_time_s.c.o[0m
[ 83%] [32m[1mLinking C shared library rosidl_generator_py/builtin_interfaces/libbuiltin_interfaces__python.so[0m
[ 83%] Built target builtin_interfaces__python
[35m[1mScanning dependencies of target builtin_interfaces__rosidl_typesupport_microxrcedds_c__pyext[0m
[35m[1mScanning dependencies of target builtin_interfaces__rosidl_typesupport_c__pyext[0m
[35m[1mScanning dependencies of target builtin_interfaces__rosidl_typesupport_introspection_c__pyext[0m
[35m[1mScanning dependencies of target builtin_interfaces__rosidl_typesupport_fastrtps_c__pyext[0m
[ 85%] [32mBuilding C object CMakeFiles/builtin_interfaces__rosidl_typesupport_microxrcedds_c__pyext.dir/rosidl_generator_py/builtin_interfaces/_builtin_interfaces_s.ep.rosidl_typesupport_microxrcedds_c.c.o[0m
[ 87%] [32mBuilding C object CMakeFiles/builtin_interfaces__rosidl_typesupport_c__pyext.dir/rosidl_generator_py/builtin_interfaces/_builtin_interfaces_s.ep.rosidl_typesupport_c.c.o[0m
[ 89%] [32mBuilding C object CMakeFiles/builtin_interfaces__rosidl_typesupport_introspection_c__pyext.dir/rosidl_generator_py/builtin_interfaces/_builtin_interfaces_s.ep.rosidl_typesupport_introspection_c.c.o[0m
[ 91%] [32mBuilding C object CMakeFiles/builtin_interfaces__rosidl_typesupport_fastrtps_c__pyext.dir/rosidl_generator_py/builtin_interfaces/_builtin_interfaces_s.ep.rosidl_typesupport_fastrtps_c.c.o[0m
[ 93%] [32m[1mLinking C shared library rosidl_generator_py/builtin_interfaces/builtin_interfaces_s__rosidl_typesupport_microxrcedds_c.cpython-38-x86_64-linux-gnu.so[0m
[ 95%] [32m[1mLinking C shared library rosidl_generator_py/builtin_interfaces/builtin_interfaces_s__rosidl_typesupport_c.cpython-38-x86_64-linux-gnu.so[0m
[ 97%] [32m[1mLinking C shared library rosidl_generator_py/builtin_interfaces/builtin_interfaces_s__rosidl_typesupport_introspection_c.cpython-38-x86_64-linux-gnu.so[0m
[100%] [32m[1mLinking CXX shared library rosidl_generator_py/builtin_interfaces/builtin_interfaces_s__rosidl_typesupport_fastrtps_c.cpython-38-x86_64-linux-gnu.so[0m
[100%] Built target builtin_interfaces__rosidl_typesupport_microxrcedds_c__pyext
[100%] Built target builtin_interfaces__rosidl_typesupport_c__pyext
[100%] Built target builtin_interfaces__rosidl_typesupport_introspection_c__pyext
[100%] Built target builtin_interfaces__rosidl_typesupport_fastrtps_c__pyext
-- Install configuration: ""
-- Installing: /home/ngy/micro_ros/install/builtin_interfaces/share/ament_index/resource_index/rosidl_interfaces/builtin_interfaces
-- Installing: /home/ngy/micro_ros/install/builtin_interfaces/include/builtin_interfaces
-- Installing: /home/ngy/micro_ros/install/builtin_interfaces/include/builtin_interfaces/msg
-- Installing: /home/ngy/micro_ros/install/builtin_interfaces/include/builtin_interfaces/msg/time.h
-- Installing: /home/ngy/micro_ros/install/builtin_interfaces/include/builtin_interfaces/msg/detail
-- Installing: /home/ngy/micro_ros/install/builtin_interfaces/include/builtin_interfaces/msg/detail/time__functions.c
-- Installing: /home/ngy/micro_ros/install/builtin_interfaces/include/builtin_interfaces/msg/detail/duration__struct.h
-- Installing: /home/ngy/micro_ros/install/builtin_interfaces/include/builtin_interfaces/msg/detail/time__functions.h
-- Installing: /home/ngy/micro_ros/install/builtin_interfaces/include/builtin_interfaces/msg/detail/time__type_support.h
-- Installing: /home/ngy/micro_ros/install/builtin_interfaces/include/builtin_interfaces/msg/detail/duration__functions.h
-- Installing: /home/ngy/micro_ros/install/builtin_interfaces/include/builtin_interfaces/msg/detail/duration__functions.c
-- Installing: /home/ngy/micro_ros/install/builtin_interfaces/include/builtin_interfaces/msg/detail/time__struct.h
-- Installing: /home/ngy/micro_ros/install/builtin_interfaces/include/builtin_interfaces/msg/detail/duration__type_support.h
-- Installing: /home/ngy/micro_ros/install/builtin_interfaces/include/builtin_interfaces/msg/duration.h
-- Installing: /home/ngy/micro_ros/install/builtin_interfaces/include/builtin_interfaces/msg/rosidl_generator_c__visibility_control.h
-- Installing: /home/ngy/micro_ros/install/builtin_interfaces/share/builtin_interfaces/environment/library_path.sh
-- Installing: /home/ngy/micro_ros/install/builtin_interfaces/share/builtin_interfaces/environment/library_path.dsv
-- Installing: /home/ngy/micro_ros/install/builtin_interfaces/lib/libbuiltin_interfaces__rosidl_generator_c.so
-- Set runtime path of "/home/ngy/micro_ros/install/builtin_interfaces/lib/libbuiltin_interfaces__rosidl_generator_c.so" to ""
-- Up-to-date: /home/ngy/micro_ros/install/builtin_interfaces/include/builtin_interfaces
-- Up-to-date: /home/ngy/micro_ros/install/builtin_interfaces/include/builtin_interfaces/msg
-- Up-to-date: /home/ngy/micro_ros/install/builtin_interfaces/include/builtin_interfaces/msg/detail
-- Installing: /home/ngy/micro_ros/install/builtin_interfaces/include/builtin_interfaces/msg/detail/microxrcedds
-- Installing: /home/ngy/micro_ros/install/builtin_interfaces/include/builtin_interfaces/msg/detail/time__rosidl_typesupport_microxrcedds_c.h
-- Installing: /home/ngy/micro_ros/install/builtin_interfaces/include/builtin_interfaces/msg/detail/duration__rosidl_typesupport_microxrcedds_c.h
-- Installing: /home/ngy/micro_ros/install/builtin_interfaces/include/builtin_interfaces/msg/rosidl_typesupport_microxrcedds_c__visibility_control.h
-- Installing: /home/ngy/micro_ros/install/builtin_interfaces/lib/libbuiltin_interfaces__rosidl_typesupport_microxrcedds_c.so
-- Set runtime path of "/home/ngy/micro_ros/install/builtin_interfaces/lib/libbuiltin_interfaces__rosidl_typesupport_microxrcedds_c.so" to ""
-- Up-to-date: /home/ngy/micro_ros/install/builtin_interfaces/include/builtin_interfaces
-- Up-to-date: /home/ngy/micro_ros/install/builtin_interfaces/include/builtin_interfaces/msg
-- Up-to-date: /home/ngy/micro_ros/install/builtin_interfaces/include/builtin_interfaces/msg/detail
-- Installing: /home/ngy/micro_ros/install/builtin_interfaces/include/builtin_interfaces/msg/detail/duration__rosidl_typesupport_fastrtps_c.h
-- Installing: /home/ngy/micro_ros/install/builtin_interfaces/include/builtin_interfaces/msg/detail/time__rosidl_typesupport_fastrtps_c.h
-- Installing: /home/ngy/micro_ros/install/builtin_interfaces/include/builtin_interfaces/msg/rosidl_typesupport_fastrtps_c__visibility_control.h
-- Installing: /home/ngy/micro_ros/install/builtin_interfaces/lib/libbuiltin_interfaces__rosidl_typesupport_fastrtps_c.so
-- Set runtime path of "/home/ngy/micro_ros/install/builtin_interfaces/lib/libbuiltin_interfaces__rosidl_typesupport_fastrtps_c.so" to ""
-- Up-to-date: /home/ngy/micro_ros/install/builtin_interfaces/include/builtin_interfaces
-- Up-to-date: /home/ngy/micro_ros/install/builtin_interfaces/include/builtin_interfaces/msg
-- Installing: /home/ngy/micro_ros/install/builtin_interfaces/include/builtin_interfaces/msg/rosidl_typesupport_fastrtps_cpp__visibility_control.h
-- Up-to-date: /home/ngy/micro_ros/install/builtin_interfaces/include/builtin_interfaces/msg/detail
-- Installing: /home/ngy/micro_ros/install/builtin_interfaces/include/builtin_interfaces/msg/detail/duration__rosidl_typesupport_fastrtps_cpp.hpp
-- Installing: /home/ngy/micro_ros/install/builtin_interfaces/include/builtin_interfaces/msg/detail/dds_fastrtps
-- Installing: /home/ngy/micro_ros/install/builtin_interfaces/include/builtin_interfaces/msg/detail/time__rosidl_typesupport_fastrtps_cpp.hpp
-- Installing: /home/ngy/micro_ros/install/builtin_interfaces/lib/libbuiltin_interfaces__rosidl_typesupport_fastrtps_cpp.so
-- Set runtime path of "/home/ngy/micro_ros/install/builtin_interfaces/lib/libbuiltin_interfaces__rosidl_typesupport_fastrtps_cpp.so" to ""
-- Up-to-date: /home/ngy/micro_ros/install/builtin_interfaces/include/builtin_interfaces
-- Up-to-date: /home/ngy/micro_ros/install/builtin_interfaces/include/builtin_interfaces/msg
-- Installing: /home/ngy/micro_ros/install/builtin_interfaces/include/builtin_interfaces/msg/rosidl_typesupport_introspection_c__visibility_control.h
-- Up-to-date: /home/ngy/micro_ros/install/builtin_interfaces/include/builtin_interfaces/msg/detail
-- Installing: /home/ngy/micro_ros/install/builtin_interfaces/include/builtin_interfaces/msg/detail/duration__type_support.c
-- Installing: /home/ngy/micro_ros/install/builtin_interfaces/include/builtin_interfaces/msg/detail/time__type_support.c
-- Installing: /home/ngy/micro_ros/install/builtin_interfaces/include/builtin_interfaces/msg/detail/duration__rosidl_typesupport_introspection_c.h
-- Installing: /home/ngy/micro_ros/install/builtin_interfaces/include/builtin_interfaces/msg/detail/time__rosidl_typesupport_introspection_c.h
-- Installing: /home/ngy/micro_ros/install/builtin_interfaces/lib/libbuiltin_interfaces__rosidl_typesupport_introspection_c.so
-- Set runtime path of "/home/ngy/micro_ros/install/builtin_interfaces/lib/libbuiltin_interfaces__rosidl_typesupport_introspection_c.so" to ""
-- Installing: /home/ngy/micro_ros/install/builtin_interfaces/lib/libbuiltin_interfaces__rosidl_typesupport_c.so
-- Set runtime path of "/home/ngy/micro_ros/install/builtin_interfaces/lib/libbuiltin_interfaces__rosidl_typesupport_c.so" to ""
-- Up-to-date: /home/ngy/micro_ros/install/builtin_interfaces/include/builtin_interfaces
-- Up-to-date: /home/ngy/micro_ros/install/builtin_interfaces/include/builtin_interfaces/msg
-- Installing: /home/ngy/micro_ros/install/builtin_interfaces/include/builtin_interfaces/msg/time.hpp
-- Installing: /home/ngy/micro_ros/install/builtin_interfaces/include/builtin_interfaces/msg/duration.hpp
-- Up-to-date: /home/ngy/micro_ros/install/builtin_interfaces/include/builtin_interfaces/msg/detail
-- Installing: /home/ngy/micro_ros/install/builtin_interfaces/include/builtin_interfaces/msg/detail/time__struct.hpp
-- Installing: /home/ngy/micro_ros/install/builtin_interfaces/include/builtin_interfaces/msg/detail/duration__traits.hpp
-- Installing: /home/ngy/micro_ros/install/builtin_interfaces/include/builtin_interfaces/msg/detail/duration__struct.hpp
-- Installing: /home/ngy/micro_ros/install/builtin_interfaces/include/builtin_interfaces/msg/detail/time__traits.hpp
-- Installing: /home/ngy/micro_ros/install/builtin_interfaces/include/builtin_interfaces/msg/detail/duration__builder.hpp
-- Installing: /home/ngy/micro_ros/install/builtin_interfaces/include/builtin_interfaces/msg/detail/time__builder.hpp
-- Up-to-date: /home/ngy/micro_ros/install/builtin_interfaces/include/builtin_interfaces
-- Up-to-date: /home/ngy/micro_ros/install/builtin_interfaces/include/builtin_interfaces/msg
-- Up-to-date: /home/ngy/micro_ros/install/builtin_interfaces/include/builtin_interfaces/msg/detail
-- Up-to-date: /home/ngy/micro_ros/install/builtin_interfaces/include/builtin_interfaces/msg/detail/microxrcedds
-- Installing: /home/ngy/micro_ros/install/builtin_interfaces/include/builtin_interfaces/msg/detail/microxrcedds/duration__type_support_cpp.cpp
-- Installing: /home/ngy/micro_ros/install/builtin_interfaces/include/builtin_interfaces/msg/detail/microxrcedds/time__type_support_cpp.cpp
-- Installing: /home/ngy/micro_ros/install/builtin_interfaces/include/builtin_interfaces/msg/detail/duration__rosidl_typesupport_microxrcedds_cpp.hpp
-- Installing: /home/ngy/micro_ros/install/builtin_interfaces/include/builtin_interfaces/msg/detail/time__rosidl_typesupport_microxrcedds_cpp.hpp
-- Installing: /home/ngy/micro_ros/install/builtin_interfaces/include/builtin_interfaces/msg/rosidl_typesupport_microxrcedds_cpp__visibility_control.h
-- Installing: /home/ngy/micro_ros/install/builtin_interfaces/lib/libbuiltin_interfaces__rosidl_typesupport_microxrcedds_cpp.so
-- Set runtime path of "/home/ngy/micro_ros/install/builtin_interfaces/lib/libbuiltin_interfaces__rosidl_typesupport_microxrcedds_cpp.so" to ""
-- Up-to-date: /home/ngy/micro_ros/install/builtin_interfaces/include/builtin_interfaces
-- Up-to-date: /home/ngy/micro_ros/install/builtin_interfaces/include/builtin_interfaces/msg
-- Up-to-date: /home/ngy/micro_ros/install/builtin_interfaces/include/builtin_interfaces/msg/detail
-- Installing: /home/ngy/micro_ros/install/builtin_interfaces/include/builtin_interfaces/msg/detail/duration__rosidl_typesupport_introspection_cpp.hpp
-- Installing: /home/ngy/micro_ros/install/builtin_interfaces/include/builtin_interfaces/msg/detail/time__type_support.cpp
-- Installing: /home/ngy/micro_ros/install/builtin_interfaces/include/builtin_interfaces/msg/detail/time__rosidl_typesupport_introspection_cpp.hpp
-- Installing: /home/ngy/micro_ros/install/builtin_interfaces/include/builtin_interfaces/msg/detail/duration__type_support.cpp
-- Installing: /home/ngy/micro_ros/install/builtin_interfaces/lib/libbuiltin_interfaces__rosidl_typesupport_introspection_cpp.so
-- Set runtime path of "/home/ngy/micro_ros/install/builtin_interfaces/lib/libbuiltin_interfaces__rosidl_typesupport_introspection_cpp.so" to ""
-- Installing: /home/ngy/micro_ros/install/builtin_interfaces/lib/libbuiltin_interfaces__rosidl_typesupport_cpp.so
-- Set runtime path of "/home/ngy/micro_ros/install/builtin_interfaces/lib/libbuiltin_interfaces__rosidl_typesupport_cpp.so" to ""
-- Installing: /home/ngy/micro_ros/install/builtin_interfaces/share/builtin_interfaces/environment/pythonpath.sh
-- Installing: /home/ngy/micro_ros/install/builtin_interfaces/share/builtin_interfaces/environment/pythonpath.dsv
-- Installing: /home/ngy/micro_ros/install/builtin_interfaces/lib/python3.8/site-packages/builtin_interfaces/__init__.py
Compiling '/home/ngy/micro_ros/install/builtin_interfaces/lib/python3.8/site-packages/builtin_interfaces/__init__.py'...
-- Installing: /home/ngy/micro_ros/install/builtin_interfaces/lib/python3.8/site-packages/builtin_interfaces/msg
-- Installing: /home/ngy/micro_ros/install/builtin_interfaces/lib/python3.8/site-packages/builtin_interfaces/msg/_time.py
-- Installing: /home/ngy/micro_ros/install/builtin_interfaces/lib/python3.8/site-packages/builtin_interfaces/msg/_duration_s.c
-- Installing: /home/ngy/micro_ros/install/builtin_interfaces/lib/python3.8/site-packages/builtin_interfaces/msg/_duration.py
-- Installing: /home/ngy/micro_ros/install/builtin_interfaces/lib/python3.8/site-packages/builtin_interfaces/msg/_time_s.c
-- Installing: /home/ngy/micro_ros/install/builtin_interfaces/lib/python3.8/site-packages/builtin_interfaces/msg/__init__.py
-- Installing: /home/ngy/micro_ros/install/builtin_interfaces/lib/python3.8/site-packages/builtin_interfaces/builtin_interfaces_s__rosidl_typesupport_microxrcedds_c.cpython-38-x86_64-linux-gnu.so
-- Set runtime path of "/home/ngy/micro_ros/install/builtin_interfaces/lib/python3.8/site-packages/builtin_interfaces/builtin_interfaces_s__rosidl_typesupport_microxrcedds_c.cpython-38-x86_64-linux-gnu.so" to ""
-- Installing: /home/ngy/micro_ros/install/builtin_interfaces/lib/python3.8/site-packages/builtin_interfaces/builtin_interfaces_s__rosidl_typesupport_fastrtps_c.cpython-38-x86_64-linux-gnu.so
-- Set runtime path of "/home/ngy/micro_ros/install/builtin_interfaces/lib/python3.8/site-packages/builtin_interfaces/builtin_interfaces_s__rosidl_typesupport_fastrtps_c.cpython-38-x86_64-linux-gnu.so" to ""
-- Installing: /home/ngy/micro_ros/install/builtin_interfaces/lib/python3.8/site-packages/builtin_interfaces/builtin_interfaces_s__rosidl_typesupport_introspection_c.cpython-38-x86_64-linux-gnu.so
-- Set runtime path of "/home/ngy/micro_ros/install/builtin_interfaces/lib/python3.8/site-packages/builtin_interfaces/builtin_interfaces_s__rosidl_typesupport_introspection_c.cpython-38-x86_64-linux-gnu.so" to ""
-- Installing: /home/ngy/micro_ros/install/builtin_interfaces/lib/python3.8/site-packages/builtin_interfaces/builtin_interfaces_s__rosidl_typesupport_c.cpython-38-x86_64-linux-gnu.so
-- Set runtime path of "/home/ngy/micro_ros/install/builtin_interfaces/lib/python3.8/site-packages/builtin_interfaces/builtin_interfaces_s__rosidl_typesupport_c.cpython-38-x86_64-linux-gnu.so" to ""
-- Installing: /home/ngy/micro_ros/install/builtin_interfaces/lib/libbuiltin_interfaces__python.so
-- Set runtime path of "/home/ngy/micro_ros/install/builtin_interfaces/lib/libbuiltin_interfaces__python.so" to ""
-- Installing: /home/ngy/micro_ros/install/builtin_interfaces/share/builtin_interfaces/msg/Duration.idl
-- Installing: /home/ngy/micro_ros/install/builtin_interfaces/share/builtin_interfaces/msg/Time.idl
-- Installing: /home/ngy/micro_ros/install/builtin_interfaces/share/builtin_interfaces/msg/Duration.msg
-- Installing: /home/ngy/micro_ros/install/builtin_interfaces/share/builtin_interfaces/msg/Time.msg
-- Installing: /home/ngy/micro_ros/install/builtin_interfaces/share/ament_index/resource_index/package_run_dependencies/builtin_interfaces
-- Installing: /home/ngy/micro_ros/install/builtin_interfaces/share/ament_index/resource_index/parent_prefix_path/builtin_interfaces
-- Installing: /home/ngy/micro_ros/install/builtin_interfaces/share/builtin_interfaces/environment/ament_prefix_path.sh
-- Installing: /home/ngy/micro_ros/install/builtin_interfaces/share/builtin_interfaces/environment/ament_prefix_path.dsv
-- Installing: /home/ngy/micro_ros/install/builtin_interfaces/share/builtin_interfaces/environment/path.sh
-- Installing: /home/ngy/micro_ros/install/builtin_interfaces/share/builtin_interfaces/environment/path.dsv
-- Installing: /home/ngy/micro_ros/install/builtin_interfaces/share/builtin_interfaces/local_setup.bash
-- Installing: /home/ngy/micro_ros/install/builtin_interfaces/share/builtin_interfaces/local_setup.sh
-- Installing: /home/ngy/micro_ros/install/builtin_interfaces/share/builtin_interfaces/local_setup.zsh
-- Installing: /home/ngy/micro_ros/install/builtin_interfaces/share/builtin_interfaces/local_setup.dsv
-- Installing: /home/ngy/micro_ros/install/builtin_interfaces/share/builtin_interfaces/package.dsv
-- Installing: /home/ngy/micro_ros/install/builtin_interfaces/share/ament_index/resource_index/packages/builtin_interfaces
-- Installing: /home/ngy/micro_ros/install/builtin_interfaces/share/builtin_interfaces/cmake/builtin_interfaces__rosidl_generator_cExport.cmake
-- Installing: /home/ngy/micro_ros/install/builtin_interfaces/share/builtin_interfaces/cmake/builtin_interfaces__rosidl_generator_cExport-noconfig.cmake
-- Installing: /home/ngy/micro_ros/install/builtin_interfaces/share/builtin_interfaces/cmake/builtin_interfaces__rosidl_typesupport_introspection_cExport.cmake
-- Installing: /home/ngy/micro_ros/install/builtin_interfaces/share/builtin_interfaces/cmake/builtin_interfaces__rosidl_typesupport_introspection_cExport-noconfig.cmake
-- Installing: /home/ngy/micro_ros/install/builtin_interfaces/share/builtin_interfaces/cmake/builtin_interfaces__rosidl_typesupport_cExport.cmake
-- Installing: /home/ngy/micro_ros/install/builtin_interfaces/share/builtin_interfaces/cmake/builtin_interfaces__rosidl_typesupport_cExport-noconfig.cmake
-- Installing: /home/ngy/micro_ros/install/builtin_interfaces/share/builtin_interfaces/cmake/builtin_interfaces__rosidl_generator_cppExport.cmake
-- Installing: /home/ngy/micro_ros/install/builtin_interfaces/share/builtin_interfaces/cmake/builtin_interfaces__rosidl_typesupport_introspection_cppExport.cmake
-- Installing: /home/ngy/micro_ros/install/builtin_interfaces/share/builtin_interfaces/cmake/builtin_interfaces__rosidl_typesupport_introspection_cppExport-noconfig.cmake
-- Installing: /home/ngy/micro_ros/install/builtin_interfaces/share/builtin_interfaces/cmake/builtin_interfaces__rosidl_typesupport_cppExport.cmake
-- Installing: /home/ngy/micro_ros/install/builtin_interfaces/share/builtin_interfaces/cmake/builtin_interfaces__rosidl_typesupport_cppExport-noconfig.cmake
-- Installing: /home/ngy/micro_ros/install/builtin_interfaces/share/builtin_interfaces/cmake/rosidl_cmake-extras.cmake
-- Installing: /home/ngy/micro_ros/install/builtin_interfaces/share/builtin_interfaces/cmake/ament_cmake_export_dependencies-extras.cmake
-- Installing: /home/ngy/micro_ros/install/builtin_interfaces/share/builtin_interfaces/cmake/ament_cmake_export_libraries-extras.cmake
-- Installing: /home/ngy/micro_ros/install/builtin_interfaces/share/builtin_interfaces/cmake/ament_cmake_export_targets-extras.cmake
-- Installing: /home/ngy/micro_ros/install/builtin_interfaces/share/builtin_interfaces/cmake/ament_cmake_export_include_directories-extras.cmake
-- Installing: /home/ngy/micro_ros/install/builtin_interfaces/share/builtin_interfaces/cmake/rosidl_cmake_export_typesupport_libraries-extras.cmake
-- Installing: /home/ngy/micro_ros/install/builtin_interfaces/share/builtin_interfaces/cmake/rosidl_cmake_export_typesupport_targets-extras.cmake
-- Installing: /home/ngy/micro_ros/install/builtin_interfaces/share/builtin_interfaces/cmake/builtin_interfacesConfig.cmake
-- Installing: /home/ngy/micro_ros/install/builtin_interfaces/share/builtin_interfaces/cmake/builtin_interfacesConfig-version.cmake
-- Installing: /home/ngy/micro_ros/install/builtin_interfaces/share/builtin_interfaces/package.xml
