[0.064s] Invoking command in '/home/ngy/micro_ros/build/builtin_interfaces': CMAKE_PREFIX_PATH=${CMAKE_PREFIX_PATH}:/home/ngy/microros_ws/install/sensor_msgs_py:/opt/ros/foxy /usr/bin/cmake /home/ngy/micro_ros/src/ros2/rcl_interfaces/builtin_interfaces -DBUILD_TESTING=OFF -DBUILD_SHARED_LIBS=ON -DCMAKE_INSTALL_PREFIX=/home/ngy/micro_ros/install/builtin_interfaces
[0.133s] -- The C compiler identification is GNU 9.4.0
[0.204s] -- The CXX compiler identification is GNU 9.4.0
[0.216s] -- Check for working C compiler: /usr/bin/cc
[0.301s] -- Check for working C compiler: /usr/bin/cc -- works
[0.304s] -- Detecting C compiler ABI info
[0.394s] -- Detecting C compiler ABI info - done
[0.414s] -- Detecting C compile features
[0.414s] -- Detecting C compile features - done
[0.417s] -- Check for working CXX compiler: /usr/bin/c++
[0.533s] -- Check for working CXX compiler: /usr/bin/c++ -- works
[0.536s] -- Detecting CXX compiler ABI info
[0.689s] -- Detecting CXX compiler ABI info - done
[0.690s] -- Detecting CXX compile features
[0.690s] -- Detecting CXX compile features - done
[0.690s] -- Found ament_cmake: 0.9.11 (/opt/ros/foxy/share/ament_cmake/cmake)
[0.722s] -- Found PythonInterp: /usr/bin/python3 (found suitable version "3.8.10", minimum required is "3") 
[0.722s] -- Using PYTHON_EXECUTABLE: /usr/bin/python3
[0.950s] -- Found rosidl_default_generators: 1.0.1 (/opt/ros/foxy/share/rosidl_default_generators/cmake)
[0.963s] -- Using all available rosidl_typesupport_c: rosidl_typesupport_microxrcedds_c;rosidl_typesupport_fastrtps_c;rosidl_typesupport_introspection_c
[0.972s] -- Found rosidl_adapter: 1.3.0 (/opt/ros/foxy/share/rosidl_adapter/cmake)
[1.136s] -- Found OpenSSL: /usr/lib/x86_64-linux-gnu/libcrypto.so (found version "1.1.1f")  
[1.211s] -- Found FastRTPS: /opt/ros/foxy/include  
[1.397s] -- Using all available rosidl_typesupport_cpp: rosidl_typesupport_microxrcedds_cpp;rosidl_typesupport_fastrtps_cpp;rosidl_typesupport_introspection_cpp
[1.519s] -- Found PythonInterp: /usr/bin/python3 (found version "3.8.10") 
[1.765s] -- Found ament_cmake_ros: 0.9.2 (/opt/ros/foxy/share/ament_cmake_ros/cmake)
[1.934s] -- Using all available rosidl_typesupport_c: rosidl_typesupport_microxrcedds_c;rosidl_typesupport_fastrtps_c;rosidl_typesupport_introspection_c
[1.964s] -- Using all available rosidl_typesupport_cpp: rosidl_typesupport_microxrcedds_cpp;rosidl_typesupport_fastrtps_cpp;rosidl_typesupport_introspection_cpp
[2.013s] -- Found PythonInterp: /usr/bin/python3 (found suitable version "3.8.10", minimum required is "3.5") 
[2.016s] -- Found python_cmake_module: 0.8.1 (/opt/ros/foxy/share/python_cmake_module/cmake)
[2.069s] -- Found PythonLibs: /usr/lib/x86_64-linux-gnu/libpython3.8.so (found suitable version "3.8.10", minimum required is "3.5") 
[2.070s] -- Using PYTHON_EXECUTABLE: /usr/bin/python3
[2.070s] -- Using PYTHON_INCLUDE_DIRS: /usr/include/python3.8
[2.070s] -- Using PYTHON_LIBRARIES: /usr/lib/x86_64-linux-gnu/libpython3.8.so
[2.113s] -- Found PythonExtra: .so  
[2.242s] -- Configuring done
[2.326s] -- Generating done
[2.333s] -- Build files have been written to: /home/ngy/micro_ros/build/builtin_interfaces
[2.345s] Invoked command in '/home/ngy/micro_ros/build/builtin_interfaces' returned '0': CMAKE_PREFIX_PATH=${CMAKE_PREFIX_PATH}:/home/ngy/microros_ws/install/sensor_msgs_py:/opt/ros/foxy /usr/bin/cmake /home/ngy/micro_ros/src/ros2/rcl_interfaces/builtin_interfaces -DBUILD_TESTING=OFF -DBUILD_SHARED_LIBS=ON -DCMAKE_INSTALL_PREFIX=/home/ngy/micro_ros/install/builtin_interfaces
[2.346s] Invoking command in '/home/ngy/micro_ros/build/builtin_interfaces': CMAKE_PREFIX_PATH=${CMAKE_PREFIX_PATH}:/home/ngy/microros_ws/install/sensor_msgs_py:/opt/ros/foxy /usr/bin/cmake --build /home/ngy/micro_ros/build/builtin_interfaces -- -j12 -l12
[2.421s] [  2%] [34m[1mGenerating C code for ROS interfaces[0m
[2.421s] [35m[1mScanning dependencies of target builtin_interfaces__cpp[0m
[2.442s] [  4%] [34m[1mGenerating C++ code for ROS interfaces[0m
[2.954s] [  4%] Built target builtin_interfaces__cpp
[2.974s] [  6%] [34m[1mGenerating C++ introspection for ROS interfaces[0m
[2.974s] [ 10%] [34m[1mGenerating C++ type support dispatch for ROS interfaces[0m
[2.974s] [ 10%] [34m[1mGenerating C++ type support for eProsima Fast-RTPS[0m
[2.975s] [ 12%] [34m[1mGenerating C++ type support for eProsima Micro XRCE-DDS[0m
[3.143s] [35m[1mScanning dependencies of target builtin_interfaces__rosidl_generator_c[0m
[3.200s] [ 14%] [32mBuilding C object CMakeFiles/builtin_interfaces__rosidl_generator_c.dir/rosidl_generator_c/builtin_interfaces/msg/detail/duration__functions.c.o[0m
[3.227s] [ 16%] [32mBuilding C object CMakeFiles/builtin_interfaces__rosidl_generator_c.dir/rosidl_generator_c/builtin_interfaces/msg/detail/time__functions.c.o[0m
[3.446s] [ 18%] [32m[1mLinking C shared library libbuiltin_interfaces__rosidl_generator_c.so[0m
[3.489s] [35m[1mScanning dependencies of target builtin_interfaces__rosidl_typesupport_cpp[0m
[3.522s] [ 20%] [32mBuilding CXX object CMakeFiles/builtin_interfaces__rosidl_typesupport_cpp.dir/rosidl_typesupport_cpp/builtin_interfaces/msg/time__type_support.cpp.o[0m
[3.552s] [ 22%] [32mBuilding CXX object CMakeFiles/builtin_interfaces__rosidl_typesupport_cpp.dir/rosidl_typesupport_cpp/builtin_interfaces/msg/duration__type_support.cpp.o[0m
[3.662s] [35m[1mScanning dependencies of target builtin_interfaces__rosidl_typesupport_introspection_cpp[0m
[3.675s] [ 22%] Built target builtin_interfaces__rosidl_generator_c
[3.720s] [ 24%] [32mBuilding CXX object CMakeFiles/builtin_interfaces__rosidl_typesupport_introspection_cpp.dir/rosidl_typesupport_introspection_cpp/builtin_interfaces/msg/detail/duration__type_support.cpp.o[0m
[3.725s] [35m[1mScanning dependencies of target builtin_interfaces__rosidl_typesupport_fastrtps_cpp[0m
[3.748s] [ 26%] [32mBuilding CXX object CMakeFiles/builtin_interfaces__rosidl_typesupport_introspection_cpp.dir/rosidl_typesupport_introspection_cpp/builtin_interfaces/msg/detail/time__type_support.cpp.o[0m
[3.762s] [ 28%] [34m[1mGenerating C introspection for ROS interfaces[0m
[3.766s] [ 30%] [34m[1mGenerating C type support for eProsima Micro XRCE-DDS[0m
[3.781s] [ 32%] [34m[1mGenerating C type support dispatch for ROS interfaces[0m
[3.846s] [ 34%] [32mBuilding CXX object CMakeFiles/builtin_interfaces__rosidl_typesupport_fastrtps_cpp.dir/rosidl_typesupport_fastrtps_cpp/builtin_interfaces/msg/detail/dds_fastrtps/duration__type_support.cpp.o[0m
[3.855s] [ 36%] [32mBuilding CXX object CMakeFiles/builtin_interfaces__rosidl_typesupport_fastrtps_cpp.dir/rosidl_typesupport_fastrtps_cpp/builtin_interfaces/msg/detail/dds_fastrtps/time__type_support.cpp.o[0m
[3.951s] [35m[1mScanning dependencies of target builtin_interfaces__rosidl_typesupport_microxrcedds_cpp[0m
[4.069s] [ 38%] [32mBuilding CXX object CMakeFiles/builtin_interfaces__rosidl_typesupport_microxrcedds_cpp.dir/rosidl_typesupport_microxrcedds_cpp/builtin_interfaces/msg/detail/microxrcedds/duration__type_support_cpp.cpp.o[0m
[4.093s] [ 40%] [32mBuilding CXX object CMakeFiles/builtin_interfaces__rosidl_typesupport_microxrcedds_cpp.dir/rosidl_typesupport_microxrcedds_cpp/builtin_interfaces/msg/detail/microxrcedds/time__type_support_cpp.cpp.o[0m
[4.591s] [35m[1mScanning dependencies of target builtin_interfaces__rosidl_typesupport_c[0m
[4.668s] [ 42%] [32mBuilding CXX object CMakeFiles/builtin_interfaces__rosidl_typesupport_c.dir/rosidl_typesupport_c/builtin_interfaces/msg/duration__type_support.cpp.o[0m
[4.672s] [35m[1mScanning dependencies of target builtin_interfaces__rosidl_typesupport_microxrcedds_c[0m
[4.674s] [ 44%] [32mBuilding CXX object CMakeFiles/builtin_interfaces__rosidl_typesupport_c.dir/rosidl_typesupport_c/builtin_interfaces/msg/time__type_support.cpp.o[0m
[4.744s] [ 46%] [32mBuilding C object CMakeFiles/builtin_interfaces__rosidl_typesupport_microxrcedds_c.dir/rosidl_typesupport_microxrcedds_c/builtin_interfaces/msg/detail/microxrcedds/duration__type_support_c.c.o[0m
[4.754s] [ 48%] [32mBuilding C object CMakeFiles/builtin_interfaces__rosidl_typesupport_microxrcedds_c.dir/rosidl_typesupport_microxrcedds_c/builtin_interfaces/msg/detail/microxrcedds/time__type_support_c.c.o[0m
[4.764s] [ 51%] [32m[1mLinking CXX shared library libbuiltin_interfaces__rosidl_typesupport_c.so[0m
[4.873s] [ 53%] [32m[1mLinking CXX shared library libbuiltin_interfaces__rosidl_typesupport_cpp.so[0m
[4.919s] [ 55%] [32m[1mLinking C shared library libbuiltin_interfaces__rosidl_typesupport_microxrcedds_c.so[0m
[4.932s] [ 55%] Built target builtin_interfaces__rosidl_typesupport_c
[4.953s] [ 57%] [32m[1mLinking CXX shared library libbuiltin_interfaces__rosidl_typesupport_introspection_cpp.so[0m
[4.975s] [ 59%] [32m[1mLinking CXX shared library libbuiltin_interfaces__rosidl_typesupport_microxrcedds_cpp.so[0m
[5.010s] [ 59%] Built target builtin_interfaces__rosidl_typesupport_microxrcedds_c
[5.021s] [ 61%] [32m[1mLinking CXX shared library libbuiltin_interfaces__rosidl_typesupport_fastrtps_cpp.so[0m
[5.039s] [ 61%] Built target builtin_interfaces__rosidl_typesupport_cpp
[5.100s] [ 61%] Built target builtin_interfaces__rosidl_typesupport_introspection_cpp
[5.155s] [ 61%] Built target builtin_interfaces__rosidl_typesupport_microxrcedds_cpp
[5.293s] [35m[1mScanning dependencies of target builtin_interfaces__rosidl_typesupport_introspection_c[0m
[5.302s] [ 61%] Built target builtin_interfaces__rosidl_typesupport_fastrtps_cpp
[5.369s] [ 63%] [32mBuilding C object CMakeFiles/builtin_interfaces__rosidl_typesupport_introspection_c.dir/rosidl_typesupport_introspection_c/builtin_interfaces/msg/detail/duration__type_support.c.o[0m
[5.376s] [ 65%] [32mBuilding C object CMakeFiles/builtin_interfaces__rosidl_typesupport_introspection_c.dir/rosidl_typesupport_introspection_c/builtin_interfaces/msg/detail/time__type_support.c.o[0m
[5.402s] [ 67%] [34m[1mGenerating C type support for eProsima Fast-RTPS[0m
[5.523s] [ 69%] [32m[1mLinking C shared library libbuiltin_interfaces__rosidl_typesupport_introspection_c.so[0m
[5.649s] [ 69%] Built target builtin_interfaces__rosidl_typesupport_introspection_c
[6.695s] [35m[1mScanning dependencies of target builtin_interfaces__rosidl_typesupport_fastrtps_c[0m
[6.779s] [ 71%] [32mBuilding CXX object CMakeFiles/builtin_interfaces__rosidl_typesupport_fastrtps_c.dir/rosidl_typesupport_fastrtps_c/builtin_interfaces/msg/detail/duration__type_support_c.cpp.o[0m
[6.785s] [ 73%] [32mBuilding CXX object CMakeFiles/builtin_interfaces__rosidl_typesupport_fastrtps_c.dir/rosidl_typesupport_fastrtps_c/builtin_interfaces/msg/detail/time__type_support_c.cpp.o[0m
[7.509s] [ 75%] [32m[1mLinking CXX shared library libbuiltin_interfaces__rosidl_typesupport_fastrtps_c.so[0m
[7.707s] [ 75%] Built target builtin_interfaces__rosidl_typesupport_fastrtps_c
[7.733s] [35m[1mScanning dependencies of target builtin_interfaces[0m
[7.765s] [ 75%] Built target builtin_interfaces
[7.819s] [35m[1mScanning dependencies of target builtin_interfaces__py[0m
[7.855s] [ 77%] [34m[1mGenerating Python code for ROS interfaces[0m
[9.184s] [ 77%] Built target builtin_interfaces__py
[9.236s] [35m[1mScanning dependencies of target builtin_interfaces__python[0m
[9.304s] [ 79%] [32mBuilding C object CMakeFiles/builtin_interfaces__python.dir/rosidl_generator_py/builtin_interfaces/msg/_duration_s.c.o[0m
[9.317s] [ 81%] [32mBuilding C object CMakeFiles/builtin_interfaces__python.dir/rosidl_generator_py/builtin_interfaces/msg/_time_s.c.o[0m
[9.568s] [ 83%] [32m[1mLinking C shared library rosidl_generator_py/builtin_interfaces/libbuiltin_interfaces__python.so[0m
[9.743s] [ 83%] Built target builtin_interfaces__python
[9.793s] [35m[1mScanning dependencies of target builtin_interfaces__rosidl_typesupport_microxrcedds_c__pyext[0m
[9.799s] [35m[1mScanning dependencies of target builtin_interfaces__rosidl_typesupport_c__pyext[0m
[9.806s] [35m[1mScanning dependencies of target builtin_interfaces__rosidl_typesupport_introspection_c__pyext[0m
[9.820s] [35m[1mScanning dependencies of target builtin_interfaces__rosidl_typesupport_fastrtps_c__pyext[0m
[9.866s] [ 85%] [32mBuilding C object CMakeFiles/builtin_interfaces__rosidl_typesupport_microxrcedds_c__pyext.dir/rosidl_generator_py/builtin_interfaces/_builtin_interfaces_s.ep.rosidl_typesupport_microxrcedds_c.c.o[0m
[9.869s] [ 87%] [32mBuilding C object CMakeFiles/builtin_interfaces__rosidl_typesupport_c__pyext.dir/rosidl_generator_py/builtin_interfaces/_builtin_interfaces_s.ep.rosidl_typesupport_c.c.o[0m
[9.890s] [ 89%] [32mBuilding C object CMakeFiles/builtin_interfaces__rosidl_typesupport_introspection_c__pyext.dir/rosidl_generator_py/builtin_interfaces/_builtin_interfaces_s.ep.rosidl_typesupport_introspection_c.c.o[0m
[9.900s] [ 91%] [32mBuilding C object CMakeFiles/builtin_interfaces__rosidl_typesupport_fastrtps_c__pyext.dir/rosidl_generator_py/builtin_interfaces/_builtin_interfaces_s.ep.rosidl_typesupport_fastrtps_c.c.o[0m
[10.055s] [ 93%] [32m[1mLinking C shared library rosidl_generator_py/builtin_interfaces/builtin_interfaces_s__rosidl_typesupport_microxrcedds_c.cpython-38-x86_64-linux-gnu.so[0m
[10.086s] [ 95%] [32m[1mLinking C shared library rosidl_generator_py/builtin_interfaces/builtin_interfaces_s__rosidl_typesupport_c.cpython-38-x86_64-linux-gnu.so[0m
[10.098s] [ 97%] [32m[1mLinking C shared library rosidl_generator_py/builtin_interfaces/builtin_interfaces_s__rosidl_typesupport_introspection_c.cpython-38-x86_64-linux-gnu.so[0m
[10.103s] [100%] [32m[1mLinking CXX shared library rosidl_generator_py/builtin_interfaces/builtin_interfaces_s__rosidl_typesupport_fastrtps_c.cpython-38-x86_64-linux-gnu.so[0m
[10.127s] [100%] Built target builtin_interfaces__rosidl_typesupport_microxrcedds_c__pyext
[10.148s] [100%] Built target builtin_interfaces__rosidl_typesupport_c__pyext
[10.163s] [100%] Built target builtin_interfaces__rosidl_typesupport_introspection_c__pyext
[10.217s] [100%] Built target builtin_interfaces__rosidl_typesupport_fastrtps_c__pyext
[10.233s] Invoked command in '/home/ngy/micro_ros/build/builtin_interfaces' returned '0': CMAKE_PREFIX_PATH=${CMAKE_PREFIX_PATH}:/home/ngy/microros_ws/install/sensor_msgs_py:/opt/ros/foxy /usr/bin/cmake --build /home/ngy/micro_ros/build/builtin_interfaces -- -j12 -l12
[10.406s] Invoking command in '/home/ngy/micro_ros/build/builtin_interfaces': CMAKE_PREFIX_PATH=${CMAKE_PREFIX_PATH}:/home/ngy/microros_ws/install/sensor_msgs_py:/opt/ros/foxy /usr/bin/cmake --install /home/ngy/micro_ros/build/builtin_interfaces
[10.416s] -- Install configuration: ""
[10.416s] -- Installing: /home/ngy/micro_ros/install/builtin_interfaces/share/ament_index/resource_index/rosidl_interfaces/builtin_interfaces
[10.417s] -- Installing: /home/ngy/micro_ros/install/builtin_interfaces/include/builtin_interfaces
[10.417s] -- Installing: /home/ngy/micro_ros/install/builtin_interfaces/include/builtin_interfaces/msg
[10.417s] -- Installing: /home/ngy/micro_ros/install/builtin_interfaces/include/builtin_interfaces/msg/time.h
[10.417s] -- Installing: /home/ngy/micro_ros/install/builtin_interfaces/include/builtin_interfaces/msg/detail
[10.417s] -- Installing: /home/ngy/micro_ros/install/builtin_interfaces/include/builtin_interfaces/msg/detail/time__functions.c
[10.417s] -- Installing: /home/ngy/micro_ros/install/builtin_interfaces/include/builtin_interfaces/msg/detail/duration__struct.h
[10.417s] -- Installing: /home/ngy/micro_ros/install/builtin_interfaces/include/builtin_interfaces/msg/detail/time__functions.h
[10.418s] -- Installing: /home/ngy/micro_ros/install/builtin_interfaces/include/builtin_interfaces/msg/detail/time__type_support.h
[10.418s] -- Installing: /home/ngy/micro_ros/install/builtin_interfaces/include/builtin_interfaces/msg/detail/duration__functions.h
[10.418s] -- Installing: /home/ngy/micro_ros/install/builtin_interfaces/include/builtin_interfaces/msg/detail/duration__functions.c
[10.418s] -- Installing: /home/ngy/micro_ros/install/builtin_interfaces/include/builtin_interfaces/msg/detail/time__struct.h
[10.418s] -- Installing: /home/ngy/micro_ros/install/builtin_interfaces/include/builtin_interfaces/msg/detail/duration__type_support.h
[10.418s] -- Installing: /home/ngy/micro_ros/install/builtin_interfaces/include/builtin_interfaces/msg/duration.h
[10.418s] -- Installing: /home/ngy/micro_ros/install/builtin_interfaces/include/builtin_interfaces/msg/rosidl_generator_c__visibility_control.h
[10.418s] -- Installing: /home/ngy/micro_ros/install/builtin_interfaces/share/builtin_interfaces/environment/library_path.sh
[10.419s] -- Installing: /home/ngy/micro_ros/install/builtin_interfaces/share/builtin_interfaces/environment/library_path.dsv
[10.419s] -- Installing: /home/ngy/micro_ros/install/builtin_interfaces/lib/libbuiltin_interfaces__rosidl_generator_c.so
[10.419s] -- Set runtime path of "/home/ngy/micro_ros/install/builtin_interfaces/lib/libbuiltin_interfaces__rosidl_generator_c.so" to ""
[10.419s] -- Up-to-date: /home/ngy/micro_ros/install/builtin_interfaces/include/builtin_interfaces
[10.419s] -- Up-to-date: /home/ngy/micro_ros/install/builtin_interfaces/include/builtin_interfaces/msg
[10.419s] -- Up-to-date: /home/ngy/micro_ros/install/builtin_interfaces/include/builtin_interfaces/msg/detail
[10.419s] -- Installing: /home/ngy/micro_ros/install/builtin_interfaces/include/builtin_interfaces/msg/detail/microxrcedds
[10.420s] -- Installing: /home/ngy/micro_ros/install/builtin_interfaces/include/builtin_interfaces/msg/detail/time__rosidl_typesupport_microxrcedds_c.h
[10.420s] -- Installing: /home/ngy/micro_ros/install/builtin_interfaces/include/builtin_interfaces/msg/detail/duration__rosidl_typesupport_microxrcedds_c.h
[10.420s] -- Installing: /home/ngy/micro_ros/install/builtin_interfaces/include/builtin_interfaces/msg/rosidl_typesupport_microxrcedds_c__visibility_control.h
[10.420s] -- Installing: /home/ngy/micro_ros/install/builtin_interfaces/lib/libbuiltin_interfaces__rosidl_typesupport_microxrcedds_c.so
[10.420s] -- Set runtime path of "/home/ngy/micro_ros/install/builtin_interfaces/lib/libbuiltin_interfaces__rosidl_typesupport_microxrcedds_c.so" to ""
[10.420s] -- Up-to-date: /home/ngy/micro_ros/install/builtin_interfaces/include/builtin_interfaces
[10.420s] -- Up-to-date: /home/ngy/micro_ros/install/builtin_interfaces/include/builtin_interfaces/msg
[10.421s] -- Up-to-date: /home/ngy/micro_ros/install/builtin_interfaces/include/builtin_interfaces/msg/detail
[10.421s] -- Installing: /home/ngy/micro_ros/install/builtin_interfaces/include/builtin_interfaces/msg/detail/duration__rosidl_typesupport_fastrtps_c.h
[10.421s] -- Installing: /home/ngy/micro_ros/install/builtin_interfaces/include/builtin_interfaces/msg/detail/time__rosidl_typesupport_fastrtps_c.h
[10.421s] -- Installing: /home/ngy/micro_ros/install/builtin_interfaces/include/builtin_interfaces/msg/rosidl_typesupport_fastrtps_c__visibility_control.h
[10.421s] -- Installing: /home/ngy/micro_ros/install/builtin_interfaces/lib/libbuiltin_interfaces__rosidl_typesupport_fastrtps_c.so
[10.421s] -- Set runtime path of "/home/ngy/micro_ros/install/builtin_interfaces/lib/libbuiltin_interfaces__rosidl_typesupport_fastrtps_c.so" to ""
[10.422s] -- Up-to-date: /home/ngy/micro_ros/install/builtin_interfaces/include/builtin_interfaces
[10.422s] -- Up-to-date: /home/ngy/micro_ros/install/builtin_interfaces/include/builtin_interfaces/msg
[10.422s] -- Installing: /home/ngy/micro_ros/install/builtin_interfaces/include/builtin_interfaces/msg/rosidl_typesupport_fastrtps_cpp__visibility_control.h
[10.422s] -- Up-to-date: /home/ngy/micro_ros/install/builtin_interfaces/include/builtin_interfaces/msg/detail
[10.422s] -- Installing: /home/ngy/micro_ros/install/builtin_interfaces/include/builtin_interfaces/msg/detail/duration__rosidl_typesupport_fastrtps_cpp.hpp
[10.423s] -- Installing: /home/ngy/micro_ros/install/builtin_interfaces/include/builtin_interfaces/msg/detail/dds_fastrtps
[10.423s] -- Installing: /home/ngy/micro_ros/install/builtin_interfaces/include/builtin_interfaces/msg/detail/time__rosidl_typesupport_fastrtps_cpp.hpp
[10.423s] -- Installing: /home/ngy/micro_ros/install/builtin_interfaces/lib/libbuiltin_interfaces__rosidl_typesupport_fastrtps_cpp.so
[10.423s] -- Set runtime path of "/home/ngy/micro_ros/install/builtin_interfaces/lib/libbuiltin_interfaces__rosidl_typesupport_fastrtps_cpp.so" to ""
[10.423s] -- Up-to-date: /home/ngy/micro_ros/install/builtin_interfaces/include/builtin_interfaces
[10.423s] -- Up-to-date: /home/ngy/micro_ros/install/builtin_interfaces/include/builtin_interfaces/msg
[10.423s] -- Installing: /home/ngy/micro_ros/install/builtin_interfaces/include/builtin_interfaces/msg/rosidl_typesupport_introspection_c__visibility_control.h
[10.424s] -- Up-to-date: /home/ngy/micro_ros/install/builtin_interfaces/include/builtin_interfaces/msg/detail
[10.424s] -- Installing: /home/ngy/micro_ros/install/builtin_interfaces/include/builtin_interfaces/msg/detail/duration__type_support.c
[10.424s] -- Installing: /home/ngy/micro_ros/install/builtin_interfaces/include/builtin_interfaces/msg/detail/time__type_support.c
[10.424s] -- Installing: /home/ngy/micro_ros/install/builtin_interfaces/include/builtin_interfaces/msg/detail/duration__rosidl_typesupport_introspection_c.h
[10.424s] -- Installing: /home/ngy/micro_ros/install/builtin_interfaces/include/builtin_interfaces/msg/detail/time__rosidl_typesupport_introspection_c.h
[10.424s] -- Installing: /home/ngy/micro_ros/install/builtin_interfaces/lib/libbuiltin_interfaces__rosidl_typesupport_introspection_c.so
[10.425s] -- Set runtime path of "/home/ngy/micro_ros/install/builtin_interfaces/lib/libbuiltin_interfaces__rosidl_typesupport_introspection_c.so" to ""
[10.425s] -- Installing: /home/ngy/micro_ros/install/builtin_interfaces/lib/libbuiltin_interfaces__rosidl_typesupport_c.so
[10.425s] -- Set runtime path of "/home/ngy/micro_ros/install/builtin_interfaces/lib/libbuiltin_interfaces__rosidl_typesupport_c.so" to ""
[10.425s] -- Up-to-date: /home/ngy/micro_ros/install/builtin_interfaces/include/builtin_interfaces
[10.425s] -- Up-to-date: /home/ngy/micro_ros/install/builtin_interfaces/include/builtin_interfaces/msg
[10.425s] -- Installing: /home/ngy/micro_ros/install/builtin_interfaces/include/builtin_interfaces/msg/time.hpp
[10.426s] -- Installing: /home/ngy/micro_ros/install/builtin_interfaces/include/builtin_interfaces/msg/duration.hpp
[10.426s] -- Up-to-date: /home/ngy/micro_ros/install/builtin_interfaces/include/builtin_interfaces/msg/detail
[10.426s] -- Installing: /home/ngy/micro_ros/install/builtin_interfaces/include/builtin_interfaces/msg/detail/time__struct.hpp
[10.426s] -- Installing: /home/ngy/micro_ros/install/builtin_interfaces/include/builtin_interfaces/msg/detail/duration__traits.hpp
[10.426s] -- Installing: /home/ngy/micro_ros/install/builtin_interfaces/include/builtin_interfaces/msg/detail/duration__struct.hpp
[10.426s] -- Installing: /home/ngy/micro_ros/install/builtin_interfaces/include/builtin_interfaces/msg/detail/time__traits.hpp
[10.426s] -- Installing: /home/ngy/micro_ros/install/builtin_interfaces/include/builtin_interfaces/msg/detail/duration__builder.hpp
[10.427s] -- Installing: /home/ngy/micro_ros/install/builtin_interfaces/include/builtin_interfaces/msg/detail/time__builder.hpp
[10.427s] -- Up-to-date: /home/ngy/micro_ros/install/builtin_interfaces/include/builtin_interfaces
[10.427s] -- Up-to-date: /home/ngy/micro_ros/install/builtin_interfaces/include/builtin_interfaces/msg
[10.427s] -- Up-to-date: /home/ngy/micro_ros/install/builtin_interfaces/include/builtin_interfaces/msg/detail
[10.427s] -- Up-to-date: /home/ngy/micro_ros/install/builtin_interfaces/include/builtin_interfaces/msg/detail/microxrcedds
[10.427s] -- Installing: /home/ngy/micro_ros/install/builtin_interfaces/include/builtin_interfaces/msg/detail/microxrcedds/duration__type_support_cpp.cpp
[10.427s] -- Installing: /home/ngy/micro_ros/install/builtin_interfaces/include/builtin_interfaces/msg/detail/microxrcedds/time__type_support_cpp.cpp
[10.428s] -- Installing: /home/ngy/micro_ros/install/builtin_interfaces/include/builtin_interfaces/msg/detail/duration__rosidl_typesupport_microxrcedds_cpp.hpp
[10.428s] -- Installing: /home/ngy/micro_ros/install/builtin_interfaces/include/builtin_interfaces/msg/detail/time__rosidl_typesupport_microxrcedds_cpp.hpp
[10.428s] -- Installing: /home/ngy/micro_ros/install/builtin_interfaces/include/builtin_interfaces/msg/rosidl_typesupport_microxrcedds_cpp__visibility_control.h
[10.428s] -- Installing: /home/ngy/micro_ros/install/builtin_interfaces/lib/libbuiltin_interfaces__rosidl_typesupport_microxrcedds_cpp.so
[10.428s] -- Set runtime path of "/home/ngy/micro_ros/install/builtin_interfaces/lib/libbuiltin_interfaces__rosidl_typesupport_microxrcedds_cpp.so" to ""
[10.428s] -- Up-to-date: /home/ngy/micro_ros/install/builtin_interfaces/include/builtin_interfaces
[10.428s] -- Up-to-date: /home/ngy/micro_ros/install/builtin_interfaces/include/builtin_interfaces/msg
[10.428s] -- Up-to-date: /home/ngy/micro_ros/install/builtin_interfaces/include/builtin_interfaces/msg/detail
[10.429s] -- Installing: /home/ngy/micro_ros/install/builtin_interfaces/include/builtin_interfaces/msg/detail/duration__rosidl_typesupport_introspection_cpp.hpp
[10.429s] -- Installing: /home/ngy/micro_ros/install/builtin_interfaces/include/builtin_interfaces/msg/detail/time__type_support.cpp
[10.429s] -- Installing: /home/ngy/micro_ros/install/builtin_interfaces/include/builtin_interfaces/msg/detail/time__rosidl_typesupport_introspection_cpp.hpp
[10.429s] -- Installing: /home/ngy/micro_ros/install/builtin_interfaces/include/builtin_interfaces/msg/detail/duration__type_support.cpp
[10.429s] -- Installing: /home/ngy/micro_ros/install/builtin_interfaces/lib/libbuiltin_interfaces__rosidl_typesupport_introspection_cpp.so
[10.429s] -- Set runtime path of "/home/ngy/micro_ros/install/builtin_interfaces/lib/libbuiltin_interfaces__rosidl_typesupport_introspection_cpp.so" to ""
[10.429s] -- Installing: /home/ngy/micro_ros/install/builtin_interfaces/lib/libbuiltin_interfaces__rosidl_typesupport_cpp.so
[10.430s] -- Set runtime path of "/home/ngy/micro_ros/install/builtin_interfaces/lib/libbuiltin_interfaces__rosidl_typesupport_cpp.so" to ""
[10.430s] -- Installing: /home/ngy/micro_ros/install/builtin_interfaces/share/builtin_interfaces/environment/pythonpath.sh
[10.430s] -- Installing: /home/ngy/micro_ros/install/builtin_interfaces/share/builtin_interfaces/environment/pythonpath.dsv
[10.430s] -- Installing: /home/ngy/micro_ros/install/builtin_interfaces/lib/python3.8/site-packages/builtin_interfaces/__init__.py
[10.468s] Compiling '/home/ngy/micro_ros/install/builtin_interfaces/lib/python3.8/site-packages/builtin_interfaces/__init__.py'...
[10.474s] -- Installing: /home/ngy/micro_ros/install/builtin_interfaces/lib/python3.8/site-packages/builtin_interfaces/msg
[10.474s] -- Installing: /home/ngy/micro_ros/install/builtin_interfaces/lib/python3.8/site-packages/builtin_interfaces/msg/_time.py
[10.475s] -- Installing: /home/ngy/micro_ros/install/builtin_interfaces/lib/python3.8/site-packages/builtin_interfaces/msg/_duration_s.c
[10.475s] -- Installing: /home/ngy/micro_ros/install/builtin_interfaces/lib/python3.8/site-packages/builtin_interfaces/msg/_duration.py
[10.476s] -- Installing: /home/ngy/micro_ros/install/builtin_interfaces/lib/python3.8/site-packages/builtin_interfaces/msg/_time_s.c
[10.476s] -- Installing: /home/ngy/micro_ros/install/builtin_interfaces/lib/python3.8/site-packages/builtin_interfaces/msg/__init__.py
[10.477s] -- Installing: /home/ngy/micro_ros/install/builtin_interfaces/lib/python3.8/site-packages/builtin_interfaces/builtin_interfaces_s__rosidl_typesupport_microxrcedds_c.cpython-38-x86_64-linux-gnu.so
[10.477s] -- Set runtime path of "/home/ngy/micro_ros/install/builtin_interfaces/lib/python3.8/site-packages/builtin_interfaces/builtin_interfaces_s__rosidl_typesupport_microxrcedds_c.cpython-38-x86_64-linux-gnu.so" to ""
[10.477s] -- Installing: /home/ngy/micro_ros/install/builtin_interfaces/lib/python3.8/site-packages/builtin_interfaces/builtin_interfaces_s__rosidl_typesupport_fastrtps_c.cpython-38-x86_64-linux-gnu.so
[10.478s] -- Set runtime path of "/home/ngy/micro_ros/install/builtin_interfaces/lib/python3.8/site-packages/builtin_interfaces/builtin_interfaces_s__rosidl_typesupport_fastrtps_c.cpython-38-x86_64-linux-gnu.so" to ""
[10.478s] -- Installing: /home/ngy/micro_ros/install/builtin_interfaces/lib/python3.8/site-packages/builtin_interfaces/builtin_interfaces_s__rosidl_typesupport_introspection_c.cpython-38-x86_64-linux-gnu.so
[10.478s] -- Set runtime path of "/home/ngy/micro_ros/install/builtin_interfaces/lib/python3.8/site-packages/builtin_interfaces/builtin_interfaces_s__rosidl_typesupport_introspection_c.cpython-38-x86_64-linux-gnu.so" to ""
[10.479s] -- Installing: /home/ngy/micro_ros/install/builtin_interfaces/lib/python3.8/site-packages/builtin_interfaces/builtin_interfaces_s__rosidl_typesupport_c.cpython-38-x86_64-linux-gnu.so
[10.479s] -- Set runtime path of "/home/ngy/micro_ros/install/builtin_interfaces/lib/python3.8/site-packages/builtin_interfaces/builtin_interfaces_s__rosidl_typesupport_c.cpython-38-x86_64-linux-gnu.so" to ""
[10.480s] -- Installing: /home/ngy/micro_ros/install/builtin_interfaces/lib/libbuiltin_interfaces__python.so
[10.480s] -- Set runtime path of "/home/ngy/micro_ros/install/builtin_interfaces/lib/libbuiltin_interfaces__python.so" to ""
[10.480s] -- Installing: /home/ngy/micro_ros/install/builtin_interfaces/share/builtin_interfaces/msg/Duration.idl
[10.480s] -- Installing: /home/ngy/micro_ros/install/builtin_interfaces/share/builtin_interfaces/msg/Time.idl
[10.480s] -- Installing: /home/ngy/micro_ros/install/builtin_interfaces/share/builtin_interfaces/msg/Duration.msg
[10.480s] -- Installing: /home/ngy/micro_ros/install/builtin_interfaces/share/builtin_interfaces/msg/Time.msg
[10.481s] -- Installing: /home/ngy/micro_ros/install/builtin_interfaces/share/ament_index/resource_index/package_run_dependencies/builtin_interfaces
[10.481s] -- Installing: /home/ngy/micro_ros/install/builtin_interfaces/share/ament_index/resource_index/parent_prefix_path/builtin_interfaces
[10.481s] -- Installing: /home/ngy/micro_ros/install/builtin_interfaces/share/builtin_interfaces/environment/ament_prefix_path.sh
[10.481s] -- Installing: /home/ngy/micro_ros/install/builtin_interfaces/share/builtin_interfaces/environment/ament_prefix_path.dsv
[10.481s] -- Installing: /home/ngy/micro_ros/install/builtin_interfaces/share/builtin_interfaces/environment/path.sh
[10.481s] -- Installing: /home/ngy/micro_ros/install/builtin_interfaces/share/builtin_interfaces/environment/path.dsv
[10.481s] -- Installing: /home/ngy/micro_ros/install/builtin_interfaces/share/builtin_interfaces/local_setup.bash
[10.482s] -- Installing: /home/ngy/micro_ros/install/builtin_interfaces/share/builtin_interfaces/local_setup.sh
[10.482s] -- Installing: /home/ngy/micro_ros/install/builtin_interfaces/share/builtin_interfaces/local_setup.zsh
[10.482s] -- Installing: /home/ngy/micro_ros/install/builtin_interfaces/share/builtin_interfaces/local_setup.dsv
[10.482s] -- Installing: /home/ngy/micro_ros/install/builtin_interfaces/share/builtin_interfaces/package.dsv
[10.482s] -- Installing: /home/ngy/micro_ros/install/builtin_interfaces/share/ament_index/resource_index/packages/builtin_interfaces
[10.482s] -- Installing: /home/ngy/micro_ros/install/builtin_interfaces/share/builtin_interfaces/cmake/builtin_interfaces__rosidl_generator_cExport.cmake
[10.482s] -- Installing: /home/ngy/micro_ros/install/builtin_interfaces/share/builtin_interfaces/cmake/builtin_interfaces__rosidl_generator_cExport-noconfig.cmake
[10.482s] -- Installing: /home/ngy/micro_ros/install/builtin_interfaces/share/builtin_interfaces/cmake/builtin_interfaces__rosidl_typesupport_introspection_cExport.cmake
[10.482s] -- Installing: /home/ngy/micro_ros/install/builtin_interfaces/share/builtin_interfaces/cmake/builtin_interfaces__rosidl_typesupport_introspection_cExport-noconfig.cmake
[10.483s] -- Installing: /home/ngy/micro_ros/install/builtin_interfaces/share/builtin_interfaces/cmake/builtin_interfaces__rosidl_typesupport_cExport.cmake
[10.483s] -- Installing: /home/ngy/micro_ros/install/builtin_interfaces/share/builtin_interfaces/cmake/builtin_interfaces__rosidl_typesupport_cExport-noconfig.cmake
[10.483s] -- Installing: /home/ngy/micro_ros/install/builtin_interfaces/share/builtin_interfaces/cmake/builtin_interfaces__rosidl_generator_cppExport.cmake
[10.484s] -- Installing: /home/ngy/micro_ros/install/builtin_interfaces/share/builtin_interfaces/cmake/builtin_interfaces__rosidl_typesupport_introspection_cppExport.cmake
[10.488s] -- Installing: /home/ngy/micro_ros/install/builtin_interfaces/share/builtin_interfaces/cmake/builtin_interfaces__rosidl_typesupport_introspection_cppExport-noconfig.cmake
[10.488s] -- Installing: /home/ngy/micro_ros/install/builtin_interfaces/share/builtin_interfaces/cmake/builtin_interfaces__rosidl_typesupport_cppExport.cmake
[10.489s] -- Installing: /home/ngy/micro_ros/install/builtin_interfaces/share/builtin_interfaces/cmake/builtin_interfaces__rosidl_typesupport_cppExport-noconfig.cmake
[10.490s] -- Installing: /home/ngy/micro_ros/install/builtin_interfaces/share/builtin_interfaces/cmake/rosidl_cmake-extras.cmake
[10.490s] -- Installing: /home/ngy/micro_ros/install/builtin_interfaces/share/builtin_interfaces/cmake/ament_cmake_export_dependencies-extras.cmake
[10.490s] -- Installing: /home/ngy/micro_ros/install/builtin_interfaces/share/builtin_interfaces/cmake/ament_cmake_export_libraries-extras.cmake
[10.490s] -- Installing: /home/ngy/micro_ros/install/builtin_interfaces/share/builtin_interfaces/cmake/ament_cmake_export_targets-extras.cmake
[10.490s] -- Installing: /home/ngy/micro_ros/install/builtin_interfaces/share/builtin_interfaces/cmake/ament_cmake_export_include_directories-extras.cmake
[10.491s] -- Installing: /home/ngy/micro_ros/install/builtin_interfaces/share/builtin_interfaces/cmake/rosidl_cmake_export_typesupport_libraries-extras.cmake
[10.491s] -- Installing: /home/ngy/micro_ros/install/builtin_interfaces/share/builtin_interfaces/cmake/rosidl_cmake_export_typesupport_targets-extras.cmake
[10.491s] -- Installing: /home/ngy/micro_ros/install/builtin_interfaces/share/builtin_interfaces/cmake/builtin_interfacesConfig.cmake
[10.491s] -- Installing: /home/ngy/micro_ros/install/builtin_interfaces/share/builtin_interfaces/cmake/builtin_interfacesConfig-version.cmake
[10.491s] -- Installing: /home/ngy/micro_ros/install/builtin_interfaces/share/builtin_interfaces/package.xml
[10.491s] Invoked command in '/home/ngy/micro_ros/build/builtin_interfaces' returned '0': CMAKE_PREFIX_PATH=${CMAKE_PREFIX_PATH}:/home/ngy/microros_ws/install/sensor_msgs_py:/opt/ros/foxy /usr/bin/cmake --install /home/ngy/micro_ros/build/builtin_interfaces
