[0.077s] Invoking command in '/home/ngy/micro_ros/build/diagnostic_msgs': AMENT_PREFIX_PATH=/home/ngy/micro_ros/install/geometry_msgs:/home/ngy/micro_ros/install/std_msgs:/home/ngy/micro_ros/install/builtin_interfaces:${AMENT_PREFIX_PATH} CMAKE_PREFIX_PATH=/home/ngy/micro_ros/install/geometry_msgs:/home/ngy/micro_ros/install/std_msgs:/home/ngy/micro_ros/install/builtin_interfaces:/home/ngy/micro_ros/install/rosidl_typesupport_microxrcedds_cpp:/home/ngy/micro_ros/install/rosidl_typesupport_microxrcedds_c:/home/ngy/micro_ros/install/microcdr:/home/ngy/micro_ros/install/micro_ros_msgs:/home/ngy/micro_ros/install/micro_ros_setup:/home/ngy/microros_ws/install/micro_ros_agent:/home/ngy/microros_ws/install/common_interfaces:/home/ngy/microros_ws/install/visualization_msgs:/home/ngy/microros_ws/install/test_msgs:/home/ngy/microros_ws/install/micro_ros_demos_rclc:/home/ngy/microros_ws/install/example_interfaces:/home/ngy/microros_ws/install/action_msgs:/home/ngy/microros_ws/install/unique_identifier_msgs:/home/ngy/microros_ws/install/trajectory_msgs:/home/ngy/microros_ws/install/stereo_msgs:/home/ngy/microros_ws/install/std_srvs:/home/ngy/microros_ws/install/shape_msgs:/home/ngy/microros_ws/install/sensor_msgs:/home/ngy/microros_ws/install/nav_msgs:/home/ngy/microros_ws/install/diagnostic_msgs:/home/ngy/microros_ws/install/geometry_msgs:/home/ngy/microros_ws/install/actionlib_msgs:/home/ngy/microros_ws/install/std_msgs:/home/ngy/microros_ws/install/statistics_msgs:/home/ngy/microros_ws/install/rosidl_typesupport_microxrcedds_test_msg:/home/ngy/microros_ws/install/rosidl_typesupport_microxrcedds_cpp_tests:/home/ngy/microros_ws/install/rmw_microxrcedds:/home/ngy/microros_ws/install/rosidl_typesupport_microxrcedds_cpp:/home/ngy/microros_ws/install/rosidl_typesupport_microxrcedds_c_tests:/home/ngy/microros_ws/install/rosidl_typesupport_microxrcedds_c:/home/ngy/microros_ws/install/rosgraph_msgs:/home/ngy/microros_ws/install/rclc_parameter:/home/ngy/microros_ws/install/rclc:/home/ngy/microros_ws/install/composition_interfaces:/home/ngy/microros_ws/install/rcl_interfaces:/home/ngy/microros_ws/install/microxrcedds_client:/home/ngy/microros_ws/install/microcdr:/home/ngy/microros_ws/install/micro_ros_msgs:/home/ngy/microros_ws/install/micro_ros_demos_rclcpp:/home/ngy/microros_ws/install/lifecycle_msgs:/home/ngy/microros_ws/install/complex_msgs:/home/ngy/microros_ws/install/builtin_interfaces:/home/ngy/microros_ws/install/micro_ros_setup:/home/ngy/microros_ws/install/sensor_msgs_py:/opt/ros/foxy LD_LIBRARY_PATH=/home/ngy/micro_ros/install/geometry_msgs/lib:/home/ngy/micro_ros/install/std_msgs/lib:/home/ngy/micro_ros/install/builtin_interfaces/lib:${LD_LIBRARY_PATH} PYTHONPATH=/home/ngy/micro_ros/install/geometry_msgs/lib/python3.8/site-packages:/home/ngy/micro_ros/install/std_msgs/lib/python3.8/site-packages:/home/ngy/micro_ros/install/builtin_interfaces/lib/python3.8/site-packages:${PYTHONPATH} /usr/bin/cmake /home/ngy/micro_ros/src/ros2/common_interfaces/diagnostic_msgs -DBUILD_TESTING=OFF -DBUILD_SHARED_LIBS=ON -DCMAKE_INSTALL_PREFIX=/home/ngy/micro_ros/install/diagnostic_msgs
[0.167s] -- The C compiler identification is GNU 9.4.0
[0.292s] -- The CXX compiler identification is GNU 9.4.0
[0.308s] -- Check for working C compiler: /usr/bin/cc
[0.426s] -- Check for working C compiler: /usr/bin/cc -- works
[0.427s] -- Detecting C compiler ABI info
[0.572s] -- Detecting C compiler ABI info - done
[0.599s] -- Detecting C compile features
[0.599s] -- Detecting C compile features - done
[0.603s] -- Check for working CXX compiler: /usr/bin/c++
[0.780s] -- Check for working CXX compiler: /usr/bin/c++ -- works
[0.782s] -- Detecting CXX compiler ABI info
[0.954s] -- Detecting CXX compiler ABI info - done
[1.001s] -- Detecting CXX compile features
[1.003s] -- Detecting CXX compile features - done
[1.012s] -- Found ament_cmake: 0.9.11 (/opt/ros/foxy/share/ament_cmake/cmake)
[1.096s] -- Found PythonInterp: /usr/bin/python3 (found suitable version "3.8.10", minimum required is "3") 
[1.096s] -- Using PYTHON_EXECUTABLE: /usr/bin/python3
[1.611s] -- Found rosidl_default_generators: 1.0.1 (/opt/ros/foxy/share/rosidl_default_generators/cmake)
[1.629s] -- Using all available rosidl_typesupport_c: rosidl_typesupport_microxrcedds_c;rosidl_typesupport_fastrtps_c;rosidl_typesupport_introspection_c
[1.641s] -- Found rosidl_adapter: 1.3.0 (/opt/ros/foxy/share/rosidl_adapter/cmake)
[1.891s] -- Found OpenSSL: /usr/lib/x86_64-linux-gnu/libcrypto.so (found version "1.1.1f")  
[1.963s] -- Found FastRTPS: /opt/ros/foxy/include  
[2.169s] -- Using all available rosidl_typesupport_cpp: rosidl_typesupport_microxrcedds_cpp;rosidl_typesupport_fastrtps_cpp;rosidl_typesupport_introspection_cpp
[2.264s] -- Found std_msgs: 2.0.5 (/home/ngy/micro_ros/install/std_msgs/share/std_msgs/cmake)
[2.410s] -- Found PythonInterp: /usr/bin/python3 (found version "3.8.10") 
[2.833s] -- Found ament_cmake_ros: 0.9.2 (/opt/ros/foxy/share/ament_cmake_ros/cmake)
[3.373s] -- Using all available rosidl_typesupport_c: rosidl_typesupport_microxrcedds_c;rosidl_typesupport_fastrtps_c;rosidl_typesupport_introspection_c
[3.595s] -- Using all available rosidl_typesupport_cpp: rosidl_typesupport_microxrcedds_cpp;rosidl_typesupport_fastrtps_cpp;rosidl_typesupport_introspection_cpp
[3.661s] -- Found PythonInterp: /usr/bin/python3 (found suitable version "3.8.10", minimum required is "3.5") 
[3.666s] -- Found python_cmake_module: 0.8.1 (/opt/ros/foxy/share/python_cmake_module/cmake)
[3.739s] -- Found PythonLibs: /usr/lib/x86_64-linux-gnu/libpython3.8.so (found suitable version "3.8.10", minimum required is "3.5") 
[3.739s] -- Using PYTHON_EXECUTABLE: /usr/bin/python3
[3.739s] -- Using PYTHON_INCLUDE_DIRS: /usr/include/python3.8
[3.740s] -- Using PYTHON_LIBRARIES: /usr/lib/x86_64-linux-gnu/libpython3.8.so
[3.796s] -- Found PythonExtra: .so  
[4.056s] -- Configuring done
[4.189s] -- Generating done
[4.193s] -- Build files have been written to: /home/ngy/micro_ros/build/diagnostic_msgs
[4.204s] Invoked command in '/home/ngy/micro_ros/build/diagnostic_msgs' returned '0': AMENT_PREFIX_PATH=/home/ngy/micro_ros/install/geometry_msgs:/home/ngy/micro_ros/install/std_msgs:/home/ngy/micro_ros/install/builtin_interfaces:${AMENT_PREFIX_PATH} CMAKE_PREFIX_PATH=/home/ngy/micro_ros/install/geometry_msgs:/home/ngy/micro_ros/install/std_msgs:/home/ngy/micro_ros/install/builtin_interfaces:/home/ngy/micro_ros/install/rosidl_typesupport_microxrcedds_cpp:/home/ngy/micro_ros/install/rosidl_typesupport_microxrcedds_c:/home/ngy/micro_ros/install/microcdr:/home/ngy/micro_ros/install/micro_ros_msgs:/home/ngy/micro_ros/install/micro_ros_setup:/home/ngy/microros_ws/install/micro_ros_agent:/home/ngy/microros_ws/install/common_interfaces:/home/ngy/microros_ws/install/visualization_msgs:/home/ngy/microros_ws/install/test_msgs:/home/ngy/microros_ws/install/micro_ros_demos_rclc:/home/ngy/microros_ws/install/example_interfaces:/home/ngy/microros_ws/install/action_msgs:/home/ngy/microros_ws/install/unique_identifier_msgs:/home/ngy/microros_ws/install/trajectory_msgs:/home/ngy/microros_ws/install/stereo_msgs:/home/ngy/microros_ws/install/std_srvs:/home/ngy/microros_ws/install/shape_msgs:/home/ngy/microros_ws/install/sensor_msgs:/home/ngy/microros_ws/install/nav_msgs:/home/ngy/microros_ws/install/diagnostic_msgs:/home/ngy/microros_ws/install/geometry_msgs:/home/ngy/microros_ws/install/actionlib_msgs:/home/ngy/microros_ws/install/std_msgs:/home/ngy/microros_ws/install/statistics_msgs:/home/ngy/microros_ws/install/rosidl_typesupport_microxrcedds_test_msg:/home/ngy/microros_ws/install/rosidl_typesupport_microxrcedds_cpp_tests:/home/ngy/microros_ws/install/rmw_microxrcedds:/home/ngy/microros_ws/install/rosidl_typesupport_microxrcedds_cpp:/home/ngy/microros_ws/install/rosidl_typesupport_microxrcedds_c_tests:/home/ngy/microros_ws/install/rosidl_typesupport_microxrcedds_c:/home/ngy/microros_ws/install/rosgraph_msgs:/home/ngy/microros_ws/install/rclc_parameter:/home/ngy/microros_ws/install/rclc:/home/ngy/microros_ws/install/composition_interfaces:/home/ngy/microros_ws/install/rcl_interfaces:/home/ngy/microros_ws/install/microxrcedds_client:/home/ngy/microros_ws/install/microcdr:/home/ngy/microros_ws/install/micro_ros_msgs:/home/ngy/microros_ws/install/micro_ros_demos_rclcpp:/home/ngy/microros_ws/install/lifecycle_msgs:/home/ngy/microros_ws/install/complex_msgs:/home/ngy/microros_ws/install/builtin_interfaces:/home/ngy/microros_ws/install/micro_ros_setup:/home/ngy/microros_ws/install/sensor_msgs_py:/opt/ros/foxy LD_LIBRARY_PATH=/home/ngy/micro_ros/install/geometry_msgs/lib:/home/ngy/micro_ros/install/std_msgs/lib:/home/ngy/micro_ros/install/builtin_interfaces/lib:${LD_LIBRARY_PATH} PYTHONPATH=/home/ngy/micro_ros/install/geometry_msgs/lib/python3.8/site-packages:/home/ngy/micro_ros/install/std_msgs/lib/python3.8/site-packages:/home/ngy/micro_ros/install/builtin_interfaces/lib/python3.8/site-packages:${PYTHONPATH} /usr/bin/cmake /home/ngy/micro_ros/src/ros2/common_interfaces/diagnostic_msgs -DBUILD_TESTING=OFF -DBUILD_SHARED_LIBS=ON -DCMAKE_INSTALL_PREFIX=/home/ngy/micro_ros/install/diagnostic_msgs
[4.214s] Invoking command in '/home/ngy/micro_ros/build/diagnostic_msgs': AMENT_PREFIX_PATH=/home/ngy/micro_ros/install/geometry_msgs:/home/ngy/micro_ros/install/std_msgs:/home/ngy/micro_ros/install/builtin_interfaces:${AMENT_PREFIX_PATH} CMAKE_PREFIX_PATH=/home/ngy/micro_ros/install/geometry_msgs:/home/ngy/micro_ros/install/std_msgs:/home/ngy/micro_ros/install/builtin_interfaces:/home/ngy/micro_ros/install/rosidl_typesupport_microxrcedds_cpp:/home/ngy/micro_ros/install/rosidl_typesupport_microxrcedds_c:/home/ngy/micro_ros/install/microcdr:/home/ngy/micro_ros/install/micro_ros_msgs:/home/ngy/micro_ros/install/micro_ros_setup:/home/ngy/microros_ws/install/micro_ros_agent:/home/ngy/microros_ws/install/common_interfaces:/home/ngy/microros_ws/install/visualization_msgs:/home/ngy/microros_ws/install/test_msgs:/home/ngy/microros_ws/install/micro_ros_demos_rclc:/home/ngy/microros_ws/install/example_interfaces:/home/ngy/microros_ws/install/action_msgs:/home/ngy/microros_ws/install/unique_identifier_msgs:/home/ngy/microros_ws/install/trajectory_msgs:/home/ngy/microros_ws/install/stereo_msgs:/home/ngy/microros_ws/install/std_srvs:/home/ngy/microros_ws/install/shape_msgs:/home/ngy/microros_ws/install/sensor_msgs:/home/ngy/microros_ws/install/nav_msgs:/home/ngy/microros_ws/install/diagnostic_msgs:/home/ngy/microros_ws/install/geometry_msgs:/home/ngy/microros_ws/install/actionlib_msgs:/home/ngy/microros_ws/install/std_msgs:/home/ngy/microros_ws/install/statistics_msgs:/home/ngy/microros_ws/install/rosidl_typesupport_microxrcedds_test_msg:/home/ngy/microros_ws/install/rosidl_typesupport_microxrcedds_cpp_tests:/home/ngy/microros_ws/install/rmw_microxrcedds:/home/ngy/microros_ws/install/rosidl_typesupport_microxrcedds_cpp:/home/ngy/microros_ws/install/rosidl_typesupport_microxrcedds_c_tests:/home/ngy/microros_ws/install/rosidl_typesupport_microxrcedds_c:/home/ngy/microros_ws/install/rosgraph_msgs:/home/ngy/microros_ws/install/rclc_parameter:/home/ngy/microros_ws/install/rclc:/home/ngy/microros_ws/install/composition_interfaces:/home/ngy/microros_ws/install/rcl_interfaces:/home/ngy/microros_ws/install/microxrcedds_client:/home/ngy/microros_ws/install/microcdr:/home/ngy/microros_ws/install/micro_ros_msgs:/home/ngy/microros_ws/install/micro_ros_demos_rclcpp:/home/ngy/microros_ws/install/lifecycle_msgs:/home/ngy/microros_ws/install/complex_msgs:/home/ngy/microros_ws/install/builtin_interfaces:/home/ngy/microros_ws/install/micro_ros_setup:/home/ngy/microros_ws/install/sensor_msgs_py:/opt/ros/foxy LD_LIBRARY_PATH=/home/ngy/micro_ros/install/geometry_msgs/lib:/home/ngy/micro_ros/install/std_msgs/lib:/home/ngy/micro_ros/install/builtin_interfaces/lib:${LD_LIBRARY_PATH} PYTHONPATH=/home/ngy/micro_ros/install/geometry_msgs/lib/python3.8/site-packages:/home/ngy/micro_ros/install/std_msgs/lib/python3.8/site-packages:/home/ngy/micro_ros/install/builtin_interfaces/lib/python3.8/site-packages:${PYTHONPATH} /usr/bin/cmake --build /home/ngy/micro_ros/build/diagnostic_msgs -- -j12 -l12
[4.301s] [  1%] [34m[1mGenerating C code for ROS interfaces[0m
[4.304s] [35m[1mScanning dependencies of target diagnostic_msgs__cpp[0m
[4.335s] [  2%] [34m[1mGenerating C++ code for ROS interfaces[0m
[7.057s] [  2%] Built target diagnostic_msgs__cpp
[7.156s] [  3%] [34m[1mGenerating C++ type support dispatch for ROS interfaces[0m
[7.170s] [  5%] [34m[1mGenerating C++ introspection for ROS interfaces[0m
[7.216s] [  6%] [34m[1mGenerating C++ type support for eProsima Micro XRCE-DDS[0m
[7.291s] [  7%] [34m[1mGenerating C++ type support for eProsima Fast-RTPS[0m
[7.817s] [35m[1mScanning dependencies of target diagnostic_msgs__rosidl_generator_c[0m
[7.991s] [  8%] [32mBuilding C object CMakeFiles/diagnostic_msgs__rosidl_generator_c.dir/rosidl_generator_c/diagnostic_msgs/msg/detail/diagnostic_array__functions.c.o[0m
[8.499s] [ 10%] [32mBuilding C object CMakeFiles/diagnostic_msgs__rosidl_generator_c.dir/rosidl_generator_c/diagnostic_msgs/srv/detail/self_test__functions.c.o[0m
[8.844s] [ 11%] [32mBuilding C object CMakeFiles/diagnostic_msgs__rosidl_generator_c.dir/rosidl_generator_c/diagnostic_msgs/srv/detail/add_diagnostics__functions.c.o[0m
[9.335s] [ 12%] [32mBuilding C object CMakeFiles/diagnostic_msgs__rosidl_generator_c.dir/rosidl_generator_c/diagnostic_msgs/msg/detail/key_value__functions.c.o[0m
[9.831s] [ 13%] [32mBuilding C object CMakeFiles/diagnostic_msgs__rosidl_generator_c.dir/rosidl_generator_c/diagnostic_msgs/msg/detail/diagnostic_status__functions.c.o[0m
[10.320s] [ 15%] [32m[1mLinking C shared library libdiagnostic_msgs__rosidl_generator_c.so[0m
[10.709s] [ 15%] Built target diagnostic_msgs__rosidl_generator_c
[11.317s] [35m[1mScanning dependencies of target diagnostic_msgs__rosidl_typesupport_cpp[0m
[11.429s] [ 16%] [32mBuilding CXX object CMakeFiles/diagnostic_msgs__rosidl_typesupport_cpp.dir/rosidl_typesupport_cpp/diagnostic_msgs/msg/diagnostic_array__type_support.cpp.o[0m
[12.255s] [35m[1mScanning dependencies of target diagnostic_msgs__rosidl_typesupport_introspection_cpp[0m
[12.412s] [ 17%] [32mBuilding CXX object CMakeFiles/diagnostic_msgs__rosidl_typesupport_introspection_cpp.dir/rosidl_typesupport_introspection_cpp/diagnostic_msgs/msg/detail/diagnostic_array__type_support.cpp.o[0m
[12.725s] [35m[1mScanning dependencies of target diagnostic_msgs__rosidl_typesupport_fastrtps_cpp[0m
[12.900s] [ 18%] [32mBuilding CXX object CMakeFiles/diagnostic_msgs__rosidl_typesupport_fastrtps_cpp.dir/rosidl_typesupport_fastrtps_cpp/diagnostic_msgs/msg/detail/dds_fastrtps/diagnostic_array__type_support.cpp.o[0m
[12.983s] [35m[1mScanning dependencies of target diagnostic_msgs__rosidl_typesupport_microxrcedds_cpp[0m
[13.104s] [ 20%] [32mBuilding CXX object CMakeFiles/diagnostic_msgs__rosidl_typesupport_microxrcedds_cpp.dir/rosidl_typesupport_microxrcedds_cpp/diagnostic_msgs/msg/detail/microxrcedds/diagnostic_array__type_support_cpp.cpp.o[0m
[13.692s] [ 21%] [32mBuilding CXX object CMakeFiles/diagnostic_msgs__rosidl_typesupport_cpp.dir/rosidl_typesupport_cpp/diagnostic_msgs/srv/self_test__type_support.cpp.o[0m
[14.786s] [ 22%] [32mBuilding CXX object CMakeFiles/diagnostic_msgs__rosidl_typesupport_introspection_cpp.dir/rosidl_typesupport_introspection_cpp/diagnostic_msgs/msg/detail/key_value__type_support.cpp.o[0m
[15.374s] [ 24%] [32mBuilding CXX object CMakeFiles/diagnostic_msgs__rosidl_typesupport_microxrcedds_cpp.dir/rosidl_typesupport_microxrcedds_cpp/diagnostic_msgs/msg/detail/microxrcedds/diagnostic_status__type_support_cpp.cpp.o[0m
[15.589s] [ 25%] [32mBuilding CXX object CMakeFiles/diagnostic_msgs__rosidl_typesupport_cpp.dir/rosidl_typesupport_cpp/diagnostic_msgs/srv/add_diagnostics__type_support.cpp.o[0m
[15.953s] [ 26%] [32mBuilding CXX object CMakeFiles/diagnostic_msgs__rosidl_typesupport_introspection_cpp.dir/rosidl_typesupport_introspection_cpp/diagnostic_msgs/msg/detail/diagnostic_status__type_support.cpp.o[0m
[16.224s] [ 27%] [32mBuilding CXX object CMakeFiles/diagnostic_msgs__rosidl_typesupport_fastrtps_cpp.dir/rosidl_typesupport_fastrtps_cpp/diagnostic_msgs/msg/detail/dds_fastrtps/key_value__type_support.cpp.o[0m
[17.389s] [ 29%] [32mBuilding CXX object CMakeFiles/diagnostic_msgs__rosidl_typesupport_cpp.dir/rosidl_typesupport_cpp/diagnostic_msgs/msg/key_value__type_support.cpp.o[0m
[17.793s] [ 30%] [32mBuilding CXX object CMakeFiles/diagnostic_msgs__rosidl_typesupport_introspection_cpp.dir/rosidl_typesupport_introspection_cpp/diagnostic_msgs/srv/detail/add_diagnostics__type_support.cpp.o[0m
[17.831s] [ 31%] [32mBuilding CXX object CMakeFiles/diagnostic_msgs__rosidl_typesupport_microxrcedds_cpp.dir/rosidl_typesupport_microxrcedds_cpp/diagnostic_msgs/srv/detail/microxrcedds/add_diagnostics__type_support_cpp.cpp.o[0m
[18.336s] [ 32%] [32mBuilding CXX object CMakeFiles/diagnostic_msgs__rosidl_typesupport_cpp.dir/rosidl_typesupport_cpp/diagnostic_msgs/msg/diagnostic_status__type_support.cpp.o[0m
[18.803s] [ 34%] [32mBuilding CXX object CMakeFiles/diagnostic_msgs__rosidl_typesupport_fastrtps_cpp.dir/rosidl_typesupport_fastrtps_cpp/diagnostic_msgs/srv/detail/dds_fastrtps/self_test__type_support.cpp.o[0m
[18.890s] [ 35%] [32mBuilding CXX object CMakeFiles/diagnostic_msgs__rosidl_typesupport_introspection_cpp.dir/rosidl_typesupport_introspection_cpp/diagnostic_msgs/srv/detail/self_test__type_support.cpp.o[0m
[19.257s] [ 36%] [32m[1mLinking CXX shared library libdiagnostic_msgs__rosidl_typesupport_cpp.so[0m
[19.452s] [ 37%] [32mBuilding CXX object CMakeFiles/diagnostic_msgs__rosidl_typesupport_microxrcedds_cpp.dir/rosidl_typesupport_microxrcedds_cpp/diagnostic_msgs/srv/detail/microxrcedds/self_test__type_support_cpp.cpp.o[0m
[19.468s] [ 37%] Built target diagnostic_msgs__rosidl_typesupport_cpp
[19.950s] [ 39%] [32m[1mLinking CXX shared library libdiagnostic_msgs__rosidl_typesupport_introspection_cpp.so[0m
[20.175s] [ 40%] [32mBuilding CXX object CMakeFiles/diagnostic_msgs__rosidl_typesupport_fastrtps_cpp.dir/rosidl_typesupport_fastrtps_cpp/diagnostic_msgs/srv/detail/dds_fastrtps/add_diagnostics__type_support.cpp.o[0m
[20.187s] [ 40%] Built target diagnostic_msgs__rosidl_typesupport_introspection_cpp
[20.503s] [ 41%] [32mBuilding CXX object CMakeFiles/diagnostic_msgs__rosidl_typesupport_microxrcedds_cpp.dir/rosidl_typesupport_microxrcedds_cpp/diagnostic_msgs/msg/detail/microxrcedds/key_value__type_support_cpp.cpp.o[0m
[21.191s] [ 43%] [32mBuilding CXX object CMakeFiles/diagnostic_msgs__rosidl_typesupport_fastrtps_cpp.dir/rosidl_typesupport_fastrtps_cpp/diagnostic_msgs/msg/detail/dds_fastrtps/diagnostic_status__type_support.cpp.o[0m
[21.196s] [ 44%] [32m[1mLinking CXX shared library libdiagnostic_msgs__rosidl_typesupport_microxrcedds_cpp.so[0m
[21.401s] [ 44%] Built target diagnostic_msgs__rosidl_typesupport_microxrcedds_cpp
[22.053s] [ 45%] [32m[1mLinking CXX shared library libdiagnostic_msgs__rosidl_typesupport_fastrtps_cpp.so[0m
[22.289s] [ 45%] Built target diagnostic_msgs__rosidl_typesupport_fastrtps_cpp
[22.318s] [ 46%] [34m[1mGenerating C type support dispatch for ROS interfaces[0m
[23.394s] [35m[1mScanning dependencies of target diagnostic_msgs__rosidl_typesupport_c[0m
[23.430s] [ 48%] [32mBuilding CXX object CMakeFiles/diagnostic_msgs__rosidl_typesupport_c.dir/rosidl_typesupport_c/diagnostic_msgs/msg/diagnostic_array__type_support.cpp.o[0m
[23.510s] [ 49%] [32mBuilding CXX object CMakeFiles/diagnostic_msgs__rosidl_typesupport_c.dir/rosidl_typesupport_c/diagnostic_msgs/srv/self_test__type_support.cpp.o[0m
[23.591s] [ 50%] [32mBuilding CXX object CMakeFiles/diagnostic_msgs__rosidl_typesupport_c.dir/rosidl_typesupport_c/diagnostic_msgs/srv/add_diagnostics__type_support.cpp.o[0m
[23.676s] [ 51%] [32mBuilding CXX object CMakeFiles/diagnostic_msgs__rosidl_typesupport_c.dir/rosidl_typesupport_c/diagnostic_msgs/msg/key_value__type_support.cpp.o[0m
[23.752s] [ 53%] [32mBuilding CXX object CMakeFiles/diagnostic_msgs__rosidl_typesupport_c.dir/rosidl_typesupport_c/diagnostic_msgs/msg/diagnostic_status__type_support.cpp.o[0m
[23.830s] [ 54%] [32m[1mLinking CXX shared library libdiagnostic_msgs__rosidl_typesupport_c.so[0m
[23.940s] [ 54%] Built target diagnostic_msgs__rosidl_typesupport_c
[23.970s] [ 55%] [34m[1mGenerating C type support for eProsima Fast-RTPS[0m
[25.046s] [35m[1mScanning dependencies of target diagnostic_msgs__rosidl_typesupport_fastrtps_c[0m
[25.090s] [ 56%] [32mBuilding CXX object CMakeFiles/diagnostic_msgs__rosidl_typesupport_fastrtps_c.dir/rosidl_typesupport_fastrtps_c/diagnostic_msgs/msg/detail/diagnostic_array__type_support_c.cpp.o[0m
[25.846s] [ 58%] [32mBuilding CXX object CMakeFiles/diagnostic_msgs__rosidl_typesupport_fastrtps_c.dir/rosidl_typesupport_fastrtps_c/diagnostic_msgs/srv/detail/self_test__type_support_c.cpp.o[0m
[26.405s] [ 59%] [32mBuilding CXX object CMakeFiles/diagnostic_msgs__rosidl_typesupport_fastrtps_c.dir/rosidl_typesupport_fastrtps_c/diagnostic_msgs/srv/detail/add_diagnostics__type_support_c.cpp.o[0m
[27.060s] [ 60%] [32mBuilding CXX object CMakeFiles/diagnostic_msgs__rosidl_typesupport_fastrtps_c.dir/rosidl_typesupport_fastrtps_c/diagnostic_msgs/msg/detail/key_value__type_support_c.cpp.o[0m
[27.731s] [ 62%] [32mBuilding CXX object CMakeFiles/diagnostic_msgs__rosidl_typesupport_fastrtps_c.dir/rosidl_typesupport_fastrtps_c/diagnostic_msgs/msg/detail/diagnostic_status__type_support_c.cpp.o[0m
[28.332s] [ 63%] [32m[1mLinking CXX shared library libdiagnostic_msgs__rosidl_typesupport_fastrtps_c.so[0m
[28.515s] [ 63%] Built target diagnostic_msgs__rosidl_typesupport_fastrtps_c
[28.536s] [ 64%] [34m[1mGenerating C introspection for ROS interfaces[0m
[29.605s] [35m[1mScanning dependencies of target diagnostic_msgs__rosidl_typesupport_introspection_c[0m
[29.644s] [ 65%] [32mBuilding C object CMakeFiles/diagnostic_msgs__rosidl_typesupport_introspection_c.dir/rosidl_typesupport_introspection_c/diagnostic_msgs/msg/detail/diagnostic_array__type_support.c.o[0m
[29.710s] [ 67%] [32mBuilding C object CMakeFiles/diagnostic_msgs__rosidl_typesupport_introspection_c.dir/rosidl_typesupport_introspection_c/diagnostic_msgs/srv/detail/self_test__type_support.c.o[0m
[29.777s] [ 68%] [32mBuilding C object CMakeFiles/diagnostic_msgs__rosidl_typesupport_introspection_c.dir/rosidl_typesupport_introspection_c/diagnostic_msgs/srv/detail/add_diagnostics__type_support.c.o[0m
[29.860s] [ 69%] [32mBuilding C object CMakeFiles/diagnostic_msgs__rosidl_typesupport_introspection_c.dir/rosidl_typesupport_introspection_c/diagnostic_msgs/msg/detail/key_value__type_support.c.o[0m
[29.942s] [ 70%] [32mBuilding C object CMakeFiles/diagnostic_msgs__rosidl_typesupport_introspection_c.dir/rosidl_typesupport_introspection_c/diagnostic_msgs/msg/detail/diagnostic_status__type_support.c.o[0m
[30.008s] [ 72%] [32m[1mLinking C shared library libdiagnostic_msgs__rosidl_typesupport_introspection_c.so[0m
[30.076s] [ 72%] Built target diagnostic_msgs__rosidl_typesupport_introspection_c
[30.096s] [ 73%] [34m[1mGenerating C type support for eProsima Micro XRCE-DDS[0m
[31.445s] [35m[1mScanning dependencies of target diagnostic_msgs__rosidl_typesupport_microxrcedds_c[0m
[31.486s] [ 74%] [32mBuilding C object CMakeFiles/diagnostic_msgs__rosidl_typesupport_microxrcedds_c.dir/rosidl_typesupport_microxrcedds_c/diagnostic_msgs/msg/detail/microxrcedds/diagnostic_array__type_support_c.c.o[0m
[31.583s] [ 75%] [32mBuilding C object CMakeFiles/diagnostic_msgs__rosidl_typesupport_microxrcedds_c.dir/rosidl_typesupport_microxrcedds_c/diagnostic_msgs/srv/detail/microxrcedds/self_test__type_support_c.c.o[0m
[31.706s] [ 77%] [32mBuilding C object CMakeFiles/diagnostic_msgs__rosidl_typesupport_microxrcedds_c.dir/rosidl_typesupport_microxrcedds_c/diagnostic_msgs/srv/detail/microxrcedds/add_diagnostics__type_support_c.c.o[0m
[31.802s] [ 78%] [32mBuilding C object CMakeFiles/diagnostic_msgs__rosidl_typesupport_microxrcedds_c.dir/rosidl_typesupport_microxrcedds_c/diagnostic_msgs/msg/detail/microxrcedds/key_value__type_support_c.c.o[0m
[31.873s] [ 79%] [32mBuilding C object CMakeFiles/diagnostic_msgs__rosidl_typesupport_microxrcedds_c.dir/rosidl_typesupport_microxrcedds_c/diagnostic_msgs/msg/detail/microxrcedds/diagnostic_status__type_support_c.c.o[0m
[31.959s] [ 81%] [32m[1mLinking C shared library libdiagnostic_msgs__rosidl_typesupport_microxrcedds_c.so[0m
[32.055s] [ 81%] Built target diagnostic_msgs__rosidl_typesupport_microxrcedds_c
[32.079s] [35m[1mScanning dependencies of target diagnostic_msgs[0m
[32.141s] [ 81%] Built target diagnostic_msgs
[32.143s] [35m[1mScanning dependencies of target diagnostic_msgs__py[0m
[32.159s] [ 82%] [34m[1mGenerating Python code for ROS interfaces[0m
[34.163s] [ 82%] Built target diagnostic_msgs__py
[34.183s] [35m[1mScanning dependencies of target diagnostic_msgs__python[0m
[34.243s] [ 83%] [32mBuilding C object CMakeFiles/diagnostic_msgs__python.dir/rosidl_generator_py/diagnostic_msgs/msg/_diagnostic_array_s.c.o[0m
[34.477s] [ 84%] [32mBuilding C object CMakeFiles/diagnostic_msgs__python.dir/rosidl_generator_py/diagnostic_msgs/srv/_self_test_s.c.o[0m
[34.654s] [ 86%] [32mBuilding C object CMakeFiles/diagnostic_msgs__python.dir/rosidl_generator_py/diagnostic_msgs/srv/_add_diagnostics_s.c.o[0m
[34.802s] [ 87%] [32mBuilding C object CMakeFiles/diagnostic_msgs__python.dir/rosidl_generator_py/diagnostic_msgs/msg/_key_value_s.c.o[0m
[34.940s] [ 88%] [32mBuilding C object CMakeFiles/diagnostic_msgs__python.dir/rosidl_generator_py/diagnostic_msgs/msg/_diagnostic_status_s.c.o[0m
[35.122s] [ 89%] [32m[1mLinking C shared library rosidl_generator_py/diagnostic_msgs/libdiagnostic_msgs__python.so[0m
[35.199s] [ 89%] Built target diagnostic_msgs__python
[35.218s] [35m[1mScanning dependencies of target diagnostic_msgs__rosidl_typesupport_introspection_c__pyext[0m
[35.255s] [ 91%] [32mBuilding C object CMakeFiles/diagnostic_msgs__rosidl_typesupport_introspection_c__pyext.dir/rosidl_generator_py/diagnostic_msgs/_diagnostic_msgs_s.ep.rosidl_typesupport_introspection_c.c.o[0m
[35.400s] [ 92%] [32m[1mLinking C shared library rosidl_generator_py/diagnostic_msgs/diagnostic_msgs_s__rosidl_typesupport_introspection_c.cpython-38-x86_64-linux-gnu.so[0m
[35.463s] [ 92%] Built target diagnostic_msgs__rosidl_typesupport_introspection_c__pyext
[35.482s] [35m[1mScanning dependencies of target diagnostic_msgs__rosidl_typesupport_microxrcedds_c__pyext[0m
[35.519s] [ 93%] [32mBuilding C object CMakeFiles/diagnostic_msgs__rosidl_typesupport_microxrcedds_c__pyext.dir/rosidl_generator_py/diagnostic_msgs/_diagnostic_msgs_s.ep.rosidl_typesupport_microxrcedds_c.c.o[0m
[35.670s] [ 94%] [32m[1mLinking C shared library rosidl_generator_py/diagnostic_msgs/diagnostic_msgs_s__rosidl_typesupport_microxrcedds_c.cpython-38-x86_64-linux-gnu.so[0m
[35.735s] [ 94%] Built target diagnostic_msgs__rosidl_typesupport_microxrcedds_c__pyext
[35.754s] [35m[1mScanning dependencies of target diagnostic_msgs__rosidl_typesupport_fastrtps_c__pyext[0m
[35.793s] [ 96%] [32mBuilding C object CMakeFiles/diagnostic_msgs__rosidl_typesupport_fastrtps_c__pyext.dir/rosidl_generator_py/diagnostic_msgs/_diagnostic_msgs_s.ep.rosidl_typesupport_fastrtps_c.c.o[0m
[35.940s] [ 97%] [32m[1mLinking CXX shared library rosidl_generator_py/diagnostic_msgs/diagnostic_msgs_s__rosidl_typesupport_fastrtps_c.cpython-38-x86_64-linux-gnu.so[0m
[36.050s] [ 97%] Built target diagnostic_msgs__rosidl_typesupport_fastrtps_c__pyext
[36.068s] [35m[1mScanning dependencies of target diagnostic_msgs__rosidl_typesupport_c__pyext[0m
[36.105s] [ 98%] [32mBuilding C object CMakeFiles/diagnostic_msgs__rosidl_typesupport_c__pyext.dir/rosidl_generator_py/diagnostic_msgs/_diagnostic_msgs_s.ep.rosidl_typesupport_c.c.o[0m
[36.257s] [100%] [32m[1mLinking C shared library rosidl_generator_py/diagnostic_msgs/diagnostic_msgs_s__rosidl_typesupport_c.cpython-38-x86_64-linux-gnu.so[0m
[36.322s] [100%] Built target diagnostic_msgs__rosidl_typesupport_c__pyext
[36.342s] Invoked command in '/home/ngy/micro_ros/build/diagnostic_msgs' returned '0': AMENT_PREFIX_PATH=/home/ngy/micro_ros/install/geometry_msgs:/home/ngy/micro_ros/install/std_msgs:/home/ngy/micro_ros/install/builtin_interfaces:${AMENT_PREFIX_PATH} CMAKE_PREFIX_PATH=/home/ngy/micro_ros/install/geometry_msgs:/home/ngy/micro_ros/install/std_msgs:/home/ngy/micro_ros/install/builtin_interfaces:/home/ngy/micro_ros/install/rosidl_typesupport_microxrcedds_cpp:/home/ngy/micro_ros/install/rosidl_typesupport_microxrcedds_c:/home/ngy/micro_ros/install/microcdr:/home/ngy/micro_ros/install/micro_ros_msgs:/home/ngy/micro_ros/install/micro_ros_setup:/home/ngy/microros_ws/install/micro_ros_agent:/home/ngy/microros_ws/install/common_interfaces:/home/ngy/microros_ws/install/visualization_msgs:/home/ngy/microros_ws/install/test_msgs:/home/ngy/microros_ws/install/micro_ros_demos_rclc:/home/ngy/microros_ws/install/example_interfaces:/home/ngy/microros_ws/install/action_msgs:/home/ngy/microros_ws/install/unique_identifier_msgs:/home/ngy/microros_ws/install/trajectory_msgs:/home/ngy/microros_ws/install/stereo_msgs:/home/ngy/microros_ws/install/std_srvs:/home/ngy/microros_ws/install/shape_msgs:/home/ngy/microros_ws/install/sensor_msgs:/home/ngy/microros_ws/install/nav_msgs:/home/ngy/microros_ws/install/diagnostic_msgs:/home/ngy/microros_ws/install/geometry_msgs:/home/ngy/microros_ws/install/actionlib_msgs:/home/ngy/microros_ws/install/std_msgs:/home/ngy/microros_ws/install/statistics_msgs:/home/ngy/microros_ws/install/rosidl_typesupport_microxrcedds_test_msg:/home/ngy/microros_ws/install/rosidl_typesupport_microxrcedds_cpp_tests:/home/ngy/microros_ws/install/rmw_microxrcedds:/home/ngy/microros_ws/install/rosidl_typesupport_microxrcedds_cpp:/home/ngy/microros_ws/install/rosidl_typesupport_microxrcedds_c_tests:/home/ngy/microros_ws/install/rosidl_typesupport_microxrcedds_c:/home/ngy/microros_ws/install/rosgraph_msgs:/home/ngy/microros_ws/install/rclc_parameter:/home/ngy/microros_ws/install/rclc:/home/ngy/microros_ws/install/composition_interfaces:/home/ngy/microros_ws/install/rcl_interfaces:/home/ngy/microros_ws/install/microxrcedds_client:/home/ngy/microros_ws/install/microcdr:/home/ngy/microros_ws/install/micro_ros_msgs:/home/ngy/microros_ws/install/micro_ros_demos_rclcpp:/home/ngy/microros_ws/install/lifecycle_msgs:/home/ngy/microros_ws/install/complex_msgs:/home/ngy/microros_ws/install/builtin_interfaces:/home/ngy/microros_ws/install/micro_ros_setup:/home/ngy/microros_ws/install/sensor_msgs_py:/opt/ros/foxy LD_LIBRARY_PATH=/home/ngy/micro_ros/install/geometry_msgs/lib:/home/ngy/micro_ros/install/std_msgs/lib:/home/ngy/micro_ros/install/builtin_interfaces/lib:${LD_LIBRARY_PATH} PYTHONPATH=/home/ngy/micro_ros/install/geometry_msgs/lib/python3.8/site-packages:/home/ngy/micro_ros/install/std_msgs/lib/python3.8/site-packages:/home/ngy/micro_ros/install/builtin_interfaces/lib/python3.8/site-packages:${PYTHONPATH} /usr/bin/cmake --build /home/ngy/micro_ros/build/diagnostic_msgs -- -j12 -l12
[36.738s] Invoking command in '/home/ngy/micro_ros/build/diagnostic_msgs': AMENT_PREFIX_PATH=/home/ngy/micro_ros/install/geometry_msgs:/home/ngy/micro_ros/install/std_msgs:/home/ngy/micro_ros/install/builtin_interfaces:${AMENT_PREFIX_PATH} CMAKE_PREFIX_PATH=/home/ngy/micro_ros/install/geometry_msgs:/home/ngy/micro_ros/install/std_msgs:/home/ngy/micro_ros/install/builtin_interfaces:/home/ngy/micro_ros/install/rosidl_typesupport_microxrcedds_cpp:/home/ngy/micro_ros/install/rosidl_typesupport_microxrcedds_c:/home/ngy/micro_ros/install/microcdr:/home/ngy/micro_ros/install/micro_ros_msgs:/home/ngy/micro_ros/install/micro_ros_setup:/home/ngy/microros_ws/install/micro_ros_agent:/home/ngy/microros_ws/install/common_interfaces:/home/ngy/microros_ws/install/visualization_msgs:/home/ngy/microros_ws/install/test_msgs:/home/ngy/microros_ws/install/micro_ros_demos_rclc:/home/ngy/microros_ws/install/example_interfaces:/home/ngy/microros_ws/install/action_msgs:/home/ngy/microros_ws/install/unique_identifier_msgs:/home/ngy/microros_ws/install/trajectory_msgs:/home/ngy/microros_ws/install/stereo_msgs:/home/ngy/microros_ws/install/std_srvs:/home/ngy/microros_ws/install/shape_msgs:/home/ngy/microros_ws/install/sensor_msgs:/home/ngy/microros_ws/install/nav_msgs:/home/ngy/microros_ws/install/diagnostic_msgs:/home/ngy/microros_ws/install/geometry_msgs:/home/ngy/microros_ws/install/actionlib_msgs:/home/ngy/microros_ws/install/std_msgs:/home/ngy/microros_ws/install/statistics_msgs:/home/ngy/microros_ws/install/rosidl_typesupport_microxrcedds_test_msg:/home/ngy/microros_ws/install/rosidl_typesupport_microxrcedds_cpp_tests:/home/ngy/microros_ws/install/rmw_microxrcedds:/home/ngy/microros_ws/install/rosidl_typesupport_microxrcedds_cpp:/home/ngy/microros_ws/install/rosidl_typesupport_microxrcedds_c_tests:/home/ngy/microros_ws/install/rosidl_typesupport_microxrcedds_c:/home/ngy/microros_ws/install/rosgraph_msgs:/home/ngy/microros_ws/install/rclc_parameter:/home/ngy/microros_ws/install/rclc:/home/ngy/microros_ws/install/composition_interfaces:/home/ngy/microros_ws/install/rcl_interfaces:/home/ngy/microros_ws/install/microxrcedds_client:/home/ngy/microros_ws/install/microcdr:/home/ngy/microros_ws/install/micro_ros_msgs:/home/ngy/microros_ws/install/micro_ros_demos_rclcpp:/home/ngy/microros_ws/install/lifecycle_msgs:/home/ngy/microros_ws/install/complex_msgs:/home/ngy/microros_ws/install/builtin_interfaces:/home/ngy/microros_ws/install/micro_ros_setup:/home/ngy/microros_ws/install/sensor_msgs_py:/opt/ros/foxy LD_LIBRARY_PATH=/home/ngy/micro_ros/install/geometry_msgs/lib:/home/ngy/micro_ros/install/std_msgs/lib:/home/ngy/micro_ros/install/builtin_interfaces/lib:${LD_LIBRARY_PATH} PYTHONPATH=/home/ngy/micro_ros/install/geometry_msgs/lib/python3.8/site-packages:/home/ngy/micro_ros/install/std_msgs/lib/python3.8/site-packages:/home/ngy/micro_ros/install/builtin_interfaces/lib/python3.8/site-packages:${PYTHONPATH} /usr/bin/cmake --install /home/ngy/micro_ros/build/diagnostic_msgs
[36.753s] -- Install configuration: ""
[36.753s] -- Installing: /home/ngy/micro_ros/install/diagnostic_msgs/share/ament_index/resource_index/rosidl_interfaces/diagnostic_msgs
[36.754s] -- Installing: /home/ngy/micro_ros/install/diagnostic_msgs/include/diagnostic_msgs
[36.754s] -- Installing: /home/ngy/micro_ros/install/diagnostic_msgs/include/diagnostic_msgs/srv
[36.754s] -- Installing: /home/ngy/micro_ros/install/diagnostic_msgs/include/diagnostic_msgs/srv/add_diagnostics.h
[36.755s] -- Installing: /home/ngy/micro_ros/install/diagnostic_msgs/include/diagnostic_msgs/srv/detail
[36.755s] -- Installing: /home/ngy/micro_ros/install/diagnostic_msgs/include/diagnostic_msgs/srv/detail/self_test__functions.h
[36.755s] -- Installing: /home/ngy/micro_ros/install/diagnostic_msgs/include/diagnostic_msgs/srv/detail/self_test__struct.h
[36.755s] -- Installing: /home/ngy/micro_ros/install/diagnostic_msgs/include/diagnostic_msgs/srv/detail/self_test__functions.c
[36.756s] -- Installing: /home/ngy/micro_ros/install/diagnostic_msgs/include/diagnostic_msgs/srv/detail/self_test__type_support.h
[36.757s] -- Installing: /home/ngy/micro_ros/install/diagnostic_msgs/include/diagnostic_msgs/srv/detail/add_diagnostics__functions.c
[36.757s] -- Installing: /home/ngy/micro_ros/install/diagnostic_msgs/include/diagnostic_msgs/srv/detail/add_diagnostics__functions.h
[36.757s] -- Installing: /home/ngy/micro_ros/install/diagnostic_msgs/include/diagnostic_msgs/srv/detail/add_diagnostics__type_support.h
[36.757s] -- Installing: /home/ngy/micro_ros/install/diagnostic_msgs/include/diagnostic_msgs/srv/detail/add_diagnostics__struct.h
[36.758s] -- Installing: /home/ngy/micro_ros/install/diagnostic_msgs/include/diagnostic_msgs/srv/self_test.h
[36.758s] -- Installing: /home/ngy/micro_ros/install/diagnostic_msgs/include/diagnostic_msgs/msg
[36.758s] -- Installing: /home/ngy/micro_ros/install/diagnostic_msgs/include/diagnostic_msgs/msg/key_value.h
[36.759s] -- Installing: /home/ngy/micro_ros/install/diagnostic_msgs/include/diagnostic_msgs/msg/detail
[36.759s] -- Installing: /home/ngy/micro_ros/install/diagnostic_msgs/include/diagnostic_msgs/msg/detail/diagnostic_status__type_support.h
[36.759s] -- Installing: /home/ngy/micro_ros/install/diagnostic_msgs/include/diagnostic_msgs/msg/detail/diagnostic_array__functions.h
[36.759s] -- Installing: /home/ngy/micro_ros/install/diagnostic_msgs/include/diagnostic_msgs/msg/detail/diagnostic_status__struct.h
[36.760s] -- Installing: /home/ngy/micro_ros/install/diagnostic_msgs/include/diagnostic_msgs/msg/detail/key_value__functions.h
[36.760s] -- Installing: /home/ngy/micro_ros/install/diagnostic_msgs/include/diagnostic_msgs/msg/detail/diagnostic_array__type_support.h
[36.760s] -- Installing: /home/ngy/micro_ros/install/diagnostic_msgs/include/diagnostic_msgs/msg/detail/diagnostic_array__struct.h
[36.760s] -- Installing: /home/ngy/micro_ros/install/diagnostic_msgs/include/diagnostic_msgs/msg/detail/diagnostic_array__functions.c
[36.761s] -- Installing: /home/ngy/micro_ros/install/diagnostic_msgs/include/diagnostic_msgs/msg/detail/diagnostic_status__functions.h
[36.761s] -- Installing: /home/ngy/micro_ros/install/diagnostic_msgs/include/diagnostic_msgs/msg/detail/key_value__type_support.h
[36.761s] -- Installing: /home/ngy/micro_ros/install/diagnostic_msgs/include/diagnostic_msgs/msg/detail/key_value__functions.c
[36.761s] -- Installing: /home/ngy/micro_ros/install/diagnostic_msgs/include/diagnostic_msgs/msg/detail/key_value__struct.h
[36.761s] -- Installing: /home/ngy/micro_ros/install/diagnostic_msgs/include/diagnostic_msgs/msg/detail/diagnostic_status__functions.c
[36.762s] -- Installing: /home/ngy/micro_ros/install/diagnostic_msgs/include/diagnostic_msgs/msg/diagnostic_array.h
[36.762s] -- Installing: /home/ngy/micro_ros/install/diagnostic_msgs/include/diagnostic_msgs/msg/rosidl_generator_c__visibility_control.h
[36.762s] -- Installing: /home/ngy/micro_ros/install/diagnostic_msgs/include/diagnostic_msgs/msg/diagnostic_status.h
[36.763s] -- Installing: /home/ngy/micro_ros/install/diagnostic_msgs/share/diagnostic_msgs/environment/library_path.sh
[36.763s] -- Installing: /home/ngy/micro_ros/install/diagnostic_msgs/share/diagnostic_msgs/environment/library_path.dsv
[36.763s] -- Installing: /home/ngy/micro_ros/install/diagnostic_msgs/lib/libdiagnostic_msgs__rosidl_generator_c.so
[36.763s] -- Set runtime path of "/home/ngy/micro_ros/install/diagnostic_msgs/lib/libdiagnostic_msgs__rosidl_generator_c.so" to ""
[36.764s] -- Up-to-date: /home/ngy/micro_ros/install/diagnostic_msgs/include/diagnostic_msgs
[36.764s] -- Up-to-date: /home/ngy/micro_ros/install/diagnostic_msgs/include/diagnostic_msgs/srv
[36.764s] -- Up-to-date: /home/ngy/micro_ros/install/diagnostic_msgs/include/diagnostic_msgs/srv/detail
[36.764s] -- Installing: /home/ngy/micro_ros/install/diagnostic_msgs/include/diagnostic_msgs/srv/detail/microxrcedds
[36.764s] -- Installing: /home/ngy/micro_ros/install/diagnostic_msgs/include/diagnostic_msgs/srv/detail/self_test__rosidl_typesupport_microxrcedds_c.h
[36.765s] -- Installing: /home/ngy/micro_ros/install/diagnostic_msgs/include/diagnostic_msgs/srv/detail/add_diagnostics__rosidl_typesupport_microxrcedds_c.h
[36.765s] -- Up-to-date: /home/ngy/micro_ros/install/diagnostic_msgs/include/diagnostic_msgs/msg
[36.765s] -- Up-to-date: /home/ngy/micro_ros/install/diagnostic_msgs/include/diagnostic_msgs/msg/detail
[36.765s] -- Installing: /home/ngy/micro_ros/install/diagnostic_msgs/include/diagnostic_msgs/msg/detail/microxrcedds
[36.766s] -- Installing: /home/ngy/micro_ros/install/diagnostic_msgs/include/diagnostic_msgs/msg/detail/key_value__rosidl_typesupport_microxrcedds_c.h
[36.766s] -- Installing: /home/ngy/micro_ros/install/diagnostic_msgs/include/diagnostic_msgs/msg/detail/diagnostic_array__rosidl_typesupport_microxrcedds_c.h
[36.766s] -- Installing: /home/ngy/micro_ros/install/diagnostic_msgs/include/diagnostic_msgs/msg/detail/diagnostic_status__rosidl_typesupport_microxrcedds_c.h
[36.767s] -- Installing: /home/ngy/micro_ros/install/diagnostic_msgs/include/diagnostic_msgs/msg/rosidl_typesupport_microxrcedds_c__visibility_control.h
[36.767s] -- Installing: /home/ngy/micro_ros/install/diagnostic_msgs/lib/libdiagnostic_msgs__rosidl_typesupport_microxrcedds_c.so
[36.767s] -- Set runtime path of "/home/ngy/micro_ros/install/diagnostic_msgs/lib/libdiagnostic_msgs__rosidl_typesupport_microxrcedds_c.so" to ""
[36.767s] -- Up-to-date: /home/ngy/micro_ros/install/diagnostic_msgs/include/diagnostic_msgs
[36.767s] -- Up-to-date: /home/ngy/micro_ros/install/diagnostic_msgs/include/diagnostic_msgs/srv
[36.768s] -- Up-to-date: /home/ngy/micro_ros/install/diagnostic_msgs/include/diagnostic_msgs/srv/detail
[36.768s] -- Installing: /home/ngy/micro_ros/install/diagnostic_msgs/include/diagnostic_msgs/srv/detail/self_test__rosidl_typesupport_fastrtps_c.h
[36.768s] -- Installing: /home/ngy/micro_ros/install/diagnostic_msgs/include/diagnostic_msgs/srv/detail/add_diagnostics__rosidl_typesupport_fastrtps_c.h
[36.768s] -- Up-to-date: /home/ngy/micro_ros/install/diagnostic_msgs/include/diagnostic_msgs/msg
[36.768s] -- Up-to-date: /home/ngy/micro_ros/install/diagnostic_msgs/include/diagnostic_msgs/msg/detail
[36.769s] -- Installing: /home/ngy/micro_ros/install/diagnostic_msgs/include/diagnostic_msgs/msg/detail/diagnostic_status__rosidl_typesupport_fastrtps_c.h
[36.769s] -- Installing: /home/ngy/micro_ros/install/diagnostic_msgs/include/diagnostic_msgs/msg/detail/key_value__rosidl_typesupport_fastrtps_c.h
[36.769s] -- Installing: /home/ngy/micro_ros/install/diagnostic_msgs/include/diagnostic_msgs/msg/detail/diagnostic_array__rosidl_typesupport_fastrtps_c.h
[36.769s] -- Installing: /home/ngy/micro_ros/install/diagnostic_msgs/include/diagnostic_msgs/msg/rosidl_typesupport_fastrtps_c__visibility_control.h
[36.770s] -- Installing: /home/ngy/micro_ros/install/diagnostic_msgs/lib/libdiagnostic_msgs__rosidl_typesupport_fastrtps_c.so
[36.770s] -- Set runtime path of "/home/ngy/micro_ros/install/diagnostic_msgs/lib/libdiagnostic_msgs__rosidl_typesupport_fastrtps_c.so" to ""
[36.770s] -- Up-to-date: /home/ngy/micro_ros/install/diagnostic_msgs/include/diagnostic_msgs
[36.770s] -- Up-to-date: /home/ngy/micro_ros/install/diagnostic_msgs/include/diagnostic_msgs/srv
[36.771s] -- Up-to-date: /home/ngy/micro_ros/install/diagnostic_msgs/include/diagnostic_msgs/srv/detail
[36.771s] -- Installing: /home/ngy/micro_ros/install/diagnostic_msgs/include/diagnostic_msgs/srv/detail/add_diagnostics__rosidl_typesupport_fastrtps_cpp.hpp
[36.771s] -- Installing: /home/ngy/micro_ros/install/diagnostic_msgs/include/diagnostic_msgs/srv/detail/dds_fastrtps
[36.771s] -- Installing: /home/ngy/micro_ros/install/diagnostic_msgs/include/diagnostic_msgs/srv/detail/self_test__rosidl_typesupport_fastrtps_cpp.hpp
[36.772s] -- Up-to-date: /home/ngy/micro_ros/install/diagnostic_msgs/include/diagnostic_msgs/msg
[36.772s] -- Installing: /home/ngy/micro_ros/install/diagnostic_msgs/include/diagnostic_msgs/msg/rosidl_typesupport_fastrtps_cpp__visibility_control.h
[36.772s] -- Up-to-date: /home/ngy/micro_ros/install/diagnostic_msgs/include/diagnostic_msgs/msg/detail
[36.773s] -- Installing: /home/ngy/micro_ros/install/diagnostic_msgs/include/diagnostic_msgs/msg/detail/diagnostic_status__rosidl_typesupport_fastrtps_cpp.hpp
[36.773s] -- Installing: /home/ngy/micro_ros/install/diagnostic_msgs/include/diagnostic_msgs/msg/detail/key_value__rosidl_typesupport_fastrtps_cpp.hpp
[36.773s] -- Installing: /home/ngy/micro_ros/install/diagnostic_msgs/include/diagnostic_msgs/msg/detail/diagnostic_array__rosidl_typesupport_fastrtps_cpp.hpp
[36.773s] -- Installing: /home/ngy/micro_ros/install/diagnostic_msgs/include/diagnostic_msgs/msg/detail/dds_fastrtps
[36.773s] -- Installing: /home/ngy/micro_ros/install/diagnostic_msgs/lib/libdiagnostic_msgs__rosidl_typesupport_fastrtps_cpp.so
[36.774s] -- Set runtime path of "/home/ngy/micro_ros/install/diagnostic_msgs/lib/libdiagnostic_msgs__rosidl_typesupport_fastrtps_cpp.so" to ""
[36.774s] -- Up-to-date: /home/ngy/micro_ros/install/diagnostic_msgs/include/diagnostic_msgs
[36.774s] -- Up-to-date: /home/ngy/micro_ros/install/diagnostic_msgs/include/diagnostic_msgs/srv
[36.774s] -- Up-to-date: /home/ngy/micro_ros/install/diagnostic_msgs/include/diagnostic_msgs/srv/detail
[36.774s] -- Installing: /home/ngy/micro_ros/install/diagnostic_msgs/include/diagnostic_msgs/srv/detail/add_diagnostics__rosidl_typesupport_introspection_c.h
[36.775s] -- Installing: /home/ngy/micro_ros/install/diagnostic_msgs/include/diagnostic_msgs/srv/detail/self_test__type_support.c
[36.775s] -- Installing: /home/ngy/micro_ros/install/diagnostic_msgs/include/diagnostic_msgs/srv/detail/add_diagnostics__type_support.c
[36.775s] -- Installing: /home/ngy/micro_ros/install/diagnostic_msgs/include/diagnostic_msgs/srv/detail/self_test__rosidl_typesupport_introspection_c.h
[36.775s] -- Up-to-date: /home/ngy/micro_ros/install/diagnostic_msgs/include/diagnostic_msgs/msg
[36.776s] -- Installing: /home/ngy/micro_ros/install/diagnostic_msgs/include/diagnostic_msgs/msg/rosidl_typesupport_introspection_c__visibility_control.h
[36.776s] -- Up-to-date: /home/ngy/micro_ros/install/diagnostic_msgs/include/diagnostic_msgs/msg/detail
[36.776s] -- Installing: /home/ngy/micro_ros/install/diagnostic_msgs/include/diagnostic_msgs/msg/detail/diagnostic_status__rosidl_typesupport_introspection_c.h
[36.776s] -- Installing: /home/ngy/micro_ros/install/diagnostic_msgs/include/diagnostic_msgs/msg/detail/diagnostic_array__type_support.c
[36.777s] -- Installing: /home/ngy/micro_ros/install/diagnostic_msgs/include/diagnostic_msgs/msg/detail/diagnostic_array__rosidl_typesupport_introspection_c.h
[36.777s] -- Installing: /home/ngy/micro_ros/install/diagnostic_msgs/include/diagnostic_msgs/msg/detail/key_value__rosidl_typesupport_introspection_c.h
[36.777s] -- Installing: /home/ngy/micro_ros/install/diagnostic_msgs/include/diagnostic_msgs/msg/detail/key_value__type_support.c
[36.777s] -- Installing: /home/ngy/micro_ros/install/diagnostic_msgs/include/diagnostic_msgs/msg/detail/diagnostic_status__type_support.c
[36.778s] -- Installing: /home/ngy/micro_ros/install/diagnostic_msgs/lib/libdiagnostic_msgs__rosidl_typesupport_introspection_c.so
[36.778s] -- Set runtime path of "/home/ngy/micro_ros/install/diagnostic_msgs/lib/libdiagnostic_msgs__rosidl_typesupport_introspection_c.so" to ""
[36.778s] -- Installing: /home/ngy/micro_ros/install/diagnostic_msgs/lib/libdiagnostic_msgs__rosidl_typesupport_c.so
[36.778s] -- Set runtime path of "/home/ngy/micro_ros/install/diagnostic_msgs/lib/libdiagnostic_msgs__rosidl_typesupport_c.so" to ""
[36.779s] -- Up-to-date: /home/ngy/micro_ros/install/diagnostic_msgs/include/diagnostic_msgs
[36.779s] -- Up-to-date: /home/ngy/micro_ros/install/diagnostic_msgs/include/diagnostic_msgs/srv
[36.779s] -- Installing: /home/ngy/micro_ros/install/diagnostic_msgs/include/diagnostic_msgs/srv/self_test.hpp
[36.780s] -- Up-to-date: /home/ngy/micro_ros/install/diagnostic_msgs/include/diagnostic_msgs/srv/detail
[36.780s] -- Installing: /home/ngy/micro_ros/install/diagnostic_msgs/include/diagnostic_msgs/srv/detail/self_test__builder.hpp
[36.780s] -- Installing: /home/ngy/micro_ros/install/diagnostic_msgs/include/diagnostic_msgs/srv/detail/add_diagnostics__builder.hpp
[36.780s] -- Installing: /home/ngy/micro_ros/install/diagnostic_msgs/include/diagnostic_msgs/srv/detail/self_test__struct.hpp
[36.781s] -- Installing: /home/ngy/micro_ros/install/diagnostic_msgs/include/diagnostic_msgs/srv/detail/self_test__traits.hpp
[36.781s] -- Installing: /home/ngy/micro_ros/install/diagnostic_msgs/include/diagnostic_msgs/srv/detail/add_diagnostics__struct.hpp
[36.781s] -- Installing: /home/ngy/micro_ros/install/diagnostic_msgs/include/diagnostic_msgs/srv/detail/add_diagnostics__traits.hpp
[36.781s] -- Installing: /home/ngy/micro_ros/install/diagnostic_msgs/include/diagnostic_msgs/srv/add_diagnostics.hpp
[36.782s] -- Up-to-date: /home/ngy/micro_ros/install/diagnostic_msgs/include/diagnostic_msgs/msg
[36.782s] -- Installing: /home/ngy/micro_ros/install/diagnostic_msgs/include/diagnostic_msgs/msg/diagnostic_array.hpp
[36.782s] -- Installing: /home/ngy/micro_ros/install/diagnostic_msgs/include/diagnostic_msgs/msg/diagnostic_status.hpp
[36.782s] -- Up-to-date: /home/ngy/micro_ros/install/diagnostic_msgs/include/diagnostic_msgs/msg/detail
[36.782s] -- Installing: /home/ngy/micro_ros/install/diagnostic_msgs/include/diagnostic_msgs/msg/detail/key_value__traits.hpp
[36.783s] -- Installing: /home/ngy/micro_ros/install/diagnostic_msgs/include/diagnostic_msgs/msg/detail/diagnostic_array__traits.hpp
[36.783s] -- Installing: /home/ngy/micro_ros/install/diagnostic_msgs/include/diagnostic_msgs/msg/detail/diagnostic_status__builder.hpp
[36.783s] -- Installing: /home/ngy/micro_ros/install/diagnostic_msgs/include/diagnostic_msgs/msg/detail/diagnostic_status__struct.hpp
[36.783s] -- Installing: /home/ngy/micro_ros/install/diagnostic_msgs/include/diagnostic_msgs/msg/detail/diagnostic_status__traits.hpp
[36.783s] -- Installing: /home/ngy/micro_ros/install/diagnostic_msgs/include/diagnostic_msgs/msg/detail/diagnostic_array__struct.hpp
[36.783s] -- Installing: /home/ngy/micro_ros/install/diagnostic_msgs/include/diagnostic_msgs/msg/detail/diagnostic_array__builder.hpp
[36.784s] -- Installing: /home/ngy/micro_ros/install/diagnostic_msgs/include/diagnostic_msgs/msg/detail/key_value__struct.hpp
[36.784s] -- Installing: /home/ngy/micro_ros/install/diagnostic_msgs/include/diagnostic_msgs/msg/detail/key_value__builder.hpp
[36.784s] -- Installing: /home/ngy/micro_ros/install/diagnostic_msgs/include/diagnostic_msgs/msg/key_value.hpp
[36.784s] -- Up-to-date: /home/ngy/micro_ros/install/diagnostic_msgs/include/diagnostic_msgs
[36.784s] -- Up-to-date: /home/ngy/micro_ros/install/diagnostic_msgs/include/diagnostic_msgs/srv
[36.785s] -- Up-to-date: /home/ngy/micro_ros/install/diagnostic_msgs/include/diagnostic_msgs/srv/detail
[36.785s] -- Up-to-date: /home/ngy/micro_ros/install/diagnostic_msgs/include/diagnostic_msgs/srv/detail/microxrcedds
[36.785s] -- Installing: /home/ngy/micro_ros/install/diagnostic_msgs/include/diagnostic_msgs/srv/detail/microxrcedds/add_diagnostics__type_support_cpp.cpp
[36.785s] -- Installing: /home/ngy/micro_ros/install/diagnostic_msgs/include/diagnostic_msgs/srv/detail/microxrcedds/self_test__type_support_cpp.cpp
[36.785s] -- Installing: /home/ngy/micro_ros/install/diagnostic_msgs/include/diagnostic_msgs/srv/detail/self_test__rosidl_typesupport_microxrcedds_cpp.hpp
[36.786s] -- Installing: /home/ngy/micro_ros/install/diagnostic_msgs/include/diagnostic_msgs/srv/detail/add_diagnostics__rosidl_typesupport_microxrcedds_cpp.hpp
[36.786s] -- Up-to-date: /home/ngy/micro_ros/install/diagnostic_msgs/include/diagnostic_msgs/msg
[36.786s] -- Up-to-date: /home/ngy/micro_ros/install/diagnostic_msgs/include/diagnostic_msgs/msg/detail
[36.786s] -- Installing: /home/ngy/micro_ros/install/diagnostic_msgs/include/diagnostic_msgs/msg/detail/diagnostic_array__rosidl_typesupport_microxrcedds_cpp.hpp
[36.787s] -- Up-to-date: /home/ngy/micro_ros/install/diagnostic_msgs/include/diagnostic_msgs/msg/detail/microxrcedds
[36.787s] -- Installing: /home/ngy/micro_ros/install/diagnostic_msgs/include/diagnostic_msgs/msg/detail/microxrcedds/diagnostic_status__type_support_cpp.cpp
[36.787s] -- Installing: /home/ngy/micro_ros/install/diagnostic_msgs/include/diagnostic_msgs/msg/detail/microxrcedds/key_value__type_support_cpp.cpp
[36.787s] -- Installing: /home/ngy/micro_ros/install/diagnostic_msgs/include/diagnostic_msgs/msg/detail/microxrcedds/diagnostic_array__type_support_cpp.cpp
[36.787s] -- Installing: /home/ngy/micro_ros/install/diagnostic_msgs/include/diagnostic_msgs/msg/detail/diagnostic_status__rosidl_typesupport_microxrcedds_cpp.hpp
[36.788s] -- Installing: /home/ngy/micro_ros/install/diagnostic_msgs/include/diagnostic_msgs/msg/detail/key_value__rosidl_typesupport_microxrcedds_cpp.hpp
[36.788s] -- Installing: /home/ngy/micro_ros/install/diagnostic_msgs/include/diagnostic_msgs/msg/rosidl_typesupport_microxrcedds_cpp__visibility_control.h
[36.788s] -- Installing: /home/ngy/micro_ros/install/diagnostic_msgs/lib/libdiagnostic_msgs__rosidl_typesupport_microxrcedds_cpp.so
[36.788s] -- Set runtime path of "/home/ngy/micro_ros/install/diagnostic_msgs/lib/libdiagnostic_msgs__rosidl_typesupport_microxrcedds_cpp.so" to ""
[36.788s] -- Up-to-date: /home/ngy/micro_ros/install/diagnostic_msgs/include/diagnostic_msgs
[36.789s] -- Up-to-date: /home/ngy/micro_ros/install/diagnostic_msgs/include/diagnostic_msgs/srv
[36.789s] -- Up-to-date: /home/ngy/micro_ros/install/diagnostic_msgs/include/diagnostic_msgs/srv/detail
[36.789s] -- Installing: /home/ngy/micro_ros/install/diagnostic_msgs/include/diagnostic_msgs/srv/detail/add_diagnostics__rosidl_typesupport_introspection_cpp.hpp
[36.789s] -- Installing: /home/ngy/micro_ros/install/diagnostic_msgs/include/diagnostic_msgs/srv/detail/self_test__rosidl_typesupport_introspection_cpp.hpp
[36.789s] -- Installing: /home/ngy/micro_ros/install/diagnostic_msgs/include/diagnostic_msgs/srv/detail/self_test__type_support.cpp
[36.789s] -- Installing: /home/ngy/micro_ros/install/diagnostic_msgs/include/diagnostic_msgs/srv/detail/add_diagnostics__type_support.cpp
[36.790s] -- Up-to-date: /home/ngy/micro_ros/install/diagnostic_msgs/include/diagnostic_msgs/msg
[36.790s] -- Up-to-date: /home/ngy/micro_ros/install/diagnostic_msgs/include/diagnostic_msgs/msg/detail
[36.790s] -- Installing: /home/ngy/micro_ros/install/diagnostic_msgs/include/diagnostic_msgs/msg/detail/diagnostic_array__type_support.cpp
[36.790s] -- Installing: /home/ngy/micro_ros/install/diagnostic_msgs/include/diagnostic_msgs/msg/detail/key_value__type_support.cpp
[36.790s] -- Installing: /home/ngy/micro_ros/install/diagnostic_msgs/include/diagnostic_msgs/msg/detail/diagnostic_status__rosidl_typesupport_introspection_cpp.hpp
[36.791s] -- Installing: /home/ngy/micro_ros/install/diagnostic_msgs/include/diagnostic_msgs/msg/detail/key_value__rosidl_typesupport_introspection_cpp.hpp
[36.791s] -- Installing: /home/ngy/micro_ros/install/diagnostic_msgs/include/diagnostic_msgs/msg/detail/diagnostic_array__rosidl_typesupport_introspection_cpp.hpp
[36.791s] -- Installing: /home/ngy/micro_ros/install/diagnostic_msgs/include/diagnostic_msgs/msg/detail/diagnostic_status__type_support.cpp
[36.791s] -- Installing: /home/ngy/micro_ros/install/diagnostic_msgs/lib/libdiagnostic_msgs__rosidl_typesupport_introspection_cpp.so
[36.791s] -- Set runtime path of "/home/ngy/micro_ros/install/diagnostic_msgs/lib/libdiagnostic_msgs__rosidl_typesupport_introspection_cpp.so" to ""
[36.792s] -- Installing: /home/ngy/micro_ros/install/diagnostic_msgs/lib/libdiagnostic_msgs__rosidl_typesupport_cpp.so
[36.792s] -- Set runtime path of "/home/ngy/micro_ros/install/diagnostic_msgs/lib/libdiagnostic_msgs__rosidl_typesupport_cpp.so" to ""
[36.792s] -- Installing: /home/ngy/micro_ros/install/diagnostic_msgs/share/diagnostic_msgs/environment/pythonpath.sh
[36.792s] -- Installing: /home/ngy/micro_ros/install/diagnostic_msgs/share/diagnostic_msgs/environment/pythonpath.dsv
[36.792s] -- Installing: /home/ngy/micro_ros/install/diagnostic_msgs/lib/python3.8/site-packages/diagnostic_msgs/__init__.py
[36.834s] Compiling '/home/ngy/micro_ros/install/diagnostic_msgs/lib/python3.8/site-packages/diagnostic_msgs/__init__.py'...
[36.839s] -- Installing: /home/ngy/micro_ros/install/diagnostic_msgs/lib/python3.8/site-packages/diagnostic_msgs/msg
[36.840s] -- Installing: /home/ngy/micro_ros/install/diagnostic_msgs/lib/python3.8/site-packages/diagnostic_msgs/msg/_key_value_s.c
[36.840s] -- Installing: /home/ngy/micro_ros/install/diagnostic_msgs/lib/python3.8/site-packages/diagnostic_msgs/msg/_diagnostic_status.py
[36.840s] -- Installing: /home/ngy/micro_ros/install/diagnostic_msgs/lib/python3.8/site-packages/diagnostic_msgs/msg/_key_value.py
[36.841s] -- Installing: /home/ngy/micro_ros/install/diagnostic_msgs/lib/python3.8/site-packages/diagnostic_msgs/msg/_diagnostic_status_s.c
[36.841s] -- Installing: /home/ngy/micro_ros/install/diagnostic_msgs/lib/python3.8/site-packages/diagnostic_msgs/msg/__init__.py
[36.841s] -- Installing: /home/ngy/micro_ros/install/diagnostic_msgs/lib/python3.8/site-packages/diagnostic_msgs/msg/_diagnostic_array_s.c
[36.841s] -- Installing: /home/ngy/micro_ros/install/diagnostic_msgs/lib/python3.8/site-packages/diagnostic_msgs/msg/_diagnostic_array.py
[36.842s] -- Installing: /home/ngy/micro_ros/install/diagnostic_msgs/lib/python3.8/site-packages/diagnostic_msgs/srv
[36.842s] -- Installing: /home/ngy/micro_ros/install/diagnostic_msgs/lib/python3.8/site-packages/diagnostic_msgs/srv/_self_test.py
[36.842s] -- Installing: /home/ngy/micro_ros/install/diagnostic_msgs/lib/python3.8/site-packages/diagnostic_msgs/srv/_add_diagnostics_s.c
[36.842s] -- Installing: /home/ngy/micro_ros/install/diagnostic_msgs/lib/python3.8/site-packages/diagnostic_msgs/srv/__init__.py
[36.842s] -- Installing: /home/ngy/micro_ros/install/diagnostic_msgs/lib/python3.8/site-packages/diagnostic_msgs/srv/_add_diagnostics.py
[36.843s] -- Installing: /home/ngy/micro_ros/install/diagnostic_msgs/lib/python3.8/site-packages/diagnostic_msgs/srv/_self_test_s.c
[36.843s] -- Installing: /home/ngy/micro_ros/install/diagnostic_msgs/lib/python3.8/site-packages/diagnostic_msgs/diagnostic_msgs_s__rosidl_typesupport_microxrcedds_c.cpython-38-x86_64-linux-gnu.so
[36.843s] -- Set runtime path of "/home/ngy/micro_ros/install/diagnostic_msgs/lib/python3.8/site-packages/diagnostic_msgs/diagnostic_msgs_s__rosidl_typesupport_microxrcedds_c.cpython-38-x86_64-linux-gnu.so" to ""
[36.843s] -- Installing: /home/ngy/micro_ros/install/diagnostic_msgs/lib/python3.8/site-packages/diagnostic_msgs/diagnostic_msgs_s__rosidl_typesupport_fastrtps_c.cpython-38-x86_64-linux-gnu.so
[36.844s] -- Set runtime path of "/home/ngy/micro_ros/install/diagnostic_msgs/lib/python3.8/site-packages/diagnostic_msgs/diagnostic_msgs_s__rosidl_typesupport_fastrtps_c.cpython-38-x86_64-linux-gnu.so" to ""
[36.844s] -- Installing: /home/ngy/micro_ros/install/diagnostic_msgs/lib/python3.8/site-packages/diagnostic_msgs/diagnostic_msgs_s__rosidl_typesupport_introspection_c.cpython-38-x86_64-linux-gnu.so
[36.844s] -- Set runtime path of "/home/ngy/micro_ros/install/diagnostic_msgs/lib/python3.8/site-packages/diagnostic_msgs/diagnostic_msgs_s__rosidl_typesupport_introspection_c.cpython-38-x86_64-linux-gnu.so" to ""
[36.845s] -- Installing: /home/ngy/micro_ros/install/diagnostic_msgs/lib/python3.8/site-packages/diagnostic_msgs/diagnostic_msgs_s__rosidl_typesupport_c.cpython-38-x86_64-linux-gnu.so
[36.845s] -- Set runtime path of "/home/ngy/micro_ros/install/diagnostic_msgs/lib/python3.8/site-packages/diagnostic_msgs/diagnostic_msgs_s__rosidl_typesupport_c.cpython-38-x86_64-linux-gnu.so" to ""
[36.846s] -- Installing: /home/ngy/micro_ros/install/diagnostic_msgs/lib/libdiagnostic_msgs__python.so
[36.846s] -- Set runtime path of "/home/ngy/micro_ros/install/diagnostic_msgs/lib/libdiagnostic_msgs__python.so" to ""
[36.846s] -- Installing: /home/ngy/micro_ros/install/diagnostic_msgs/share/diagnostic_msgs/msg/DiagnosticArray.idl
[36.847s] -- Installing: /home/ngy/micro_ros/install/diagnostic_msgs/share/diagnostic_msgs/msg/DiagnosticStatus.idl
[36.847s] -- Installing: /home/ngy/micro_ros/install/diagnostic_msgs/share/diagnostic_msgs/msg/KeyValue.idl
[36.847s] -- Installing: /home/ngy/micro_ros/install/diagnostic_msgs/share/diagnostic_msgs/srv/AddDiagnostics.idl
[36.847s] -- Installing: /home/ngy/micro_ros/install/diagnostic_msgs/share/diagnostic_msgs/srv/SelfTest.idl
[36.847s] -- Installing: /home/ngy/micro_ros/install/diagnostic_msgs/share/diagnostic_msgs/msg/DiagnosticArray.msg
[36.848s] -- Installing: /home/ngy/micro_ros/install/diagnostic_msgs/share/diagnostic_msgs/msg/DiagnosticStatus.msg
[36.848s] -- Installing: /home/ngy/micro_ros/install/diagnostic_msgs/share/diagnostic_msgs/msg/KeyValue.msg
[36.848s] -- Installing: /home/ngy/micro_ros/install/diagnostic_msgs/share/diagnostic_msgs/srv/AddDiagnostics.srv
[36.848s] -- Installing: /home/ngy/micro_ros/install/diagnostic_msgs/share/diagnostic_msgs/srv/AddDiagnostics_Request.msg
[36.848s] -- Installing: /home/ngy/micro_ros/install/diagnostic_msgs/share/diagnostic_msgs/srv/AddDiagnostics_Response.msg
[36.849s] -- Installing: /home/ngy/micro_ros/install/diagnostic_msgs/share/diagnostic_msgs/srv/SelfTest.srv
[36.849s] -- Installing: /home/ngy/micro_ros/install/diagnostic_msgs/share/diagnostic_msgs/srv/SelfTest_Request.msg
[36.849s] -- Installing: /home/ngy/micro_ros/install/diagnostic_msgs/share/diagnostic_msgs/srv/SelfTest_Response.msg
[36.849s] -- Installing: /home/ngy/micro_ros/install/diagnostic_msgs/share/ament_index/resource_index/package_run_dependencies/diagnostic_msgs
[36.850s] -- Installing: /home/ngy/micro_ros/install/diagnostic_msgs/share/ament_index/resource_index/parent_prefix_path/diagnostic_msgs
[36.850s] -- Installing: /home/ngy/micro_ros/install/diagnostic_msgs/share/diagnostic_msgs/environment/ament_prefix_path.sh
[36.850s] -- Installing: /home/ngy/micro_ros/install/diagnostic_msgs/share/diagnostic_msgs/environment/ament_prefix_path.dsv
[36.850s] -- Installing: /home/ngy/micro_ros/install/diagnostic_msgs/share/diagnostic_msgs/environment/path.sh
[36.851s] -- Installing: /home/ngy/micro_ros/install/diagnostic_msgs/share/diagnostic_msgs/environment/path.dsv
[36.851s] -- Installing: /home/ngy/micro_ros/install/diagnostic_msgs/share/diagnostic_msgs/local_setup.bash
[36.851s] -- Installing: /home/ngy/micro_ros/install/diagnostic_msgs/share/diagnostic_msgs/local_setup.sh
[36.851s] -- Installing: /home/ngy/micro_ros/install/diagnostic_msgs/share/diagnostic_msgs/local_setup.zsh
[36.852s] -- Installing: /home/ngy/micro_ros/install/diagnostic_msgs/share/diagnostic_msgs/local_setup.dsv
[36.852s] -- Installing: /home/ngy/micro_ros/install/diagnostic_msgs/share/diagnostic_msgs/package.dsv
[36.852s] -- Installing: /home/ngy/micro_ros/install/diagnostic_msgs/share/ament_index/resource_index/packages/diagnostic_msgs
[36.852s] -- Installing: /home/ngy/micro_ros/install/diagnostic_msgs/share/diagnostic_msgs/cmake/diagnostic_msgs__rosidl_generator_cExport.cmake
[36.853s] -- Installing: /home/ngy/micro_ros/install/diagnostic_msgs/share/diagnostic_msgs/cmake/diagnostic_msgs__rosidl_generator_cExport-noconfig.cmake
[36.853s] -- Installing: /home/ngy/micro_ros/install/diagnostic_msgs/share/diagnostic_msgs/cmake/diagnostic_msgs__rosidl_typesupport_introspection_cExport.cmake
[36.853s] -- Installing: /home/ngy/micro_ros/install/diagnostic_msgs/share/diagnostic_msgs/cmake/diagnostic_msgs__rosidl_typesupport_introspection_cExport-noconfig.cmake
[36.853s] -- Installing: /home/ngy/micro_ros/install/diagnostic_msgs/share/diagnostic_msgs/cmake/diagnostic_msgs__rosidl_typesupport_cExport.cmake
[36.853s] -- Installing: /home/ngy/micro_ros/install/diagnostic_msgs/share/diagnostic_msgs/cmake/diagnostic_msgs__rosidl_typesupport_cExport-noconfig.cmake
[36.854s] -- Installing: /home/ngy/micro_ros/install/diagnostic_msgs/share/diagnostic_msgs/cmake/diagnostic_msgs__rosidl_generator_cppExport.cmake
[36.854s] -- Installing: /home/ngy/micro_ros/install/diagnostic_msgs/share/diagnostic_msgs/cmake/diagnostic_msgs__rosidl_typesupport_introspection_cppExport.cmake
[36.854s] -- Installing: /home/ngy/micro_ros/install/diagnostic_msgs/share/diagnostic_msgs/cmake/diagnostic_msgs__rosidl_typesupport_introspection_cppExport-noconfig.cmake
[36.854s] -- Installing: /home/ngy/micro_ros/install/diagnostic_msgs/share/diagnostic_msgs/cmake/diagnostic_msgs__rosidl_typesupport_cppExport.cmake
[36.855s] -- Installing: /home/ngy/micro_ros/install/diagnostic_msgs/share/diagnostic_msgs/cmake/diagnostic_msgs__rosidl_typesupport_cppExport-noconfig.cmake
[36.855s] -- Installing: /home/ngy/micro_ros/install/diagnostic_msgs/share/diagnostic_msgs/cmake/rosidl_cmake-extras.cmake
[36.855s] -- Installing: /home/ngy/micro_ros/install/diagnostic_msgs/share/diagnostic_msgs/cmake/ament_cmake_export_dependencies-extras.cmake
[36.855s] -- Installing: /home/ngy/micro_ros/install/diagnostic_msgs/share/diagnostic_msgs/cmake/ament_cmake_export_libraries-extras.cmake
[36.855s] -- Installing: /home/ngy/micro_ros/install/diagnostic_msgs/share/diagnostic_msgs/cmake/ament_cmake_export_targets-extras.cmake
[36.856s] -- Installing: /home/ngy/micro_ros/install/diagnostic_msgs/share/diagnostic_msgs/cmake/ament_cmake_export_include_directories-extras.cmake
[36.856s] -- Installing: /home/ngy/micro_ros/install/diagnostic_msgs/share/diagnostic_msgs/cmake/rosidl_cmake_export_typesupport_libraries-extras.cmake
[36.856s] -- Installing: /home/ngy/micro_ros/install/diagnostic_msgs/share/diagnostic_msgs/cmake/rosidl_cmake_export_typesupport_targets-extras.cmake
[36.857s] -- Installing: /home/ngy/micro_ros/install/diagnostic_msgs/share/diagnostic_msgs/cmake/diagnostic_msgsConfig.cmake
[36.857s] -- Installing: /home/ngy/micro_ros/install/diagnostic_msgs/share/diagnostic_msgs/cmake/diagnostic_msgsConfig-version.cmake
[36.857s] -- Installing: /home/ngy/micro_ros/install/diagnostic_msgs/share/diagnostic_msgs/package.xml
[36.867s] Invoked command in '/home/ngy/micro_ros/build/diagnostic_msgs' returned '0': AMENT_PREFIX_PATH=/home/ngy/micro_ros/install/geometry_msgs:/home/ngy/micro_ros/install/std_msgs:/home/ngy/micro_ros/install/builtin_interfaces:${AMENT_PREFIX_PATH} CMAKE_PREFIX_PATH=/home/ngy/micro_ros/install/geometry_msgs:/home/ngy/micro_ros/install/std_msgs:/home/ngy/micro_ros/install/builtin_interfaces:/home/ngy/micro_ros/install/rosidl_typesupport_microxrcedds_cpp:/home/ngy/micro_ros/install/rosidl_typesupport_microxrcedds_c:/home/ngy/micro_ros/install/microcdr:/home/ngy/micro_ros/install/micro_ros_msgs:/home/ngy/micro_ros/install/micro_ros_setup:/home/ngy/microros_ws/install/micro_ros_agent:/home/ngy/microros_ws/install/common_interfaces:/home/ngy/microros_ws/install/visualization_msgs:/home/ngy/microros_ws/install/test_msgs:/home/ngy/microros_ws/install/micro_ros_demos_rclc:/home/ngy/microros_ws/install/example_interfaces:/home/ngy/microros_ws/install/action_msgs:/home/ngy/microros_ws/install/unique_identifier_msgs:/home/ngy/microros_ws/install/trajectory_msgs:/home/ngy/microros_ws/install/stereo_msgs:/home/ngy/microros_ws/install/std_srvs:/home/ngy/microros_ws/install/shape_msgs:/home/ngy/microros_ws/install/sensor_msgs:/home/ngy/microros_ws/install/nav_msgs:/home/ngy/microros_ws/install/diagnostic_msgs:/home/ngy/microros_ws/install/geometry_msgs:/home/ngy/microros_ws/install/actionlib_msgs:/home/ngy/microros_ws/install/std_msgs:/home/ngy/microros_ws/install/statistics_msgs:/home/ngy/microros_ws/install/rosidl_typesupport_microxrcedds_test_msg:/home/ngy/microros_ws/install/rosidl_typesupport_microxrcedds_cpp_tests:/home/ngy/microros_ws/install/rmw_microxrcedds:/home/ngy/microros_ws/install/rosidl_typesupport_microxrcedds_cpp:/home/ngy/microros_ws/install/rosidl_typesupport_microxrcedds_c_tests:/home/ngy/microros_ws/install/rosidl_typesupport_microxrcedds_c:/home/ngy/microros_ws/install/rosgraph_msgs:/home/ngy/microros_ws/install/rclc_parameter:/home/ngy/microros_ws/install/rclc:/home/ngy/microros_ws/install/composition_interfaces:/home/ngy/microros_ws/install/rcl_interfaces:/home/ngy/microros_ws/install/microxrcedds_client:/home/ngy/microros_ws/install/microcdr:/home/ngy/microros_ws/install/micro_ros_msgs:/home/ngy/microros_ws/install/micro_ros_demos_rclcpp:/home/ngy/microros_ws/install/lifecycle_msgs:/home/ngy/microros_ws/install/complex_msgs:/home/ngy/microros_ws/install/builtin_interfaces:/home/ngy/microros_ws/install/micro_ros_setup:/home/ngy/microros_ws/install/sensor_msgs_py:/opt/ros/foxy LD_LIBRARY_PATH=/home/ngy/micro_ros/install/geometry_msgs/lib:/home/ngy/micro_ros/install/std_msgs/lib:/home/ngy/micro_ros/install/builtin_interfaces/lib:${LD_LIBRARY_PATH} PYTHONPATH=/home/ngy/micro_ros/install/geometry_msgs/lib/python3.8/site-packages:/home/ngy/micro_ros/install/std_msgs/lib/python3.8/site-packages:/home/ngy/micro_ros/install/builtin_interfaces/lib/python3.8/site-packages:${PYTHONPATH} /usr/bin/cmake --install /home/ngy/micro_ros/build/diagnostic_msgs
