[0.022s] Invoking command in '/home/ngy/micro_ros/build/micro_ros_msgs': CMAKE_PREFIX_PATH=${CMAKE_PREFIX_PATH}:/home/ngy/micro_ros/install/sensor_msgs_py:/home/ngy/microros_ws/install/sensor_msgs_py:/opt/ros/foxy /usr/bin/cmake /home/ngy/micro_ros/src/uros/micro_ros_msgs -DUAGENT_BUILD_EXECUTABLE=OFF -DUAGENT_P2P_PROFILE=OFF --no-warn-unused-cli -DCMAKE_INSTALL_PREFIX=/home/ngy/micro_ros/install/micro_ros_msgs
[0.032s] Not searching for unused variables given on the command line.
[0.037s] -- Found ament_cmake: 0.9.11 (/opt/ros/foxy/share/ament_cmake/cmake)
[0.064s] -- Found PythonInterp: /usr/bin/python3 (found suitable version "3.8.10", minimum required is "3") 
[0.064s] -- Using PYTHON_EXECUTABLE: /usr/bin/python3
[0.247s] -- Found rosidl_default_generators: 1.0.1 (/opt/ros/foxy/share/rosidl_default_generators/cmake)
[0.262s] -- Using all available rosidl_typesupport_c: rosidl_typesupport_microxrcedds_c;rosidl_typesupport_fastrtps_c;rosidl_typesupport_introspection_c
[0.268s] -- Found rosidl_adapter: 1.3.0 (/opt/ros/foxy/share/rosidl_adapter/cmake)
[0.425s] -- Using all available rosidl_typesupport_cpp: rosidl_typesupport_microxrcedds_cpp;rosidl_typesupport_fastrtps_cpp;rosidl_typesupport_introspection_cpp
[0.478s] -- Found PythonInterp: /usr/bin/python3 (found version "3.8.10") 
[0.617s] -- Found ament_cmake_ros: 0.9.2 (/opt/ros/foxy/share/ament_cmake_ros/cmake)
[0.745s] -- Using all available rosidl_typesupport_c: rosidl_typesupport_microxrcedds_c;rosidl_typesupport_fastrtps_c;rosidl_typesupport_introspection_c
[0.767s] -- Using all available rosidl_typesupport_cpp: rosidl_typesupport_microxrcedds_cpp;rosidl_typesupport_fastrtps_cpp;rosidl_typesupport_introspection_cpp
[0.798s] -- Found PythonInterp: /usr/bin/python3 (found suitable version "3.8.10", minimum required is "3.5") 
[0.798s] -- Found python_cmake_module: 0.8.1 (/opt/ros/foxy/share/python_cmake_module/cmake)
[0.827s] -- Using PYTHON_EXECUTABLE: /usr/bin/python3
[0.827s] -- Using PYTHON_INCLUDE_DIRS: /usr/include/python3.8
[0.827s] -- Using PYTHON_LIBRARIES: /usr/lib/x86_64-linux-gnu/libpython3.8.so
[0.878s] -- Configuring done
[0.915s] -- Generating done
[0.919s] -- Build files have been written to: /home/ngy/micro_ros/build/micro_ros_msgs
[0.925s] Invoked command in '/home/ngy/micro_ros/build/micro_ros_msgs' returned '0': CMAKE_PREFIX_PATH=${CMAKE_PREFIX_PATH}:/home/ngy/micro_ros/install/sensor_msgs_py:/home/ngy/microros_ws/install/sensor_msgs_py:/opt/ros/foxy /usr/bin/cmake /home/ngy/micro_ros/src/uros/micro_ros_msgs -DUAGENT_BUILD_EXECUTABLE=OFF -DUAGENT_P2P_PROFILE=OFF --no-warn-unused-cli -DCMAKE_INSTALL_PREFIX=/home/ngy/micro_ros/install/micro_ros_msgs
[0.927s] Invoking command in '/home/ngy/micro_ros/build/micro_ros_msgs': CMAKE_PREFIX_PATH=${CMAKE_PREFIX_PATH}:/home/ngy/micro_ros/install/sensor_msgs_py:/home/ngy/microros_ws/install/sensor_msgs_py:/opt/ros/foxy /usr/bin/cmake --build /home/ngy/micro_ros/build/micro_ros_msgs -- -j12 -l12
[1.006s] [  1%] Built target micro_ros_msgs__cpp
[1.010s] [ 10%] Built target micro_ros_msgs__rosidl_generator_c
[1.063s] [ 18%] Built target micro_ros_msgs__rosidl_typesupport_cpp
[1.073s] [ 27%] Built target micro_ros_msgs__rosidl_typesupport_introspection_cpp
[1.074s] [ 35%] Built target micro_ros_msgs__rosidl_typesupport_microxrcedds_cpp
[1.075s] [ 44%] Built target micro_ros_msgs__rosidl_typesupport_introspection_c
[1.077s] [ 52%] Built target micro_ros_msgs__rosidl_typesupport_c
[1.077s] [ 61%] Built target micro_ros_msgs__rosidl_typesupport_fastrtps_cpp
[1.079s] [ 69%] Built target micro_ros_msgs__rosidl_typesupport_microxrcedds_c
[1.115s] [ 77%] Built target micro_ros_msgs__rosidl_typesupport_fastrtps_c
[1.148s] [ 77%] Built target micro_ros_msgs
[1.179s] [ 79%] Built target micro_ros_msgs__py
[1.219s] [ 86%] Built target micro_ros_msgs__python
[1.260s] [ 89%] Built target micro_ros_msgs__rosidl_typesupport_fastrtps_c__pyext
[1.260s] [ 93%] Built target micro_ros_msgs__rosidl_typesupport_introspection_c__pyext
[1.263s] [ 96%] Built target micro_ros_msgs__rosidl_typesupport_c__pyext
[1.265s] [100%] Built target micro_ros_msgs__rosidl_typesupport_microxrcedds_c__pyext
[1.281s] Invoked command in '/home/ngy/micro_ros/build/micro_ros_msgs' returned '0': CMAKE_PREFIX_PATH=${CMAKE_PREFIX_PATH}:/home/ngy/micro_ros/install/sensor_msgs_py:/home/ngy/microros_ws/install/sensor_msgs_py:/opt/ros/foxy /usr/bin/cmake --build /home/ngy/micro_ros/build/micro_ros_msgs -- -j12 -l12
[1.541s] Invoking command in '/home/ngy/micro_ros/build/micro_ros_msgs': CMAKE_PREFIX_PATH=${CMAKE_PREFIX_PATH}:/home/ngy/micro_ros/install/sensor_msgs_py:/home/ngy/microros_ws/install/sensor_msgs_py:/opt/ros/foxy /usr/bin/cmake --install /home/ngy/micro_ros/build/micro_ros_msgs
[1.553s] -- Install configuration: ""
[1.554s] -- Up-to-date: /home/ngy/micro_ros/install/micro_ros_msgs/share/ament_index/resource_index/rosidl_interfaces/micro_ros_msgs
[1.554s] -- Up-to-date: /home/ngy/micro_ros/install/micro_ros_msgs/include/micro_ros_msgs
[1.554s] -- Up-to-date: /home/ngy/micro_ros/install/micro_ros_msgs/include/micro_ros_msgs/msg
[1.554s] -- Up-to-date: /home/ngy/micro_ros/install/micro_ros_msgs/include/micro_ros_msgs/msg/node.h
[1.554s] -- Up-to-date: /home/ngy/micro_ros/install/micro_ros_msgs/include/micro_ros_msgs/msg/detail
[1.554s] -- Up-to-date: /home/ngy/micro_ros/install/micro_ros_msgs/include/micro_ros_msgs/msg/detail/entity__struct.h
[1.554s] -- Up-to-date: /home/ngy/micro_ros/install/micro_ros_msgs/include/micro_ros_msgs/msg/detail/node__functions.c
[1.554s] -- Up-to-date: /home/ngy/micro_ros/install/micro_ros_msgs/include/micro_ros_msgs/msg/detail/entity__functions.h
[1.555s] -- Up-to-date: /home/ngy/micro_ros/install/micro_ros_msgs/include/micro_ros_msgs/msg/detail/graph__type_support.h
[1.555s] -- Up-to-date: /home/ngy/micro_ros/install/micro_ros_msgs/include/micro_ros_msgs/msg/detail/node__functions.h
[1.555s] -- Up-to-date: /home/ngy/micro_ros/install/micro_ros_msgs/include/micro_ros_msgs/msg/detail/node__type_support.h
[1.556s] -- Up-to-date: /home/ngy/micro_ros/install/micro_ros_msgs/include/micro_ros_msgs/msg/detail/entity__type_support.h
[1.557s] -- Up-to-date: /home/ngy/micro_ros/install/micro_ros_msgs/include/micro_ros_msgs/msg/detail/graph__struct.h
[1.558s] -- Up-to-date: /home/ngy/micro_ros/install/micro_ros_msgs/include/micro_ros_msgs/msg/detail/graph__functions.c
[1.558s] -- Up-to-date: /home/ngy/micro_ros/install/micro_ros_msgs/include/micro_ros_msgs/msg/detail/node__struct.h
[1.558s] -- Up-to-date: /home/ngy/micro_ros/install/micro_ros_msgs/include/micro_ros_msgs/msg/detail/entity__functions.c
[1.558s] -- Up-to-date: /home/ngy/micro_ros/install/micro_ros_msgs/include/micro_ros_msgs/msg/detail/graph__functions.h
[1.558s] -- Up-to-date: /home/ngy/micro_ros/install/micro_ros_msgs/include/micro_ros_msgs/msg/entity.h
[1.558s] -- Up-to-date: /home/ngy/micro_ros/install/micro_ros_msgs/include/micro_ros_msgs/msg/graph.h
[1.558s] -- Up-to-date: /home/ngy/micro_ros/install/micro_ros_msgs/include/micro_ros_msgs/msg/rosidl_generator_c__visibility_control.h
[1.558s] -- Up-to-date: /home/ngy/micro_ros/install/micro_ros_msgs/share/micro_ros_msgs/environment/library_path.sh
[1.559s] -- Installing: /home/ngy/micro_ros/install/micro_ros_msgs/share/micro_ros_msgs/environment/library_path.dsv
[1.559s] -- Up-to-date: /home/ngy/micro_ros/install/micro_ros_msgs/lib/libmicro_ros_msgs__rosidl_generator_c.so
[1.559s] -- Up-to-date: /home/ngy/micro_ros/install/micro_ros_msgs/include/micro_ros_msgs
[1.559s] -- Up-to-date: /home/ngy/micro_ros/install/micro_ros_msgs/include/micro_ros_msgs/msg
[1.559s] -- Up-to-date: /home/ngy/micro_ros/install/micro_ros_msgs/include/micro_ros_msgs/msg/detail
[1.560s] -- Up-to-date: /home/ngy/micro_ros/install/micro_ros_msgs/include/micro_ros_msgs/msg/detail/microxrcedds
[1.560s] -- Up-to-date: /home/ngy/micro_ros/install/micro_ros_msgs/include/micro_ros_msgs/msg/detail/node__rosidl_typesupport_microxrcedds_c.h
[1.560s] -- Up-to-date: /home/ngy/micro_ros/install/micro_ros_msgs/include/micro_ros_msgs/msg/detail/entity__rosidl_typesupport_microxrcedds_c.h
[1.560s] -- Up-to-date: /home/ngy/micro_ros/install/micro_ros_msgs/include/micro_ros_msgs/msg/detail/graph__rosidl_typesupport_microxrcedds_c.h
[1.560s] -- Up-to-date: /home/ngy/micro_ros/install/micro_ros_msgs/include/micro_ros_msgs/msg/rosidl_typesupport_microxrcedds_c__visibility_control.h
[1.561s] -- Up-to-date: /home/ngy/micro_ros/install/micro_ros_msgs/lib/libmicro_ros_msgs__rosidl_typesupport_microxrcedds_c.so
[1.561s] -- Up-to-date: /home/ngy/micro_ros/install/micro_ros_msgs/include/micro_ros_msgs
[1.561s] -- Up-to-date: /home/ngy/micro_ros/install/micro_ros_msgs/include/micro_ros_msgs/msg
[1.561s] -- Up-to-date: /home/ngy/micro_ros/install/micro_ros_msgs/include/micro_ros_msgs/msg/detail
[1.561s] -- Up-to-date: /home/ngy/micro_ros/install/micro_ros_msgs/include/micro_ros_msgs/msg/detail/entity__rosidl_typesupport_fastrtps_c.h
[1.561s] -- Up-to-date: /home/ngy/micro_ros/install/micro_ros_msgs/include/micro_ros_msgs/msg/detail/node__rosidl_typesupport_fastrtps_c.h
[1.561s] -- Up-to-date: /home/ngy/micro_ros/install/micro_ros_msgs/include/micro_ros_msgs/msg/detail/graph__rosidl_typesupport_fastrtps_c.h
[1.562s] -- Up-to-date: /home/ngy/micro_ros/install/micro_ros_msgs/include/micro_ros_msgs/msg/rosidl_typesupport_fastrtps_c__visibility_control.h
[1.562s] -- Up-to-date: /home/ngy/micro_ros/install/micro_ros_msgs/lib/libmicro_ros_msgs__rosidl_typesupport_fastrtps_c.so
[1.563s] -- Up-to-date: /home/ngy/micro_ros/install/micro_ros_msgs/include/micro_ros_msgs
[1.564s] -- Up-to-date: /home/ngy/micro_ros/install/micro_ros_msgs/include/micro_ros_msgs/msg
[1.564s] -- Up-to-date: /home/ngy/micro_ros/install/micro_ros_msgs/include/micro_ros_msgs/msg/rosidl_typesupport_fastrtps_cpp__visibility_control.h
[1.564s] -- Up-to-date: /home/ngy/micro_ros/install/micro_ros_msgs/include/micro_ros_msgs/msg/detail
[1.564s] -- Up-to-date: /home/ngy/micro_ros/install/micro_ros_msgs/include/micro_ros_msgs/msg/detail/node__rosidl_typesupport_fastrtps_cpp.hpp
[1.565s] -- Up-to-date: /home/ngy/micro_ros/install/micro_ros_msgs/include/micro_ros_msgs/msg/detail/graph__rosidl_typesupport_fastrtps_cpp.hpp
[1.565s] -- Up-to-date: /home/ngy/micro_ros/install/micro_ros_msgs/include/micro_ros_msgs/msg/detail/dds_fastrtps
[1.565s] -- Up-to-date: /home/ngy/micro_ros/install/micro_ros_msgs/include/micro_ros_msgs/msg/detail/entity__rosidl_typesupport_fastrtps_cpp.hpp
[1.565s] -- Up-to-date: /home/ngy/micro_ros/install/micro_ros_msgs/lib/libmicro_ros_msgs__rosidl_typesupport_fastrtps_cpp.so
[1.566s] -- Up-to-date: /home/ngy/micro_ros/install/micro_ros_msgs/include/micro_ros_msgs
[1.566s] -- Up-to-date: /home/ngy/micro_ros/install/micro_ros_msgs/include/micro_ros_msgs/msg
[1.566s] -- Up-to-date: /home/ngy/micro_ros/install/micro_ros_msgs/include/micro_ros_msgs/msg/rosidl_typesupport_introspection_c__visibility_control.h
[1.566s] -- Up-to-date: /home/ngy/micro_ros/install/micro_ros_msgs/include/micro_ros_msgs/msg/detail
[1.566s] -- Up-to-date: /home/ngy/micro_ros/install/micro_ros_msgs/include/micro_ros_msgs/msg/detail/node__rosidl_typesupport_introspection_c.h
[1.566s] -- Up-to-date: /home/ngy/micro_ros/install/micro_ros_msgs/include/micro_ros_msgs/msg/detail/entity__type_support.c
[1.566s] -- Up-to-date: /home/ngy/micro_ros/install/micro_ros_msgs/include/micro_ros_msgs/msg/detail/node__type_support.c
[1.566s] -- Up-to-date: /home/ngy/micro_ros/install/micro_ros_msgs/include/micro_ros_msgs/msg/detail/graph__rosidl_typesupport_introspection_c.h
[1.566s] -- Up-to-date: /home/ngy/micro_ros/install/micro_ros_msgs/include/micro_ros_msgs/msg/detail/graph__type_support.c
[1.567s] -- Up-to-date: /home/ngy/micro_ros/install/micro_ros_msgs/include/micro_ros_msgs/msg/detail/entity__rosidl_typesupport_introspection_c.h
[1.567s] -- Up-to-date: /home/ngy/micro_ros/install/micro_ros_msgs/lib/libmicro_ros_msgs__rosidl_typesupport_introspection_c.so
[1.567s] -- Up-to-date: /home/ngy/micro_ros/install/micro_ros_msgs/lib/libmicro_ros_msgs__rosidl_typesupport_c.so
[1.567s] -- Up-to-date: /home/ngy/micro_ros/install/micro_ros_msgs/include/micro_ros_msgs
[1.567s] -- Up-to-date: /home/ngy/micro_ros/install/micro_ros_msgs/include/micro_ros_msgs/msg
[1.567s] -- Up-to-date: /home/ngy/micro_ros/install/micro_ros_msgs/include/micro_ros_msgs/msg/node.hpp
[1.567s] -- Up-to-date: /home/ngy/micro_ros/install/micro_ros_msgs/include/micro_ros_msgs/msg/graph.hpp
[1.567s] -- Up-to-date: /home/ngy/micro_ros/install/micro_ros_msgs/include/micro_ros_msgs/msg/detail
[1.567s] -- Up-to-date: /home/ngy/micro_ros/install/micro_ros_msgs/include/micro_ros_msgs/msg/detail/entity__struct.hpp
[1.568s] -- Up-to-date: /home/ngy/micro_ros/install/micro_ros_msgs/include/micro_ros_msgs/msg/detail/entity__builder.hpp
[1.568s] -- Up-to-date: /home/ngy/micro_ros/install/micro_ros_msgs/include/micro_ros_msgs/msg/detail/node__traits.hpp
[1.568s] -- Up-to-date: /home/ngy/micro_ros/install/micro_ros_msgs/include/micro_ros_msgs/msg/detail/node__struct.hpp
[1.568s] -- Up-to-date: /home/ngy/micro_ros/install/micro_ros_msgs/include/micro_ros_msgs/msg/detail/graph__struct.hpp
[1.568s] -- Up-to-date: /home/ngy/micro_ros/install/micro_ros_msgs/include/micro_ros_msgs/msg/detail/graph__builder.hpp
[1.569s] -- Up-to-date: /home/ngy/micro_ros/install/micro_ros_msgs/include/micro_ros_msgs/msg/detail/graph__traits.hpp
[1.570s] -- Up-to-date: /home/ngy/micro_ros/install/micro_ros_msgs/include/micro_ros_msgs/msg/detail/node__builder.hpp
[1.571s] -- Up-to-date: /home/ngy/micro_ros/install/micro_ros_msgs/include/micro_ros_msgs/msg/detail/entity__traits.hpp
[1.571s] -- Up-to-date: /home/ngy/micro_ros/install/micro_ros_msgs/include/micro_ros_msgs/msg/entity.hpp
[1.571s] -- Up-to-date: /home/ngy/micro_ros/install/micro_ros_msgs/include/micro_ros_msgs
[1.571s] -- Up-to-date: /home/ngy/micro_ros/install/micro_ros_msgs/include/micro_ros_msgs/msg
[1.571s] -- Up-to-date: /home/ngy/micro_ros/install/micro_ros_msgs/include/micro_ros_msgs/msg/detail
[1.573s] -- Up-to-date: /home/ngy/micro_ros/install/micro_ros_msgs/include/micro_ros_msgs/msg/detail/microxrcedds
[1.574s] -- Up-to-date: /home/ngy/micro_ros/install/micro_ros_msgs/include/micro_ros_msgs/msg/detail/microxrcedds/node__type_support_cpp.cpp
[1.574s] -- Up-to-date: /home/ngy/micro_ros/install/micro_ros_msgs/include/micro_ros_msgs/msg/detail/microxrcedds/graph__type_support_cpp.cpp
[1.574s] -- Up-to-date: /home/ngy/micro_ros/install/micro_ros_msgs/include/micro_ros_msgs/msg/detail/microxrcedds/entity__type_support_cpp.cpp
[1.574s] -- Up-to-date: /home/ngy/micro_ros/install/micro_ros_msgs/include/micro_ros_msgs/msg/detail/graph__rosidl_typesupport_microxrcedds_cpp.hpp
[1.574s] -- Up-to-date: /home/ngy/micro_ros/install/micro_ros_msgs/include/micro_ros_msgs/msg/detail/entity__rosidl_typesupport_microxrcedds_cpp.hpp
[1.574s] -- Up-to-date: /home/ngy/micro_ros/install/micro_ros_msgs/include/micro_ros_msgs/msg/detail/node__rosidl_typesupport_microxrcedds_cpp.hpp
[1.575s] -- Up-to-date: /home/ngy/micro_ros/install/micro_ros_msgs/include/micro_ros_msgs/msg/rosidl_typesupport_microxrcedds_cpp__visibility_control.h
[1.577s] -- Up-to-date: /home/ngy/micro_ros/install/micro_ros_msgs/lib/libmicro_ros_msgs__rosidl_typesupport_microxrcedds_cpp.so
[1.577s] -- Up-to-date: /home/ngy/micro_ros/install/micro_ros_msgs/include/micro_ros_msgs
[1.577s] -- Up-to-date: /home/ngy/micro_ros/install/micro_ros_msgs/include/micro_ros_msgs/msg
[1.577s] -- Up-to-date: /home/ngy/micro_ros/install/micro_ros_msgs/include/micro_ros_msgs/msg/detail
[1.577s] -- Up-to-date: /home/ngy/micro_ros/install/micro_ros_msgs/include/micro_ros_msgs/msg/detail/node__type_support.cpp
[1.577s] -- Up-to-date: /home/ngy/micro_ros/install/micro_ros_msgs/include/micro_ros_msgs/msg/detail/entity__type_support.cpp
[1.578s] -- Up-to-date: /home/ngy/micro_ros/install/micro_ros_msgs/include/micro_ros_msgs/msg/detail/node__rosidl_typesupport_introspection_cpp.hpp
[1.578s] -- Up-to-date: /home/ngy/micro_ros/install/micro_ros_msgs/include/micro_ros_msgs/msg/detail/graph__type_support.cpp
[1.578s] -- Up-to-date: /home/ngy/micro_ros/install/micro_ros_msgs/include/micro_ros_msgs/msg/detail/graph__rosidl_typesupport_introspection_cpp.hpp
[1.580s] -- Up-to-date: /home/ngy/micro_ros/install/micro_ros_msgs/include/micro_ros_msgs/msg/detail/entity__rosidl_typesupport_introspection_cpp.hpp
[1.580s] -- Up-to-date: /home/ngy/micro_ros/install/micro_ros_msgs/lib/libmicro_ros_msgs__rosidl_typesupport_introspection_cpp.so
[1.581s] -- Up-to-date: /home/ngy/micro_ros/install/micro_ros_msgs/lib/libmicro_ros_msgs__rosidl_typesupport_cpp.so
[1.581s] -- Up-to-date: /home/ngy/micro_ros/install/micro_ros_msgs/share/micro_ros_msgs/environment/pythonpath.sh
[1.582s] -- Installing: /home/ngy/micro_ros/install/micro_ros_msgs/share/micro_ros_msgs/environment/pythonpath.dsv
[1.582s] -- Installing: /home/ngy/micro_ros/install/micro_ros_msgs/lib/python3.8/site-packages/micro_ros_msgs/__init__.py
[1.600s] Compiling '/home/ngy/micro_ros/install/micro_ros_msgs/lib/python3.8/site-packages/micro_ros_msgs/__init__.py'...
[1.603s] -- Up-to-date: /home/ngy/micro_ros/install/micro_ros_msgs/lib/python3.8/site-packages/micro_ros_msgs/msg
[1.604s] -- Up-to-date: /home/ngy/micro_ros/install/micro_ros_msgs/lib/python3.8/site-packages/micro_ros_msgs/msg/_graph_s.c
[1.604s] -- Up-to-date: /home/ngy/micro_ros/install/micro_ros_msgs/lib/python3.8/site-packages/micro_ros_msgs/msg/_node.py
[1.604s] -- Up-to-date: /home/ngy/micro_ros/install/micro_ros_msgs/lib/python3.8/site-packages/micro_ros_msgs/msg/_entity.py
[1.604s] -- Up-to-date: /home/ngy/micro_ros/install/micro_ros_msgs/lib/python3.8/site-packages/micro_ros_msgs/msg/__init__.py
[1.604s] -- Up-to-date: /home/ngy/micro_ros/install/micro_ros_msgs/lib/python3.8/site-packages/micro_ros_msgs/msg/_graph.py
[1.604s] -- Up-to-date: /home/ngy/micro_ros/install/micro_ros_msgs/lib/python3.8/site-packages/micro_ros_msgs/msg/_entity_s.c
[1.604s] -- Up-to-date: /home/ngy/micro_ros/install/micro_ros_msgs/lib/python3.8/site-packages/micro_ros_msgs/msg/_node_s.c
[1.604s] -- Up-to-date: /home/ngy/micro_ros/install/micro_ros_msgs/lib/python3.8/site-packages/micro_ros_msgs/micro_ros_msgs_s__rosidl_typesupport_microxrcedds_c.cpython-38-x86_64-linux-gnu.so
[1.604s] -- Up-to-date: /home/ngy/micro_ros/install/micro_ros_msgs/lib/python3.8/site-packages/micro_ros_msgs/micro_ros_msgs_s__rosidl_typesupport_fastrtps_c.cpython-38-x86_64-linux-gnu.so
[1.605s] -- Up-to-date: /home/ngy/micro_ros/install/micro_ros_msgs/lib/python3.8/site-packages/micro_ros_msgs/micro_ros_msgs_s__rosidl_typesupport_introspection_c.cpython-38-x86_64-linux-gnu.so
[1.606s] -- Up-to-date: /home/ngy/micro_ros/install/micro_ros_msgs/lib/python3.8/site-packages/micro_ros_msgs/micro_ros_msgs_s__rosidl_typesupport_c.cpython-38-x86_64-linux-gnu.so
[1.606s] -- Up-to-date: /home/ngy/micro_ros/install/micro_ros_msgs/lib/libmicro_ros_msgs__python.so
[1.606s] -- Up-to-date: /home/ngy/micro_ros/install/micro_ros_msgs/share/micro_ros_msgs/msg/Graph.idl
[1.607s] -- Up-to-date: /home/ngy/micro_ros/install/micro_ros_msgs/share/micro_ros_msgs/msg/Node.idl
[1.607s] -- Up-to-date: /home/ngy/micro_ros/install/micro_ros_msgs/share/micro_ros_msgs/msg/Entity.idl
[1.607s] -- Up-to-date: /home/ngy/micro_ros/install/micro_ros_msgs/share/micro_ros_msgs/msg/Graph.msg
[1.607s] -- Up-to-date: /home/ngy/micro_ros/install/micro_ros_msgs/share/micro_ros_msgs/msg/Node.msg
[1.607s] -- Up-to-date: /home/ngy/micro_ros/install/micro_ros_msgs/share/micro_ros_msgs/msg/Entity.msg
[1.607s] -- Up-to-date: /home/ngy/micro_ros/install/micro_ros_msgs/share/ament_index/resource_index/package_run_dependencies/micro_ros_msgs
[1.607s] -- Installing: /home/ngy/micro_ros/install/micro_ros_msgs/share/ament_index/resource_index/parent_prefix_path/micro_ros_msgs
[1.607s] -- Up-to-date: /home/ngy/micro_ros/install/micro_ros_msgs/share/micro_ros_msgs/environment/ament_prefix_path.sh
[1.608s] -- Installing: /home/ngy/micro_ros/install/micro_ros_msgs/share/micro_ros_msgs/environment/ament_prefix_path.dsv
[1.608s] -- Up-to-date: /home/ngy/micro_ros/install/micro_ros_msgs/share/micro_ros_msgs/environment/path.sh
[1.608s] -- Installing: /home/ngy/micro_ros/install/micro_ros_msgs/share/micro_ros_msgs/environment/path.dsv
[1.608s] -- Up-to-date: /home/ngy/micro_ros/install/micro_ros_msgs/share/micro_ros_msgs/local_setup.bash
[1.608s] -- Up-to-date: /home/ngy/micro_ros/install/micro_ros_msgs/share/micro_ros_msgs/local_setup.sh
[1.608s] -- Up-to-date: /home/ngy/micro_ros/install/micro_ros_msgs/share/micro_ros_msgs/local_setup.zsh
[1.608s] -- Installing: /home/ngy/micro_ros/install/micro_ros_msgs/share/micro_ros_msgs/local_setup.dsv
[1.608s] -- Installing: /home/ngy/micro_ros/install/micro_ros_msgs/share/micro_ros_msgs/package.dsv
[1.608s] -- Up-to-date: /home/ngy/micro_ros/install/micro_ros_msgs/share/ament_index/resource_index/packages/micro_ros_msgs
[1.608s] -- Up-to-date: /home/ngy/micro_ros/install/micro_ros_msgs/share/micro_ros_msgs/cmake/micro_ros_msgs__rosidl_generator_cExport.cmake
[1.608s] -- Installing: /home/ngy/micro_ros/install/micro_ros_msgs/share/micro_ros_msgs/cmake/micro_ros_msgs__rosidl_generator_cExport-noconfig.cmake
[1.608s] -- Up-to-date: /home/ngy/micro_ros/install/micro_ros_msgs/share/micro_ros_msgs/cmake/micro_ros_msgs__rosidl_typesupport_introspection_cExport.cmake
[1.608s] -- Installing: /home/ngy/micro_ros/install/micro_ros_msgs/share/micro_ros_msgs/cmake/micro_ros_msgs__rosidl_typesupport_introspection_cExport-noconfig.cmake
[1.608s] -- Up-to-date: /home/ngy/micro_ros/install/micro_ros_msgs/share/micro_ros_msgs/cmake/micro_ros_msgs__rosidl_typesupport_cExport.cmake
[1.608s] -- Installing: /home/ngy/micro_ros/install/micro_ros_msgs/share/micro_ros_msgs/cmake/micro_ros_msgs__rosidl_typesupport_cExport-noconfig.cmake
[1.609s] -- Up-to-date: /home/ngy/micro_ros/install/micro_ros_msgs/share/micro_ros_msgs/cmake/micro_ros_msgs__rosidl_generator_cppExport.cmake
[1.609s] -- Up-to-date: /home/ngy/micro_ros/install/micro_ros_msgs/share/micro_ros_msgs/cmake/micro_ros_msgs__rosidl_typesupport_introspection_cppExport.cmake
[1.609s] -- Installing: /home/ngy/micro_ros/install/micro_ros_msgs/share/micro_ros_msgs/cmake/micro_ros_msgs__rosidl_typesupport_introspection_cppExport-noconfig.cmake
[1.609s] -- Up-to-date: /home/ngy/micro_ros/install/micro_ros_msgs/share/micro_ros_msgs/cmake/micro_ros_msgs__rosidl_typesupport_cppExport.cmake
[1.609s] -- Installing: /home/ngy/micro_ros/install/micro_ros_msgs/share/micro_ros_msgs/cmake/micro_ros_msgs__rosidl_typesupport_cppExport-noconfig.cmake
[1.609s] -- Up-to-date: /home/ngy/micro_ros/install/micro_ros_msgs/share/micro_ros_msgs/cmake/rosidl_cmake-extras.cmake
[1.610s] -- Up-to-date: /home/ngy/micro_ros/install/micro_ros_msgs/share/micro_ros_msgs/cmake/ament_cmake_export_dependencies-extras.cmake
[1.610s] -- Up-to-date: /home/ngy/micro_ros/install/micro_ros_msgs/share/micro_ros_msgs/cmake/ament_cmake_export_libraries-extras.cmake
[1.610s] -- Up-to-date: /home/ngy/micro_ros/install/micro_ros_msgs/share/micro_ros_msgs/cmake/ament_cmake_export_targets-extras.cmake
[1.610s] -- Up-to-date: /home/ngy/micro_ros/install/micro_ros_msgs/share/micro_ros_msgs/cmake/ament_cmake_export_include_directories-extras.cmake
[1.610s] -- Up-to-date: /home/ngy/micro_ros/install/micro_ros_msgs/share/micro_ros_msgs/cmake/rosidl_cmake_export_typesupport_libraries-extras.cmake
[1.610s] -- Up-to-date: /home/ngy/micro_ros/install/micro_ros_msgs/share/micro_ros_msgs/cmake/rosidl_cmake_export_typesupport_targets-extras.cmake
[1.610s] -- Up-to-date: /home/ngy/micro_ros/install/micro_ros_msgs/share/micro_ros_msgs/cmake/micro_ros_msgsConfig.cmake
[1.610s] -- Up-to-date: /home/ngy/micro_ros/install/micro_ros_msgs/share/micro_ros_msgs/cmake/micro_ros_msgsConfig-version.cmake
[1.610s] -- Up-to-date: /home/ngy/micro_ros/install/micro_ros_msgs/share/micro_ros_msgs/package.xml
[1.612s] Invoked command in '/home/ngy/micro_ros/build/micro_ros_msgs' returned '0': CMAKE_PREFIX_PATH=${CMAKE_PREFIX_PATH}:/home/ngy/micro_ros/install/sensor_msgs_py:/home/ngy/microros_ws/install/sensor_msgs_py:/opt/ros/foxy /usr/bin/cmake --install /home/ngy/micro_ros/build/micro_ros_msgs
