-- The C compiler identification is GNU 9.4.0
-- The CXX compiler identification is GNU 9.4.0
-- Check for working C compiler: /usr/bin/cc
-- Check for working C compiler: /usr/bin/cc -- works
-- Detecting C compiler ABI info
-- Detecting C compiler ABI info - done
-- Detecting C compile features
-- Detecting C compile features - done
-- Check for working CXX compiler: /usr/bin/c++
-- Check for working CXX compiler: /usr/bin/c++ -- works
-- Detecting CXX compiler ABI info
-- Detecting CXX compiler ABI info - done
-- Detecting CXX compile features
-- Detecting CXX compile features - done
-- Found ament_cmake_ros: 0.9.2 (/opt/ros/foxy/share/ament_cmake_ros/cmake)
-- Found PythonInterp: /usr/bin/python3 (found suitable version "3.8.10", minimum required is "3") 
-- Using PYTHON_EXECUTABLE: /usr/bin/python3
-- Found rcl: 1.1.14 (/opt/ros/foxy/share/rcl/cmake)
-- Using all available rosidl_typesupport_c: rosidl_typesupport_microxrcedds_c;rosidl_typesupport_fastrtps_c;rosidl_typesupport_introspection_c
-- Found rosidl_adapter: 1.3.0 (/opt/ros/foxy/share/rosidl_adapter/cmake)
-- Found OpenSSL: /usr/lib/x86_64-linux-gnu/libcrypto.so (found version "1.1.1f")  
-- Found FastRTPS: /opt/ros/foxy/include  
-- Using all available rosidl_typesupport_cpp: rosidl_typesupport_microxrcedds_cpp;rosidl_typesupport_fastrtps_cpp;rosidl_typesupport_introspection_cpp
-- Found rmw_implementation_cmake: 1.0.4 (/opt/ros/foxy/share/rmw_implementation_cmake/cmake)
-- Using RMW implementation 'rmw_fastrtps_cpp' as default
-- Looking for pthread.h
-- Looking for pthread.h - found
-- Performing Test CMAKE_HAVE_LIBC_PTHREAD
-- Performing Test CMAKE_HAVE_LIBC_PTHREAD - Failed
-- Looking for pthread_create in pthreads
-- Looking for pthread_create in pthreads - not found
-- Looking for pthread_create in pthread
-- Looking for pthread_create in pthread - found
-- Found Threads: TRUE  
-- Found rcl version 1.1.14, which belongs to Foxy or later
-- Configuring done
-- Generating done
-- Build files have been written to: /home/ngy/micro_ros/build/rclc
/usr/bin/cmake -S/home/ngy/micro_ros/src/uros/rclc/rclc -B/home/ngy/micro_ros/build/rclc --check-build-system CMakeFiles/Makefile.cmake 0
/usr/bin/cmake -E cmake_progress_start /home/ngy/micro_ros/build/rclc/CMakeFiles /home/ngy/micro_ros/build/rclc/CMakeFiles/progress.marks
/usr/bin/make -f CMakeFiles/Makefile2 all
make[1]: Entering directory '/home/ngy/micro_ros/build/rclc'
/usr/bin/make -f CMakeFiles/rclc.dir/build.make CMakeFiles/rclc.dir/depend
make[2]: Entering directory '/home/ngy/micro_ros/build/rclc'
cd /home/ngy/micro_ros/build/rclc && /usr/bin/cmake -E cmake_depends "Unix Makefiles" /home/ngy/micro_ros/src/uros/rclc/rclc /home/ngy/micro_ros/src/uros/rclc/rclc /home/ngy/micro_ros/build/rclc /home/ngy/micro_ros/build/rclc /home/ngy/micro_ros/build/rclc/CMakeFiles/rclc.dir/DependInfo.cmake --color=
[35m[1mScanning dependencies of target rclc[0m
make[2]: Leaving directory '/home/ngy/micro_ros/build/rclc'
/usr/bin/make -f CMakeFiles/rclc.dir/build.make CMakeFiles/rclc.dir/build
make[2]: Entering directory '/home/ngy/micro_ros/build/rclc'
[ 18%] [32mBuilding C object CMakeFiles/rclc.dir/src/rclc/publisher.c.o[0m
[ 36%] [32mBuilding C object CMakeFiles/rclc.dir/src/rclc/init.c.o[0m
[ 36%] [32mBuilding C object CMakeFiles/rclc.dir/src/rclc/subscription.c.o[0m
[ 36%] [32mBuilding C object CMakeFiles/rclc.dir/src/rclc/client.c.o[0m
[ 45%] [32mBuilding C object CMakeFiles/rclc.dir/src/rclc/service.c.o[0m
/usr/bin/cc -DDEFAULT_RMW_IMPLEMENTATION=rmw_fastrtps_cpp -DRCLC_BUILDING_LIBRARY -DRCUTILS_ENABLE_FAULT_INJECTION -DROS_PACKAGE_NAME=\"rclc\" -DSPDLOG_COMPILED_LIB -Drclc_EXPORTS -I/home/ngy/micro_ros/src/uros/rclc/rclc/include -I/home/ngy/micro_ros/src/uros/rclc/rclc/src -isystem /opt/ros/foxy/include -isystem /home/ngy/micro_ros/install/builtin_interfaces/include  -fPIC   -Wall -Wextra -Wpedantic -std=gnu11 -o CMakeFiles/rclc.dir/src/rclc/init.c.o   -c /home/ngy/micro_ros/src/uros/rclc/rclc/src/rclc/init.c
/usr/bin/cc -DDEFAULT_RMW_IMPLEMENTATION=rmw_fastrtps_cpp -DRCLC_BUILDING_LIBRARY -DRCUTILS_ENABLE_FAULT_INJECTION -DROS_PACKAGE_NAME=\"rclc\" -DSPDLOG_COMPILED_LIB -Drclc_EXPORTS -I/home/ngy/micro_ros/src/uros/rclc/rclc/include -I/home/ngy/micro_ros/src/uros/rclc/rclc/src -isystem /opt/ros/foxy/include -isystem /home/ngy/micro_ros/install/builtin_interfaces/include  -fPIC   -Wall -Wextra -Wpedantic -std=gnu11 -o CMakeFiles/rclc.dir/src/rclc/publisher.c.o   -c /home/ngy/micro_ros/src/uros/rclc/rclc/src/rclc/publisher.c
/usr/bin/cc -DDEFAULT_RMW_IMPLEMENTATION=rmw_fastrtps_cpp -DRCLC_BUILDING_LIBRARY -DRCUTILS_ENABLE_FAULT_INJECTION -DROS_PACKAGE_NAME=\"rclc\" -DSPDLOG_COMPILED_LIB -Drclc_EXPORTS -I/home/ngy/micro_ros/src/uros/rclc/rclc/include -I/home/ngy/micro_ros/src/uros/rclc/rclc/src -isystem /opt/ros/foxy/include -isystem /home/ngy/micro_ros/install/builtin_interfaces/include  -fPIC   -Wall -Wextra -Wpedantic -std=gnu11 -o CMakeFiles/rclc.dir/src/rclc/subscription.c.o   -c /home/ngy/micro_ros/src/uros/rclc/rclc/src/rclc/subscription.c
/usr/bin/cc -DDEFAULT_RMW_IMPLEMENTATION=rmw_fastrtps_cpp -DRCLC_BUILDING_LIBRARY -DRCUTILS_ENABLE_FAULT_INJECTION -DROS_PACKAGE_NAME=\"rclc\" -DSPDLOG_COMPILED_LIB -Drclc_EXPORTS -I/home/ngy/micro_ros/src/uros/rclc/rclc/include -I/home/ngy/micro_ros/src/uros/rclc/rclc/src -isystem /opt/ros/foxy/include -isystem /home/ngy/micro_ros/install/builtin_interfaces/include  -fPIC   -Wall -Wextra -Wpedantic -std=gnu11 -o CMakeFiles/rclc.dir/src/rclc/client.c.o   -c /home/ngy/micro_ros/src/uros/rclc/rclc/src/rclc/client.c
[ 54%] [32mBuilding C object CMakeFiles/rclc.dir/src/rclc/timer.c.o[0m
[ 63%] [32mBuilding C object CMakeFiles/rclc.dir/src/rclc/executor_handle.c.o[0m
/usr/bin/cc -DDEFAULT_RMW_IMPLEMENTATION=rmw_fastrtps_cpp -DRCLC_BUILDING_LIBRARY -DRCUTILS_ENABLE_FAULT_INJECTION -DROS_PACKAGE_NAME=\"rclc\" -DSPDLOG_COMPILED_LIB -Drclc_EXPORTS -I/home/ngy/micro_ros/src/uros/rclc/rclc/include -I/home/ngy/micro_ros/src/uros/rclc/rclc/src -isystem /opt/ros/foxy/include -isystem /home/ngy/micro_ros/install/builtin_interfaces/include  -fPIC   -Wall -Wextra -Wpedantic -std=gnu11 -o CMakeFiles/rclc.dir/src/rclc/service.c.o   -c /home/ngy/micro_ros/src/uros/rclc/rclc/src/rclc/service.c
[ 72%] [32mBuilding C object CMakeFiles/rclc.dir/src/rclc/executor.c.o[0m
/usr/bin/cc -DDEFAULT_RMW_IMPLEMENTATION=rmw_fastrtps_cpp -DRCLC_BUILDING_LIBRARY -DRCUTILS_ENABLE_FAULT_INJECTION -DROS_PACKAGE_NAME=\"rclc\" -DSPDLOG_COMPILED_LIB -Drclc_EXPORTS -I/home/ngy/micro_ros/src/uros/rclc/rclc/include -I/home/ngy/micro_ros/src/uros/rclc/rclc/src -isystem /opt/ros/foxy/include -isystem /home/ngy/micro_ros/install/builtin_interfaces/include  -fPIC   -Wall -Wextra -Wpedantic -std=gnu11 -o CMakeFiles/rclc.dir/src/rclc/timer.c.o   -c /home/ngy/micro_ros/src/uros/rclc/rclc/src/rclc/timer.c
/usr/bin/cc -DDEFAULT_RMW_IMPLEMENTATION=rmw_fastrtps_cpp -DRCLC_BUILDING_LIBRARY -DRCUTILS_ENABLE_FAULT_INJECTION -DROS_PACKAGE_NAME=\"rclc\" -DSPDLOG_COMPILED_LIB -Drclc_EXPORTS -I/home/ngy/micro_ros/src/uros/rclc/rclc/include -I/home/ngy/micro_ros/src/uros/rclc/rclc/src -isystem /opt/ros/foxy/include -isystem /home/ngy/micro_ros/install/builtin_interfaces/include  -fPIC   -Wall -Wextra -Wpedantic -std=gnu11 -o CMakeFiles/rclc.dir/src/rclc/executor_handle.c.o   -c /home/ngy/micro_ros/src/uros/rclc/rclc/src/rclc/executor_handle.c
[ 81%] [32mBuilding C object CMakeFiles/rclc.dir/src/rclc/node.c.o[0m
/usr/bin/cc -DDEFAULT_RMW_IMPLEMENTATION=rmw_fastrtps_cpp -DRCLC_BUILDING_LIBRARY -DRCUTILS_ENABLE_FAULT_INJECTION -DROS_PACKAGE_NAME=\"rclc\" -DSPDLOG_COMPILED_LIB -Drclc_EXPORTS -I/home/ngy/micro_ros/src/uros/rclc/rclc/include -I/home/ngy/micro_ros/src/uros/rclc/rclc/src -isystem /opt/ros/foxy/include -isystem /home/ngy/micro_ros/install/builtin_interfaces/include  -fPIC   -Wall -Wextra -Wpedantic -std=gnu11 -o CMakeFiles/rclc.dir/src/rclc/node.c.o   -c /home/ngy/micro_ros/src/uros/rclc/rclc/src/rclc/node.c
/usr/bin/cc -DDEFAULT_RMW_IMPLEMENTATION=rmw_fastrtps_cpp -DRCLC_BUILDING_LIBRARY -DRCUTILS_ENABLE_FAULT_INJECTION -DROS_PACKAGE_NAME=\"rclc\" -DSPDLOG_COMPILED_LIB -Drclc_EXPORTS -I/home/ngy/micro_ros/src/uros/rclc/rclc/include -I/home/ngy/micro_ros/src/uros/rclc/rclc/src -isystem /opt/ros/foxy/include -isystem /home/ngy/micro_ros/install/builtin_interfaces/include  -fPIC   -Wall -Wextra -Wpedantic -std=gnu11 -o CMakeFiles/rclc.dir/src/rclc/executor.c.o   -c /home/ngy/micro_ros/src/uros/rclc/rclc/src/rclc/executor.c
[ 90%] [32mBuilding C object CMakeFiles/rclc.dir/src/rclc/sleep.c.o[0m
/usr/bin/cc -DDEFAULT_RMW_IMPLEMENTATION=rmw_fastrtps_cpp -DRCLC_BUILDING_LIBRARY -DRCUTILS_ENABLE_FAULT_INJECTION -DROS_PACKAGE_NAME=\"rclc\" -DSPDLOG_COMPILED_LIB -Drclc_EXPORTS -I/home/ngy/micro_ros/src/uros/rclc/rclc/include -I/home/ngy/micro_ros/src/uros/rclc/rclc/src -isystem /opt/ros/foxy/include -isystem /home/ngy/micro_ros/install/builtin_interfaces/include  -fPIC   -Wall -Wextra -Wpedantic -std=gnu11 -o CMakeFiles/rclc.dir/src/rclc/sleep.c.o   -c /home/ngy/micro_ros/src/uros/rclc/rclc/src/rclc/sleep.c
[100%] [32m[1mLinking C shared library librclc.so[0m
/usr/bin/cmake -E cmake_link_script CMakeFiles/rclc.dir/link.txt --verbose=1
/usr/bin/cc -fPIC   -shared -Wl,-soname,librclc.so -o librclc.so CMakeFiles/rclc.dir/src/rclc/init.c.o CMakeFiles/rclc.dir/src/rclc/publisher.c.o CMakeFiles/rclc.dir/src/rclc/subscription.c.o CMakeFiles/rclc.dir/src/rclc/client.c.o CMakeFiles/rclc.dir/src/rclc/service.c.o CMakeFiles/rclc.dir/src/rclc/timer.c.o CMakeFiles/rclc.dir/src/rclc/node.c.o CMakeFiles/rclc.dir/src/rclc/executor_handle.c.o CMakeFiles/rclc.dir/src/rclc/executor.c.o CMakeFiles/rclc.dir/src/rclc/sleep.c.o  -Wl,-rpath,/home/ngy/micro_ros/install/builtin_interfaces/lib:/opt/ros/foxy/lib: -lpthread /opt/ros/foxy/lib/librcl.so /opt/ros/foxy/lib/librosidl_runtime_c.so /opt/ros/foxy/lib/librcl_interfaces__rosidl_typesupport_introspection_c.so /opt/ros/foxy/lib/librcl_interfaces__rosidl_generator_c.so /opt/ros/foxy/lib/librcl_interfaces__rosidl_typesupport_c.so /opt/ros/foxy/lib/librcl_interfaces__rosidl_typesupport_introspection_cpp.so /opt/ros/foxy/lib/librcl_interfaces__rosidl_typesupport_cpp.so /home/ngy/micro_ros/install/builtin_interfaces/lib/libbuiltin_interfaces__rosidl_typesupport_introspection_c.so /home/ngy/micro_ros/install/builtin_interfaces/lib/libbuiltin_interfaces__rosidl_generator_c.so /home/ngy/micro_ros/install/builtin_interfaces/lib/libbuiltin_interfaces__rosidl_typesupport_c.so /home/ngy/micro_ros/install/builtin_interfaces/lib/libbuiltin_interfaces__rosidl_typesupport_introspection_cpp.so /opt/ros/foxy/lib/librosidl_typesupport_introspection_cpp.so /opt/ros/foxy/lib/librosidl_typesupport_introspection_c.so /home/ngy/micro_ros/install/builtin_interfaces/lib/libbuiltin_interfaces__rosidl_typesupport_cpp.so /opt/ros/foxy/lib/librosidl_typesupport_cpp.so /opt/ros/foxy/lib/librosidl_typesupport_c.so /opt/ros/foxy/lib/librcl_yaml_param_parser.so /opt/ros/foxy/lib/libyaml.so /opt/ros/foxy/lib/librmw_implementation.so /opt/ros/foxy/lib/librmw.so /opt/ros/foxy/lib/librcl_logging_spdlog.so /opt/ros/foxy/lib/librcpputils.so /usr/lib/x86_64-linux-gnu/libspdlog.so.1.5.0 -lpthread /opt/ros/foxy/lib/librosidl_runtime_c.so /opt/ros/foxy/lib/librcutils.so -ldl /opt/ros/foxy/lib/libtracetools.so 
make[2]: Leaving directory '/home/ngy/micro_ros/build/rclc'
[100%] Built target rclc
make[1]: Leaving directory '/home/ngy/micro_ros/build/rclc'
/usr/bin/cmake -E cmake_progress_start /home/ngy/micro_ros/build/rclc/CMakeFiles 0
-- Install configuration: ""
-- Installing: /home/ngy/micro_ros/install/rclc/lib/librclc.so
-- Set runtime path of "/home/ngy/micro_ros/install/rclc/lib/librclc.so" to ""
-- Installing: /home/ngy/micro_ros/install/rclc/include
-- Installing: /home/ngy/micro_ros/install/rclc/include/rclc
-- Installing: /home/ngy/micro_ros/install/rclc/include/rclc/node.h
-- Installing: /home/ngy/micro_ros/install/rclc/include/rclc/timer.h
-- Installing: /home/ngy/micro_ros/install/rclc/include/rclc/rclc.h
-- Installing: /home/ngy/micro_ros/install/rclc/include/rclc/init.h
-- Installing: /home/ngy/micro_ros/install/rclc/include/rclc/subscription.h
-- Installing: /home/ngy/micro_ros/install/rclc/include/rclc/executor.h
-- Installing: /home/ngy/micro_ros/install/rclc/include/rclc/types.h
-- Installing: /home/ngy/micro_ros/install/rclc/include/rclc/executor_handle.h
-- Installing: /home/ngy/micro_ros/install/rclc/include/rclc/service.h
-- Installing: /home/ngy/micro_ros/install/rclc/include/rclc/client.h
-- Installing: /home/ngy/micro_ros/install/rclc/include/rclc/publisher.h
-- Installing: /home/ngy/micro_ros/install/rclc/include/rclc/sleep.h
-- Installing: /home/ngy/micro_ros/install/rclc/include/rclc/visibility_control.h
-- Installing: /home/ngy/micro_ros/install/rclc/share/rclc/environment/library_path.sh
-- Installing: /home/ngy/micro_ros/install/rclc/share/rclc/environment/library_path.dsv
-- Installing: /home/ngy/micro_ros/install/rclc/share/ament_index/resource_index/package_run_dependencies/rclc
-- Installing: /home/ngy/micro_ros/install/rclc/share/ament_index/resource_index/parent_prefix_path/rclc
-- Installing: /home/ngy/micro_ros/install/rclc/share/rclc/environment/ament_prefix_path.sh
-- Installing: /home/ngy/micro_ros/install/rclc/share/rclc/environment/ament_prefix_path.dsv
-- Installing: /home/ngy/micro_ros/install/rclc/share/rclc/environment/path.sh
-- Installing: /home/ngy/micro_ros/install/rclc/share/rclc/environment/path.dsv
-- Installing: /home/ngy/micro_ros/install/rclc/share/rclc/local_setup.bash
-- Installing: /home/ngy/micro_ros/install/rclc/share/rclc/local_setup.sh
-- Installing: /home/ngy/micro_ros/install/rclc/share/rclc/local_setup.zsh
-- Installing: /home/ngy/micro_ros/install/rclc/share/rclc/local_setup.dsv
-- Installing: /home/ngy/micro_ros/install/rclc/share/rclc/package.dsv
-- Installing: /home/ngy/micro_ros/install/rclc/share/ament_index/resource_index/packages/rclc
-- Installing: /home/ngy/micro_ros/install/rclc/share/rclc/cmake/rclcExport.cmake
-- Installing: /home/ngy/micro_ros/install/rclc/share/rclc/cmake/rclcExport-noconfig.cmake
-- Installing: /home/ngy/micro_ros/install/rclc/share/rclc/cmake/ament_cmake_export_include_directories-extras.cmake
-- Installing: /home/ngy/micro_ros/install/rclc/share/rclc/cmake/ament_cmake_export_libraries-extras.cmake
-- Installing: /home/ngy/micro_ros/install/rclc/share/rclc/cmake/ament_cmake_export_targets-extras.cmake
-- Installing: /home/ngy/micro_ros/install/rclc/share/rclc/cmake/ament_cmake_export_dependencies-extras.cmake
-- Installing: /home/ngy/micro_ros/install/rclc/share/rclc/cmake/rclcConfig.cmake
-- Installing: /home/ngy/micro_ros/install/rclc/share/rclc/cmake/rclcConfig-version.cmake
-- Installing: /home/ngy/micro_ros/install/rclc/share/rclc/package.xml
