[0.031s] Invoking command in '/home/ngy/micro_ros/build/builtin_interfaces': CMAKE_PREFIX_PATH=${CMAKE_PREFIX_PATH}:/home/ngy/micro_ros/install/sensor_msgs_py:/opt/ros/foxy /usr/bin/cmake --build /home/ngy/micro_ros/build/builtin_interfaces -- -j12 -l12
[0.137s] [  2%] Built target builtin_interfaces__cpp
[0.138s] [ 10%] Built target builtin_interfaces__rosidl_generator_c
[0.179s] [ 18%] Built target builtin_interfaces__rosidl_typesupport_c
[0.182s] [ 26%] Built target builtin_interfaces__rosidl_typesupport_cpp
[0.183s] [ 34%] Built target builtin_interfaces__rosidl_typesupport_introspection_cpp
[0.184s] [ 42%] Built target builtin_interfaces__rosidl_typesupport_introspection_c
[0.185s] [ 51%] Built target builtin_interfaces__rosidl_typesupport_microxrcedds_c
[0.185s] [ 59%] Built target builtin_interfaces__rosidl_typesupport_fastrtps_cpp
[0.186s] [ 67%] Built target builtin_interfaces__rosidl_typesupport_microxrcedds_cpp
[0.221s] [ 75%] Built target builtin_interfaces__rosidl_typesupport_fastrtps_c
[0.250s] [ 75%] Built target builtin_interfaces
[0.279s] [ 77%] Built target builtin_interfaces__py
[0.315s] [ 83%] Built target builtin_interfaces__python
[0.353s] [ 87%] Built target builtin_interfaces__rosidl_typesupport_microxrcedds_c__pyext
[0.355s] [ 91%] Built target builtin_interfaces__rosidl_typesupport_c__pyext
[0.363s] [ 95%] Built target builtin_interfaces__rosidl_typesupport_introspection_c__pyext
[0.363s] [100%] Built target builtin_interfaces__rosidl_typesupport_fastrtps_c__pyext
[0.379s] Invoked command in '/home/ngy/micro_ros/build/builtin_interfaces' returned '0': CMAKE_PREFIX_PATH=${CMAKE_PREFIX_PATH}:/home/ngy/micro_ros/install/sensor_msgs_py:/opt/ros/foxy /usr/bin/cmake --build /home/ngy/micro_ros/build/builtin_interfaces -- -j12 -l12
[0.529s] Invoking command in '/home/ngy/micro_ros/build/builtin_interfaces': CMAKE_PREFIX_PATH=${CMAKE_PREFIX_PATH}:/home/ngy/micro_ros/install/sensor_msgs_py:/opt/ros/foxy /usr/bin/cmake --install /home/ngy/micro_ros/build/builtin_interfaces
[0.547s] -- Install configuration: ""
[0.548s] -- Up-to-date: /home/ngy/micro_ros/install/builtin_interfaces/share/ament_index/resource_index/rosidl_interfaces/builtin_interfaces
[0.548s] -- Up-to-date: /home/ngy/micro_ros/install/builtin_interfaces/include/builtin_interfaces
[0.548s] -- Up-to-date: /home/ngy/micro_ros/install/builtin_interfaces/include/builtin_interfaces/msg
[0.549s] -- Up-to-date: /home/ngy/micro_ros/install/builtin_interfaces/include/builtin_interfaces/msg/time.h
[0.549s] -- Up-to-date: /home/ngy/micro_ros/install/builtin_interfaces/include/builtin_interfaces/msg/detail
[0.549s] -- Up-to-date: /home/ngy/micro_ros/install/builtin_interfaces/include/builtin_interfaces/msg/detail/time__functions.c
[0.549s] -- Up-to-date: /home/ngy/micro_ros/install/builtin_interfaces/include/builtin_interfaces/msg/detail/duration__struct.h
[0.549s] -- Up-to-date: /home/ngy/micro_ros/install/builtin_interfaces/include/builtin_interfaces/msg/detail/time__functions.h
[0.549s] -- Up-to-date: /home/ngy/micro_ros/install/builtin_interfaces/include/builtin_interfaces/msg/detail/time__type_support.h
[0.549s] -- Up-to-date: /home/ngy/micro_ros/install/builtin_interfaces/include/builtin_interfaces/msg/detail/duration__functions.h
[0.549s] -- Up-to-date: /home/ngy/micro_ros/install/builtin_interfaces/include/builtin_interfaces/msg/detail/duration__functions.c
[0.550s] -- Up-to-date: /home/ngy/micro_ros/install/builtin_interfaces/include/builtin_interfaces/msg/detail/time__struct.h
[0.550s] -- Up-to-date: /home/ngy/micro_ros/install/builtin_interfaces/include/builtin_interfaces/msg/detail/duration__type_support.h
[0.551s] -- Up-to-date: /home/ngy/micro_ros/install/builtin_interfaces/include/builtin_interfaces/msg/duration.h
[0.552s] -- Up-to-date: /home/ngy/micro_ros/install/builtin_interfaces/include/builtin_interfaces/msg/rosidl_generator_c__visibility_control.h
[0.553s] -- Up-to-date: /home/ngy/micro_ros/install/builtin_interfaces/share/builtin_interfaces/environment/library_path.sh
[0.553s] -- Up-to-date: /home/ngy/micro_ros/install/builtin_interfaces/share/builtin_interfaces/environment/library_path.dsv
[0.553s] -- Up-to-date: /home/ngy/micro_ros/install/builtin_interfaces/lib/libbuiltin_interfaces__rosidl_generator_c.so
[0.553s] -- Up-to-date: /home/ngy/micro_ros/install/builtin_interfaces/include/builtin_interfaces
[0.554s] -- Up-to-date: /home/ngy/micro_ros/install/builtin_interfaces/include/builtin_interfaces/msg
[0.554s] -- Up-to-date: /home/ngy/micro_ros/install/builtin_interfaces/include/builtin_interfaces/msg/detail
[0.554s] -- Up-to-date: /home/ngy/micro_ros/install/builtin_interfaces/include/builtin_interfaces/msg/detail/microxrcedds
[0.554s] -- Up-to-date: /home/ngy/micro_ros/install/builtin_interfaces/include/builtin_interfaces/msg/detail/time__rosidl_typesupport_microxrcedds_c.h
[0.554s] -- Up-to-date: /home/ngy/micro_ros/install/builtin_interfaces/include/builtin_interfaces/msg/detail/duration__rosidl_typesupport_microxrcedds_c.h
[0.554s] -- Up-to-date: /home/ngy/micro_ros/install/builtin_interfaces/include/builtin_interfaces/msg/rosidl_typesupport_microxrcedds_c__visibility_control.h
[0.555s] -- Up-to-date: /home/ngy/micro_ros/install/builtin_interfaces/lib/libbuiltin_interfaces__rosidl_typesupport_microxrcedds_c.so
[0.555s] -- Up-to-date: /home/ngy/micro_ros/install/builtin_interfaces/include/builtin_interfaces
[0.555s] -- Up-to-date: /home/ngy/micro_ros/install/builtin_interfaces/include/builtin_interfaces/msg
[0.555s] -- Up-to-date: /home/ngy/micro_ros/install/builtin_interfaces/include/builtin_interfaces/msg/detail
[0.555s] -- Up-to-date: /home/ngy/micro_ros/install/builtin_interfaces/include/builtin_interfaces/msg/detail/duration__rosidl_typesupport_fastrtps_c.h
[0.555s] -- Up-to-date: /home/ngy/micro_ros/install/builtin_interfaces/include/builtin_interfaces/msg/detail/time__rosidl_typesupport_fastrtps_c.h
[0.555s] -- Up-to-date: /home/ngy/micro_ros/install/builtin_interfaces/include/builtin_interfaces/msg/rosidl_typesupport_fastrtps_c__visibility_control.h
[0.555s] -- Up-to-date: /home/ngy/micro_ros/install/builtin_interfaces/lib/libbuiltin_interfaces__rosidl_typesupport_fastrtps_c.so
[0.555s] -- Up-to-date: /home/ngy/micro_ros/install/builtin_interfaces/include/builtin_interfaces
[0.555s] -- Up-to-date: /home/ngy/micro_ros/install/builtin_interfaces/include/builtin_interfaces/msg
[0.555s] -- Up-to-date: /home/ngy/micro_ros/install/builtin_interfaces/include/builtin_interfaces/msg/rosidl_typesupport_fastrtps_cpp__visibility_control.h
[0.555s] -- Up-to-date: /home/ngy/micro_ros/install/builtin_interfaces/include/builtin_interfaces/msg/detail
[0.555s] -- Up-to-date: /home/ngy/micro_ros/install/builtin_interfaces/include/builtin_interfaces/msg/detail/duration__rosidl_typesupport_fastrtps_cpp.hpp
[0.555s] -- Up-to-date: /home/ngy/micro_ros/install/builtin_interfaces/include/builtin_interfaces/msg/detail/dds_fastrtps
[0.555s] -- Up-to-date: /home/ngy/micro_ros/install/builtin_interfaces/include/builtin_interfaces/msg/detail/time__rosidl_typesupport_fastrtps_cpp.hpp
[0.556s] -- Up-to-date: /home/ngy/micro_ros/install/builtin_interfaces/lib/libbuiltin_interfaces__rosidl_typesupport_fastrtps_cpp.so
[0.556s] -- Up-to-date: /home/ngy/micro_ros/install/builtin_interfaces/include/builtin_interfaces
[0.556s] -- Up-to-date: /home/ngy/micro_ros/install/builtin_interfaces/include/builtin_interfaces/msg
[0.556s] -- Up-to-date: /home/ngy/micro_ros/install/builtin_interfaces/include/builtin_interfaces/msg/rosidl_typesupport_introspection_c__visibility_control.h
[0.556s] -- Up-to-date: /home/ngy/micro_ros/install/builtin_interfaces/include/builtin_interfaces/msg/detail
[0.556s] -- Up-to-date: /home/ngy/micro_ros/install/builtin_interfaces/include/builtin_interfaces/msg/detail/duration__type_support.c
[0.556s] -- Up-to-date: /home/ngy/micro_ros/install/builtin_interfaces/include/builtin_interfaces/msg/detail/time__type_support.c
[0.556s] -- Up-to-date: /home/ngy/micro_ros/install/builtin_interfaces/include/builtin_interfaces/msg/detail/duration__rosidl_typesupport_introspection_c.h
[0.556s] -- Up-to-date: /home/ngy/micro_ros/install/builtin_interfaces/include/builtin_interfaces/msg/detail/time__rosidl_typesupport_introspection_c.h
[0.556s] -- Up-to-date: /home/ngy/micro_ros/install/builtin_interfaces/lib/libbuiltin_interfaces__rosidl_typesupport_introspection_c.so
[0.556s] -- Up-to-date: /home/ngy/micro_ros/install/builtin_interfaces/lib/libbuiltin_interfaces__rosidl_typesupport_c.so
[0.556s] -- Up-to-date: /home/ngy/micro_ros/install/builtin_interfaces/include/builtin_interfaces
[0.556s] -- Up-to-date: /home/ngy/micro_ros/install/builtin_interfaces/include/builtin_interfaces/msg
[0.556s] -- Up-to-date: /home/ngy/micro_ros/install/builtin_interfaces/include/builtin_interfaces/msg/time.hpp
[0.556s] -- Up-to-date: /home/ngy/micro_ros/install/builtin_interfaces/include/builtin_interfaces/msg/duration.hpp
[0.556s] -- Up-to-date: /home/ngy/micro_ros/install/builtin_interfaces/include/builtin_interfaces/msg/detail
[0.556s] -- Up-to-date: /home/ngy/micro_ros/install/builtin_interfaces/include/builtin_interfaces/msg/detail/time__struct.hpp
[0.556s] -- Up-to-date: /home/ngy/micro_ros/install/builtin_interfaces/include/builtin_interfaces/msg/detail/duration__traits.hpp
[0.557s] -- Up-to-date: /home/ngy/micro_ros/install/builtin_interfaces/include/builtin_interfaces/msg/detail/duration__struct.hpp
[0.557s] -- Up-to-date: /home/ngy/micro_ros/install/builtin_interfaces/include/builtin_interfaces/msg/detail/time__traits.hpp
[0.557s] -- Up-to-date: /home/ngy/micro_ros/install/builtin_interfaces/include/builtin_interfaces/msg/detail/duration__builder.hpp
[0.557s] -- Up-to-date: /home/ngy/micro_ros/install/builtin_interfaces/include/builtin_interfaces/msg/detail/time__builder.hpp
[0.557s] -- Up-to-date: /home/ngy/micro_ros/install/builtin_interfaces/include/builtin_interfaces
[0.557s] -- Up-to-date: /home/ngy/micro_ros/install/builtin_interfaces/include/builtin_interfaces/msg
[0.557s] -- Up-to-date: /home/ngy/micro_ros/install/builtin_interfaces/include/builtin_interfaces/msg/detail
[0.557s] -- Up-to-date: /home/ngy/micro_ros/install/builtin_interfaces/include/builtin_interfaces/msg/detail/microxrcedds
[0.557s] -- Up-to-date: /home/ngy/micro_ros/install/builtin_interfaces/include/builtin_interfaces/msg/detail/microxrcedds/duration__type_support_cpp.cpp
[0.557s] -- Up-to-date: /home/ngy/micro_ros/install/builtin_interfaces/include/builtin_interfaces/msg/detail/microxrcedds/time__type_support_cpp.cpp
[0.557s] -- Up-to-date: /home/ngy/micro_ros/install/builtin_interfaces/include/builtin_interfaces/msg/detail/duration__rosidl_typesupport_microxrcedds_cpp.hpp
[0.557s] -- Up-to-date: /home/ngy/micro_ros/install/builtin_interfaces/include/builtin_interfaces/msg/detail/time__rosidl_typesupport_microxrcedds_cpp.hpp
[0.557s] -- Up-to-date: /home/ngy/micro_ros/install/builtin_interfaces/include/builtin_interfaces/msg/rosidl_typesupport_microxrcedds_cpp__visibility_control.h
[0.557s] -- Up-to-date: /home/ngy/micro_ros/install/builtin_interfaces/lib/libbuiltin_interfaces__rosidl_typesupport_microxrcedds_cpp.so
[0.557s] -- Up-to-date: /home/ngy/micro_ros/install/builtin_interfaces/include/builtin_interfaces
[0.558s] -- Up-to-date: /home/ngy/micro_ros/install/builtin_interfaces/include/builtin_interfaces/msg
[0.558s] -- Up-to-date: /home/ngy/micro_ros/install/builtin_interfaces/include/builtin_interfaces/msg/detail
[0.558s] -- Up-to-date: /home/ngy/micro_ros/install/builtin_interfaces/include/builtin_interfaces/msg/detail/duration__rosidl_typesupport_introspection_cpp.hpp
[0.558s] -- Up-to-date: /home/ngy/micro_ros/install/builtin_interfaces/include/builtin_interfaces/msg/detail/time__type_support.cpp
[0.558s] -- Up-to-date: /home/ngy/micro_ros/install/builtin_interfaces/include/builtin_interfaces/msg/detail/time__rosidl_typesupport_introspection_cpp.hpp
[0.558s] -- Up-to-date: /home/ngy/micro_ros/install/builtin_interfaces/include/builtin_interfaces/msg/detail/duration__type_support.cpp
[0.558s] -- Up-to-date: /home/ngy/micro_ros/install/builtin_interfaces/lib/libbuiltin_interfaces__rosidl_typesupport_introspection_cpp.so
[0.558s] -- Up-to-date: /home/ngy/micro_ros/install/builtin_interfaces/lib/libbuiltin_interfaces__rosidl_typesupport_cpp.so
[0.558s] -- Up-to-date: /home/ngy/micro_ros/install/builtin_interfaces/share/builtin_interfaces/environment/pythonpath.sh
[0.558s] -- Up-to-date: /home/ngy/micro_ros/install/builtin_interfaces/share/builtin_interfaces/environment/pythonpath.dsv
[0.558s] -- Up-to-date: /home/ngy/micro_ros/install/builtin_interfaces/lib/python3.8/site-packages/builtin_interfaces/__init__.py
[0.602s] -- Up-to-date: /home/ngy/micro_ros/install/builtin_interfaces/lib/python3.8/site-packages/builtin_interfaces/msg
[0.603s] -- Up-to-date: /home/ngy/micro_ros/install/builtin_interfaces/lib/python3.8/site-packages/builtin_interfaces/msg/_time.py
[0.603s] -- Up-to-date: /home/ngy/micro_ros/install/builtin_interfaces/lib/python3.8/site-packages/builtin_interfaces/msg/_duration_s.c
[0.603s] -- Up-to-date: /home/ngy/micro_ros/install/builtin_interfaces/lib/python3.8/site-packages/builtin_interfaces/msg/_duration.py
[0.603s] -- Up-to-date: /home/ngy/micro_ros/install/builtin_interfaces/lib/python3.8/site-packages/builtin_interfaces/msg/_time_s.c
[0.603s] -- Up-to-date: /home/ngy/micro_ros/install/builtin_interfaces/lib/python3.8/site-packages/builtin_interfaces/msg/__init__.py
[0.603s] -- Up-to-date: /home/ngy/micro_ros/install/builtin_interfaces/lib/python3.8/site-packages/builtin_interfaces/builtin_interfaces_s__rosidl_typesupport_microxrcedds_c.cpython-38-x86_64-linux-gnu.so
[0.604s] -- Up-to-date: /home/ngy/micro_ros/install/builtin_interfaces/lib/python3.8/site-packages/builtin_interfaces/builtin_interfaces_s__rosidl_typesupport_fastrtps_c.cpython-38-x86_64-linux-gnu.so
[0.605s] -- Up-to-date: /home/ngy/micro_ros/install/builtin_interfaces/lib/python3.8/site-packages/builtin_interfaces/builtin_interfaces_s__rosidl_typesupport_introspection_c.cpython-38-x86_64-linux-gnu.so
[0.606s] -- Up-to-date: /home/ngy/micro_ros/install/builtin_interfaces/lib/python3.8/site-packages/builtin_interfaces/builtin_interfaces_s__rosidl_typesupport_c.cpython-38-x86_64-linux-gnu.so
[0.607s] -- Up-to-date: /home/ngy/micro_ros/install/builtin_interfaces/lib/libbuiltin_interfaces__python.so
[0.607s] -- Up-to-date: /home/ngy/micro_ros/install/builtin_interfaces/share/builtin_interfaces/msg/Duration.idl
[0.607s] -- Up-to-date: /home/ngy/micro_ros/install/builtin_interfaces/share/builtin_interfaces/msg/Time.idl
[0.607s] -- Up-to-date: /home/ngy/micro_ros/install/builtin_interfaces/share/builtin_interfaces/msg/Duration.msg
[0.607s] -- Up-to-date: /home/ngy/micro_ros/install/builtin_interfaces/share/builtin_interfaces/msg/Time.msg
[0.607s] -- Up-to-date: /home/ngy/micro_ros/install/builtin_interfaces/share/ament_index/resource_index/package_run_dependencies/builtin_interfaces
[0.608s] -- Up-to-date: /home/ngy/micro_ros/install/builtin_interfaces/share/ament_index/resource_index/parent_prefix_path/builtin_interfaces
[0.608s] -- Up-to-date: /home/ngy/micro_ros/install/builtin_interfaces/share/builtin_interfaces/environment/ament_prefix_path.sh
[0.608s] -- Up-to-date: /home/ngy/micro_ros/install/builtin_interfaces/share/builtin_interfaces/environment/ament_prefix_path.dsv
[0.608s] -- Up-to-date: /home/ngy/micro_ros/install/builtin_interfaces/share/builtin_interfaces/environment/path.sh
[0.608s] -- Up-to-date: /home/ngy/micro_ros/install/builtin_interfaces/share/builtin_interfaces/environment/path.dsv
[0.608s] -- Up-to-date: /home/ngy/micro_ros/install/builtin_interfaces/share/builtin_interfaces/local_setup.bash
[0.608s] -- Up-to-date: /home/ngy/micro_ros/install/builtin_interfaces/share/builtin_interfaces/local_setup.sh
[0.608s] -- Up-to-date: /home/ngy/micro_ros/install/builtin_interfaces/share/builtin_interfaces/local_setup.zsh
[0.608s] -- Up-to-date: /home/ngy/micro_ros/install/builtin_interfaces/share/builtin_interfaces/local_setup.dsv
[0.608s] -- Up-to-date: /home/ngy/micro_ros/install/builtin_interfaces/share/builtin_interfaces/package.dsv
[0.608s] -- Up-to-date: /home/ngy/micro_ros/install/builtin_interfaces/share/ament_index/resource_index/packages/builtin_interfaces
[0.609s] -- Up-to-date: /home/ngy/micro_ros/install/builtin_interfaces/share/builtin_interfaces/cmake/builtin_interfaces__rosidl_generator_cExport.cmake
[0.609s] -- Up-to-date: /home/ngy/micro_ros/install/builtin_interfaces/share/builtin_interfaces/cmake/builtin_interfaces__rosidl_generator_cExport-noconfig.cmake
[0.609s] -- Up-to-date: /home/ngy/micro_ros/install/builtin_interfaces/share/builtin_interfaces/cmake/builtin_interfaces__rosidl_typesupport_introspection_cExport.cmake
[0.609s] -- Up-to-date: /home/ngy/micro_ros/install/builtin_interfaces/share/builtin_interfaces/cmake/builtin_interfaces__rosidl_typesupport_introspection_cExport-noconfig.cmake
[0.609s] -- Up-to-date: /home/ngy/micro_ros/install/builtin_interfaces/share/builtin_interfaces/cmake/builtin_interfaces__rosidl_typesupport_cExport.cmake
[0.610s] -- Up-to-date: /home/ngy/micro_ros/install/builtin_interfaces/share/builtin_interfaces/cmake/builtin_interfaces__rosidl_typesupport_cExport-noconfig.cmake
[0.610s] -- Up-to-date: /home/ngy/micro_ros/install/builtin_interfaces/share/builtin_interfaces/cmake/builtin_interfaces__rosidl_generator_cppExport.cmake
[0.610s] -- Up-to-date: /home/ngy/micro_ros/install/builtin_interfaces/share/builtin_interfaces/cmake/builtin_interfaces__rosidl_typesupport_introspection_cppExport.cmake
[0.610s] -- Up-to-date: /home/ngy/micro_ros/install/builtin_interfaces/share/builtin_interfaces/cmake/builtin_interfaces__rosidl_typesupport_introspection_cppExport-noconfig.cmake
[0.611s] -- Up-to-date: /home/ngy/micro_ros/install/builtin_interfaces/share/builtin_interfaces/cmake/builtin_interfaces__rosidl_typesupport_cppExport.cmake
[0.611s] -- Up-to-date: /home/ngy/micro_ros/install/builtin_interfaces/share/builtin_interfaces/cmake/builtin_interfaces__rosidl_typesupport_cppExport-noconfig.cmake
[0.611s] -- Up-to-date: /home/ngy/micro_ros/install/builtin_interfaces/share/builtin_interfaces/cmake/rosidl_cmake-extras.cmake
[0.611s] -- Up-to-date: /home/ngy/micro_ros/install/builtin_interfaces/share/builtin_interfaces/cmake/ament_cmake_export_dependencies-extras.cmake
[0.611s] -- Up-to-date: /home/ngy/micro_ros/install/builtin_interfaces/share/builtin_interfaces/cmake/ament_cmake_export_libraries-extras.cmake
[0.611s] -- Up-to-date: /home/ngy/micro_ros/install/builtin_interfaces/share/builtin_interfaces/cmake/ament_cmake_export_targets-extras.cmake
[0.611s] -- Up-to-date: /home/ngy/micro_ros/install/builtin_interfaces/share/builtin_interfaces/cmake/ament_cmake_export_include_directories-extras.cmake
[0.611s] -- Up-to-date: /home/ngy/micro_ros/install/builtin_interfaces/share/builtin_interfaces/cmake/rosidl_cmake_export_typesupport_libraries-extras.cmake
[0.611s] -- Up-to-date: /home/ngy/micro_ros/install/builtin_interfaces/share/builtin_interfaces/cmake/rosidl_cmake_export_typesupport_targets-extras.cmake
[0.611s] -- Up-to-date: /home/ngy/micro_ros/install/builtin_interfaces/share/builtin_interfaces/cmake/builtin_interfacesConfig.cmake
[0.611s] -- Up-to-date: /home/ngy/micro_ros/install/builtin_interfaces/share/builtin_interfaces/cmake/builtin_interfacesConfig-version.cmake
[0.611s] -- Up-to-date: /home/ngy/micro_ros/install/builtin_interfaces/share/builtin_interfaces/package.xml
[0.614s] Invoked command in '/home/ngy/micro_ros/build/builtin_interfaces' returned '0': CMAKE_PREFIX_PATH=${CMAKE_PREFIX_PATH}:/home/ngy/micro_ros/install/sensor_msgs_py:/opt/ros/foxy /usr/bin/cmake --install /home/ngy/micro_ros/build/builtin_interfaces
