[0.057s] Invoking command in '/home/ngy/micro_ros/build/unique_identifier_msgs': CMAKE_PREFIX_PATH=${CMAKE_PREFIX_PATH}:/home/ngy/microros_ws/install/sensor_msgs_py:/opt/ros/foxy /usr/bin/cmake /home/ngy/micro_ros/src/ros2/unique_identifier_msgs -DBUILD_TESTING=OFF -DBUILD_SHARED_LIBS=ON -DCMAKE_INSTALL_PREFIX=/home/ngy/micro_ros/install/unique_identifier_msgs
[0.134s] -- The C compiler identification is GNU 9.4.0
[0.221s] -- The CXX compiler identification is GNU 9.4.0
[0.229s] -- Check for working C compiler: /usr/bin/cc
[0.315s] -- Check for working C compiler: /usr/bin/cc -- works
[0.316s] -- Detecting C compiler ABI info
[0.421s] -- Detecting C compiler ABI info - done
[0.444s] -- Detecting C compile features
[0.444s] -- Detecting C compile features - done
[0.448s] -- Check for working CXX compiler: /usr/bin/c++
[0.556s] -- Check for working CXX compiler: /usr/bin/c++ -- works
[0.558s] -- Detecting CXX compiler ABI info
[0.672s] -- Detecting CXX compiler ABI info - done
[0.688s] -- Detecting CXX compile features
[0.689s] -- Detecting CXX compile features - done
[0.693s] -- Found ament_cmake: 0.9.11 (/opt/ros/foxy/share/ament_cmake/cmake)
[0.727s] -- Found PythonInterp: /usr/bin/python3 (found suitable version "3.8.10", minimum required is "3") 
[0.727s] -- Using PYTHON_EXECUTABLE: /usr/bin/python3
[0.987s] -- Found rosidl_default_generators: 1.0.1 (/opt/ros/foxy/share/rosidl_default_generators/cmake)
[0.997s] -- Using all available rosidl_typesupport_c: rosidl_typesupport_microxrcedds_c;rosidl_typesupport_fastrtps_c;rosidl_typesupport_introspection_c
[1.005s] -- Found rosidl_adapter: 1.3.0 (/opt/ros/foxy/share/rosidl_adapter/cmake)
[1.271s] -- Found OpenSSL: /usr/lib/x86_64-linux-gnu/libcrypto.so (found version "1.1.1f")  
[1.338s] -- Found FastRTPS: /opt/ros/foxy/include  
[1.544s] -- Using all available rosidl_typesupport_cpp: rosidl_typesupport_microxrcedds_cpp;rosidl_typesupport_fastrtps_cpp;rosidl_typesupport_introspection_cpp
[1.653s] -- Found PythonInterp: /usr/bin/python3 (found version "3.8.10") 
[1.838s] -- Found ament_cmake_ros: 0.9.2 (/opt/ros/foxy/share/ament_cmake_ros/cmake)
[2.061s] -- Using all available rosidl_typesupport_c: rosidl_typesupport_microxrcedds_c;rosidl_typesupport_fastrtps_c;rosidl_typesupport_introspection_c
[2.092s] -- Using all available rosidl_typesupport_cpp: rosidl_typesupport_microxrcedds_cpp;rosidl_typesupport_fastrtps_cpp;rosidl_typesupport_introspection_cpp
[2.141s] -- Found PythonInterp: /usr/bin/python3 (found suitable version "3.8.10", minimum required is "3.5") 
[2.144s] -- Found python_cmake_module: 0.8.1 (/opt/ros/foxy/share/python_cmake_module/cmake)
[2.204s] -- Found PythonLibs: /usr/lib/x86_64-linux-gnu/libpython3.8.so (found suitable version "3.8.10", minimum required is "3.5") 
[2.204s] -- Using PYTHON_EXECUTABLE: /usr/bin/python3
[2.204s] -- Using PYTHON_INCLUDE_DIRS: /usr/include/python3.8
[2.204s] -- Using PYTHON_LIBRARIES: /usr/lib/x86_64-linux-gnu/libpython3.8.so
[2.247s] -- Found PythonExtra: .so  
[2.370s] -- Configuring done
[2.430s] -- Generating done
[2.433s] -- Build files have been written to: /home/ngy/micro_ros/build/unique_identifier_msgs
[2.448s] Invoked command in '/home/ngy/micro_ros/build/unique_identifier_msgs' returned '0': CMAKE_PREFIX_PATH=${CMAKE_PREFIX_PATH}:/home/ngy/microros_ws/install/sensor_msgs_py:/opt/ros/foxy /usr/bin/cmake /home/ngy/micro_ros/src/ros2/unique_identifier_msgs -DBUILD_TESTING=OFF -DBUILD_SHARED_LIBS=ON -DCMAKE_INSTALL_PREFIX=/home/ngy/micro_ros/install/unique_identifier_msgs
[2.449s] Invoking command in '/home/ngy/micro_ros/build/unique_identifier_msgs': CMAKE_PREFIX_PATH=${CMAKE_PREFIX_PATH}:/home/ngy/microros_ws/install/sensor_msgs_py:/opt/ros/foxy /usr/bin/cmake --build /home/ngy/micro_ros/build/unique_identifier_msgs -- -j12 -l12
[2.520s] [35m[1mScanning dependencies of target unique_identifier_msgs__cpp[0m
[2.525s] [  2%] [34m[1mGenerating C code for ROS interfaces[0m
[2.542s] [  5%] [34m[1mGenerating C++ code for ROS interfaces[0m
[2.837s] [35m[1mScanning dependencies of target unique_identifier_msgs__rosidl_generator_c[0m
[2.859s] [  7%] [32mBuilding C object CMakeFiles/unique_identifier_msgs__rosidl_generator_c.dir/rosidl_generator_c/unique_identifier_msgs/msg/detail/uuid__functions.c.o[0m
[2.941s] [ 10%] [32m[1mLinking C shared library libunique_identifier_msgs__rosidl_generator_c.so[0m
[2.948s] [ 10%] Built target unique_identifier_msgs__cpp
[2.973s] [ 12%] [34m[1mGenerating C++ type support dispatch for ROS interfaces[0m
[2.977s] [ 15%] [34m[1mGenerating C++ introspection for ROS interfaces[0m
[2.991s] [ 17%] [34m[1mGenerating C++ type support for eProsima Fast-RTPS[0m
[3.012s] [ 20%] [34m[1mGenerating C++ type support for eProsima Micro XRCE-DDS[0m
[3.121s] [ 20%] Built target unique_identifier_msgs__rosidl_generator_c
[3.194s] [ 23%] [34m[1mGenerating C type support dispatch for ROS interfaces[0m
[3.194s] [ 25%] [34m[1mGenerating C type support for eProsima Micro XRCE-DDS[0m
[3.220s] [ 28%] [34m[1mGenerating C introspection for ROS interfaces[0m
[3.457s] [35m[1mScanning dependencies of target unique_identifier_msgs__rosidl_typesupport_cpp[0m
[3.491s] [35m[1mScanning dependencies of target unique_identifier_msgs__rosidl_typesupport_microxrcedds_cpp[0m
[3.522s] [ 30%] [32mBuilding CXX object CMakeFiles/unique_identifier_msgs__rosidl_typesupport_cpp.dir/rosidl_typesupport_cpp/unique_identifier_msgs/msg/uuid__type_support.cpp.o[0m
[3.523s] [35m[1mScanning dependencies of target unique_identifier_msgs__rosidl_typesupport_introspection_cpp[0m
[3.562s] [ 33%] [32mBuilding CXX object CMakeFiles/unique_identifier_msgs__rosidl_typesupport_microxrcedds_cpp.dir/rosidl_typesupport_microxrcedds_cpp/unique_identifier_msgs/msg/detail/microxrcedds/uuid__type_support_cpp.cpp.o[0m
[3.581s] [ 35%] [32mBuilding CXX object CMakeFiles/unique_identifier_msgs__rosidl_typesupport_introspection_cpp.dir/rosidl_typesupport_introspection_cpp/unique_identifier_msgs/msg/detail/uuid__type_support.cpp.o[0m
[3.727s] [35m[1mScanning dependencies of target unique_identifier_msgs__rosidl_typesupport_c[0m
[3.738s] [35m[1mScanning dependencies of target unique_identifier_msgs__rosidl_typesupport_fastrtps_cpp[0m
[3.815s] [ 38%] [32mBuilding CXX object CMakeFiles/unique_identifier_msgs__rosidl_typesupport_fastrtps_cpp.dir/rosidl_typesupport_fastrtps_cpp/unique_identifier_msgs/msg/detail/dds_fastrtps/uuid__type_support.cpp.o[0m
[3.834s] [ 41%] [32mBuilding CXX object CMakeFiles/unique_identifier_msgs__rosidl_typesupport_c.dir/rosidl_typesupport_c/unique_identifier_msgs/msg/uuid__type_support.cpp.o[0m
[3.975s] [35m[1mScanning dependencies of target unique_identifier_msgs__rosidl_typesupport_microxrcedds_c[0m
[4.013s] [35m[1mScanning dependencies of target unique_identifier_msgs__rosidl_typesupport_introspection_c[0m
[4.026s] [ 43%] [32m[1mLinking CXX shared library libunique_identifier_msgs__rosidl_typesupport_c.so[0m
[4.102s] [ 46%] [32mBuilding C object CMakeFiles/unique_identifier_msgs__rosidl_typesupport_microxrcedds_c.dir/rosidl_typesupport_microxrcedds_c/unique_identifier_msgs/msg/detail/microxrcedds/uuid__type_support_c.c.o[0m
[4.113s] [ 48%] [32mBuilding C object CMakeFiles/unique_identifier_msgs__rosidl_typesupport_introspection_c.dir/rosidl_typesupport_introspection_c/unique_identifier_msgs/msg/detail/uuid__type_support.c.o[0m
[4.177s] [ 48%] Built target unique_identifier_msgs__rosidl_typesupport_c
[4.282s] [ 51%] [32m[1mLinking C shared library libunique_identifier_msgs__rosidl_typesupport_introspection_c.so[0m
[4.322s] [ 53%] [32m[1mLinking C shared library libunique_identifier_msgs__rosidl_typesupport_microxrcedds_c.so[0m
[4.423s] [ 56%] [32m[1mLinking CXX shared library libunique_identifier_msgs__rosidl_typesupport_cpp.so[0m
[4.449s] [ 56%] Built target unique_identifier_msgs__rosidl_typesupport_introspection_c
[4.455s] [ 58%] [32m[1mLinking CXX shared library libunique_identifier_msgs__rosidl_typesupport_microxrcedds_cpp.so[0m
[4.539s] [ 58%] Built target unique_identifier_msgs__rosidl_typesupport_microxrcedds_c
[4.629s] [ 58%] Built target unique_identifier_msgs__rosidl_typesupport_cpp
[4.720s] [ 58%] Built target unique_identifier_msgs__rosidl_typesupport_microxrcedds_cpp
[4.749s] [ 61%] [32m[1mLinking CXX shared library libunique_identifier_msgs__rosidl_typesupport_introspection_cpp.so[0m
[4.919s] [ 61%] Built target unique_identifier_msgs__rosidl_typesupport_introspection_cpp
[5.335s] [ 64%] [32m[1mLinking CXX shared library libunique_identifier_msgs__rosidl_typesupport_fastrtps_cpp.so[0m
[5.669s] [ 64%] Built target unique_identifier_msgs__rosidl_typesupport_fastrtps_cpp
[5.755s] [ 66%] [34m[1mGenerating C type support for eProsima Fast-RTPS[0m
[6.543s] [35m[1mScanning dependencies of target unique_identifier_msgs__rosidl_typesupport_fastrtps_c[0m
[6.646s] [ 69%] [32mBuilding CXX object CMakeFiles/unique_identifier_msgs__rosidl_typesupport_fastrtps_c.dir/rosidl_typesupport_fastrtps_c/unique_identifier_msgs/msg/detail/uuid__type_support_c.cpp.o[0m
[7.556s] [ 71%] [32m[1mLinking CXX shared library libunique_identifier_msgs__rosidl_typesupport_fastrtps_c.so[0m
[7.808s] [ 71%] Built target unique_identifier_msgs__rosidl_typesupport_fastrtps_c
[7.831s] [35m[1mScanning dependencies of target unique_identifier_msgs[0m
[7.858s] [ 71%] Built target unique_identifier_msgs
[7.879s] [35m[1mScanning dependencies of target unique_identifier_msgs__py[0m
[7.898s] [ 74%] [34m[1mGenerating Python code for ROS interfaces[0m
[8.850s] [ 74%] Built target unique_identifier_msgs__py
[8.941s] [35m[1mScanning dependencies of target unique_identifier_msgs__python[0m
[9.035s] [ 76%] [32mBuilding C object CMakeFiles/unique_identifier_msgs__python.dir/rosidl_generator_py/unique_identifier_msgs/msg/_uuid_s.c.o[0m
[9.301s] [ 79%] [32m[1mLinking C shared library rosidl_generator_py/unique_identifier_msgs/libunique_identifier_msgs__python.so[0m
[9.470s] [ 79%] Built target unique_identifier_msgs__python
[9.517s] [35m[1mScanning dependencies of target unique_identifier_msgs__rosidl_typesupport_c__pyext[0m
[9.529s] [35m[1mScanning dependencies of target unique_identifier_msgs__rosidl_typesupport_fastrtps_c__pyext[0m
[9.554s] [35m[1mScanning dependencies of target unique_identifier_msgs__rosidl_typesupport_introspection_c__pyext[0m
[9.567s] [35m[1mScanning dependencies of target unique_identifier_msgs__rosidl_typesupport_microxrcedds_c__pyext[0m
[9.579s] [ 82%] [32mBuilding C object CMakeFiles/unique_identifier_msgs__rosidl_typesupport_fastrtps_c__pyext.dir/rosidl_generator_py/unique_identifier_msgs/_unique_identifier_msgs_s.ep.rosidl_typesupport_fastrtps_c.c.o[0m
[9.596s] [ 84%] [32mBuilding C object CMakeFiles/unique_identifier_msgs__rosidl_typesupport_c__pyext.dir/rosidl_generator_py/unique_identifier_msgs/_unique_identifier_msgs_s.ep.rosidl_typesupport_c.c.o[0m
[9.603s] [ 87%] [32mBuilding C object CMakeFiles/unique_identifier_msgs__rosidl_typesupport_introspection_c__pyext.dir/rosidl_generator_py/unique_identifier_msgs/_unique_identifier_msgs_s.ep.rosidl_typesupport_introspection_c.c.o[0m
[9.677s] [ 89%] [32mBuilding C object CMakeFiles/unique_identifier_msgs__rosidl_typesupport_microxrcedds_c__pyext.dir/rosidl_generator_py/unique_identifier_msgs/_unique_identifier_msgs_s.ep.rosidl_typesupport_microxrcedds_c.c.o[0m
[9.794s] [ 92%] [32m[1mLinking CXX shared library rosidl_generator_py/unique_identifier_msgs/unique_identifier_msgs_s__rosidl_typesupport_fastrtps_c.cpython-38-x86_64-linux-gnu.so[0m
[9.823s] [ 94%] [32m[1mLinking C shared library rosidl_generator_py/unique_identifier_msgs/unique_identifier_msgs_s__rosidl_typesupport_introspection_c.cpython-38-x86_64-linux-gnu.so[0m
[9.851s] [ 97%] [32m[1mLinking C shared library rosidl_generator_py/unique_identifier_msgs/unique_identifier_msgs_s__rosidl_typesupport_c.cpython-38-x86_64-linux-gnu.so[0m
[9.903s] [100%] [32m[1mLinking C shared library rosidl_generator_py/unique_identifier_msgs/unique_identifier_msgs_s__rosidl_typesupport_microxrcedds_c.cpython-38-x86_64-linux-gnu.so[0m
[9.949s] [100%] Built target unique_identifier_msgs__rosidl_typesupport_introspection_c__pyext
[9.957s] [100%] Built target unique_identifier_msgs__rosidl_typesupport_c__pyext
[9.977s] [100%] Built target unique_identifier_msgs__rosidl_typesupport_microxrcedds_c__pyext
[10.016s] [100%] Built target unique_identifier_msgs__rosidl_typesupport_fastrtps_c__pyext
[10.042s] Invoked command in '/home/ngy/micro_ros/build/unique_identifier_msgs' returned '0': CMAKE_PREFIX_PATH=${CMAKE_PREFIX_PATH}:/home/ngy/microros_ws/install/sensor_msgs_py:/opt/ros/foxy /usr/bin/cmake --build /home/ngy/micro_ros/build/unique_identifier_msgs -- -j12 -l12
[10.212s] Invoking command in '/home/ngy/micro_ros/build/unique_identifier_msgs': CMAKE_PREFIX_PATH=${CMAKE_PREFIX_PATH}:/home/ngy/microros_ws/install/sensor_msgs_py:/opt/ros/foxy /usr/bin/cmake --install /home/ngy/micro_ros/build/unique_identifier_msgs
[10.223s] -- Install configuration: ""
[10.224s] -- Installing: /home/ngy/micro_ros/install/unique_identifier_msgs/share/ament_index/resource_index/rosidl_interfaces/unique_identifier_msgs
[10.224s] -- Installing: /home/ngy/micro_ros/install/unique_identifier_msgs/include/unique_identifier_msgs
[10.224s] -- Installing: /home/ngy/micro_ros/install/unique_identifier_msgs/include/unique_identifier_msgs/msg
[10.224s] -- Installing: /home/ngy/micro_ros/install/unique_identifier_msgs/include/unique_identifier_msgs/msg/uuid.h
[10.224s] -- Installing: /home/ngy/micro_ros/install/unique_identifier_msgs/include/unique_identifier_msgs/msg/detail
[10.225s] -- Installing: /home/ngy/micro_ros/install/unique_identifier_msgs/include/unique_identifier_msgs/msg/detail/uuid__struct.h
[10.225s] -- Installing: /home/ngy/micro_ros/install/unique_identifier_msgs/include/unique_identifier_msgs/msg/detail/uuid__functions.c
[10.225s] -- Installing: /home/ngy/micro_ros/install/unique_identifier_msgs/include/unique_identifier_msgs/msg/detail/uuid__functions.h
[10.225s] -- Installing: /home/ngy/micro_ros/install/unique_identifier_msgs/include/unique_identifier_msgs/msg/detail/uuid__type_support.h
[10.225s] -- Installing: /home/ngy/micro_ros/install/unique_identifier_msgs/include/unique_identifier_msgs/msg/rosidl_generator_c__visibility_control.h
[10.225s] -- Installing: /home/ngy/micro_ros/install/unique_identifier_msgs/share/unique_identifier_msgs/environment/library_path.sh
[10.225s] -- Installing: /home/ngy/micro_ros/install/unique_identifier_msgs/share/unique_identifier_msgs/environment/library_path.dsv
[10.226s] -- Installing: /home/ngy/micro_ros/install/unique_identifier_msgs/lib/libunique_identifier_msgs__rosidl_generator_c.so
[10.226s] -- Set runtime path of "/home/ngy/micro_ros/install/unique_identifier_msgs/lib/libunique_identifier_msgs__rosidl_generator_c.so" to ""
[10.226s] -- Up-to-date: /home/ngy/micro_ros/install/unique_identifier_msgs/include/unique_identifier_msgs
[10.226s] -- Up-to-date: /home/ngy/micro_ros/install/unique_identifier_msgs/include/unique_identifier_msgs/msg
[10.226s] -- Up-to-date: /home/ngy/micro_ros/install/unique_identifier_msgs/include/unique_identifier_msgs/msg/detail
[10.226s] -- Installing: /home/ngy/micro_ros/install/unique_identifier_msgs/include/unique_identifier_msgs/msg/detail/uuid__rosidl_typesupport_microxrcedds_c.h
[10.226s] -- Installing: /home/ngy/micro_ros/install/unique_identifier_msgs/include/unique_identifier_msgs/msg/detail/microxrcedds
[10.227s] -- Installing: /home/ngy/micro_ros/install/unique_identifier_msgs/include/unique_identifier_msgs/msg/rosidl_typesupport_microxrcedds_c__visibility_control.h
[10.227s] -- Installing: /home/ngy/micro_ros/install/unique_identifier_msgs/lib/libunique_identifier_msgs__rosidl_typesupport_microxrcedds_c.so
[10.227s] -- Set runtime path of "/home/ngy/micro_ros/install/unique_identifier_msgs/lib/libunique_identifier_msgs__rosidl_typesupport_microxrcedds_c.so" to ""
[10.227s] -- Up-to-date: /home/ngy/micro_ros/install/unique_identifier_msgs/include/unique_identifier_msgs
[10.227s] -- Up-to-date: /home/ngy/micro_ros/install/unique_identifier_msgs/include/unique_identifier_msgs/msg
[10.227s] -- Up-to-date: /home/ngy/micro_ros/install/unique_identifier_msgs/include/unique_identifier_msgs/msg/detail
[10.227s] -- Installing: /home/ngy/micro_ros/install/unique_identifier_msgs/include/unique_identifier_msgs/msg/detail/uuid__rosidl_typesupport_fastrtps_c.h
[10.227s] -- Installing: /home/ngy/micro_ros/install/unique_identifier_msgs/include/unique_identifier_msgs/msg/rosidl_typesupport_fastrtps_c__visibility_control.h
[10.228s] -- Installing: /home/ngy/micro_ros/install/unique_identifier_msgs/lib/libunique_identifier_msgs__rosidl_typesupport_fastrtps_c.so
[10.228s] -- Set runtime path of "/home/ngy/micro_ros/install/unique_identifier_msgs/lib/libunique_identifier_msgs__rosidl_typesupport_fastrtps_c.so" to ""
[10.228s] -- Up-to-date: /home/ngy/micro_ros/install/unique_identifier_msgs/include/unique_identifier_msgs
[10.228s] -- Up-to-date: /home/ngy/micro_ros/install/unique_identifier_msgs/include/unique_identifier_msgs/msg
[10.228s] -- Installing: /home/ngy/micro_ros/install/unique_identifier_msgs/include/unique_identifier_msgs/msg/rosidl_typesupport_fastrtps_cpp__visibility_control.h
[10.228s] -- Up-to-date: /home/ngy/micro_ros/install/unique_identifier_msgs/include/unique_identifier_msgs/msg/detail
[10.228s] -- Installing: /home/ngy/micro_ros/install/unique_identifier_msgs/include/unique_identifier_msgs/msg/detail/dds_fastrtps
[10.228s] -- Installing: /home/ngy/micro_ros/install/unique_identifier_msgs/include/unique_identifier_msgs/msg/detail/uuid__rosidl_typesupport_fastrtps_cpp.hpp
[10.228s] -- Installing: /home/ngy/micro_ros/install/unique_identifier_msgs/lib/libunique_identifier_msgs__rosidl_typesupport_fastrtps_cpp.so
[10.229s] -- Set runtime path of "/home/ngy/micro_ros/install/unique_identifier_msgs/lib/libunique_identifier_msgs__rosidl_typesupport_fastrtps_cpp.so" to ""
[10.229s] -- Up-to-date: /home/ngy/micro_ros/install/unique_identifier_msgs/include/unique_identifier_msgs
[10.229s] -- Up-to-date: /home/ngy/micro_ros/install/unique_identifier_msgs/include/unique_identifier_msgs/msg
[10.229s] -- Installing: /home/ngy/micro_ros/install/unique_identifier_msgs/include/unique_identifier_msgs/msg/rosidl_typesupport_introspection_c__visibility_control.h
[10.229s] -- Up-to-date: /home/ngy/micro_ros/install/unique_identifier_msgs/include/unique_identifier_msgs/msg/detail
[10.229s] -- Installing: /home/ngy/micro_ros/install/unique_identifier_msgs/include/unique_identifier_msgs/msg/detail/uuid__rosidl_typesupport_introspection_c.h
[10.229s] -- Installing: /home/ngy/micro_ros/install/unique_identifier_msgs/include/unique_identifier_msgs/msg/detail/uuid__type_support.c
[10.229s] -- Installing: /home/ngy/micro_ros/install/unique_identifier_msgs/lib/libunique_identifier_msgs__rosidl_typesupport_introspection_c.so
[10.230s] -- Set runtime path of "/home/ngy/micro_ros/install/unique_identifier_msgs/lib/libunique_identifier_msgs__rosidl_typesupport_introspection_c.so" to ""
[10.230s] -- Installing: /home/ngy/micro_ros/install/unique_identifier_msgs/lib/libunique_identifier_msgs__rosidl_typesupport_c.so
[10.230s] -- Set runtime path of "/home/ngy/micro_ros/install/unique_identifier_msgs/lib/libunique_identifier_msgs__rosidl_typesupport_c.so" to ""
[10.230s] -- Up-to-date: /home/ngy/micro_ros/install/unique_identifier_msgs/include/unique_identifier_msgs
[10.230s] -- Up-to-date: /home/ngy/micro_ros/install/unique_identifier_msgs/include/unique_identifier_msgs/msg
[10.230s] -- Up-to-date: /home/ngy/micro_ros/install/unique_identifier_msgs/include/unique_identifier_msgs/msg/detail
[10.231s] -- Installing: /home/ngy/micro_ros/install/unique_identifier_msgs/include/unique_identifier_msgs/msg/detail/uuid__builder.hpp
[10.231s] -- Installing: /home/ngy/micro_ros/install/unique_identifier_msgs/include/unique_identifier_msgs/msg/detail/uuid__traits.hpp
[10.231s] -- Installing: /home/ngy/micro_ros/install/unique_identifier_msgs/include/unique_identifier_msgs/msg/detail/uuid__struct.hpp
[10.231s] -- Installing: /home/ngy/micro_ros/install/unique_identifier_msgs/include/unique_identifier_msgs/msg/uuid.hpp
[10.231s] -- Up-to-date: /home/ngy/micro_ros/install/unique_identifier_msgs/include/unique_identifier_msgs
[10.231s] -- Up-to-date: /home/ngy/micro_ros/install/unique_identifier_msgs/include/unique_identifier_msgs/msg
[10.231s] -- Up-to-date: /home/ngy/micro_ros/install/unique_identifier_msgs/include/unique_identifier_msgs/msg/detail
[10.231s] -- Up-to-date: /home/ngy/micro_ros/install/unique_identifier_msgs/include/unique_identifier_msgs/msg/detail/microxrcedds
[10.231s] -- Installing: /home/ngy/micro_ros/install/unique_identifier_msgs/include/unique_identifier_msgs/msg/detail/microxrcedds/uuid__type_support_cpp.cpp
[10.232s] -- Installing: /home/ngy/micro_ros/install/unique_identifier_msgs/include/unique_identifier_msgs/msg/detail/uuid__rosidl_typesupport_microxrcedds_cpp.hpp
[10.232s] -- Installing: /home/ngy/micro_ros/install/unique_identifier_msgs/include/unique_identifier_msgs/msg/rosidl_typesupport_microxrcedds_cpp__visibility_control.h
[10.232s] -- Installing: /home/ngy/micro_ros/install/unique_identifier_msgs/lib/libunique_identifier_msgs__rosidl_typesupport_microxrcedds_cpp.so
[10.232s] -- Set runtime path of "/home/ngy/micro_ros/install/unique_identifier_msgs/lib/libunique_identifier_msgs__rosidl_typesupport_microxrcedds_cpp.so" to ""
[10.232s] -- Up-to-date: /home/ngy/micro_ros/install/unique_identifier_msgs/include/unique_identifier_msgs
[10.232s] -- Up-to-date: /home/ngy/micro_ros/install/unique_identifier_msgs/include/unique_identifier_msgs/msg
[10.232s] -- Up-to-date: /home/ngy/micro_ros/install/unique_identifier_msgs/include/unique_identifier_msgs/msg/detail
[10.232s] -- Installing: /home/ngy/micro_ros/install/unique_identifier_msgs/include/unique_identifier_msgs/msg/detail/uuid__type_support.cpp
[10.232s] -- Installing: /home/ngy/micro_ros/install/unique_identifier_msgs/include/unique_identifier_msgs/msg/detail/uuid__rosidl_typesupport_introspection_cpp.hpp
[10.233s] -- Installing: /home/ngy/micro_ros/install/unique_identifier_msgs/lib/libunique_identifier_msgs__rosidl_typesupport_introspection_cpp.so
[10.233s] -- Set runtime path of "/home/ngy/micro_ros/install/unique_identifier_msgs/lib/libunique_identifier_msgs__rosidl_typesupport_introspection_cpp.so" to ""
[10.233s] -- Installing: /home/ngy/micro_ros/install/unique_identifier_msgs/lib/libunique_identifier_msgs__rosidl_typesupport_cpp.so
[10.233s] -- Set runtime path of "/home/ngy/micro_ros/install/unique_identifier_msgs/lib/libunique_identifier_msgs__rosidl_typesupport_cpp.so" to ""
[10.233s] -- Installing: /home/ngy/micro_ros/install/unique_identifier_msgs/share/unique_identifier_msgs/environment/pythonpath.sh
[10.233s] -- Installing: /home/ngy/micro_ros/install/unique_identifier_msgs/share/unique_identifier_msgs/environment/pythonpath.dsv
[10.233s] -- Installing: /home/ngy/micro_ros/install/unique_identifier_msgs/lib/python3.8/site-packages/unique_identifier_msgs/__init__.py
[10.270s] Compiling '/home/ngy/micro_ros/install/unique_identifier_msgs/lib/python3.8/site-packages/unique_identifier_msgs/__init__.py'...
[10.275s] -- Installing: /home/ngy/micro_ros/install/unique_identifier_msgs/lib/python3.8/site-packages/unique_identifier_msgs/msg
[10.275s] -- Installing: /home/ngy/micro_ros/install/unique_identifier_msgs/lib/python3.8/site-packages/unique_identifier_msgs/msg/_uuid_s.c
[10.275s] -- Installing: /home/ngy/micro_ros/install/unique_identifier_msgs/lib/python3.8/site-packages/unique_identifier_msgs/msg/__init__.py
[10.275s] -- Installing: /home/ngy/micro_ros/install/unique_identifier_msgs/lib/python3.8/site-packages/unique_identifier_msgs/msg/_uuid.py
[10.275s] -- Installing: /home/ngy/micro_ros/install/unique_identifier_msgs/lib/python3.8/site-packages/unique_identifier_msgs/unique_identifier_msgs_s__rosidl_typesupport_microxrcedds_c.cpython-38-x86_64-linux-gnu.so
[10.276s] -- Set runtime path of "/home/ngy/micro_ros/install/unique_identifier_msgs/lib/python3.8/site-packages/unique_identifier_msgs/unique_identifier_msgs_s__rosidl_typesupport_microxrcedds_c.cpython-38-x86_64-linux-gnu.so" to ""
[10.276s] -- Installing: /home/ngy/micro_ros/install/unique_identifier_msgs/lib/python3.8/site-packages/unique_identifier_msgs/unique_identifier_msgs_s__rosidl_typesupport_fastrtps_c.cpython-38-x86_64-linux-gnu.so
[10.277s] -- Set runtime path of "/home/ngy/micro_ros/install/unique_identifier_msgs/lib/python3.8/site-packages/unique_identifier_msgs/unique_identifier_msgs_s__rosidl_typesupport_fastrtps_c.cpython-38-x86_64-linux-gnu.so" to ""
[10.277s] -- Installing: /home/ngy/micro_ros/install/unique_identifier_msgs/lib/python3.8/site-packages/unique_identifier_msgs/unique_identifier_msgs_s__rosidl_typesupport_introspection_c.cpython-38-x86_64-linux-gnu.so
[10.278s] -- Set runtime path of "/home/ngy/micro_ros/install/unique_identifier_msgs/lib/python3.8/site-packages/unique_identifier_msgs/unique_identifier_msgs_s__rosidl_typesupport_introspection_c.cpython-38-x86_64-linux-gnu.so" to ""
[10.278s] -- Installing: /home/ngy/micro_ros/install/unique_identifier_msgs/lib/python3.8/site-packages/unique_identifier_msgs/unique_identifier_msgs_s__rosidl_typesupport_c.cpython-38-x86_64-linux-gnu.so
[10.279s] -- Set runtime path of "/home/ngy/micro_ros/install/unique_identifier_msgs/lib/python3.8/site-packages/unique_identifier_msgs/unique_identifier_msgs_s__rosidl_typesupport_c.cpython-38-x86_64-linux-gnu.so" to ""
[10.279s] -- Installing: /home/ngy/micro_ros/install/unique_identifier_msgs/lib/libunique_identifier_msgs__python.so
[10.280s] -- Set runtime path of "/home/ngy/micro_ros/install/unique_identifier_msgs/lib/libunique_identifier_msgs__python.so" to ""
[10.280s] -- Installing: /home/ngy/micro_ros/install/unique_identifier_msgs/share/unique_identifier_msgs/msg/UUID.idl
[10.280s] -- Installing: /home/ngy/micro_ros/install/unique_identifier_msgs/share/unique_identifier_msgs/msg/UUID.msg
[10.280s] -- Installing: /home/ngy/micro_ros/install/unique_identifier_msgs/share/ament_index/resource_index/package_run_dependencies/unique_identifier_msgs
[10.280s] -- Installing: /home/ngy/micro_ros/install/unique_identifier_msgs/share/ament_index/resource_index/parent_prefix_path/unique_identifier_msgs
[10.280s] -- Installing: /home/ngy/micro_ros/install/unique_identifier_msgs/share/unique_identifier_msgs/environment/ament_prefix_path.sh
[10.280s] -- Installing: /home/ngy/micro_ros/install/unique_identifier_msgs/share/unique_identifier_msgs/environment/ament_prefix_path.dsv
[10.281s] -- Installing: /home/ngy/micro_ros/install/unique_identifier_msgs/share/unique_identifier_msgs/environment/path.sh
[10.281s] -- Installing: /home/ngy/micro_ros/install/unique_identifier_msgs/share/unique_identifier_msgs/environment/path.dsv
[10.281s] -- Installing: /home/ngy/micro_ros/install/unique_identifier_msgs/share/unique_identifier_msgs/local_setup.bash
[10.281s] -- Installing: /home/ngy/micro_ros/install/unique_identifier_msgs/share/unique_identifier_msgs/local_setup.sh
[10.281s] -- Installing: /home/ngy/micro_ros/install/unique_identifier_msgs/share/unique_identifier_msgs/local_setup.zsh
[10.281s] -- Installing: /home/ngy/micro_ros/install/unique_identifier_msgs/share/unique_identifier_msgs/local_setup.dsv
[10.282s] -- Installing: /home/ngy/micro_ros/install/unique_identifier_msgs/share/unique_identifier_msgs/package.dsv
[10.282s] -- Installing: /home/ngy/micro_ros/install/unique_identifier_msgs/share/ament_index/resource_index/packages/unique_identifier_msgs
[10.282s] -- Installing: /home/ngy/micro_ros/install/unique_identifier_msgs/share/unique_identifier_msgs/cmake/unique_identifier_msgs__rosidl_generator_cExport.cmake
[10.282s] -- Installing: /home/ngy/micro_ros/install/unique_identifier_msgs/share/unique_identifier_msgs/cmake/unique_identifier_msgs__rosidl_generator_cExport-noconfig.cmake
[10.283s] -- Installing: /home/ngy/micro_ros/install/unique_identifier_msgs/share/unique_identifier_msgs/cmake/unique_identifier_msgs__rosidl_typesupport_introspection_cExport.cmake
[10.283s] -- Installing: /home/ngy/micro_ros/install/unique_identifier_msgs/share/unique_identifier_msgs/cmake/unique_identifier_msgs__rosidl_typesupport_introspection_cExport-noconfig.cmake
[10.283s] -- Installing: /home/ngy/micro_ros/install/unique_identifier_msgs/share/unique_identifier_msgs/cmake/unique_identifier_msgs__rosidl_typesupport_cExport.cmake
[10.283s] -- Installing: /home/ngy/micro_ros/install/unique_identifier_msgs/share/unique_identifier_msgs/cmake/unique_identifier_msgs__rosidl_typesupport_cExport-noconfig.cmake
[10.283s] -- Installing: /home/ngy/micro_ros/install/unique_identifier_msgs/share/unique_identifier_msgs/cmake/unique_identifier_msgs__rosidl_generator_cppExport.cmake
[10.284s] -- Installing: /home/ngy/micro_ros/install/unique_identifier_msgs/share/unique_identifier_msgs/cmake/unique_identifier_msgs__rosidl_typesupport_introspection_cppExport.cmake
[10.284s] -- Installing: /home/ngy/micro_ros/install/unique_identifier_msgs/share/unique_identifier_msgs/cmake/unique_identifier_msgs__rosidl_typesupport_introspection_cppExport-noconfig.cmake
[10.284s] -- Installing: /home/ngy/micro_ros/install/unique_identifier_msgs/share/unique_identifier_msgs/cmake/unique_identifier_msgs__rosidl_typesupport_cppExport.cmake
[10.284s] -- Installing: /home/ngy/micro_ros/install/unique_identifier_msgs/share/unique_identifier_msgs/cmake/unique_identifier_msgs__rosidl_typesupport_cppExport-noconfig.cmake
[10.284s] -- Installing: /home/ngy/micro_ros/install/unique_identifier_msgs/share/unique_identifier_msgs/cmake/rosidl_cmake-extras.cmake
[10.285s] -- Installing: /home/ngy/micro_ros/install/unique_identifier_msgs/share/unique_identifier_msgs/cmake/ament_cmake_export_dependencies-extras.cmake
[10.285s] -- Installing: /home/ngy/micro_ros/install/unique_identifier_msgs/share/unique_identifier_msgs/cmake/ament_cmake_export_libraries-extras.cmake
[10.285s] -- Installing: /home/ngy/micro_ros/install/unique_identifier_msgs/share/unique_identifier_msgs/cmake/ament_cmake_export_targets-extras.cmake
[10.285s] -- Installing: /home/ngy/micro_ros/install/unique_identifier_msgs/share/unique_identifier_msgs/cmake/ament_cmake_export_include_directories-extras.cmake
[10.285s] -- Installing: /home/ngy/micro_ros/install/unique_identifier_msgs/share/unique_identifier_msgs/cmake/rosidl_cmake_export_typesupport_libraries-extras.cmake
[10.285s] -- Installing: /home/ngy/micro_ros/install/unique_identifier_msgs/share/unique_identifier_msgs/cmake/rosidl_cmake_export_typesupport_targets-extras.cmake
[10.286s] -- Installing: /home/ngy/micro_ros/install/unique_identifier_msgs/share/unique_identifier_msgs/cmake/unique_identifier_msgsConfig.cmake
[10.286s] -- Installing: /home/ngy/micro_ros/install/unique_identifier_msgs/share/unique_identifier_msgs/cmake/unique_identifier_msgsConfig-version.cmake
[10.286s] -- Installing: /home/ngy/micro_ros/install/unique_identifier_msgs/share/unique_identifier_msgs/package.xml
[10.286s] -- Installing: /home/ngy/micro_ros/install/unique_identifier_msgs/share/unique_identifier_msgs/mapping_rules.yaml
[10.291s] Invoked command in '/home/ngy/micro_ros/build/unique_identifier_msgs' returned '0': CMAKE_PREFIX_PATH=${CMAKE_PREFIX_PATH}:/home/ngy/microros_ws/install/sensor_msgs_py:/opt/ros/foxy /usr/bin/cmake --install /home/ngy/micro_ros/build/unique_identifier_msgs
