[0.881s] Invoking command in '/home/ngy/micro_ros/src/ros2/common_interfaces/sensor_msgs_py': AMENT_PREFIX_PATH=/home/ngy/micro_ros/install/sensor_msgs:/home/ngy/micro_ros/install/geometry_msgs:/home/ngy/micro_ros/install/std_msgs:/home/ngy/micro_ros/install/builtin_interfaces:${AMENT_PREFIX_PATH} CMAKE_PREFIX_PATH=/home/ngy/micro_ros/install/sensor_msgs:/home/ngy/micro_ros/install/geometry_msgs:/home/ngy/micro_ros/install/std_msgs:/home/ngy/micro_ros/install/builtin_interfaces:${CMAKE_PREFIX_PATH} LD_LIBRARY_PATH=/home/ngy/micro_ros/install/sensor_msgs/lib:/home/ngy/micro_ros/install/geometry_msgs/lib:/home/ngy/micro_ros/install/std_msgs/lib:/home/ngy/micro_ros/install/builtin_interfaces/lib:${LD_LIBRARY_PATH} PYTHONPATH=/home/ngy/micro_ros/build/sensor_msgs_py/prefix_override:/home/ngy/micro_ros/install/sensor_msgs_py/lib/python3.8/site-packages:/home/ngy/micro_ros/install/sensor_msgs/lib/python3.8/site-packages:/home/ngy/micro_ros/install/geometry_msgs/lib/python3.8/site-packages:/home/ngy/micro_ros/install/std_msgs/lib/python3.8/site-packages:/home/ngy/micro_ros/install/builtin_interfaces/lib/python3.8/site-packages:${PYTHONPATH} /usr/bin/python3 setup.py egg_info --egg-base ../../../../build/sensor_msgs_py build --build-base /home/ngy/micro_ros/build/sensor_msgs_py/build install --record /home/ngy/micro_ros/build/sensor_msgs_py/install.log --install-scripts $base/lib/sensor_msgs_py --single-version-externally-managed
[1.154s] running egg_info
[1.155s] creating ../../../../build/sensor_msgs_py/sensor_msgs_py.egg-info
[1.155s] writing ../../../../build/sensor_msgs_py/sensor_msgs_py.egg-info/PKG-INFO
[1.156s] writing dependency_links to ../../../../build/sensor_msgs_py/sensor_msgs_py.egg-info/dependency_links.txt
[1.156s] writing requirements to ../../../../build/sensor_msgs_py/sensor_msgs_py.egg-info/requires.txt
[1.156s] writing top-level names to ../../../../build/sensor_msgs_py/sensor_msgs_py.egg-info/top_level.txt
[1.157s] writing manifest file '../../../../build/sensor_msgs_py/sensor_msgs_py.egg-info/SOURCES.txt'
[1.197s] reading manifest file '../../../../build/sensor_msgs_py/sensor_msgs_py.egg-info/SOURCES.txt'
[1.198s] writing manifest file '../../../../build/sensor_msgs_py/sensor_msgs_py.egg-info/SOURCES.txt'
[1.198s] running build
[1.198s] running build_py
[1.199s] creating /home/ngy/micro_ros/build/sensor_msgs_py/build
[1.199s] creating /home/ngy/micro_ros/build/sensor_msgs_py/build/lib
[1.199s] creating /home/ngy/micro_ros/build/sensor_msgs_py/build/lib/sensor_msgs_py
[1.199s] copying sensor_msgs_py/point_cloud2.py -> /home/ngy/micro_ros/build/sensor_msgs_py/build/lib/sensor_msgs_py
[1.199s] copying sensor_msgs_py/__init__.py -> /home/ngy/micro_ros/build/sensor_msgs_py/build/lib/sensor_msgs_py
[1.199s] running install
[1.200s] running install_lib
[1.202s] creating /home/ngy/micro_ros/install/sensor_msgs_py/lib/python3.8/site-packages/sensor_msgs_py
[1.202s] copying /home/ngy/micro_ros/build/sensor_msgs_py/build/lib/sensor_msgs_py/point_cloud2.py -> /home/ngy/micro_ros/install/sensor_msgs_py/lib/python3.8/site-packages/sensor_msgs_py
[1.202s] copying /home/ngy/micro_ros/build/sensor_msgs_py/build/lib/sensor_msgs_py/__init__.py -> /home/ngy/micro_ros/install/sensor_msgs_py/lib/python3.8/site-packages/sensor_msgs_py
[1.203s] byte-compiling /home/ngy/micro_ros/install/sensor_msgs_py/lib/python3.8/site-packages/sensor_msgs_py/point_cloud2.py to point_cloud2.cpython-38.pyc
[1.205s] byte-compiling /home/ngy/micro_ros/install/sensor_msgs_py/lib/python3.8/site-packages/sensor_msgs_py/__init__.py to __init__.cpython-38.pyc
[1.206s] running install_data
[1.206s] creating /home/ngy/micro_ros/install/sensor_msgs_py/share/ament_index
[1.206s] creating /home/ngy/micro_ros/install/sensor_msgs_py/share/ament_index/resource_index
[1.207s] creating /home/ngy/micro_ros/install/sensor_msgs_py/share/ament_index/resource_index/packages
[1.207s] copying resource/sensor_msgs_py -> /home/ngy/micro_ros/install/sensor_msgs_py/share/ament_index/resource_index/packages
[1.207s] copying package.xml -> /home/ngy/micro_ros/install/sensor_msgs_py/share/sensor_msgs_py
[1.207s] running install_egg_info
[1.208s] Copying ../../../../build/sensor_msgs_py/sensor_msgs_py.egg-info to /home/ngy/micro_ros/install/sensor_msgs_py/lib/python3.8/site-packages/sensor_msgs_py-2.0.5-py3.8.egg-info
[1.209s] running install_scripts
[1.230s] writing list of installed files to '/home/ngy/micro_ros/build/sensor_msgs_py/install.log'
[1.259s] Invoked command in '/home/ngy/micro_ros/src/ros2/common_interfaces/sensor_msgs_py' returned '0': AMENT_PREFIX_PATH=/home/ngy/micro_ros/install/sensor_msgs:/home/ngy/micro_ros/install/geometry_msgs:/home/ngy/micro_ros/install/std_msgs:/home/ngy/micro_ros/install/builtin_interfaces:${AMENT_PREFIX_PATH} CMAKE_PREFIX_PATH=/home/ngy/micro_ros/install/sensor_msgs:/home/ngy/micro_ros/install/geometry_msgs:/home/ngy/micro_ros/install/std_msgs:/home/ngy/micro_ros/install/builtin_interfaces:${CMAKE_PREFIX_PATH} LD_LIBRARY_PATH=/home/ngy/micro_ros/install/sensor_msgs/lib:/home/ngy/micro_ros/install/geometry_msgs/lib:/home/ngy/micro_ros/install/std_msgs/lib:/home/ngy/micro_ros/install/builtin_interfaces/lib:${LD_LIBRARY_PATH} PYTHONPATH=/home/ngy/micro_ros/build/sensor_msgs_py/prefix_override:/home/ngy/micro_ros/install/sensor_msgs_py/lib/python3.8/site-packages:/home/ngy/micro_ros/install/sensor_msgs/lib/python3.8/site-packages:/home/ngy/micro_ros/install/geometry_msgs/lib/python3.8/site-packages:/home/ngy/micro_ros/install/std_msgs/lib/python3.8/site-packages:/home/ngy/micro_ros/install/builtin_interfaces/lib/python3.8/site-packages:${PYTHONPATH} /usr/bin/python3 setup.py egg_info --egg-base ../../../../build/sensor_msgs_py build --build-base /home/ngy/micro_ros/build/sensor_msgs_py/build install --record /home/ngy/micro_ros/build/sensor_msgs_py/install.log --install-scripts $base/lib/sensor_msgs_py --single-version-externally-managed
