[0.048s] Invoking command in '/home/ngy/micro_ros/build/drive_base_msgs': AMENT_PREFIX_PATH=/home/ngy/micro_ros/install/std_msgs:/home/ngy/micro_ros/install/builtin_interfaces:${AMENT_PREFIX_PATH} CMAKE_PREFIX_PATH=/home/ngy/micro_ros/install/std_msgs:/home/ngy/micro_ros/install/builtin_interfaces:/home/ngy/micro_ros/install/rosidl_typesupport_microxrcedds_cpp:/home/ngy/micro_ros/install/rosidl_typesupport_microxrcedds_c:/home/ngy/micro_ros/install/microcdr:/home/ngy/micro_ros/install/micro_ros_msgs:/home/ngy/micro_ros/install/micro_ros_setup:/home/ngy/microros_ws/install/micro_ros_agent:/home/ngy/microros_ws/install/common_interfaces:/home/ngy/microros_ws/install/visualization_msgs:/home/ngy/microros_ws/install/test_msgs:/home/ngy/microros_ws/install/micro_ros_demos_rclc:/home/ngy/microros_ws/install/example_interfaces:/home/ngy/microros_ws/install/action_msgs:/home/ngy/microros_ws/install/unique_identifier_msgs:/home/ngy/microros_ws/install/trajectory_msgs:/home/ngy/microros_ws/install/stereo_msgs:/home/ngy/microros_ws/install/std_srvs:/home/ngy/microros_ws/install/shape_msgs:/home/ngy/microros_ws/install/sensor_msgs:/home/ngy/microros_ws/install/nav_msgs:/home/ngy/microros_ws/install/diagnostic_msgs:/home/ngy/microros_ws/install/geometry_msgs:/home/ngy/microros_ws/install/actionlib_msgs:/home/ngy/microros_ws/install/std_msgs:/home/ngy/microros_ws/install/statistics_msgs:/home/ngy/microros_ws/install/rosidl_typesupport_microxrcedds_test_msg:/home/ngy/microros_ws/install/rosidl_typesupport_microxrcedds_cpp_tests:/home/ngy/microros_ws/install/rmw_microxrcedds:/home/ngy/microros_ws/install/rosidl_typesupport_microxrcedds_cpp:/home/ngy/microros_ws/install/rosidl_typesupport_microxrcedds_c_tests:/home/ngy/microros_ws/install/rosidl_typesupport_microxrcedds_c:/home/ngy/microros_ws/install/rosgraph_msgs:/home/ngy/microros_ws/install/rclc_parameter:/home/ngy/microros_ws/install/rclc:/home/ngy/microros_ws/install/composition_interfaces:/home/ngy/microros_ws/install/rcl_interfaces:/home/ngy/microros_ws/install/microxrcedds_client:/home/ngy/microros_ws/install/microcdr:/home/ngy/microros_ws/install/micro_ros_msgs:/home/ngy/microros_ws/install/micro_ros_demos_rclcpp:/home/ngy/microros_ws/install/lifecycle_msgs:/home/ngy/microros_ws/install/complex_msgs:/home/ngy/microros_ws/install/builtin_interfaces:/home/ngy/microros_ws/install/micro_ros_setup:/home/ngy/microros_ws/install/sensor_msgs_py:/opt/ros/foxy LD_LIBRARY_PATH=/home/ngy/micro_ros/install/std_msgs/lib:/home/ngy/micro_ros/install/builtin_interfaces/lib:${LD_LIBRARY_PATH} PYTHONPATH=/home/ngy/micro_ros/install/std_msgs/lib/python3.8/site-packages:/home/ngy/micro_ros/install/builtin_interfaces/lib/python3.8/site-packages:${PYTHONPATH} /usr/bin/cmake /home/ngy/micro_ros/src/uros/drive_base/drive_base_msgs -DBUILD_TESTING=OFF -DBUILD_SHARED_LIBS=ON -DCMAKE_INSTALL_PREFIX=/home/ngy/micro_ros/install/drive_base_msgs
[0.183s] -- The C compiler identification is GNU 9.4.0
[0.310s] -- The CXX compiler identification is GNU 9.4.0
[0.327s] -- Check for working C compiler: /usr/bin/cc
[0.467s] -- Check for working C compiler: /usr/bin/cc -- works
[0.468s] -- Detecting C compiler ABI info
[0.601s] -- Detecting C compiler ABI info - done
[0.630s] -- Detecting C compile features
[0.631s] -- Detecting C compile features - done
[0.637s] -- Check for working CXX compiler: /usr/bin/c++
[0.817s] -- Check for working CXX compiler: /usr/bin/c++ -- works
[0.820s] -- Detecting CXX compiler ABI info
[0.982s] -- Detecting CXX compiler ABI info - done
[1.013s] -- Detecting CXX compile features
[1.014s] -- Detecting CXX compile features - done
[1.021s] -- Found ament_cmake: 0.9.11 (/opt/ros/foxy/share/ament_cmake/cmake)
[1.084s] -- Found PythonInterp: /usr/bin/python3 (found suitable version "3.8.10", minimum required is "3") 
[1.084s] -- Using PYTHON_EXECUTABLE: /usr/bin/python3
[1.582s] -- Found std_msgs: 2.0.5 (/home/ngy/micro_ros/install/std_msgs/share/std_msgs/cmake)
[1.668s] -- Using all available rosidl_typesupport_c: rosidl_typesupport_microxrcedds_c;rosidl_typesupport_fastrtps_c;rosidl_typesupport_introspection_c
[1.690s] -- Found rosidl_adapter: 1.3.0 (/opt/ros/foxy/share/rosidl_adapter/cmake)
[1.954s] -- Found OpenSSL: /usr/lib/x86_64-linux-gnu/libcrypto.so (found version "1.1.1f")  
[2.029s] -- Found FastRTPS: /opt/ros/foxy/include  
[2.231s] -- Using all available rosidl_typesupport_cpp: rosidl_typesupport_microxrcedds_cpp;rosidl_typesupport_fastrtps_cpp;rosidl_typesupport_introspection_cpp
[2.396s] -- Found rosidl_default_generators: 1.0.1 (/opt/ros/foxy/share/rosidl_default_generators/cmake)
[2.508s] -- Found PythonInterp: /usr/bin/python3 (found version "3.8.10") 
[2.928s] -- Found ament_cmake_ros: 0.9.2 (/opt/ros/foxy/share/ament_cmake_ros/cmake)
[3.499s] -- Using all available rosidl_typesupport_c: rosidl_typesupport_microxrcedds_c;rosidl_typesupport_fastrtps_c;rosidl_typesupport_introspection_c
[3.738s] -- Using all available rosidl_typesupport_cpp: rosidl_typesupport_microxrcedds_cpp;rosidl_typesupport_fastrtps_cpp;rosidl_typesupport_introspection_cpp
[3.809s] -- Found PythonInterp: /usr/bin/python3 (found suitable version "3.8.10", minimum required is "3.5") 
[3.815s] -- Found python_cmake_module: 0.8.1 (/opt/ros/foxy/share/python_cmake_module/cmake)
[3.890s] -- Found PythonLibs: /usr/lib/x86_64-linux-gnu/libpython3.8.so (found suitable version "3.8.10", minimum required is "3.5") 
[3.890s] -- Using PYTHON_EXECUTABLE: /usr/bin/python3
[3.890s] -- Using PYTHON_INCLUDE_DIRS: /usr/include/python3.8
[3.890s] -- Using PYTHON_LIBRARIES: /usr/lib/x86_64-linux-gnu/libpython3.8.so
[3.946s] -- Found PythonExtra: .so  
[4.221s] -- Configuring done
[4.402s] -- Generating done
[4.409s] -- Build files have been written to: /home/ngy/micro_ros/build/drive_base_msgs
[4.427s] Invoked command in '/home/ngy/micro_ros/build/drive_base_msgs' returned '0': AMENT_PREFIX_PATH=/home/ngy/micro_ros/install/std_msgs:/home/ngy/micro_ros/install/builtin_interfaces:${AMENT_PREFIX_PATH} CMAKE_PREFIX_PATH=/home/ngy/micro_ros/install/std_msgs:/home/ngy/micro_ros/install/builtin_interfaces:/home/ngy/micro_ros/install/rosidl_typesupport_microxrcedds_cpp:/home/ngy/micro_ros/install/rosidl_typesupport_microxrcedds_c:/home/ngy/micro_ros/install/microcdr:/home/ngy/micro_ros/install/micro_ros_msgs:/home/ngy/micro_ros/install/micro_ros_setup:/home/ngy/microros_ws/install/micro_ros_agent:/home/ngy/microros_ws/install/common_interfaces:/home/ngy/microros_ws/install/visualization_msgs:/home/ngy/microros_ws/install/test_msgs:/home/ngy/microros_ws/install/micro_ros_demos_rclc:/home/ngy/microros_ws/install/example_interfaces:/home/ngy/microros_ws/install/action_msgs:/home/ngy/microros_ws/install/unique_identifier_msgs:/home/ngy/microros_ws/install/trajectory_msgs:/home/ngy/microros_ws/install/stereo_msgs:/home/ngy/microros_ws/install/std_srvs:/home/ngy/microros_ws/install/shape_msgs:/home/ngy/microros_ws/install/sensor_msgs:/home/ngy/microros_ws/install/nav_msgs:/home/ngy/microros_ws/install/diagnostic_msgs:/home/ngy/microros_ws/install/geometry_msgs:/home/ngy/microros_ws/install/actionlib_msgs:/home/ngy/microros_ws/install/std_msgs:/home/ngy/microros_ws/install/statistics_msgs:/home/ngy/microros_ws/install/rosidl_typesupport_microxrcedds_test_msg:/home/ngy/microros_ws/install/rosidl_typesupport_microxrcedds_cpp_tests:/home/ngy/microros_ws/install/rmw_microxrcedds:/home/ngy/microros_ws/install/rosidl_typesupport_microxrcedds_cpp:/home/ngy/microros_ws/install/rosidl_typesupport_microxrcedds_c_tests:/home/ngy/microros_ws/install/rosidl_typesupport_microxrcedds_c:/home/ngy/microros_ws/install/rosgraph_msgs:/home/ngy/microros_ws/install/rclc_parameter:/home/ngy/microros_ws/install/rclc:/home/ngy/microros_ws/install/composition_interfaces:/home/ngy/microros_ws/install/rcl_interfaces:/home/ngy/microros_ws/install/microxrcedds_client:/home/ngy/microros_ws/install/microcdr:/home/ngy/microros_ws/install/micro_ros_msgs:/home/ngy/microros_ws/install/micro_ros_demos_rclcpp:/home/ngy/microros_ws/install/lifecycle_msgs:/home/ngy/microros_ws/install/complex_msgs:/home/ngy/microros_ws/install/builtin_interfaces:/home/ngy/microros_ws/install/micro_ros_setup:/home/ngy/microros_ws/install/sensor_msgs_py:/opt/ros/foxy LD_LIBRARY_PATH=/home/ngy/micro_ros/install/std_msgs/lib:/home/ngy/micro_ros/install/builtin_interfaces/lib:${LD_LIBRARY_PATH} PYTHONPATH=/home/ngy/micro_ros/install/std_msgs/lib/python3.8/site-packages:/home/ngy/micro_ros/install/builtin_interfaces/lib/python3.8/site-packages:${PYTHONPATH} /usr/bin/cmake /home/ngy/micro_ros/src/uros/drive_base/drive_base_msgs -DBUILD_TESTING=OFF -DBUILD_SHARED_LIBS=ON -DCMAKE_INSTALL_PREFIX=/home/ngy/micro_ros/install/drive_base_msgs
[4.429s] Invoking command in '/home/ngy/micro_ros/build/drive_base_msgs': AMENT_PREFIX_PATH=/home/ngy/micro_ros/install/std_msgs:/home/ngy/micro_ros/install/builtin_interfaces:${AMENT_PREFIX_PATH} CMAKE_PREFIX_PATH=/home/ngy/micro_ros/install/std_msgs:/home/ngy/micro_ros/install/builtin_interfaces:/home/ngy/micro_ros/install/rosidl_typesupport_microxrcedds_cpp:/home/ngy/micro_ros/install/rosidl_typesupport_microxrcedds_c:/home/ngy/micro_ros/install/microcdr:/home/ngy/micro_ros/install/micro_ros_msgs:/home/ngy/micro_ros/install/micro_ros_setup:/home/ngy/microros_ws/install/micro_ros_agent:/home/ngy/microros_ws/install/common_interfaces:/home/ngy/microros_ws/install/visualization_msgs:/home/ngy/microros_ws/install/test_msgs:/home/ngy/microros_ws/install/micro_ros_demos_rclc:/home/ngy/microros_ws/install/example_interfaces:/home/ngy/microros_ws/install/action_msgs:/home/ngy/microros_ws/install/unique_identifier_msgs:/home/ngy/microros_ws/install/trajectory_msgs:/home/ngy/microros_ws/install/stereo_msgs:/home/ngy/microros_ws/install/std_srvs:/home/ngy/microros_ws/install/shape_msgs:/home/ngy/microros_ws/install/sensor_msgs:/home/ngy/microros_ws/install/nav_msgs:/home/ngy/microros_ws/install/diagnostic_msgs:/home/ngy/microros_ws/install/geometry_msgs:/home/ngy/microros_ws/install/actionlib_msgs:/home/ngy/microros_ws/install/std_msgs:/home/ngy/microros_ws/install/statistics_msgs:/home/ngy/microros_ws/install/rosidl_typesupport_microxrcedds_test_msg:/home/ngy/microros_ws/install/rosidl_typesupport_microxrcedds_cpp_tests:/home/ngy/microros_ws/install/rmw_microxrcedds:/home/ngy/microros_ws/install/rosidl_typesupport_microxrcedds_cpp:/home/ngy/microros_ws/install/rosidl_typesupport_microxrcedds_c_tests:/home/ngy/microros_ws/install/rosidl_typesupport_microxrcedds_c:/home/ngy/microros_ws/install/rosgraph_msgs:/home/ngy/microros_ws/install/rclc_parameter:/home/ngy/microros_ws/install/rclc:/home/ngy/microros_ws/install/composition_interfaces:/home/ngy/microros_ws/install/rcl_interfaces:/home/ngy/microros_ws/install/microxrcedds_client:/home/ngy/microros_ws/install/microcdr:/home/ngy/microros_ws/install/micro_ros_msgs:/home/ngy/microros_ws/install/micro_ros_demos_rclcpp:/home/ngy/microros_ws/install/lifecycle_msgs:/home/ngy/microros_ws/install/complex_msgs:/home/ngy/microros_ws/install/builtin_interfaces:/home/ngy/microros_ws/install/micro_ros_setup:/home/ngy/microros_ws/install/sensor_msgs_py:/opt/ros/foxy LD_LIBRARY_PATH=/home/ngy/micro_ros/install/std_msgs/lib:/home/ngy/micro_ros/install/builtin_interfaces/lib:${LD_LIBRARY_PATH} PYTHONPATH=/home/ngy/micro_ros/install/std_msgs/lib/python3.8/site-packages:/home/ngy/micro_ros/install/builtin_interfaces/lib/python3.8/site-packages:${PYTHONPATH} /usr/bin/cmake --build /home/ngy/micro_ros/build/drive_base_msgs -- -j12 -l12
[4.542s] [35m[1mScanning dependencies of target drive_base_msgs__cpp[0m
[4.554s] [  1%] [34m[1mGenerating C code for ROS interfaces[0m
[4.586s] [  2%] [34m[1mGenerating C++ code for ROS interfaces[0m
[7.875s] [35m[1mScanning dependencies of target drive_base_msgs__rosidl_generator_c[0m
[7.917s] [  2%] Built target drive_base_msgs__cpp
[7.992s] [  4%] [32mBuilding C object CMakeFiles/drive_base_msgs__rosidl_generator_c.dir/rosidl_generator_c/drive_base_msgs/msg/detail/command_header__functions.c.o[0m
[8.258s] [  5%] [32mBuilding C object CMakeFiles/drive_base_msgs__rosidl_generator_c.dir/rosidl_generator_c/drive_base_msgs/msg/detail/trv_command__functions.c.o[0m
[8.532s] [  7%] [32mBuilding C object CMakeFiles/drive_base_msgs__rosidl_generator_c.dir/rosidl_generator_c/drive_base_msgs/msg/detail/command_status__functions.c.o[0m
[8.807s] [  8%] [32mBuilding C object CMakeFiles/drive_base_msgs__rosidl_generator_c.dir/rosidl_generator_c/drive_base_msgs/msg/detail/base_info__functions.c.o[0m
[8.984s] [ 10%] [32m[1mLinking C shared library libdrive_base_msgs__rosidl_generator_c.so[0m
[9.255s] [ 10%] Built target drive_base_msgs__rosidl_generator_c
[9.355s] [ 11%] [34m[1mGenerating C++ type support for eProsima Micro XRCE-DDS[0m
[11.425s] [35m[1mScanning dependencies of target drive_base_msgs__rosidl_typesupport_microxrcedds_cpp[0m
[11.485s] [ 13%] [32mBuilding CXX object CMakeFiles/drive_base_msgs__rosidl_typesupport_microxrcedds_cpp.dir/rosidl_typesupport_microxrcedds_cpp/drive_base_msgs/msg/detail/microxrcedds/command_header__type_support_cpp.cpp.o[0m
[12.259s] [ 14%] [32mBuilding CXX object CMakeFiles/drive_base_msgs__rosidl_typesupport_microxrcedds_cpp.dir/rosidl_typesupport_microxrcedds_cpp/drive_base_msgs/msg/detail/microxrcedds/trv_command__type_support_cpp.cpp.o[0m
[13.041s] [ 15%] [32mBuilding CXX object CMakeFiles/drive_base_msgs__rosidl_typesupport_microxrcedds_cpp.dir/rosidl_typesupport_microxrcedds_cpp/drive_base_msgs/msg/detail/microxrcedds/command_status__type_support_cpp.cpp.o[0m
[13.840s] [ 17%] [32mBuilding CXX object CMakeFiles/drive_base_msgs__rosidl_typesupport_microxrcedds_cpp.dir/rosidl_typesupport_microxrcedds_cpp/drive_base_msgs/msg/detail/microxrcedds/base_info__type_support_cpp.cpp.o[0m
[14.617s] [ 18%] [32m[1mLinking CXX shared library libdrive_base_msgs__rosidl_typesupport_microxrcedds_cpp.so[0m
[14.741s] [ 18%] Built target drive_base_msgs__rosidl_typesupport_microxrcedds_cpp
[14.771s] [ 20%] [34m[1mGenerating C type support dispatch for ROS interfaces[0m
[16.080s] [35m[1mScanning dependencies of target drive_base_msgs__rosidl_typesupport_c[0m
[16.105s] [ 21%] [32mBuilding CXX object CMakeFiles/drive_base_msgs__rosidl_typesupport_c.dir/rosidl_typesupport_c/drive_base_msgs/msg/command_header__type_support.cpp.o[0m
[16.164s] [ 23%] [32mBuilding CXX object CMakeFiles/drive_base_msgs__rosidl_typesupport_c.dir/rosidl_typesupport_c/drive_base_msgs/msg/trv_command__type_support.cpp.o[0m
[16.216s] [ 24%] [32mBuilding CXX object CMakeFiles/drive_base_msgs__rosidl_typesupport_c.dir/rosidl_typesupport_c/drive_base_msgs/msg/command_status__type_support.cpp.o[0m
[16.274s] [ 26%] [32mBuilding CXX object CMakeFiles/drive_base_msgs__rosidl_typesupport_c.dir/rosidl_typesupport_c/drive_base_msgs/msg/base_info__type_support.cpp.o[0m
[16.346s] [ 27%] [32m[1mLinking CXX shared library libdrive_base_msgs__rosidl_typesupport_c.so[0m
[16.419s] [ 27%] Built target drive_base_msgs__rosidl_typesupport_c
[16.439s] [ 28%] [34m[1mGenerating C type support for eProsima Micro XRCE-DDS[0m
[17.495s] [35m[1mScanning dependencies of target drive_base_msgs__rosidl_typesupport_microxrcedds_c[0m
[17.525s] [ 30%] [32mBuilding C object CMakeFiles/drive_base_msgs__rosidl_typesupport_microxrcedds_c.dir/rosidl_typesupport_microxrcedds_c/drive_base_msgs/msg/detail/microxrcedds/command_header__type_support_c.c.o[0m
[17.592s] [ 31%] [32mBuilding C object CMakeFiles/drive_base_msgs__rosidl_typesupport_microxrcedds_c.dir/rosidl_typesupport_microxrcedds_c/drive_base_msgs/msg/detail/microxrcedds/trv_command__type_support_c.c.o[0m
[17.691s] [ 33%] [32mBuilding C object CMakeFiles/drive_base_msgs__rosidl_typesupport_microxrcedds_c.dir/rosidl_typesupport_microxrcedds_c/drive_base_msgs/msg/detail/microxrcedds/command_status__type_support_c.c.o[0m
[17.778s] [ 34%] [32mBuilding C object CMakeFiles/drive_base_msgs__rosidl_typesupport_microxrcedds_c.dir/rosidl_typesupport_microxrcedds_c/drive_base_msgs/msg/detail/microxrcedds/base_info__type_support_c.c.o[0m
[17.858s] [ 36%] [32m[1mLinking C shared library libdrive_base_msgs__rosidl_typesupport_microxrcedds_c.so[0m
[17.924s] [ 36%] Built target drive_base_msgs__rosidl_typesupport_microxrcedds_c
[17.944s] [ 37%] [34m[1mGenerating C introspection for ROS interfaces[0m
[18.880s] [35m[1mScanning dependencies of target drive_base_msgs__rosidl_typesupport_introspection_c[0m
[18.906s] [ 39%] [32mBuilding C object CMakeFiles/drive_base_msgs__rosidl_typesupport_introspection_c.dir/rosidl_typesupport_introspection_c/drive_base_msgs/msg/detail/command_header__type_support.c.o[0m
[18.962s] [ 40%] [32mBuilding C object CMakeFiles/drive_base_msgs__rosidl_typesupport_introspection_c.dir/rosidl_typesupport_introspection_c/drive_base_msgs/msg/detail/trv_command__type_support.c.o[0m
[19.021s] [ 42%] [32mBuilding C object CMakeFiles/drive_base_msgs__rosidl_typesupport_introspection_c.dir/rosidl_typesupport_introspection_c/drive_base_msgs/msg/detail/command_status__type_support.c.o[0m
[19.085s] [ 43%] [32mBuilding C object CMakeFiles/drive_base_msgs__rosidl_typesupport_introspection_c.dir/rosidl_typesupport_introspection_c/drive_base_msgs/msg/detail/base_info__type_support.c.o[0m
[19.161s] [ 44%] [32m[1mLinking C shared library libdrive_base_msgs__rosidl_typesupport_introspection_c.so[0m
[19.222s] [ 44%] Built target drive_base_msgs__rosidl_typesupport_introspection_c
[19.243s] [ 46%] [34m[1mGenerating C++ type support dispatch for ROS interfaces[0m
[20.138s] [35m[1mScanning dependencies of target drive_base_msgs__rosidl_typesupport_cpp[0m
[20.168s] [ 47%] [32mBuilding CXX object CMakeFiles/drive_base_msgs__rosidl_typesupport_cpp.dir/rosidl_typesupport_cpp/drive_base_msgs/msg/command_header__type_support.cpp.o[0m
[20.855s] [ 49%] [32mBuilding CXX object CMakeFiles/drive_base_msgs__rosidl_typesupport_cpp.dir/rosidl_typesupport_cpp/drive_base_msgs/msg/trv_command__type_support.cpp.o[0m
[21.452s] [ 50%] [32mBuilding CXX object CMakeFiles/drive_base_msgs__rosidl_typesupport_cpp.dir/rosidl_typesupport_cpp/drive_base_msgs/msg/command_status__type_support.cpp.o[0m
[21.895s] [ 52%] [32mBuilding CXX object CMakeFiles/drive_base_msgs__rosidl_typesupport_cpp.dir/rosidl_typesupport_cpp/drive_base_msgs/msg/base_info__type_support.cpp.o[0m
[22.405s] [ 53%] [32m[1mLinking CXX shared library libdrive_base_msgs__rosidl_typesupport_cpp.so[0m
[22.517s] [ 53%] Built target drive_base_msgs__rosidl_typesupport_cpp
[22.542s] [ 55%] [34m[1mGenerating C++ type support for eProsima Fast-RTPS[0m
[23.840s] [35m[1mScanning dependencies of target drive_base_msgs__rosidl_typesupport_fastrtps_cpp[0m
[23.874s] [ 56%] [32mBuilding CXX object CMakeFiles/drive_base_msgs__rosidl_typesupport_fastrtps_cpp.dir/rosidl_typesupport_fastrtps_cpp/drive_base_msgs/msg/detail/dds_fastrtps/command_header__type_support.cpp.o[0m
[24.464s] [ 57%] [32mBuilding CXX object CMakeFiles/drive_base_msgs__rosidl_typesupport_fastrtps_cpp.dir/rosidl_typesupport_fastrtps_cpp/drive_base_msgs/msg/detail/dds_fastrtps/trv_command__type_support.cpp.o[0m
[25.342s] [ 59%] [32mBuilding CXX object CMakeFiles/drive_base_msgs__rosidl_typesupport_fastrtps_cpp.dir/rosidl_typesupport_fastrtps_cpp/drive_base_msgs/msg/detail/dds_fastrtps/command_status__type_support.cpp.o[0m
[26.032s] [ 60%] [32mBuilding CXX object CMakeFiles/drive_base_msgs__rosidl_typesupport_fastrtps_cpp.dir/rosidl_typesupport_fastrtps_cpp/drive_base_msgs/msg/detail/dds_fastrtps/base_info__type_support.cpp.o[0m
[26.670s] [ 62%] [32m[1mLinking CXX shared library libdrive_base_msgs__rosidl_typesupport_fastrtps_cpp.so[0m
[26.832s] [ 62%] Built target drive_base_msgs__rosidl_typesupport_fastrtps_cpp
[26.852s] [ 63%] [34m[1mGenerating C++ introspection for ROS interfaces[0m
[28.427s] [35m[1mScanning dependencies of target drive_base_msgs__rosidl_typesupport_introspection_cpp[0m
[28.469s] [ 65%] [32mBuilding CXX object CMakeFiles/drive_base_msgs__rosidl_typesupport_introspection_cpp.dir/rosidl_typesupport_introspection_cpp/drive_base_msgs/msg/detail/command_header__type_support.cpp.o[0m
[28.472s] [ 66%] [32mBuilding CXX object CMakeFiles/drive_base_msgs__rosidl_typesupport_introspection_cpp.dir/rosidl_typesupport_introspection_cpp/drive_base_msgs/msg/detail/base_info__type_support.cpp.o[0m
[28.495s] [ 68%] [32mBuilding CXX object CMakeFiles/drive_base_msgs__rosidl_typesupport_introspection_cpp.dir/rosidl_typesupport_introspection_cpp/drive_base_msgs/msg/detail/command_status__type_support.cpp.o[0m
[29.584s] [ 69%] [32mBuilding CXX object CMakeFiles/drive_base_msgs__rosidl_typesupport_introspection_cpp.dir/rosidl_typesupport_introspection_cpp/drive_base_msgs/msg/detail/trv_command__type_support.cpp.o[0m
[30.985s] [ 71%] [32m[1mLinking CXX shared library libdrive_base_msgs__rosidl_typesupport_introspection_cpp.so[0m
[31.379s] [ 71%] Built target drive_base_msgs__rosidl_typesupport_introspection_cpp
[31.448s] [ 72%] [34m[1mGenerating C type support for eProsima Fast-RTPS[0m
[33.194s] [35m[1mScanning dependencies of target drive_base_msgs__rosidl_typesupport_fastrtps_c[0m
[33.232s] [ 73%] [32mBuilding CXX object CMakeFiles/drive_base_msgs__rosidl_typesupport_fastrtps_c.dir/rosidl_typesupport_fastrtps_c/drive_base_msgs/msg/detail/command_header__type_support_c.cpp.o[0m
[33.792s] [ 75%] [32mBuilding CXX object CMakeFiles/drive_base_msgs__rosidl_typesupport_fastrtps_c.dir/rosidl_typesupport_fastrtps_c/drive_base_msgs/msg/detail/trv_command__type_support_c.cpp.o[0m
[34.339s] [ 76%] [32mBuilding CXX object CMakeFiles/drive_base_msgs__rosidl_typesupport_fastrtps_c.dir/rosidl_typesupport_fastrtps_c/drive_base_msgs/msg/detail/command_status__type_support_c.cpp.o[0m
[34.979s] [ 78%] [32mBuilding CXX object CMakeFiles/drive_base_msgs__rosidl_typesupport_fastrtps_c.dir/rosidl_typesupport_fastrtps_c/drive_base_msgs/msg/detail/base_info__type_support_c.cpp.o[0m
[35.559s] [ 79%] [32m[1mLinking CXX shared library libdrive_base_msgs__rosidl_typesupport_fastrtps_c.so[0m
[35.717s] [ 79%] Built target drive_base_msgs__rosidl_typesupport_fastrtps_c
[35.736s] [35m[1mScanning dependencies of target drive_base_msgs[0m
[35.757s] [ 79%] Built target drive_base_msgs
[35.778s] [35m[1mScanning dependencies of target drive_base_msgs__py[0m
[35.800s] [ 81%] [34m[1mGenerating Python code for ROS interfaces[0m
[37.832s] [ 81%] Built target drive_base_msgs__py
[37.850s] [35m[1mScanning dependencies of target drive_base_msgs__python[0m
[37.897s] [ 82%] [32mBuilding C object CMakeFiles/drive_base_msgs__python.dir/rosidl_generator_py/drive_base_msgs/msg/_command_header_s.c.o[0m
[38.027s] [ 84%] [32mBuilding C object CMakeFiles/drive_base_msgs__python.dir/rosidl_generator_py/drive_base_msgs/msg/_trv_command_s.c.o[0m
[38.159s] [ 85%] [32mBuilding C object CMakeFiles/drive_base_msgs__python.dir/rosidl_generator_py/drive_base_msgs/msg/_command_status_s.c.o[0m
[38.292s] [ 86%] [32mBuilding C object CMakeFiles/drive_base_msgs__python.dir/rosidl_generator_py/drive_base_msgs/msg/_base_info_s.c.o[0m
[38.439s] [ 88%] [32m[1mLinking C shared library rosidl_generator_py/drive_base_msgs/libdrive_base_msgs__python.so[0m
[38.511s] [ 88%] Built target drive_base_msgs__python
[38.530s] [35m[1mScanning dependencies of target drive_base_msgs__rosidl_typesupport_c__pyext[0m
[38.566s] [ 89%] [32mBuilding C object CMakeFiles/drive_base_msgs__rosidl_typesupport_c__pyext.dir/rosidl_generator_py/drive_base_msgs/_drive_base_msgs_s.ep.rosidl_typesupport_c.c.o[0m
[38.699s] [ 91%] [32m[1mLinking C shared library rosidl_generator_py/drive_base_msgs/drive_base_msgs_s__rosidl_typesupport_c.cpython-38-x86_64-linux-gnu.so[0m
[38.762s] [ 91%] Built target drive_base_msgs__rosidl_typesupport_c__pyext
[38.781s] [35m[1mScanning dependencies of target drive_base_msgs__rosidl_typesupport_introspection_c__pyext[0m
[38.818s] [ 92%] [32mBuilding C object CMakeFiles/drive_base_msgs__rosidl_typesupport_introspection_c__pyext.dir/rosidl_generator_py/drive_base_msgs/_drive_base_msgs_s.ep.rosidl_typesupport_introspection_c.c.o[0m
[38.951s] [ 94%] [32m[1mLinking C shared library rosidl_generator_py/drive_base_msgs/drive_base_msgs_s__rosidl_typesupport_introspection_c.cpython-38-x86_64-linux-gnu.so[0m
[39.014s] [ 94%] Built target drive_base_msgs__rosidl_typesupport_introspection_c__pyext
[39.032s] [35m[1mScanning dependencies of target drive_base_msgs__rosidl_typesupport_microxrcedds_c__pyext[0m
[39.065s] [ 95%] [32mBuilding C object CMakeFiles/drive_base_msgs__rosidl_typesupport_microxrcedds_c__pyext.dir/rosidl_generator_py/drive_base_msgs/_drive_base_msgs_s.ep.rosidl_typesupport_microxrcedds_c.c.o[0m
[39.204s] [ 97%] [32m[1mLinking C shared library rosidl_generator_py/drive_base_msgs/drive_base_msgs_s__rosidl_typesupport_microxrcedds_c.cpython-38-x86_64-linux-gnu.so[0m
[39.268s] [ 97%] Built target drive_base_msgs__rosidl_typesupport_microxrcedds_c__pyext
[39.287s] [35m[1mScanning dependencies of target drive_base_msgs__rosidl_typesupport_fastrtps_c__pyext[0m
[39.321s] [ 98%] [32mBuilding C object CMakeFiles/drive_base_msgs__rosidl_typesupport_fastrtps_c__pyext.dir/rosidl_generator_py/drive_base_msgs/_drive_base_msgs_s.ep.rosidl_typesupport_fastrtps_c.c.o[0m
[39.459s] [100%] [32m[1mLinking CXX shared library rosidl_generator_py/drive_base_msgs/drive_base_msgs_s__rosidl_typesupport_fastrtps_c.cpython-38-x86_64-linux-gnu.so[0m
[39.566s] [100%] Built target drive_base_msgs__rosidl_typesupport_fastrtps_c__pyext
[39.585s] Invoked command in '/home/ngy/micro_ros/build/drive_base_msgs' returned '0': AMENT_PREFIX_PATH=/home/ngy/micro_ros/install/std_msgs:/home/ngy/micro_ros/install/builtin_interfaces:${AMENT_PREFIX_PATH} CMAKE_PREFIX_PATH=/home/ngy/micro_ros/install/std_msgs:/home/ngy/micro_ros/install/builtin_interfaces:/home/ngy/micro_ros/install/rosidl_typesupport_microxrcedds_cpp:/home/ngy/micro_ros/install/rosidl_typesupport_microxrcedds_c:/home/ngy/micro_ros/install/microcdr:/home/ngy/micro_ros/install/micro_ros_msgs:/home/ngy/micro_ros/install/micro_ros_setup:/home/ngy/microros_ws/install/micro_ros_agent:/home/ngy/microros_ws/install/common_interfaces:/home/ngy/microros_ws/install/visualization_msgs:/home/ngy/microros_ws/install/test_msgs:/home/ngy/microros_ws/install/micro_ros_demos_rclc:/home/ngy/microros_ws/install/example_interfaces:/home/ngy/microros_ws/install/action_msgs:/home/ngy/microros_ws/install/unique_identifier_msgs:/home/ngy/microros_ws/install/trajectory_msgs:/home/ngy/microros_ws/install/stereo_msgs:/home/ngy/microros_ws/install/std_srvs:/home/ngy/microros_ws/install/shape_msgs:/home/ngy/microros_ws/install/sensor_msgs:/home/ngy/microros_ws/install/nav_msgs:/home/ngy/microros_ws/install/diagnostic_msgs:/home/ngy/microros_ws/install/geometry_msgs:/home/ngy/microros_ws/install/actionlib_msgs:/home/ngy/microros_ws/install/std_msgs:/home/ngy/microros_ws/install/statistics_msgs:/home/ngy/microros_ws/install/rosidl_typesupport_microxrcedds_test_msg:/home/ngy/microros_ws/install/rosidl_typesupport_microxrcedds_cpp_tests:/home/ngy/microros_ws/install/rmw_microxrcedds:/home/ngy/microros_ws/install/rosidl_typesupport_microxrcedds_cpp:/home/ngy/microros_ws/install/rosidl_typesupport_microxrcedds_c_tests:/home/ngy/microros_ws/install/rosidl_typesupport_microxrcedds_c:/home/ngy/microros_ws/install/rosgraph_msgs:/home/ngy/microros_ws/install/rclc_parameter:/home/ngy/microros_ws/install/rclc:/home/ngy/microros_ws/install/composition_interfaces:/home/ngy/microros_ws/install/rcl_interfaces:/home/ngy/microros_ws/install/microxrcedds_client:/home/ngy/microros_ws/install/microcdr:/home/ngy/microros_ws/install/micro_ros_msgs:/home/ngy/microros_ws/install/micro_ros_demos_rclcpp:/home/ngy/microros_ws/install/lifecycle_msgs:/home/ngy/microros_ws/install/complex_msgs:/home/ngy/microros_ws/install/builtin_interfaces:/home/ngy/microros_ws/install/micro_ros_setup:/home/ngy/microros_ws/install/sensor_msgs_py:/opt/ros/foxy LD_LIBRARY_PATH=/home/ngy/micro_ros/install/std_msgs/lib:/home/ngy/micro_ros/install/builtin_interfaces/lib:${LD_LIBRARY_PATH} PYTHONPATH=/home/ngy/micro_ros/install/std_msgs/lib/python3.8/site-packages:/home/ngy/micro_ros/install/builtin_interfaces/lib/python3.8/site-packages:${PYTHONPATH} /usr/bin/cmake --build /home/ngy/micro_ros/build/drive_base_msgs -- -j12 -l12
[39.919s] Invoking command in '/home/ngy/micro_ros/build/drive_base_msgs': AMENT_PREFIX_PATH=/home/ngy/micro_ros/install/std_msgs:/home/ngy/micro_ros/install/builtin_interfaces:${AMENT_PREFIX_PATH} CMAKE_PREFIX_PATH=/home/ngy/micro_ros/install/std_msgs:/home/ngy/micro_ros/install/builtin_interfaces:/home/ngy/micro_ros/install/rosidl_typesupport_microxrcedds_cpp:/home/ngy/micro_ros/install/rosidl_typesupport_microxrcedds_c:/home/ngy/micro_ros/install/microcdr:/home/ngy/micro_ros/install/micro_ros_msgs:/home/ngy/micro_ros/install/micro_ros_setup:/home/ngy/microros_ws/install/micro_ros_agent:/home/ngy/microros_ws/install/common_interfaces:/home/ngy/microros_ws/install/visualization_msgs:/home/ngy/microros_ws/install/test_msgs:/home/ngy/microros_ws/install/micro_ros_demos_rclc:/home/ngy/microros_ws/install/example_interfaces:/home/ngy/microros_ws/install/action_msgs:/home/ngy/microros_ws/install/unique_identifier_msgs:/home/ngy/microros_ws/install/trajectory_msgs:/home/ngy/microros_ws/install/stereo_msgs:/home/ngy/microros_ws/install/std_srvs:/home/ngy/microros_ws/install/shape_msgs:/home/ngy/microros_ws/install/sensor_msgs:/home/ngy/microros_ws/install/nav_msgs:/home/ngy/microros_ws/install/diagnostic_msgs:/home/ngy/microros_ws/install/geometry_msgs:/home/ngy/microros_ws/install/actionlib_msgs:/home/ngy/microros_ws/install/std_msgs:/home/ngy/microros_ws/install/statistics_msgs:/home/ngy/microros_ws/install/rosidl_typesupport_microxrcedds_test_msg:/home/ngy/microros_ws/install/rosidl_typesupport_microxrcedds_cpp_tests:/home/ngy/microros_ws/install/rmw_microxrcedds:/home/ngy/microros_ws/install/rosidl_typesupport_microxrcedds_cpp:/home/ngy/microros_ws/install/rosidl_typesupport_microxrcedds_c_tests:/home/ngy/microros_ws/install/rosidl_typesupport_microxrcedds_c:/home/ngy/microros_ws/install/rosgraph_msgs:/home/ngy/microros_ws/install/rclc_parameter:/home/ngy/microros_ws/install/rclc:/home/ngy/microros_ws/install/composition_interfaces:/home/ngy/microros_ws/install/rcl_interfaces:/home/ngy/microros_ws/install/microxrcedds_client:/home/ngy/microros_ws/install/microcdr:/home/ngy/microros_ws/install/micro_ros_msgs:/home/ngy/microros_ws/install/micro_ros_demos_rclcpp:/home/ngy/microros_ws/install/lifecycle_msgs:/home/ngy/microros_ws/install/complex_msgs:/home/ngy/microros_ws/install/builtin_interfaces:/home/ngy/microros_ws/install/micro_ros_setup:/home/ngy/microros_ws/install/sensor_msgs_py:/opt/ros/foxy LD_LIBRARY_PATH=/home/ngy/micro_ros/install/std_msgs/lib:/home/ngy/micro_ros/install/builtin_interfaces/lib:${LD_LIBRARY_PATH} PYTHONPATH=/home/ngy/micro_ros/install/std_msgs/lib/python3.8/site-packages:/home/ngy/micro_ros/install/builtin_interfaces/lib/python3.8/site-packages:${PYTHONPATH} /usr/bin/cmake --install /home/ngy/micro_ros/build/drive_base_msgs
[39.934s] -- Install configuration: ""
[39.934s] -- Installing: /home/ngy/micro_ros/install/drive_base_msgs/share/ament_index/resource_index/rosidl_interfaces/drive_base_msgs
[39.934s] -- Installing: /home/ngy/micro_ros/install/drive_base_msgs/include/drive_base_msgs
[39.935s] -- Installing: /home/ngy/micro_ros/install/drive_base_msgs/include/drive_base_msgs/msg
[39.935s] -- Installing: /home/ngy/micro_ros/install/drive_base_msgs/include/drive_base_msgs/msg/command_status.h
[39.935s] -- Installing: /home/ngy/micro_ros/install/drive_base_msgs/include/drive_base_msgs/msg/base_info.h
[39.935s] -- Installing: /home/ngy/micro_ros/install/drive_base_msgs/include/drive_base_msgs/msg/detail
[39.935s] -- Installing: /home/ngy/micro_ros/install/drive_base_msgs/include/drive_base_msgs/msg/detail/command_header__type_support.h
[39.936s] -- Installing: /home/ngy/micro_ros/install/drive_base_msgs/include/drive_base_msgs/msg/detail/base_info__struct.h
[39.936s] -- Installing: /home/ngy/micro_ros/install/drive_base_msgs/include/drive_base_msgs/msg/detail/base_info__type_support.h
[39.936s] -- Installing: /home/ngy/micro_ros/install/drive_base_msgs/include/drive_base_msgs/msg/detail/trv_command__type_support.h
[39.936s] -- Installing: /home/ngy/micro_ros/install/drive_base_msgs/include/drive_base_msgs/msg/detail/command_status__functions.c
[39.937s] -- Installing: /home/ngy/micro_ros/install/drive_base_msgs/include/drive_base_msgs/msg/detail/base_info__functions.c
[39.937s] -- Installing: /home/ngy/micro_ros/install/drive_base_msgs/include/drive_base_msgs/msg/detail/command_status__functions.h
[39.937s] -- Installing: /home/ngy/micro_ros/install/drive_base_msgs/include/drive_base_msgs/msg/detail/trv_command__functions.c
[39.937s] -- Installing: /home/ngy/micro_ros/install/drive_base_msgs/include/drive_base_msgs/msg/detail/command_status__type_support.h
[39.937s] -- Installing: /home/ngy/micro_ros/install/drive_base_msgs/include/drive_base_msgs/msg/detail/trv_command__struct.h
[39.938s] -- Installing: /home/ngy/micro_ros/install/drive_base_msgs/include/drive_base_msgs/msg/detail/command_status__struct.h
[39.938s] -- Installing: /home/ngy/micro_ros/install/drive_base_msgs/include/drive_base_msgs/msg/detail/trv_command__functions.h
[39.938s] -- Installing: /home/ngy/micro_ros/install/drive_base_msgs/include/drive_base_msgs/msg/detail/command_header__struct.h
[39.938s] -- Installing: /home/ngy/micro_ros/install/drive_base_msgs/include/drive_base_msgs/msg/detail/base_info__functions.h
[39.939s] -- Installing: /home/ngy/micro_ros/install/drive_base_msgs/include/drive_base_msgs/msg/detail/command_header__functions.c
[39.939s] -- Installing: /home/ngy/micro_ros/install/drive_base_msgs/include/drive_base_msgs/msg/detail/command_header__functions.h
[39.939s] -- Installing: /home/ngy/micro_ros/install/drive_base_msgs/include/drive_base_msgs/msg/command_header.h
[39.939s] -- Installing: /home/ngy/micro_ros/install/drive_base_msgs/include/drive_base_msgs/msg/trv_command.h
[39.939s] -- Installing: /home/ngy/micro_ros/install/drive_base_msgs/include/drive_base_msgs/msg/rosidl_generator_c__visibility_control.h
[39.940s] -- Installing: /home/ngy/micro_ros/install/drive_base_msgs/share/drive_base_msgs/environment/library_path.sh
[39.940s] -- Installing: /home/ngy/micro_ros/install/drive_base_msgs/share/drive_base_msgs/environment/library_path.dsv
[39.940s] -- Installing: /home/ngy/micro_ros/install/drive_base_msgs/lib/libdrive_base_msgs__rosidl_generator_c.so
[39.940s] -- Set runtime path of "/home/ngy/micro_ros/install/drive_base_msgs/lib/libdrive_base_msgs__rosidl_generator_c.so" to ""
[39.941s] -- Up-to-date: /home/ngy/micro_ros/install/drive_base_msgs/include/drive_base_msgs
[39.941s] -- Up-to-date: /home/ngy/micro_ros/install/drive_base_msgs/include/drive_base_msgs/msg
[39.941s] -- Up-to-date: /home/ngy/micro_ros/install/drive_base_msgs/include/drive_base_msgs/msg/detail
[39.941s] -- Installing: /home/ngy/micro_ros/install/drive_base_msgs/include/drive_base_msgs/msg/detail/command_status__rosidl_typesupport_microxrcedds_c.h
[39.942s] -- Installing: /home/ngy/micro_ros/install/drive_base_msgs/include/drive_base_msgs/msg/detail/microxrcedds
[39.942s] -- Installing: /home/ngy/micro_ros/install/drive_base_msgs/include/drive_base_msgs/msg/detail/base_info__rosidl_typesupport_microxrcedds_c.h
[39.942s] -- Installing: /home/ngy/micro_ros/install/drive_base_msgs/include/drive_base_msgs/msg/detail/command_header__rosidl_typesupport_microxrcedds_c.h
[39.942s] -- Installing: /home/ngy/micro_ros/install/drive_base_msgs/include/drive_base_msgs/msg/detail/trv_command__rosidl_typesupport_microxrcedds_c.h
[39.942s] -- Installing: /home/ngy/micro_ros/install/drive_base_msgs/include/drive_base_msgs/msg/rosidl_typesupport_microxrcedds_c__visibility_control.h
[39.943s] -- Installing: /home/ngy/micro_ros/install/drive_base_msgs/lib/libdrive_base_msgs__rosidl_typesupport_microxrcedds_c.so
[39.943s] -- Set runtime path of "/home/ngy/micro_ros/install/drive_base_msgs/lib/libdrive_base_msgs__rosidl_typesupport_microxrcedds_c.so" to ""
[39.943s] -- Up-to-date: /home/ngy/micro_ros/install/drive_base_msgs/include/drive_base_msgs
[39.943s] -- Up-to-date: /home/ngy/micro_ros/install/drive_base_msgs/include/drive_base_msgs/msg
[39.944s] -- Up-to-date: /home/ngy/micro_ros/install/drive_base_msgs/include/drive_base_msgs/msg/detail
[39.944s] -- Installing: /home/ngy/micro_ros/install/drive_base_msgs/include/drive_base_msgs/msg/detail/trv_command__rosidl_typesupport_fastrtps_c.h
[39.944s] -- Installing: /home/ngy/micro_ros/install/drive_base_msgs/include/drive_base_msgs/msg/detail/command_status__rosidl_typesupport_fastrtps_c.h
[39.944s] -- Installing: /home/ngy/micro_ros/install/drive_base_msgs/include/drive_base_msgs/msg/detail/base_info__rosidl_typesupport_fastrtps_c.h
[39.944s] -- Installing: /home/ngy/micro_ros/install/drive_base_msgs/include/drive_base_msgs/msg/detail/command_header__rosidl_typesupport_fastrtps_c.h
[39.945s] -- Installing: /home/ngy/micro_ros/install/drive_base_msgs/include/drive_base_msgs/msg/rosidl_typesupport_fastrtps_c__visibility_control.h
[39.945s] -- Installing: /home/ngy/micro_ros/install/drive_base_msgs/lib/libdrive_base_msgs__rosidl_typesupport_fastrtps_c.so
[39.945s] -- Set runtime path of "/home/ngy/micro_ros/install/drive_base_msgs/lib/libdrive_base_msgs__rosidl_typesupport_fastrtps_c.so" to ""
[39.945s] -- Up-to-date: /home/ngy/micro_ros/install/drive_base_msgs/include/drive_base_msgs
[39.946s] -- Up-to-date: /home/ngy/micro_ros/install/drive_base_msgs/include/drive_base_msgs/msg
[39.946s] -- Installing: /home/ngy/micro_ros/install/drive_base_msgs/include/drive_base_msgs/msg/rosidl_typesupport_fastrtps_cpp__visibility_control.h
[39.946s] -- Up-to-date: /home/ngy/micro_ros/install/drive_base_msgs/include/drive_base_msgs/msg/detail
[39.947s] -- Installing: /home/ngy/micro_ros/install/drive_base_msgs/include/drive_base_msgs/msg/detail/command_status__rosidl_typesupport_fastrtps_cpp.hpp
[39.947s] -- Installing: /home/ngy/micro_ros/install/drive_base_msgs/include/drive_base_msgs/msg/detail/command_header__rosidl_typesupport_fastrtps_cpp.hpp
[39.947s] -- Installing: /home/ngy/micro_ros/install/drive_base_msgs/include/drive_base_msgs/msg/detail/base_info__rosidl_typesupport_fastrtps_cpp.hpp
[39.947s] -- Installing: /home/ngy/micro_ros/install/drive_base_msgs/include/drive_base_msgs/msg/detail/trv_command__rosidl_typesupport_fastrtps_cpp.hpp
[39.947s] -- Installing: /home/ngy/micro_ros/install/drive_base_msgs/include/drive_base_msgs/msg/detail/dds_fastrtps
[39.948s] -- Installing: /home/ngy/micro_ros/install/drive_base_msgs/lib/libdrive_base_msgs__rosidl_typesupport_fastrtps_cpp.so
[39.948s] -- Set runtime path of "/home/ngy/micro_ros/install/drive_base_msgs/lib/libdrive_base_msgs__rosidl_typesupport_fastrtps_cpp.so" to ""
[39.948s] -- Up-to-date: /home/ngy/micro_ros/install/drive_base_msgs/include/drive_base_msgs
[39.948s] -- Up-to-date: /home/ngy/micro_ros/install/drive_base_msgs/include/drive_base_msgs/msg
[39.948s] -- Installing: /home/ngy/micro_ros/install/drive_base_msgs/include/drive_base_msgs/msg/rosidl_typesupport_introspection_c__visibility_control.h
[39.948s] -- Up-to-date: /home/ngy/micro_ros/install/drive_base_msgs/include/drive_base_msgs/msg/detail
[39.949s] -- Installing: /home/ngy/micro_ros/install/drive_base_msgs/include/drive_base_msgs/msg/detail/command_header__rosidl_typesupport_introspection_c.h
[39.949s] -- Installing: /home/ngy/micro_ros/install/drive_base_msgs/include/drive_base_msgs/msg/detail/base_info__type_support.c
[39.949s] -- Installing: /home/ngy/micro_ros/install/drive_base_msgs/include/drive_base_msgs/msg/detail/command_header__type_support.c
[39.949s] -- Installing: /home/ngy/micro_ros/install/drive_base_msgs/include/drive_base_msgs/msg/detail/base_info__rosidl_typesupport_introspection_c.h
[39.950s] -- Installing: /home/ngy/micro_ros/install/drive_base_msgs/include/drive_base_msgs/msg/detail/trv_command__rosidl_typesupport_introspection_c.h
[39.950s] -- Installing: /home/ngy/micro_ros/install/drive_base_msgs/include/drive_base_msgs/msg/detail/command_status__rosidl_typesupport_introspection_c.h
[39.950s] -- Installing: /home/ngy/micro_ros/install/drive_base_msgs/include/drive_base_msgs/msg/detail/trv_command__type_support.c
[39.950s] -- Installing: /home/ngy/micro_ros/install/drive_base_msgs/include/drive_base_msgs/msg/detail/command_status__type_support.c
[39.950s] -- Installing: /home/ngy/micro_ros/install/drive_base_msgs/lib/libdrive_base_msgs__rosidl_typesupport_introspection_c.so
[39.950s] -- Set runtime path of "/home/ngy/micro_ros/install/drive_base_msgs/lib/libdrive_base_msgs__rosidl_typesupport_introspection_c.so" to ""
[39.951s] -- Installing: /home/ngy/micro_ros/install/drive_base_msgs/lib/libdrive_base_msgs__rosidl_typesupport_c.so
[39.951s] -- Set runtime path of "/home/ngy/micro_ros/install/drive_base_msgs/lib/libdrive_base_msgs__rosidl_typesupport_c.so" to ""
[39.951s] -- Up-to-date: /home/ngy/micro_ros/install/drive_base_msgs/include/drive_base_msgs
[39.952s] -- Up-to-date: /home/ngy/micro_ros/install/drive_base_msgs/include/drive_base_msgs/msg
[39.952s] -- Installing: /home/ngy/micro_ros/install/drive_base_msgs/include/drive_base_msgs/msg/command_status.hpp
[39.952s] -- Up-to-date: /home/ngy/micro_ros/install/drive_base_msgs/include/drive_base_msgs/msg/detail
[39.953s] -- Installing: /home/ngy/micro_ros/install/drive_base_msgs/include/drive_base_msgs/msg/detail/base_info__traits.hpp
[39.953s] -- Installing: /home/ngy/micro_ros/install/drive_base_msgs/include/drive_base_msgs/msg/detail/base_info__builder.hpp
[39.953s] -- Installing: /home/ngy/micro_ros/install/drive_base_msgs/include/drive_base_msgs/msg/detail/trv_command__traits.hpp
[39.953s] -- Installing: /home/ngy/micro_ros/install/drive_base_msgs/include/drive_base_msgs/msg/detail/command_status__builder.hpp
[39.953s] -- Installing: /home/ngy/micro_ros/install/drive_base_msgs/include/drive_base_msgs/msg/detail/command_header__traits.hpp
[39.953s] -- Installing: /home/ngy/micro_ros/install/drive_base_msgs/include/drive_base_msgs/msg/detail/command_header__struct.hpp
[39.954s] -- Installing: /home/ngy/micro_ros/install/drive_base_msgs/include/drive_base_msgs/msg/detail/trv_command__struct.hpp
[39.954s] -- Installing: /home/ngy/micro_ros/install/drive_base_msgs/include/drive_base_msgs/msg/detail/command_header__builder.hpp
[39.954s] -- Installing: /home/ngy/micro_ros/install/drive_base_msgs/include/drive_base_msgs/msg/detail/command_status__traits.hpp
[39.954s] -- Installing: /home/ngy/micro_ros/install/drive_base_msgs/include/drive_base_msgs/msg/detail/command_status__struct.hpp
[39.954s] -- Installing: /home/ngy/micro_ros/install/drive_base_msgs/include/drive_base_msgs/msg/detail/base_info__struct.hpp
[39.954s] -- Installing: /home/ngy/micro_ros/install/drive_base_msgs/include/drive_base_msgs/msg/detail/trv_command__builder.hpp
[39.954s] -- Installing: /home/ngy/micro_ros/install/drive_base_msgs/include/drive_base_msgs/msg/command_header.hpp
[39.954s] -- Installing: /home/ngy/micro_ros/install/drive_base_msgs/include/drive_base_msgs/msg/trv_command.hpp
[39.955s] -- Installing: /home/ngy/micro_ros/install/drive_base_msgs/include/drive_base_msgs/msg/base_info.hpp
[39.955s] -- Up-to-date: /home/ngy/micro_ros/install/drive_base_msgs/include/drive_base_msgs
[39.955s] -- Up-to-date: /home/ngy/micro_ros/install/drive_base_msgs/include/drive_base_msgs/msg
[39.955s] -- Up-to-date: /home/ngy/micro_ros/install/drive_base_msgs/include/drive_base_msgs/msg/detail
[39.955s] -- Installing: /home/ngy/micro_ros/install/drive_base_msgs/include/drive_base_msgs/msg/detail/trv_command__rosidl_typesupport_microxrcedds_cpp.hpp
[39.955s] -- Installing: /home/ngy/micro_ros/install/drive_base_msgs/include/drive_base_msgs/msg/detail/command_status__rosidl_typesupport_microxrcedds_cpp.hpp
[39.955s] -- Up-to-date: /home/ngy/micro_ros/install/drive_base_msgs/include/drive_base_msgs/msg/detail/microxrcedds
[39.955s] -- Installing: /home/ngy/micro_ros/install/drive_base_msgs/include/drive_base_msgs/msg/detail/microxrcedds/trv_command__type_support_cpp.cpp
[39.955s] -- Installing: /home/ngy/micro_ros/install/drive_base_msgs/include/drive_base_msgs/msg/detail/microxrcedds/command_status__type_support_cpp.cpp
[39.955s] -- Installing: /home/ngy/micro_ros/install/drive_base_msgs/include/drive_base_msgs/msg/detail/microxrcedds/base_info__type_support_cpp.cpp
[39.955s] -- Installing: /home/ngy/micro_ros/install/drive_base_msgs/include/drive_base_msgs/msg/detail/microxrcedds/command_header__type_support_cpp.cpp
[39.956s] -- Installing: /home/ngy/micro_ros/install/drive_base_msgs/include/drive_base_msgs/msg/detail/base_info__rosidl_typesupport_microxrcedds_cpp.hpp
[39.956s] -- Installing: /home/ngy/micro_ros/install/drive_base_msgs/include/drive_base_msgs/msg/detail/command_header__rosidl_typesupport_microxrcedds_cpp.hpp
[39.956s] -- Installing: /home/ngy/micro_ros/install/drive_base_msgs/include/drive_base_msgs/msg/rosidl_typesupport_microxrcedds_cpp__visibility_control.h
[39.956s] -- Installing: /home/ngy/micro_ros/install/drive_base_msgs/lib/libdrive_base_msgs__rosidl_typesupport_microxrcedds_cpp.so
[39.956s] -- Set runtime path of "/home/ngy/micro_ros/install/drive_base_msgs/lib/libdrive_base_msgs__rosidl_typesupport_microxrcedds_cpp.so" to ""
[39.956s] -- Up-to-date: /home/ngy/micro_ros/install/drive_base_msgs/include/drive_base_msgs
[39.956s] -- Up-to-date: /home/ngy/micro_ros/install/drive_base_msgs/include/drive_base_msgs/msg
[39.956s] -- Up-to-date: /home/ngy/micro_ros/install/drive_base_msgs/include/drive_base_msgs/msg/detail
[39.956s] -- Installing: /home/ngy/micro_ros/install/drive_base_msgs/include/drive_base_msgs/msg/detail/trv_command__rosidl_typesupport_introspection_cpp.hpp
[39.956s] -- Installing: /home/ngy/micro_ros/install/drive_base_msgs/include/drive_base_msgs/msg/detail/trv_command__type_support.cpp
[39.957s] -- Installing: /home/ngy/micro_ros/install/drive_base_msgs/include/drive_base_msgs/msg/detail/command_status__rosidl_typesupport_introspection_cpp.hpp
[39.957s] -- Installing: /home/ngy/micro_ros/install/drive_base_msgs/include/drive_base_msgs/msg/detail/command_header__type_support.cpp
[39.957s] -- Installing: /home/ngy/micro_ros/install/drive_base_msgs/include/drive_base_msgs/msg/detail/base_info__rosidl_typesupport_introspection_cpp.hpp
[39.957s] -- Installing: /home/ngy/micro_ros/install/drive_base_msgs/include/drive_base_msgs/msg/detail/base_info__type_support.cpp
[39.957s] -- Installing: /home/ngy/micro_ros/install/drive_base_msgs/include/drive_base_msgs/msg/detail/command_header__rosidl_typesupport_introspection_cpp.hpp
[39.957s] -- Installing: /home/ngy/micro_ros/install/drive_base_msgs/include/drive_base_msgs/msg/detail/command_status__type_support.cpp
[39.957s] -- Installing: /home/ngy/micro_ros/install/drive_base_msgs/lib/libdrive_base_msgs__rosidl_typesupport_introspection_cpp.so
[39.958s] -- Set runtime path of "/home/ngy/micro_ros/install/drive_base_msgs/lib/libdrive_base_msgs__rosidl_typesupport_introspection_cpp.so" to ""
[39.958s] -- Installing: /home/ngy/micro_ros/install/drive_base_msgs/lib/libdrive_base_msgs__rosidl_typesupport_cpp.so
[39.959s] -- Set runtime path of "/home/ngy/micro_ros/install/drive_base_msgs/lib/libdrive_base_msgs__rosidl_typesupport_cpp.so" to ""
[39.959s] -- Installing: /home/ngy/micro_ros/install/drive_base_msgs/share/drive_base_msgs/environment/pythonpath.sh
[39.959s] -- Installing: /home/ngy/micro_ros/install/drive_base_msgs/share/drive_base_msgs/environment/pythonpath.dsv
[39.960s] -- Installing: /home/ngy/micro_ros/install/drive_base_msgs/lib/python3.8/site-packages/drive_base_msgs/__init__.py
[40.008s] Compiling '/home/ngy/micro_ros/install/drive_base_msgs/lib/python3.8/site-packages/drive_base_msgs/__init__.py'...
[40.014s] -- Installing: /home/ngy/micro_ros/install/drive_base_msgs/lib/python3.8/site-packages/drive_base_msgs/msg
[40.014s] -- Installing: /home/ngy/micro_ros/install/drive_base_msgs/lib/python3.8/site-packages/drive_base_msgs/msg/_command_status.py
[40.014s] -- Installing: /home/ngy/micro_ros/install/drive_base_msgs/lib/python3.8/site-packages/drive_base_msgs/msg/_command_header_s.c
[40.014s] -- Installing: /home/ngy/micro_ros/install/drive_base_msgs/lib/python3.8/site-packages/drive_base_msgs/msg/_command_header.py
[40.015s] -- Installing: /home/ngy/micro_ros/install/drive_base_msgs/lib/python3.8/site-packages/drive_base_msgs/msg/_base_info_s.c
[40.015s] -- Installing: /home/ngy/micro_ros/install/drive_base_msgs/lib/python3.8/site-packages/drive_base_msgs/msg/_trv_command.py
[40.015s] -- Installing: /home/ngy/micro_ros/install/drive_base_msgs/lib/python3.8/site-packages/drive_base_msgs/msg/_base_info.py
[40.015s] -- Installing: /home/ngy/micro_ros/install/drive_base_msgs/lib/python3.8/site-packages/drive_base_msgs/msg/_trv_command_s.c
[40.015s] -- Installing: /home/ngy/micro_ros/install/drive_base_msgs/lib/python3.8/site-packages/drive_base_msgs/msg/_command_status_s.c
[40.016s] -- Installing: /home/ngy/micro_ros/install/drive_base_msgs/lib/python3.8/site-packages/drive_base_msgs/msg/__init__.py
[40.016s] -- Installing: /home/ngy/micro_ros/install/drive_base_msgs/lib/python3.8/site-packages/drive_base_msgs/drive_base_msgs_s__rosidl_typesupport_microxrcedds_c.cpython-38-x86_64-linux-gnu.so
[40.017s] -- Set runtime path of "/home/ngy/micro_ros/install/drive_base_msgs/lib/python3.8/site-packages/drive_base_msgs/drive_base_msgs_s__rosidl_typesupport_microxrcedds_c.cpython-38-x86_64-linux-gnu.so" to ""
[40.018s] -- Installing: /home/ngy/micro_ros/install/drive_base_msgs/lib/python3.8/site-packages/drive_base_msgs/drive_base_msgs_s__rosidl_typesupport_fastrtps_c.cpython-38-x86_64-linux-gnu.so
[40.019s] -- Set runtime path of "/home/ngy/micro_ros/install/drive_base_msgs/lib/python3.8/site-packages/drive_base_msgs/drive_base_msgs_s__rosidl_typesupport_fastrtps_c.cpython-38-x86_64-linux-gnu.so" to ""
[40.020s] -- Installing: /home/ngy/micro_ros/install/drive_base_msgs/lib/python3.8/site-packages/drive_base_msgs/drive_base_msgs_s__rosidl_typesupport_introspection_c.cpython-38-x86_64-linux-gnu.so
[40.021s] -- Set runtime path of "/home/ngy/micro_ros/install/drive_base_msgs/lib/python3.8/site-packages/drive_base_msgs/drive_base_msgs_s__rosidl_typesupport_introspection_c.cpython-38-x86_64-linux-gnu.so" to ""
[40.021s] -- Installing: /home/ngy/micro_ros/install/drive_base_msgs/lib/python3.8/site-packages/drive_base_msgs/drive_base_msgs_s__rosidl_typesupport_c.cpython-38-x86_64-linux-gnu.so
[40.022s] -- Set runtime path of "/home/ngy/micro_ros/install/drive_base_msgs/lib/python3.8/site-packages/drive_base_msgs/drive_base_msgs_s__rosidl_typesupport_c.cpython-38-x86_64-linux-gnu.so" to ""
[40.022s] -- Installing: /home/ngy/micro_ros/install/drive_base_msgs/lib/libdrive_base_msgs__python.so
[40.023s] -- Set runtime path of "/home/ngy/micro_ros/install/drive_base_msgs/lib/libdrive_base_msgs__python.so" to ""
[40.023s] -- Installing: /home/ngy/micro_ros/install/drive_base_msgs/share/drive_base_msgs/msg/CommandHeader.idl
[40.023s] -- Installing: /home/ngy/micro_ros/install/drive_base_msgs/share/drive_base_msgs/msg/BaseInfo.idl
[40.024s] -- Installing: /home/ngy/micro_ros/install/drive_base_msgs/share/drive_base_msgs/msg/CommandStatus.idl
[40.024s] -- Installing: /home/ngy/micro_ros/install/drive_base_msgs/share/drive_base_msgs/msg/TRVCommand.idl
[40.024s] -- Installing: /home/ngy/micro_ros/install/drive_base_msgs/share/drive_base_msgs/msg/CommandHeader.msg
[40.024s] -- Installing: /home/ngy/micro_ros/install/drive_base_msgs/share/drive_base_msgs/msg/BaseInfo.msg
[40.025s] -- Installing: /home/ngy/micro_ros/install/drive_base_msgs/share/drive_base_msgs/msg/CommandStatus.msg
[40.025s] -- Installing: /home/ngy/micro_ros/install/drive_base_msgs/share/drive_base_msgs/msg/TRVCommand.msg
[40.025s] -- Installing: /home/ngy/micro_ros/install/drive_base_msgs/share/ament_index/resource_index/package_run_dependencies/drive_base_msgs
[40.026s] -- Installing: /home/ngy/micro_ros/install/drive_base_msgs/share/ament_index/resource_index/parent_prefix_path/drive_base_msgs
[40.026s] -- Installing: /home/ngy/micro_ros/install/drive_base_msgs/share/drive_base_msgs/environment/ament_prefix_path.sh
[40.026s] -- Installing: /home/ngy/micro_ros/install/drive_base_msgs/share/drive_base_msgs/environment/ament_prefix_path.dsv
[40.027s] -- Installing: /home/ngy/micro_ros/install/drive_base_msgs/share/drive_base_msgs/environment/path.sh
[40.027s] -- Installing: /home/ngy/micro_ros/install/drive_base_msgs/share/drive_base_msgs/environment/path.dsv
[40.027s] -- Installing: /home/ngy/micro_ros/install/drive_base_msgs/share/drive_base_msgs/local_setup.bash
[40.027s] -- Installing: /home/ngy/micro_ros/install/drive_base_msgs/share/drive_base_msgs/local_setup.sh
[40.028s] -- Installing: /home/ngy/micro_ros/install/drive_base_msgs/share/drive_base_msgs/local_setup.zsh
[40.028s] -- Installing: /home/ngy/micro_ros/install/drive_base_msgs/share/drive_base_msgs/local_setup.dsv
[40.028s] -- Installing: /home/ngy/micro_ros/install/drive_base_msgs/share/drive_base_msgs/package.dsv
[40.029s] -- Installing: /home/ngy/micro_ros/install/drive_base_msgs/share/ament_index/resource_index/packages/drive_base_msgs
[40.029s] -- Installing: /home/ngy/micro_ros/install/drive_base_msgs/share/drive_base_msgs/cmake/drive_base_msgs__rosidl_generator_cExport.cmake
[40.029s] -- Installing: /home/ngy/micro_ros/install/drive_base_msgs/share/drive_base_msgs/cmake/drive_base_msgs__rosidl_generator_cExport-noconfig.cmake
[40.030s] -- Installing: /home/ngy/micro_ros/install/drive_base_msgs/share/drive_base_msgs/cmake/drive_base_msgs__rosidl_typesupport_introspection_cExport.cmake
[40.030s] -- Installing: /home/ngy/micro_ros/install/drive_base_msgs/share/drive_base_msgs/cmake/drive_base_msgs__rosidl_typesupport_introspection_cExport-noconfig.cmake
[40.030s] -- Installing: /home/ngy/micro_ros/install/drive_base_msgs/share/drive_base_msgs/cmake/drive_base_msgs__rosidl_typesupport_cExport.cmake
[40.031s] -- Installing: /home/ngy/micro_ros/install/drive_base_msgs/share/drive_base_msgs/cmake/drive_base_msgs__rosidl_typesupport_cExport-noconfig.cmake
[40.031s] -- Installing: /home/ngy/micro_ros/install/drive_base_msgs/share/drive_base_msgs/cmake/drive_base_msgs__rosidl_generator_cppExport.cmake
[40.031s] -- Installing: /home/ngy/micro_ros/install/drive_base_msgs/share/drive_base_msgs/cmake/drive_base_msgs__rosidl_typesupport_introspection_cppExport.cmake
[40.031s] -- Installing: /home/ngy/micro_ros/install/drive_base_msgs/share/drive_base_msgs/cmake/drive_base_msgs__rosidl_typesupport_introspection_cppExport-noconfig.cmake
[40.032s] -- Installing: /home/ngy/micro_ros/install/drive_base_msgs/share/drive_base_msgs/cmake/drive_base_msgs__rosidl_typesupport_cppExport.cmake
[40.032s] -- Installing: /home/ngy/micro_ros/install/drive_base_msgs/share/drive_base_msgs/cmake/drive_base_msgs__rosidl_typesupport_cppExport-noconfig.cmake
[40.032s] -- Installing: /home/ngy/micro_ros/install/drive_base_msgs/share/drive_base_msgs/cmake/rosidl_cmake-extras.cmake
[40.032s] -- Installing: /home/ngy/micro_ros/install/drive_base_msgs/share/drive_base_msgs/cmake/ament_cmake_export_dependencies-extras.cmake
[40.032s] -- Installing: /home/ngy/micro_ros/install/drive_base_msgs/share/drive_base_msgs/cmake/ament_cmake_export_libraries-extras.cmake
[40.033s] -- Installing: /home/ngy/micro_ros/install/drive_base_msgs/share/drive_base_msgs/cmake/ament_cmake_export_targets-extras.cmake
[40.033s] -- Installing: /home/ngy/micro_ros/install/drive_base_msgs/share/drive_base_msgs/cmake/ament_cmake_export_include_directories-extras.cmake
[40.033s] -- Installing: /home/ngy/micro_ros/install/drive_base_msgs/share/drive_base_msgs/cmake/rosidl_cmake_export_typesupport_libraries-extras.cmake
[40.033s] -- Installing: /home/ngy/micro_ros/install/drive_base_msgs/share/drive_base_msgs/cmake/rosidl_cmake_export_typesupport_targets-extras.cmake
[40.034s] -- Installing: /home/ngy/micro_ros/install/drive_base_msgs/share/drive_base_msgs/cmake/drive_base_msgsConfig.cmake
[40.034s] -- Installing: /home/ngy/micro_ros/install/drive_base_msgs/share/drive_base_msgs/cmake/drive_base_msgsConfig-version.cmake
[40.034s] -- Installing: /home/ngy/micro_ros/install/drive_base_msgs/share/drive_base_msgs/package.xml
[40.043s] Invoked command in '/home/ngy/micro_ros/build/drive_base_msgs' returned '0': AMENT_PREFIX_PATH=/home/ngy/micro_ros/install/std_msgs:/home/ngy/micro_ros/install/builtin_interfaces:${AMENT_PREFIX_PATH} CMAKE_PREFIX_PATH=/home/ngy/micro_ros/install/std_msgs:/home/ngy/micro_ros/install/builtin_interfaces:/home/ngy/micro_ros/install/rosidl_typesupport_microxrcedds_cpp:/home/ngy/micro_ros/install/rosidl_typesupport_microxrcedds_c:/home/ngy/micro_ros/install/microcdr:/home/ngy/micro_ros/install/micro_ros_msgs:/home/ngy/micro_ros/install/micro_ros_setup:/home/ngy/microros_ws/install/micro_ros_agent:/home/ngy/microros_ws/install/common_interfaces:/home/ngy/microros_ws/install/visualization_msgs:/home/ngy/microros_ws/install/test_msgs:/home/ngy/microros_ws/install/micro_ros_demos_rclc:/home/ngy/microros_ws/install/example_interfaces:/home/ngy/microros_ws/install/action_msgs:/home/ngy/microros_ws/install/unique_identifier_msgs:/home/ngy/microros_ws/install/trajectory_msgs:/home/ngy/microros_ws/install/stereo_msgs:/home/ngy/microros_ws/install/std_srvs:/home/ngy/microros_ws/install/shape_msgs:/home/ngy/microros_ws/install/sensor_msgs:/home/ngy/microros_ws/install/nav_msgs:/home/ngy/microros_ws/install/diagnostic_msgs:/home/ngy/microros_ws/install/geometry_msgs:/home/ngy/microros_ws/install/actionlib_msgs:/home/ngy/microros_ws/install/std_msgs:/home/ngy/microros_ws/install/statistics_msgs:/home/ngy/microros_ws/install/rosidl_typesupport_microxrcedds_test_msg:/home/ngy/microros_ws/install/rosidl_typesupport_microxrcedds_cpp_tests:/home/ngy/microros_ws/install/rmw_microxrcedds:/home/ngy/microros_ws/install/rosidl_typesupport_microxrcedds_cpp:/home/ngy/microros_ws/install/rosidl_typesupport_microxrcedds_c_tests:/home/ngy/microros_ws/install/rosidl_typesupport_microxrcedds_c:/home/ngy/microros_ws/install/rosgraph_msgs:/home/ngy/microros_ws/install/rclc_parameter:/home/ngy/microros_ws/install/rclc:/home/ngy/microros_ws/install/composition_interfaces:/home/ngy/microros_ws/install/rcl_interfaces:/home/ngy/microros_ws/install/microxrcedds_client:/home/ngy/microros_ws/install/microcdr:/home/ngy/microros_ws/install/micro_ros_msgs:/home/ngy/microros_ws/install/micro_ros_demos_rclcpp:/home/ngy/microros_ws/install/lifecycle_msgs:/home/ngy/microros_ws/install/complex_msgs:/home/ngy/microros_ws/install/builtin_interfaces:/home/ngy/microros_ws/install/micro_ros_setup:/home/ngy/microros_ws/install/sensor_msgs_py:/opt/ros/foxy LD_LIBRARY_PATH=/home/ngy/micro_ros/install/std_msgs/lib:/home/ngy/micro_ros/install/builtin_interfaces/lib:${LD_LIBRARY_PATH} PYTHONPATH=/home/ngy/micro_ros/install/std_msgs/lib/python3.8/site-packages:/home/ngy/micro_ros/install/builtin_interfaces/lib/python3.8/site-packages:${PYTHONPATH} /usr/bin/cmake --install /home/ngy/micro_ros/build/drive_base_msgs
