[0.071s] Invoking command in '/home/ngy/micro_ros/build/nav_msgs': AMENT_PREFIX_PATH=/home/ngy/micro_ros/install/geometry_msgs:/home/ngy/micro_ros/install/std_msgs:/home/ngy/micro_ros/install/builtin_interfaces:${AMENT_PREFIX_PATH} CMAKE_PREFIX_PATH=/home/ngy/micro_ros/install/geometry_msgs:/home/ngy/micro_ros/install/std_msgs:/home/ngy/micro_ros/install/builtin_interfaces:/home/ngy/micro_ros/install/rosidl_typesupport_microxrcedds_cpp:/home/ngy/micro_ros/install/rosidl_typesupport_microxrcedds_c:/home/ngy/micro_ros/install/microcdr:/home/ngy/micro_ros/install/micro_ros_msgs:/home/ngy/micro_ros/install/micro_ros_setup:/home/ngy/microros_ws/install/micro_ros_agent:/home/ngy/microros_ws/install/common_interfaces:/home/ngy/microros_ws/install/visualization_msgs:/home/ngy/microros_ws/install/test_msgs:/home/ngy/microros_ws/install/micro_ros_demos_rclc:/home/ngy/microros_ws/install/example_interfaces:/home/ngy/microros_ws/install/action_msgs:/home/ngy/microros_ws/install/unique_identifier_msgs:/home/ngy/microros_ws/install/trajectory_msgs:/home/ngy/microros_ws/install/stereo_msgs:/home/ngy/microros_ws/install/std_srvs:/home/ngy/microros_ws/install/shape_msgs:/home/ngy/microros_ws/install/sensor_msgs:/home/ngy/microros_ws/install/nav_msgs:/home/ngy/microros_ws/install/diagnostic_msgs:/home/ngy/microros_ws/install/geometry_msgs:/home/ngy/microros_ws/install/actionlib_msgs:/home/ngy/microros_ws/install/std_msgs:/home/ngy/microros_ws/install/statistics_msgs:/home/ngy/microros_ws/install/rosidl_typesupport_microxrcedds_test_msg:/home/ngy/microros_ws/install/rosidl_typesupport_microxrcedds_cpp_tests:/home/ngy/microros_ws/install/rmw_microxrcedds:/home/ngy/microros_ws/install/rosidl_typesupport_microxrcedds_cpp:/home/ngy/microros_ws/install/rosidl_typesupport_microxrcedds_c_tests:/home/ngy/microros_ws/install/rosidl_typesupport_microxrcedds_c:/home/ngy/microros_ws/install/rosgraph_msgs:/home/ngy/microros_ws/install/rclc_parameter:/home/ngy/microros_ws/install/rclc:/home/ngy/microros_ws/install/composition_interfaces:/home/ngy/microros_ws/install/rcl_interfaces:/home/ngy/microros_ws/install/microxrcedds_client:/home/ngy/microros_ws/install/microcdr:/home/ngy/microros_ws/install/micro_ros_msgs:/home/ngy/microros_ws/install/micro_ros_demos_rclcpp:/home/ngy/microros_ws/install/lifecycle_msgs:/home/ngy/microros_ws/install/complex_msgs:/home/ngy/microros_ws/install/builtin_interfaces:/home/ngy/microros_ws/install/micro_ros_setup:/home/ngy/microros_ws/install/sensor_msgs_py:/opt/ros/foxy LD_LIBRARY_PATH=/home/ngy/micro_ros/install/geometry_msgs/lib:/home/ngy/micro_ros/install/std_msgs/lib:/home/ngy/micro_ros/install/builtin_interfaces/lib:${LD_LIBRARY_PATH} PYTHONPATH=/home/ngy/micro_ros/install/geometry_msgs/lib/python3.8/site-packages:/home/ngy/micro_ros/install/std_msgs/lib/python3.8/site-packages:/home/ngy/micro_ros/install/builtin_interfaces/lib/python3.8/site-packages:${PYTHONPATH} /usr/bin/cmake /home/ngy/micro_ros/src/ros2/common_interfaces/nav_msgs -DBUILD_TESTING=OFF -DBUILD_SHARED_LIBS=ON -DCMAKE_INSTALL_PREFIX=/home/ngy/micro_ros/install/nav_msgs
[0.169s] -- The C compiler identification is GNU 9.4.0
[0.284s] -- The CXX compiler identification is GNU 9.4.0
[0.299s] -- Check for working C compiler: /usr/bin/cc
[0.438s] -- Check for working C compiler: /usr/bin/cc -- works
[0.441s] -- Detecting C compiler ABI info
[0.583s] -- Detecting C compiler ABI info - done
[0.613s] -- Detecting C compile features
[0.613s] -- Detecting C compile features - done
[0.619s] -- Check for working CXX compiler: /usr/bin/c++
[0.768s] -- Check for working CXX compiler: /usr/bin/c++ -- works
[0.771s] -- Detecting CXX compiler ABI info
[0.942s] -- Detecting CXX compiler ABI info - done
[0.985s] -- Detecting CXX compile features
[0.986s] -- Detecting CXX compile features - done
[0.994s] -- Found ament_cmake: 0.9.11 (/opt/ros/foxy/share/ament_cmake/cmake)
[1.070s] -- Found PythonInterp: /usr/bin/python3 (found suitable version "3.8.10", minimum required is "3") 
[1.071s] -- Using PYTHON_EXECUTABLE: /usr/bin/python3
[1.448s] -- Found builtin_interfaces: 1.0.0 (/home/ngy/micro_ros/install/builtin_interfaces/share/builtin_interfaces/cmake)
[1.505s] -- Using all available rosidl_typesupport_c: rosidl_typesupport_microxrcedds_c;rosidl_typesupport_fastrtps_c;rosidl_typesupport_introspection_c
[1.520s] -- Found rosidl_adapter: 1.3.0 (/opt/ros/foxy/share/rosidl_adapter/cmake)
[1.758s] -- Found OpenSSL: /usr/lib/x86_64-linux-gnu/libcrypto.so (found version "1.1.1f")  
[1.800s] -- Found FastRTPS: /opt/ros/foxy/include  
[2.001s] -- Using all available rosidl_typesupport_cpp: rosidl_typesupport_microxrcedds_cpp;rosidl_typesupport_fastrtps_cpp;rosidl_typesupport_introspection_cpp
[2.098s] -- Found geometry_msgs: 2.0.5 (/home/ngy/micro_ros/install/geometry_msgs/share/geometry_msgs/cmake)
[2.269s] -- Found rosidl_default_generators: 1.0.1 (/opt/ros/foxy/share/rosidl_default_generators/cmake)
[2.372s] -- Found PythonInterp: /usr/bin/python3 (found version "3.8.10") 
[2.925s] -- Found ament_cmake_ros: 0.9.2 (/opt/ros/foxy/share/ament_cmake_ros/cmake)
[3.636s] -- Using all available rosidl_typesupport_c: rosidl_typesupport_microxrcedds_c;rosidl_typesupport_fastrtps_c;rosidl_typesupport_introspection_c
[4.047s] -- Using all available rosidl_typesupport_cpp: rosidl_typesupport_microxrcedds_cpp;rosidl_typesupport_fastrtps_cpp;rosidl_typesupport_introspection_cpp
[4.105s] -- Found PythonInterp: /usr/bin/python3 (found suitable version "3.8.10", minimum required is "3.5") 
[4.110s] -- Found python_cmake_module: 0.8.1 (/opt/ros/foxy/share/python_cmake_module/cmake)
[4.170s] -- Found PythonLibs: /usr/lib/x86_64-linux-gnu/libpython3.8.so (found suitable version "3.8.10", minimum required is "3.5") 
[4.170s] -- Using PYTHON_EXECUTABLE: /usr/bin/python3
[4.170s] -- Using PYTHON_INCLUDE_DIRS: /usr/include/python3.8
[4.170s] -- Using PYTHON_LIBRARIES: /usr/lib/x86_64-linux-gnu/libpython3.8.so
[4.217s] -- Found PythonExtra: .so  
[4.565s] -- Configuring done
[4.913s] -- Generating done
[4.936s] -- Build files have been written to: /home/ngy/micro_ros/build/nav_msgs
[4.962s] Invoked command in '/home/ngy/micro_ros/build/nav_msgs' returned '0': AMENT_PREFIX_PATH=/home/ngy/micro_ros/install/geometry_msgs:/home/ngy/micro_ros/install/std_msgs:/home/ngy/micro_ros/install/builtin_interfaces:${AMENT_PREFIX_PATH} CMAKE_PREFIX_PATH=/home/ngy/micro_ros/install/geometry_msgs:/home/ngy/micro_ros/install/std_msgs:/home/ngy/micro_ros/install/builtin_interfaces:/home/ngy/micro_ros/install/rosidl_typesupport_microxrcedds_cpp:/home/ngy/micro_ros/install/rosidl_typesupport_microxrcedds_c:/home/ngy/micro_ros/install/microcdr:/home/ngy/micro_ros/install/micro_ros_msgs:/home/ngy/micro_ros/install/micro_ros_setup:/home/ngy/microros_ws/install/micro_ros_agent:/home/ngy/microros_ws/install/common_interfaces:/home/ngy/microros_ws/install/visualization_msgs:/home/ngy/microros_ws/install/test_msgs:/home/ngy/microros_ws/install/micro_ros_demos_rclc:/home/ngy/microros_ws/install/example_interfaces:/home/ngy/microros_ws/install/action_msgs:/home/ngy/microros_ws/install/unique_identifier_msgs:/home/ngy/microros_ws/install/trajectory_msgs:/home/ngy/microros_ws/install/stereo_msgs:/home/ngy/microros_ws/install/std_srvs:/home/ngy/microros_ws/install/shape_msgs:/home/ngy/microros_ws/install/sensor_msgs:/home/ngy/microros_ws/install/nav_msgs:/home/ngy/microros_ws/install/diagnostic_msgs:/home/ngy/microros_ws/install/geometry_msgs:/home/ngy/microros_ws/install/actionlib_msgs:/home/ngy/microros_ws/install/std_msgs:/home/ngy/microros_ws/install/statistics_msgs:/home/ngy/microros_ws/install/rosidl_typesupport_microxrcedds_test_msg:/home/ngy/microros_ws/install/rosidl_typesupport_microxrcedds_cpp_tests:/home/ngy/microros_ws/install/rmw_microxrcedds:/home/ngy/microros_ws/install/rosidl_typesupport_microxrcedds_cpp:/home/ngy/microros_ws/install/rosidl_typesupport_microxrcedds_c_tests:/home/ngy/microros_ws/install/rosidl_typesupport_microxrcedds_c:/home/ngy/microros_ws/install/rosgraph_msgs:/home/ngy/microros_ws/install/rclc_parameter:/home/ngy/microros_ws/install/rclc:/home/ngy/microros_ws/install/composition_interfaces:/home/ngy/microros_ws/install/rcl_interfaces:/home/ngy/microros_ws/install/microxrcedds_client:/home/ngy/microros_ws/install/microcdr:/home/ngy/microros_ws/install/micro_ros_msgs:/home/ngy/microros_ws/install/micro_ros_demos_rclcpp:/home/ngy/microros_ws/install/lifecycle_msgs:/home/ngy/microros_ws/install/complex_msgs:/home/ngy/microros_ws/install/builtin_interfaces:/home/ngy/microros_ws/install/micro_ros_setup:/home/ngy/microros_ws/install/sensor_msgs_py:/opt/ros/foxy LD_LIBRARY_PATH=/home/ngy/micro_ros/install/geometry_msgs/lib:/home/ngy/micro_ros/install/std_msgs/lib:/home/ngy/micro_ros/install/builtin_interfaces/lib:${LD_LIBRARY_PATH} PYTHONPATH=/home/ngy/micro_ros/install/geometry_msgs/lib/python3.8/site-packages:/home/ngy/micro_ros/install/std_msgs/lib/python3.8/site-packages:/home/ngy/micro_ros/install/builtin_interfaces/lib/python3.8/site-packages:${PYTHONPATH} /usr/bin/cmake /home/ngy/micro_ros/src/ros2/common_interfaces/nav_msgs -DBUILD_TESTING=OFF -DBUILD_SHARED_LIBS=ON -DCMAKE_INSTALL_PREFIX=/home/ngy/micro_ros/install/nav_msgs
[4.967s] Invoking command in '/home/ngy/micro_ros/build/nav_msgs': AMENT_PREFIX_PATH=/home/ngy/micro_ros/install/geometry_msgs:/home/ngy/micro_ros/install/std_msgs:/home/ngy/micro_ros/install/builtin_interfaces:${AMENT_PREFIX_PATH} CMAKE_PREFIX_PATH=/home/ngy/micro_ros/install/geometry_msgs:/home/ngy/micro_ros/install/std_msgs:/home/ngy/micro_ros/install/builtin_interfaces:/home/ngy/micro_ros/install/rosidl_typesupport_microxrcedds_cpp:/home/ngy/micro_ros/install/rosidl_typesupport_microxrcedds_c:/home/ngy/micro_ros/install/microcdr:/home/ngy/micro_ros/install/micro_ros_msgs:/home/ngy/micro_ros/install/micro_ros_setup:/home/ngy/microros_ws/install/micro_ros_agent:/home/ngy/microros_ws/install/common_interfaces:/home/ngy/microros_ws/install/visualization_msgs:/home/ngy/microros_ws/install/test_msgs:/home/ngy/microros_ws/install/micro_ros_demos_rclc:/home/ngy/microros_ws/install/example_interfaces:/home/ngy/microros_ws/install/action_msgs:/home/ngy/microros_ws/install/unique_identifier_msgs:/home/ngy/microros_ws/install/trajectory_msgs:/home/ngy/microros_ws/install/stereo_msgs:/home/ngy/microros_ws/install/std_srvs:/home/ngy/microros_ws/install/shape_msgs:/home/ngy/microros_ws/install/sensor_msgs:/home/ngy/microros_ws/install/nav_msgs:/home/ngy/microros_ws/install/diagnostic_msgs:/home/ngy/microros_ws/install/geometry_msgs:/home/ngy/microros_ws/install/actionlib_msgs:/home/ngy/microros_ws/install/std_msgs:/home/ngy/microros_ws/install/statistics_msgs:/home/ngy/microros_ws/install/rosidl_typesupport_microxrcedds_test_msg:/home/ngy/microros_ws/install/rosidl_typesupport_microxrcedds_cpp_tests:/home/ngy/microros_ws/install/rmw_microxrcedds:/home/ngy/microros_ws/install/rosidl_typesupport_microxrcedds_cpp:/home/ngy/microros_ws/install/rosidl_typesupport_microxrcedds_c_tests:/home/ngy/microros_ws/install/rosidl_typesupport_microxrcedds_c:/home/ngy/microros_ws/install/rosgraph_msgs:/home/ngy/microros_ws/install/rclc_parameter:/home/ngy/microros_ws/install/rclc:/home/ngy/microros_ws/install/composition_interfaces:/home/ngy/microros_ws/install/rcl_interfaces:/home/ngy/microros_ws/install/microxrcedds_client:/home/ngy/microros_ws/install/microcdr:/home/ngy/microros_ws/install/micro_ros_msgs:/home/ngy/microros_ws/install/micro_ros_demos_rclcpp:/home/ngy/microros_ws/install/lifecycle_msgs:/home/ngy/microros_ws/install/complex_msgs:/home/ngy/microros_ws/install/builtin_interfaces:/home/ngy/microros_ws/install/micro_ros_setup:/home/ngy/microros_ws/install/sensor_msgs_py:/opt/ros/foxy LD_LIBRARY_PATH=/home/ngy/micro_ros/install/geometry_msgs/lib:/home/ngy/micro_ros/install/std_msgs/lib:/home/ngy/micro_ros/install/builtin_interfaces/lib:${LD_LIBRARY_PATH} PYTHONPATH=/home/ngy/micro_ros/install/geometry_msgs/lib/python3.8/site-packages:/home/ngy/micro_ros/install/std_msgs/lib/python3.8/site-packages:/home/ngy/micro_ros/install/builtin_interfaces/lib/python3.8/site-packages:${PYTHONPATH} /usr/bin/cmake --build /home/ngy/micro_ros/build/nav_msgs -- -j12 -l12
[6.309s] [  1%] [34m[1mGenerating C code for ROS interfaces[0m
[6.309s] [35m[1mScanning dependencies of target nav_msgs__cpp[0m
[6.310s] [  1%] [34m[1mGenerating C++ code for ROS interfaces[0m
[11.992s] [35m[1mScanning dependencies of target nav_msgs__rosidl_generator_c[0m
[12.133s] [  1%] [32mBuilding C object CMakeFiles/nav_msgs__rosidl_generator_c.dir/rosidl_generator_c/nav_msgs/msg/detail/grid_cells__functions.c.o[0m
[12.450s] [  2%] [32mBuilding C object CMakeFiles/nav_msgs__rosidl_generator_c.dir/rosidl_generator_c/nav_msgs/srv/detail/set_map__functions.c.o[0m
[12.928s] [  3%] [32mBuilding C object CMakeFiles/nav_msgs__rosidl_generator_c.dir/rosidl_generator_c/nav_msgs/srv/detail/get_plan__functions.c.o[0m
[13.420s] [  4%] [32mBuilding C object CMakeFiles/nav_msgs__rosidl_generator_c.dir/rosidl_generator_c/nav_msgs/srv/detail/get_map__functions.c.o[0m
[13.970s] [  5%] [32mBuilding C object CMakeFiles/nav_msgs__rosidl_generator_c.dir/rosidl_generator_c/nav_msgs/msg/detail/path__functions.c.o[0m
[14.160s] [  5%] Built target nav_msgs__cpp
[14.445s] [  6%] [32mBuilding C object CMakeFiles/nav_msgs__rosidl_generator_c.dir/rosidl_generator_c/nav_msgs/msg/detail/odometry__functions.c.o[0m
[14.773s] [  7%] [32mBuilding C object CMakeFiles/nav_msgs__rosidl_generator_c.dir/rosidl_generator_c/nav_msgs/msg/detail/occupancy_grid__functions.c.o[0m
[15.226s] [  8%] [32mBuilding C object CMakeFiles/nav_msgs__rosidl_generator_c.dir/rosidl_generator_c/nav_msgs/msg/detail/map_meta_data__functions.c.o[0m
[15.704s] [  9%] [32m[1mLinking C shared library libnav_msgs__rosidl_generator_c.so[0m
[16.058s] [  9%] Built target nav_msgs__rosidl_generator_c
[16.209s] [ 10%] [34m[1mGenerating C++ type support for eProsima Fast-RTPS[0m
[20.513s] [35m[1mScanning dependencies of target nav_msgs__rosidl_typesupport_fastrtps_cpp[0m
[20.577s] [ 11%] [32mBuilding CXX object CMakeFiles/nav_msgs__rosidl_typesupport_fastrtps_cpp.dir/rosidl_typesupport_fastrtps_cpp/nav_msgs/msg/detail/dds_fastrtps/grid_cells__type_support.cpp.o[0m
[21.585s] [ 12%] [32mBuilding CXX object CMakeFiles/nav_msgs__rosidl_typesupport_fastrtps_cpp.dir/rosidl_typesupport_fastrtps_cpp/nav_msgs/srv/detail/dds_fastrtps/get_map__type_support.cpp.o[0m
[22.658s] [ 13%] [32mBuilding CXX object CMakeFiles/nav_msgs__rosidl_typesupport_fastrtps_cpp.dir/rosidl_typesupport_fastrtps_cpp/nav_msgs/srv/detail/dds_fastrtps/get_plan__type_support.cpp.o[0m
[23.624s] [ 14%] [32mBuilding CXX object CMakeFiles/nav_msgs__rosidl_typesupport_fastrtps_cpp.dir/rosidl_typesupport_fastrtps_cpp/nav_msgs/srv/detail/dds_fastrtps/set_map__type_support.cpp.o[0m
[24.548s] [ 14%] [32mBuilding CXX object CMakeFiles/nav_msgs__rosidl_typesupport_fastrtps_cpp.dir/rosidl_typesupport_fastrtps_cpp/nav_msgs/msg/detail/dds_fastrtps/path__type_support.cpp.o[0m
[25.447s] [ 15%] [32mBuilding CXX object CMakeFiles/nav_msgs__rosidl_typesupport_fastrtps_cpp.dir/rosidl_typesupport_fastrtps_cpp/nav_msgs/msg/detail/dds_fastrtps/odometry__type_support.cpp.o[0m
[26.065s] [ 16%] [32mBuilding CXX object CMakeFiles/nav_msgs__rosidl_typesupport_fastrtps_cpp.dir/rosidl_typesupport_fastrtps_cpp/nav_msgs/msg/detail/dds_fastrtps/occupancy_grid__type_support.cpp.o[0m
[26.843s] [ 17%] [32mBuilding CXX object CMakeFiles/nav_msgs__rosidl_typesupport_fastrtps_cpp.dir/rosidl_typesupport_fastrtps_cpp/nav_msgs/msg/detail/dds_fastrtps/map_meta_data__type_support.cpp.o[0m
[27.540s] [ 18%] [32m[1mLinking CXX shared library libnav_msgs__rosidl_typesupport_fastrtps_cpp.so[0m
[27.714s] [ 18%] Built target nav_msgs__rosidl_typesupport_fastrtps_cpp
[27.737s] [ 19%] [34m[1mGenerating C type support dispatch for ROS interfaces[0m
[29.123s] [35m[1mScanning dependencies of target nav_msgs__rosidl_typesupport_c[0m
[29.153s] [ 20%] [32mBuilding CXX object CMakeFiles/nav_msgs__rosidl_typesupport_c.dir/rosidl_typesupport_c/nav_msgs/msg/grid_cells__type_support.cpp.o[0m
[29.212s] [ 21%] [32mBuilding CXX object CMakeFiles/nav_msgs__rosidl_typesupport_c.dir/rosidl_typesupport_c/nav_msgs/srv/get_map__type_support.cpp.o[0m
[29.296s] [ 22%] [32mBuilding CXX object CMakeFiles/nav_msgs__rosidl_typesupport_c.dir/rosidl_typesupport_c/nav_msgs/srv/get_plan__type_support.cpp.o[0m
[29.369s] [ 23%] [32mBuilding CXX object CMakeFiles/nav_msgs__rosidl_typesupport_c.dir/rosidl_typesupport_c/nav_msgs/srv/set_map__type_support.cpp.o[0m
[29.426s] [ 24%] [32mBuilding CXX object CMakeFiles/nav_msgs__rosidl_typesupport_c.dir/rosidl_typesupport_c/nav_msgs/msg/path__type_support.cpp.o[0m
[29.484s] [ 25%] [32mBuilding CXX object CMakeFiles/nav_msgs__rosidl_typesupport_c.dir/rosidl_typesupport_c/nav_msgs/msg/odometry__type_support.cpp.o[0m
[29.570s] [ 25%] [32mBuilding CXX object CMakeFiles/nav_msgs__rosidl_typesupport_c.dir/rosidl_typesupport_c/nav_msgs/msg/occupancy_grid__type_support.cpp.o[0m
[29.656s] [ 26%] [32mBuilding CXX object CMakeFiles/nav_msgs__rosidl_typesupport_c.dir/rosidl_typesupport_c/nav_msgs/msg/map_meta_data__type_support.cpp.o[0m
[29.730s] [ 27%] [32m[1mLinking CXX shared library libnav_msgs__rosidl_typesupport_c.so[0m
[29.820s] [ 27%] Built target nav_msgs__rosidl_typesupport_c
[29.845s] [ 28%] [34m[1mGenerating C type support for eProsima Fast-RTPS[0m
[31.475s] [35m[1mScanning dependencies of target nav_msgs__rosidl_typesupport_fastrtps_c[0m
[31.541s] [ 29%] [32mBuilding CXX object CMakeFiles/nav_msgs__rosidl_typesupport_fastrtps_c.dir/rosidl_typesupport_fastrtps_c/nav_msgs/msg/detail/grid_cells__type_support_c.cpp.o[0m
[32.330s] [ 30%] [32mBuilding CXX object CMakeFiles/nav_msgs__rosidl_typesupport_fastrtps_c.dir/rosidl_typesupport_fastrtps_c/nav_msgs/srv/detail/get_plan__type_support_c.cpp.o[0m
[33.143s] [ 31%] [32mBuilding CXX object CMakeFiles/nav_msgs__rosidl_typesupport_fastrtps_c.dir/rosidl_typesupport_fastrtps_c/nav_msgs/srv/detail/set_map__type_support_c.cpp.o[0m
[33.710s] [ 32%] [32mBuilding CXX object CMakeFiles/nav_msgs__rosidl_typesupport_fastrtps_c.dir/rosidl_typesupport_fastrtps_c/nav_msgs/srv/detail/get_map__type_support_c.cpp.o[0m
[34.241s] [ 32%] [32mBuilding CXX object CMakeFiles/nav_msgs__rosidl_typesupport_fastrtps_c.dir/rosidl_typesupport_fastrtps_c/nav_msgs/msg/detail/path__type_support_c.cpp.o[0m
[34.841s] [ 33%] [32mBuilding CXX object CMakeFiles/nav_msgs__rosidl_typesupport_fastrtps_c.dir/rosidl_typesupport_fastrtps_c/nav_msgs/msg/detail/odometry__type_support_c.cpp.o[0m
[35.350s] [ 34%] [32mBuilding CXX object CMakeFiles/nav_msgs__rosidl_typesupport_fastrtps_c.dir/rosidl_typesupport_fastrtps_c/nav_msgs/msg/detail/occupancy_grid__type_support_c.cpp.o[0m
[35.848s] [ 35%] [32mBuilding CXX object CMakeFiles/nav_msgs__rosidl_typesupport_fastrtps_c.dir/rosidl_typesupport_fastrtps_c/nav_msgs/msg/detail/map_meta_data__type_support_c.cpp.o[0m
[36.348s] [ 36%] [32m[1mLinking CXX shared library libnav_msgs__rosidl_typesupport_fastrtps_c.so[0m
[36.494s] [ 36%] Built target nav_msgs__rosidl_typesupport_fastrtps_c
[36.515s] [ 37%] [34m[1mGenerating C introspection for ROS interfaces[0m
[37.788s] [35m[1mScanning dependencies of target nav_msgs__rosidl_typesupport_introspection_c[0m
[37.820s] [ 38%] [32mBuilding C object CMakeFiles/nav_msgs__rosidl_typesupport_introspection_c.dir/rosidl_typesupport_introspection_c/nav_msgs/msg/detail/grid_cells__type_support.c.o[0m
[37.874s] [ 39%] [32mBuilding C object CMakeFiles/nav_msgs__rosidl_typesupport_introspection_c.dir/rosidl_typesupport_introspection_c/nav_msgs/srv/detail/set_map__type_support.c.o[0m
[37.929s] [ 39%] [32mBuilding C object CMakeFiles/nav_msgs__rosidl_typesupport_introspection_c.dir/rosidl_typesupport_introspection_c/nav_msgs/srv/detail/get_plan__type_support.c.o[0m
[37.986s] [ 40%] [32mBuilding C object CMakeFiles/nav_msgs__rosidl_typesupport_introspection_c.dir/rosidl_typesupport_introspection_c/nav_msgs/srv/detail/get_map__type_support.c.o[0m
[38.042s] [ 41%] [32mBuilding C object CMakeFiles/nav_msgs__rosidl_typesupport_introspection_c.dir/rosidl_typesupport_introspection_c/nav_msgs/msg/detail/path__type_support.c.o[0m
[38.098s] [ 42%] [32mBuilding C object CMakeFiles/nav_msgs__rosidl_typesupport_introspection_c.dir/rosidl_typesupport_introspection_c/nav_msgs/msg/detail/odometry__type_support.c.o[0m
[38.152s] [ 43%] [32mBuilding C object CMakeFiles/nav_msgs__rosidl_typesupport_introspection_c.dir/rosidl_typesupport_introspection_c/nav_msgs/msg/detail/occupancy_grid__type_support.c.o[0m
[38.208s] [ 44%] [32mBuilding C object CMakeFiles/nav_msgs__rosidl_typesupport_introspection_c.dir/rosidl_typesupport_introspection_c/nav_msgs/msg/detail/map_meta_data__type_support.c.o[0m
[38.260s] [ 45%] [32m[1mLinking C shared library libnav_msgs__rosidl_typesupport_introspection_c.so[0m
[38.316s] [ 45%] Built target nav_msgs__rosidl_typesupport_introspection_c
[38.335s] [ 46%] [34m[1mGenerating C type support for eProsima Micro XRCE-DDS[0m
[39.546s] [35m[1mScanning dependencies of target nav_msgs__rosidl_typesupport_microxrcedds_c[0m
[39.577s] [ 47%] [32mBuilding C object CMakeFiles/nav_msgs__rosidl_typesupport_microxrcedds_c.dir/rosidl_typesupport_microxrcedds_c/nav_msgs/msg/detail/microxrcedds/grid_cells__type_support_c.c.o[0m
[39.651s] [ 48%] [32mBuilding C object CMakeFiles/nav_msgs__rosidl_typesupport_microxrcedds_c.dir/rosidl_typesupport_microxrcedds_c/nav_msgs/srv/detail/microxrcedds/set_map__type_support_c.c.o[0m
[39.722s] [ 49%] [32mBuilding C object CMakeFiles/nav_msgs__rosidl_typesupport_microxrcedds_c.dir/rosidl_typesupport_microxrcedds_c/nav_msgs/srv/detail/microxrcedds/get_plan__type_support_c.c.o[0m
[39.801s] [ 50%] [32mBuilding C object CMakeFiles/nav_msgs__rosidl_typesupport_microxrcedds_c.dir/rosidl_typesupport_microxrcedds_c/nav_msgs/srv/detail/microxrcedds/get_map__type_support_c.c.o[0m
[39.867s] [ 51%] [32mBuilding C object CMakeFiles/nav_msgs__rosidl_typesupport_microxrcedds_c.dir/rosidl_typesupport_microxrcedds_c/nav_msgs/msg/detail/microxrcedds/path__type_support_c.c.o[0m
[39.934s] [ 52%] [32mBuilding C object CMakeFiles/nav_msgs__rosidl_typesupport_microxrcedds_c.dir/rosidl_typesupport_microxrcedds_c/nav_msgs/msg/detail/microxrcedds/odometry__type_support_c.c.o[0m
[40.002s] [ 53%] [32mBuilding C object CMakeFiles/nav_msgs__rosidl_typesupport_microxrcedds_c.dir/rosidl_typesupport_microxrcedds_c/nav_msgs/msg/detail/microxrcedds/occupancy_grid__type_support_c.c.o[0m
[40.068s] [ 54%] [32mBuilding C object CMakeFiles/nav_msgs__rosidl_typesupport_microxrcedds_c.dir/rosidl_typesupport_microxrcedds_c/nav_msgs/msg/detail/microxrcedds/map_meta_data__type_support_c.c.o[0m
[40.135s] [ 54%] [32m[1mLinking C shared library libnav_msgs__rosidl_typesupport_microxrcedds_c.so[0m
[40.199s] [ 54%] Built target nav_msgs__rosidl_typesupport_microxrcedds_c
[40.217s] [ 55%] [34m[1mGenerating C++ type support dispatch for ROS interfaces[0m
[41.183s] [35m[1mScanning dependencies of target nav_msgs__rosidl_typesupport_cpp[0m
[41.210s] [ 56%] [32mBuilding CXX object CMakeFiles/nav_msgs__rosidl_typesupport_cpp.dir/rosidl_typesupport_cpp/nav_msgs/msg/grid_cells__type_support.cpp.o[0m
[41.573s] [ 57%] [32mBuilding CXX object CMakeFiles/nav_msgs__rosidl_typesupport_cpp.dir/rosidl_typesupport_cpp/nav_msgs/srv/set_map__type_support.cpp.o[0m
[41.962s] [ 58%] [32mBuilding CXX object CMakeFiles/nav_msgs__rosidl_typesupport_cpp.dir/rosidl_typesupport_cpp/nav_msgs/srv/get_plan__type_support.cpp.o[0m
[42.334s] [ 59%] [32mBuilding CXX object CMakeFiles/nav_msgs__rosidl_typesupport_cpp.dir/rosidl_typesupport_cpp/nav_msgs/srv/get_map__type_support.cpp.o[0m
[42.696s] [ 60%] [32mBuilding CXX object CMakeFiles/nav_msgs__rosidl_typesupport_cpp.dir/rosidl_typesupport_cpp/nav_msgs/msg/path__type_support.cpp.o[0m
[43.063s] [ 61%] [32mBuilding CXX object CMakeFiles/nav_msgs__rosidl_typesupport_cpp.dir/rosidl_typesupport_cpp/nav_msgs/msg/odometry__type_support.cpp.o[0m
[43.435s] [ 61%] [32mBuilding CXX object CMakeFiles/nav_msgs__rosidl_typesupport_cpp.dir/rosidl_typesupport_cpp/nav_msgs/msg/occupancy_grid__type_support.cpp.o[0m
[43.795s] [ 62%] [32mBuilding CXX object CMakeFiles/nav_msgs__rosidl_typesupport_cpp.dir/rosidl_typesupport_cpp/nav_msgs/msg/map_meta_data__type_support.cpp.o[0m
[44.149s] [ 63%] [32m[1mLinking CXX shared library libnav_msgs__rosidl_typesupport_cpp.so[0m
[44.217s] [ 63%] Built target nav_msgs__rosidl_typesupport_cpp
[44.235s] [ 64%] [34m[1mGenerating C++ type support for eProsima Micro XRCE-DDS[0m
[45.452s] [35m[1mScanning dependencies of target nav_msgs__rosidl_typesupport_microxrcedds_cpp[0m
[45.486s] [ 65%] [32mBuilding CXX object CMakeFiles/nav_msgs__rosidl_typesupport_microxrcedds_cpp.dir/rosidl_typesupport_microxrcedds_cpp/nav_msgs/msg/detail/microxrcedds/grid_cells__type_support_cpp.cpp.o[0m
[45.917s] [ 66%] [32mBuilding CXX object CMakeFiles/nav_msgs__rosidl_typesupport_microxrcedds_cpp.dir/rosidl_typesupport_microxrcedds_cpp/nav_msgs/srv/detail/microxrcedds/set_map__type_support_cpp.cpp.o[0m
[46.340s] [ 67%] [32mBuilding CXX object CMakeFiles/nav_msgs__rosidl_typesupport_microxrcedds_cpp.dir/rosidl_typesupport_microxrcedds_cpp/nav_msgs/srv/detail/microxrcedds/get_plan__type_support_cpp.cpp.o[0m
[46.740s] [ 68%] [32mBuilding CXX object CMakeFiles/nav_msgs__rosidl_typesupport_microxrcedds_cpp.dir/rosidl_typesupport_microxrcedds_cpp/nav_msgs/srv/detail/microxrcedds/get_map__type_support_cpp.cpp.o[0m
[47.142s] [ 69%] [32mBuilding CXX object CMakeFiles/nav_msgs__rosidl_typesupport_microxrcedds_cpp.dir/rosidl_typesupport_microxrcedds_cpp/nav_msgs/msg/detail/microxrcedds/path__type_support_cpp.cpp.o[0m
[47.583s] [ 70%] [32mBuilding CXX object CMakeFiles/nav_msgs__rosidl_typesupport_microxrcedds_cpp.dir/rosidl_typesupport_microxrcedds_cpp/nav_msgs/msg/detail/microxrcedds/odometry__type_support_cpp.cpp.o[0m
[47.977s] [ 72%] [32mBuilding CXX object CMakeFiles/nav_msgs__rosidl_typesupport_microxrcedds_cpp.dir/rosidl_typesupport_microxrcedds_cpp/nav_msgs/msg/detail/microxrcedds/occupancy_grid__type_support_cpp.cpp.o[0m
[47.977s] [ 72%] [32mBuilding CXX object CMakeFiles/nav_msgs__rosidl_typesupport_microxrcedds_cpp.dir/rosidl_typesupport_microxrcedds_cpp/nav_msgs/msg/detail/microxrcedds/map_meta_data__type_support_cpp.cpp.o[0m
[48.444s] [ 73%] [32m[1mLinking CXX shared library libnav_msgs__rosidl_typesupport_microxrcedds_cpp.so[0m
[48.569s] [ 73%] Built target nav_msgs__rosidl_typesupport_microxrcedds_cpp
[48.588s] [ 74%] [34m[1mGenerating C++ introspection for ROS interfaces[0m
[49.723s] [35m[1mScanning dependencies of target nav_msgs__rosidl_typesupport_introspection_cpp[0m
[49.762s] [ 75%] [32mBuilding CXX object CMakeFiles/nav_msgs__rosidl_typesupport_introspection_cpp.dir/rosidl_typesupport_introspection_cpp/nav_msgs/msg/detail/map_meta_data__type_support.cpp.o[0m
[49.762s] [ 76%] [32mBuilding CXX object CMakeFiles/nav_msgs__rosidl_typesupport_introspection_cpp.dir/rosidl_typesupport_introspection_cpp/nav_msgs/msg/detail/grid_cells__type_support.cpp.o[0m
[50.238s] [ 77%] [32mBuilding CXX object CMakeFiles/nav_msgs__rosidl_typesupport_introspection_cpp.dir/rosidl_typesupport_introspection_cpp/nav_msgs/srv/detail/set_map__type_support.cpp.o[0m
[50.489s] [ 77%] [32mBuilding CXX object CMakeFiles/nav_msgs__rosidl_typesupport_introspection_cpp.dir/rosidl_typesupport_introspection_cpp/nav_msgs/srv/detail/get_plan__type_support.cpp.o[0m
[50.867s] [ 78%] [32mBuilding CXX object CMakeFiles/nav_msgs__rosidl_typesupport_introspection_cpp.dir/rosidl_typesupport_introspection_cpp/nav_msgs/srv/detail/get_map__type_support.cpp.o[0m
[51.113s] [ 79%] [32mBuilding CXX object CMakeFiles/nav_msgs__rosidl_typesupport_introspection_cpp.dir/rosidl_typesupport_introspection_cpp/nav_msgs/msg/detail/path__type_support.cpp.o[0m
[51.447s] [ 80%] [32mBuilding CXX object CMakeFiles/nav_msgs__rosidl_typesupport_introspection_cpp.dir/rosidl_typesupport_introspection_cpp/nav_msgs/msg/detail/odometry__type_support.cpp.o[0m
[51.889s] [ 81%] [32mBuilding CXX object CMakeFiles/nav_msgs__rosidl_typesupport_introspection_cpp.dir/rosidl_typesupport_introspection_cpp/nav_msgs/msg/detail/occupancy_grid__type_support.cpp.o[0m
[52.576s] [ 82%] [32m[1mLinking CXX shared library libnav_msgs__rosidl_typesupport_introspection_cpp.so[0m
[52.733s] [ 82%] Built target nav_msgs__rosidl_typesupport_introspection_cpp
[52.752s] [35m[1mScanning dependencies of target nav_msgs[0m
[52.773s] [ 82%] Built target nav_msgs
[52.793s] [35m[1mScanning dependencies of target nav_msgs__py[0m
[52.815s] [ 83%] [34m[1mGenerating Python code for ROS interfaces[0m
[55.518s] [ 83%] Built target nav_msgs__py
[55.538s] [35m[1mScanning dependencies of target nav_msgs__python[0m
[55.604s] [ 84%] [32mBuilding C object CMakeFiles/nav_msgs__python.dir/rosidl_generator_py/nav_msgs/msg/_map_meta_data_s.c.o[0m
[55.605s] [ 85%] [32mBuilding C object CMakeFiles/nav_msgs__python.dir/rosidl_generator_py/nav_msgs/msg/_grid_cells_s.c.o[0m
[55.605s] [ 86%] [32mBuilding C object CMakeFiles/nav_msgs__python.dir/rosidl_generator_py/nav_msgs/msg/_occupancy_grid_s.c.o[0m
[55.761s] [ 87%] [32mBuilding C object CMakeFiles/nav_msgs__python.dir/rosidl_generator_py/nav_msgs/srv/_set_map_s.c.o[0m
[55.768s] [ 88%] [32mBuilding C object CMakeFiles/nav_msgs__python.dir/rosidl_generator_py/nav_msgs/srv/_get_plan_s.c.o[0m
[55.831s] [ 89%] [32mBuilding C object CMakeFiles/nav_msgs__python.dir/rosidl_generator_py/nav_msgs/srv/_get_map_s.c.o[0m
[55.842s] [ 90%] [32mBuilding C object CMakeFiles/nav_msgs__python.dir/rosidl_generator_py/nav_msgs/msg/_path_s.c.o[0m
[55.932s] [ 91%] [32mBuilding C object CMakeFiles/nav_msgs__python.dir/rosidl_generator_py/nav_msgs/msg/_odometry_s.c.o[0m
[56.093s] [ 92%] [32m[1mLinking C shared library rosidl_generator_py/nav_msgs/libnav_msgs__python.so[0m
[56.177s] [ 92%] Built target nav_msgs__python
[56.199s] [35m[1mScanning dependencies of target nav_msgs__rosidl_typesupport_fastrtps_c__pyext[0m
[56.204s] [35m[1mScanning dependencies of target nav_msgs__rosidl_typesupport_microxrcedds_c__pyext[0m
[56.205s] [35m[1mScanning dependencies of target nav_msgs__rosidl_typesupport_c__pyext[0m
[56.245s] [ 93%] [32mBuilding C object CMakeFiles/nav_msgs__rosidl_typesupport_fastrtps_c__pyext.dir/rosidl_generator_py/nav_msgs/_nav_msgs_s.ep.rosidl_typesupport_fastrtps_c.c.o[0m
[56.257s] [ 95%] [32mBuilding C object CMakeFiles/nav_msgs__rosidl_typesupport_microxrcedds_c__pyext.dir/rosidl_generator_py/nav_msgs/_nav_msgs_s.ep.rosidl_typesupport_microxrcedds_c.c.o[0m
[56.257s] [ 95%] [32mBuilding C object CMakeFiles/nav_msgs__rosidl_typesupport_c__pyext.dir/rosidl_generator_py/nav_msgs/_nav_msgs_s.ep.rosidl_typesupport_c.c.o[0m
[56.450s] [ 96%] [32m[1mLinking C shared library rosidl_generator_py/nav_msgs/nav_msgs_s__rosidl_typesupport_microxrcedds_c.cpython-38-x86_64-linux-gnu.so[0m
[56.537s] [ 97%] [32m[1mLinking CXX shared library rosidl_generator_py/nav_msgs/nav_msgs_s__rosidl_typesupport_fastrtps_c.cpython-38-x86_64-linux-gnu.so[0m
[56.542s] [ 98%] [32m[1mLinking C shared library rosidl_generator_py/nav_msgs/nav_msgs_s__rosidl_typesupport_c.cpython-38-x86_64-linux-gnu.so[0m
[56.543s] [ 98%] Built target nav_msgs__rosidl_typesupport_microxrcedds_c__pyext
[56.571s] [35m[1mScanning dependencies of target nav_msgs__rosidl_typesupport_introspection_c__pyext[0m
[56.616s] [ 98%] Built target nav_msgs__rosidl_typesupport_c__pyext
[56.624s] [ 99%] [32mBuilding C object CMakeFiles/nav_msgs__rosidl_typesupport_introspection_c__pyext.dir/rosidl_generator_py/nav_msgs/_nav_msgs_s.ep.rosidl_typesupport_introspection_c.c.o[0m
[56.709s] [ 99%] Built target nav_msgs__rosidl_typesupport_fastrtps_c__pyext
[56.815s] [100%] [32m[1mLinking C shared library rosidl_generator_py/nav_msgs/nav_msgs_s__rosidl_typesupport_introspection_c.cpython-38-x86_64-linux-gnu.so[0m
[56.887s] [100%] Built target nav_msgs__rosidl_typesupport_introspection_c__pyext
[56.908s] Invoked command in '/home/ngy/micro_ros/build/nav_msgs' returned '0': AMENT_PREFIX_PATH=/home/ngy/micro_ros/install/geometry_msgs:/home/ngy/micro_ros/install/std_msgs:/home/ngy/micro_ros/install/builtin_interfaces:${AMENT_PREFIX_PATH} CMAKE_PREFIX_PATH=/home/ngy/micro_ros/install/geometry_msgs:/home/ngy/micro_ros/install/std_msgs:/home/ngy/micro_ros/install/builtin_interfaces:/home/ngy/micro_ros/install/rosidl_typesupport_microxrcedds_cpp:/home/ngy/micro_ros/install/rosidl_typesupport_microxrcedds_c:/home/ngy/micro_ros/install/microcdr:/home/ngy/micro_ros/install/micro_ros_msgs:/home/ngy/micro_ros/install/micro_ros_setup:/home/ngy/microros_ws/install/micro_ros_agent:/home/ngy/microros_ws/install/common_interfaces:/home/ngy/microros_ws/install/visualization_msgs:/home/ngy/microros_ws/install/test_msgs:/home/ngy/microros_ws/install/micro_ros_demos_rclc:/home/ngy/microros_ws/install/example_interfaces:/home/ngy/microros_ws/install/action_msgs:/home/ngy/microros_ws/install/unique_identifier_msgs:/home/ngy/microros_ws/install/trajectory_msgs:/home/ngy/microros_ws/install/stereo_msgs:/home/ngy/microros_ws/install/std_srvs:/home/ngy/microros_ws/install/shape_msgs:/home/ngy/microros_ws/install/sensor_msgs:/home/ngy/microros_ws/install/nav_msgs:/home/ngy/microros_ws/install/diagnostic_msgs:/home/ngy/microros_ws/install/geometry_msgs:/home/ngy/microros_ws/install/actionlib_msgs:/home/ngy/microros_ws/install/std_msgs:/home/ngy/microros_ws/install/statistics_msgs:/home/ngy/microros_ws/install/rosidl_typesupport_microxrcedds_test_msg:/home/ngy/microros_ws/install/rosidl_typesupport_microxrcedds_cpp_tests:/home/ngy/microros_ws/install/rmw_microxrcedds:/home/ngy/microros_ws/install/rosidl_typesupport_microxrcedds_cpp:/home/ngy/microros_ws/install/rosidl_typesupport_microxrcedds_c_tests:/home/ngy/microros_ws/install/rosidl_typesupport_microxrcedds_c:/home/ngy/microros_ws/install/rosgraph_msgs:/home/ngy/microros_ws/install/rclc_parameter:/home/ngy/microros_ws/install/rclc:/home/ngy/microros_ws/install/composition_interfaces:/home/ngy/microros_ws/install/rcl_interfaces:/home/ngy/microros_ws/install/microxrcedds_client:/home/ngy/microros_ws/install/microcdr:/home/ngy/microros_ws/install/micro_ros_msgs:/home/ngy/microros_ws/install/micro_ros_demos_rclcpp:/home/ngy/microros_ws/install/lifecycle_msgs:/home/ngy/microros_ws/install/complex_msgs:/home/ngy/microros_ws/install/builtin_interfaces:/home/ngy/microros_ws/install/micro_ros_setup:/home/ngy/microros_ws/install/sensor_msgs_py:/opt/ros/foxy LD_LIBRARY_PATH=/home/ngy/micro_ros/install/geometry_msgs/lib:/home/ngy/micro_ros/install/std_msgs/lib:/home/ngy/micro_ros/install/builtin_interfaces/lib:${LD_LIBRARY_PATH} PYTHONPATH=/home/ngy/micro_ros/install/geometry_msgs/lib/python3.8/site-packages:/home/ngy/micro_ros/install/std_msgs/lib/python3.8/site-packages:/home/ngy/micro_ros/install/builtin_interfaces/lib/python3.8/site-packages:${PYTHONPATH} /usr/bin/cmake --build /home/ngy/micro_ros/build/nav_msgs -- -j12 -l12
[57.498s] Invoking command in '/home/ngy/micro_ros/build/nav_msgs': AMENT_PREFIX_PATH=/home/ngy/micro_ros/install/geometry_msgs:/home/ngy/micro_ros/install/std_msgs:/home/ngy/micro_ros/install/builtin_interfaces:${AMENT_PREFIX_PATH} CMAKE_PREFIX_PATH=/home/ngy/micro_ros/install/geometry_msgs:/home/ngy/micro_ros/install/std_msgs:/home/ngy/micro_ros/install/builtin_interfaces:/home/ngy/micro_ros/install/rosidl_typesupport_microxrcedds_cpp:/home/ngy/micro_ros/install/rosidl_typesupport_microxrcedds_c:/home/ngy/micro_ros/install/microcdr:/home/ngy/micro_ros/install/micro_ros_msgs:/home/ngy/micro_ros/install/micro_ros_setup:/home/ngy/microros_ws/install/micro_ros_agent:/home/ngy/microros_ws/install/common_interfaces:/home/ngy/microros_ws/install/visualization_msgs:/home/ngy/microros_ws/install/test_msgs:/home/ngy/microros_ws/install/micro_ros_demos_rclc:/home/ngy/microros_ws/install/example_interfaces:/home/ngy/microros_ws/install/action_msgs:/home/ngy/microros_ws/install/unique_identifier_msgs:/home/ngy/microros_ws/install/trajectory_msgs:/home/ngy/microros_ws/install/stereo_msgs:/home/ngy/microros_ws/install/std_srvs:/home/ngy/microros_ws/install/shape_msgs:/home/ngy/microros_ws/install/sensor_msgs:/home/ngy/microros_ws/install/nav_msgs:/home/ngy/microros_ws/install/diagnostic_msgs:/home/ngy/microros_ws/install/geometry_msgs:/home/ngy/microros_ws/install/actionlib_msgs:/home/ngy/microros_ws/install/std_msgs:/home/ngy/microros_ws/install/statistics_msgs:/home/ngy/microros_ws/install/rosidl_typesupport_microxrcedds_test_msg:/home/ngy/microros_ws/install/rosidl_typesupport_microxrcedds_cpp_tests:/home/ngy/microros_ws/install/rmw_microxrcedds:/home/ngy/microros_ws/install/rosidl_typesupport_microxrcedds_cpp:/home/ngy/microros_ws/install/rosidl_typesupport_microxrcedds_c_tests:/home/ngy/microros_ws/install/rosidl_typesupport_microxrcedds_c:/home/ngy/microros_ws/install/rosgraph_msgs:/home/ngy/microros_ws/install/rclc_parameter:/home/ngy/microros_ws/install/rclc:/home/ngy/microros_ws/install/composition_interfaces:/home/ngy/microros_ws/install/rcl_interfaces:/home/ngy/microros_ws/install/microxrcedds_client:/home/ngy/microros_ws/install/microcdr:/home/ngy/microros_ws/install/micro_ros_msgs:/home/ngy/microros_ws/install/micro_ros_demos_rclcpp:/home/ngy/microros_ws/install/lifecycle_msgs:/home/ngy/microros_ws/install/complex_msgs:/home/ngy/microros_ws/install/builtin_interfaces:/home/ngy/microros_ws/install/micro_ros_setup:/home/ngy/microros_ws/install/sensor_msgs_py:/opt/ros/foxy LD_LIBRARY_PATH=/home/ngy/micro_ros/install/geometry_msgs/lib:/home/ngy/micro_ros/install/std_msgs/lib:/home/ngy/micro_ros/install/builtin_interfaces/lib:${LD_LIBRARY_PATH} PYTHONPATH=/home/ngy/micro_ros/install/geometry_msgs/lib/python3.8/site-packages:/home/ngy/micro_ros/install/std_msgs/lib/python3.8/site-packages:/home/ngy/micro_ros/install/builtin_interfaces/lib/python3.8/site-packages:${PYTHONPATH} /usr/bin/cmake --install /home/ngy/micro_ros/build/nav_msgs
[57.514s] -- Install configuration: ""
[57.514s] -- Installing: /home/ngy/micro_ros/install/nav_msgs/share/ament_index/resource_index/rosidl_interfaces/nav_msgs
[57.515s] -- Installing: /home/ngy/micro_ros/install/nav_msgs/include/nav_msgs
[57.515s] -- Installing: /home/ngy/micro_ros/install/nav_msgs/include/nav_msgs/srv
[57.515s] -- Installing: /home/ngy/micro_ros/install/nav_msgs/include/nav_msgs/srv/set_map.h
[57.515s] -- Installing: /home/ngy/micro_ros/install/nav_msgs/include/nav_msgs/srv/get_map.h
[57.515s] -- Installing: /home/ngy/micro_ros/install/nav_msgs/include/nav_msgs/srv/detail
[57.516s] -- Installing: /home/ngy/micro_ros/install/nav_msgs/include/nav_msgs/srv/detail/set_map__type_support.h
[57.516s] -- Installing: /home/ngy/micro_ros/install/nav_msgs/include/nav_msgs/srv/detail/set_map__functions.c
[57.516s] -- Installing: /home/ngy/micro_ros/install/nav_msgs/include/nav_msgs/srv/detail/get_map__functions.h
[57.516s] -- Installing: /home/ngy/micro_ros/install/nav_msgs/include/nav_msgs/srv/detail/get_map__struct.h
[57.516s] -- Installing: /home/ngy/micro_ros/install/nav_msgs/include/nav_msgs/srv/detail/get_plan__functions.h
[57.517s] -- Installing: /home/ngy/micro_ros/install/nav_msgs/include/nav_msgs/srv/detail/get_plan__functions.c
[57.517s] -- Installing: /home/ngy/micro_ros/install/nav_msgs/include/nav_msgs/srv/detail/set_map__struct.h
[57.517s] -- Installing: /home/ngy/micro_ros/install/nav_msgs/include/nav_msgs/srv/detail/get_plan__struct.h
[57.517s] -- Installing: /home/ngy/micro_ros/install/nav_msgs/include/nav_msgs/srv/detail/get_map__type_support.h
[57.517s] -- Installing: /home/ngy/micro_ros/install/nav_msgs/include/nav_msgs/srv/detail/get_plan__type_support.h
[57.518s] -- Installing: /home/ngy/micro_ros/install/nav_msgs/include/nav_msgs/srv/detail/get_map__functions.c
[57.518s] -- Installing: /home/ngy/micro_ros/install/nav_msgs/include/nav_msgs/srv/detail/set_map__functions.h
[57.518s] -- Installing: /home/ngy/micro_ros/install/nav_msgs/include/nav_msgs/srv/get_plan.h
[57.518s] -- Installing: /home/ngy/micro_ros/install/nav_msgs/include/nav_msgs/msg
[57.518s] -- Installing: /home/ngy/micro_ros/install/nav_msgs/include/nav_msgs/msg/detail
[57.519s] -- Installing: /home/ngy/micro_ros/install/nav_msgs/include/nav_msgs/msg/detail/odometry__struct.h
[57.519s] -- Installing: /home/ngy/micro_ros/install/nav_msgs/include/nav_msgs/msg/detail/path__type_support.h
[57.519s] -- Installing: /home/ngy/micro_ros/install/nav_msgs/include/nav_msgs/msg/detail/odometry__functions.c
[57.519s] -- Installing: /home/ngy/micro_ros/install/nav_msgs/include/nav_msgs/msg/detail/occupancy_grid__functions.c
[57.520s] -- Installing: /home/ngy/micro_ros/install/nav_msgs/include/nav_msgs/msg/detail/occupancy_grid__struct.h
[57.520s] -- Installing: /home/ngy/micro_ros/install/nav_msgs/include/nav_msgs/msg/detail/map_meta_data__functions.c
[57.520s] -- Installing: /home/ngy/micro_ros/install/nav_msgs/include/nav_msgs/msg/detail/grid_cells__type_support.h
[57.520s] -- Installing: /home/ngy/micro_ros/install/nav_msgs/include/nav_msgs/msg/detail/map_meta_data__type_support.h
[57.520s] -- Installing: /home/ngy/micro_ros/install/nav_msgs/include/nav_msgs/msg/detail/path__struct.h
[57.521s] -- Installing: /home/ngy/micro_ros/install/nav_msgs/include/nav_msgs/msg/detail/grid_cells__functions.c
[57.521s] -- Installing: /home/ngy/micro_ros/install/nav_msgs/include/nav_msgs/msg/detail/occupancy_grid__functions.h
[57.521s] -- Installing: /home/ngy/micro_ros/install/nav_msgs/include/nav_msgs/msg/detail/map_meta_data__struct.h
[57.521s] -- Installing: /home/ngy/micro_ros/install/nav_msgs/include/nav_msgs/msg/detail/map_meta_data__functions.h
[57.521s] -- Installing: /home/ngy/micro_ros/install/nav_msgs/include/nav_msgs/msg/detail/grid_cells__functions.h
[57.521s] -- Installing: /home/ngy/micro_ros/install/nav_msgs/include/nav_msgs/msg/detail/path__functions.h
[57.522s] -- Installing: /home/ngy/micro_ros/install/nav_msgs/include/nav_msgs/msg/detail/odometry__functions.h
[57.522s] -- Installing: /home/ngy/micro_ros/install/nav_msgs/include/nav_msgs/msg/detail/odometry__type_support.h
[57.522s] -- Installing: /home/ngy/micro_ros/install/nav_msgs/include/nav_msgs/msg/detail/occupancy_grid__type_support.h
[57.522s] -- Installing: /home/ngy/micro_ros/install/nav_msgs/include/nav_msgs/msg/detail/path__functions.c
[57.522s] -- Installing: /home/ngy/micro_ros/install/nav_msgs/include/nav_msgs/msg/detail/grid_cells__struct.h
[57.522s] -- Installing: /home/ngy/micro_ros/install/nav_msgs/include/nav_msgs/msg/occupancy_grid.h
[57.523s] -- Installing: /home/ngy/micro_ros/install/nav_msgs/include/nav_msgs/msg/map_meta_data.h
[57.523s] -- Installing: /home/ngy/micro_ros/install/nav_msgs/include/nav_msgs/msg/odometry.h
[57.523s] -- Installing: /home/ngy/micro_ros/install/nav_msgs/include/nav_msgs/msg/grid_cells.h
[57.523s] -- Installing: /home/ngy/micro_ros/install/nav_msgs/include/nav_msgs/msg/path.h
[57.523s] -- Installing: /home/ngy/micro_ros/install/nav_msgs/include/nav_msgs/msg/rosidl_generator_c__visibility_control.h
[57.524s] -- Installing: /home/ngy/micro_ros/install/nav_msgs/share/nav_msgs/environment/library_path.sh
[57.524s] -- Installing: /home/ngy/micro_ros/install/nav_msgs/share/nav_msgs/environment/library_path.dsv
[57.524s] -- Installing: /home/ngy/micro_ros/install/nav_msgs/lib/libnav_msgs__rosidl_generator_c.so
[57.524s] -- Set runtime path of "/home/ngy/micro_ros/install/nav_msgs/lib/libnav_msgs__rosidl_generator_c.so" to ""
[57.524s] -- Up-to-date: /home/ngy/micro_ros/install/nav_msgs/include/nav_msgs
[57.525s] -- Up-to-date: /home/ngy/micro_ros/install/nav_msgs/include/nav_msgs/srv
[57.525s] -- Up-to-date: /home/ngy/micro_ros/install/nav_msgs/include/nav_msgs/srv/detail
[57.525s] -- Installing: /home/ngy/micro_ros/install/nav_msgs/include/nav_msgs/srv/detail/microxrcedds
[57.525s] -- Installing: /home/ngy/micro_ros/install/nav_msgs/include/nav_msgs/srv/detail/get_plan__rosidl_typesupport_microxrcedds_c.h
[57.525s] -- Installing: /home/ngy/micro_ros/install/nav_msgs/include/nav_msgs/srv/detail/get_map__rosidl_typesupport_microxrcedds_c.h
[57.525s] -- Installing: /home/ngy/micro_ros/install/nav_msgs/include/nav_msgs/srv/detail/set_map__rosidl_typesupport_microxrcedds_c.h
[57.526s] -- Up-to-date: /home/ngy/micro_ros/install/nav_msgs/include/nav_msgs/msg
[57.526s] -- Up-to-date: /home/ngy/micro_ros/install/nav_msgs/include/nav_msgs/msg/detail
[57.526s] -- Installing: /home/ngy/micro_ros/install/nav_msgs/include/nav_msgs/msg/detail/microxrcedds
[57.526s] -- Installing: /home/ngy/micro_ros/install/nav_msgs/include/nav_msgs/msg/detail/odometry__rosidl_typesupport_microxrcedds_c.h
[57.527s] -- Installing: /home/ngy/micro_ros/install/nav_msgs/include/nav_msgs/msg/detail/path__rosidl_typesupport_microxrcedds_c.h
[57.527s] -- Installing: /home/ngy/micro_ros/install/nav_msgs/include/nav_msgs/msg/detail/grid_cells__rosidl_typesupport_microxrcedds_c.h
[57.527s] -- Installing: /home/ngy/micro_ros/install/nav_msgs/include/nav_msgs/msg/detail/map_meta_data__rosidl_typesupport_microxrcedds_c.h
[57.527s] -- Installing: /home/ngy/micro_ros/install/nav_msgs/include/nav_msgs/msg/detail/occupancy_grid__rosidl_typesupport_microxrcedds_c.h
[57.527s] -- Installing: /home/ngy/micro_ros/install/nav_msgs/include/nav_msgs/msg/rosidl_typesupport_microxrcedds_c__visibility_control.h
[57.527s] -- Installing: /home/ngy/micro_ros/install/nav_msgs/lib/libnav_msgs__rosidl_typesupport_microxrcedds_c.so
[57.528s] -- Set runtime path of "/home/ngy/micro_ros/install/nav_msgs/lib/libnav_msgs__rosidl_typesupport_microxrcedds_c.so" to ""
[57.528s] -- Up-to-date: /home/ngy/micro_ros/install/nav_msgs/include/nav_msgs
[57.528s] -- Up-to-date: /home/ngy/micro_ros/install/nav_msgs/include/nav_msgs/srv
[57.528s] -- Up-to-date: /home/ngy/micro_ros/install/nav_msgs/include/nav_msgs/srv/detail
[57.528s] -- Installing: /home/ngy/micro_ros/install/nav_msgs/include/nav_msgs/srv/detail/get_map__rosidl_typesupport_fastrtps_c.h
[57.528s] -- Installing: /home/ngy/micro_ros/install/nav_msgs/include/nav_msgs/srv/detail/set_map__rosidl_typesupport_fastrtps_c.h
[57.529s] -- Installing: /home/ngy/micro_ros/install/nav_msgs/include/nav_msgs/srv/detail/get_plan__rosidl_typesupport_fastrtps_c.h
[57.529s] -- Up-to-date: /home/ngy/micro_ros/install/nav_msgs/include/nav_msgs/msg
[57.529s] -- Up-to-date: /home/ngy/micro_ros/install/nav_msgs/include/nav_msgs/msg/detail
[57.529s] -- Installing: /home/ngy/micro_ros/install/nav_msgs/include/nav_msgs/msg/detail/odometry__rosidl_typesupport_fastrtps_c.h
[57.529s] -- Installing: /home/ngy/micro_ros/install/nav_msgs/include/nav_msgs/msg/detail/map_meta_data__rosidl_typesupport_fastrtps_c.h
[57.530s] -- Installing: /home/ngy/micro_ros/install/nav_msgs/include/nav_msgs/msg/detail/path__rosidl_typesupport_fastrtps_c.h
[57.530s] -- Installing: /home/ngy/micro_ros/install/nav_msgs/include/nav_msgs/msg/detail/occupancy_grid__rosidl_typesupport_fastrtps_c.h
[57.530s] -- Installing: /home/ngy/micro_ros/install/nav_msgs/include/nav_msgs/msg/detail/grid_cells__rosidl_typesupport_fastrtps_c.h
[57.530s] -- Installing: /home/ngy/micro_ros/install/nav_msgs/include/nav_msgs/msg/rosidl_typesupport_fastrtps_c__visibility_control.h
[57.530s] -- Installing: /home/ngy/micro_ros/install/nav_msgs/lib/libnav_msgs__rosidl_typesupport_fastrtps_c.so
[57.530s] -- Set runtime path of "/home/ngy/micro_ros/install/nav_msgs/lib/libnav_msgs__rosidl_typesupport_fastrtps_c.so" to ""
[57.531s] -- Up-to-date: /home/ngy/micro_ros/install/nav_msgs/include/nav_msgs
[57.531s] -- Up-to-date: /home/ngy/micro_ros/install/nav_msgs/include/nav_msgs/srv
[57.531s] -- Up-to-date: /home/ngy/micro_ros/install/nav_msgs/include/nav_msgs/srv/detail
[57.531s] -- Installing: /home/ngy/micro_ros/install/nav_msgs/include/nav_msgs/srv/detail/get_plan__rosidl_typesupport_fastrtps_cpp.hpp
[57.531s] -- Installing: /home/ngy/micro_ros/install/nav_msgs/include/nav_msgs/srv/detail/get_map__rosidl_typesupport_fastrtps_cpp.hpp
[57.532s] -- Installing: /home/ngy/micro_ros/install/nav_msgs/include/nav_msgs/srv/detail/set_map__rosidl_typesupport_fastrtps_cpp.hpp
[57.532s] -- Installing: /home/ngy/micro_ros/install/nav_msgs/include/nav_msgs/srv/detail/dds_fastrtps
[57.532s] -- Up-to-date: /home/ngy/micro_ros/install/nav_msgs/include/nav_msgs/msg
[57.532s] -- Installing: /home/ngy/micro_ros/install/nav_msgs/include/nav_msgs/msg/rosidl_typesupport_fastrtps_cpp__visibility_control.h
[57.532s] -- Up-to-date: /home/ngy/micro_ros/install/nav_msgs/include/nav_msgs/msg/detail
[57.533s] -- Installing: /home/ngy/micro_ros/install/nav_msgs/include/nav_msgs/msg/detail/odometry__rosidl_typesupport_fastrtps_cpp.hpp
[57.533s] -- Installing: /home/ngy/micro_ros/install/nav_msgs/include/nav_msgs/msg/detail/grid_cells__rosidl_typesupport_fastrtps_cpp.hpp
[57.533s] -- Installing: /home/ngy/micro_ros/install/nav_msgs/include/nav_msgs/msg/detail/path__rosidl_typesupport_fastrtps_cpp.hpp
[57.533s] -- Installing: /home/ngy/micro_ros/install/nav_msgs/include/nav_msgs/msg/detail/occupancy_grid__rosidl_typesupport_fastrtps_cpp.hpp
[57.533s] -- Installing: /home/ngy/micro_ros/install/nav_msgs/include/nav_msgs/msg/detail/dds_fastrtps
[57.534s] -- Installing: /home/ngy/micro_ros/install/nav_msgs/include/nav_msgs/msg/detail/map_meta_data__rosidl_typesupport_fastrtps_cpp.hpp
[57.534s] -- Installing: /home/ngy/micro_ros/install/nav_msgs/lib/libnav_msgs__rosidl_typesupport_fastrtps_cpp.so
[57.534s] -- Set runtime path of "/home/ngy/micro_ros/install/nav_msgs/lib/libnav_msgs__rosidl_typesupport_fastrtps_cpp.so" to ""
[57.534s] -- Up-to-date: /home/ngy/micro_ros/install/nav_msgs/include/nav_msgs
[57.534s] -- Up-to-date: /home/ngy/micro_ros/install/nav_msgs/include/nav_msgs/srv
[57.535s] -- Up-to-date: /home/ngy/micro_ros/install/nav_msgs/include/nav_msgs/srv/detail
[57.535s] -- Installing: /home/ngy/micro_ros/install/nav_msgs/include/nav_msgs/srv/detail/set_map__type_support.c
[57.535s] -- Installing: /home/ngy/micro_ros/install/nav_msgs/include/nav_msgs/srv/detail/set_map__rosidl_typesupport_introspection_c.h
[57.535s] -- Installing: /home/ngy/micro_ros/install/nav_msgs/include/nav_msgs/srv/detail/get_plan__rosidl_typesupport_introspection_c.h
[57.535s] -- Installing: /home/ngy/micro_ros/install/nav_msgs/include/nav_msgs/srv/detail/get_plan__type_support.c
[57.535s] -- Installing: /home/ngy/micro_ros/install/nav_msgs/include/nav_msgs/srv/detail/get_map__rosidl_typesupport_introspection_c.h
[57.536s] -- Installing: /home/ngy/micro_ros/install/nav_msgs/include/nav_msgs/srv/detail/get_map__type_support.c
[57.536s] -- Up-to-date: /home/ngy/micro_ros/install/nav_msgs/include/nav_msgs/msg
[57.536s] -- Installing: /home/ngy/micro_ros/install/nav_msgs/include/nav_msgs/msg/rosidl_typesupport_introspection_c__visibility_control.h
[57.536s] -- Up-to-date: /home/ngy/micro_ros/install/nav_msgs/include/nav_msgs/msg/detail
[57.537s] -- Installing: /home/ngy/micro_ros/install/nav_msgs/include/nav_msgs/msg/detail/path__rosidl_typesupport_introspection_c.h
[57.537s] -- Installing: /home/ngy/micro_ros/install/nav_msgs/include/nav_msgs/msg/detail/map_meta_data__type_support.c
[57.537s] -- Installing: /home/ngy/micro_ros/install/nav_msgs/include/nav_msgs/msg/detail/odometry__type_support.c
[57.537s] -- Installing: /home/ngy/micro_ros/install/nav_msgs/include/nav_msgs/msg/detail/occupancy_grid__type_support.c
[57.537s] -- Installing: /home/ngy/micro_ros/install/nav_msgs/include/nav_msgs/msg/detail/grid_cells__type_support.c
[57.538s] -- Installing: /home/ngy/micro_ros/install/nav_msgs/include/nav_msgs/msg/detail/map_meta_data__rosidl_typesupport_introspection_c.h
[57.538s] -- Installing: /home/ngy/micro_ros/install/nav_msgs/include/nav_msgs/msg/detail/grid_cells__rosidl_typesupport_introspection_c.h
[57.538s] -- Installing: /home/ngy/micro_ros/install/nav_msgs/include/nav_msgs/msg/detail/path__type_support.c
[57.538s] -- Installing: /home/ngy/micro_ros/install/nav_msgs/include/nav_msgs/msg/detail/odometry__rosidl_typesupport_introspection_c.h
[57.538s] -- Installing: /home/ngy/micro_ros/install/nav_msgs/include/nav_msgs/msg/detail/occupancy_grid__rosidl_typesupport_introspection_c.h
[57.539s] -- Installing: /home/ngy/micro_ros/install/nav_msgs/lib/libnav_msgs__rosidl_typesupport_introspection_c.so
[57.539s] -- Set runtime path of "/home/ngy/micro_ros/install/nav_msgs/lib/libnav_msgs__rosidl_typesupport_introspection_c.so" to ""
[57.539s] -- Installing: /home/ngy/micro_ros/install/nav_msgs/lib/libnav_msgs__rosidl_typesupport_c.so
[57.539s] -- Set runtime path of "/home/ngy/micro_ros/install/nav_msgs/lib/libnav_msgs__rosidl_typesupport_c.so" to ""
[57.539s] -- Up-to-date: /home/ngy/micro_ros/install/nav_msgs/include/nav_msgs
[57.540s] -- Up-to-date: /home/ngy/micro_ros/install/nav_msgs/include/nav_msgs/srv
[57.540s] -- Installing: /home/ngy/micro_ros/install/nav_msgs/include/nav_msgs/srv/set_map.hpp
[57.540s] -- Up-to-date: /home/ngy/micro_ros/install/nav_msgs/include/nav_msgs/srv/detail
[57.540s] -- Installing: /home/ngy/micro_ros/install/nav_msgs/include/nav_msgs/srv/detail/get_map__builder.hpp
[57.541s] -- Installing: /home/ngy/micro_ros/install/nav_msgs/include/nav_msgs/srv/detail/set_map__struct.hpp
[57.541s] -- Installing: /home/ngy/micro_ros/install/nav_msgs/include/nav_msgs/srv/detail/get_plan__builder.hpp
[57.541s] -- Installing: /home/ngy/micro_ros/install/nav_msgs/include/nav_msgs/srv/detail/get_plan__traits.hpp
[57.541s] -- Installing: /home/ngy/micro_ros/install/nav_msgs/include/nav_msgs/srv/detail/set_map__traits.hpp
[57.541s] -- Installing: /home/ngy/micro_ros/install/nav_msgs/include/nav_msgs/srv/detail/get_map__struct.hpp
[57.541s] -- Installing: /home/ngy/micro_ros/install/nav_msgs/include/nav_msgs/srv/detail/get_plan__struct.hpp
[57.542s] -- Installing: /home/ngy/micro_ros/install/nav_msgs/include/nav_msgs/srv/detail/get_map__traits.hpp
[57.542s] -- Installing: /home/ngy/micro_ros/install/nav_msgs/include/nav_msgs/srv/detail/set_map__builder.hpp
[57.542s] -- Installing: /home/ngy/micro_ros/install/nav_msgs/include/nav_msgs/srv/get_plan.hpp
[57.542s] -- Installing: /home/ngy/micro_ros/install/nav_msgs/include/nav_msgs/srv/get_map.hpp
[57.542s] -- Up-to-date: /home/ngy/micro_ros/install/nav_msgs/include/nav_msgs/msg
[57.543s] -- Installing: /home/ngy/micro_ros/install/nav_msgs/include/nav_msgs/msg/grid_cells.hpp
[57.543s] -- Installing: /home/ngy/micro_ros/install/nav_msgs/include/nav_msgs/msg/map_meta_data.hpp
[57.543s] -- Up-to-date: /home/ngy/micro_ros/install/nav_msgs/include/nav_msgs/msg/detail
[57.543s] -- Installing: /home/ngy/micro_ros/install/nav_msgs/include/nav_msgs/msg/detail/path__builder.hpp
[57.543s] -- Installing: /home/ngy/micro_ros/install/nav_msgs/include/nav_msgs/msg/detail/map_meta_data__struct.hpp
[57.544s] -- Installing: /home/ngy/micro_ros/install/nav_msgs/include/nav_msgs/msg/detail/odometry__builder.hpp
[57.544s] -- Installing: /home/ngy/micro_ros/install/nav_msgs/include/nav_msgs/msg/detail/occupancy_grid__struct.hpp
[57.544s] -- Installing: /home/ngy/micro_ros/install/nav_msgs/include/nav_msgs/msg/detail/odometry__struct.hpp
[57.544s] -- Installing: /home/ngy/micro_ros/install/nav_msgs/include/nav_msgs/msg/detail/path__struct.hpp
[57.544s] -- Installing: /home/ngy/micro_ros/install/nav_msgs/include/nav_msgs/msg/detail/odometry__traits.hpp
[57.544s] -- Installing: /home/ngy/micro_ros/install/nav_msgs/include/nav_msgs/msg/detail/map_meta_data__builder.hpp
[57.545s] -- Installing: /home/ngy/micro_ros/install/nav_msgs/include/nav_msgs/msg/detail/grid_cells__struct.hpp
[57.545s] -- Installing: /home/ngy/micro_ros/install/nav_msgs/include/nav_msgs/msg/detail/grid_cells__traits.hpp
[57.545s] -- Installing: /home/ngy/micro_ros/install/nav_msgs/include/nav_msgs/msg/detail/path__traits.hpp
[57.545s] -- Installing: /home/ngy/micro_ros/install/nav_msgs/include/nav_msgs/msg/detail/occupancy_grid__traits.hpp
[57.545s] -- Installing: /home/ngy/micro_ros/install/nav_msgs/include/nav_msgs/msg/detail/grid_cells__builder.hpp
[57.546s] -- Installing: /home/ngy/micro_ros/install/nav_msgs/include/nav_msgs/msg/detail/map_meta_data__traits.hpp
[57.546s] -- Installing: /home/ngy/micro_ros/install/nav_msgs/include/nav_msgs/msg/detail/occupancy_grid__builder.hpp
[57.546s] -- Installing: /home/ngy/micro_ros/install/nav_msgs/include/nav_msgs/msg/odometry.hpp
[57.546s] -- Installing: /home/ngy/micro_ros/install/nav_msgs/include/nav_msgs/msg/occupancy_grid.hpp
[57.546s] -- Installing: /home/ngy/micro_ros/install/nav_msgs/include/nav_msgs/msg/path.hpp
[57.547s] -- Up-to-date: /home/ngy/micro_ros/install/nav_msgs/include/nav_msgs
[57.547s] -- Up-to-date: /home/ngy/micro_ros/install/nav_msgs/include/nav_msgs/srv
[57.547s] -- Up-to-date: /home/ngy/micro_ros/install/nav_msgs/include/nav_msgs/srv/detail
[57.547s] -- Up-to-date: /home/ngy/micro_ros/install/nav_msgs/include/nav_msgs/srv/detail/microxrcedds
[57.547s] -- Installing: /home/ngy/micro_ros/install/nav_msgs/include/nav_msgs/srv/detail/microxrcedds/get_plan__type_support_cpp.cpp
[57.548s] -- Installing: /home/ngy/micro_ros/install/nav_msgs/include/nav_msgs/srv/detail/microxrcedds/set_map__type_support_cpp.cpp
[57.548s] -- Installing: /home/ngy/micro_ros/install/nav_msgs/include/nav_msgs/srv/detail/microxrcedds/get_map__type_support_cpp.cpp
[57.548s] -- Installing: /home/ngy/micro_ros/install/nav_msgs/include/nav_msgs/srv/detail/get_plan__rosidl_typesupport_microxrcedds_cpp.hpp
[57.548s] -- Installing: /home/ngy/micro_ros/install/nav_msgs/include/nav_msgs/srv/detail/get_map__rosidl_typesupport_microxrcedds_cpp.hpp
[57.548s] -- Installing: /home/ngy/micro_ros/install/nav_msgs/include/nav_msgs/srv/detail/set_map__rosidl_typesupport_microxrcedds_cpp.hpp
[57.548s] -- Up-to-date: /home/ngy/micro_ros/install/nav_msgs/include/nav_msgs/msg
[57.549s] -- Up-to-date: /home/ngy/micro_ros/install/nav_msgs/include/nav_msgs/msg/detail
[57.549s] -- Up-to-date: /home/ngy/micro_ros/install/nav_msgs/include/nav_msgs/msg/detail/microxrcedds
[57.549s] -- Installing: /home/ngy/micro_ros/install/nav_msgs/include/nav_msgs/msg/detail/microxrcedds/odometry__type_support_cpp.cpp
[57.549s] -- Installing: /home/ngy/micro_ros/install/nav_msgs/include/nav_msgs/msg/detail/microxrcedds/map_meta_data__type_support_cpp.cpp
[57.549s] -- Installing: /home/ngy/micro_ros/install/nav_msgs/include/nav_msgs/msg/detail/microxrcedds/occupancy_grid__type_support_cpp.cpp
[57.549s] -- Installing: /home/ngy/micro_ros/install/nav_msgs/include/nav_msgs/msg/detail/microxrcedds/grid_cells__type_support_cpp.cpp
[57.550s] -- Installing: /home/ngy/micro_ros/install/nav_msgs/include/nav_msgs/msg/detail/microxrcedds/path__type_support_cpp.cpp
[57.550s] -- Installing: /home/ngy/micro_ros/install/nav_msgs/include/nav_msgs/msg/detail/grid_cells__rosidl_typesupport_microxrcedds_cpp.hpp
[57.550s] -- Installing: /home/ngy/micro_ros/install/nav_msgs/include/nav_msgs/msg/detail/map_meta_data__rosidl_typesupport_microxrcedds_cpp.hpp
[57.550s] -- Installing: /home/ngy/micro_ros/install/nav_msgs/include/nav_msgs/msg/detail/path__rosidl_typesupport_microxrcedds_cpp.hpp
[57.550s] -- Installing: /home/ngy/micro_ros/install/nav_msgs/include/nav_msgs/msg/detail/odometry__rosidl_typesupport_microxrcedds_cpp.hpp
[57.550s] -- Installing: /home/ngy/micro_ros/install/nav_msgs/include/nav_msgs/msg/detail/occupancy_grid__rosidl_typesupport_microxrcedds_cpp.hpp
[57.550s] -- Installing: /home/ngy/micro_ros/install/nav_msgs/include/nav_msgs/msg/rosidl_typesupport_microxrcedds_cpp__visibility_control.h
[57.551s] -- Installing: /home/ngy/micro_ros/install/nav_msgs/lib/libnav_msgs__rosidl_typesupport_microxrcedds_cpp.so
[57.551s] -- Set runtime path of "/home/ngy/micro_ros/install/nav_msgs/lib/libnav_msgs__rosidl_typesupport_microxrcedds_cpp.so" to ""
[57.551s] -- Up-to-date: /home/ngy/micro_ros/install/nav_msgs/include/nav_msgs
[57.551s] -- Up-to-date: /home/ngy/micro_ros/install/nav_msgs/include/nav_msgs/srv
[57.551s] -- Up-to-date: /home/ngy/micro_ros/install/nav_msgs/include/nav_msgs/srv/detail
[57.551s] -- Installing: /home/ngy/micro_ros/install/nav_msgs/include/nav_msgs/srv/detail/get_map__rosidl_typesupport_introspection_cpp.hpp
[57.552s] -- Installing: /home/ngy/micro_ros/install/nav_msgs/include/nav_msgs/srv/detail/set_map__type_support.cpp
[57.552s] -- Installing: /home/ngy/micro_ros/install/nav_msgs/include/nav_msgs/srv/detail/set_map__rosidl_typesupport_introspection_cpp.hpp
[57.552s] -- Installing: /home/ngy/micro_ros/install/nav_msgs/include/nav_msgs/srv/detail/get_plan__rosidl_typesupport_introspection_cpp.hpp
[57.552s] -- Installing: /home/ngy/micro_ros/install/nav_msgs/include/nav_msgs/srv/detail/get_plan__type_support.cpp
[57.552s] -- Installing: /home/ngy/micro_ros/install/nav_msgs/include/nav_msgs/srv/detail/get_map__type_support.cpp
[57.552s] -- Up-to-date: /home/ngy/micro_ros/install/nav_msgs/include/nav_msgs/msg
[57.553s] -- Up-to-date: /home/ngy/micro_ros/install/nav_msgs/include/nav_msgs/msg/detail
[57.553s] -- Installing: /home/ngy/micro_ros/install/nav_msgs/include/nav_msgs/msg/detail/map_meta_data__rosidl_typesupport_introspection_cpp.hpp
[57.553s] -- Installing: /home/ngy/micro_ros/install/nav_msgs/include/nav_msgs/msg/detail/map_meta_data__type_support.cpp
[57.553s] -- Installing: /home/ngy/micro_ros/install/nav_msgs/include/nav_msgs/msg/detail/odometry__type_support.cpp
[57.553s] -- Installing: /home/ngy/micro_ros/install/nav_msgs/include/nav_msgs/msg/detail/grid_cells__type_support.cpp
[57.553s] -- Installing: /home/ngy/micro_ros/install/nav_msgs/include/nav_msgs/msg/detail/occupancy_grid__type_support.cpp
[57.553s] -- Installing: /home/ngy/micro_ros/install/nav_msgs/include/nav_msgs/msg/detail/path__rosidl_typesupport_introspection_cpp.hpp
[57.554s] -- Installing: /home/ngy/micro_ros/install/nav_msgs/include/nav_msgs/msg/detail/path__type_support.cpp
[57.554s] -- Installing: /home/ngy/micro_ros/install/nav_msgs/include/nav_msgs/msg/detail/occupancy_grid__rosidl_typesupport_introspection_cpp.hpp
[57.554s] -- Installing: /home/ngy/micro_ros/install/nav_msgs/include/nav_msgs/msg/detail/grid_cells__rosidl_typesupport_introspection_cpp.hpp
[57.554s] -- Installing: /home/ngy/micro_ros/install/nav_msgs/include/nav_msgs/msg/detail/odometry__rosidl_typesupport_introspection_cpp.hpp
[57.554s] -- Installing: /home/ngy/micro_ros/install/nav_msgs/lib/libnav_msgs__rosidl_typesupport_introspection_cpp.so
[57.554s] -- Set runtime path of "/home/ngy/micro_ros/install/nav_msgs/lib/libnav_msgs__rosidl_typesupport_introspection_cpp.so" to ""
[57.554s] -- Installing: /home/ngy/micro_ros/install/nav_msgs/lib/libnav_msgs__rosidl_typesupport_cpp.so
[57.555s] -- Set runtime path of "/home/ngy/micro_ros/install/nav_msgs/lib/libnav_msgs__rosidl_typesupport_cpp.so" to ""
[57.555s] -- Installing: /home/ngy/micro_ros/install/nav_msgs/share/nav_msgs/environment/pythonpath.sh
[57.555s] -- Installing: /home/ngy/micro_ros/install/nav_msgs/share/nav_msgs/environment/pythonpath.dsv
[57.555s] -- Installing: /home/ngy/micro_ros/install/nav_msgs/lib/python3.8/site-packages/nav_msgs/__init__.py
[57.600s] Compiling '/home/ngy/micro_ros/install/nav_msgs/lib/python3.8/site-packages/nav_msgs/__init__.py'...
[57.607s] -- Installing: /home/ngy/micro_ros/install/nav_msgs/lib/python3.8/site-packages/nav_msgs/msg
[57.607s] -- Installing: /home/ngy/micro_ros/install/nav_msgs/lib/python3.8/site-packages/nav_msgs/msg/_odometry_s.c
[57.607s] -- Installing: /home/ngy/micro_ros/install/nav_msgs/lib/python3.8/site-packages/nav_msgs/msg/_map_meta_data.py
[57.607s] -- Installing: /home/ngy/micro_ros/install/nav_msgs/lib/python3.8/site-packages/nav_msgs/msg/_map_meta_data_s.c
[57.608s] -- Installing: /home/ngy/micro_ros/install/nav_msgs/lib/python3.8/site-packages/nav_msgs/msg/_grid_cells_s.c
[57.608s] -- Installing: /home/ngy/micro_ros/install/nav_msgs/lib/python3.8/site-packages/nav_msgs/msg/_grid_cells.py
[57.608s] -- Installing: /home/ngy/micro_ros/install/nav_msgs/lib/python3.8/site-packages/nav_msgs/msg/_occupancy_grid.py
[57.608s] -- Installing: /home/ngy/micro_ros/install/nav_msgs/lib/python3.8/site-packages/nav_msgs/msg/_path.py
[57.608s] -- Installing: /home/ngy/micro_ros/install/nav_msgs/lib/python3.8/site-packages/nav_msgs/msg/_odometry.py
[57.609s] -- Installing: /home/ngy/micro_ros/install/nav_msgs/lib/python3.8/site-packages/nav_msgs/msg/__init__.py
[57.609s] -- Installing: /home/ngy/micro_ros/install/nav_msgs/lib/python3.8/site-packages/nav_msgs/msg/_occupancy_grid_s.c
[57.609s] -- Installing: /home/ngy/micro_ros/install/nav_msgs/lib/python3.8/site-packages/nav_msgs/msg/_path_s.c
[57.609s] -- Installing: /home/ngy/micro_ros/install/nav_msgs/lib/python3.8/site-packages/nav_msgs/srv
[57.609s] -- Installing: /home/ngy/micro_ros/install/nav_msgs/lib/python3.8/site-packages/nav_msgs/srv/_set_map_s.c
[57.610s] -- Installing: /home/ngy/micro_ros/install/nav_msgs/lib/python3.8/site-packages/nav_msgs/srv/_get_map.py
[57.610s] -- Installing: /home/ngy/micro_ros/install/nav_msgs/lib/python3.8/site-packages/nav_msgs/srv/_set_map.py
[57.610s] -- Installing: /home/ngy/micro_ros/install/nav_msgs/lib/python3.8/site-packages/nav_msgs/srv/_get_plan_s.c
[57.610s] -- Installing: /home/ngy/micro_ros/install/nav_msgs/lib/python3.8/site-packages/nav_msgs/srv/_get_map_s.c
[57.610s] -- Installing: /home/ngy/micro_ros/install/nav_msgs/lib/python3.8/site-packages/nav_msgs/srv/__init__.py
[57.610s] -- Installing: /home/ngy/micro_ros/install/nav_msgs/lib/python3.8/site-packages/nav_msgs/srv/_get_plan.py
[57.610s] -- Installing: /home/ngy/micro_ros/install/nav_msgs/lib/python3.8/site-packages/nav_msgs/nav_msgs_s__rosidl_typesupport_microxrcedds_c.cpython-38-x86_64-linux-gnu.so
[57.611s] -- Set runtime path of "/home/ngy/micro_ros/install/nav_msgs/lib/python3.8/site-packages/nav_msgs/nav_msgs_s__rosidl_typesupport_microxrcedds_c.cpython-38-x86_64-linux-gnu.so" to ""
[57.611s] -- Installing: /home/ngy/micro_ros/install/nav_msgs/lib/python3.8/site-packages/nav_msgs/nav_msgs_s__rosidl_typesupport_fastrtps_c.cpython-38-x86_64-linux-gnu.so
[57.612s] -- Set runtime path of "/home/ngy/micro_ros/install/nav_msgs/lib/python3.8/site-packages/nav_msgs/nav_msgs_s__rosidl_typesupport_fastrtps_c.cpython-38-x86_64-linux-gnu.so" to ""
[57.612s] -- Installing: /home/ngy/micro_ros/install/nav_msgs/lib/python3.8/site-packages/nav_msgs/nav_msgs_s__rosidl_typesupport_introspection_c.cpython-38-x86_64-linux-gnu.so
[57.613s] -- Set runtime path of "/home/ngy/micro_ros/install/nav_msgs/lib/python3.8/site-packages/nav_msgs/nav_msgs_s__rosidl_typesupport_introspection_c.cpython-38-x86_64-linux-gnu.so" to ""
[57.613s] -- Installing: /home/ngy/micro_ros/install/nav_msgs/lib/python3.8/site-packages/nav_msgs/nav_msgs_s__rosidl_typesupport_c.cpython-38-x86_64-linux-gnu.so
[57.614s] -- Set runtime path of "/home/ngy/micro_ros/install/nav_msgs/lib/python3.8/site-packages/nav_msgs/nav_msgs_s__rosidl_typesupport_c.cpython-38-x86_64-linux-gnu.so" to ""
[57.614s] -- Installing: /home/ngy/micro_ros/install/nav_msgs/lib/libnav_msgs__python.so
[57.615s] -- Set runtime path of "/home/ngy/micro_ros/install/nav_msgs/lib/libnav_msgs__python.so" to ""
[57.615s] -- Installing: /home/ngy/micro_ros/install/nav_msgs/share/nav_msgs/msg/GridCells.idl
[57.615s] -- Installing: /home/ngy/micro_ros/install/nav_msgs/share/nav_msgs/msg/MapMetaData.idl
[57.616s] -- Installing: /home/ngy/micro_ros/install/nav_msgs/share/nav_msgs/msg/OccupancyGrid.idl
[57.616s] -- Installing: /home/ngy/micro_ros/install/nav_msgs/share/nav_msgs/msg/Odometry.idl
[57.616s] -- Installing: /home/ngy/micro_ros/install/nav_msgs/share/nav_msgs/msg/Path.idl
[57.616s] -- Installing: /home/ngy/micro_ros/install/nav_msgs/share/nav_msgs/srv/GetMap.idl
[57.617s] -- Installing: /home/ngy/micro_ros/install/nav_msgs/share/nav_msgs/srv/GetPlan.idl
[57.617s] -- Installing: /home/ngy/micro_ros/install/nav_msgs/share/nav_msgs/srv/SetMap.idl
[57.617s] -- Installing: /home/ngy/micro_ros/install/nav_msgs/share/nav_msgs/msg/GridCells.msg
[57.617s] -- Installing: /home/ngy/micro_ros/install/nav_msgs/share/nav_msgs/msg/MapMetaData.msg
[57.617s] -- Installing: /home/ngy/micro_ros/install/nav_msgs/share/nav_msgs/msg/OccupancyGrid.msg
[57.618s] -- Installing: /home/ngy/micro_ros/install/nav_msgs/share/nav_msgs/msg/Odometry.msg
[57.618s] -- Installing: /home/ngy/micro_ros/install/nav_msgs/share/nav_msgs/msg/Path.msg
[57.618s] -- Installing: /home/ngy/micro_ros/install/nav_msgs/share/nav_msgs/srv/GetMap.srv
[57.618s] -- Installing: /home/ngy/micro_ros/install/nav_msgs/share/nav_msgs/srv/GetMap_Request.msg
[57.618s] -- Installing: /home/ngy/micro_ros/install/nav_msgs/share/nav_msgs/srv/GetMap_Response.msg
[57.619s] -- Installing: /home/ngy/micro_ros/install/nav_msgs/share/nav_msgs/srv/GetPlan.srv
[57.619s] -- Installing: /home/ngy/micro_ros/install/nav_msgs/share/nav_msgs/srv/GetPlan_Request.msg
[57.619s] -- Installing: /home/ngy/micro_ros/install/nav_msgs/share/nav_msgs/srv/GetPlan_Response.msg
[57.619s] -- Installing: /home/ngy/micro_ros/install/nav_msgs/share/nav_msgs/srv/SetMap.srv
[57.619s] -- Installing: /home/ngy/micro_ros/install/nav_msgs/share/nav_msgs/srv/SetMap_Request.msg
[57.620s] -- Installing: /home/ngy/micro_ros/install/nav_msgs/share/nav_msgs/srv/SetMap_Response.msg
[57.620s] -- Installing: /home/ngy/micro_ros/install/nav_msgs/share/ament_index/resource_index/package_run_dependencies/nav_msgs
[57.620s] -- Installing: /home/ngy/micro_ros/install/nav_msgs/share/ament_index/resource_index/parent_prefix_path/nav_msgs
[57.620s] -- Installing: /home/ngy/micro_ros/install/nav_msgs/share/nav_msgs/environment/ament_prefix_path.sh
[57.620s] -- Installing: /home/ngy/micro_ros/install/nav_msgs/share/nav_msgs/environment/ament_prefix_path.dsv
[57.621s] -- Installing: /home/ngy/micro_ros/install/nav_msgs/share/nav_msgs/environment/path.sh
[57.621s] -- Installing: /home/ngy/micro_ros/install/nav_msgs/share/nav_msgs/environment/path.dsv
[57.621s] -- Installing: /home/ngy/micro_ros/install/nav_msgs/share/nav_msgs/local_setup.bash
[57.621s] -- Installing: /home/ngy/micro_ros/install/nav_msgs/share/nav_msgs/local_setup.sh
[57.621s] -- Installing: /home/ngy/micro_ros/install/nav_msgs/share/nav_msgs/local_setup.zsh
[57.622s] -- Installing: /home/ngy/micro_ros/install/nav_msgs/share/nav_msgs/local_setup.dsv
[57.622s] -- Installing: /home/ngy/micro_ros/install/nav_msgs/share/nav_msgs/package.dsv
[57.622s] -- Installing: /home/ngy/micro_ros/install/nav_msgs/share/ament_index/resource_index/packages/nav_msgs
[57.622s] -- Installing: /home/ngy/micro_ros/install/nav_msgs/share/nav_msgs/cmake/nav_msgs__rosidl_generator_cExport.cmake
[57.622s] -- Installing: /home/ngy/micro_ros/install/nav_msgs/share/nav_msgs/cmake/nav_msgs__rosidl_generator_cExport-noconfig.cmake
[57.623s] -- Installing: /home/ngy/micro_ros/install/nav_msgs/share/nav_msgs/cmake/nav_msgs__rosidl_typesupport_introspection_cExport.cmake
[57.623s] -- Installing: /home/ngy/micro_ros/install/nav_msgs/share/nav_msgs/cmake/nav_msgs__rosidl_typesupport_introspection_cExport-noconfig.cmake
[57.623s] -- Installing: /home/ngy/micro_ros/install/nav_msgs/share/nav_msgs/cmake/nav_msgs__rosidl_typesupport_cExport.cmake
[57.623s] -- Installing: /home/ngy/micro_ros/install/nav_msgs/share/nav_msgs/cmake/nav_msgs__rosidl_typesupport_cExport-noconfig.cmake
[57.624s] -- Installing: /home/ngy/micro_ros/install/nav_msgs/share/nav_msgs/cmake/nav_msgs__rosidl_generator_cppExport.cmake
[57.624s] -- Installing: /home/ngy/micro_ros/install/nav_msgs/share/nav_msgs/cmake/nav_msgs__rosidl_typesupport_introspection_cppExport.cmake
[57.624s] -- Installing: /home/ngy/micro_ros/install/nav_msgs/share/nav_msgs/cmake/nav_msgs__rosidl_typesupport_introspection_cppExport-noconfig.cmake
[57.624s] -- Installing: /home/ngy/micro_ros/install/nav_msgs/share/nav_msgs/cmake/nav_msgs__rosidl_typesupport_cppExport.cmake
[57.625s] -- Installing: /home/ngy/micro_ros/install/nav_msgs/share/nav_msgs/cmake/nav_msgs__rosidl_typesupport_cppExport-noconfig.cmake
[57.625s] -- Installing: /home/ngy/micro_ros/install/nav_msgs/share/nav_msgs/cmake/rosidl_cmake-extras.cmake
[57.625s] -- Installing: /home/ngy/micro_ros/install/nav_msgs/share/nav_msgs/cmake/ament_cmake_export_dependencies-extras.cmake
[57.625s] -- Installing: /home/ngy/micro_ros/install/nav_msgs/share/nav_msgs/cmake/ament_cmake_export_libraries-extras.cmake
[57.625s] -- Installing: /home/ngy/micro_ros/install/nav_msgs/share/nav_msgs/cmake/ament_cmake_export_targets-extras.cmake
[57.626s] -- Installing: /home/ngy/micro_ros/install/nav_msgs/share/nav_msgs/cmake/ament_cmake_export_include_directories-extras.cmake
[57.626s] -- Installing: /home/ngy/micro_ros/install/nav_msgs/share/nav_msgs/cmake/rosidl_cmake_export_typesupport_libraries-extras.cmake
[57.626s] -- Installing: /home/ngy/micro_ros/install/nav_msgs/share/nav_msgs/cmake/rosidl_cmake_export_typesupport_targets-extras.cmake
[57.626s] -- Installing: /home/ngy/micro_ros/install/nav_msgs/share/nav_msgs/cmake/nav_msgsConfig.cmake
[57.626s] -- Installing: /home/ngy/micro_ros/install/nav_msgs/share/nav_msgs/cmake/nav_msgsConfig-version.cmake
[57.627s] -- Installing: /home/ngy/micro_ros/install/nav_msgs/share/nav_msgs/package.xml
[57.630s] Invoked command in '/home/ngy/micro_ros/build/nav_msgs' returned '0': AMENT_PREFIX_PATH=/home/ngy/micro_ros/install/geometry_msgs:/home/ngy/micro_ros/install/std_msgs:/home/ngy/micro_ros/install/builtin_interfaces:${AMENT_PREFIX_PATH} CMAKE_PREFIX_PATH=/home/ngy/micro_ros/install/geometry_msgs:/home/ngy/micro_ros/install/std_msgs:/home/ngy/micro_ros/install/builtin_interfaces:/home/ngy/micro_ros/install/rosidl_typesupport_microxrcedds_cpp:/home/ngy/micro_ros/install/rosidl_typesupport_microxrcedds_c:/home/ngy/micro_ros/install/microcdr:/home/ngy/micro_ros/install/micro_ros_msgs:/home/ngy/micro_ros/install/micro_ros_setup:/home/ngy/microros_ws/install/micro_ros_agent:/home/ngy/microros_ws/install/common_interfaces:/home/ngy/microros_ws/install/visualization_msgs:/home/ngy/microros_ws/install/test_msgs:/home/ngy/microros_ws/install/micro_ros_demos_rclc:/home/ngy/microros_ws/install/example_interfaces:/home/ngy/microros_ws/install/action_msgs:/home/ngy/microros_ws/install/unique_identifier_msgs:/home/ngy/microros_ws/install/trajectory_msgs:/home/ngy/microros_ws/install/stereo_msgs:/home/ngy/microros_ws/install/std_srvs:/home/ngy/microros_ws/install/shape_msgs:/home/ngy/microros_ws/install/sensor_msgs:/home/ngy/microros_ws/install/nav_msgs:/home/ngy/microros_ws/install/diagnostic_msgs:/home/ngy/microros_ws/install/geometry_msgs:/home/ngy/microros_ws/install/actionlib_msgs:/home/ngy/microros_ws/install/std_msgs:/home/ngy/microros_ws/install/statistics_msgs:/home/ngy/microros_ws/install/rosidl_typesupport_microxrcedds_test_msg:/home/ngy/microros_ws/install/rosidl_typesupport_microxrcedds_cpp_tests:/home/ngy/microros_ws/install/rmw_microxrcedds:/home/ngy/microros_ws/install/rosidl_typesupport_microxrcedds_cpp:/home/ngy/microros_ws/install/rosidl_typesupport_microxrcedds_c_tests:/home/ngy/microros_ws/install/rosidl_typesupport_microxrcedds_c:/home/ngy/microros_ws/install/rosgraph_msgs:/home/ngy/microros_ws/install/rclc_parameter:/home/ngy/microros_ws/install/rclc:/home/ngy/microros_ws/install/composition_interfaces:/home/ngy/microros_ws/install/rcl_interfaces:/home/ngy/microros_ws/install/microxrcedds_client:/home/ngy/microros_ws/install/microcdr:/home/ngy/microros_ws/install/micro_ros_msgs:/home/ngy/microros_ws/install/micro_ros_demos_rclcpp:/home/ngy/microros_ws/install/lifecycle_msgs:/home/ngy/microros_ws/install/complex_msgs:/home/ngy/microros_ws/install/builtin_interfaces:/home/ngy/microros_ws/install/micro_ros_setup:/home/ngy/microros_ws/install/sensor_msgs_py:/opt/ros/foxy LD_LIBRARY_PATH=/home/ngy/micro_ros/install/geometry_msgs/lib:/home/ngy/micro_ros/install/std_msgs/lib:/home/ngy/micro_ros/install/builtin_interfaces/lib:${LD_LIBRARY_PATH} PYTHONPATH=/home/ngy/micro_ros/install/geometry_msgs/lib/python3.8/site-packages:/home/ngy/micro_ros/install/std_msgs/lib/python3.8/site-packages:/home/ngy/micro_ros/install/builtin_interfaces/lib/python3.8/site-packages:${PYTHONPATH} /usr/bin/cmake --install /home/ngy/micro_ros/build/nav_msgs
