-- The C compiler identification is GNU 9.4.0
-- Check for working C compiler: /usr/bin/cc
-- Check for working C compiler: /usr/bin/cc -- works
-- Detecting C compiler ABI info
-- Detecting C compiler ABI info - done
-- Detecting C compile features
-- Detecting C compile features - done
-- Found ament_cmake_ros: 0.9.2 (/opt/ros/foxy/share/ament_cmake_ros/cmake)
-- Found PythonInterp: /usr/bin/python3 (found suitable version "3.8.10", minimum required is "3") 
-- Using PYTHON_EXECUTABLE: /usr/bin/python3
-- Found rcutils: 1.1.5 (/opt/ros/foxy/share/rcutils/cmake)
-- Found rosidl_runtime_c: 1.3.0 (/opt/ros/foxy/share/rosidl_runtime_c/cmake)
-- Found rmw: 1.0.4 (/opt/ros/foxy/share/rmw/cmake)
-- Found rosidl_typesupport_microxrcedds_c: 1.1.0 (/home/ngy/micro_ros/install/rosidl_typesupport_microxrcedds_c/share/rosidl_typesupport_microxrcedds_c/cmake)
-- Found rosidl_adapter: 1.3.0 (/opt/ros/foxy/share/rosidl_adapter/cmake)
-- Configuring done
-- Generating done
CMake Warning:
  Manually-specified variables were not used by the project:

    RMW_UXRCE_XML_BUFFER_LENGTH


-- Build files have been written to: /home/ngy/micro_ros/build/rmw_microxrcedds
[35m[1mScanning dependencies of target rmw_microxrcedds[0m
[  2%] [32mBuilding C object CMakeFiles/rmw_microxrcedds.dir/src/identifiers.c.o[0m
[  4%] [32mBuilding C object CMakeFiles/rmw_microxrcedds.dir/src/rmw_compare_gids_equal.c.o[0m
[  7%] [32mBuilding C object CMakeFiles/rmw_microxrcedds.dir/src/rmw_count.c.o[0m
[  9%] [32mBuilding C object CMakeFiles/rmw_microxrcedds.dir/src/rmw_event.c.o[0m
[ 11%] [32mBuilding C object CMakeFiles/rmw_microxrcedds.dir/src/rmw_get_gid_for_publisher.c.o[0m
[ 14%] [32mBuilding C object CMakeFiles/rmw_microxrcedds.dir/src/rmw_get_implementation_identifier.c.o[0m
[ 16%] [32mBuilding C object CMakeFiles/rmw_microxrcedds.dir/src/memory.c.o[0m
[ 19%] [32mBuilding C object CMakeFiles/rmw_microxrcedds.dir/src/rmw_get_topic_endpoint_info.c.o[0m
[ 21%] [32mBuilding C object CMakeFiles/rmw_microxrcedds.dir/src/rmw_client.c.o[0m
[ 23%] [32mBuilding C object CMakeFiles/rmw_microxrcedds.dir/src/rmw_get_serialization_format.c.o[0m
[ 26%] [32mBuilding C object CMakeFiles/rmw_microxrcedds.dir/src/rmw_guard_condition.c.o[0m
[ 28%] [32mBuilding C object CMakeFiles/rmw_microxrcedds.dir/src/rmw_init.c.o[0m
[ 30%] [32mBuilding C object CMakeFiles/rmw_microxrcedds.dir/src/rmw_logging.c.o[0m
[ 33%] [32mBuilding C object CMakeFiles/rmw_microxrcedds.dir/src/rmw_microxrcedds_topic.c.o[0m
[ 35%] [32mBuilding C object CMakeFiles/rmw_microxrcedds.dir/src/rmw_node_info_and_types.c.o[0m
[ 38%] [32mBuilding C object CMakeFiles/rmw_microxrcedds.dir/src/rmw_node.c.o[0m
[ 40%] [32mBuilding C object CMakeFiles/rmw_microxrcedds.dir/src/rmw_publish.c.o[0m
[ 42%] [32mBuilding C object CMakeFiles/rmw_microxrcedds.dir/src/rmw_node_names.c.o[0m
[ 45%] [32mBuilding C object CMakeFiles/rmw_microxrcedds.dir/src/rmw_serialize.c.o[0m
[ 47%] [32mBuilding C object CMakeFiles/rmw_microxrcedds.dir/src/rmw_publisher.c.o[0m
[ 50%] [32mBuilding C object CMakeFiles/rmw_microxrcedds.dir/src/rmw_response.c.o[0m
[ 52%] [32mBuilding C object CMakeFiles/rmw_microxrcedds.dir/src/rmw_request.c.o[0m
[ 54%] [32mBuilding C object CMakeFiles/rmw_microxrcedds.dir/src/rmw_service.c.o[0m
[ 57%] [32mBuilding C object CMakeFiles/rmw_microxrcedds.dir/src/rmw_service_names_and_types.c.o[0m
[ 59%] [32mBuilding C object CMakeFiles/rmw_microxrcedds.dir/src/rmw_service_server_is_available.c.o[0m
[ 61%] [32mBuilding C object CMakeFiles/rmw_microxrcedds.dir/src/rmw_subscription.c.o[0m
[ 64%] [32mBuilding C object CMakeFiles/rmw_microxrcedds.dir/src/rmw_trigger_guard_condition.c.o[0m
[ 66%] [32mBuilding C object CMakeFiles/rmw_microxrcedds.dir/src/rmw_take.c.o[0m
[ 69%] [32mBuilding C object CMakeFiles/rmw_microxrcedds.dir/src/rmw_topic_names_and_types.c.o[0m
[ 71%] [32mBuilding C object CMakeFiles/rmw_microxrcedds.dir/src/rmw_wait_set.c.o[0m
[ 73%] [32mBuilding C object CMakeFiles/rmw_microxrcedds.dir/src/rmw_wait.c.o[0m
[ 76%] [32mBuilding C object CMakeFiles/rmw_microxrcedds.dir/src/types.c.o[0m
[ 78%] [32mBuilding C object CMakeFiles/rmw_microxrcedds.dir/src/utils.c.o[0m
[ 80%] [32mBuilding C object CMakeFiles/rmw_microxrcedds.dir/src/callbacks.c.o[0m
[ 83%] [32mBuilding C object CMakeFiles/rmw_microxrcedds.dir/src/rmw_microros/continous_serialization.c.o[0m
[ 85%] [32mBuilding C object CMakeFiles/rmw_microxrcedds.dir/src/rmw_microros/init_options.c.o[0m
[ 88%] [32mBuilding C object CMakeFiles/rmw_microxrcedds.dir/src/rmw_uxrce_transports.c.o[0m
[ 90%] [32mBuilding C object CMakeFiles/rmw_microxrcedds.dir/src/rmw_microros/time_sync.c.o[0m
[ 92%] [32mBuilding C object CMakeFiles/rmw_microxrcedds.dir/src/rmw_microros/ping.c.o[0m
[ 95%] [32mBuilding C object CMakeFiles/rmw_microxrcedds.dir/src/rmw_microros/timing.c.o[0m
[ 97%] [32mBuilding C object CMakeFiles/rmw_microxrcedds.dir/src/rmw_microros/discovery.c.o[0m
[100%] [32m[1mLinking C shared library librmw_microxrcedds.so[0m
[100%] Built target rmw_microxrcedds
-- Install configuration: ""
-- Installing: /home/ngy/micro_ros/install/rmw_microxrcedds/share/rmw_microxrcedds/environment/library_path.sh
-- Installing: /home/ngy/micro_ros/install/rmw_microxrcedds/share/rmw_microxrcedds/environment/library_path.dsv
-- Installing: /home/ngy/micro_ros/install/rmw_microxrcedds/share/ament_index/resource_index/rmw_typesupport_c/rmw_microxrcedds
-- Installing: /home/ngy/micro_ros/install/rmw_microxrcedds/share/ament_index/resource_index/rmw_typesupport/rmw_microxrcedds
-- Installing: /home/ngy/micro_ros/install/rmw_microxrcedds/share/ament_index/resource_index/package_run_dependencies/rmw_microxrcedds
-- Installing: /home/ngy/micro_ros/install/rmw_microxrcedds/share/ament_index/resource_index/parent_prefix_path/rmw_microxrcedds
-- Installing: /home/ngy/micro_ros/install/rmw_microxrcedds/share/rmw_microxrcedds/environment/ament_prefix_path.sh
-- Installing: /home/ngy/micro_ros/install/rmw_microxrcedds/share/rmw_microxrcedds/environment/ament_prefix_path.dsv
-- Installing: /home/ngy/micro_ros/install/rmw_microxrcedds/share/rmw_microxrcedds/environment/path.sh
-- Installing: /home/ngy/micro_ros/install/rmw_microxrcedds/share/rmw_microxrcedds/environment/path.dsv
-- Installing: /home/ngy/micro_ros/install/rmw_microxrcedds/share/rmw_microxrcedds/local_setup.bash
-- Installing: /home/ngy/micro_ros/install/rmw_microxrcedds/share/rmw_microxrcedds/local_setup.sh
-- Installing: /home/ngy/micro_ros/install/rmw_microxrcedds/share/rmw_microxrcedds/local_setup.zsh
-- Installing: /home/ngy/micro_ros/install/rmw_microxrcedds/share/rmw_microxrcedds/local_setup.dsv
-- Installing: /home/ngy/micro_ros/install/rmw_microxrcedds/share/rmw_microxrcedds/package.dsv
-- Installing: /home/ngy/micro_ros/install/rmw_microxrcedds/share/ament_index/resource_index/packages/rmw_microxrcedds
-- Installing: /home/ngy/micro_ros/install/rmw_microxrcedds/share/rmw_microxrcedds/cmake/ament_cmake_export_include_directories-extras.cmake
-- Installing: /home/ngy/micro_ros/install/rmw_microxrcedds/share/rmw_microxrcedds/cmake/ament_cmake_export_libraries-extras.cmake
-- Installing: /home/ngy/micro_ros/install/rmw_microxrcedds/share/rmw_microxrcedds/cmake/ament_cmake_export_dependencies-extras.cmake
-- Installing: /home/ngy/micro_ros/install/rmw_microxrcedds/share/rmw_microxrcedds/cmake/rmw_microxrceddsConfig.cmake
-- Installing: /home/ngy/micro_ros/install/rmw_microxrcedds/share/rmw_microxrcedds/cmake/rmw_microxrceddsConfig-version.cmake
-- Installing: /home/ngy/micro_ros/install/rmw_microxrcedds/share/rmw_microxrcedds/package.xml
-- Up-to-date: /home/ngy/micro_ros/install/rmw_microxrcedds/include
-- Installing: /home/ngy/micro_ros/install/rmw_microxrcedds/include/rmw_microros
-- Installing: /home/ngy/micro_ros/install/rmw_microxrcedds/include/rmw_microros/continous_serialization.h
-- Installing: /home/ngy/micro_ros/install/rmw_microxrcedds/include/rmw_microros/ping.h
-- Installing: /home/ngy/micro_ros/install/rmw_microxrcedds/include/rmw_microros/discovery.h
-- Installing: /home/ngy/micro_ros/install/rmw_microxrcedds/include/rmw_microros/custom_transport.h
-- Installing: /home/ngy/micro_ros/install/rmw_microxrcedds/include/rmw_microros/error_handling.h
-- Installing: /home/ngy/micro_ros/install/rmw_microxrcedds/include/rmw_microros/rmw_microros.h
-- Installing: /home/ngy/micro_ros/install/rmw_microxrcedds/include/rmw_microros/timing.h
-- Installing: /home/ngy/micro_ros/install/rmw_microxrcedds/include/rmw_microros/init_options.h
-- Installing: /home/ngy/micro_ros/install/rmw_microxrcedds/include/rmw_microros/time_sync.h
-- Installing: /home/ngy/micro_ros/install/rmw_microxrcedds/include/rmw_microxrcedds_c
-- Installing: /home/ngy/micro_ros/install/rmw_microxrcedds/include/rmw_microxrcedds_c/rmw_c_macros.h
-- Installing: /home/ngy/micro_ros/install/rmw_microxrcedds/include/rmw_microxrcedds_c/config.h
-- Installing: /home/ngy/micro_ros/install/rmw_microxrcedds/lib/librmw_microxrcedds.so
-- Set runtime path of "/home/ngy/micro_ros/install/rmw_microxrcedds/lib/librmw_microxrcedds.so" to ""
