[0.027s] Invoking command in '/home/ngy/micro_ros/build/builtin_interfaces': CMAKE_PREFIX_PATH=${CMAKE_PREFIX_PATH}:/home/ngy/micro_ros/install/sensor_msgs_py:/home/ngy/microros_ws/install/sensor_msgs_py:/opt/ros/foxy /usr/bin/cmake /home/ngy/micro_ros/src/ros2/rcl_interfaces/builtin_interfaces -DUAGENT_BUILD_EXECUTABLE=OFF -DUAGENT_P2P_PROFILE=OFF --no-warn-unused-cli -DCMAKE_INSTALL_PREFIX=/home/ngy/micro_ros/install/builtin_interfaces
[0.042s] Not searching for unused variables given on the command line.
[0.047s] -- Found ament_cmake: 0.9.11 (/opt/ros/foxy/share/ament_cmake/cmake)
[0.074s] -- Found PythonInterp: /usr/bin/python3 (found suitable version "3.8.10", minimum required is "3") 
[0.074s] -- Using PYTHON_EXECUTABLE: /usr/bin/python3
[0.261s] -- Found rosidl_default_generators: 1.0.1 (/opt/ros/foxy/share/rosidl_default_generators/cmake)
[0.275s] -- Using all available rosidl_typesupport_c: rosidl_typesupport_microxrcedds_c;rosidl_typesupport_fastrtps_c;rosidl_typesupport_introspection_c
[0.278s] -- Found rosidl_adapter: 1.3.0 (/opt/ros/foxy/share/rosidl_adapter/cmake)
[0.435s] -- Using all available rosidl_typesupport_cpp: rosidl_typesupport_microxrcedds_cpp;rosidl_typesupport_fastrtps_cpp;rosidl_typesupport_introspection_cpp
[0.488s] -- Found PythonInterp: /usr/bin/python3 (found version "3.8.10") 
[0.624s] -- Found ament_cmake_ros: 0.9.2 (/opt/ros/foxy/share/ament_cmake_ros/cmake)
[0.752s] -- Using all available rosidl_typesupport_c: rosidl_typesupport_microxrcedds_c;rosidl_typesupport_fastrtps_c;rosidl_typesupport_introspection_c
[0.772s] -- Using all available rosidl_typesupport_cpp: rosidl_typesupport_microxrcedds_cpp;rosidl_typesupport_fastrtps_cpp;rosidl_typesupport_introspection_cpp
[0.804s] -- Found PythonInterp: /usr/bin/python3 (found suitable version "3.8.10", minimum required is "3.5") 
[0.804s] -- Found python_cmake_module: 0.8.1 (/opt/ros/foxy/share/python_cmake_module/cmake)
[0.833s] -- Using PYTHON_EXECUTABLE: /usr/bin/python3
[0.833s] -- Using PYTHON_INCLUDE_DIRS: /usr/include/python3.8
[0.833s] -- Using PYTHON_LIBRARIES: /usr/lib/x86_64-linux-gnu/libpython3.8.so
[0.883s] -- Configuring done
[0.918s] -- Generating done
[0.923s] -- Build files have been written to: /home/ngy/micro_ros/build/builtin_interfaces
[0.929s] Invoked command in '/home/ngy/micro_ros/build/builtin_interfaces' returned '0': CMAKE_PREFIX_PATH=${CMAKE_PREFIX_PATH}:/home/ngy/micro_ros/install/sensor_msgs_py:/home/ngy/microros_ws/install/sensor_msgs_py:/opt/ros/foxy /usr/bin/cmake /home/ngy/micro_ros/src/ros2/rcl_interfaces/builtin_interfaces -DUAGENT_BUILD_EXECUTABLE=OFF -DUAGENT_P2P_PROFILE=OFF --no-warn-unused-cli -DCMAKE_INSTALL_PREFIX=/home/ngy/micro_ros/install/builtin_interfaces
[0.932s] Invoking command in '/home/ngy/micro_ros/build/builtin_interfaces': CMAKE_PREFIX_PATH=${CMAKE_PREFIX_PATH}:/home/ngy/micro_ros/install/sensor_msgs_py:/home/ngy/microros_ws/install/sensor_msgs_py:/opt/ros/foxy /usr/bin/cmake --build /home/ngy/micro_ros/build/builtin_interfaces -- -j12 -l12
[1.009s] [  6%] Built target builtin_interfaces__cpp
[1.009s] [ 10%] Built target builtin_interfaces__rosidl_generator_c
[1.057s] [ 18%] Built target builtin_interfaces__rosidl_typesupport_introspection_cpp
[1.063s] [ 26%] Built target builtin_interfaces__rosidl_typesupport_microxrcedds_c
[1.067s] [ 34%] Built target builtin_interfaces__rosidl_typesupport_microxrcedds_cpp
[1.067s] [ 42%] Built target builtin_interfaces__rosidl_typesupport_c
[1.068s] [ 51%] Built target builtin_interfaces__rosidl_typesupport_fastrtps_cpp
[1.068s] [ 59%] Built target builtin_interfaces__rosidl_typesupport_introspection_c
[1.071s] [ 67%] Built target builtin_interfaces__rosidl_typesupport_cpp
[1.117s] [ 75%] Built target builtin_interfaces__rosidl_typesupport_fastrtps_c
[1.149s] [ 75%] Built target builtin_interfaces
[1.180s] [ 77%] Built target builtin_interfaces__py
[1.218s] [ 83%] Built target builtin_interfaces__python
[1.258s] [ 87%] Built target builtin_interfaces__rosidl_typesupport_c__pyext
[1.263s] [ 91%] Built target builtin_interfaces__rosidl_typesupport_fastrtps_c__pyext
[1.265s] [ 95%] Built target builtin_interfaces__rosidl_typesupport_microxrcedds_c__pyext
[1.266s] [100%] Built target builtin_interfaces__rosidl_typesupport_introspection_c__pyext
[1.281s] Invoked command in '/home/ngy/micro_ros/build/builtin_interfaces' returned '0': CMAKE_PREFIX_PATH=${CMAKE_PREFIX_PATH}:/home/ngy/micro_ros/install/sensor_msgs_py:/home/ngy/microros_ws/install/sensor_msgs_py:/opt/ros/foxy /usr/bin/cmake --build /home/ngy/micro_ros/build/builtin_interfaces -- -j12 -l12
[1.499s] Invoking command in '/home/ngy/micro_ros/build/builtin_interfaces': CMAKE_PREFIX_PATH=${CMAKE_PREFIX_PATH}:/home/ngy/micro_ros/install/sensor_msgs_py:/home/ngy/microros_ws/install/sensor_msgs_py:/opt/ros/foxy /usr/bin/cmake --install /home/ngy/micro_ros/build/builtin_interfaces
[1.511s] -- Install configuration: ""
[1.511s] -- Up-to-date: /home/ngy/micro_ros/install/builtin_interfaces/share/ament_index/resource_index/rosidl_interfaces/builtin_interfaces
[1.511s] -- Up-to-date: /home/ngy/micro_ros/install/builtin_interfaces/include/builtin_interfaces
[1.511s] -- Up-to-date: /home/ngy/micro_ros/install/builtin_interfaces/include/builtin_interfaces/msg
[1.512s] -- Up-to-date: /home/ngy/micro_ros/install/builtin_interfaces/include/builtin_interfaces/msg/time.h
[1.512s] -- Up-to-date: /home/ngy/micro_ros/install/builtin_interfaces/include/builtin_interfaces/msg/detail
[1.512s] -- Up-to-date: /home/ngy/micro_ros/install/builtin_interfaces/include/builtin_interfaces/msg/detail/time__functions.c
[1.512s] -- Up-to-date: /home/ngy/micro_ros/install/builtin_interfaces/include/builtin_interfaces/msg/detail/duration__struct.h
[1.512s] -- Up-to-date: /home/ngy/micro_ros/install/builtin_interfaces/include/builtin_interfaces/msg/detail/time__functions.h
[1.512s] -- Up-to-date: /home/ngy/micro_ros/install/builtin_interfaces/include/builtin_interfaces/msg/detail/time__type_support.h
[1.512s] -- Up-to-date: /home/ngy/micro_ros/install/builtin_interfaces/include/builtin_interfaces/msg/detail/duration__functions.h
[1.512s] -- Up-to-date: /home/ngy/micro_ros/install/builtin_interfaces/include/builtin_interfaces/msg/detail/duration__functions.c
[1.512s] -- Up-to-date: /home/ngy/micro_ros/install/builtin_interfaces/include/builtin_interfaces/msg/detail/time__struct.h
[1.512s] -- Up-to-date: /home/ngy/micro_ros/install/builtin_interfaces/include/builtin_interfaces/msg/detail/duration__type_support.h
[1.512s] -- Up-to-date: /home/ngy/micro_ros/install/builtin_interfaces/include/builtin_interfaces/msg/duration.h
[1.512s] -- Up-to-date: /home/ngy/micro_ros/install/builtin_interfaces/include/builtin_interfaces/msg/rosidl_generator_c__visibility_control.h
[1.512s] -- Up-to-date: /home/ngy/micro_ros/install/builtin_interfaces/share/builtin_interfaces/environment/library_path.sh
[1.512s] -- Installing: /home/ngy/micro_ros/install/builtin_interfaces/share/builtin_interfaces/environment/library_path.dsv
[1.512s] -- Up-to-date: /home/ngy/micro_ros/install/builtin_interfaces/lib/libbuiltin_interfaces__rosidl_generator_c.so
[1.512s] -- Up-to-date: /home/ngy/micro_ros/install/builtin_interfaces/include/builtin_interfaces
[1.513s] -- Up-to-date: /home/ngy/micro_ros/install/builtin_interfaces/include/builtin_interfaces/msg
[1.513s] -- Up-to-date: /home/ngy/micro_ros/install/builtin_interfaces/include/builtin_interfaces/msg/detail
[1.513s] -- Up-to-date: /home/ngy/micro_ros/install/builtin_interfaces/include/builtin_interfaces/msg/detail/microxrcedds
[1.513s] -- Up-to-date: /home/ngy/micro_ros/install/builtin_interfaces/include/builtin_interfaces/msg/detail/time__rosidl_typesupport_microxrcedds_c.h
[1.513s] -- Up-to-date: /home/ngy/micro_ros/install/builtin_interfaces/include/builtin_interfaces/msg/detail/duration__rosidl_typesupport_microxrcedds_c.h
[1.513s] -- Up-to-date: /home/ngy/micro_ros/install/builtin_interfaces/include/builtin_interfaces/msg/rosidl_typesupport_microxrcedds_c__visibility_control.h
[1.513s] -- Up-to-date: /home/ngy/micro_ros/install/builtin_interfaces/lib/libbuiltin_interfaces__rosidl_typesupport_microxrcedds_c.so
[1.513s] -- Up-to-date: /home/ngy/micro_ros/install/builtin_interfaces/include/builtin_interfaces
[1.513s] -- Up-to-date: /home/ngy/micro_ros/install/builtin_interfaces/include/builtin_interfaces/msg
[1.513s] -- Up-to-date: /home/ngy/micro_ros/install/builtin_interfaces/include/builtin_interfaces/msg/detail
[1.513s] -- Up-to-date: /home/ngy/micro_ros/install/builtin_interfaces/include/builtin_interfaces/msg/detail/duration__rosidl_typesupport_fastrtps_c.h
[1.513s] -- Up-to-date: /home/ngy/micro_ros/install/builtin_interfaces/include/builtin_interfaces/msg/detail/time__rosidl_typesupport_fastrtps_c.h
[1.513s] -- Up-to-date: /home/ngy/micro_ros/install/builtin_interfaces/include/builtin_interfaces/msg/rosidl_typesupport_fastrtps_c__visibility_control.h
[1.513s] -- Up-to-date: /home/ngy/micro_ros/install/builtin_interfaces/lib/libbuiltin_interfaces__rosidl_typesupport_fastrtps_c.so
[1.514s] -- Up-to-date: /home/ngy/micro_ros/install/builtin_interfaces/include/builtin_interfaces
[1.514s] -- Up-to-date: /home/ngy/micro_ros/install/builtin_interfaces/include/builtin_interfaces/msg
[1.514s] -- Up-to-date: /home/ngy/micro_ros/install/builtin_interfaces/include/builtin_interfaces/msg/rosidl_typesupport_fastrtps_cpp__visibility_control.h
[1.514s] -- Up-to-date: /home/ngy/micro_ros/install/builtin_interfaces/include/builtin_interfaces/msg/detail
[1.514s] -- Up-to-date: /home/ngy/micro_ros/install/builtin_interfaces/include/builtin_interfaces/msg/detail/duration__rosidl_typesupport_fastrtps_cpp.hpp
[1.514s] -- Up-to-date: /home/ngy/micro_ros/install/builtin_interfaces/include/builtin_interfaces/msg/detail/dds_fastrtps
[1.514s] -- Up-to-date: /home/ngy/micro_ros/install/builtin_interfaces/include/builtin_interfaces/msg/detail/time__rosidl_typesupport_fastrtps_cpp.hpp
[1.514s] -- Up-to-date: /home/ngy/micro_ros/install/builtin_interfaces/lib/libbuiltin_interfaces__rosidl_typesupport_fastrtps_cpp.so
[1.514s] -- Up-to-date: /home/ngy/micro_ros/install/builtin_interfaces/include/builtin_interfaces
[1.514s] -- Up-to-date: /home/ngy/micro_ros/install/builtin_interfaces/include/builtin_interfaces/msg
[1.514s] -- Up-to-date: /home/ngy/micro_ros/install/builtin_interfaces/include/builtin_interfaces/msg/rosidl_typesupport_introspection_c__visibility_control.h
[1.514s] -- Up-to-date: /home/ngy/micro_ros/install/builtin_interfaces/include/builtin_interfaces/msg/detail
[1.514s] -- Up-to-date: /home/ngy/micro_ros/install/builtin_interfaces/include/builtin_interfaces/msg/detail/duration__type_support.c
[1.514s] -- Up-to-date: /home/ngy/micro_ros/install/builtin_interfaces/include/builtin_interfaces/msg/detail/time__type_support.c
[1.514s] -- Up-to-date: /home/ngy/micro_ros/install/builtin_interfaces/include/builtin_interfaces/msg/detail/duration__rosidl_typesupport_introspection_c.h
[1.514s] -- Up-to-date: /home/ngy/micro_ros/install/builtin_interfaces/include/builtin_interfaces/msg/detail/time__rosidl_typesupport_introspection_c.h
[1.515s] -- Up-to-date: /home/ngy/micro_ros/install/builtin_interfaces/lib/libbuiltin_interfaces__rosidl_typesupport_introspection_c.so
[1.515s] -- Up-to-date: /home/ngy/micro_ros/install/builtin_interfaces/lib/libbuiltin_interfaces__rosidl_typesupport_c.so
[1.515s] -- Up-to-date: /home/ngy/micro_ros/install/builtin_interfaces/include/builtin_interfaces
[1.515s] -- Up-to-date: /home/ngy/micro_ros/install/builtin_interfaces/include/builtin_interfaces/msg
[1.515s] -- Up-to-date: /home/ngy/micro_ros/install/builtin_interfaces/include/builtin_interfaces/msg/time.hpp
[1.515s] -- Up-to-date: /home/ngy/micro_ros/install/builtin_interfaces/include/builtin_interfaces/msg/duration.hpp
[1.515s] -- Up-to-date: /home/ngy/micro_ros/install/builtin_interfaces/include/builtin_interfaces/msg/detail
[1.515s] -- Up-to-date: /home/ngy/micro_ros/install/builtin_interfaces/include/builtin_interfaces/msg/detail/time__struct.hpp
[1.515s] -- Up-to-date: /home/ngy/micro_ros/install/builtin_interfaces/include/builtin_interfaces/msg/detail/duration__traits.hpp
[1.515s] -- Up-to-date: /home/ngy/micro_ros/install/builtin_interfaces/include/builtin_interfaces/msg/detail/duration__struct.hpp
[1.515s] -- Up-to-date: /home/ngy/micro_ros/install/builtin_interfaces/include/builtin_interfaces/msg/detail/time__traits.hpp
[1.515s] -- Up-to-date: /home/ngy/micro_ros/install/builtin_interfaces/include/builtin_interfaces/msg/detail/duration__builder.hpp
[1.516s] -- Up-to-date: /home/ngy/micro_ros/install/builtin_interfaces/include/builtin_interfaces/msg/detail/time__builder.hpp
[1.516s] -- Up-to-date: /home/ngy/micro_ros/install/builtin_interfaces/include/builtin_interfaces
[1.516s] -- Up-to-date: /home/ngy/micro_ros/install/builtin_interfaces/include/builtin_interfaces/msg
[1.516s] -- Up-to-date: /home/ngy/micro_ros/install/builtin_interfaces/include/builtin_interfaces/msg/detail
[1.516s] -- Up-to-date: /home/ngy/micro_ros/install/builtin_interfaces/include/builtin_interfaces/msg/detail/microxrcedds
[1.516s] -- Up-to-date: /home/ngy/micro_ros/install/builtin_interfaces/include/builtin_interfaces/msg/detail/microxrcedds/duration__type_support_cpp.cpp
[1.516s] -- Up-to-date: /home/ngy/micro_ros/install/builtin_interfaces/include/builtin_interfaces/msg/detail/microxrcedds/time__type_support_cpp.cpp
[1.516s] -- Up-to-date: /home/ngy/micro_ros/install/builtin_interfaces/include/builtin_interfaces/msg/detail/duration__rosidl_typesupport_microxrcedds_cpp.hpp
[1.516s] -- Up-to-date: /home/ngy/micro_ros/install/builtin_interfaces/include/builtin_interfaces/msg/detail/time__rosidl_typesupport_microxrcedds_cpp.hpp
[1.516s] -- Up-to-date: /home/ngy/micro_ros/install/builtin_interfaces/include/builtin_interfaces/msg/rosidl_typesupport_microxrcedds_cpp__visibility_control.h
[1.516s] -- Up-to-date: /home/ngy/micro_ros/install/builtin_interfaces/lib/libbuiltin_interfaces__rosidl_typesupport_microxrcedds_cpp.so
[1.516s] -- Up-to-date: /home/ngy/micro_ros/install/builtin_interfaces/include/builtin_interfaces
[1.516s] -- Up-to-date: /home/ngy/micro_ros/install/builtin_interfaces/include/builtin_interfaces/msg
[1.516s] -- Up-to-date: /home/ngy/micro_ros/install/builtin_interfaces/include/builtin_interfaces/msg/detail
[1.516s] -- Up-to-date: /home/ngy/micro_ros/install/builtin_interfaces/include/builtin_interfaces/msg/detail/duration__rosidl_typesupport_introspection_cpp.hpp
[1.516s] -- Up-to-date: /home/ngy/micro_ros/install/builtin_interfaces/include/builtin_interfaces/msg/detail/time__type_support.cpp
[1.516s] -- Up-to-date: /home/ngy/micro_ros/install/builtin_interfaces/include/builtin_interfaces/msg/detail/time__rosidl_typesupport_introspection_cpp.hpp
[1.517s] -- Up-to-date: /home/ngy/micro_ros/install/builtin_interfaces/include/builtin_interfaces/msg/detail/duration__type_support.cpp
[1.517s] -- Up-to-date: /home/ngy/micro_ros/install/builtin_interfaces/lib/libbuiltin_interfaces__rosidl_typesupport_introspection_cpp.so
[1.517s] -- Up-to-date: /home/ngy/micro_ros/install/builtin_interfaces/lib/libbuiltin_interfaces__rosidl_typesupport_cpp.so
[1.517s] -- Up-to-date: /home/ngy/micro_ros/install/builtin_interfaces/share/builtin_interfaces/environment/pythonpath.sh
[1.517s] -- Installing: /home/ngy/micro_ros/install/builtin_interfaces/share/builtin_interfaces/environment/pythonpath.dsv
[1.517s] -- Installing: /home/ngy/micro_ros/install/builtin_interfaces/lib/python3.8/site-packages/builtin_interfaces/__init__.py
[1.557s] Compiling '/home/ngy/micro_ros/install/builtin_interfaces/lib/python3.8/site-packages/builtin_interfaces/__init__.py'...
[1.561s] -- Up-to-date: /home/ngy/micro_ros/install/builtin_interfaces/lib/python3.8/site-packages/builtin_interfaces/msg
[1.561s] -- Up-to-date: /home/ngy/micro_ros/install/builtin_interfaces/lib/python3.8/site-packages/builtin_interfaces/msg/_time.py
[1.561s] -- Up-to-date: /home/ngy/micro_ros/install/builtin_interfaces/lib/python3.8/site-packages/builtin_interfaces/msg/_duration_s.c
[1.561s] -- Up-to-date: /home/ngy/micro_ros/install/builtin_interfaces/lib/python3.8/site-packages/builtin_interfaces/msg/_duration.py
[1.561s] -- Up-to-date: /home/ngy/micro_ros/install/builtin_interfaces/lib/python3.8/site-packages/builtin_interfaces/msg/_time_s.c
[1.561s] -- Up-to-date: /home/ngy/micro_ros/install/builtin_interfaces/lib/python3.8/site-packages/builtin_interfaces/msg/__init__.py
[1.561s] -- Up-to-date: /home/ngy/micro_ros/install/builtin_interfaces/lib/python3.8/site-packages/builtin_interfaces/builtin_interfaces_s__rosidl_typesupport_microxrcedds_c.cpython-38-x86_64-linux-gnu.so
[1.562s] -- Up-to-date: /home/ngy/micro_ros/install/builtin_interfaces/lib/python3.8/site-packages/builtin_interfaces/builtin_interfaces_s__rosidl_typesupport_fastrtps_c.cpython-38-x86_64-linux-gnu.so
[1.563s] -- Up-to-date: /home/ngy/micro_ros/install/builtin_interfaces/lib/python3.8/site-packages/builtin_interfaces/builtin_interfaces_s__rosidl_typesupport_introspection_c.cpython-38-x86_64-linux-gnu.so
[1.563s] -- Up-to-date: /home/ngy/micro_ros/install/builtin_interfaces/lib/python3.8/site-packages/builtin_interfaces/builtin_interfaces_s__rosidl_typesupport_c.cpython-38-x86_64-linux-gnu.so
[1.564s] -- Up-to-date: /home/ngy/micro_ros/install/builtin_interfaces/lib/libbuiltin_interfaces__python.so
[1.564s] -- Up-to-date: /home/ngy/micro_ros/install/builtin_interfaces/share/builtin_interfaces/msg/Duration.idl
[1.564s] -- Up-to-date: /home/ngy/micro_ros/install/builtin_interfaces/share/builtin_interfaces/msg/Time.idl
[1.564s] -- Up-to-date: /home/ngy/micro_ros/install/builtin_interfaces/share/builtin_interfaces/msg/Duration.msg
[1.564s] -- Up-to-date: /home/ngy/micro_ros/install/builtin_interfaces/share/builtin_interfaces/msg/Time.msg
[1.565s] -- Up-to-date: /home/ngy/micro_ros/install/builtin_interfaces/share/ament_index/resource_index/package_run_dependencies/builtin_interfaces
[1.565s] -- Installing: /home/ngy/micro_ros/install/builtin_interfaces/share/ament_index/resource_index/parent_prefix_path/builtin_interfaces
[1.565s] -- Up-to-date: /home/ngy/micro_ros/install/builtin_interfaces/share/builtin_interfaces/environment/ament_prefix_path.sh
[1.565s] -- Installing: /home/ngy/micro_ros/install/builtin_interfaces/share/builtin_interfaces/environment/ament_prefix_path.dsv
[1.565s] -- Up-to-date: /home/ngy/micro_ros/install/builtin_interfaces/share/builtin_interfaces/environment/path.sh
[1.565s] -- Installing: /home/ngy/micro_ros/install/builtin_interfaces/share/builtin_interfaces/environment/path.dsv
[1.565s] -- Up-to-date: /home/ngy/micro_ros/install/builtin_interfaces/share/builtin_interfaces/local_setup.bash
[1.565s] -- Up-to-date: /home/ngy/micro_ros/install/builtin_interfaces/share/builtin_interfaces/local_setup.sh
[1.565s] -- Up-to-date: /home/ngy/micro_ros/install/builtin_interfaces/share/builtin_interfaces/local_setup.zsh
[1.565s] -- Installing: /home/ngy/micro_ros/install/builtin_interfaces/share/builtin_interfaces/local_setup.dsv
[1.565s] -- Installing: /home/ngy/micro_ros/install/builtin_interfaces/share/builtin_interfaces/package.dsv
[1.565s] -- Up-to-date: /home/ngy/micro_ros/install/builtin_interfaces/share/ament_index/resource_index/packages/builtin_interfaces
[1.565s] -- Up-to-date: /home/ngy/micro_ros/install/builtin_interfaces/share/builtin_interfaces/cmake/builtin_interfaces__rosidl_generator_cExport.cmake
[1.565s] -- Installing: /home/ngy/micro_ros/install/builtin_interfaces/share/builtin_interfaces/cmake/builtin_interfaces__rosidl_generator_cExport-noconfig.cmake
[1.566s] -- Up-to-date: /home/ngy/micro_ros/install/builtin_interfaces/share/builtin_interfaces/cmake/builtin_interfaces__rosidl_typesupport_introspection_cExport.cmake
[1.566s] -- Installing: /home/ngy/micro_ros/install/builtin_interfaces/share/builtin_interfaces/cmake/builtin_interfaces__rosidl_typesupport_introspection_cExport-noconfig.cmake
[1.566s] -- Up-to-date: /home/ngy/micro_ros/install/builtin_interfaces/share/builtin_interfaces/cmake/builtin_interfaces__rosidl_typesupport_cExport.cmake
[1.566s] -- Installing: /home/ngy/micro_ros/install/builtin_interfaces/share/builtin_interfaces/cmake/builtin_interfaces__rosidl_typesupport_cExport-noconfig.cmake
[1.566s] -- Up-to-date: /home/ngy/micro_ros/install/builtin_interfaces/share/builtin_interfaces/cmake/builtin_interfaces__rosidl_generator_cppExport.cmake
[1.566s] -- Up-to-date: /home/ngy/micro_ros/install/builtin_interfaces/share/builtin_interfaces/cmake/builtin_interfaces__rosidl_typesupport_introspection_cppExport.cmake
[1.567s] -- Installing: /home/ngy/micro_ros/install/builtin_interfaces/share/builtin_interfaces/cmake/builtin_interfaces__rosidl_typesupport_introspection_cppExport-noconfig.cmake
[1.567s] -- Up-to-date: /home/ngy/micro_ros/install/builtin_interfaces/share/builtin_interfaces/cmake/builtin_interfaces__rosidl_typesupport_cppExport.cmake
[1.567s] -- Installing: /home/ngy/micro_ros/install/builtin_interfaces/share/builtin_interfaces/cmake/builtin_interfaces__rosidl_typesupport_cppExport-noconfig.cmake
[1.567s] -- Up-to-date: /home/ngy/micro_ros/install/builtin_interfaces/share/builtin_interfaces/cmake/rosidl_cmake-extras.cmake
[1.567s] -- Up-to-date: /home/ngy/micro_ros/install/builtin_interfaces/share/builtin_interfaces/cmake/ament_cmake_export_dependencies-extras.cmake
[1.567s] -- Up-to-date: /home/ngy/micro_ros/install/builtin_interfaces/share/builtin_interfaces/cmake/ament_cmake_export_libraries-extras.cmake
[1.567s] -- Up-to-date: /home/ngy/micro_ros/install/builtin_interfaces/share/builtin_interfaces/cmake/ament_cmake_export_targets-extras.cmake
[1.568s] -- Up-to-date: /home/ngy/micro_ros/install/builtin_interfaces/share/builtin_interfaces/cmake/ament_cmake_export_include_directories-extras.cmake
[1.568s] -- Up-to-date: /home/ngy/micro_ros/install/builtin_interfaces/share/builtin_interfaces/cmake/rosidl_cmake_export_typesupport_libraries-extras.cmake
[1.568s] -- Up-to-date: /home/ngy/micro_ros/install/builtin_interfaces/share/builtin_interfaces/cmake/rosidl_cmake_export_typesupport_targets-extras.cmake
[1.568s] -- Up-to-date: /home/ngy/micro_ros/install/builtin_interfaces/share/builtin_interfaces/cmake/builtin_interfacesConfig.cmake
[1.568s] -- Up-to-date: /home/ngy/micro_ros/install/builtin_interfaces/share/builtin_interfaces/cmake/builtin_interfacesConfig-version.cmake
[1.568s] -- Up-to-date: /home/ngy/micro_ros/install/builtin_interfaces/share/builtin_interfaces/package.xml
[1.577s] Invoked command in '/home/ngy/micro_ros/build/builtin_interfaces' returned '0': CMAKE_PREFIX_PATH=${CMAKE_PREFIX_PATH}:/home/ngy/micro_ros/install/sensor_msgs_py:/home/ngy/microros_ws/install/sensor_msgs_py:/opt/ros/foxy /usr/bin/cmake --install /home/ngy/micro_ros/build/builtin_interfaces
