[0.052s] Invoking command in '/home/ngy/micro_ros/build/micro_ros_msgs': CMAKE_PREFIX_PATH=${CMAKE_PREFIX_PATH}:/home/ngy/microros_ws/install/sensor_msgs_py:/opt/ros/foxy /usr/bin/cmake /home/ngy/micro_ros/src/uros/micro_ros_msgs -DBUILD_TESTING=OFF -DBUILD_SHARED_LIBS=ON -DCMAKE_INSTALL_PREFIX=/home/ngy/micro_ros/install/micro_ros_msgs
[0.076s] -- Found ament_cmake: 0.9.11 (/opt/ros/foxy/share/ament_cmake/cmake)
[0.106s] -- Found PythonInterp: /usr/bin/python3 (found suitable version "3.8.10", minimum required is "3") 
[0.106s] -- Using PYTHON_EXECUTABLE: /usr/bin/python3
[0.355s] -- Found rosidl_default_generators: 1.0.1 (/opt/ros/foxy/share/rosidl_default_generators/cmake)
[0.369s] -- Using all available rosidl_typesupport_c: rosidl_typesupport_microxrcedds_c;rosidl_typesupport_fastrtps_c;rosidl_typesupport_introspection_c
[0.373s] -- Found rosidl_adapter: 1.3.0 (/opt/ros/foxy/share/rosidl_adapter/cmake)
[0.575s] -- Using all available rosidl_typesupport_cpp: rosidl_typesupport_microxrcedds_cpp;rosidl_typesupport_fastrtps_cpp;rosidl_typesupport_introspection_cpp
[0.663s] -- Found PythonInterp: /usr/bin/python3 (found version "3.8.10") 
[0.801s] -- Found ament_cmake_ros: 0.9.2 (/opt/ros/foxy/share/ament_cmake_ros/cmake)
[0.932s] -- Using all available rosidl_typesupport_c: rosidl_typesupport_microxrcedds_c;rosidl_typesupport_fastrtps_c;rosidl_typesupport_introspection_c
[0.964s] -- Using all available rosidl_typesupport_cpp: rosidl_typesupport_microxrcedds_cpp;rosidl_typesupport_fastrtps_cpp;rosidl_typesupport_introspection_cpp
[1.000s] -- Found PythonInterp: /usr/bin/python3 (found suitable version "3.8.10", minimum required is "3.5") 
[1.000s] -- Found python_cmake_module: 0.8.1 (/opt/ros/foxy/share/python_cmake_module/cmake)
[1.031s] -- Using PYTHON_EXECUTABLE: /usr/bin/python3
[1.031s] -- Using PYTHON_INCLUDE_DIRS: /usr/include/python3.8
[1.031s] -- Using PYTHON_LIBRARIES: /usr/lib/x86_64-linux-gnu/libpython3.8.so
[1.099s] -- Configuring done
[1.176s] -- Generating done
[1.185s] -- Build files have been written to: /home/ngy/micro_ros/build/micro_ros_msgs
[1.195s] Invoked command in '/home/ngy/micro_ros/build/micro_ros_msgs' returned '0': CMAKE_PREFIX_PATH=${CMAKE_PREFIX_PATH}:/home/ngy/microros_ws/install/sensor_msgs_py:/opt/ros/foxy /usr/bin/cmake /home/ngy/micro_ros/src/uros/micro_ros_msgs -DBUILD_TESTING=OFF -DBUILD_SHARED_LIBS=ON -DCMAKE_INSTALL_PREFIX=/home/ngy/micro_ros/install/micro_ros_msgs
[1.199s] Invoking command in '/home/ngy/micro_ros/build/micro_ros_msgs': CMAKE_PREFIX_PATH=${CMAKE_PREFIX_PATH}:/home/ngy/microros_ws/install/sensor_msgs_py:/opt/ros/foxy /usr/bin/cmake --build /home/ngy/micro_ros/build/micro_ros_msgs -- -j12 -l12
[1.418s] [  1%] Built target micro_ros_msgs__cpp
[1.426s] [ 10%] Built target micro_ros_msgs__rosidl_generator_c
[1.466s] [ 11%] [34m[1mGenerating C++ type support dispatch for ROS interfaces[0m
[1.490s] [ 13%] [34m[1mGenerating C type support dispatch for ROS interfaces[0m
[1.507s] [ 15%] [34m[1mGenerating C type support for eProsima Micro XRCE-DDS[0m
[1.559s] [ 23%] Built target micro_ros_msgs__rosidl_typesupport_introspection_cpp
[1.582s] [ 32%] Built target micro_ros_msgs__rosidl_typesupport_fastrtps_cpp
[1.589s] [ 33%] [34m[1mGenerating C++ type support for eProsima Micro XRCE-DDS[0m
[1.600s] [ 42%] Built target micro_ros_msgs__rosidl_typesupport_introspection_c
[1.639s] [ 50%] Built target micro_ros_msgs__rosidl_typesupport_fastrtps_c
[1.900s] [35m[1mScanning dependencies of target micro_ros_msgs__rosidl_typesupport_c[0m
[1.912s] [35m[1mScanning dependencies of target micro_ros_msgs__rosidl_typesupport_cpp[0m
[1.923s] [ 55%] [32mBuilding CXX object CMakeFiles/micro_ros_msgs__rosidl_typesupport_c.dir/rosidl_typesupport_c/micro_ros_msgs/msg/entity__type_support.cpp.o[0m
[1.923s] [ 55%] [32mBuilding CXX object CMakeFiles/micro_ros_msgs__rosidl_typesupport_c.dir/rosidl_typesupport_c/micro_ros_msgs/msg/node__type_support.cpp.o[0m
[1.925s] [ 55%] [32mBuilding CXX object CMakeFiles/micro_ros_msgs__rosidl_typesupport_c.dir/rosidl_typesupport_c/micro_ros_msgs/msg/graph__type_support.cpp.o[0m
[1.938s] [ 57%] [32mBuilding CXX object CMakeFiles/micro_ros_msgs__rosidl_typesupport_cpp.dir/rosidl_typesupport_cpp/micro_ros_msgs/msg/graph__type_support.cpp.o[0m
[1.940s] [ 59%] [32mBuilding CXX object CMakeFiles/micro_ros_msgs__rosidl_typesupport_cpp.dir/rosidl_typesupport_cpp/micro_ros_msgs/msg/node__type_support.cpp.o[0m
[1.940s] [ 61%] [32mBuilding CXX object CMakeFiles/micro_ros_msgs__rosidl_typesupport_cpp.dir/rosidl_typesupport_cpp/micro_ros_msgs/msg/entity__type_support.cpp.o[0m
[2.017s] [ 62%] [32m[1mLinking CXX shared library libmicro_ros_msgs__rosidl_typesupport_c.so[0m
[2.093s] [ 62%] Built target micro_ros_msgs__rosidl_typesupport_c
[2.119s] [35m[1mScanning dependencies of target micro_ros_msgs__rosidl_typesupport_microxrcedds_c[0m
[2.143s] [35m[1mScanning dependencies of target micro_ros_msgs__rosidl_typesupport_microxrcedds_cpp[0m
[2.144s] [ 66%] [32mBuilding C object CMakeFiles/micro_ros_msgs__rosidl_typesupport_microxrcedds_c.dir/rosidl_typesupport_microxrcedds_c/micro_ros_msgs/msg/detail/microxrcedds/node__type_support_c.c.o[0m
[2.145s] [ 64%] [32mBuilding C object CMakeFiles/micro_ros_msgs__rosidl_typesupport_microxrcedds_c.dir/rosidl_typesupport_microxrcedds_c/micro_ros_msgs/msg/detail/microxrcedds/graph__type_support_c.c.o[0m
[2.145s] [ 67%] [32mBuilding C object CMakeFiles/micro_ros_msgs__rosidl_typesupport_microxrcedds_c.dir/rosidl_typesupport_microxrcedds_c/micro_ros_msgs/msg/detail/microxrcedds/entity__type_support_c.c.o[0m
[2.175s] [ 71%] [32mBuilding CXX object CMakeFiles/micro_ros_msgs__rosidl_typesupport_microxrcedds_cpp.dir/rosidl_typesupport_microxrcedds_cpp/micro_ros_msgs/msg/detail/microxrcedds/entity__type_support_cpp.cpp.o[0m
[2.175s] [ 71%] [32mBuilding CXX object CMakeFiles/micro_ros_msgs__rosidl_typesupport_microxrcedds_cpp.dir/rosidl_typesupport_microxrcedds_cpp/micro_ros_msgs/msg/detail/microxrcedds/node__type_support_cpp.cpp.o[0m
[2.186s] [ 72%] [32mBuilding CXX object CMakeFiles/micro_ros_msgs__rosidl_typesupport_microxrcedds_cpp.dir/rosidl_typesupport_microxrcedds_cpp/micro_ros_msgs/msg/detail/microxrcedds/graph__type_support_cpp.cpp.o[0m
[2.242s] [ 74%] [32m[1mLinking C shared library libmicro_ros_msgs__rosidl_typesupport_microxrcedds_c.so[0m
[2.308s] [ 74%] Built target micro_ros_msgs__rosidl_typesupport_microxrcedds_c
[2.428s] [ 76%] [32m[1mLinking CXX shared library libmicro_ros_msgs__rosidl_typesupport_cpp.so[0m
[2.503s] [ 76%] Built target micro_ros_msgs__rosidl_typesupport_cpp
[2.781s] [ 77%] [32m[1mLinking CXX shared library libmicro_ros_msgs__rosidl_typesupport_microxrcedds_cpp.so[0m
[2.887s] [ 77%] Built target micro_ros_msgs__rosidl_typesupport_microxrcedds_cpp
[2.927s] [ 77%] Built target micro_ros_msgs
[2.950s] [35m[1mScanning dependencies of target micro_ros_msgs__py[0m
[3.041s] [ 79%] [34m[1mGenerating Python code for ROS interfaces[0m
[5.447s] [ 79%] Built target micro_ros_msgs__py
[5.581s] [35m[1mScanning dependencies of target micro_ros_msgs__python[0m
[5.687s] [ 81%] [32mBuilding C object CMakeFiles/micro_ros_msgs__python.dir/rosidl_generator_py/micro_ros_msgs/msg/_graph_s.c.o[0m
[5.700s] [ 83%] [32mBuilding C object CMakeFiles/micro_ros_msgs__python.dir/rosidl_generator_py/micro_ros_msgs/msg/_node_s.c.o[0m
[5.712s] [ 84%] [32mBuilding C object CMakeFiles/micro_ros_msgs__python.dir/rosidl_generator_py/micro_ros_msgs/msg/_entity_s.c.o[0m
[6.210s] [ 86%] [32m[1mLinking C shared library rosidl_generator_py/micro_ros_msgs/libmicro_ros_msgs__python.so[0m
[6.354s] [ 86%] Built target micro_ros_msgs__python
[6.439s] [35m[1mScanning dependencies of target micro_ros_msgs__rosidl_typesupport_fastrtps_c__pyext[0m
[6.445s] [35m[1mScanning dependencies of target micro_ros_msgs__rosidl_typesupport_introspection_c__pyext[0m
[6.467s] [35m[1mScanning dependencies of target micro_ros_msgs__rosidl_typesupport_microxrcedds_c__pyext[0m
[6.493s] [35m[1mScanning dependencies of target micro_ros_msgs__rosidl_typesupport_c__pyext[0m
[6.538s] [ 88%] [32mBuilding C object CMakeFiles/micro_ros_msgs__rosidl_typesupport_fastrtps_c__pyext.dir/rosidl_generator_py/micro_ros_msgs/_micro_ros_msgs_s.ep.rosidl_typesupport_fastrtps_c.c.o[0m
[6.541s] [ 89%] [32mBuilding C object CMakeFiles/micro_ros_msgs__rosidl_typesupport_c__pyext.dir/rosidl_generator_py/micro_ros_msgs/_micro_ros_msgs_s.ep.rosidl_typesupport_c.c.o[0m
[6.542s] [ 91%] [32mBuilding C object CMakeFiles/micro_ros_msgs__rosidl_typesupport_introspection_c__pyext.dir/rosidl_generator_py/micro_ros_msgs/_micro_ros_msgs_s.ep.rosidl_typesupport_introspection_c.c.o[0m
[6.548s] [ 93%] [32mBuilding C object CMakeFiles/micro_ros_msgs__rosidl_typesupport_microxrcedds_c__pyext.dir/rosidl_generator_py/micro_ros_msgs/_micro_ros_msgs_s.ep.rosidl_typesupport_microxrcedds_c.c.o[0m
[6.784s] [ 94%] [32m[1mLinking C shared library rosidl_generator_py/micro_ros_msgs/micro_ros_msgs_s__rosidl_typesupport_introspection_c.cpython-38-x86_64-linux-gnu.so[0m
[6.786s] [ 96%] [32m[1mLinking CXX shared library rosidl_generator_py/micro_ros_msgs/micro_ros_msgs_s__rosidl_typesupport_fastrtps_c.cpython-38-x86_64-linux-gnu.so[0m
[6.831s] [ 98%] [32m[1mLinking C shared library rosidl_generator_py/micro_ros_msgs/micro_ros_msgs_s__rosidl_typesupport_microxrcedds_c.cpython-38-x86_64-linux-gnu.so[0m
[6.895s] [100%] [32m[1mLinking C shared library rosidl_generator_py/micro_ros_msgs/micro_ros_msgs_s__rosidl_typesupport_c.cpython-38-x86_64-linux-gnu.so[0m
[6.918s] [100%] Built target micro_ros_msgs__rosidl_typesupport_fastrtps_c__pyext
[6.979s] [100%] Built target micro_ros_msgs__rosidl_typesupport_introspection_c__pyext
[6.995s] [100%] Built target micro_ros_msgs__rosidl_typesupport_microxrcedds_c__pyext
[7.012s] [100%] Built target micro_ros_msgs__rosidl_typesupport_c__pyext
[7.033s] Invoked command in '/home/ngy/micro_ros/build/micro_ros_msgs' returned '0': CMAKE_PREFIX_PATH=${CMAKE_PREFIX_PATH}:/home/ngy/microros_ws/install/sensor_msgs_py:/opt/ros/foxy /usr/bin/cmake --build /home/ngy/micro_ros/build/micro_ros_msgs -- -j12 -l12
[8.016s] Invoking command in '/home/ngy/micro_ros/build/micro_ros_msgs': CMAKE_PREFIX_PATH=${CMAKE_PREFIX_PATH}:/home/ngy/microros_ws/install/sensor_msgs_py:/opt/ros/foxy /usr/bin/cmake --install /home/ngy/micro_ros/build/micro_ros_msgs
[8.063s] -- Install configuration: ""
[8.063s] -- Up-to-date: /home/ngy/micro_ros/install/micro_ros_msgs/share/ament_index/resource_index/rosidl_interfaces/micro_ros_msgs
[8.064s] -- Up-to-date: /home/ngy/micro_ros/install/micro_ros_msgs/include/micro_ros_msgs
[8.064s] -- Up-to-date: /home/ngy/micro_ros/install/micro_ros_msgs/include/micro_ros_msgs/msg
[8.064s] -- Up-to-date: /home/ngy/micro_ros/install/micro_ros_msgs/include/micro_ros_msgs/msg/node.h
[8.064s] -- Up-to-date: /home/ngy/micro_ros/install/micro_ros_msgs/include/micro_ros_msgs/msg/detail
[8.065s] -- Up-to-date: /home/ngy/micro_ros/install/micro_ros_msgs/include/micro_ros_msgs/msg/detail/entity__struct.h
[8.065s] -- Up-to-date: /home/ngy/micro_ros/install/micro_ros_msgs/include/micro_ros_msgs/msg/detail/node__functions.c
[8.065s] -- Up-to-date: /home/ngy/micro_ros/install/micro_ros_msgs/include/micro_ros_msgs/msg/detail/entity__functions.h
[8.065s] -- Up-to-date: /home/ngy/micro_ros/install/micro_ros_msgs/include/micro_ros_msgs/msg/detail/graph__type_support.h
[8.065s] -- Up-to-date: /home/ngy/micro_ros/install/micro_ros_msgs/include/micro_ros_msgs/msg/detail/node__functions.h
[8.065s] -- Up-to-date: /home/ngy/micro_ros/install/micro_ros_msgs/include/micro_ros_msgs/msg/detail/node__type_support.h
[8.065s] -- Up-to-date: /home/ngy/micro_ros/install/micro_ros_msgs/include/micro_ros_msgs/msg/detail/entity__type_support.h
[8.066s] -- Up-to-date: /home/ngy/micro_ros/install/micro_ros_msgs/include/micro_ros_msgs/msg/detail/graph__struct.h
[8.066s] -- Up-to-date: /home/ngy/micro_ros/install/micro_ros_msgs/include/micro_ros_msgs/msg/detail/graph__functions.c
[8.066s] -- Up-to-date: /home/ngy/micro_ros/install/micro_ros_msgs/include/micro_ros_msgs/msg/detail/node__struct.h
[8.066s] -- Up-to-date: /home/ngy/micro_ros/install/micro_ros_msgs/include/micro_ros_msgs/msg/detail/entity__functions.c
[8.066s] -- Up-to-date: /home/ngy/micro_ros/install/micro_ros_msgs/include/micro_ros_msgs/msg/detail/graph__functions.h
[8.066s] -- Up-to-date: /home/ngy/micro_ros/install/micro_ros_msgs/include/micro_ros_msgs/msg/entity.h
[8.066s] -- Up-to-date: /home/ngy/micro_ros/install/micro_ros_msgs/include/micro_ros_msgs/msg/graph.h
[8.066s] -- Up-to-date: /home/ngy/micro_ros/install/micro_ros_msgs/include/micro_ros_msgs/msg/rosidl_generator_c__visibility_control.h
[8.066s] -- Up-to-date: /home/ngy/micro_ros/install/micro_ros_msgs/share/micro_ros_msgs/environment/library_path.sh
[8.067s] -- Installing: /home/ngy/micro_ros/install/micro_ros_msgs/share/micro_ros_msgs/environment/library_path.dsv
[8.067s] -- Up-to-date: /home/ngy/micro_ros/install/micro_ros_msgs/lib/libmicro_ros_msgs__rosidl_generator_c.so
[8.067s] -- Up-to-date: /home/ngy/micro_ros/install/micro_ros_msgs/include/micro_ros_msgs
[8.067s] -- Up-to-date: /home/ngy/micro_ros/install/micro_ros_msgs/include/micro_ros_msgs/msg
[8.067s] -- Up-to-date: /home/ngy/micro_ros/install/micro_ros_msgs/include/micro_ros_msgs/msg/detail
[8.067s] -- Installing: /home/ngy/micro_ros/install/micro_ros_msgs/include/micro_ros_msgs/msg/detail/microxrcedds
[8.068s] -- Installing: /home/ngy/micro_ros/install/micro_ros_msgs/include/micro_ros_msgs/msg/detail/node__rosidl_typesupport_microxrcedds_c.h
[8.068s] -- Installing: /home/ngy/micro_ros/install/micro_ros_msgs/include/micro_ros_msgs/msg/detail/entity__rosidl_typesupport_microxrcedds_c.h
[8.068s] -- Installing: /home/ngy/micro_ros/install/micro_ros_msgs/include/micro_ros_msgs/msg/detail/graph__rosidl_typesupport_microxrcedds_c.h
[8.068s] -- Installing: /home/ngy/micro_ros/install/micro_ros_msgs/include/micro_ros_msgs/msg/rosidl_typesupport_microxrcedds_c__visibility_control.h
[8.068s] -- Installing: /home/ngy/micro_ros/install/micro_ros_msgs/lib/libmicro_ros_msgs__rosidl_typesupport_microxrcedds_c.so
[8.068s] -- Set runtime path of "/home/ngy/micro_ros/install/micro_ros_msgs/lib/libmicro_ros_msgs__rosidl_typesupport_microxrcedds_c.so" to ""
[8.068s] -- Up-to-date: /home/ngy/micro_ros/install/micro_ros_msgs/include/micro_ros_msgs
[8.069s] -- Up-to-date: /home/ngy/micro_ros/install/micro_ros_msgs/include/micro_ros_msgs/msg
[8.069s] -- Up-to-date: /home/ngy/micro_ros/install/micro_ros_msgs/include/micro_ros_msgs/msg/detail
[8.069s] -- Up-to-date: /home/ngy/micro_ros/install/micro_ros_msgs/include/micro_ros_msgs/msg/detail/entity__rosidl_typesupport_fastrtps_c.h
[8.069s] -- Up-to-date: /home/ngy/micro_ros/install/micro_ros_msgs/include/micro_ros_msgs/msg/detail/node__rosidl_typesupport_fastrtps_c.h
[8.069s] -- Up-to-date: /home/ngy/micro_ros/install/micro_ros_msgs/include/micro_ros_msgs/msg/detail/graph__rosidl_typesupport_fastrtps_c.h
[8.069s] -- Up-to-date: /home/ngy/micro_ros/install/micro_ros_msgs/include/micro_ros_msgs/msg/rosidl_typesupport_fastrtps_c__visibility_control.h
[8.069s] -- Up-to-date: /home/ngy/micro_ros/install/micro_ros_msgs/lib/libmicro_ros_msgs__rosidl_typesupport_fastrtps_c.so
[8.070s] -- Up-to-date: /home/ngy/micro_ros/install/micro_ros_msgs/include/micro_ros_msgs
[8.070s] -- Up-to-date: /home/ngy/micro_ros/install/micro_ros_msgs/include/micro_ros_msgs/msg
[8.070s] -- Up-to-date: /home/ngy/micro_ros/install/micro_ros_msgs/include/micro_ros_msgs/msg/rosidl_typesupport_fastrtps_cpp__visibility_control.h
[8.070s] -- Up-to-date: /home/ngy/micro_ros/install/micro_ros_msgs/include/micro_ros_msgs/msg/detail
[8.070s] -- Up-to-date: /home/ngy/micro_ros/install/micro_ros_msgs/include/micro_ros_msgs/msg/detail/node__rosidl_typesupport_fastrtps_cpp.hpp
[8.070s] -- Up-to-date: /home/ngy/micro_ros/install/micro_ros_msgs/include/micro_ros_msgs/msg/detail/graph__rosidl_typesupport_fastrtps_cpp.hpp
[8.070s] -- Up-to-date: /home/ngy/micro_ros/install/micro_ros_msgs/include/micro_ros_msgs/msg/detail/dds_fastrtps
[8.070s] -- Up-to-date: /home/ngy/micro_ros/install/micro_ros_msgs/include/micro_ros_msgs/msg/detail/entity__rosidl_typesupport_fastrtps_cpp.hpp
[8.071s] -- Up-to-date: /home/ngy/micro_ros/install/micro_ros_msgs/lib/libmicro_ros_msgs__rosidl_typesupport_fastrtps_cpp.so
[8.071s] -- Up-to-date: /home/ngy/micro_ros/install/micro_ros_msgs/include/micro_ros_msgs
[8.071s] -- Up-to-date: /home/ngy/micro_ros/install/micro_ros_msgs/include/micro_ros_msgs/msg
[8.071s] -- Up-to-date: /home/ngy/micro_ros/install/micro_ros_msgs/include/micro_ros_msgs/msg/rosidl_typesupport_introspection_c__visibility_control.h
[8.071s] -- Up-to-date: /home/ngy/micro_ros/install/micro_ros_msgs/include/micro_ros_msgs/msg/detail
[8.071s] -- Up-to-date: /home/ngy/micro_ros/install/micro_ros_msgs/include/micro_ros_msgs/msg/detail/node__rosidl_typesupport_introspection_c.h
[8.071s] -- Up-to-date: /home/ngy/micro_ros/install/micro_ros_msgs/include/micro_ros_msgs/msg/detail/entity__type_support.c
[8.072s] -- Up-to-date: /home/ngy/micro_ros/install/micro_ros_msgs/include/micro_ros_msgs/msg/detail/node__type_support.c
[8.072s] -- Up-to-date: /home/ngy/micro_ros/install/micro_ros_msgs/include/micro_ros_msgs/msg/detail/graph__rosidl_typesupport_introspection_c.h
[8.072s] -- Up-to-date: /home/ngy/micro_ros/install/micro_ros_msgs/include/micro_ros_msgs/msg/detail/graph__type_support.c
[8.072s] -- Up-to-date: /home/ngy/micro_ros/install/micro_ros_msgs/include/micro_ros_msgs/msg/detail/entity__rosidl_typesupport_introspection_c.h
[8.072s] -- Up-to-date: /home/ngy/micro_ros/install/micro_ros_msgs/lib/libmicro_ros_msgs__rosidl_typesupport_introspection_c.so
[8.073s] -- Installing: /home/ngy/micro_ros/install/micro_ros_msgs/lib/libmicro_ros_msgs__rosidl_typesupport_c.so
[8.073s] -- Set runtime path of "/home/ngy/micro_ros/install/micro_ros_msgs/lib/libmicro_ros_msgs__rosidl_typesupport_c.so" to ""
[8.073s] -- Up-to-date: /home/ngy/micro_ros/install/micro_ros_msgs/include/micro_ros_msgs
[8.073s] -- Up-to-date: /home/ngy/micro_ros/install/micro_ros_msgs/include/micro_ros_msgs/msg
[8.073s] -- Up-to-date: /home/ngy/micro_ros/install/micro_ros_msgs/include/micro_ros_msgs/msg/node.hpp
[8.073s] -- Up-to-date: /home/ngy/micro_ros/install/micro_ros_msgs/include/micro_ros_msgs/msg/graph.hpp
[8.074s] -- Up-to-date: /home/ngy/micro_ros/install/micro_ros_msgs/include/micro_ros_msgs/msg/detail
[8.074s] -- Up-to-date: /home/ngy/micro_ros/install/micro_ros_msgs/include/micro_ros_msgs/msg/detail/entity__struct.hpp
[8.075s] -- Up-to-date: /home/ngy/micro_ros/install/micro_ros_msgs/include/micro_ros_msgs/msg/detail/entity__builder.hpp
[8.075s] -- Up-to-date: /home/ngy/micro_ros/install/micro_ros_msgs/include/micro_ros_msgs/msg/detail/node__traits.hpp
[8.075s] -- Up-to-date: /home/ngy/micro_ros/install/micro_ros_msgs/include/micro_ros_msgs/msg/detail/node__struct.hpp
[8.076s] -- Up-to-date: /home/ngy/micro_ros/install/micro_ros_msgs/include/micro_ros_msgs/msg/detail/graph__struct.hpp
[8.076s] -- Up-to-date: /home/ngy/micro_ros/install/micro_ros_msgs/include/micro_ros_msgs/msg/detail/graph__builder.hpp
[8.076s] -- Up-to-date: /home/ngy/micro_ros/install/micro_ros_msgs/include/micro_ros_msgs/msg/detail/graph__traits.hpp
[8.076s] -- Up-to-date: /home/ngy/micro_ros/install/micro_ros_msgs/include/micro_ros_msgs/msg/detail/node__builder.hpp
[8.076s] -- Up-to-date: /home/ngy/micro_ros/install/micro_ros_msgs/include/micro_ros_msgs/msg/detail/entity__traits.hpp
[8.076s] -- Up-to-date: /home/ngy/micro_ros/install/micro_ros_msgs/include/micro_ros_msgs/msg/entity.hpp
[8.076s] -- Up-to-date: /home/ngy/micro_ros/install/micro_ros_msgs/include/micro_ros_msgs
[8.076s] -- Up-to-date: /home/ngy/micro_ros/install/micro_ros_msgs/include/micro_ros_msgs/msg
[8.076s] -- Up-to-date: /home/ngy/micro_ros/install/micro_ros_msgs/include/micro_ros_msgs/msg/detail
[8.076s] -- Up-to-date: /home/ngy/micro_ros/install/micro_ros_msgs/include/micro_ros_msgs/msg/detail/microxrcedds
[8.077s] -- Installing: /home/ngy/micro_ros/install/micro_ros_msgs/include/micro_ros_msgs/msg/detail/microxrcedds/node__type_support_cpp.cpp
[8.077s] -- Installing: /home/ngy/micro_ros/install/micro_ros_msgs/include/micro_ros_msgs/msg/detail/microxrcedds/graph__type_support_cpp.cpp
[8.077s] -- Installing: /home/ngy/micro_ros/install/micro_ros_msgs/include/micro_ros_msgs/msg/detail/microxrcedds/entity__type_support_cpp.cpp
[8.077s] -- Installing: /home/ngy/micro_ros/install/micro_ros_msgs/include/micro_ros_msgs/msg/detail/graph__rosidl_typesupport_microxrcedds_cpp.hpp
[8.077s] -- Installing: /home/ngy/micro_ros/install/micro_ros_msgs/include/micro_ros_msgs/msg/detail/entity__rosidl_typesupport_microxrcedds_cpp.hpp
[8.077s] -- Installing: /home/ngy/micro_ros/install/micro_ros_msgs/include/micro_ros_msgs/msg/detail/node__rosidl_typesupport_microxrcedds_cpp.hpp
[8.077s] -- Installing: /home/ngy/micro_ros/install/micro_ros_msgs/include/micro_ros_msgs/msg/rosidl_typesupport_microxrcedds_cpp__visibility_control.h
[8.077s] -- Installing: /home/ngy/micro_ros/install/micro_ros_msgs/lib/libmicro_ros_msgs__rosidl_typesupport_microxrcedds_cpp.so
[8.077s] -- Set runtime path of "/home/ngy/micro_ros/install/micro_ros_msgs/lib/libmicro_ros_msgs__rosidl_typesupport_microxrcedds_cpp.so" to ""
[8.077s] -- Up-to-date: /home/ngy/micro_ros/install/micro_ros_msgs/include/micro_ros_msgs
[8.078s] -- Up-to-date: /home/ngy/micro_ros/install/micro_ros_msgs/include/micro_ros_msgs/msg
[8.078s] -- Up-to-date: /home/ngy/micro_ros/install/micro_ros_msgs/include/micro_ros_msgs/msg/detail
[8.078s] -- Up-to-date: /home/ngy/micro_ros/install/micro_ros_msgs/include/micro_ros_msgs/msg/detail/node__type_support.cpp
[8.078s] -- Up-to-date: /home/ngy/micro_ros/install/micro_ros_msgs/include/micro_ros_msgs/msg/detail/entity__type_support.cpp
[8.078s] -- Up-to-date: /home/ngy/micro_ros/install/micro_ros_msgs/include/micro_ros_msgs/msg/detail/node__rosidl_typesupport_introspection_cpp.hpp
[8.078s] -- Up-to-date: /home/ngy/micro_ros/install/micro_ros_msgs/include/micro_ros_msgs/msg/detail/graph__type_support.cpp
[8.078s] -- Up-to-date: /home/ngy/micro_ros/install/micro_ros_msgs/include/micro_ros_msgs/msg/detail/graph__rosidl_typesupport_introspection_cpp.hpp
[8.078s] -- Up-to-date: /home/ngy/micro_ros/install/micro_ros_msgs/include/micro_ros_msgs/msg/detail/entity__rosidl_typesupport_introspection_cpp.hpp
[8.078s] -- Up-to-date: /home/ngy/micro_ros/install/micro_ros_msgs/lib/libmicro_ros_msgs__rosidl_typesupport_introspection_cpp.so
[8.078s] -- Installing: /home/ngy/micro_ros/install/micro_ros_msgs/lib/libmicro_ros_msgs__rosidl_typesupport_cpp.so
[8.088s] -- Set runtime path of "/home/ngy/micro_ros/install/micro_ros_msgs/lib/libmicro_ros_msgs__rosidl_typesupport_cpp.so" to ""
[8.088s] -- Up-to-date: /home/ngy/micro_ros/install/micro_ros_msgs/share/micro_ros_msgs/environment/pythonpath.sh
[8.088s] -- Installing: /home/ngy/micro_ros/install/micro_ros_msgs/share/micro_ros_msgs/environment/pythonpath.dsv
[8.088s] -- Installing: /home/ngy/micro_ros/install/micro_ros_msgs/lib/python3.8/site-packages/micro_ros_msgs/__init__.py
[8.150s] Compiling '/home/ngy/micro_ros/install/micro_ros_msgs/lib/python3.8/site-packages/micro_ros_msgs/__init__.py'...
[8.158s] -- Up-to-date: /home/ngy/micro_ros/install/micro_ros_msgs/lib/python3.8/site-packages/micro_ros_msgs/msg
[8.158s] -- Installing: /home/ngy/micro_ros/install/micro_ros_msgs/lib/python3.8/site-packages/micro_ros_msgs/msg/_graph_s.c
[8.159s] -- Installing: /home/ngy/micro_ros/install/micro_ros_msgs/lib/python3.8/site-packages/micro_ros_msgs/msg/_node.py
[8.159s] -- Installing: /home/ngy/micro_ros/install/micro_ros_msgs/lib/python3.8/site-packages/micro_ros_msgs/msg/_entity.py
[8.160s] -- Installing: /home/ngy/micro_ros/install/micro_ros_msgs/lib/python3.8/site-packages/micro_ros_msgs/msg/__init__.py
[8.160s] -- Installing: /home/ngy/micro_ros/install/micro_ros_msgs/lib/python3.8/site-packages/micro_ros_msgs/msg/_graph.py
[8.161s] -- Installing: /home/ngy/micro_ros/install/micro_ros_msgs/lib/python3.8/site-packages/micro_ros_msgs/msg/_entity_s.c
[8.161s] -- Installing: /home/ngy/micro_ros/install/micro_ros_msgs/lib/python3.8/site-packages/micro_ros_msgs/msg/_node_s.c
[8.162s] -- Installing: /home/ngy/micro_ros/install/micro_ros_msgs/lib/python3.8/site-packages/micro_ros_msgs/micro_ros_msgs_s__rosidl_typesupport_microxrcedds_c.cpython-38-x86_64-linux-gnu.so
[8.163s] -- Set runtime path of "/home/ngy/micro_ros/install/micro_ros_msgs/lib/python3.8/site-packages/micro_ros_msgs/micro_ros_msgs_s__rosidl_typesupport_microxrcedds_c.cpython-38-x86_64-linux-gnu.so" to ""
[8.164s] -- Installing: /home/ngy/micro_ros/install/micro_ros_msgs/lib/python3.8/site-packages/micro_ros_msgs/micro_ros_msgs_s__rosidl_typesupport_fastrtps_c.cpython-38-x86_64-linux-gnu.so
[8.166s] -- Set runtime path of "/home/ngy/micro_ros/install/micro_ros_msgs/lib/python3.8/site-packages/micro_ros_msgs/micro_ros_msgs_s__rosidl_typesupport_fastrtps_c.cpython-38-x86_64-linux-gnu.so" to ""
[8.166s] -- Installing: /home/ngy/micro_ros/install/micro_ros_msgs/lib/python3.8/site-packages/micro_ros_msgs/micro_ros_msgs_s__rosidl_typesupport_introspection_c.cpython-38-x86_64-linux-gnu.so
[8.168s] -- Set runtime path of "/home/ngy/micro_ros/install/micro_ros_msgs/lib/python3.8/site-packages/micro_ros_msgs/micro_ros_msgs_s__rosidl_typesupport_introspection_c.cpython-38-x86_64-linux-gnu.so" to ""
[8.168s] -- Installing: /home/ngy/micro_ros/install/micro_ros_msgs/lib/python3.8/site-packages/micro_ros_msgs/micro_ros_msgs_s__rosidl_typesupport_c.cpython-38-x86_64-linux-gnu.so
[8.170s] -- Set runtime path of "/home/ngy/micro_ros/install/micro_ros_msgs/lib/python3.8/site-packages/micro_ros_msgs/micro_ros_msgs_s__rosidl_typesupport_c.cpython-38-x86_64-linux-gnu.so" to ""
[8.171s] -- Installing: /home/ngy/micro_ros/install/micro_ros_msgs/lib/libmicro_ros_msgs__python.so
[8.172s] -- Set runtime path of "/home/ngy/micro_ros/install/micro_ros_msgs/lib/libmicro_ros_msgs__python.so" to ""
[8.172s] -- Up-to-date: /home/ngy/micro_ros/install/micro_ros_msgs/share/micro_ros_msgs/msg/Graph.idl
[8.172s] -- Up-to-date: /home/ngy/micro_ros/install/micro_ros_msgs/share/micro_ros_msgs/msg/Node.idl
[8.172s] -- Up-to-date: /home/ngy/micro_ros/install/micro_ros_msgs/share/micro_ros_msgs/msg/Entity.idl
[8.172s] -- Up-to-date: /home/ngy/micro_ros/install/micro_ros_msgs/share/micro_ros_msgs/msg/Graph.msg
[8.173s] -- Up-to-date: /home/ngy/micro_ros/install/micro_ros_msgs/share/micro_ros_msgs/msg/Node.msg
[8.173s] -- Up-to-date: /home/ngy/micro_ros/install/micro_ros_msgs/share/micro_ros_msgs/msg/Entity.msg
[8.173s] -- Up-to-date: /home/ngy/micro_ros/install/micro_ros_msgs/share/ament_index/resource_index/package_run_dependencies/micro_ros_msgs
[8.173s] -- Installing: /home/ngy/micro_ros/install/micro_ros_msgs/share/ament_index/resource_index/parent_prefix_path/micro_ros_msgs
[8.173s] -- Up-to-date: /home/ngy/micro_ros/install/micro_ros_msgs/share/micro_ros_msgs/environment/ament_prefix_path.sh
[8.174s] -- Installing: /home/ngy/micro_ros/install/micro_ros_msgs/share/micro_ros_msgs/environment/ament_prefix_path.dsv
[8.174s] -- Up-to-date: /home/ngy/micro_ros/install/micro_ros_msgs/share/micro_ros_msgs/environment/path.sh
[8.174s] -- Installing: /home/ngy/micro_ros/install/micro_ros_msgs/share/micro_ros_msgs/environment/path.dsv
[8.174s] -- Up-to-date: /home/ngy/micro_ros/install/micro_ros_msgs/share/micro_ros_msgs/local_setup.bash
[8.175s] -- Up-to-date: /home/ngy/micro_ros/install/micro_ros_msgs/share/micro_ros_msgs/local_setup.sh
[8.175s] -- Up-to-date: /home/ngy/micro_ros/install/micro_ros_msgs/share/micro_ros_msgs/local_setup.zsh
[8.175s] -- Installing: /home/ngy/micro_ros/install/micro_ros_msgs/share/micro_ros_msgs/local_setup.dsv
[8.175s] -- Installing: /home/ngy/micro_ros/install/micro_ros_msgs/share/micro_ros_msgs/package.dsv
[8.175s] -- Up-to-date: /home/ngy/micro_ros/install/micro_ros_msgs/share/ament_index/resource_index/packages/micro_ros_msgs
[8.176s] -- Up-to-date: /home/ngy/micro_ros/install/micro_ros_msgs/share/micro_ros_msgs/cmake/micro_ros_msgs__rosidl_generator_cExport.cmake
[8.176s] -- Installing: /home/ngy/micro_ros/install/micro_ros_msgs/share/micro_ros_msgs/cmake/micro_ros_msgs__rosidl_generator_cExport-noconfig.cmake
[8.177s] -- Up-to-date: /home/ngy/micro_ros/install/micro_ros_msgs/share/micro_ros_msgs/cmake/micro_ros_msgs__rosidl_typesupport_introspection_cExport.cmake
[8.177s] -- Installing: /home/ngy/micro_ros/install/micro_ros_msgs/share/micro_ros_msgs/cmake/micro_ros_msgs__rosidl_typesupport_introspection_cExport-noconfig.cmake
[8.177s] -- Up-to-date: /home/ngy/micro_ros/install/micro_ros_msgs/share/micro_ros_msgs/cmake/micro_ros_msgs__rosidl_typesupport_cExport.cmake
[8.177s] -- Installing: /home/ngy/micro_ros/install/micro_ros_msgs/share/micro_ros_msgs/cmake/micro_ros_msgs__rosidl_typesupport_cExport-noconfig.cmake
[8.178s] -- Up-to-date: /home/ngy/micro_ros/install/micro_ros_msgs/share/micro_ros_msgs/cmake/micro_ros_msgs__rosidl_generator_cppExport.cmake
[8.178s] -- Up-to-date: /home/ngy/micro_ros/install/micro_ros_msgs/share/micro_ros_msgs/cmake/micro_ros_msgs__rosidl_typesupport_introspection_cppExport.cmake
[8.178s] -- Installing: /home/ngy/micro_ros/install/micro_ros_msgs/share/micro_ros_msgs/cmake/micro_ros_msgs__rosidl_typesupport_introspection_cppExport-noconfig.cmake
[8.179s] -- Up-to-date: /home/ngy/micro_ros/install/micro_ros_msgs/share/micro_ros_msgs/cmake/micro_ros_msgs__rosidl_typesupport_cppExport.cmake
[8.179s] -- Installing: /home/ngy/micro_ros/install/micro_ros_msgs/share/micro_ros_msgs/cmake/micro_ros_msgs__rosidl_typesupport_cppExport-noconfig.cmake
[8.179s] -- Up-to-date: /home/ngy/micro_ros/install/micro_ros_msgs/share/micro_ros_msgs/cmake/rosidl_cmake-extras.cmake
[8.179s] -- Up-to-date: /home/ngy/micro_ros/install/micro_ros_msgs/share/micro_ros_msgs/cmake/ament_cmake_export_dependencies-extras.cmake
[8.179s] -- Up-to-date: /home/ngy/micro_ros/install/micro_ros_msgs/share/micro_ros_msgs/cmake/ament_cmake_export_libraries-extras.cmake
[8.180s] -- Up-to-date: /home/ngy/micro_ros/install/micro_ros_msgs/share/micro_ros_msgs/cmake/ament_cmake_export_targets-extras.cmake
[8.180s] -- Up-to-date: /home/ngy/micro_ros/install/micro_ros_msgs/share/micro_ros_msgs/cmake/ament_cmake_export_include_directories-extras.cmake
[8.180s] -- Installing: /home/ngy/micro_ros/install/micro_ros_msgs/share/micro_ros_msgs/cmake/rosidl_cmake_export_typesupport_libraries-extras.cmake
[8.180s] -- Up-to-date: /home/ngy/micro_ros/install/micro_ros_msgs/share/micro_ros_msgs/cmake/rosidl_cmake_export_typesupport_targets-extras.cmake
[8.180s] -- Up-to-date: /home/ngy/micro_ros/install/micro_ros_msgs/share/micro_ros_msgs/cmake/micro_ros_msgsConfig.cmake
[8.180s] -- Up-to-date: /home/ngy/micro_ros/install/micro_ros_msgs/share/micro_ros_msgs/cmake/micro_ros_msgsConfig-version.cmake
[8.180s] -- Up-to-date: /home/ngy/micro_ros/install/micro_ros_msgs/share/micro_ros_msgs/package.xml
[8.203s] Invoked command in '/home/ngy/micro_ros/build/micro_ros_msgs' returned '0': CMAKE_PREFIX_PATH=${CMAKE_PREFIX_PATH}:/home/ngy/microros_ws/install/sensor_msgs_py:/opt/ros/foxy /usr/bin/cmake --install /home/ngy/micro_ros/build/micro_ros_msgs
