[0.033s] Invoking command in '/home/ngy/micro_ros/build/composition_interfaces': AMENT_PREFIX_PATH=/home/ngy/micro_ros/install/rcl_interfaces:/home/ngy/micro_ros/install/builtin_interfaces:${AMENT_PREFIX_PATH} CMAKE_PREFIX_PATH=/home/ngy/micro_ros/install/rcl_interfaces:/home/ngy/micro_ros/install/builtin_interfaces:/home/ngy/micro_ros/install/rosidl_typesupport_microxrcedds_cpp:/home/ngy/micro_ros/install/rosidl_typesupport_microxrcedds_c:/home/ngy/micro_ros/install/microcdr:/home/ngy/micro_ros/install/micro_ros_msgs:/home/ngy/micro_ros/install/micro_ros_setup:/home/ngy/microros_ws/install/micro_ros_agent:/home/ngy/microros_ws/install/common_interfaces:/home/ngy/microros_ws/install/visualization_msgs:/home/ngy/microros_ws/install/test_msgs:/home/ngy/microros_ws/install/micro_ros_demos_rclc:/home/ngy/microros_ws/install/example_interfaces:/home/ngy/microros_ws/install/action_msgs:/home/ngy/microros_ws/install/unique_identifier_msgs:/home/ngy/microros_ws/install/trajectory_msgs:/home/ngy/microros_ws/install/stereo_msgs:/home/ngy/microros_ws/install/std_srvs:/home/ngy/microros_ws/install/shape_msgs:/home/ngy/microros_ws/install/sensor_msgs:/home/ngy/microros_ws/install/nav_msgs:/home/ngy/microros_ws/install/diagnostic_msgs:/home/ngy/microros_ws/install/geometry_msgs:/home/ngy/microros_ws/install/actionlib_msgs:/home/ngy/microros_ws/install/std_msgs:/home/ngy/microros_ws/install/statistics_msgs:/home/ngy/microros_ws/install/rosidl_typesupport_microxrcedds_test_msg:/home/ngy/microros_ws/install/rosidl_typesupport_microxrcedds_cpp_tests:/home/ngy/microros_ws/install/rmw_microxrcedds:/home/ngy/microros_ws/install/rosidl_typesupport_microxrcedds_cpp:/home/ngy/microros_ws/install/rosidl_typesupport_microxrcedds_c_tests:/home/ngy/microros_ws/install/rosidl_typesupport_microxrcedds_c:/home/ngy/microros_ws/install/rosgraph_msgs:/home/ngy/microros_ws/install/rclc_parameter:/home/ngy/microros_ws/install/rclc:/home/ngy/microros_ws/install/composition_interfaces:/home/ngy/microros_ws/install/rcl_interfaces:/home/ngy/microros_ws/install/microxrcedds_client:/home/ngy/microros_ws/install/microcdr:/home/ngy/microros_ws/install/micro_ros_msgs:/home/ngy/microros_ws/install/micro_ros_demos_rclcpp:/home/ngy/microros_ws/install/lifecycle_msgs:/home/ngy/microros_ws/install/complex_msgs:/home/ngy/microros_ws/install/builtin_interfaces:/home/ngy/microros_ws/install/micro_ros_setup:/home/ngy/microros_ws/install/sensor_msgs_py:/opt/ros/foxy LD_LIBRARY_PATH=/home/ngy/micro_ros/install/rcl_interfaces/lib:/home/ngy/micro_ros/install/builtin_interfaces/lib:${LD_LIBRARY_PATH} PYTHONPATH=/home/ngy/micro_ros/install/rcl_interfaces/lib/python3.8/site-packages:/home/ngy/micro_ros/install/builtin_interfaces/lib/python3.8/site-packages:${PYTHONPATH} /usr/bin/cmake /home/ngy/micro_ros/src/ros2/rcl_interfaces/composition_interfaces -DBUILD_TESTING=OFF -DBUILD_SHARED_LIBS=ON -DCMAKE_INSTALL_PREFIX=/home/ngy/micro_ros/install/composition_interfaces
[0.124s] -- The C compiler identification is GNU 9.4.0
[0.216s] -- The CXX compiler identification is GNU 9.4.0
[0.225s] -- Check for working C compiler: /usr/bin/cc
[0.339s] -- Check for working C compiler: /usr/bin/cc -- works
[0.341s] -- Detecting C compiler ABI info
[0.460s] -- Detecting C compiler ABI info - done
[0.489s] -- Detecting C compile features
[0.490s] -- Detecting C compile features - done
[0.496s] -- Check for working CXX compiler: /usr/bin/c++
[0.637s] -- Check for working CXX compiler: /usr/bin/c++ -- works
[0.639s] -- Detecting CXX compiler ABI info
[0.768s] -- Detecting CXX compiler ABI info - done
[0.798s] -- Detecting CXX compile features
[0.799s] -- Detecting CXX compile features - done
[0.804s] -- Found ament_cmake: 0.9.11 (/opt/ros/foxy/share/ament_cmake/cmake)
[0.844s] -- Found PythonInterp: /usr/bin/python3 (found suitable version "3.8.10", minimum required is "3") 
[0.845s] -- Using PYTHON_EXECUTABLE: /usr/bin/python3
[1.154s] -- Found rosidl_default_generators: 1.0.1 (/opt/ros/foxy/share/rosidl_default_generators/cmake)
[1.170s] -- Using all available rosidl_typesupport_c: rosidl_typesupport_microxrcedds_c;rosidl_typesupport_fastrtps_c;rosidl_typesupport_introspection_c
[1.183s] -- Found rosidl_adapter: 1.3.0 (/opt/ros/foxy/share/rosidl_adapter/cmake)
[1.399s] -- Found OpenSSL: /usr/lib/x86_64-linux-gnu/libcrypto.so (found version "1.1.1f")  
[1.447s] -- Found FastRTPS: /opt/ros/foxy/include  
[1.574s] -- Using all available rosidl_typesupport_cpp: rosidl_typesupport_microxrcedds_cpp;rosidl_typesupport_fastrtps_cpp;rosidl_typesupport_introspection_cpp
[1.629s] -- Found rcl_interfaces: 1.0.0 (/home/ngy/micro_ros/install/rcl_interfaces/share/rcl_interfaces/cmake)
[1.712s] -- Found PythonInterp: /usr/bin/python3 (found version "3.8.10") 
[1.957s] -- Found ament_cmake_ros: 0.9.2 (/opt/ros/foxy/share/ament_cmake_ros/cmake)
[2.234s] -- Using all available rosidl_typesupport_c: rosidl_typesupport_microxrcedds_c;rosidl_typesupport_fastrtps_c;rosidl_typesupport_introspection_c
[2.325s] -- Using all available rosidl_typesupport_cpp: rosidl_typesupport_microxrcedds_cpp;rosidl_typesupport_fastrtps_cpp;rosidl_typesupport_introspection_cpp
[2.365s] -- Found PythonInterp: /usr/bin/python3 (found suitable version "3.8.10", minimum required is "3.5") 
[2.369s] -- Found python_cmake_module: 0.8.1 (/opt/ros/foxy/share/python_cmake_module/cmake)
[2.415s] -- Found PythonLibs: /usr/lib/x86_64-linux-gnu/libpython3.8.so (found suitable version "3.8.10", minimum required is "3.5") 
[2.415s] -- Using PYTHON_EXECUTABLE: /usr/bin/python3
[2.415s] -- Using PYTHON_INCLUDE_DIRS: /usr/include/python3.8
[2.415s] -- Using PYTHON_LIBRARIES: /usr/lib/x86_64-linux-gnu/libpython3.8.so
[2.451s] -- Found PythonExtra: .so  
[2.589s] -- Configuring done
[2.686s] -- Generating done
[2.691s] -- Build files have been written to: /home/ngy/micro_ros/build/composition_interfaces
[2.700s] Invoked command in '/home/ngy/micro_ros/build/composition_interfaces' returned '0': AMENT_PREFIX_PATH=/home/ngy/micro_ros/install/rcl_interfaces:/home/ngy/micro_ros/install/builtin_interfaces:${AMENT_PREFIX_PATH} CMAKE_PREFIX_PATH=/home/ngy/micro_ros/install/rcl_interfaces:/home/ngy/micro_ros/install/builtin_interfaces:/home/ngy/micro_ros/install/rosidl_typesupport_microxrcedds_cpp:/home/ngy/micro_ros/install/rosidl_typesupport_microxrcedds_c:/home/ngy/micro_ros/install/microcdr:/home/ngy/micro_ros/install/micro_ros_msgs:/home/ngy/micro_ros/install/micro_ros_setup:/home/ngy/microros_ws/install/micro_ros_agent:/home/ngy/microros_ws/install/common_interfaces:/home/ngy/microros_ws/install/visualization_msgs:/home/ngy/microros_ws/install/test_msgs:/home/ngy/microros_ws/install/micro_ros_demos_rclc:/home/ngy/microros_ws/install/example_interfaces:/home/ngy/microros_ws/install/action_msgs:/home/ngy/microros_ws/install/unique_identifier_msgs:/home/ngy/microros_ws/install/trajectory_msgs:/home/ngy/microros_ws/install/stereo_msgs:/home/ngy/microros_ws/install/std_srvs:/home/ngy/microros_ws/install/shape_msgs:/home/ngy/microros_ws/install/sensor_msgs:/home/ngy/microros_ws/install/nav_msgs:/home/ngy/microros_ws/install/diagnostic_msgs:/home/ngy/microros_ws/install/geometry_msgs:/home/ngy/microros_ws/install/actionlib_msgs:/home/ngy/microros_ws/install/std_msgs:/home/ngy/microros_ws/install/statistics_msgs:/home/ngy/microros_ws/install/rosidl_typesupport_microxrcedds_test_msg:/home/ngy/microros_ws/install/rosidl_typesupport_microxrcedds_cpp_tests:/home/ngy/microros_ws/install/rmw_microxrcedds:/home/ngy/microros_ws/install/rosidl_typesupport_microxrcedds_cpp:/home/ngy/microros_ws/install/rosidl_typesupport_microxrcedds_c_tests:/home/ngy/microros_ws/install/rosidl_typesupport_microxrcedds_c:/home/ngy/microros_ws/install/rosgraph_msgs:/home/ngy/microros_ws/install/rclc_parameter:/home/ngy/microros_ws/install/rclc:/home/ngy/microros_ws/install/composition_interfaces:/home/ngy/microros_ws/install/rcl_interfaces:/home/ngy/microros_ws/install/microxrcedds_client:/home/ngy/microros_ws/install/microcdr:/home/ngy/microros_ws/install/micro_ros_msgs:/home/ngy/microros_ws/install/micro_ros_demos_rclcpp:/home/ngy/microros_ws/install/lifecycle_msgs:/home/ngy/microros_ws/install/complex_msgs:/home/ngy/microros_ws/install/builtin_interfaces:/home/ngy/microros_ws/install/micro_ros_setup:/home/ngy/microros_ws/install/sensor_msgs_py:/opt/ros/foxy LD_LIBRARY_PATH=/home/ngy/micro_ros/install/rcl_interfaces/lib:/home/ngy/micro_ros/install/builtin_interfaces/lib:${LD_LIBRARY_PATH} PYTHONPATH=/home/ngy/micro_ros/install/rcl_interfaces/lib/python3.8/site-packages:/home/ngy/micro_ros/install/builtin_interfaces/lib/python3.8/site-packages:${PYTHONPATH} /usr/bin/cmake /home/ngy/micro_ros/src/ros2/rcl_interfaces/composition_interfaces -DBUILD_TESTING=OFF -DBUILD_SHARED_LIBS=ON -DCMAKE_INSTALL_PREFIX=/home/ngy/micro_ros/install/composition_interfaces
[2.707s] Invoking command in '/home/ngy/micro_ros/build/composition_interfaces': AMENT_PREFIX_PATH=/home/ngy/micro_ros/install/rcl_interfaces:/home/ngy/micro_ros/install/builtin_interfaces:${AMENT_PREFIX_PATH} CMAKE_PREFIX_PATH=/home/ngy/micro_ros/install/rcl_interfaces:/home/ngy/micro_ros/install/builtin_interfaces:/home/ngy/micro_ros/install/rosidl_typesupport_microxrcedds_cpp:/home/ngy/micro_ros/install/rosidl_typesupport_microxrcedds_c:/home/ngy/micro_ros/install/microcdr:/home/ngy/micro_ros/install/micro_ros_msgs:/home/ngy/micro_ros/install/micro_ros_setup:/home/ngy/microros_ws/install/micro_ros_agent:/home/ngy/microros_ws/install/common_interfaces:/home/ngy/microros_ws/install/visualization_msgs:/home/ngy/microros_ws/install/test_msgs:/home/ngy/microros_ws/install/micro_ros_demos_rclc:/home/ngy/microros_ws/install/example_interfaces:/home/ngy/microros_ws/install/action_msgs:/home/ngy/microros_ws/install/unique_identifier_msgs:/home/ngy/microros_ws/install/trajectory_msgs:/home/ngy/microros_ws/install/stereo_msgs:/home/ngy/microros_ws/install/std_srvs:/home/ngy/microros_ws/install/shape_msgs:/home/ngy/microros_ws/install/sensor_msgs:/home/ngy/microros_ws/install/nav_msgs:/home/ngy/microros_ws/install/diagnostic_msgs:/home/ngy/microros_ws/install/geometry_msgs:/home/ngy/microros_ws/install/actionlib_msgs:/home/ngy/microros_ws/install/std_msgs:/home/ngy/microros_ws/install/statistics_msgs:/home/ngy/microros_ws/install/rosidl_typesupport_microxrcedds_test_msg:/home/ngy/microros_ws/install/rosidl_typesupport_microxrcedds_cpp_tests:/home/ngy/microros_ws/install/rmw_microxrcedds:/home/ngy/microros_ws/install/rosidl_typesupport_microxrcedds_cpp:/home/ngy/microros_ws/install/rosidl_typesupport_microxrcedds_c_tests:/home/ngy/microros_ws/install/rosidl_typesupport_microxrcedds_c:/home/ngy/microros_ws/install/rosgraph_msgs:/home/ngy/microros_ws/install/rclc_parameter:/home/ngy/microros_ws/install/rclc:/home/ngy/microros_ws/install/composition_interfaces:/home/ngy/microros_ws/install/rcl_interfaces:/home/ngy/microros_ws/install/microxrcedds_client:/home/ngy/microros_ws/install/microcdr:/home/ngy/microros_ws/install/micro_ros_msgs:/home/ngy/microros_ws/install/micro_ros_demos_rclcpp:/home/ngy/microros_ws/install/lifecycle_msgs:/home/ngy/microros_ws/install/complex_msgs:/home/ngy/microros_ws/install/builtin_interfaces:/home/ngy/microros_ws/install/micro_ros_setup:/home/ngy/microros_ws/install/sensor_msgs_py:/opt/ros/foxy LD_LIBRARY_PATH=/home/ngy/micro_ros/install/rcl_interfaces/lib:/home/ngy/micro_ros/install/builtin_interfaces/lib:${LD_LIBRARY_PATH} PYTHONPATH=/home/ngy/micro_ros/install/rcl_interfaces/lib/python3.8/site-packages:/home/ngy/micro_ros/install/builtin_interfaces/lib/python3.8/site-packages:${PYTHONPATH} /usr/bin/cmake --build /home/ngy/micro_ros/build/composition_interfaces -- -j12 -l12
[2.779s] [35m[1mScanning dependencies of target composition_interfaces__cpp[0m
[2.798s] [  1%] [34m[1mGenerating C++ code for ROS interfaces[0m
[3.646s] [  1%] Built target composition_interfaces__cpp
[3.666s] [  3%] [34m[1mGenerating C code for ROS interfaces[0m
[4.548s] [35m[1mScanning dependencies of target composition_interfaces__rosidl_generator_c[0m
[4.573s] [  5%] [32mBuilding C object CMakeFiles/composition_interfaces__rosidl_generator_c.dir/rosidl_generator_c/composition_interfaces/srv/detail/load_node__functions.c.o[0m
[4.578s] [  6%] [32mBuilding C object CMakeFiles/composition_interfaces__rosidl_generator_c.dir/rosidl_generator_c/composition_interfaces/srv/detail/list_nodes__functions.c.o[0m
[4.673s] [  8%] [32mBuilding C object CMakeFiles/composition_interfaces__rosidl_generator_c.dir/rosidl_generator_c/composition_interfaces/srv/detail/unload_node__functions.c.o[0m
[4.794s] [ 10%] [32m[1mLinking C shared library libcomposition_interfaces__rosidl_generator_c.so[0m
[4.890s] [ 10%] Built target composition_interfaces__rosidl_generator_c
[4.918s] [ 13%] [34m[1mGenerating C++ type support for eProsima Fast-RTPS[0m
[4.919s] [ 13%] [34m[1mGenerating C++ introspection for ROS interfaces[0m
[6.294s] [35m[1mScanning dependencies of target composition_interfaces__rosidl_typesupport_introspection_cpp[0m
[6.332s] [ 15%] [32mBuilding CXX object CMakeFiles/composition_interfaces__rosidl_typesupport_introspection_cpp.dir/rosidl_typesupport_introspection_cpp/composition_interfaces/srv/detail/load_node__type_support.cpp.o[0m
[6.336s] [35m[1mScanning dependencies of target composition_interfaces__rosidl_typesupport_fastrtps_cpp[0m
[6.338s] [ 16%] [32mBuilding CXX object CMakeFiles/composition_interfaces__rosidl_typesupport_introspection_cpp.dir/rosidl_typesupport_introspection_cpp/composition_interfaces/srv/detail/list_nodes__type_support.cpp.o[0m
[6.442s] [ 18%] [32mBuilding CXX object CMakeFiles/composition_interfaces__rosidl_typesupport_fastrtps_cpp.dir/rosidl_typesupport_fastrtps_cpp/composition_interfaces/srv/detail/dds_fastrtps/load_node__type_support.cpp.o[0m
[6.452s] [ 20%] [32mBuilding CXX object CMakeFiles/composition_interfaces__rosidl_typesupport_fastrtps_cpp.dir/rosidl_typesupport_fastrtps_cpp/composition_interfaces/srv/detail/dds_fastrtps/list_nodes__type_support.cpp.o[0m
[7.383s] [ 22%] [32mBuilding CXX object CMakeFiles/composition_interfaces__rosidl_typesupport_introspection_cpp.dir/rosidl_typesupport_introspection_cpp/composition_interfaces/srv/detail/unload_node__type_support.cpp.o[0m
[8.200s] [ 23%] [32mBuilding CXX object CMakeFiles/composition_interfaces__rosidl_typesupport_fastrtps_cpp.dir/rosidl_typesupport_fastrtps_cpp/composition_interfaces/srv/detail/dds_fastrtps/unload_node__type_support.cpp.o[0m
[8.513s] [ 25%] [32m[1mLinking CXX shared library libcomposition_interfaces__rosidl_typesupport_introspection_cpp.so[0m
[8.729s] [ 25%] Built target composition_interfaces__rosidl_typesupport_introspection_cpp
[8.763s] [ 27%] [34m[1mGenerating C type support dispatch for ROS interfaces[0m
[9.461s] [ 28%] [32m[1mLinking CXX shared library libcomposition_interfaces__rosidl_typesupport_fastrtps_cpp.so[0m
[10.040s] [ 28%] Built target composition_interfaces__rosidl_typesupport_fastrtps_cpp
[10.106s] [35m[1mScanning dependencies of target composition_interfaces__rosidl_typesupport_c[0m
[10.145s] [ 30%] [32mBuilding CXX object CMakeFiles/composition_interfaces__rosidl_typesupport_c.dir/rosidl_typesupport_c/composition_interfaces/srv/load_node__type_support.cpp.o[0m
[10.241s] [ 32%] [32mBuilding CXX object CMakeFiles/composition_interfaces__rosidl_typesupport_c.dir/rosidl_typesupport_c/composition_interfaces/srv/unload_node__type_support.cpp.o[0m
[10.330s] [ 33%] [32mBuilding CXX object CMakeFiles/composition_interfaces__rosidl_typesupport_c.dir/rosidl_typesupport_c/composition_interfaces/srv/list_nodes__type_support.cpp.o[0m
[10.418s] [ 35%] [32m[1mLinking CXX shared library libcomposition_interfaces__rosidl_typesupport_c.so[0m
[10.575s] [ 35%] Built target composition_interfaces__rosidl_typesupport_c
[10.617s] [ 37%] [34m[1mGenerating C type support for eProsima Fast-RTPS[0m
[12.185s] [35m[1mScanning dependencies of target composition_interfaces__rosidl_typesupport_fastrtps_c[0m
[12.246s] [ 38%] [32mBuilding CXX object CMakeFiles/composition_interfaces__rosidl_typesupport_fastrtps_c.dir/rosidl_typesupport_fastrtps_c/composition_interfaces/srv/detail/load_node__type_support_c.cpp.o[0m
[13.126s] [ 40%] [32mBuilding CXX object CMakeFiles/composition_interfaces__rosidl_typesupport_fastrtps_c.dir/rosidl_typesupport_fastrtps_c/composition_interfaces/srv/detail/unload_node__type_support_c.cpp.o[0m
[14.027s] [ 42%] [32mBuilding CXX object CMakeFiles/composition_interfaces__rosidl_typesupport_fastrtps_c.dir/rosidl_typesupport_fastrtps_c/composition_interfaces/srv/detail/list_nodes__type_support_c.cpp.o[0m
[14.944s] [ 44%] [32m[1mLinking CXX shared library libcomposition_interfaces__rosidl_typesupport_fastrtps_c.so[0m
[15.187s] [ 44%] Built target composition_interfaces__rosidl_typesupport_fastrtps_c
[15.216s] [ 45%] [34m[1mGenerating C introspection for ROS interfaces[0m
[16.504s] [35m[1mScanning dependencies of target composition_interfaces__rosidl_typesupport_introspection_c[0m
[16.531s] [ 47%] [32mBuilding C object CMakeFiles/composition_interfaces__rosidl_typesupport_introspection_c.dir/rosidl_typesupport_introspection_c/composition_interfaces/srv/detail/load_node__type_support.c.o[0m
[16.603s] [ 49%] [32mBuilding C object CMakeFiles/composition_interfaces__rosidl_typesupport_introspection_c.dir/rosidl_typesupport_introspection_c/composition_interfaces/srv/detail/unload_node__type_support.c.o[0m
[16.662s] [ 50%] [32mBuilding C object CMakeFiles/composition_interfaces__rosidl_typesupport_introspection_c.dir/rosidl_typesupport_introspection_c/composition_interfaces/srv/detail/list_nodes__type_support.c.o[0m
[16.720s] [ 52%] [32m[1mLinking C shared library libcomposition_interfaces__rosidl_typesupport_introspection_c.so[0m
[16.776s] [ 52%] Built target composition_interfaces__rosidl_typesupport_introspection_c
[16.795s] [ 54%] [34m[1mGenerating C type support for eProsima Micro XRCE-DDS[0m
[17.675s] [35m[1mScanning dependencies of target composition_interfaces__rosidl_typesupport_microxrcedds_c[0m
[17.711s] [ 55%] [32mBuilding C object CMakeFiles/composition_interfaces__rosidl_typesupport_microxrcedds_c.dir/rosidl_typesupport_microxrcedds_c/composition_interfaces/srv/detail/microxrcedds/load_node__type_support_c.c.o[0m
[17.829s] [ 57%] [32mBuilding C object CMakeFiles/composition_interfaces__rosidl_typesupport_microxrcedds_c.dir/rosidl_typesupport_microxrcedds_c/composition_interfaces/srv/detail/microxrcedds/unload_node__type_support_c.c.o[0m
[17.918s] [ 59%] [32mBuilding C object CMakeFiles/composition_interfaces__rosidl_typesupport_microxrcedds_c.dir/rosidl_typesupport_microxrcedds_c/composition_interfaces/srv/detail/microxrcedds/list_nodes__type_support_c.c.o[0m
[18.013s] [ 61%] [32m[1mLinking C shared library libcomposition_interfaces__rosidl_typesupport_microxrcedds_c.so[0m
[18.081s] [ 61%] Built target composition_interfaces__rosidl_typesupport_microxrcedds_c
[18.103s] [ 62%] [34m[1mGenerating C++ type support dispatch for ROS interfaces[0m
[18.818s] [35m[1mScanning dependencies of target composition_interfaces__rosidl_typesupport_cpp[0m
[18.842s] [ 64%] [32mBuilding CXX object CMakeFiles/composition_interfaces__rosidl_typesupport_cpp.dir/rosidl_typesupport_cpp/composition_interfaces/srv/load_node__type_support.cpp.o[0m
[19.269s] [ 66%] [32mBuilding CXX object CMakeFiles/composition_interfaces__rosidl_typesupport_cpp.dir/rosidl_typesupport_cpp/composition_interfaces/srv/unload_node__type_support.cpp.o[0m
[19.275s] [ 67%] [32mBuilding CXX object CMakeFiles/composition_interfaces__rosidl_typesupport_cpp.dir/rosidl_typesupport_cpp/composition_interfaces/srv/list_nodes__type_support.cpp.o[0m
[19.980s] [ 69%] [32m[1mLinking CXX shared library libcomposition_interfaces__rosidl_typesupport_cpp.so[0m
[20.071s] [ 69%] Built target composition_interfaces__rosidl_typesupport_cpp
[20.097s] [ 71%] [34m[1mGenerating C++ type support for eProsima Micro XRCE-DDS[0m
[21.586s] [35m[1mScanning dependencies of target composition_interfaces__rosidl_typesupport_microxrcedds_cpp[0m
[21.642s] [ 72%] [32mBuilding CXX object CMakeFiles/composition_interfaces__rosidl_typesupport_microxrcedds_cpp.dir/rosidl_typesupport_microxrcedds_cpp/composition_interfaces/srv/detail/microxrcedds/load_node__type_support_cpp.cpp.o[0m
[21.642s] [ 74%] [32mBuilding CXX object CMakeFiles/composition_interfaces__rosidl_typesupport_microxrcedds_cpp.dir/rosidl_typesupport_microxrcedds_cpp/composition_interfaces/srv/detail/microxrcedds/list_nodes__type_support_cpp.cpp.o[0m
[22.839s] [ 76%] [32mBuilding CXX object CMakeFiles/composition_interfaces__rosidl_typesupport_microxrcedds_cpp.dir/rosidl_typesupport_microxrcedds_cpp/composition_interfaces/srv/detail/microxrcedds/unload_node__type_support_cpp.cpp.o[0m
[24.020s] [ 77%] [32m[1mLinking CXX shared library libcomposition_interfaces__rosidl_typesupport_microxrcedds_cpp.so[0m
[24.370s] [ 77%] Built target composition_interfaces__rosidl_typesupport_microxrcedds_cpp
[24.400s] [35m[1mScanning dependencies of target composition_interfaces[0m
[24.432s] [ 77%] Built target composition_interfaces
[24.499s] [35m[1mScanning dependencies of target composition_interfaces__py[0m
[24.587s] [ 79%] [34m[1mGenerating Python code for ROS interfaces[0m
[28.795s] [ 79%] Built target composition_interfaces__py
[28.888s] [35m[1mScanning dependencies of target composition_interfaces__python[0m
[29.026s] [ 81%] [32mBuilding C object CMakeFiles/composition_interfaces__python.dir/rosidl_generator_py/composition_interfaces/srv/_load_node_s.c.o[0m
[29.479s] [ 83%] [32mBuilding C object CMakeFiles/composition_interfaces__python.dir/rosidl_generator_py/composition_interfaces/srv/_unload_node_s.c.o[0m
[29.759s] [ 84%] [32mBuilding C object CMakeFiles/composition_interfaces__python.dir/rosidl_generator_py/composition_interfaces/srv/_list_nodes_s.c.o[0m
[30.103s] [ 86%] [32m[1mLinking C shared library rosidl_generator_py/composition_interfaces/libcomposition_interfaces__python.so[0m
[30.254s] [ 86%] Built target composition_interfaces__python
[30.284s] [35m[1mScanning dependencies of target composition_interfaces__rosidl_typesupport_c__pyext[0m
[30.350s] [ 88%] [32mBuilding C object CMakeFiles/composition_interfaces__rosidl_typesupport_c__pyext.dir/rosidl_generator_py/composition_interfaces/_composition_interfaces_s.ep.rosidl_typesupport_c.c.o[0m
[30.613s] [ 89%] [32m[1mLinking C shared library rosidl_generator_py/composition_interfaces/composition_interfaces_s__rosidl_typesupport_c.cpython-38-x86_64-linux-gnu.so[0m
[30.717s] [ 89%] Built target composition_interfaces__rosidl_typesupport_c__pyext
[30.748s] [35m[1mScanning dependencies of target composition_interfaces__rosidl_typesupport_introspection_c__pyext[0m
[30.812s] [ 91%] [32mBuilding C object CMakeFiles/composition_interfaces__rosidl_typesupport_introspection_c__pyext.dir/rosidl_generator_py/composition_interfaces/_composition_interfaces_s.ep.rosidl_typesupport_introspection_c.c.o[0m
[31.093s] [ 93%] [32m[1mLinking C shared library rosidl_generator_py/composition_interfaces/composition_interfaces_s__rosidl_typesupport_introspection_c.cpython-38-x86_64-linux-gnu.so[0m
[31.214s] [ 93%] Built target composition_interfaces__rosidl_typesupport_introspection_c__pyext
[31.243s] [35m[1mScanning dependencies of target composition_interfaces__rosidl_typesupport_microxrcedds_c__pyext[0m
[31.294s] [ 94%] [32mBuilding C object CMakeFiles/composition_interfaces__rosidl_typesupport_microxrcedds_c__pyext.dir/rosidl_generator_py/composition_interfaces/_composition_interfaces_s.ep.rosidl_typesupport_microxrcedds_c.c.o[0m
[31.573s] [ 96%] [32m[1mLinking C shared library rosidl_generator_py/composition_interfaces/composition_interfaces_s__rosidl_typesupport_microxrcedds_c.cpython-38-x86_64-linux-gnu.so[0m
[31.682s] [ 96%] Built target composition_interfaces__rosidl_typesupport_microxrcedds_c__pyext
[31.711s] [35m[1mScanning dependencies of target composition_interfaces__rosidl_typesupport_fastrtps_c__pyext[0m
[31.762s] [ 98%] [32mBuilding C object CMakeFiles/composition_interfaces__rosidl_typesupport_fastrtps_c__pyext.dir/rosidl_generator_py/composition_interfaces/_composition_interfaces_s.ep.rosidl_typesupport_fastrtps_c.c.o[0m
[32.005s] [100%] [32m[1mLinking CXX shared library rosidl_generator_py/composition_interfaces/composition_interfaces_s__rosidl_typesupport_fastrtps_c.cpython-38-x86_64-linux-gnu.so[0m
[32.171s] [100%] Built target composition_interfaces__rosidl_typesupport_fastrtps_c__pyext
[32.199s] Invoked command in '/home/ngy/micro_ros/build/composition_interfaces' returned '0': AMENT_PREFIX_PATH=/home/ngy/micro_ros/install/rcl_interfaces:/home/ngy/micro_ros/install/builtin_interfaces:${AMENT_PREFIX_PATH} CMAKE_PREFIX_PATH=/home/ngy/micro_ros/install/rcl_interfaces:/home/ngy/micro_ros/install/builtin_interfaces:/home/ngy/micro_ros/install/rosidl_typesupport_microxrcedds_cpp:/home/ngy/micro_ros/install/rosidl_typesupport_microxrcedds_c:/home/ngy/micro_ros/install/microcdr:/home/ngy/micro_ros/install/micro_ros_msgs:/home/ngy/micro_ros/install/micro_ros_setup:/home/ngy/microros_ws/install/micro_ros_agent:/home/ngy/microros_ws/install/common_interfaces:/home/ngy/microros_ws/install/visualization_msgs:/home/ngy/microros_ws/install/test_msgs:/home/ngy/microros_ws/install/micro_ros_demos_rclc:/home/ngy/microros_ws/install/example_interfaces:/home/ngy/microros_ws/install/action_msgs:/home/ngy/microros_ws/install/unique_identifier_msgs:/home/ngy/microros_ws/install/trajectory_msgs:/home/ngy/microros_ws/install/stereo_msgs:/home/ngy/microros_ws/install/std_srvs:/home/ngy/microros_ws/install/shape_msgs:/home/ngy/microros_ws/install/sensor_msgs:/home/ngy/microros_ws/install/nav_msgs:/home/ngy/microros_ws/install/diagnostic_msgs:/home/ngy/microros_ws/install/geometry_msgs:/home/ngy/microros_ws/install/actionlib_msgs:/home/ngy/microros_ws/install/std_msgs:/home/ngy/microros_ws/install/statistics_msgs:/home/ngy/microros_ws/install/rosidl_typesupport_microxrcedds_test_msg:/home/ngy/microros_ws/install/rosidl_typesupport_microxrcedds_cpp_tests:/home/ngy/microros_ws/install/rmw_microxrcedds:/home/ngy/microros_ws/install/rosidl_typesupport_microxrcedds_cpp:/home/ngy/microros_ws/install/rosidl_typesupport_microxrcedds_c_tests:/home/ngy/microros_ws/install/rosidl_typesupport_microxrcedds_c:/home/ngy/microros_ws/install/rosgraph_msgs:/home/ngy/microros_ws/install/rclc_parameter:/home/ngy/microros_ws/install/rclc:/home/ngy/microros_ws/install/composition_interfaces:/home/ngy/microros_ws/install/rcl_interfaces:/home/ngy/microros_ws/install/microxrcedds_client:/home/ngy/microros_ws/install/microcdr:/home/ngy/microros_ws/install/micro_ros_msgs:/home/ngy/microros_ws/install/micro_ros_demos_rclcpp:/home/ngy/microros_ws/install/lifecycle_msgs:/home/ngy/microros_ws/install/complex_msgs:/home/ngy/microros_ws/install/builtin_interfaces:/home/ngy/microros_ws/install/micro_ros_setup:/home/ngy/microros_ws/install/sensor_msgs_py:/opt/ros/foxy LD_LIBRARY_PATH=/home/ngy/micro_ros/install/rcl_interfaces/lib:/home/ngy/micro_ros/install/builtin_interfaces/lib:${LD_LIBRARY_PATH} PYTHONPATH=/home/ngy/micro_ros/install/rcl_interfaces/lib/python3.8/site-packages:/home/ngy/micro_ros/install/builtin_interfaces/lib/python3.8/site-packages:${PYTHONPATH} /usr/bin/cmake --build /home/ngy/micro_ros/build/composition_interfaces -- -j12 -l12
[32.581s] Invoking command in '/home/ngy/micro_ros/build/composition_interfaces': AMENT_PREFIX_PATH=/home/ngy/micro_ros/install/rcl_interfaces:/home/ngy/micro_ros/install/builtin_interfaces:${AMENT_PREFIX_PATH} CMAKE_PREFIX_PATH=/home/ngy/micro_ros/install/rcl_interfaces:/home/ngy/micro_ros/install/builtin_interfaces:/home/ngy/micro_ros/install/rosidl_typesupport_microxrcedds_cpp:/home/ngy/micro_ros/install/rosidl_typesupport_microxrcedds_c:/home/ngy/micro_ros/install/microcdr:/home/ngy/micro_ros/install/micro_ros_msgs:/home/ngy/micro_ros/install/micro_ros_setup:/home/ngy/microros_ws/install/micro_ros_agent:/home/ngy/microros_ws/install/common_interfaces:/home/ngy/microros_ws/install/visualization_msgs:/home/ngy/microros_ws/install/test_msgs:/home/ngy/microros_ws/install/micro_ros_demos_rclc:/home/ngy/microros_ws/install/example_interfaces:/home/ngy/microros_ws/install/action_msgs:/home/ngy/microros_ws/install/unique_identifier_msgs:/home/ngy/microros_ws/install/trajectory_msgs:/home/ngy/microros_ws/install/stereo_msgs:/home/ngy/microros_ws/install/std_srvs:/home/ngy/microros_ws/install/shape_msgs:/home/ngy/microros_ws/install/sensor_msgs:/home/ngy/microros_ws/install/nav_msgs:/home/ngy/microros_ws/install/diagnostic_msgs:/home/ngy/microros_ws/install/geometry_msgs:/home/ngy/microros_ws/install/actionlib_msgs:/home/ngy/microros_ws/install/std_msgs:/home/ngy/microros_ws/install/statistics_msgs:/home/ngy/microros_ws/install/rosidl_typesupport_microxrcedds_test_msg:/home/ngy/microros_ws/install/rosidl_typesupport_microxrcedds_cpp_tests:/home/ngy/microros_ws/install/rmw_microxrcedds:/home/ngy/microros_ws/install/rosidl_typesupport_microxrcedds_cpp:/home/ngy/microros_ws/install/rosidl_typesupport_microxrcedds_c_tests:/home/ngy/microros_ws/install/rosidl_typesupport_microxrcedds_c:/home/ngy/microros_ws/install/rosgraph_msgs:/home/ngy/microros_ws/install/rclc_parameter:/home/ngy/microros_ws/install/rclc:/home/ngy/microros_ws/install/composition_interfaces:/home/ngy/microros_ws/install/rcl_interfaces:/home/ngy/microros_ws/install/microxrcedds_client:/home/ngy/microros_ws/install/microcdr:/home/ngy/microros_ws/install/micro_ros_msgs:/home/ngy/microros_ws/install/micro_ros_demos_rclcpp:/home/ngy/microros_ws/install/lifecycle_msgs:/home/ngy/microros_ws/install/complex_msgs:/home/ngy/microros_ws/install/builtin_interfaces:/home/ngy/microros_ws/install/micro_ros_setup:/home/ngy/microros_ws/install/sensor_msgs_py:/opt/ros/foxy LD_LIBRARY_PATH=/home/ngy/micro_ros/install/rcl_interfaces/lib:/home/ngy/micro_ros/install/builtin_interfaces/lib:${LD_LIBRARY_PATH} PYTHONPATH=/home/ngy/micro_ros/install/rcl_interfaces/lib/python3.8/site-packages:/home/ngy/micro_ros/install/builtin_interfaces/lib/python3.8/site-packages:${PYTHONPATH} /usr/bin/cmake --install /home/ngy/micro_ros/build/composition_interfaces
[32.604s] -- Install configuration: ""
[32.604s] -- Installing: /home/ngy/micro_ros/install/composition_interfaces/share/ament_index/resource_index/rosidl_interfaces/composition_interfaces
[32.605s] -- Installing: /home/ngy/micro_ros/install/composition_interfaces/include/composition_interfaces
[32.605s] -- Installing: /home/ngy/micro_ros/install/composition_interfaces/include/composition_interfaces/srv
[32.605s] -- Installing: /home/ngy/micro_ros/install/composition_interfaces/include/composition_interfaces/srv/detail
[32.605s] -- Installing: /home/ngy/micro_ros/install/composition_interfaces/include/composition_interfaces/srv/detail/unload_node__functions.c
[32.605s] -- Installing: /home/ngy/micro_ros/install/composition_interfaces/include/composition_interfaces/srv/detail/list_nodes__type_support.h
[32.606s] -- Installing: /home/ngy/micro_ros/install/composition_interfaces/include/composition_interfaces/srv/detail/load_node__struct.h
[32.606s] -- Installing: /home/ngy/micro_ros/install/composition_interfaces/include/composition_interfaces/srv/detail/load_node__functions.h
[32.606s] -- Installing: /home/ngy/micro_ros/install/composition_interfaces/include/composition_interfaces/srv/detail/load_node__functions.c
[32.606s] -- Installing: /home/ngy/micro_ros/install/composition_interfaces/include/composition_interfaces/srv/detail/list_nodes__functions.h
[32.606s] -- Installing: /home/ngy/micro_ros/install/composition_interfaces/include/composition_interfaces/srv/detail/load_node__type_support.h
[32.607s] -- Installing: /home/ngy/micro_ros/install/composition_interfaces/include/composition_interfaces/srv/detail/unload_node__type_support.h
[32.607s] -- Installing: /home/ngy/micro_ros/install/composition_interfaces/include/composition_interfaces/srv/detail/list_nodes__functions.c
[32.607s] -- Installing: /home/ngy/micro_ros/install/composition_interfaces/include/composition_interfaces/srv/detail/list_nodes__struct.h
[32.607s] -- Installing: /home/ngy/micro_ros/install/composition_interfaces/include/composition_interfaces/srv/detail/unload_node__struct.h
[32.607s] -- Installing: /home/ngy/micro_ros/install/composition_interfaces/include/composition_interfaces/srv/detail/unload_node__functions.h
[32.608s] -- Installing: /home/ngy/micro_ros/install/composition_interfaces/include/composition_interfaces/srv/list_nodes.h
[32.608s] -- Installing: /home/ngy/micro_ros/install/composition_interfaces/include/composition_interfaces/srv/load_node.h
[32.608s] -- Installing: /home/ngy/micro_ros/install/composition_interfaces/include/composition_interfaces/srv/unload_node.h
[32.608s] -- Installing: /home/ngy/micro_ros/install/composition_interfaces/include/composition_interfaces/msg
[32.609s] -- Installing: /home/ngy/micro_ros/install/composition_interfaces/include/composition_interfaces/msg/rosidl_generator_c__visibility_control.h
[32.609s] -- Installing: /home/ngy/micro_ros/install/composition_interfaces/share/composition_interfaces/environment/library_path.sh
[32.610s] -- Installing: /home/ngy/micro_ros/install/composition_interfaces/share/composition_interfaces/environment/library_path.dsv
[32.610s] -- Installing: /home/ngy/micro_ros/install/composition_interfaces/lib/libcomposition_interfaces__rosidl_generator_c.so
[32.611s] -- Set runtime path of "/home/ngy/micro_ros/install/composition_interfaces/lib/libcomposition_interfaces__rosidl_generator_c.so" to ""
[32.611s] -- Up-to-date: /home/ngy/micro_ros/install/composition_interfaces/include/composition_interfaces
[32.611s] -- Up-to-date: /home/ngy/micro_ros/install/composition_interfaces/include/composition_interfaces/srv
[32.612s] -- Up-to-date: /home/ngy/micro_ros/install/composition_interfaces/include/composition_interfaces/srv/detail
[32.612s] -- Installing: /home/ngy/micro_ros/install/composition_interfaces/include/composition_interfaces/srv/detail/microxrcedds
[32.612s] -- Installing: /home/ngy/micro_ros/install/composition_interfaces/include/composition_interfaces/srv/detail/list_nodes__rosidl_typesupport_microxrcedds_c.h
[32.612s] -- Installing: /home/ngy/micro_ros/install/composition_interfaces/include/composition_interfaces/srv/detail/load_node__rosidl_typesupport_microxrcedds_c.h
[32.612s] -- Installing: /home/ngy/micro_ros/install/composition_interfaces/include/composition_interfaces/srv/detail/unload_node__rosidl_typesupport_microxrcedds_c.h
[32.613s] -- Up-to-date: /home/ngy/micro_ros/install/composition_interfaces/include/composition_interfaces/msg
[32.613s] -- Installing: /home/ngy/micro_ros/install/composition_interfaces/include/composition_interfaces/msg/rosidl_typesupport_microxrcedds_c__visibility_control.h
[32.613s] -- Installing: /home/ngy/micro_ros/install/composition_interfaces/lib/libcomposition_interfaces__rosidl_typesupport_microxrcedds_c.so
[32.613s] -- Set runtime path of "/home/ngy/micro_ros/install/composition_interfaces/lib/libcomposition_interfaces__rosidl_typesupport_microxrcedds_c.so" to ""
[32.614s] -- Up-to-date: /home/ngy/micro_ros/install/composition_interfaces/include/composition_interfaces
[32.614s] -- Up-to-date: /home/ngy/micro_ros/install/composition_interfaces/include/composition_interfaces/srv
[32.614s] -- Up-to-date: /home/ngy/micro_ros/install/composition_interfaces/include/composition_interfaces/srv/detail
[32.614s] -- Installing: /home/ngy/micro_ros/install/composition_interfaces/include/composition_interfaces/srv/detail/unload_node__rosidl_typesupport_fastrtps_c.h
[32.614s] -- Installing: /home/ngy/micro_ros/install/composition_interfaces/include/composition_interfaces/srv/detail/load_node__rosidl_typesupport_fastrtps_c.h
[32.615s] -- Installing: /home/ngy/micro_ros/install/composition_interfaces/include/composition_interfaces/srv/detail/list_nodes__rosidl_typesupport_fastrtps_c.h
[32.615s] -- Up-to-date: /home/ngy/micro_ros/install/composition_interfaces/include/composition_interfaces/msg
[32.615s] -- Installing: /home/ngy/micro_ros/install/composition_interfaces/include/composition_interfaces/msg/rosidl_typesupport_fastrtps_c__visibility_control.h
[32.615s] -- Installing: /home/ngy/micro_ros/install/composition_interfaces/lib/libcomposition_interfaces__rosidl_typesupport_fastrtps_c.so
[32.616s] -- Set runtime path of "/home/ngy/micro_ros/install/composition_interfaces/lib/libcomposition_interfaces__rosidl_typesupport_fastrtps_c.so" to ""
[32.617s] -- Up-to-date: /home/ngy/micro_ros/install/composition_interfaces/include/composition_interfaces
[32.617s] -- Up-to-date: /home/ngy/micro_ros/install/composition_interfaces/include/composition_interfaces/srv
[32.617s] -- Up-to-date: /home/ngy/micro_ros/install/composition_interfaces/include/composition_interfaces/srv/detail
[32.618s] -- Installing: /home/ngy/micro_ros/install/composition_interfaces/include/composition_interfaces/srv/detail/unload_node__rosidl_typesupport_fastrtps_cpp.hpp
[32.618s] -- Installing: /home/ngy/micro_ros/install/composition_interfaces/include/composition_interfaces/srv/detail/list_nodes__rosidl_typesupport_fastrtps_cpp.hpp
[32.618s] -- Installing: /home/ngy/micro_ros/install/composition_interfaces/include/composition_interfaces/srv/detail/dds_fastrtps
[32.618s] -- Installing: /home/ngy/micro_ros/install/composition_interfaces/include/composition_interfaces/srv/detail/load_node__rosidl_typesupport_fastrtps_cpp.hpp
[32.618s] -- Up-to-date: /home/ngy/micro_ros/install/composition_interfaces/include/composition_interfaces/msg
[32.618s] -- Installing: /home/ngy/micro_ros/install/composition_interfaces/include/composition_interfaces/msg/rosidl_typesupport_fastrtps_cpp__visibility_control.h
[32.619s] -- Installing: /home/ngy/micro_ros/install/composition_interfaces/lib/libcomposition_interfaces__rosidl_typesupport_fastrtps_cpp.so
[32.620s] -- Set runtime path of "/home/ngy/micro_ros/install/composition_interfaces/lib/libcomposition_interfaces__rosidl_typesupport_fastrtps_cpp.so" to ""
[32.620s] -- Up-to-date: /home/ngy/micro_ros/install/composition_interfaces/include/composition_interfaces
[32.620s] -- Up-to-date: /home/ngy/micro_ros/install/composition_interfaces/include/composition_interfaces/srv
[32.620s] -- Up-to-date: /home/ngy/micro_ros/install/composition_interfaces/include/composition_interfaces/srv/detail
[32.621s] -- Installing: /home/ngy/micro_ros/install/composition_interfaces/include/composition_interfaces/srv/detail/load_node__rosidl_typesupport_introspection_c.h
[32.621s] -- Installing: /home/ngy/micro_ros/install/composition_interfaces/include/composition_interfaces/srv/detail/unload_node__rosidl_typesupport_introspection_c.h
[32.621s] -- Installing: /home/ngy/micro_ros/install/composition_interfaces/include/composition_interfaces/srv/detail/load_node__type_support.c
[32.621s] -- Installing: /home/ngy/micro_ros/install/composition_interfaces/include/composition_interfaces/srv/detail/list_nodes__type_support.c
[32.621s] -- Installing: /home/ngy/micro_ros/install/composition_interfaces/include/composition_interfaces/srv/detail/list_nodes__rosidl_typesupport_introspection_c.h
[32.622s] -- Installing: /home/ngy/micro_ros/install/composition_interfaces/include/composition_interfaces/srv/detail/unload_node__type_support.c
[32.622s] -- Up-to-date: /home/ngy/micro_ros/install/composition_interfaces/include/composition_interfaces/msg
[32.622s] -- Installing: /home/ngy/micro_ros/install/composition_interfaces/include/composition_interfaces/msg/rosidl_typesupport_introspection_c__visibility_control.h
[32.622s] -- Installing: /home/ngy/micro_ros/install/composition_interfaces/lib/libcomposition_interfaces__rosidl_typesupport_introspection_c.so
[32.623s] -- Set runtime path of "/home/ngy/micro_ros/install/composition_interfaces/lib/libcomposition_interfaces__rosidl_typesupport_introspection_c.so" to ""
[32.623s] -- Installing: /home/ngy/micro_ros/install/composition_interfaces/lib/libcomposition_interfaces__rosidl_typesupport_c.so
[32.624s] -- Set runtime path of "/home/ngy/micro_ros/install/composition_interfaces/lib/libcomposition_interfaces__rosidl_typesupport_c.so" to ""
[32.624s] -- Up-to-date: /home/ngy/micro_ros/install/composition_interfaces/include/composition_interfaces
[32.625s] -- Up-to-date: /home/ngy/micro_ros/install/composition_interfaces/include/composition_interfaces/srv
[32.625s] -- Up-to-date: /home/ngy/micro_ros/install/composition_interfaces/include/composition_interfaces/srv/detail
[32.625s] -- Installing: /home/ngy/micro_ros/install/composition_interfaces/include/composition_interfaces/srv/detail/list_nodes__traits.hpp
[32.625s] -- Installing: /home/ngy/micro_ros/install/composition_interfaces/include/composition_interfaces/srv/detail/unload_node__traits.hpp
[32.626s] -- Installing: /home/ngy/micro_ros/install/composition_interfaces/include/composition_interfaces/srv/detail/list_nodes__struct.hpp
[32.626s] -- Installing: /home/ngy/micro_ros/install/composition_interfaces/include/composition_interfaces/srv/detail/list_nodes__builder.hpp
[32.626s] -- Installing: /home/ngy/micro_ros/install/composition_interfaces/include/composition_interfaces/srv/detail/load_node__builder.hpp
[32.626s] -- Installing: /home/ngy/micro_ros/install/composition_interfaces/include/composition_interfaces/srv/detail/unload_node__struct.hpp
[32.626s] -- Installing: /home/ngy/micro_ros/install/composition_interfaces/include/composition_interfaces/srv/detail/unload_node__builder.hpp
[32.627s] -- Installing: /home/ngy/micro_ros/install/composition_interfaces/include/composition_interfaces/srv/detail/load_node__traits.hpp
[32.627s] -- Installing: /home/ngy/micro_ros/install/composition_interfaces/include/composition_interfaces/srv/detail/load_node__struct.hpp
[32.627s] -- Installing: /home/ngy/micro_ros/install/composition_interfaces/include/composition_interfaces/srv/load_node.hpp
[32.627s] -- Installing: /home/ngy/micro_ros/install/composition_interfaces/include/composition_interfaces/srv/unload_node.hpp
[32.628s] -- Installing: /home/ngy/micro_ros/install/composition_interfaces/include/composition_interfaces/srv/list_nodes.hpp
[32.628s] -- Up-to-date: /home/ngy/micro_ros/install/composition_interfaces/include/composition_interfaces
[32.628s] -- Up-to-date: /home/ngy/micro_ros/install/composition_interfaces/include/composition_interfaces/srv
[32.628s] -- Up-to-date: /home/ngy/micro_ros/install/composition_interfaces/include/composition_interfaces/srv/detail
[32.628s] -- Up-to-date: /home/ngy/micro_ros/install/composition_interfaces/include/composition_interfaces/srv/detail/microxrcedds
[32.629s] -- Installing: /home/ngy/micro_ros/install/composition_interfaces/include/composition_interfaces/srv/detail/microxrcedds/unload_node__type_support_cpp.cpp
[32.629s] -- Installing: /home/ngy/micro_ros/install/composition_interfaces/include/composition_interfaces/srv/detail/microxrcedds/list_nodes__type_support_cpp.cpp
[32.629s] -- Installing: /home/ngy/micro_ros/install/composition_interfaces/include/composition_interfaces/srv/detail/microxrcedds/load_node__type_support_cpp.cpp
[32.629s] -- Installing: /home/ngy/micro_ros/install/composition_interfaces/include/composition_interfaces/srv/detail/load_node__rosidl_typesupport_microxrcedds_cpp.hpp
[32.629s] -- Installing: /home/ngy/micro_ros/install/composition_interfaces/include/composition_interfaces/srv/detail/list_nodes__rosidl_typesupport_microxrcedds_cpp.hpp
[32.630s] -- Installing: /home/ngy/micro_ros/install/composition_interfaces/include/composition_interfaces/srv/detail/unload_node__rosidl_typesupport_microxrcedds_cpp.hpp
[32.630s] -- Up-to-date: /home/ngy/micro_ros/install/composition_interfaces/include/composition_interfaces/msg
[32.630s] -- Installing: /home/ngy/micro_ros/install/composition_interfaces/include/composition_interfaces/msg/rosidl_typesupport_microxrcedds_cpp__visibility_control.h
[32.630s] -- Installing: /home/ngy/micro_ros/install/composition_interfaces/lib/libcomposition_interfaces__rosidl_typesupport_microxrcedds_cpp.so
[32.631s] -- Set runtime path of "/home/ngy/micro_ros/install/composition_interfaces/lib/libcomposition_interfaces__rosidl_typesupport_microxrcedds_cpp.so" to ""
[32.631s] -- Up-to-date: /home/ngy/micro_ros/install/composition_interfaces/include/composition_interfaces
[32.631s] -- Up-to-date: /home/ngy/micro_ros/install/composition_interfaces/include/composition_interfaces/srv
[32.632s] -- Up-to-date: /home/ngy/micro_ros/install/composition_interfaces/include/composition_interfaces/srv/detail
[32.632s] -- Installing: /home/ngy/micro_ros/install/composition_interfaces/include/composition_interfaces/srv/detail/list_nodes__type_support.cpp
[32.632s] -- Installing: /home/ngy/micro_ros/install/composition_interfaces/include/composition_interfaces/srv/detail/list_nodes__rosidl_typesupport_introspection_cpp.hpp
[32.632s] -- Installing: /home/ngy/micro_ros/install/composition_interfaces/include/composition_interfaces/srv/detail/unload_node__rosidl_typesupport_introspection_cpp.hpp
[32.632s] -- Installing: /home/ngy/micro_ros/install/composition_interfaces/include/composition_interfaces/srv/detail/load_node__type_support.cpp
[32.633s] -- Installing: /home/ngy/micro_ros/install/composition_interfaces/include/composition_interfaces/srv/detail/unload_node__type_support.cpp
[32.633s] -- Installing: /home/ngy/micro_ros/install/composition_interfaces/include/composition_interfaces/srv/detail/load_node__rosidl_typesupport_introspection_cpp.hpp
[32.633s] -- Installing: /home/ngy/micro_ros/install/composition_interfaces/lib/libcomposition_interfaces__rosidl_typesupport_introspection_cpp.so
[32.634s] -- Set runtime path of "/home/ngy/micro_ros/install/composition_interfaces/lib/libcomposition_interfaces__rosidl_typesupport_introspection_cpp.so" to ""
[32.634s] -- Installing: /home/ngy/micro_ros/install/composition_interfaces/lib/libcomposition_interfaces__rosidl_typesupport_cpp.so
[32.636s] -- Set runtime path of "/home/ngy/micro_ros/install/composition_interfaces/lib/libcomposition_interfaces__rosidl_typesupport_cpp.so" to ""
[32.636s] -- Installing: /home/ngy/micro_ros/install/composition_interfaces/share/composition_interfaces/environment/pythonpath.sh
[32.637s] -- Installing: /home/ngy/micro_ros/install/composition_interfaces/share/composition_interfaces/environment/pythonpath.dsv
[32.637s] -- Installing: /home/ngy/micro_ros/install/composition_interfaces/lib/python3.8/site-packages/composition_interfaces/__init__.py
[32.712s] Compiling '/home/ngy/micro_ros/install/composition_interfaces/lib/python3.8/site-packages/composition_interfaces/__init__.py'...
[32.721s] -- Installing: /home/ngy/micro_ros/install/composition_interfaces/lib/python3.8/site-packages/composition_interfaces/srv
[32.721s] -- Installing: /home/ngy/micro_ros/install/composition_interfaces/lib/python3.8/site-packages/composition_interfaces/srv/_list_nodes.py
[32.721s] -- Installing: /home/ngy/micro_ros/install/composition_interfaces/lib/python3.8/site-packages/composition_interfaces/srv/_unload_node_s.c
[32.721s] -- Installing: /home/ngy/micro_ros/install/composition_interfaces/lib/python3.8/site-packages/composition_interfaces/srv/_load_node.py
[32.722s] -- Installing: /home/ngy/micro_ros/install/composition_interfaces/lib/python3.8/site-packages/composition_interfaces/srv/_unload_node.py
[32.722s] -- Installing: /home/ngy/micro_ros/install/composition_interfaces/lib/python3.8/site-packages/composition_interfaces/srv/_list_nodes_s.c
[32.722s] -- Installing: /home/ngy/micro_ros/install/composition_interfaces/lib/python3.8/site-packages/composition_interfaces/srv/__init__.py
[32.722s] -- Installing: /home/ngy/micro_ros/install/composition_interfaces/lib/python3.8/site-packages/composition_interfaces/srv/_load_node_s.c
[32.723s] -- Installing: /home/ngy/micro_ros/install/composition_interfaces/lib/python3.8/site-packages/composition_interfaces/composition_interfaces_s__rosidl_typesupport_microxrcedds_c.cpython-38-x86_64-linux-gnu.so
[32.724s] -- Set runtime path of "/home/ngy/micro_ros/install/composition_interfaces/lib/python3.8/site-packages/composition_interfaces/composition_interfaces_s__rosidl_typesupport_microxrcedds_c.cpython-38-x86_64-linux-gnu.so" to ""
[32.725s] -- Installing: /home/ngy/micro_ros/install/composition_interfaces/lib/python3.8/site-packages/composition_interfaces/composition_interfaces_s__rosidl_typesupport_fastrtps_c.cpython-38-x86_64-linux-gnu.so
[32.726s] -- Set runtime path of "/home/ngy/micro_ros/install/composition_interfaces/lib/python3.8/site-packages/composition_interfaces/composition_interfaces_s__rosidl_typesupport_fastrtps_c.cpython-38-x86_64-linux-gnu.so" to ""
[32.726s] -- Installing: /home/ngy/micro_ros/install/composition_interfaces/lib/python3.8/site-packages/composition_interfaces/composition_interfaces_s__rosidl_typesupport_introspection_c.cpython-38-x86_64-linux-gnu.so
[32.727s] -- Set runtime path of "/home/ngy/micro_ros/install/composition_interfaces/lib/python3.8/site-packages/composition_interfaces/composition_interfaces_s__rosidl_typesupport_introspection_c.cpython-38-x86_64-linux-gnu.so" to ""
[32.728s] -- Installing: /home/ngy/micro_ros/install/composition_interfaces/lib/python3.8/site-packages/composition_interfaces/composition_interfaces_s__rosidl_typesupport_c.cpython-38-x86_64-linux-gnu.so
[32.729s] -- Set runtime path of "/home/ngy/micro_ros/install/composition_interfaces/lib/python3.8/site-packages/composition_interfaces/composition_interfaces_s__rosidl_typesupport_c.cpython-38-x86_64-linux-gnu.so" to ""
[32.729s] -- Installing: /home/ngy/micro_ros/install/composition_interfaces/lib/libcomposition_interfaces__python.so
[32.730s] -- Set runtime path of "/home/ngy/micro_ros/install/composition_interfaces/lib/libcomposition_interfaces__python.so" to ""
[32.730s] -- Installing: /home/ngy/micro_ros/install/composition_interfaces/share/composition_interfaces/srv/LoadNode.idl
[32.731s] -- Installing: /home/ngy/micro_ros/install/composition_interfaces/share/composition_interfaces/srv/ListNodes.idl
[32.731s] -- Installing: /home/ngy/micro_ros/install/composition_interfaces/share/composition_interfaces/srv/UnloadNode.idl
[32.731s] -- Installing: /home/ngy/micro_ros/install/composition_interfaces/share/composition_interfaces/srv/LoadNode.srv
[32.732s] -- Installing: /home/ngy/micro_ros/install/composition_interfaces/share/composition_interfaces/srv/LoadNode_Request.msg
[32.732s] -- Installing: /home/ngy/micro_ros/install/composition_interfaces/share/composition_interfaces/srv/LoadNode_Response.msg
[32.732s] -- Installing: /home/ngy/micro_ros/install/composition_interfaces/share/composition_interfaces/srv/ListNodes.srv
[32.733s] -- Installing: /home/ngy/micro_ros/install/composition_interfaces/share/composition_interfaces/srv/ListNodes_Request.msg
[32.733s] -- Installing: /home/ngy/micro_ros/install/composition_interfaces/share/composition_interfaces/srv/ListNodes_Response.msg
[32.733s] -- Installing: /home/ngy/micro_ros/install/composition_interfaces/share/composition_interfaces/srv/UnloadNode.srv
[32.733s] -- Installing: /home/ngy/micro_ros/install/composition_interfaces/share/composition_interfaces/srv/UnloadNode_Request.msg
[32.734s] -- Installing: /home/ngy/micro_ros/install/composition_interfaces/share/composition_interfaces/srv/UnloadNode_Response.msg
[32.734s] -- Installing: /home/ngy/micro_ros/install/composition_interfaces/share/ament_index/resource_index/package_run_dependencies/composition_interfaces
[32.735s] -- Installing: /home/ngy/micro_ros/install/composition_interfaces/share/ament_index/resource_index/parent_prefix_path/composition_interfaces
[32.735s] -- Installing: /home/ngy/micro_ros/install/composition_interfaces/share/composition_interfaces/environment/ament_prefix_path.sh
[32.735s] -- Installing: /home/ngy/micro_ros/install/composition_interfaces/share/composition_interfaces/environment/ament_prefix_path.dsv
[32.736s] -- Installing: /home/ngy/micro_ros/install/composition_interfaces/share/composition_interfaces/environment/path.sh
[32.736s] -- Installing: /home/ngy/micro_ros/install/composition_interfaces/share/composition_interfaces/environment/path.dsv
[32.736s] -- Installing: /home/ngy/micro_ros/install/composition_interfaces/share/composition_interfaces/local_setup.bash
[32.736s] -- Installing: /home/ngy/micro_ros/install/composition_interfaces/share/composition_interfaces/local_setup.sh
[32.737s] -- Installing: /home/ngy/micro_ros/install/composition_interfaces/share/composition_interfaces/local_setup.zsh
[32.737s] -- Installing: /home/ngy/micro_ros/install/composition_interfaces/share/composition_interfaces/local_setup.dsv
[32.737s] -- Installing: /home/ngy/micro_ros/install/composition_interfaces/share/composition_interfaces/package.dsv
[32.738s] -- Installing: /home/ngy/micro_ros/install/composition_interfaces/share/ament_index/resource_index/packages/composition_interfaces
[32.738s] -- Installing: /home/ngy/micro_ros/install/composition_interfaces/share/composition_interfaces/cmake/composition_interfaces__rosidl_generator_cExport.cmake
[32.739s] -- Installing: /home/ngy/micro_ros/install/composition_interfaces/share/composition_interfaces/cmake/composition_interfaces__rosidl_generator_cExport-noconfig.cmake
[32.739s] -- Installing: /home/ngy/micro_ros/install/composition_interfaces/share/composition_interfaces/cmake/composition_interfaces__rosidl_typesupport_introspection_cExport.cmake
[32.739s] -- Installing: /home/ngy/micro_ros/install/composition_interfaces/share/composition_interfaces/cmake/composition_interfaces__rosidl_typesupport_introspection_cExport-noconfig.cmake
[32.740s] -- Installing: /home/ngy/micro_ros/install/composition_interfaces/share/composition_interfaces/cmake/composition_interfaces__rosidl_typesupport_cExport.cmake
[32.740s] -- Installing: /home/ngy/micro_ros/install/composition_interfaces/share/composition_interfaces/cmake/composition_interfaces__rosidl_typesupport_cExport-noconfig.cmake
[32.741s] -- Installing: /home/ngy/micro_ros/install/composition_interfaces/share/composition_interfaces/cmake/composition_interfaces__rosidl_generator_cppExport.cmake
[32.741s] -- Installing: /home/ngy/micro_ros/install/composition_interfaces/share/composition_interfaces/cmake/composition_interfaces__rosidl_typesupport_introspection_cppExport.cmake
[32.741s] -- Installing: /home/ngy/micro_ros/install/composition_interfaces/share/composition_interfaces/cmake/composition_interfaces__rosidl_typesupport_introspection_cppExport-noconfig.cmake
[32.742s] -- Installing: /home/ngy/micro_ros/install/composition_interfaces/share/composition_interfaces/cmake/composition_interfaces__rosidl_typesupport_cppExport.cmake
[32.742s] -- Installing: /home/ngy/micro_ros/install/composition_interfaces/share/composition_interfaces/cmake/composition_interfaces__rosidl_typesupport_cppExport-noconfig.cmake
[32.743s] -- Installing: /home/ngy/micro_ros/install/composition_interfaces/share/composition_interfaces/cmake/rosidl_cmake-extras.cmake
[32.743s] -- Installing: /home/ngy/micro_ros/install/composition_interfaces/share/composition_interfaces/cmake/ament_cmake_export_dependencies-extras.cmake
[32.744s] -- Installing: /home/ngy/micro_ros/install/composition_interfaces/share/composition_interfaces/cmake/ament_cmake_export_libraries-extras.cmake
[32.744s] -- Installing: /home/ngy/micro_ros/install/composition_interfaces/share/composition_interfaces/cmake/ament_cmake_export_targets-extras.cmake
[32.744s] -- Installing: /home/ngy/micro_ros/install/composition_interfaces/share/composition_interfaces/cmake/ament_cmake_export_include_directories-extras.cmake
[32.745s] -- Installing: /home/ngy/micro_ros/install/composition_interfaces/share/composition_interfaces/cmake/rosidl_cmake_export_typesupport_libraries-extras.cmake
[32.745s] -- Installing: /home/ngy/micro_ros/install/composition_interfaces/share/composition_interfaces/cmake/rosidl_cmake_export_typesupport_targets-extras.cmake
[32.745s] -- Installing: /home/ngy/micro_ros/install/composition_interfaces/share/composition_interfaces/cmake/composition_interfacesConfig.cmake
[32.745s] -- Installing: /home/ngy/micro_ros/install/composition_interfaces/share/composition_interfaces/cmake/composition_interfacesConfig-version.cmake
[32.746s] -- Installing: /home/ngy/micro_ros/install/composition_interfaces/share/composition_interfaces/package.xml
[32.763s] Invoked command in '/home/ngy/micro_ros/build/composition_interfaces' returned '0': AMENT_PREFIX_PATH=/home/ngy/micro_ros/install/rcl_interfaces:/home/ngy/micro_ros/install/builtin_interfaces:${AMENT_PREFIX_PATH} CMAKE_PREFIX_PATH=/home/ngy/micro_ros/install/rcl_interfaces:/home/ngy/micro_ros/install/builtin_interfaces:/home/ngy/micro_ros/install/rosidl_typesupport_microxrcedds_cpp:/home/ngy/micro_ros/install/rosidl_typesupport_microxrcedds_c:/home/ngy/micro_ros/install/microcdr:/home/ngy/micro_ros/install/micro_ros_msgs:/home/ngy/micro_ros/install/micro_ros_setup:/home/ngy/microros_ws/install/micro_ros_agent:/home/ngy/microros_ws/install/common_interfaces:/home/ngy/microros_ws/install/visualization_msgs:/home/ngy/microros_ws/install/test_msgs:/home/ngy/microros_ws/install/micro_ros_demos_rclc:/home/ngy/microros_ws/install/example_interfaces:/home/ngy/microros_ws/install/action_msgs:/home/ngy/microros_ws/install/unique_identifier_msgs:/home/ngy/microros_ws/install/trajectory_msgs:/home/ngy/microros_ws/install/stereo_msgs:/home/ngy/microros_ws/install/std_srvs:/home/ngy/microros_ws/install/shape_msgs:/home/ngy/microros_ws/install/sensor_msgs:/home/ngy/microros_ws/install/nav_msgs:/home/ngy/microros_ws/install/diagnostic_msgs:/home/ngy/microros_ws/install/geometry_msgs:/home/ngy/microros_ws/install/actionlib_msgs:/home/ngy/microros_ws/install/std_msgs:/home/ngy/microros_ws/install/statistics_msgs:/home/ngy/microros_ws/install/rosidl_typesupport_microxrcedds_test_msg:/home/ngy/microros_ws/install/rosidl_typesupport_microxrcedds_cpp_tests:/home/ngy/microros_ws/install/rmw_microxrcedds:/home/ngy/microros_ws/install/rosidl_typesupport_microxrcedds_cpp:/home/ngy/microros_ws/install/rosidl_typesupport_microxrcedds_c_tests:/home/ngy/microros_ws/install/rosidl_typesupport_microxrcedds_c:/home/ngy/microros_ws/install/rosgraph_msgs:/home/ngy/microros_ws/install/rclc_parameter:/home/ngy/microros_ws/install/rclc:/home/ngy/microros_ws/install/composition_interfaces:/home/ngy/microros_ws/install/rcl_interfaces:/home/ngy/microros_ws/install/microxrcedds_client:/home/ngy/microros_ws/install/microcdr:/home/ngy/microros_ws/install/micro_ros_msgs:/home/ngy/microros_ws/install/micro_ros_demos_rclcpp:/home/ngy/microros_ws/install/lifecycle_msgs:/home/ngy/microros_ws/install/complex_msgs:/home/ngy/microros_ws/install/builtin_interfaces:/home/ngy/microros_ws/install/micro_ros_setup:/home/ngy/microros_ws/install/sensor_msgs_py:/opt/ros/foxy LD_LIBRARY_PATH=/home/ngy/micro_ros/install/rcl_interfaces/lib:/home/ngy/micro_ros/install/builtin_interfaces/lib:${LD_LIBRARY_PATH} PYTHONPATH=/home/ngy/micro_ros/install/rcl_interfaces/lib/python3.8/site-packages:/home/ngy/micro_ros/install/builtin_interfaces/lib/python3.8/site-packages:${PYTHONPATH} /usr/bin/cmake --install /home/ngy/micro_ros/build/composition_interfaces
