-- The C compiler identification is GNU 9.4.0
-- The CXX compiler identification is GNU 9.4.0
-- Check for working C compiler: /usr/bin/cc
-- Check for working C compiler: /usr/bin/cc -- works
-- Detecting C compiler ABI info
-- Detecting C compiler ABI info - done
-- Detecting C compile features
-- Detecting C compile features - done
-- Check for working CXX compiler: /usr/bin/c++
-- Check for working CXX compiler: /usr/bin/c++ -- works
-- Detecting CXX compiler ABI info
-- Detecting CXX compiler ABI info - done
-- Detecting CXX compile features
-- Detecting CXX compile features - done
-- Found ament_cmake: 0.9.11 (/opt/ros/foxy/share/ament_cmake/cmake)
-- Found PythonInterp: /usr/bin/python3 (found suitable version "3.8.10", minimum required is "3") 
-- Using PYTHON_EXECUTABLE: /usr/bin/python3
-- Found builtin_interfaces: 1.0.0 (/home/ngy/micro_ros/install/builtin_interfaces/share/builtin_interfaces/cmake)
-- Using all available rosidl_typesupport_c: rosidl_typesupport_microxrcedds_c;rosidl_typesupport_fastrtps_c;rosidl_typesupport_introspection_c
-- Found rosidl_adapter: 1.3.0 (/opt/ros/foxy/share/rosidl_adapter/cmake)
-- Found OpenSSL: /usr/lib/x86_64-linux-gnu/libcrypto.so (found version "1.1.1f")  
-- Found FastRTPS: /opt/ros/foxy/include  
-- Using all available rosidl_typesupport_cpp: rosidl_typesupport_microxrcedds_cpp;rosidl_typesupport_fastrtps_cpp;rosidl_typesupport_introspection_cpp
-- Found rosidl_default_generators: 1.0.1 (/opt/ros/foxy/share/rosidl_default_generators/cmake)
-- Found unique_identifier_msgs: 2.1.3 (/home/ngy/micro_ros/install/unique_identifier_msgs/share/unique_identifier_msgs/cmake)
-- Found PythonInterp: /usr/bin/python3 (found version "3.8.10") 
-- Found ament_cmake_ros: 0.9.2 (/opt/ros/foxy/share/ament_cmake_ros/cmake)
-- Using all available rosidl_typesupport_c: rosidl_typesupport_microxrcedds_c;rosidl_typesupport_fastrtps_c;rosidl_typesupport_introspection_c
-- Using all available rosidl_typesupport_cpp: rosidl_typesupport_microxrcedds_cpp;rosidl_typesupport_fastrtps_cpp;rosidl_typesupport_introspection_cpp
-- Found PythonInterp: /usr/bin/python3 (found suitable version "3.8.10", minimum required is "3.5") 
-- Found python_cmake_module: 0.8.1 (/opt/ros/foxy/share/python_cmake_module/cmake)
-- Found PythonLibs: /usr/lib/x86_64-linux-gnu/libpython3.8.so (found suitable version "3.8.10", minimum required is "3.5") 
-- Using PYTHON_EXECUTABLE: /usr/bin/python3
-- Using PYTHON_INCLUDE_DIRS: /usr/include/python3.8
-- Using PYTHON_LIBRARIES: /usr/lib/x86_64-linux-gnu/libpython3.8.so
-- Found PythonExtra: .so  
-- Configuring done
-- Generating done
-- Build files have been written to: /home/ngy/micro_ros/build/action_msgs
[35m[1mScanning dependencies of target action_msgs__cpp[0m
[  1%] [34m[1mGenerating C++ code for ROS interfaces[0m
[  2%] [34m[1mGenerating C code for ROS interfaces[0m
[  2%] Built target action_msgs__cpp
[  4%] [34m[1mGenerating C++ type support dispatch for ROS interfaces[0m
[  5%] [34m[1mGenerating C++ introspection for ROS interfaces[0m
[  7%] [34m[1mGenerating C++ type support for eProsima Fast-RTPS[0m
[  8%] [34m[1mGenerating C++ type support for eProsima Micro XRCE-DDS[0m
[35m[1mScanning dependencies of target action_msgs__rosidl_generator_c[0m
[ 10%] [32mBuilding C object CMakeFiles/action_msgs__rosidl_generator_c.dir/rosidl_generator_c/action_msgs/msg/detail/goal_info__functions.c.o[0m
[ 11%] [32mBuilding C object CMakeFiles/action_msgs__rosidl_generator_c.dir/rosidl_generator_c/action_msgs/msg/detail/goal_status_array__functions.c.o[0m
[ 13%] [32mBuilding C object CMakeFiles/action_msgs__rosidl_generator_c.dir/rosidl_generator_c/action_msgs/msg/detail/goal_status__functions.c.o[0m
[ 14%] [32mBuilding C object CMakeFiles/action_msgs__rosidl_generator_c.dir/rosidl_generator_c/action_msgs/srv/detail/cancel_goal__functions.c.o[0m
[35m[1mScanning dependencies of target action_msgs__rosidl_typesupport_cpp[0m
[ 15%] [32mBuilding CXX object CMakeFiles/action_msgs__rosidl_typesupport_cpp.dir/rosidl_typesupport_cpp/action_msgs/msg/goal_info__type_support.cpp.o[0m
[ 17%] [32mBuilding CXX object CMakeFiles/action_msgs__rosidl_typesupport_cpp.dir/rosidl_typesupport_cpp/action_msgs/msg/goal_status__type_support.cpp.o[0m
[ 18%] [32mBuilding CXX object CMakeFiles/action_msgs__rosidl_typesupport_cpp.dir/rosidl_typesupport_cpp/action_msgs/msg/goal_status_array__type_support.cpp.o[0m
[ 20%] [32mBuilding CXX object CMakeFiles/action_msgs__rosidl_typesupport_cpp.dir/rosidl_typesupport_cpp/action_msgs/srv/cancel_goal__type_support.cpp.o[0m
[ 21%] [32m[1mLinking C shared library libaction_msgs__rosidl_generator_c.so[0m
[ 21%] Built target action_msgs__rosidl_generator_c
[ 23%] [34m[1mGenerating C type support for eProsima Micro XRCE-DDS[0m
[ 24%] [34m[1mGenerating C introspection for ROS interfaces[0m
[ 26%] [34m[1mGenerating C type support dispatch for ROS interfaces[0m
[35m[1mScanning dependencies of target action_msgs__rosidl_typesupport_introspection_cpp[0m
[ 27%] [32mBuilding CXX object CMakeFiles/action_msgs__rosidl_typesupport_introspection_cpp.dir/rosidl_typesupport_introspection_cpp/action_msgs/msg/detail/goal_status__type_support.cpp.o[0m
[ 28%] [32mBuilding CXX object CMakeFiles/action_msgs__rosidl_typesupport_introspection_cpp.dir/rosidl_typesupport_introspection_cpp/action_msgs/msg/detail/goal_info__type_support.cpp.o[0m
[ 30%] [32mBuilding CXX object CMakeFiles/action_msgs__rosidl_typesupport_introspection_cpp.dir/rosidl_typesupport_introspection_cpp/action_msgs/msg/detail/goal_status_array__type_support.cpp.o[0m
[ 31%] [32mBuilding CXX object CMakeFiles/action_msgs__rosidl_typesupport_introspection_cpp.dir/rosidl_typesupport_introspection_cpp/action_msgs/srv/detail/cancel_goal__type_support.cpp.o[0m
[35m[1mScanning dependencies of target action_msgs__rosidl_typesupport_fastrtps_cpp[0m
[ 33%] [32m[1mLinking CXX shared library libaction_msgs__rosidl_typesupport_cpp.so[0m
[35m[1mScanning dependencies of target action_msgs__rosidl_typesupport_microxrcedds_cpp[0m
[ 34%] [32mBuilding CXX object CMakeFiles/action_msgs__rosidl_typesupport_fastrtps_cpp.dir/rosidl_typesupport_fastrtps_cpp/action_msgs/msg/detail/dds_fastrtps/goal_info__type_support.cpp.o[0m
[ 36%] [32mBuilding CXX object CMakeFiles/action_msgs__rosidl_typesupport_fastrtps_cpp.dir/rosidl_typesupport_fastrtps_cpp/action_msgs/msg/detail/dds_fastrtps/goal_status_array__type_support.cpp.o[0m
[ 37%] [32mBuilding CXX object CMakeFiles/action_msgs__rosidl_typesupport_fastrtps_cpp.dir/rosidl_typesupport_fastrtps_cpp/action_msgs/msg/detail/dds_fastrtps/goal_status__type_support.cpp.o[0m
[ 39%] [32mBuilding CXX object CMakeFiles/action_msgs__rosidl_typesupport_fastrtps_cpp.dir/rosidl_typesupport_fastrtps_cpp/action_msgs/srv/detail/dds_fastrtps/cancel_goal__type_support.cpp.o[0m
[ 40%] [32mBuilding CXX object CMakeFiles/action_msgs__rosidl_typesupport_microxrcedds_cpp.dir/rosidl_typesupport_microxrcedds_cpp/action_msgs/msg/detail/microxrcedds/goal_info__type_support_cpp.cpp.o[0m
[ 42%] [32mBuilding CXX object CMakeFiles/action_msgs__rosidl_typesupport_microxrcedds_cpp.dir/rosidl_typesupport_microxrcedds_cpp/action_msgs/msg/detail/microxrcedds/goal_status__type_support_cpp.cpp.o[0m
[ 43%] [32mBuilding CXX object CMakeFiles/action_msgs__rosidl_typesupport_microxrcedds_cpp.dir/rosidl_typesupport_microxrcedds_cpp/action_msgs/msg/detail/microxrcedds/goal_status_array__type_support_cpp.cpp.o[0m
[ 43%] Built target action_msgs__rosidl_typesupport_cpp
[ 44%] [32mBuilding CXX object CMakeFiles/action_msgs__rosidl_typesupport_microxrcedds_cpp.dir/rosidl_typesupport_microxrcedds_cpp/action_msgs/srv/detail/microxrcedds/cancel_goal__type_support_cpp.cpp.o[0m
[35m[1mScanning dependencies of target action_msgs__rosidl_typesupport_introspection_c[0m
[ 46%] [32mBuilding C object CMakeFiles/action_msgs__rosidl_typesupport_introspection_c.dir/rosidl_typesupport_introspection_c/action_msgs/msg/detail/goal_info__type_support.c.o[0m
[ 47%] [32mBuilding C object CMakeFiles/action_msgs__rosidl_typesupport_introspection_c.dir/rosidl_typesupport_introspection_c/action_msgs/msg/detail/goal_status__type_support.c.o[0m
[ 49%] [32m[1mLinking CXX shared library libaction_msgs__rosidl_typesupport_introspection_cpp.so[0m
[35m[1mScanning dependencies of target action_msgs__rosidl_typesupport_c[0m
[ 50%] [32mBuilding C object CMakeFiles/action_msgs__rosidl_typesupport_introspection_c.dir/rosidl_typesupport_introspection_c/action_msgs/msg/detail/goal_status_array__type_support.c.o[0m
[ 52%] [32mBuilding CXX object CMakeFiles/action_msgs__rosidl_typesupport_c.dir/rosidl_typesupport_c/action_msgs/msg/goal_info__type_support.cpp.o[0m
[ 53%] [32mBuilding CXX object CMakeFiles/action_msgs__rosidl_typesupport_c.dir/rosidl_typesupport_c/action_msgs/msg/goal_status__type_support.cpp.o[0m
[ 55%] [32mBuilding C object CMakeFiles/action_msgs__rosidl_typesupport_introspection_c.dir/rosidl_typesupport_introspection_c/action_msgs/srv/detail/cancel_goal__type_support.c.o[0m
[35m[1mScanning dependencies of target action_msgs__rosidl_typesupport_microxrcedds_c[0m
[ 55%] Built target action_msgs__rosidl_typesupport_introspection_cpp
[ 56%] [32mBuilding CXX object CMakeFiles/action_msgs__rosidl_typesupport_c.dir/rosidl_typesupport_c/action_msgs/msg/goal_status_array__type_support.cpp.o[0m
[ 57%] [32mBuilding CXX object CMakeFiles/action_msgs__rosidl_typesupport_c.dir/rosidl_typesupport_c/action_msgs/srv/cancel_goal__type_support.cpp.o[0m
[ 59%] [32mBuilding C object CMakeFiles/action_msgs__rosidl_typesupport_microxrcedds_c.dir/rosidl_typesupport_microxrcedds_c/action_msgs/msg/detail/microxrcedds/goal_info__type_support_c.c.o[0m
[ 60%] [32mBuilding C object CMakeFiles/action_msgs__rosidl_typesupport_microxrcedds_c.dir/rosidl_typesupport_microxrcedds_c/action_msgs/msg/detail/microxrcedds/goal_status__type_support_c.c.o[0m
[ 62%] [32mBuilding C object CMakeFiles/action_msgs__rosidl_typesupport_microxrcedds_c.dir/rosidl_typesupport_microxrcedds_c/action_msgs/msg/detail/microxrcedds/goal_status_array__type_support_c.c.o[0m
[ 63%] [32m[1mLinking C shared library libaction_msgs__rosidl_typesupport_introspection_c.so[0m
[ 65%] [32m[1mLinking CXX shared library libaction_msgs__rosidl_typesupport_c.so[0m
[ 66%] [32mBuilding C object CMakeFiles/action_msgs__rosidl_typesupport_microxrcedds_c.dir/rosidl_typesupport_microxrcedds_c/action_msgs/srv/detail/microxrcedds/cancel_goal__type_support_c.c.o[0m
[ 66%] Built target action_msgs__rosidl_typesupport_introspection_c
[ 66%] Built target action_msgs__rosidl_typesupport_c
[ 68%] [32m[1mLinking C shared library libaction_msgs__rosidl_typesupport_microxrcedds_c.so[0m
[ 69%] [32m[1mLinking CXX shared library libaction_msgs__rosidl_typesupport_microxrcedds_cpp.so[0m
[ 69%] Built target action_msgs__rosidl_typesupport_microxrcedds_c
[ 69%] Built target action_msgs__rosidl_typesupport_microxrcedds_cpp
[ 71%] [32m[1mLinking CXX shared library libaction_msgs__rosidl_typesupport_fastrtps_cpp.so[0m
[ 71%] Built target action_msgs__rosidl_typesupport_fastrtps_cpp
[ 72%] [34m[1mGenerating C type support for eProsima Fast-RTPS[0m
[35m[1mScanning dependencies of target action_msgs__rosidl_typesupport_fastrtps_c[0m
[ 73%] [32mBuilding CXX object CMakeFiles/action_msgs__rosidl_typesupport_fastrtps_c.dir/rosidl_typesupport_fastrtps_c/action_msgs/msg/detail/goal_info__type_support_c.cpp.o[0m
[ 75%] [32mBuilding CXX object CMakeFiles/action_msgs__rosidl_typesupport_fastrtps_c.dir/rosidl_typesupport_fastrtps_c/action_msgs/msg/detail/goal_status__type_support_c.cpp.o[0m
[ 76%] [32mBuilding CXX object CMakeFiles/action_msgs__rosidl_typesupport_fastrtps_c.dir/rosidl_typesupport_fastrtps_c/action_msgs/msg/detail/goal_status_array__type_support_c.cpp.o[0m
[ 78%] [32mBuilding CXX object CMakeFiles/action_msgs__rosidl_typesupport_fastrtps_c.dir/rosidl_typesupport_fastrtps_c/action_msgs/srv/detail/cancel_goal__type_support_c.cpp.o[0m
[ 79%] [32m[1mLinking CXX shared library libaction_msgs__rosidl_typesupport_fastrtps_c.so[0m
[ 79%] Built target action_msgs__rosidl_typesupport_fastrtps_c
[35m[1mScanning dependencies of target action_msgs[0m
[ 79%] Built target action_msgs
[35m[1mScanning dependencies of target action_msgs__py[0m
[ 81%] [34m[1mGenerating Python code for ROS interfaces[0m
[ 81%] Built target action_msgs__py
[35m[1mScanning dependencies of target action_msgs__python[0m
[ 82%] [32mBuilding C object CMakeFiles/action_msgs__python.dir/rosidl_generator_py/action_msgs/msg/_goal_info_s.c.o[0m
[ 84%] [32mBuilding C object CMakeFiles/action_msgs__python.dir/rosidl_generator_py/action_msgs/srv/_cancel_goal_s.c.o[0m
[ 85%] [32mBuilding C object CMakeFiles/action_msgs__python.dir/rosidl_generator_py/action_msgs/msg/_goal_status_s.c.o[0m
[ 86%] [32mBuilding C object CMakeFiles/action_msgs__python.dir/rosidl_generator_py/action_msgs/msg/_goal_status_array_s.c.o[0m
[ 88%] [32m[1mLinking C shared library rosidl_generator_py/action_msgs/libaction_msgs__python.so[0m
[ 88%] Built target action_msgs__python
[35m[1mScanning dependencies of target action_msgs__rosidl_typesupport_c__pyext[0m
[35m[1mScanning dependencies of target action_msgs__rosidl_typesupport_introspection_c__pyext[0m
[35m[1mScanning dependencies of target action_msgs__rosidl_typesupport_fastrtps_c__pyext[0m
[35m[1mScanning dependencies of target action_msgs__rosidl_typesupport_microxrcedds_c__pyext[0m
[ 89%] [32mBuilding C object CMakeFiles/action_msgs__rosidl_typesupport_introspection_c__pyext.dir/rosidl_generator_py/action_msgs/_action_msgs_s.ep.rosidl_typesupport_introspection_c.c.o[0m
[ 91%] [32mBuilding C object CMakeFiles/action_msgs__rosidl_typesupport_c__pyext.dir/rosidl_generator_py/action_msgs/_action_msgs_s.ep.rosidl_typesupport_c.c.o[0m
[ 92%] [32mBuilding C object CMakeFiles/action_msgs__rosidl_typesupport_microxrcedds_c__pyext.dir/rosidl_generator_py/action_msgs/_action_msgs_s.ep.rosidl_typesupport_microxrcedds_c.c.o[0m
[ 94%] [32mBuilding C object CMakeFiles/action_msgs__rosidl_typesupport_fastrtps_c__pyext.dir/rosidl_generator_py/action_msgs/_action_msgs_s.ep.rosidl_typesupport_fastrtps_c.c.o[0m
[ 95%] [32m[1mLinking C shared library rosidl_generator_py/action_msgs/action_msgs_s__rosidl_typesupport_microxrcedds_c.cpython-38-x86_64-linux-gnu.so[0m
[ 97%] [32m[1mLinking CXX shared library rosidl_generator_py/action_msgs/action_msgs_s__rosidl_typesupport_fastrtps_c.cpython-38-x86_64-linux-gnu.so[0m
[ 98%] [32m[1mLinking C shared library rosidl_generator_py/action_msgs/action_msgs_s__rosidl_typesupport_c.cpython-38-x86_64-linux-gnu.so[0m
[100%] [32m[1mLinking C shared library rosidl_generator_py/action_msgs/action_msgs_s__rosidl_typesupport_introspection_c.cpython-38-x86_64-linux-gnu.so[0m
[100%] Built target action_msgs__rosidl_typesupport_c__pyext
[100%] Built target action_msgs__rosidl_typesupport_introspection_c__pyext
[100%] Built target action_msgs__rosidl_typesupport_microxrcedds_c__pyext
[100%] Built target action_msgs__rosidl_typesupport_fastrtps_c__pyext
-- Install configuration: ""
-- Installing: /home/ngy/micro_ros/install/action_msgs/share/ament_index/resource_index/rosidl_interfaces/action_msgs
-- Installing: /home/ngy/micro_ros/install/action_msgs/include/action_msgs
-- Installing: /home/ngy/micro_ros/install/action_msgs/include/action_msgs/srv
-- Installing: /home/ngy/micro_ros/install/action_msgs/include/action_msgs/srv/detail
-- Installing: /home/ngy/micro_ros/install/action_msgs/include/action_msgs/srv/detail/cancel_goal__struct.h
-- Installing: /home/ngy/micro_ros/install/action_msgs/include/action_msgs/srv/detail/cancel_goal__functions.c
-- Installing: /home/ngy/micro_ros/install/action_msgs/include/action_msgs/srv/detail/cancel_goal__type_support.h
-- Installing: /home/ngy/micro_ros/install/action_msgs/include/action_msgs/srv/detail/cancel_goal__functions.h
-- Installing: /home/ngy/micro_ros/install/action_msgs/include/action_msgs/srv/cancel_goal.h
-- Installing: /home/ngy/micro_ros/install/action_msgs/include/action_msgs/msg
-- Installing: /home/ngy/micro_ros/install/action_msgs/include/action_msgs/msg/goal_info.h
-- Installing: /home/ngy/micro_ros/install/action_msgs/include/action_msgs/msg/detail
-- Installing: /home/ngy/micro_ros/install/action_msgs/include/action_msgs/msg/detail/goal_info__functions.h
-- Installing: /home/ngy/micro_ros/install/action_msgs/include/action_msgs/msg/detail/goal_status__type_support.h
-- Installing: /home/ngy/micro_ros/install/action_msgs/include/action_msgs/msg/detail/goal_status__functions.c
-- Installing: /home/ngy/micro_ros/install/action_msgs/include/action_msgs/msg/detail/goal_status_array__type_support.h
-- Installing: /home/ngy/micro_ros/install/action_msgs/include/action_msgs/msg/detail/goal_info__functions.c
-- Installing: /home/ngy/micro_ros/install/action_msgs/include/action_msgs/msg/detail/goal_info__struct.h
-- Installing: /home/ngy/micro_ros/install/action_msgs/include/action_msgs/msg/detail/goal_status_array__struct.h
-- Installing: /home/ngy/micro_ros/install/action_msgs/include/action_msgs/msg/detail/goal_status__struct.h
-- Installing: /home/ngy/micro_ros/install/action_msgs/include/action_msgs/msg/detail/goal_status_array__functions.h
-- Installing: /home/ngy/micro_ros/install/action_msgs/include/action_msgs/msg/detail/goal_status_array__functions.c
-- Installing: /home/ngy/micro_ros/install/action_msgs/include/action_msgs/msg/detail/goal_status__functions.h
-- Installing: /home/ngy/micro_ros/install/action_msgs/include/action_msgs/msg/detail/goal_info__type_support.h
-- Installing: /home/ngy/micro_ros/install/action_msgs/include/action_msgs/msg/goal_status.h
-- Installing: /home/ngy/micro_ros/install/action_msgs/include/action_msgs/msg/goal_status_array.h
-- Installing: /home/ngy/micro_ros/install/action_msgs/include/action_msgs/msg/rosidl_generator_c__visibility_control.h
-- Installing: /home/ngy/micro_ros/install/action_msgs/share/action_msgs/environment/library_path.sh
-- Installing: /home/ngy/micro_ros/install/action_msgs/share/action_msgs/environment/library_path.dsv
-- Installing: /home/ngy/micro_ros/install/action_msgs/lib/libaction_msgs__rosidl_generator_c.so
-- Set runtime path of "/home/ngy/micro_ros/install/action_msgs/lib/libaction_msgs__rosidl_generator_c.so" to ""
-- Up-to-date: /home/ngy/micro_ros/install/action_msgs/include/action_msgs
-- Up-to-date: /home/ngy/micro_ros/install/action_msgs/include/action_msgs/srv
-- Up-to-date: /home/ngy/micro_ros/install/action_msgs/include/action_msgs/srv/detail
-- Installing: /home/ngy/micro_ros/install/action_msgs/include/action_msgs/srv/detail/microxrcedds
-- Installing: /home/ngy/micro_ros/install/action_msgs/include/action_msgs/srv/detail/cancel_goal__rosidl_typesupport_microxrcedds_c.h
-- Up-to-date: /home/ngy/micro_ros/install/action_msgs/include/action_msgs/msg
-- Up-to-date: /home/ngy/micro_ros/install/action_msgs/include/action_msgs/msg/detail
-- Installing: /home/ngy/micro_ros/install/action_msgs/include/action_msgs/msg/detail/microxrcedds
-- Installing: /home/ngy/micro_ros/install/action_msgs/include/action_msgs/msg/detail/goal_status_array__rosidl_typesupport_microxrcedds_c.h
-- Installing: /home/ngy/micro_ros/install/action_msgs/include/action_msgs/msg/detail/goal_info__rosidl_typesupport_microxrcedds_c.h
-- Installing: /home/ngy/micro_ros/install/action_msgs/include/action_msgs/msg/detail/goal_status__rosidl_typesupport_microxrcedds_c.h
-- Installing: /home/ngy/micro_ros/install/action_msgs/include/action_msgs/msg/rosidl_typesupport_microxrcedds_c__visibility_control.h
-- Installing: /home/ngy/micro_ros/install/action_msgs/lib/libaction_msgs__rosidl_typesupport_microxrcedds_c.so
-- Set runtime path of "/home/ngy/micro_ros/install/action_msgs/lib/libaction_msgs__rosidl_typesupport_microxrcedds_c.so" to ""
-- Up-to-date: /home/ngy/micro_ros/install/action_msgs/include/action_msgs
-- Up-to-date: /home/ngy/micro_ros/install/action_msgs/include/action_msgs/srv
-- Up-to-date: /home/ngy/micro_ros/install/action_msgs/include/action_msgs/srv/detail
-- Installing: /home/ngy/micro_ros/install/action_msgs/include/action_msgs/srv/detail/cancel_goal__rosidl_typesupport_fastrtps_c.h
-- Up-to-date: /home/ngy/micro_ros/install/action_msgs/include/action_msgs/msg
-- Up-to-date: /home/ngy/micro_ros/install/action_msgs/include/action_msgs/msg/detail
-- Installing: /home/ngy/micro_ros/install/action_msgs/include/action_msgs/msg/detail/goal_info__rosidl_typesupport_fastrtps_c.h
-- Installing: /home/ngy/micro_ros/install/action_msgs/include/action_msgs/msg/detail/goal_status_array__rosidl_typesupport_fastrtps_c.h
-- Installing: /home/ngy/micro_ros/install/action_msgs/include/action_msgs/msg/detail/goal_status__rosidl_typesupport_fastrtps_c.h
-- Installing: /home/ngy/micro_ros/install/action_msgs/include/action_msgs/msg/rosidl_typesupport_fastrtps_c__visibility_control.h
-- Installing: /home/ngy/micro_ros/install/action_msgs/lib/libaction_msgs__rosidl_typesupport_fastrtps_c.so
-- Set runtime path of "/home/ngy/micro_ros/install/action_msgs/lib/libaction_msgs__rosidl_typesupport_fastrtps_c.so" to ""
-- Up-to-date: /home/ngy/micro_ros/install/action_msgs/include/action_msgs
-- Up-to-date: /home/ngy/micro_ros/install/action_msgs/include/action_msgs/srv
-- Up-to-date: /home/ngy/micro_ros/install/action_msgs/include/action_msgs/srv/detail
-- Installing: /home/ngy/micro_ros/install/action_msgs/include/action_msgs/srv/detail/dds_fastrtps
-- Installing: /home/ngy/micro_ros/install/action_msgs/include/action_msgs/srv/detail/cancel_goal__rosidl_typesupport_fastrtps_cpp.hpp
-- Up-to-date: /home/ngy/micro_ros/install/action_msgs/include/action_msgs/msg
-- Installing: /home/ngy/micro_ros/install/action_msgs/include/action_msgs/msg/rosidl_typesupport_fastrtps_cpp__visibility_control.h
-- Up-to-date: /home/ngy/micro_ros/install/action_msgs/include/action_msgs/msg/detail
-- Installing: /home/ngy/micro_ros/install/action_msgs/include/action_msgs/msg/detail/dds_fastrtps
-- Installing: /home/ngy/micro_ros/install/action_msgs/include/action_msgs/msg/detail/goal_status_array__rosidl_typesupport_fastrtps_cpp.hpp
-- Installing: /home/ngy/micro_ros/install/action_msgs/include/action_msgs/msg/detail/goal_info__rosidl_typesupport_fastrtps_cpp.hpp
-- Installing: /home/ngy/micro_ros/install/action_msgs/include/action_msgs/msg/detail/goal_status__rosidl_typesupport_fastrtps_cpp.hpp
-- Installing: /home/ngy/micro_ros/install/action_msgs/lib/libaction_msgs__rosidl_typesupport_fastrtps_cpp.so
-- Set runtime path of "/home/ngy/micro_ros/install/action_msgs/lib/libaction_msgs__rosidl_typesupport_fastrtps_cpp.so" to ""
-- Up-to-date: /home/ngy/micro_ros/install/action_msgs/include/action_msgs
-- Up-to-date: /home/ngy/micro_ros/install/action_msgs/include/action_msgs/srv
-- Up-to-date: /home/ngy/micro_ros/install/action_msgs/include/action_msgs/srv/detail
-- Installing: /home/ngy/micro_ros/install/action_msgs/include/action_msgs/srv/detail/cancel_goal__rosidl_typesupport_introspection_c.h
-- Installing: /home/ngy/micro_ros/install/action_msgs/include/action_msgs/srv/detail/cancel_goal__type_support.c
-- Up-to-date: /home/ngy/micro_ros/install/action_msgs/include/action_msgs/msg
-- Installing: /home/ngy/micro_ros/install/action_msgs/include/action_msgs/msg/rosidl_typesupport_introspection_c__visibility_control.h
-- Up-to-date: /home/ngy/micro_ros/install/action_msgs/include/action_msgs/msg/detail
-- Installing: /home/ngy/micro_ros/install/action_msgs/include/action_msgs/msg/detail/goal_info__type_support.c
-- Installing: /home/ngy/micro_ros/install/action_msgs/include/action_msgs/msg/detail/goal_status__rosidl_typesupport_introspection_c.h
-- Installing: /home/ngy/micro_ros/install/action_msgs/include/action_msgs/msg/detail/goal_status__type_support.c
-- Installing: /home/ngy/micro_ros/install/action_msgs/include/action_msgs/msg/detail/goal_status_array__type_support.c
-- Installing: /home/ngy/micro_ros/install/action_msgs/include/action_msgs/msg/detail/goal_status_array__rosidl_typesupport_introspection_c.h
-- Installing: /home/ngy/micro_ros/install/action_msgs/include/action_msgs/msg/detail/goal_info__rosidl_typesupport_introspection_c.h
-- Installing: /home/ngy/micro_ros/install/action_msgs/lib/libaction_msgs__rosidl_typesupport_introspection_c.so
-- Set runtime path of "/home/ngy/micro_ros/install/action_msgs/lib/libaction_msgs__rosidl_typesupport_introspection_c.so" to ""
-- Installing: /home/ngy/micro_ros/install/action_msgs/lib/libaction_msgs__rosidl_typesupport_c.so
-- Set runtime path of "/home/ngy/micro_ros/install/action_msgs/lib/libaction_msgs__rosidl_typesupport_c.so" to ""
-- Up-to-date: /home/ngy/micro_ros/install/action_msgs/include/action_msgs
-- Up-to-date: /home/ngy/micro_ros/install/action_msgs/include/action_msgs/srv
-- Installing: /home/ngy/micro_ros/install/action_msgs/include/action_msgs/srv/cancel_goal.hpp
-- Up-to-date: /home/ngy/micro_ros/install/action_msgs/include/action_msgs/srv/detail
-- Installing: /home/ngy/micro_ros/install/action_msgs/include/action_msgs/srv/detail/cancel_goal__struct.hpp
-- Installing: /home/ngy/micro_ros/install/action_msgs/include/action_msgs/srv/detail/cancel_goal__traits.hpp
-- Installing: /home/ngy/micro_ros/install/action_msgs/include/action_msgs/srv/detail/cancel_goal__builder.hpp
-- Up-to-date: /home/ngy/micro_ros/install/action_msgs/include/action_msgs/msg
-- Installing: /home/ngy/micro_ros/install/action_msgs/include/action_msgs/msg/goal_info.hpp
-- Up-to-date: /home/ngy/micro_ros/install/action_msgs/include/action_msgs/msg/detail
-- Installing: /home/ngy/micro_ros/install/action_msgs/include/action_msgs/msg/detail/goal_status__traits.hpp
-- Installing: /home/ngy/micro_ros/install/action_msgs/include/action_msgs/msg/detail/goal_status__struct.hpp
-- Installing: /home/ngy/micro_ros/install/action_msgs/include/action_msgs/msg/detail/goal_status_array__builder.hpp
-- Installing: /home/ngy/micro_ros/install/action_msgs/include/action_msgs/msg/detail/goal_info__struct.hpp
-- Installing: /home/ngy/micro_ros/install/action_msgs/include/action_msgs/msg/detail/goal_status_array__traits.hpp
-- Installing: /home/ngy/micro_ros/install/action_msgs/include/action_msgs/msg/detail/goal_status_array__struct.hpp
-- Installing: /home/ngy/micro_ros/install/action_msgs/include/action_msgs/msg/detail/goal_info__builder.hpp
-- Installing: /home/ngy/micro_ros/install/action_msgs/include/action_msgs/msg/detail/goal_status__builder.hpp
-- Installing: /home/ngy/micro_ros/install/action_msgs/include/action_msgs/msg/detail/goal_info__traits.hpp
-- Installing: /home/ngy/micro_ros/install/action_msgs/include/action_msgs/msg/goal_status.hpp
-- Installing: /home/ngy/micro_ros/install/action_msgs/include/action_msgs/msg/goal_status_array.hpp
-- Up-to-date: /home/ngy/micro_ros/install/action_msgs/include/action_msgs
-- Up-to-date: /home/ngy/micro_ros/install/action_msgs/include/action_msgs/srv
-- Up-to-date: /home/ngy/micro_ros/install/action_msgs/include/action_msgs/srv/detail
-- Up-to-date: /home/ngy/micro_ros/install/action_msgs/include/action_msgs/srv/detail/microxrcedds
-- Installing: /home/ngy/micro_ros/install/action_msgs/include/action_msgs/srv/detail/microxrcedds/cancel_goal__type_support_cpp.cpp
-- Installing: /home/ngy/micro_ros/install/action_msgs/include/action_msgs/srv/detail/cancel_goal__rosidl_typesupport_microxrcedds_cpp.hpp
-- Up-to-date: /home/ngy/micro_ros/install/action_msgs/include/action_msgs/msg
-- Up-to-date: /home/ngy/micro_ros/install/action_msgs/include/action_msgs/msg/detail
-- Up-to-date: /home/ngy/micro_ros/install/action_msgs/include/action_msgs/msg/detail/microxrcedds
-- Installing: /home/ngy/micro_ros/install/action_msgs/include/action_msgs/msg/detail/microxrcedds/goal_info__type_support_cpp.cpp
-- Installing: /home/ngy/micro_ros/install/action_msgs/include/action_msgs/msg/detail/microxrcedds/goal_status__type_support_cpp.cpp
-- Installing: /home/ngy/micro_ros/install/action_msgs/include/action_msgs/msg/detail/microxrcedds/goal_status_array__type_support_cpp.cpp
-- Installing: /home/ngy/micro_ros/install/action_msgs/include/action_msgs/msg/detail/goal_info__rosidl_typesupport_microxrcedds_cpp.hpp
-- Installing: /home/ngy/micro_ros/install/action_msgs/include/action_msgs/msg/detail/goal_status__rosidl_typesupport_microxrcedds_cpp.hpp
-- Installing: /home/ngy/micro_ros/install/action_msgs/include/action_msgs/msg/detail/goal_status_array__rosidl_typesupport_microxrcedds_cpp.hpp
-- Installing: /home/ngy/micro_ros/install/action_msgs/include/action_msgs/msg/rosidl_typesupport_microxrcedds_cpp__visibility_control.h
-- Installing: /home/ngy/micro_ros/install/action_msgs/lib/libaction_msgs__rosidl_typesupport_microxrcedds_cpp.so
-- Set runtime path of "/home/ngy/micro_ros/install/action_msgs/lib/libaction_msgs__rosidl_typesupport_microxrcedds_cpp.so" to ""
-- Up-to-date: /home/ngy/micro_ros/install/action_msgs/include/action_msgs
-- Up-to-date: /home/ngy/micro_ros/install/action_msgs/include/action_msgs/srv
-- Up-to-date: /home/ngy/micro_ros/install/action_msgs/include/action_msgs/srv/detail
-- Installing: /home/ngy/micro_ros/install/action_msgs/include/action_msgs/srv/detail/cancel_goal__rosidl_typesupport_introspection_cpp.hpp
-- Installing: /home/ngy/micro_ros/install/action_msgs/include/action_msgs/srv/detail/cancel_goal__type_support.cpp
-- Up-to-date: /home/ngy/micro_ros/install/action_msgs/include/action_msgs/msg
-- Up-to-date: /home/ngy/micro_ros/install/action_msgs/include/action_msgs/msg/detail
-- Installing: /home/ngy/micro_ros/install/action_msgs/include/action_msgs/msg/detail/goal_status__type_support.cpp
-- Installing: /home/ngy/micro_ros/install/action_msgs/include/action_msgs/msg/detail/goal_info__type_support.cpp
-- Installing: /home/ngy/micro_ros/install/action_msgs/include/action_msgs/msg/detail/goal_status__rosidl_typesupport_introspection_cpp.hpp
-- Installing: /home/ngy/micro_ros/install/action_msgs/include/action_msgs/msg/detail/goal_info__rosidl_typesupport_introspection_cpp.hpp
-- Installing: /home/ngy/micro_ros/install/action_msgs/include/action_msgs/msg/detail/goal_status_array__type_support.cpp
-- Installing: /home/ngy/micro_ros/install/action_msgs/include/action_msgs/msg/detail/goal_status_array__rosidl_typesupport_introspection_cpp.hpp
-- Installing: /home/ngy/micro_ros/install/action_msgs/lib/libaction_msgs__rosidl_typesupport_introspection_cpp.so
-- Set runtime path of "/home/ngy/micro_ros/install/action_msgs/lib/libaction_msgs__rosidl_typesupport_introspection_cpp.so" to ""
-- Installing: /home/ngy/micro_ros/install/action_msgs/lib/libaction_msgs__rosidl_typesupport_cpp.so
-- Set runtime path of "/home/ngy/micro_ros/install/action_msgs/lib/libaction_msgs__rosidl_typesupport_cpp.so" to ""
-- Installing: /home/ngy/micro_ros/install/action_msgs/share/action_msgs/environment/pythonpath.sh
-- Installing: /home/ngy/micro_ros/install/action_msgs/share/action_msgs/environment/pythonpath.dsv
-- Installing: /home/ngy/micro_ros/install/action_msgs/lib/python3.8/site-packages/action_msgs/__init__.py
Compiling '/home/ngy/micro_ros/install/action_msgs/lib/python3.8/site-packages/action_msgs/__init__.py'...
-- Installing: /home/ngy/micro_ros/install/action_msgs/lib/python3.8/site-packages/action_msgs/msg
-- Installing: /home/ngy/micro_ros/install/action_msgs/lib/python3.8/site-packages/action_msgs/msg/_goal_info_s.c
-- Installing: /home/ngy/micro_ros/install/action_msgs/lib/python3.8/site-packages/action_msgs/msg/_goal_info.py
-- Installing: /home/ngy/micro_ros/install/action_msgs/lib/python3.8/site-packages/action_msgs/msg/_goal_status_s.c
-- Installing: /home/ngy/micro_ros/install/action_msgs/lib/python3.8/site-packages/action_msgs/msg/_goal_status_array_s.c
-- Installing: /home/ngy/micro_ros/install/action_msgs/lib/python3.8/site-packages/action_msgs/msg/__init__.py
-- Installing: /home/ngy/micro_ros/install/action_msgs/lib/python3.8/site-packages/action_msgs/msg/_goal_status.py
-- Installing: /home/ngy/micro_ros/install/action_msgs/lib/python3.8/site-packages/action_msgs/msg/_goal_status_array.py
-- Installing: /home/ngy/micro_ros/install/action_msgs/lib/python3.8/site-packages/action_msgs/srv
-- Installing: /home/ngy/micro_ros/install/action_msgs/lib/python3.8/site-packages/action_msgs/srv/_cancel_goal_s.c
-- Installing: /home/ngy/micro_ros/install/action_msgs/lib/python3.8/site-packages/action_msgs/srv/__init__.py
-- Installing: /home/ngy/micro_ros/install/action_msgs/lib/python3.8/site-packages/action_msgs/srv/_cancel_goal.py
-- Installing: /home/ngy/micro_ros/install/action_msgs/lib/python3.8/site-packages/action_msgs/action_msgs_s__rosidl_typesupport_microxrcedds_c.cpython-38-x86_64-linux-gnu.so
-- Set runtime path of "/home/ngy/micro_ros/install/action_msgs/lib/python3.8/site-packages/action_msgs/action_msgs_s__rosidl_typesupport_microxrcedds_c.cpython-38-x86_64-linux-gnu.so" to ""
-- Installing: /home/ngy/micro_ros/install/action_msgs/lib/python3.8/site-packages/action_msgs/action_msgs_s__rosidl_typesupport_fastrtps_c.cpython-38-x86_64-linux-gnu.so
-- Set runtime path of "/home/ngy/micro_ros/install/action_msgs/lib/python3.8/site-packages/action_msgs/action_msgs_s__rosidl_typesupport_fastrtps_c.cpython-38-x86_64-linux-gnu.so" to ""
-- Installing: /home/ngy/micro_ros/install/action_msgs/lib/python3.8/site-packages/action_msgs/action_msgs_s__rosidl_typesupport_introspection_c.cpython-38-x86_64-linux-gnu.so
-- Set runtime path of "/home/ngy/micro_ros/install/action_msgs/lib/python3.8/site-packages/action_msgs/action_msgs_s__rosidl_typesupport_introspection_c.cpython-38-x86_64-linux-gnu.so" to ""
-- Installing: /home/ngy/micro_ros/install/action_msgs/lib/python3.8/site-packages/action_msgs/action_msgs_s__rosidl_typesupport_c.cpython-38-x86_64-linux-gnu.so
-- Set runtime path of "/home/ngy/micro_ros/install/action_msgs/lib/python3.8/site-packages/action_msgs/action_msgs_s__rosidl_typesupport_c.cpython-38-x86_64-linux-gnu.so" to ""
-- Installing: /home/ngy/micro_ros/install/action_msgs/lib/libaction_msgs__python.so
-- Set runtime path of "/home/ngy/micro_ros/install/action_msgs/lib/libaction_msgs__python.so" to ""
-- Installing: /home/ngy/micro_ros/install/action_msgs/share/action_msgs/msg/GoalInfo.idl
-- Installing: /home/ngy/micro_ros/install/action_msgs/share/action_msgs/msg/GoalStatus.idl
-- Installing: /home/ngy/micro_ros/install/action_msgs/share/action_msgs/msg/GoalStatusArray.idl
-- Installing: /home/ngy/micro_ros/install/action_msgs/share/action_msgs/srv/CancelGoal.idl
-- Installing: /home/ngy/micro_ros/install/action_msgs/share/action_msgs/msg/GoalInfo.msg
-- Installing: /home/ngy/micro_ros/install/action_msgs/share/action_msgs/msg/GoalStatus.msg
-- Installing: /home/ngy/micro_ros/install/action_msgs/share/action_msgs/msg/GoalStatusArray.msg
-- Installing: /home/ngy/micro_ros/install/action_msgs/share/action_msgs/srv/CancelGoal.srv
-- Installing: /home/ngy/micro_ros/install/action_msgs/share/action_msgs/srv/CancelGoal_Request.msg
-- Installing: /home/ngy/micro_ros/install/action_msgs/share/action_msgs/srv/CancelGoal_Response.msg
-- Installing: /home/ngy/micro_ros/install/action_msgs/share/ament_index/resource_index/package_run_dependencies/action_msgs
-- Installing: /home/ngy/micro_ros/install/action_msgs/share/ament_index/resource_index/parent_prefix_path/action_msgs
-- Installing: /home/ngy/micro_ros/install/action_msgs/share/action_msgs/environment/ament_prefix_path.sh
-- Installing: /home/ngy/micro_ros/install/action_msgs/share/action_msgs/environment/ament_prefix_path.dsv
-- Installing: /home/ngy/micro_ros/install/action_msgs/share/action_msgs/environment/path.sh
-- Installing: /home/ngy/micro_ros/install/action_msgs/share/action_msgs/environment/path.dsv
-- Installing: /home/ngy/micro_ros/install/action_msgs/share/action_msgs/local_setup.bash
-- Installing: /home/ngy/micro_ros/install/action_msgs/share/action_msgs/local_setup.sh
-- Installing: /home/ngy/micro_ros/install/action_msgs/share/action_msgs/local_setup.zsh
-- Installing: /home/ngy/micro_ros/install/action_msgs/share/action_msgs/local_setup.dsv
-- Installing: /home/ngy/micro_ros/install/action_msgs/share/action_msgs/package.dsv
-- Installing: /home/ngy/micro_ros/install/action_msgs/share/ament_index/resource_index/packages/action_msgs
-- Installing: /home/ngy/micro_ros/install/action_msgs/share/action_msgs/cmake/action_msgs__rosidl_generator_cExport.cmake
-- Installing: /home/ngy/micro_ros/install/action_msgs/share/action_msgs/cmake/action_msgs__rosidl_generator_cExport-noconfig.cmake
-- Installing: /home/ngy/micro_ros/install/action_msgs/share/action_msgs/cmake/action_msgs__rosidl_typesupport_introspection_cExport.cmake
-- Installing: /home/ngy/micro_ros/install/action_msgs/share/action_msgs/cmake/action_msgs__rosidl_typesupport_introspection_cExport-noconfig.cmake
-- Installing: /home/ngy/micro_ros/install/action_msgs/share/action_msgs/cmake/action_msgs__rosidl_typesupport_cExport.cmake
-- Installing: /home/ngy/micro_ros/install/action_msgs/share/action_msgs/cmake/action_msgs__rosidl_typesupport_cExport-noconfig.cmake
-- Installing: /home/ngy/micro_ros/install/action_msgs/share/action_msgs/cmake/action_msgs__rosidl_generator_cppExport.cmake
-- Installing: /home/ngy/micro_ros/install/action_msgs/share/action_msgs/cmake/action_msgs__rosidl_typesupport_introspection_cppExport.cmake
-- Installing: /home/ngy/micro_ros/install/action_msgs/share/action_msgs/cmake/action_msgs__rosidl_typesupport_introspection_cppExport-noconfig.cmake
-- Installing: /home/ngy/micro_ros/install/action_msgs/share/action_msgs/cmake/action_msgs__rosidl_typesupport_cppExport.cmake
-- Installing: /home/ngy/micro_ros/install/action_msgs/share/action_msgs/cmake/action_msgs__rosidl_typesupport_cppExport-noconfig.cmake
-- Installing: /home/ngy/micro_ros/install/action_msgs/share/action_msgs/cmake/rosidl_cmake-extras.cmake
-- Installing: /home/ngy/micro_ros/install/action_msgs/share/action_msgs/cmake/ament_cmake_export_dependencies-extras.cmake
-- Installing: /home/ngy/micro_ros/install/action_msgs/share/action_msgs/cmake/ament_cmake_export_libraries-extras.cmake
-- Installing: /home/ngy/micro_ros/install/action_msgs/share/action_msgs/cmake/ament_cmake_export_targets-extras.cmake
-- Installing: /home/ngy/micro_ros/install/action_msgs/share/action_msgs/cmake/ament_cmake_export_include_directories-extras.cmake
-- Installing: /home/ngy/micro_ros/install/action_msgs/share/action_msgs/cmake/rosidl_cmake_export_typesupport_libraries-extras.cmake
-- Installing: /home/ngy/micro_ros/install/action_msgs/share/action_msgs/cmake/rosidl_cmake_export_typesupport_targets-extras.cmake
-- Installing: /home/ngy/micro_ros/install/action_msgs/share/action_msgs/cmake/action_msgsConfig.cmake
-- Installing: /home/ngy/micro_ros/install/action_msgs/share/action_msgs/cmake/action_msgsConfig-version.cmake
-- Installing: /home/ngy/micro_ros/install/action_msgs/share/action_msgs/package.xml
