[0.092s] Invoking command in '/home/ngy/micro_ros/build/action_msgs': AMENT_PREFIX_PATH=/home/ngy/micro_ros/install/unique_identifier_msgs:/home/ngy/micro_ros/install/builtin_interfaces:${AMENT_PREFIX_PATH} CMAKE_PREFIX_PATH=/home/ngy/micro_ros/install/unique_identifier_msgs:/home/ngy/micro_ros/install/builtin_interfaces:/home/ngy/micro_ros/install/rosidl_typesupport_microxrcedds_cpp:/home/ngy/micro_ros/install/rosidl_typesupport_microxrcedds_c:/home/ngy/micro_ros/install/microcdr:/home/ngy/micro_ros/install/micro_ros_msgs:/home/ngy/micro_ros/install/micro_ros_setup:/home/ngy/microros_ws/install/micro_ros_agent:/home/ngy/microros_ws/install/common_interfaces:/home/ngy/microros_ws/install/visualization_msgs:/home/ngy/microros_ws/install/test_msgs:/home/ngy/microros_ws/install/micro_ros_demos_rclc:/home/ngy/microros_ws/install/example_interfaces:/home/ngy/microros_ws/install/action_msgs:/home/ngy/microros_ws/install/unique_identifier_msgs:/home/ngy/microros_ws/install/trajectory_msgs:/home/ngy/microros_ws/install/stereo_msgs:/home/ngy/microros_ws/install/std_srvs:/home/ngy/microros_ws/install/shape_msgs:/home/ngy/microros_ws/install/sensor_msgs:/home/ngy/microros_ws/install/nav_msgs:/home/ngy/microros_ws/install/diagnostic_msgs:/home/ngy/microros_ws/install/geometry_msgs:/home/ngy/microros_ws/install/actionlib_msgs:/home/ngy/microros_ws/install/std_msgs:/home/ngy/microros_ws/install/statistics_msgs:/home/ngy/microros_ws/install/rosidl_typesupport_microxrcedds_test_msg:/home/ngy/microros_ws/install/rosidl_typesupport_microxrcedds_cpp_tests:/home/ngy/microros_ws/install/rmw_microxrcedds:/home/ngy/microros_ws/install/rosidl_typesupport_microxrcedds_cpp:/home/ngy/microros_ws/install/rosidl_typesupport_microxrcedds_c_tests:/home/ngy/microros_ws/install/rosidl_typesupport_microxrcedds_c:/home/ngy/microros_ws/install/rosgraph_msgs:/home/ngy/microros_ws/install/rclc_parameter:/home/ngy/microros_ws/install/rclc:/home/ngy/microros_ws/install/composition_interfaces:/home/ngy/microros_ws/install/rcl_interfaces:/home/ngy/microros_ws/install/microxrcedds_client:/home/ngy/microros_ws/install/microcdr:/home/ngy/microros_ws/install/micro_ros_msgs:/home/ngy/microros_ws/install/micro_ros_demos_rclcpp:/home/ngy/microros_ws/install/lifecycle_msgs:/home/ngy/microros_ws/install/complex_msgs:/home/ngy/microros_ws/install/builtin_interfaces:/home/ngy/microros_ws/install/micro_ros_setup:/home/ngy/microros_ws/install/sensor_msgs_py:/opt/ros/foxy LD_LIBRARY_PATH=/home/ngy/micro_ros/install/unique_identifier_msgs/lib:/home/ngy/micro_ros/install/builtin_interfaces/lib:${LD_LIBRARY_PATH} PYTHONPATH=/home/ngy/micro_ros/install/unique_identifier_msgs/lib/python3.8/site-packages:/home/ngy/micro_ros/install/builtin_interfaces/lib/python3.8/site-packages:${PYTHONPATH} /usr/bin/cmake /home/ngy/micro_ros/src/ros2/rcl_interfaces/action_msgs -DBUILD_TESTING=OFF -DBUILD_SHARED_LIBS=ON -DCMAKE_INSTALL_PREFIX=/home/ngy/micro_ros/install/action_msgs
[0.195s] -- The C compiler identification is GNU 9.4.0
[0.326s] -- The CXX compiler identification is GNU 9.4.0
[0.364s] -- Check for working C compiler: /usr/bin/cc
[0.666s] -- Check for working C compiler: /usr/bin/cc -- works
[0.670s] -- Detecting C compiler ABI info
[1.010s] -- Detecting C compiler ABI info - done
[1.038s] -- Detecting C compile features
[1.039s] -- Detecting C compile features - done
[1.043s] -- Check for working CXX compiler: /usr/bin/c++
[1.201s] -- Check for working CXX compiler: /usr/bin/c++ -- works
[1.203s] -- Detecting CXX compiler ABI info
[1.365s] -- Detecting CXX compiler ABI info - done
[1.414s] -- Detecting CXX compile features
[1.415s] -- Detecting CXX compile features - done
[1.424s] -- Found ament_cmake: 0.9.11 (/opt/ros/foxy/share/ament_cmake/cmake)
[1.549s] -- Found PythonInterp: /usr/bin/python3 (found suitable version "3.8.10", minimum required is "3") 
[1.550s] -- Using PYTHON_EXECUTABLE: /usr/bin/python3
[2.107s] -- Found builtin_interfaces: 1.0.0 (/home/ngy/micro_ros/install/builtin_interfaces/share/builtin_interfaces/cmake)
[2.168s] -- Using all available rosidl_typesupport_c: rosidl_typesupport_microxrcedds_c;rosidl_typesupport_fastrtps_c;rosidl_typesupport_introspection_c
[2.185s] -- Found rosidl_adapter: 1.3.0 (/opt/ros/foxy/share/rosidl_adapter/cmake)
[2.371s] -- Found OpenSSL: /usr/lib/x86_64-linux-gnu/libcrypto.so (found version "1.1.1f")  
[2.430s] -- Found FastRTPS: /opt/ros/foxy/include  
[2.576s] -- Using all available rosidl_typesupport_cpp: rosidl_typesupport_microxrcedds_cpp;rosidl_typesupport_fastrtps_cpp;rosidl_typesupport_introspection_cpp
[2.648s] -- Found rosidl_default_generators: 1.0.1 (/opt/ros/foxy/share/rosidl_default_generators/cmake)
[2.682s] -- Found unique_identifier_msgs: 2.1.3 (/home/ngy/micro_ros/install/unique_identifier_msgs/share/unique_identifier_msgs/cmake)
[2.729s] -- Found PythonInterp: /usr/bin/python3 (found version "3.8.10") 
[2.887s] -- Found ament_cmake_ros: 0.9.2 (/opt/ros/foxy/share/ament_cmake_ros/cmake)
[3.117s] -- Using all available rosidl_typesupport_c: rosidl_typesupport_microxrcedds_c;rosidl_typesupport_fastrtps_c;rosidl_typesupport_introspection_c
[3.177s] -- Using all available rosidl_typesupport_cpp: rosidl_typesupport_microxrcedds_cpp;rosidl_typesupport_fastrtps_cpp;rosidl_typesupport_introspection_cpp
[3.235s] -- Found PythonInterp: /usr/bin/python3 (found suitable version "3.8.10", minimum required is "3.5") 
[3.236s] -- Found python_cmake_module: 0.8.1 (/opt/ros/foxy/share/python_cmake_module/cmake)
[3.291s] -- Found PythonLibs: /usr/lib/x86_64-linux-gnu/libpython3.8.so (found suitable version "3.8.10", minimum required is "3.5") 
[3.291s] -- Using PYTHON_EXECUTABLE: /usr/bin/python3
[3.292s] -- Using PYTHON_INCLUDE_DIRS: /usr/include/python3.8
[3.292s] -- Using PYTHON_LIBRARIES: /usr/lib/x86_64-linux-gnu/libpython3.8.so
[3.344s] -- Found PythonExtra: .so  
[3.510s] -- Configuring done
[3.628s] -- Generating done
[3.634s] -- Build files have been written to: /home/ngy/micro_ros/build/action_msgs
[3.657s] Invoked command in '/home/ngy/micro_ros/build/action_msgs' returned '0': AMENT_PREFIX_PATH=/home/ngy/micro_ros/install/unique_identifier_msgs:/home/ngy/micro_ros/install/builtin_interfaces:${AMENT_PREFIX_PATH} CMAKE_PREFIX_PATH=/home/ngy/micro_ros/install/unique_identifier_msgs:/home/ngy/micro_ros/install/builtin_interfaces:/home/ngy/micro_ros/install/rosidl_typesupport_microxrcedds_cpp:/home/ngy/micro_ros/install/rosidl_typesupport_microxrcedds_c:/home/ngy/micro_ros/install/microcdr:/home/ngy/micro_ros/install/micro_ros_msgs:/home/ngy/micro_ros/install/micro_ros_setup:/home/ngy/microros_ws/install/micro_ros_agent:/home/ngy/microros_ws/install/common_interfaces:/home/ngy/microros_ws/install/visualization_msgs:/home/ngy/microros_ws/install/test_msgs:/home/ngy/microros_ws/install/micro_ros_demos_rclc:/home/ngy/microros_ws/install/example_interfaces:/home/ngy/microros_ws/install/action_msgs:/home/ngy/microros_ws/install/unique_identifier_msgs:/home/ngy/microros_ws/install/trajectory_msgs:/home/ngy/microros_ws/install/stereo_msgs:/home/ngy/microros_ws/install/std_srvs:/home/ngy/microros_ws/install/shape_msgs:/home/ngy/microros_ws/install/sensor_msgs:/home/ngy/microros_ws/install/nav_msgs:/home/ngy/microros_ws/install/diagnostic_msgs:/home/ngy/microros_ws/install/geometry_msgs:/home/ngy/microros_ws/install/actionlib_msgs:/home/ngy/microros_ws/install/std_msgs:/home/ngy/microros_ws/install/statistics_msgs:/home/ngy/microros_ws/install/rosidl_typesupport_microxrcedds_test_msg:/home/ngy/microros_ws/install/rosidl_typesupport_microxrcedds_cpp_tests:/home/ngy/microros_ws/install/rmw_microxrcedds:/home/ngy/microros_ws/install/rosidl_typesupport_microxrcedds_cpp:/home/ngy/microros_ws/install/rosidl_typesupport_microxrcedds_c_tests:/home/ngy/microros_ws/install/rosidl_typesupport_microxrcedds_c:/home/ngy/microros_ws/install/rosgraph_msgs:/home/ngy/microros_ws/install/rclc_parameter:/home/ngy/microros_ws/install/rclc:/home/ngy/microros_ws/install/composition_interfaces:/home/ngy/microros_ws/install/rcl_interfaces:/home/ngy/microros_ws/install/microxrcedds_client:/home/ngy/microros_ws/install/microcdr:/home/ngy/microros_ws/install/micro_ros_msgs:/home/ngy/microros_ws/install/micro_ros_demos_rclcpp:/home/ngy/microros_ws/install/lifecycle_msgs:/home/ngy/microros_ws/install/complex_msgs:/home/ngy/microros_ws/install/builtin_interfaces:/home/ngy/microros_ws/install/micro_ros_setup:/home/ngy/microros_ws/install/sensor_msgs_py:/opt/ros/foxy LD_LIBRARY_PATH=/home/ngy/micro_ros/install/unique_identifier_msgs/lib:/home/ngy/micro_ros/install/builtin_interfaces/lib:${LD_LIBRARY_PATH} PYTHONPATH=/home/ngy/micro_ros/install/unique_identifier_msgs/lib/python3.8/site-packages:/home/ngy/micro_ros/install/builtin_interfaces/lib/python3.8/site-packages:${PYTHONPATH} /usr/bin/cmake /home/ngy/micro_ros/src/ros2/rcl_interfaces/action_msgs -DBUILD_TESTING=OFF -DBUILD_SHARED_LIBS=ON -DCMAKE_INSTALL_PREFIX=/home/ngy/micro_ros/install/action_msgs
[3.658s] Invoking command in '/home/ngy/micro_ros/build/action_msgs': AMENT_PREFIX_PATH=/home/ngy/micro_ros/install/unique_identifier_msgs:/home/ngy/micro_ros/install/builtin_interfaces:${AMENT_PREFIX_PATH} CMAKE_PREFIX_PATH=/home/ngy/micro_ros/install/unique_identifier_msgs:/home/ngy/micro_ros/install/builtin_interfaces:/home/ngy/micro_ros/install/rosidl_typesupport_microxrcedds_cpp:/home/ngy/micro_ros/install/rosidl_typesupport_microxrcedds_c:/home/ngy/micro_ros/install/microcdr:/home/ngy/micro_ros/install/micro_ros_msgs:/home/ngy/micro_ros/install/micro_ros_setup:/home/ngy/microros_ws/install/micro_ros_agent:/home/ngy/microros_ws/install/common_interfaces:/home/ngy/microros_ws/install/visualization_msgs:/home/ngy/microros_ws/install/test_msgs:/home/ngy/microros_ws/install/micro_ros_demos_rclc:/home/ngy/microros_ws/install/example_interfaces:/home/ngy/microros_ws/install/action_msgs:/home/ngy/microros_ws/install/unique_identifier_msgs:/home/ngy/microros_ws/install/trajectory_msgs:/home/ngy/microros_ws/install/stereo_msgs:/home/ngy/microros_ws/install/std_srvs:/home/ngy/microros_ws/install/shape_msgs:/home/ngy/microros_ws/install/sensor_msgs:/home/ngy/microros_ws/install/nav_msgs:/home/ngy/microros_ws/install/diagnostic_msgs:/home/ngy/microros_ws/install/geometry_msgs:/home/ngy/microros_ws/install/actionlib_msgs:/home/ngy/microros_ws/install/std_msgs:/home/ngy/microros_ws/install/statistics_msgs:/home/ngy/microros_ws/install/rosidl_typesupport_microxrcedds_test_msg:/home/ngy/microros_ws/install/rosidl_typesupport_microxrcedds_cpp_tests:/home/ngy/microros_ws/install/rmw_microxrcedds:/home/ngy/microros_ws/install/rosidl_typesupport_microxrcedds_cpp:/home/ngy/microros_ws/install/rosidl_typesupport_microxrcedds_c_tests:/home/ngy/microros_ws/install/rosidl_typesupport_microxrcedds_c:/home/ngy/microros_ws/install/rosgraph_msgs:/home/ngy/microros_ws/install/rclc_parameter:/home/ngy/microros_ws/install/rclc:/home/ngy/microros_ws/install/composition_interfaces:/home/ngy/microros_ws/install/rcl_interfaces:/home/ngy/microros_ws/install/microxrcedds_client:/home/ngy/microros_ws/install/microcdr:/home/ngy/microros_ws/install/micro_ros_msgs:/home/ngy/microros_ws/install/micro_ros_demos_rclcpp:/home/ngy/microros_ws/install/lifecycle_msgs:/home/ngy/microros_ws/install/complex_msgs:/home/ngy/microros_ws/install/builtin_interfaces:/home/ngy/microros_ws/install/micro_ros_setup:/home/ngy/microros_ws/install/sensor_msgs_py:/opt/ros/foxy LD_LIBRARY_PATH=/home/ngy/micro_ros/install/unique_identifier_msgs/lib:/home/ngy/micro_ros/install/builtin_interfaces/lib:${LD_LIBRARY_PATH} PYTHONPATH=/home/ngy/micro_ros/install/unique_identifier_msgs/lib/python3.8/site-packages:/home/ngy/micro_ros/install/builtin_interfaces/lib/python3.8/site-packages:${PYTHONPATH} /usr/bin/cmake --build /home/ngy/micro_ros/build/action_msgs -- -j12 -l12
[7.245s] [35m[1mScanning dependencies of target action_msgs__cpp[0m
[7.245s] [  1%] [34m[1mGenerating C++ code for ROS interfaces[0m
[7.247s] [  2%] [34m[1mGenerating C code for ROS interfaces[0m
[7.251s] [  2%] Built target action_msgs__cpp
[7.251s] [  4%] [34m[1mGenerating C++ type support dispatch for ROS interfaces[0m
[7.251s] [  5%] [34m[1mGenerating C++ introspection for ROS interfaces[0m
[7.252s] [  7%] [34m[1mGenerating C++ type support for eProsima Fast-RTPS[0m
[7.252s] [  8%] [34m[1mGenerating C++ type support for eProsima Micro XRCE-DDS[0m
[7.252s] [35m[1mScanning dependencies of target action_msgs__rosidl_generator_c[0m
[7.354s] [ 10%] [32mBuilding C object CMakeFiles/action_msgs__rosidl_generator_c.dir/rosidl_generator_c/action_msgs/msg/detail/goal_info__functions.c.o[0m
[7.355s] [ 11%] [32mBuilding C object CMakeFiles/action_msgs__rosidl_generator_c.dir/rosidl_generator_c/action_msgs/msg/detail/goal_status_array__functions.c.o[0m
[7.355s] [ 13%] [32mBuilding C object CMakeFiles/action_msgs__rosidl_generator_c.dir/rosidl_generator_c/action_msgs/msg/detail/goal_status__functions.c.o[0m
[7.355s] [ 14%] [32mBuilding C object CMakeFiles/action_msgs__rosidl_generator_c.dir/rosidl_generator_c/action_msgs/srv/detail/cancel_goal__functions.c.o[0m
[7.640s] [35m[1mScanning dependencies of target action_msgs__rosidl_typesupport_cpp[0m
[7.779s] [ 15%] [32mBuilding CXX object CMakeFiles/action_msgs__rosidl_typesupport_cpp.dir/rosidl_typesupport_cpp/action_msgs/msg/goal_info__type_support.cpp.o[0m
[7.816s] [ 17%] [32mBuilding CXX object CMakeFiles/action_msgs__rosidl_typesupport_cpp.dir/rosidl_typesupport_cpp/action_msgs/msg/goal_status__type_support.cpp.o[0m
[7.860s] [ 18%] [32mBuilding CXX object CMakeFiles/action_msgs__rosidl_typesupport_cpp.dir/rosidl_typesupport_cpp/action_msgs/msg/goal_status_array__type_support.cpp.o[0m
[7.867s] [ 20%] [32mBuilding CXX object CMakeFiles/action_msgs__rosidl_typesupport_cpp.dir/rosidl_typesupport_cpp/action_msgs/srv/cancel_goal__type_support.cpp.o[0m
[7.979s] [ 21%] [32m[1mLinking C shared library libaction_msgs__rosidl_generator_c.so[0m
[8.265s] [ 21%] Built target action_msgs__rosidl_generator_c
[8.363s] [ 23%] [34m[1mGenerating C type support for eProsima Micro XRCE-DDS[0m
[8.385s] [ 24%] [34m[1mGenerating C introspection for ROS interfaces[0m
[8.443s] [ 26%] [34m[1mGenerating C type support dispatch for ROS interfaces[0m
[8.515s] [35m[1mScanning dependencies of target action_msgs__rosidl_typesupport_introspection_cpp[0m
[8.670s] [ 27%] [32mBuilding CXX object CMakeFiles/action_msgs__rosidl_typesupport_introspection_cpp.dir/rosidl_typesupport_introspection_cpp/action_msgs/msg/detail/goal_status__type_support.cpp.o[0m
[8.726s] [ 28%] [32mBuilding CXX object CMakeFiles/action_msgs__rosidl_typesupport_introspection_cpp.dir/rosidl_typesupport_introspection_cpp/action_msgs/msg/detail/goal_info__type_support.cpp.o[0m
[8.729s] [ 30%] [32mBuilding CXX object CMakeFiles/action_msgs__rosidl_typesupport_introspection_cpp.dir/rosidl_typesupport_introspection_cpp/action_msgs/msg/detail/goal_status_array__type_support.cpp.o[0m
[9.488s] [ 31%] [32mBuilding CXX object CMakeFiles/action_msgs__rosidl_typesupport_introspection_cpp.dir/rosidl_typesupport_introspection_cpp/action_msgs/srv/detail/cancel_goal__type_support.cpp.o[0m
[10.341s] [35m[1mScanning dependencies of target action_msgs__rosidl_typesupport_fastrtps_cpp[0m
[10.457s] [ 33%] [32m[1mLinking CXX shared library libaction_msgs__rosidl_typesupport_cpp.so[0m
[10.472s] [35m[1mScanning dependencies of target action_msgs__rosidl_typesupport_microxrcedds_cpp[0m
[10.482s] [ 34%] [32mBuilding CXX object CMakeFiles/action_msgs__rosidl_typesupport_fastrtps_cpp.dir/rosidl_typesupport_fastrtps_cpp/action_msgs/msg/detail/dds_fastrtps/goal_info__type_support.cpp.o[0m
[10.503s] [ 36%] [32mBuilding CXX object CMakeFiles/action_msgs__rosidl_typesupport_fastrtps_cpp.dir/rosidl_typesupport_fastrtps_cpp/action_msgs/msg/detail/dds_fastrtps/goal_status_array__type_support.cpp.o[0m
[10.505s] [ 37%] [32mBuilding CXX object CMakeFiles/action_msgs__rosidl_typesupport_fastrtps_cpp.dir/rosidl_typesupport_fastrtps_cpp/action_msgs/msg/detail/dds_fastrtps/goal_status__type_support.cpp.o[0m
[10.521s] [ 39%] [32mBuilding CXX object CMakeFiles/action_msgs__rosidl_typesupport_fastrtps_cpp.dir/rosidl_typesupport_fastrtps_cpp/action_msgs/srv/detail/dds_fastrtps/cancel_goal__type_support.cpp.o[0m
[10.604s] [ 40%] [32mBuilding CXX object CMakeFiles/action_msgs__rosidl_typesupport_microxrcedds_cpp.dir/rosidl_typesupport_microxrcedds_cpp/action_msgs/msg/detail/microxrcedds/goal_info__type_support_cpp.cpp.o[0m
[10.620s] [ 42%] [32mBuilding CXX object CMakeFiles/action_msgs__rosidl_typesupport_microxrcedds_cpp.dir/rosidl_typesupport_microxrcedds_cpp/action_msgs/msg/detail/microxrcedds/goal_status__type_support_cpp.cpp.o[0m
[10.686s] [ 43%] [32mBuilding CXX object CMakeFiles/action_msgs__rosidl_typesupport_microxrcedds_cpp.dir/rosidl_typesupport_microxrcedds_cpp/action_msgs/msg/detail/microxrcedds/goal_status_array__type_support_cpp.cpp.o[0m
[10.821s] [ 43%] Built target action_msgs__rosidl_typesupport_cpp
[10.893s] [ 44%] [32mBuilding CXX object CMakeFiles/action_msgs__rosidl_typesupport_microxrcedds_cpp.dir/rosidl_typesupport_microxrcedds_cpp/action_msgs/srv/detail/microxrcedds/cancel_goal__type_support_cpp.cpp.o[0m
[11.439s] [35m[1mScanning dependencies of target action_msgs__rosidl_typesupport_introspection_c[0m
[11.582s] [ 46%] [32mBuilding C object CMakeFiles/action_msgs__rosidl_typesupport_introspection_c.dir/rosidl_typesupport_introspection_c/action_msgs/msg/detail/goal_info__type_support.c.o[0m
[11.616s] [ 47%] [32mBuilding C object CMakeFiles/action_msgs__rosidl_typesupport_introspection_c.dir/rosidl_typesupport_introspection_c/action_msgs/msg/detail/goal_status__type_support.c.o[0m
[11.741s] [ 49%] [32m[1mLinking CXX shared library libaction_msgs__rosidl_typesupport_introspection_cpp.so[0m
[11.743s] [35m[1mScanning dependencies of target action_msgs__rosidl_typesupport_c[0m
[11.800s] [ 50%] [32mBuilding C object CMakeFiles/action_msgs__rosidl_typesupport_introspection_c.dir/rosidl_typesupport_introspection_c/action_msgs/msg/detail/goal_status_array__type_support.c.o[0m
[11.863s] [ 52%] [32mBuilding CXX object CMakeFiles/action_msgs__rosidl_typesupport_c.dir/rosidl_typesupport_c/action_msgs/msg/goal_info__type_support.cpp.o[0m
[11.900s] [ 53%] [32mBuilding CXX object CMakeFiles/action_msgs__rosidl_typesupport_c.dir/rosidl_typesupport_c/action_msgs/msg/goal_status__type_support.cpp.o[0m
[11.942s] [ 55%] [32mBuilding C object CMakeFiles/action_msgs__rosidl_typesupport_introspection_c.dir/rosidl_typesupport_introspection_c/action_msgs/srv/detail/cancel_goal__type_support.c.o[0m
[11.950s] [35m[1mScanning dependencies of target action_msgs__rosidl_typesupport_microxrcedds_c[0m
[12.006s] [ 55%] Built target action_msgs__rosidl_typesupport_introspection_cpp
[12.049s] [ 56%] [32mBuilding CXX object CMakeFiles/action_msgs__rosidl_typesupport_c.dir/rosidl_typesupport_c/action_msgs/msg/goal_status_array__type_support.cpp.o[0m
[12.049s] [ 57%] [32mBuilding CXX object CMakeFiles/action_msgs__rosidl_typesupport_c.dir/rosidl_typesupport_c/action_msgs/srv/cancel_goal__type_support.cpp.o[0m
[12.053s] [ 59%] [32mBuilding C object CMakeFiles/action_msgs__rosidl_typesupport_microxrcedds_c.dir/rosidl_typesupport_microxrcedds_c/action_msgs/msg/detail/microxrcedds/goal_info__type_support_c.c.o[0m
[12.082s] [ 60%] [32mBuilding C object CMakeFiles/action_msgs__rosidl_typesupport_microxrcedds_c.dir/rosidl_typesupport_microxrcedds_c/action_msgs/msg/detail/microxrcedds/goal_status__type_support_c.c.o[0m
[12.095s] [ 62%] [32mBuilding C object CMakeFiles/action_msgs__rosidl_typesupport_microxrcedds_c.dir/rosidl_typesupport_microxrcedds_c/action_msgs/msg/detail/microxrcedds/goal_status_array__type_support_c.c.o[0m
[12.148s] [ 63%] [32m[1mLinking C shared library libaction_msgs__rosidl_typesupport_introspection_c.so[0m
[12.218s] [ 65%] [32m[1mLinking CXX shared library libaction_msgs__rosidl_typesupport_c.so[0m
[12.219s] [ 66%] [32mBuilding C object CMakeFiles/action_msgs__rosidl_typesupport_microxrcedds_c.dir/rosidl_typesupport_microxrcedds_c/action_msgs/srv/detail/microxrcedds/cancel_goal__type_support_c.c.o[0m
[12.320s] [ 66%] Built target action_msgs__rosidl_typesupport_introspection_c
[12.405s] [ 66%] Built target action_msgs__rosidl_typesupport_c
[12.436s] [ 68%] [32m[1mLinking C shared library libaction_msgs__rosidl_typesupport_microxrcedds_c.so[0m
[12.506s] [ 69%] [32m[1mLinking CXX shared library libaction_msgs__rosidl_typesupport_microxrcedds_cpp.so[0m
[12.596s] [ 69%] Built target action_msgs__rosidl_typesupport_microxrcedds_c
[12.788s] [ 69%] Built target action_msgs__rosidl_typesupport_microxrcedds_cpp
[12.831s] [ 71%] [32m[1mLinking CXX shared library libaction_msgs__rosidl_typesupport_fastrtps_cpp.so[0m
[13.084s] [ 71%] Built target action_msgs__rosidl_typesupport_fastrtps_cpp
[13.115s] [ 72%] [34m[1mGenerating C type support for eProsima Fast-RTPS[0m
[15.440s] [35m[1mScanning dependencies of target action_msgs__rosidl_typesupport_fastrtps_c[0m
[15.617s] [ 73%] [32mBuilding CXX object CMakeFiles/action_msgs__rosidl_typesupport_fastrtps_c.dir/rosidl_typesupport_fastrtps_c/action_msgs/msg/detail/goal_info__type_support_c.cpp.o[0m
[15.639s] [ 75%] [32mBuilding CXX object CMakeFiles/action_msgs__rosidl_typesupport_fastrtps_c.dir/rosidl_typesupport_fastrtps_c/action_msgs/msg/detail/goal_status__type_support_c.cpp.o[0m
[15.677s] [ 76%] [32mBuilding CXX object CMakeFiles/action_msgs__rosidl_typesupport_fastrtps_c.dir/rosidl_typesupport_fastrtps_c/action_msgs/msg/detail/goal_status_array__type_support_c.cpp.o[0m
[15.690s] [ 78%] [32mBuilding CXX object CMakeFiles/action_msgs__rosidl_typesupport_fastrtps_c.dir/rosidl_typesupport_fastrtps_c/action_msgs/srv/detail/cancel_goal__type_support_c.cpp.o[0m
[17.874s] [ 79%] [32m[1mLinking CXX shared library libaction_msgs__rosidl_typesupport_fastrtps_c.so[0m
[18.276s] [ 79%] Built target action_msgs__rosidl_typesupport_fastrtps_c
[18.359s] [35m[1mScanning dependencies of target action_msgs[0m
[18.498s] [ 79%] Built target action_msgs
[18.592s] [35m[1mScanning dependencies of target action_msgs__py[0m
[18.701s] [ 81%] [34m[1mGenerating Python code for ROS interfaces[0m
[24.148s] [ 81%] Built target action_msgs__py
[24.248s] [35m[1mScanning dependencies of target action_msgs__python[0m
[24.424s] [ 82%] [32mBuilding C object CMakeFiles/action_msgs__python.dir/rosidl_generator_py/action_msgs/msg/_goal_info_s.c.o[0m
[24.455s] [ 84%] [32mBuilding C object CMakeFiles/action_msgs__python.dir/rosidl_generator_py/action_msgs/srv/_cancel_goal_s.c.o[0m
[24.468s] [ 85%] [32mBuilding C object CMakeFiles/action_msgs__python.dir/rosidl_generator_py/action_msgs/msg/_goal_status_s.c.o[0m
[24.470s] [ 86%] [32mBuilding C object CMakeFiles/action_msgs__python.dir/rosidl_generator_py/action_msgs/msg/_goal_status_array_s.c.o[0m
[25.298s] [ 88%] [32m[1mLinking C shared library rosidl_generator_py/action_msgs/libaction_msgs__python.so[0m
[25.477s] [ 88%] Built target action_msgs__python
[25.594s] [35m[1mScanning dependencies of target action_msgs__rosidl_typesupport_c__pyext[0m
[25.595s] [35m[1mScanning dependencies of target action_msgs__rosidl_typesupport_introspection_c__pyext[0m
[25.638s] [35m[1mScanning dependencies of target action_msgs__rosidl_typesupport_fastrtps_c__pyext[0m
[25.638s] [35m[1mScanning dependencies of target action_msgs__rosidl_typesupport_microxrcedds_c__pyext[0m
[25.776s] [ 89%] [32mBuilding C object CMakeFiles/action_msgs__rosidl_typesupport_introspection_c__pyext.dir/rosidl_generator_py/action_msgs/_action_msgs_s.ep.rosidl_typesupport_introspection_c.c.o[0m
[25.776s] [ 91%] [32mBuilding C object CMakeFiles/action_msgs__rosidl_typesupport_c__pyext.dir/rosidl_generator_py/action_msgs/_action_msgs_s.ep.rosidl_typesupport_c.c.o[0m
[25.854s] [ 92%] [32mBuilding C object CMakeFiles/action_msgs__rosidl_typesupport_microxrcedds_c__pyext.dir/rosidl_generator_py/action_msgs/_action_msgs_s.ep.rosidl_typesupport_microxrcedds_c.c.o[0m
[25.863s] [ 94%] [32mBuilding C object CMakeFiles/action_msgs__rosidl_typesupport_fastrtps_c__pyext.dir/rosidl_generator_py/action_msgs/_action_msgs_s.ep.rosidl_typesupport_fastrtps_c.c.o[0m
[26.554s] [ 95%] [32m[1mLinking C shared library rosidl_generator_py/action_msgs/action_msgs_s__rosidl_typesupport_microxrcedds_c.cpython-38-x86_64-linux-gnu.so[0m
[26.562s] [ 97%] [32m[1mLinking CXX shared library rosidl_generator_py/action_msgs/action_msgs_s__rosidl_typesupport_fastrtps_c.cpython-38-x86_64-linux-gnu.so[0m
[26.612s] [ 98%] [32m[1mLinking C shared library rosidl_generator_py/action_msgs/action_msgs_s__rosidl_typesupport_c.cpython-38-x86_64-linux-gnu.so[0m
[26.614s] [100%] [32m[1mLinking C shared library rosidl_generator_py/action_msgs/action_msgs_s__rosidl_typesupport_introspection_c.cpython-38-x86_64-linux-gnu.so[0m
[26.921s] [100%] Built target action_msgs__rosidl_typesupport_c__pyext
[26.935s] [100%] Built target action_msgs__rosidl_typesupport_introspection_c__pyext
[26.946s] [100%] Built target action_msgs__rosidl_typesupport_microxrcedds_c__pyext
[26.991s] [100%] Built target action_msgs__rosidl_typesupport_fastrtps_c__pyext
[27.054s] Invoked command in '/home/ngy/micro_ros/build/action_msgs' returned '0': AMENT_PREFIX_PATH=/home/ngy/micro_ros/install/unique_identifier_msgs:/home/ngy/micro_ros/install/builtin_interfaces:${AMENT_PREFIX_PATH} CMAKE_PREFIX_PATH=/home/ngy/micro_ros/install/unique_identifier_msgs:/home/ngy/micro_ros/install/builtin_interfaces:/home/ngy/micro_ros/install/rosidl_typesupport_microxrcedds_cpp:/home/ngy/micro_ros/install/rosidl_typesupport_microxrcedds_c:/home/ngy/micro_ros/install/microcdr:/home/ngy/micro_ros/install/micro_ros_msgs:/home/ngy/micro_ros/install/micro_ros_setup:/home/ngy/microros_ws/install/micro_ros_agent:/home/ngy/microros_ws/install/common_interfaces:/home/ngy/microros_ws/install/visualization_msgs:/home/ngy/microros_ws/install/test_msgs:/home/ngy/microros_ws/install/micro_ros_demos_rclc:/home/ngy/microros_ws/install/example_interfaces:/home/ngy/microros_ws/install/action_msgs:/home/ngy/microros_ws/install/unique_identifier_msgs:/home/ngy/microros_ws/install/trajectory_msgs:/home/ngy/microros_ws/install/stereo_msgs:/home/ngy/microros_ws/install/std_srvs:/home/ngy/microros_ws/install/shape_msgs:/home/ngy/microros_ws/install/sensor_msgs:/home/ngy/microros_ws/install/nav_msgs:/home/ngy/microros_ws/install/diagnostic_msgs:/home/ngy/microros_ws/install/geometry_msgs:/home/ngy/microros_ws/install/actionlib_msgs:/home/ngy/microros_ws/install/std_msgs:/home/ngy/microros_ws/install/statistics_msgs:/home/ngy/microros_ws/install/rosidl_typesupport_microxrcedds_test_msg:/home/ngy/microros_ws/install/rosidl_typesupport_microxrcedds_cpp_tests:/home/ngy/microros_ws/install/rmw_microxrcedds:/home/ngy/microros_ws/install/rosidl_typesupport_microxrcedds_cpp:/home/ngy/microros_ws/install/rosidl_typesupport_microxrcedds_c_tests:/home/ngy/microros_ws/install/rosidl_typesupport_microxrcedds_c:/home/ngy/microros_ws/install/rosgraph_msgs:/home/ngy/microros_ws/install/rclc_parameter:/home/ngy/microros_ws/install/rclc:/home/ngy/microros_ws/install/composition_interfaces:/home/ngy/microros_ws/install/rcl_interfaces:/home/ngy/microros_ws/install/microxrcedds_client:/home/ngy/microros_ws/install/microcdr:/home/ngy/microros_ws/install/micro_ros_msgs:/home/ngy/microros_ws/install/micro_ros_demos_rclcpp:/home/ngy/microros_ws/install/lifecycle_msgs:/home/ngy/microros_ws/install/complex_msgs:/home/ngy/microros_ws/install/builtin_interfaces:/home/ngy/microros_ws/install/micro_ros_setup:/home/ngy/microros_ws/install/sensor_msgs_py:/opt/ros/foxy LD_LIBRARY_PATH=/home/ngy/micro_ros/install/unique_identifier_msgs/lib:/home/ngy/micro_ros/install/builtin_interfaces/lib:${LD_LIBRARY_PATH} PYTHONPATH=/home/ngy/micro_ros/install/unique_identifier_msgs/lib/python3.8/site-packages:/home/ngy/micro_ros/install/builtin_interfaces/lib/python3.8/site-packages:${PYTHONPATH} /usr/bin/cmake --build /home/ngy/micro_ros/build/action_msgs -- -j12 -l12
[29.340s] Invoking command in '/home/ngy/micro_ros/build/action_msgs': AMENT_PREFIX_PATH=/home/ngy/micro_ros/install/unique_identifier_msgs:/home/ngy/micro_ros/install/builtin_interfaces:${AMENT_PREFIX_PATH} CMAKE_PREFIX_PATH=/home/ngy/micro_ros/install/unique_identifier_msgs:/home/ngy/micro_ros/install/builtin_interfaces:/home/ngy/micro_ros/install/rosidl_typesupport_microxrcedds_cpp:/home/ngy/micro_ros/install/rosidl_typesupport_microxrcedds_c:/home/ngy/micro_ros/install/microcdr:/home/ngy/micro_ros/install/micro_ros_msgs:/home/ngy/micro_ros/install/micro_ros_setup:/home/ngy/microros_ws/install/micro_ros_agent:/home/ngy/microros_ws/install/common_interfaces:/home/ngy/microros_ws/install/visualization_msgs:/home/ngy/microros_ws/install/test_msgs:/home/ngy/microros_ws/install/micro_ros_demos_rclc:/home/ngy/microros_ws/install/example_interfaces:/home/ngy/microros_ws/install/action_msgs:/home/ngy/microros_ws/install/unique_identifier_msgs:/home/ngy/microros_ws/install/trajectory_msgs:/home/ngy/microros_ws/install/stereo_msgs:/home/ngy/microros_ws/install/std_srvs:/home/ngy/microros_ws/install/shape_msgs:/home/ngy/microros_ws/install/sensor_msgs:/home/ngy/microros_ws/install/nav_msgs:/home/ngy/microros_ws/install/diagnostic_msgs:/home/ngy/microros_ws/install/geometry_msgs:/home/ngy/microros_ws/install/actionlib_msgs:/home/ngy/microros_ws/install/std_msgs:/home/ngy/microros_ws/install/statistics_msgs:/home/ngy/microros_ws/install/rosidl_typesupport_microxrcedds_test_msg:/home/ngy/microros_ws/install/rosidl_typesupport_microxrcedds_cpp_tests:/home/ngy/microros_ws/install/rmw_microxrcedds:/home/ngy/microros_ws/install/rosidl_typesupport_microxrcedds_cpp:/home/ngy/microros_ws/install/rosidl_typesupport_microxrcedds_c_tests:/home/ngy/microros_ws/install/rosidl_typesupport_microxrcedds_c:/home/ngy/microros_ws/install/rosgraph_msgs:/home/ngy/microros_ws/install/rclc_parameter:/home/ngy/microros_ws/install/rclc:/home/ngy/microros_ws/install/composition_interfaces:/home/ngy/microros_ws/install/rcl_interfaces:/home/ngy/microros_ws/install/microxrcedds_client:/home/ngy/microros_ws/install/microcdr:/home/ngy/microros_ws/install/micro_ros_msgs:/home/ngy/microros_ws/install/micro_ros_demos_rclcpp:/home/ngy/microros_ws/install/lifecycle_msgs:/home/ngy/microros_ws/install/complex_msgs:/home/ngy/microros_ws/install/builtin_interfaces:/home/ngy/microros_ws/install/micro_ros_setup:/home/ngy/microros_ws/install/sensor_msgs_py:/opt/ros/foxy LD_LIBRARY_PATH=/home/ngy/micro_ros/install/unique_identifier_msgs/lib:/home/ngy/micro_ros/install/builtin_interfaces/lib:${LD_LIBRARY_PATH} PYTHONPATH=/home/ngy/micro_ros/install/unique_identifier_msgs/lib/python3.8/site-packages:/home/ngy/micro_ros/install/builtin_interfaces/lib/python3.8/site-packages:${PYTHONPATH} /usr/bin/cmake --install /home/ngy/micro_ros/build/action_msgs
[29.389s] -- Install configuration: ""
[29.394s] -- Installing: /home/ngy/micro_ros/install/action_msgs/share/ament_index/resource_index/rosidl_interfaces/action_msgs
[29.395s] -- Installing: /home/ngy/micro_ros/install/action_msgs/include/action_msgs
[29.396s] -- Installing: /home/ngy/micro_ros/install/action_msgs/include/action_msgs/srv
[29.396s] -- Installing: /home/ngy/micro_ros/install/action_msgs/include/action_msgs/srv/detail
[29.397s] -- Installing: /home/ngy/micro_ros/install/action_msgs/include/action_msgs/srv/detail/cancel_goal__struct.h
[29.397s] -- Installing: /home/ngy/micro_ros/install/action_msgs/include/action_msgs/srv/detail/cancel_goal__functions.c
[29.398s] -- Installing: /home/ngy/micro_ros/install/action_msgs/include/action_msgs/srv/detail/cancel_goal__type_support.h
[29.399s] -- Installing: /home/ngy/micro_ros/install/action_msgs/include/action_msgs/srv/detail/cancel_goal__functions.h
[29.400s] -- Installing: /home/ngy/micro_ros/install/action_msgs/include/action_msgs/srv/cancel_goal.h
[29.400s] -- Installing: /home/ngy/micro_ros/install/action_msgs/include/action_msgs/msg
[29.401s] -- Installing: /home/ngy/micro_ros/install/action_msgs/include/action_msgs/msg/goal_info.h
[29.402s] -- Installing: /home/ngy/micro_ros/install/action_msgs/include/action_msgs/msg/detail
[29.402s] -- Installing: /home/ngy/micro_ros/install/action_msgs/include/action_msgs/msg/detail/goal_info__functions.h
[29.403s] -- Installing: /home/ngy/micro_ros/install/action_msgs/include/action_msgs/msg/detail/goal_status__type_support.h
[29.403s] -- Installing: /home/ngy/micro_ros/install/action_msgs/include/action_msgs/msg/detail/goal_status__functions.c
[29.403s] -- Installing: /home/ngy/micro_ros/install/action_msgs/include/action_msgs/msg/detail/goal_status_array__type_support.h
[29.403s] -- Installing: /home/ngy/micro_ros/install/action_msgs/include/action_msgs/msg/detail/goal_info__functions.c
[29.404s] -- Installing: /home/ngy/micro_ros/install/action_msgs/include/action_msgs/msg/detail/goal_info__struct.h
[29.404s] -- Installing: /home/ngy/micro_ros/install/action_msgs/include/action_msgs/msg/detail/goal_status_array__struct.h
[29.404s] -- Installing: /home/ngy/micro_ros/install/action_msgs/include/action_msgs/msg/detail/goal_status__struct.h
[29.405s] -- Installing: /home/ngy/micro_ros/install/action_msgs/include/action_msgs/msg/detail/goal_status_array__functions.h
[29.405s] -- Installing: /home/ngy/micro_ros/install/action_msgs/include/action_msgs/msg/detail/goal_status_array__functions.c
[29.405s] -- Installing: /home/ngy/micro_ros/install/action_msgs/include/action_msgs/msg/detail/goal_status__functions.h
[29.405s] -- Installing: /home/ngy/micro_ros/install/action_msgs/include/action_msgs/msg/detail/goal_info__type_support.h
[29.406s] -- Installing: /home/ngy/micro_ros/install/action_msgs/include/action_msgs/msg/goal_status.h
[29.406s] -- Installing: /home/ngy/micro_ros/install/action_msgs/include/action_msgs/msg/goal_status_array.h
[29.406s] -- Installing: /home/ngy/micro_ros/install/action_msgs/include/action_msgs/msg/rosidl_generator_c__visibility_control.h
[29.407s] -- Installing: /home/ngy/micro_ros/install/action_msgs/share/action_msgs/environment/library_path.sh
[29.407s] -- Installing: /home/ngy/micro_ros/install/action_msgs/share/action_msgs/environment/library_path.dsv
[29.407s] -- Installing: /home/ngy/micro_ros/install/action_msgs/lib/libaction_msgs__rosidl_generator_c.so
[29.408s] -- Set runtime path of "/home/ngy/micro_ros/install/action_msgs/lib/libaction_msgs__rosidl_generator_c.so" to ""
[29.409s] -- Up-to-date: /home/ngy/micro_ros/install/action_msgs/include/action_msgs
[29.409s] -- Up-to-date: /home/ngy/micro_ros/install/action_msgs/include/action_msgs/srv
[29.412s] -- Up-to-date: /home/ngy/micro_ros/install/action_msgs/include/action_msgs/srv/detail
[29.413s] -- Installing: /home/ngy/micro_ros/install/action_msgs/include/action_msgs/srv/detail/microxrcedds
[29.413s] -- Installing: /home/ngy/micro_ros/install/action_msgs/include/action_msgs/srv/detail/cancel_goal__rosidl_typesupport_microxrcedds_c.h
[29.413s] -- Up-to-date: /home/ngy/micro_ros/install/action_msgs/include/action_msgs/msg
[29.413s] -- Up-to-date: /home/ngy/micro_ros/install/action_msgs/include/action_msgs/msg/detail
[29.413s] -- Installing: /home/ngy/micro_ros/install/action_msgs/include/action_msgs/msg/detail/microxrcedds
[29.414s] -- Installing: /home/ngy/micro_ros/install/action_msgs/include/action_msgs/msg/detail/goal_status_array__rosidl_typesupport_microxrcedds_c.h
[29.414s] -- Installing: /home/ngy/micro_ros/install/action_msgs/include/action_msgs/msg/detail/goal_info__rosidl_typesupport_microxrcedds_c.h
[29.414s] -- Installing: /home/ngy/micro_ros/install/action_msgs/include/action_msgs/msg/detail/goal_status__rosidl_typesupport_microxrcedds_c.h
[29.415s] -- Installing: /home/ngy/micro_ros/install/action_msgs/include/action_msgs/msg/rosidl_typesupport_microxrcedds_c__visibility_control.h
[29.415s] -- Installing: /home/ngy/micro_ros/install/action_msgs/lib/libaction_msgs__rosidl_typesupport_microxrcedds_c.so
[29.416s] -- Set runtime path of "/home/ngy/micro_ros/install/action_msgs/lib/libaction_msgs__rosidl_typesupport_microxrcedds_c.so" to ""
[29.416s] -- Up-to-date: /home/ngy/micro_ros/install/action_msgs/include/action_msgs
[29.416s] -- Up-to-date: /home/ngy/micro_ros/install/action_msgs/include/action_msgs/srv
[29.416s] -- Up-to-date: /home/ngy/micro_ros/install/action_msgs/include/action_msgs/srv/detail
[29.417s] -- Installing: /home/ngy/micro_ros/install/action_msgs/include/action_msgs/srv/detail/cancel_goal__rosidl_typesupport_fastrtps_c.h
[29.417s] -- Up-to-date: /home/ngy/micro_ros/install/action_msgs/include/action_msgs/msg
[29.417s] -- Up-to-date: /home/ngy/micro_ros/install/action_msgs/include/action_msgs/msg/detail
[29.418s] -- Installing: /home/ngy/micro_ros/install/action_msgs/include/action_msgs/msg/detail/goal_info__rosidl_typesupport_fastrtps_c.h
[29.418s] -- Installing: /home/ngy/micro_ros/install/action_msgs/include/action_msgs/msg/detail/goal_status_array__rosidl_typesupport_fastrtps_c.h
[29.418s] -- Installing: /home/ngy/micro_ros/install/action_msgs/include/action_msgs/msg/detail/goal_status__rosidl_typesupport_fastrtps_c.h
[29.419s] -- Installing: /home/ngy/micro_ros/install/action_msgs/include/action_msgs/msg/rosidl_typesupport_fastrtps_c__visibility_control.h
[29.419s] -- Installing: /home/ngy/micro_ros/install/action_msgs/lib/libaction_msgs__rosidl_typesupport_fastrtps_c.so
[29.420s] -- Set runtime path of "/home/ngy/micro_ros/install/action_msgs/lib/libaction_msgs__rosidl_typesupport_fastrtps_c.so" to ""
[29.420s] -- Up-to-date: /home/ngy/micro_ros/install/action_msgs/include/action_msgs
[29.420s] -- Up-to-date: /home/ngy/micro_ros/install/action_msgs/include/action_msgs/srv
[29.420s] -- Up-to-date: /home/ngy/micro_ros/install/action_msgs/include/action_msgs/srv/detail
[29.421s] -- Installing: /home/ngy/micro_ros/install/action_msgs/include/action_msgs/srv/detail/dds_fastrtps
[29.421s] -- Installing: /home/ngy/micro_ros/install/action_msgs/include/action_msgs/srv/detail/cancel_goal__rosidl_typesupport_fastrtps_cpp.hpp
[29.421s] -- Up-to-date: /home/ngy/micro_ros/install/action_msgs/include/action_msgs/msg
[29.421s] -- Installing: /home/ngy/micro_ros/install/action_msgs/include/action_msgs/msg/rosidl_typesupport_fastrtps_cpp__visibility_control.h
[29.422s] -- Up-to-date: /home/ngy/micro_ros/install/action_msgs/include/action_msgs/msg/detail
[29.426s] -- Installing: /home/ngy/micro_ros/install/action_msgs/include/action_msgs/msg/detail/dds_fastrtps
[29.426s] -- Installing: /home/ngy/micro_ros/install/action_msgs/include/action_msgs/msg/detail/goal_status_array__rosidl_typesupport_fastrtps_cpp.hpp
[29.426s] -- Installing: /home/ngy/micro_ros/install/action_msgs/include/action_msgs/msg/detail/goal_info__rosidl_typesupport_fastrtps_cpp.hpp
[29.427s] -- Installing: /home/ngy/micro_ros/install/action_msgs/include/action_msgs/msg/detail/goal_status__rosidl_typesupport_fastrtps_cpp.hpp
[29.427s] -- Installing: /home/ngy/micro_ros/install/action_msgs/lib/libaction_msgs__rosidl_typesupport_fastrtps_cpp.so
[29.427s] -- Set runtime path of "/home/ngy/micro_ros/install/action_msgs/lib/libaction_msgs__rosidl_typesupport_fastrtps_cpp.so" to ""
[29.427s] -- Up-to-date: /home/ngy/micro_ros/install/action_msgs/include/action_msgs
[29.428s] -- Up-to-date: /home/ngy/micro_ros/install/action_msgs/include/action_msgs/srv
[29.428s] -- Up-to-date: /home/ngy/micro_ros/install/action_msgs/include/action_msgs/srv/detail
[29.429s] -- Installing: /home/ngy/micro_ros/install/action_msgs/include/action_msgs/srv/detail/cancel_goal__rosidl_typesupport_introspection_c.h
[29.429s] -- Installing: /home/ngy/micro_ros/install/action_msgs/include/action_msgs/srv/detail/cancel_goal__type_support.c
[29.429s] -- Up-to-date: /home/ngy/micro_ros/install/action_msgs/include/action_msgs/msg
[29.430s] -- Installing: /home/ngy/micro_ros/install/action_msgs/include/action_msgs/msg/rosidl_typesupport_introspection_c__visibility_control.h
[29.430s] -- Up-to-date: /home/ngy/micro_ros/install/action_msgs/include/action_msgs/msg/detail
[29.430s] -- Installing: /home/ngy/micro_ros/install/action_msgs/include/action_msgs/msg/detail/goal_info__type_support.c
[29.431s] -- Installing: /home/ngy/micro_ros/install/action_msgs/include/action_msgs/msg/detail/goal_status__rosidl_typesupport_introspection_c.h
[29.431s] -- Installing: /home/ngy/micro_ros/install/action_msgs/include/action_msgs/msg/detail/goal_status__type_support.c
[29.431s] -- Installing: /home/ngy/micro_ros/install/action_msgs/include/action_msgs/msg/detail/goal_status_array__type_support.c
[29.432s] -- Installing: /home/ngy/micro_ros/install/action_msgs/include/action_msgs/msg/detail/goal_status_array__rosidl_typesupport_introspection_c.h
[29.432s] -- Installing: /home/ngy/micro_ros/install/action_msgs/include/action_msgs/msg/detail/goal_info__rosidl_typesupport_introspection_c.h
[29.432s] -- Installing: /home/ngy/micro_ros/install/action_msgs/lib/libaction_msgs__rosidl_typesupport_introspection_c.so
[29.433s] -- Set runtime path of "/home/ngy/micro_ros/install/action_msgs/lib/libaction_msgs__rosidl_typesupport_introspection_c.so" to ""
[29.433s] -- Installing: /home/ngy/micro_ros/install/action_msgs/lib/libaction_msgs__rosidl_typesupport_c.so
[29.434s] -- Set runtime path of "/home/ngy/micro_ros/install/action_msgs/lib/libaction_msgs__rosidl_typesupport_c.so" to ""
[29.434s] -- Up-to-date: /home/ngy/micro_ros/install/action_msgs/include/action_msgs
[29.434s] -- Up-to-date: /home/ngy/micro_ros/install/action_msgs/include/action_msgs/srv
[29.435s] -- Installing: /home/ngy/micro_ros/install/action_msgs/include/action_msgs/srv/cancel_goal.hpp
[29.435s] -- Up-to-date: /home/ngy/micro_ros/install/action_msgs/include/action_msgs/srv/detail
[29.435s] -- Installing: /home/ngy/micro_ros/install/action_msgs/include/action_msgs/srv/detail/cancel_goal__struct.hpp
[29.435s] -- Installing: /home/ngy/micro_ros/install/action_msgs/include/action_msgs/srv/detail/cancel_goal__traits.hpp
[29.436s] -- Installing: /home/ngy/micro_ros/install/action_msgs/include/action_msgs/srv/detail/cancel_goal__builder.hpp
[29.436s] -- Up-to-date: /home/ngy/micro_ros/install/action_msgs/include/action_msgs/msg
[29.436s] -- Installing: /home/ngy/micro_ros/install/action_msgs/include/action_msgs/msg/goal_info.hpp
[29.436s] -- Up-to-date: /home/ngy/micro_ros/install/action_msgs/include/action_msgs/msg/detail
[29.437s] -- Installing: /home/ngy/micro_ros/install/action_msgs/include/action_msgs/msg/detail/goal_status__traits.hpp
[29.437s] -- Installing: /home/ngy/micro_ros/install/action_msgs/include/action_msgs/msg/detail/goal_status__struct.hpp
[29.437s] -- Installing: /home/ngy/micro_ros/install/action_msgs/include/action_msgs/msg/detail/goal_status_array__builder.hpp
[29.437s] -- Installing: /home/ngy/micro_ros/install/action_msgs/include/action_msgs/msg/detail/goal_info__struct.hpp
[29.438s] -- Installing: /home/ngy/micro_ros/install/action_msgs/include/action_msgs/msg/detail/goal_status_array__traits.hpp
[29.438s] -- Installing: /home/ngy/micro_ros/install/action_msgs/include/action_msgs/msg/detail/goal_status_array__struct.hpp
[29.438s] -- Installing: /home/ngy/micro_ros/install/action_msgs/include/action_msgs/msg/detail/goal_info__builder.hpp
[29.438s] -- Installing: /home/ngy/micro_ros/install/action_msgs/include/action_msgs/msg/detail/goal_status__builder.hpp
[29.438s] -- Installing: /home/ngy/micro_ros/install/action_msgs/include/action_msgs/msg/detail/goal_info__traits.hpp
[29.439s] -- Installing: /home/ngy/micro_ros/install/action_msgs/include/action_msgs/msg/goal_status.hpp
[29.439s] -- Installing: /home/ngy/micro_ros/install/action_msgs/include/action_msgs/msg/goal_status_array.hpp
[29.439s] -- Up-to-date: /home/ngy/micro_ros/install/action_msgs/include/action_msgs
[29.439s] -- Up-to-date: /home/ngy/micro_ros/install/action_msgs/include/action_msgs/srv
[29.440s] -- Up-to-date: /home/ngy/micro_ros/install/action_msgs/include/action_msgs/srv/detail
[29.440s] -- Up-to-date: /home/ngy/micro_ros/install/action_msgs/include/action_msgs/srv/detail/microxrcedds
[29.440s] -- Installing: /home/ngy/micro_ros/install/action_msgs/include/action_msgs/srv/detail/microxrcedds/cancel_goal__type_support_cpp.cpp
[29.440s] -- Installing: /home/ngy/micro_ros/install/action_msgs/include/action_msgs/srv/detail/cancel_goal__rosidl_typesupport_microxrcedds_cpp.hpp
[29.440s] -- Up-to-date: /home/ngy/micro_ros/install/action_msgs/include/action_msgs/msg
[29.441s] -- Up-to-date: /home/ngy/micro_ros/install/action_msgs/include/action_msgs/msg/detail
[29.441s] -- Up-to-date: /home/ngy/micro_ros/install/action_msgs/include/action_msgs/msg/detail/microxrcedds
[29.441s] -- Installing: /home/ngy/micro_ros/install/action_msgs/include/action_msgs/msg/detail/microxrcedds/goal_info__type_support_cpp.cpp
[29.441s] -- Installing: /home/ngy/micro_ros/install/action_msgs/include/action_msgs/msg/detail/microxrcedds/goal_status__type_support_cpp.cpp
[29.441s] -- Installing: /home/ngy/micro_ros/install/action_msgs/include/action_msgs/msg/detail/microxrcedds/goal_status_array__type_support_cpp.cpp
[29.449s] -- Installing: /home/ngy/micro_ros/install/action_msgs/include/action_msgs/msg/detail/goal_info__rosidl_typesupport_microxrcedds_cpp.hpp
[29.450s] -- Installing: /home/ngy/micro_ros/install/action_msgs/include/action_msgs/msg/detail/goal_status__rosidl_typesupport_microxrcedds_cpp.hpp
[29.450s] -- Installing: /home/ngy/micro_ros/install/action_msgs/include/action_msgs/msg/detail/goal_status_array__rosidl_typesupport_microxrcedds_cpp.hpp
[29.450s] -- Installing: /home/ngy/micro_ros/install/action_msgs/include/action_msgs/msg/rosidl_typesupport_microxrcedds_cpp__visibility_control.h
[29.451s] -- Installing: /home/ngy/micro_ros/install/action_msgs/lib/libaction_msgs__rosidl_typesupport_microxrcedds_cpp.so
[29.452s] -- Set runtime path of "/home/ngy/micro_ros/install/action_msgs/lib/libaction_msgs__rosidl_typesupport_microxrcedds_cpp.so" to ""
[29.453s] -- Up-to-date: /home/ngy/micro_ros/install/action_msgs/include/action_msgs
[29.453s] -- Up-to-date: /home/ngy/micro_ros/install/action_msgs/include/action_msgs/srv
[29.454s] -- Up-to-date: /home/ngy/micro_ros/install/action_msgs/include/action_msgs/srv/detail
[29.454s] -- Installing: /home/ngy/micro_ros/install/action_msgs/include/action_msgs/srv/detail/cancel_goal__rosidl_typesupport_introspection_cpp.hpp
[29.454s] -- Installing: /home/ngy/micro_ros/install/action_msgs/include/action_msgs/srv/detail/cancel_goal__type_support.cpp
[29.454s] -- Up-to-date: /home/ngy/micro_ros/install/action_msgs/include/action_msgs/msg
[29.455s] -- Up-to-date: /home/ngy/micro_ros/install/action_msgs/include/action_msgs/msg/detail
[29.455s] -- Installing: /home/ngy/micro_ros/install/action_msgs/include/action_msgs/msg/detail/goal_status__type_support.cpp
[29.455s] -- Installing: /home/ngy/micro_ros/install/action_msgs/include/action_msgs/msg/detail/goal_info__type_support.cpp
[29.455s] -- Installing: /home/ngy/micro_ros/install/action_msgs/include/action_msgs/msg/detail/goal_status__rosidl_typesupport_introspection_cpp.hpp
[29.456s] -- Installing: /home/ngy/micro_ros/install/action_msgs/include/action_msgs/msg/detail/goal_info__rosidl_typesupport_introspection_cpp.hpp
[29.456s] -- Installing: /home/ngy/micro_ros/install/action_msgs/include/action_msgs/msg/detail/goal_status_array__type_support.cpp
[29.456s] -- Installing: /home/ngy/micro_ros/install/action_msgs/include/action_msgs/msg/detail/goal_status_array__rosidl_typesupport_introspection_cpp.hpp
[29.456s] -- Installing: /home/ngy/micro_ros/install/action_msgs/lib/libaction_msgs__rosidl_typesupport_introspection_cpp.so
[29.457s] -- Set runtime path of "/home/ngy/micro_ros/install/action_msgs/lib/libaction_msgs__rosidl_typesupport_introspection_cpp.so" to ""
[29.457s] -- Installing: /home/ngy/micro_ros/install/action_msgs/lib/libaction_msgs__rosidl_typesupport_cpp.so
[29.458s] -- Set runtime path of "/home/ngy/micro_ros/install/action_msgs/lib/libaction_msgs__rosidl_typesupport_cpp.so" to ""
[29.458s] -- Installing: /home/ngy/micro_ros/install/action_msgs/share/action_msgs/environment/pythonpath.sh
[29.461s] -- Installing: /home/ngy/micro_ros/install/action_msgs/share/action_msgs/environment/pythonpath.dsv
[29.462s] -- Installing: /home/ngy/micro_ros/install/action_msgs/lib/python3.8/site-packages/action_msgs/__init__.py
[29.598s] Compiling '/home/ngy/micro_ros/install/action_msgs/lib/python3.8/site-packages/action_msgs/__init__.py'...
[29.611s] -- Installing: /home/ngy/micro_ros/install/action_msgs/lib/python3.8/site-packages/action_msgs/msg
[29.611s] -- Installing: /home/ngy/micro_ros/install/action_msgs/lib/python3.8/site-packages/action_msgs/msg/_goal_info_s.c
[29.611s] -- Installing: /home/ngy/micro_ros/install/action_msgs/lib/python3.8/site-packages/action_msgs/msg/_goal_info.py
[29.612s] -- Installing: /home/ngy/micro_ros/install/action_msgs/lib/python3.8/site-packages/action_msgs/msg/_goal_status_s.c
[29.612s] -- Installing: /home/ngy/micro_ros/install/action_msgs/lib/python3.8/site-packages/action_msgs/msg/_goal_status_array_s.c
[29.612s] -- Installing: /home/ngy/micro_ros/install/action_msgs/lib/python3.8/site-packages/action_msgs/msg/__init__.py
[29.612s] -- Installing: /home/ngy/micro_ros/install/action_msgs/lib/python3.8/site-packages/action_msgs/msg/_goal_status.py
[29.613s] -- Installing: /home/ngy/micro_ros/install/action_msgs/lib/python3.8/site-packages/action_msgs/msg/_goal_status_array.py
[29.613s] -- Installing: /home/ngy/micro_ros/install/action_msgs/lib/python3.8/site-packages/action_msgs/srv
[29.613s] -- Installing: /home/ngy/micro_ros/install/action_msgs/lib/python3.8/site-packages/action_msgs/srv/_cancel_goal_s.c
[29.613s] -- Installing: /home/ngy/micro_ros/install/action_msgs/lib/python3.8/site-packages/action_msgs/srv/__init__.py
[29.614s] -- Installing: /home/ngy/micro_ros/install/action_msgs/lib/python3.8/site-packages/action_msgs/srv/_cancel_goal.py
[29.614s] -- Installing: /home/ngy/micro_ros/install/action_msgs/lib/python3.8/site-packages/action_msgs/action_msgs_s__rosidl_typesupport_microxrcedds_c.cpython-38-x86_64-linux-gnu.so
[29.615s] -- Set runtime path of "/home/ngy/micro_ros/install/action_msgs/lib/python3.8/site-packages/action_msgs/action_msgs_s__rosidl_typesupport_microxrcedds_c.cpython-38-x86_64-linux-gnu.so" to ""
[29.616s] -- Installing: /home/ngy/micro_ros/install/action_msgs/lib/python3.8/site-packages/action_msgs/action_msgs_s__rosidl_typesupport_fastrtps_c.cpython-38-x86_64-linux-gnu.so
[29.617s] -- Set runtime path of "/home/ngy/micro_ros/install/action_msgs/lib/python3.8/site-packages/action_msgs/action_msgs_s__rosidl_typesupport_fastrtps_c.cpython-38-x86_64-linux-gnu.so" to ""
[29.618s] -- Installing: /home/ngy/micro_ros/install/action_msgs/lib/python3.8/site-packages/action_msgs/action_msgs_s__rosidl_typesupport_introspection_c.cpython-38-x86_64-linux-gnu.so
[29.619s] -- Set runtime path of "/home/ngy/micro_ros/install/action_msgs/lib/python3.8/site-packages/action_msgs/action_msgs_s__rosidl_typesupport_introspection_c.cpython-38-x86_64-linux-gnu.so" to ""
[29.619s] -- Installing: /home/ngy/micro_ros/install/action_msgs/lib/python3.8/site-packages/action_msgs/action_msgs_s__rosidl_typesupport_c.cpython-38-x86_64-linux-gnu.so
[29.620s] -- Set runtime path of "/home/ngy/micro_ros/install/action_msgs/lib/python3.8/site-packages/action_msgs/action_msgs_s__rosidl_typesupport_c.cpython-38-x86_64-linux-gnu.so" to ""
[29.621s] -- Installing: /home/ngy/micro_ros/install/action_msgs/lib/libaction_msgs__python.so
[29.622s] -- Set runtime path of "/home/ngy/micro_ros/install/action_msgs/lib/libaction_msgs__python.so" to ""
[29.623s] -- Installing: /home/ngy/micro_ros/install/action_msgs/share/action_msgs/msg/GoalInfo.idl
[29.623s] -- Installing: /home/ngy/micro_ros/install/action_msgs/share/action_msgs/msg/GoalStatus.idl
[29.630s] -- Installing: /home/ngy/micro_ros/install/action_msgs/share/action_msgs/msg/GoalStatusArray.idl
[29.631s] -- Installing: /home/ngy/micro_ros/install/action_msgs/share/action_msgs/srv/CancelGoal.idl
[29.631s] -- Installing: /home/ngy/micro_ros/install/action_msgs/share/action_msgs/msg/GoalInfo.msg
[29.631s] -- Installing: /home/ngy/micro_ros/install/action_msgs/share/action_msgs/msg/GoalStatus.msg
[29.632s] -- Installing: /home/ngy/micro_ros/install/action_msgs/share/action_msgs/msg/GoalStatusArray.msg
[29.632s] -- Installing: /home/ngy/micro_ros/install/action_msgs/share/action_msgs/srv/CancelGoal.srv
[29.632s] -- Installing: /home/ngy/micro_ros/install/action_msgs/share/action_msgs/srv/CancelGoal_Request.msg
[29.633s] -- Installing: /home/ngy/micro_ros/install/action_msgs/share/action_msgs/srv/CancelGoal_Response.msg
[29.633s] -- Installing: /home/ngy/micro_ros/install/action_msgs/share/ament_index/resource_index/package_run_dependencies/action_msgs
[29.634s] -- Installing: /home/ngy/micro_ros/install/action_msgs/share/ament_index/resource_index/parent_prefix_path/action_msgs
[29.634s] -- Installing: /home/ngy/micro_ros/install/action_msgs/share/action_msgs/environment/ament_prefix_path.sh
[29.634s] -- Installing: /home/ngy/micro_ros/install/action_msgs/share/action_msgs/environment/ament_prefix_path.dsv
[29.635s] -- Installing: /home/ngy/micro_ros/install/action_msgs/share/action_msgs/environment/path.sh
[29.635s] -- Installing: /home/ngy/micro_ros/install/action_msgs/share/action_msgs/environment/path.dsv
[29.635s] -- Installing: /home/ngy/micro_ros/install/action_msgs/share/action_msgs/local_setup.bash
[29.636s] -- Installing: /home/ngy/micro_ros/install/action_msgs/share/action_msgs/local_setup.sh
[29.636s] -- Installing: /home/ngy/micro_ros/install/action_msgs/share/action_msgs/local_setup.zsh
[29.636s] -- Installing: /home/ngy/micro_ros/install/action_msgs/share/action_msgs/local_setup.dsv
[29.637s] -- Installing: /home/ngy/micro_ros/install/action_msgs/share/action_msgs/package.dsv
[29.637s] -- Installing: /home/ngy/micro_ros/install/action_msgs/share/ament_index/resource_index/packages/action_msgs
[29.638s] -- Installing: /home/ngy/micro_ros/install/action_msgs/share/action_msgs/cmake/action_msgs__rosidl_generator_cExport.cmake
[29.640s] -- Installing: /home/ngy/micro_ros/install/action_msgs/share/action_msgs/cmake/action_msgs__rosidl_generator_cExport-noconfig.cmake
[29.640s] -- Installing: /home/ngy/micro_ros/install/action_msgs/share/action_msgs/cmake/action_msgs__rosidl_typesupport_introspection_cExport.cmake
[29.641s] -- Installing: /home/ngy/micro_ros/install/action_msgs/share/action_msgs/cmake/action_msgs__rosidl_typesupport_introspection_cExport-noconfig.cmake
[29.650s] -- Installing: /home/ngy/micro_ros/install/action_msgs/share/action_msgs/cmake/action_msgs__rosidl_typesupport_cExport.cmake
[29.651s] -- Installing: /home/ngy/micro_ros/install/action_msgs/share/action_msgs/cmake/action_msgs__rosidl_typesupport_cExport-noconfig.cmake
[29.651s] -- Installing: /home/ngy/micro_ros/install/action_msgs/share/action_msgs/cmake/action_msgs__rosidl_generator_cppExport.cmake
[29.652s] -- Installing: /home/ngy/micro_ros/install/action_msgs/share/action_msgs/cmake/action_msgs__rosidl_typesupport_introspection_cppExport.cmake
[29.653s] -- Installing: /home/ngy/micro_ros/install/action_msgs/share/action_msgs/cmake/action_msgs__rosidl_typesupport_introspection_cppExport-noconfig.cmake
[29.654s] -- Installing: /home/ngy/micro_ros/install/action_msgs/share/action_msgs/cmake/action_msgs__rosidl_typesupport_cppExport.cmake
[29.655s] -- Installing: /home/ngy/micro_ros/install/action_msgs/share/action_msgs/cmake/action_msgs__rosidl_typesupport_cppExport-noconfig.cmake
[29.656s] -- Installing: /home/ngy/micro_ros/install/action_msgs/share/action_msgs/cmake/rosidl_cmake-extras.cmake
[29.656s] -- Installing: /home/ngy/micro_ros/install/action_msgs/share/action_msgs/cmake/ament_cmake_export_dependencies-extras.cmake
[29.657s] -- Installing: /home/ngy/micro_ros/install/action_msgs/share/action_msgs/cmake/ament_cmake_export_libraries-extras.cmake
[29.658s] -- Installing: /home/ngy/micro_ros/install/action_msgs/share/action_msgs/cmake/ament_cmake_export_targets-extras.cmake
[29.659s] -- Installing: /home/ngy/micro_ros/install/action_msgs/share/action_msgs/cmake/ament_cmake_export_include_directories-extras.cmake
[29.659s] -- Installing: /home/ngy/micro_ros/install/action_msgs/share/action_msgs/cmake/rosidl_cmake_export_typesupport_libraries-extras.cmake
[29.660s] -- Installing: /home/ngy/micro_ros/install/action_msgs/share/action_msgs/cmake/rosidl_cmake_export_typesupport_targets-extras.cmake
[29.661s] -- Installing: /home/ngy/micro_ros/install/action_msgs/share/action_msgs/cmake/action_msgsConfig.cmake
[29.662s] -- Installing: /home/ngy/micro_ros/install/action_msgs/share/action_msgs/cmake/action_msgsConfig-version.cmake
[29.662s] -- Installing: /home/ngy/micro_ros/install/action_msgs/share/action_msgs/package.xml
[29.675s] Invoked command in '/home/ngy/micro_ros/build/action_msgs' returned '0': AMENT_PREFIX_PATH=/home/ngy/micro_ros/install/unique_identifier_msgs:/home/ngy/micro_ros/install/builtin_interfaces:${AMENT_PREFIX_PATH} CMAKE_PREFIX_PATH=/home/ngy/micro_ros/install/unique_identifier_msgs:/home/ngy/micro_ros/install/builtin_interfaces:/home/ngy/micro_ros/install/rosidl_typesupport_microxrcedds_cpp:/home/ngy/micro_ros/install/rosidl_typesupport_microxrcedds_c:/home/ngy/micro_ros/install/microcdr:/home/ngy/micro_ros/install/micro_ros_msgs:/home/ngy/micro_ros/install/micro_ros_setup:/home/ngy/microros_ws/install/micro_ros_agent:/home/ngy/microros_ws/install/common_interfaces:/home/ngy/microros_ws/install/visualization_msgs:/home/ngy/microros_ws/install/test_msgs:/home/ngy/microros_ws/install/micro_ros_demos_rclc:/home/ngy/microros_ws/install/example_interfaces:/home/ngy/microros_ws/install/action_msgs:/home/ngy/microros_ws/install/unique_identifier_msgs:/home/ngy/microros_ws/install/trajectory_msgs:/home/ngy/microros_ws/install/stereo_msgs:/home/ngy/microros_ws/install/std_srvs:/home/ngy/microros_ws/install/shape_msgs:/home/ngy/microros_ws/install/sensor_msgs:/home/ngy/microros_ws/install/nav_msgs:/home/ngy/microros_ws/install/diagnostic_msgs:/home/ngy/microros_ws/install/geometry_msgs:/home/ngy/microros_ws/install/actionlib_msgs:/home/ngy/microros_ws/install/std_msgs:/home/ngy/microros_ws/install/statistics_msgs:/home/ngy/microros_ws/install/rosidl_typesupport_microxrcedds_test_msg:/home/ngy/microros_ws/install/rosidl_typesupport_microxrcedds_cpp_tests:/home/ngy/microros_ws/install/rmw_microxrcedds:/home/ngy/microros_ws/install/rosidl_typesupport_microxrcedds_cpp:/home/ngy/microros_ws/install/rosidl_typesupport_microxrcedds_c_tests:/home/ngy/microros_ws/install/rosidl_typesupport_microxrcedds_c:/home/ngy/microros_ws/install/rosgraph_msgs:/home/ngy/microros_ws/install/rclc_parameter:/home/ngy/microros_ws/install/rclc:/home/ngy/microros_ws/install/composition_interfaces:/home/ngy/microros_ws/install/rcl_interfaces:/home/ngy/microros_ws/install/microxrcedds_client:/home/ngy/microros_ws/install/microcdr:/home/ngy/microros_ws/install/micro_ros_msgs:/home/ngy/microros_ws/install/micro_ros_demos_rclcpp:/home/ngy/microros_ws/install/lifecycle_msgs:/home/ngy/microros_ws/install/complex_msgs:/home/ngy/microros_ws/install/builtin_interfaces:/home/ngy/microros_ws/install/micro_ros_setup:/home/ngy/microros_ws/install/sensor_msgs_py:/opt/ros/foxy LD_LIBRARY_PATH=/home/ngy/micro_ros/install/unique_identifier_msgs/lib:/home/ngy/micro_ros/install/builtin_interfaces/lib:${LD_LIBRARY_PATH} PYTHONPATH=/home/ngy/micro_ros/install/unique_identifier_msgs/lib/python3.8/site-packages:/home/ngy/micro_ros/install/builtin_interfaces/lib/python3.8/site-packages:${PYTHONPATH} /usr/bin/cmake --install /home/ngy/micro_ros/build/action_msgs
