[0.044s] Invoking command in '/home/ngy/micro_ros/build/lifecycle_msgs': CMAKE_PREFIX_PATH=${CMAKE_PREFIX_PATH}:/home/ngy/microros_ws/install/sensor_msgs_py:/opt/ros/foxy /usr/bin/cmake /home/ngy/micro_ros/src/ros2/rcl_interfaces/lifecycle_msgs -DBUILD_TESTING=OFF -DBUILD_SHARED_LIBS=ON -DCMAKE_INSTALL_PREFIX=/home/ngy/micro_ros/install/lifecycle_msgs
[0.119s] -- The C compiler identification is GNU 9.4.0
[0.189s] -- The CXX compiler identification is GNU 9.4.0
[0.195s] -- Check for working C compiler: /usr/bin/cc
[0.277s] -- Check for working C compiler: /usr/bin/cc -- works
[0.279s] -- Detecting C compiler ABI info
[0.367s] -- Detecting C compiler ABI info - done
[0.389s] -- Detecting C compile features
[0.389s] -- Detecting C compile features - done
[0.393s] -- Check for working CXX compiler: /usr/bin/c++
[0.505s] -- Check for working CXX compiler: /usr/bin/c++ -- works
[0.507s] -- Detecting CXX compiler ABI info
[0.645s] -- Detecting CXX compiler ABI info - done
[0.646s] -- Detecting CXX compile features
[0.646s] -- Detecting CXX compile features - done
[0.646s] -- Found ament_cmake: 0.9.11 (/opt/ros/foxy/share/ament_cmake/cmake)
[0.678s] -- Found PythonInterp: /usr/bin/python3 (found suitable version "3.8.10", minimum required is "3") 
[0.678s] -- Using PYTHON_EXECUTABLE: /usr/bin/python3
[0.903s] -- Found rosidl_default_generators: 1.0.1 (/opt/ros/foxy/share/rosidl_default_generators/cmake)
[0.915s] -- Using all available rosidl_typesupport_c: rosidl_typesupport_microxrcedds_c;rosidl_typesupport_fastrtps_c;rosidl_typesupport_introspection_c
[0.924s] -- Found rosidl_adapter: 1.3.0 (/opt/ros/foxy/share/rosidl_adapter/cmake)
[1.076s] -- Found OpenSSL: /usr/lib/x86_64-linux-gnu/libcrypto.so (found version "1.1.1f")  
[1.132s] -- Found FastRTPS: /opt/ros/foxy/include  
[1.300s] -- Using all available rosidl_typesupport_cpp: rosidl_typesupport_microxrcedds_cpp;rosidl_typesupport_fastrtps_cpp;rosidl_typesupport_introspection_cpp
[1.438s] -- Found PythonInterp: /usr/bin/python3 (found version "3.8.10") 
[1.725s] -- Found ament_cmake_ros: 0.9.2 (/opt/ros/foxy/share/ament_cmake_ros/cmake)
[1.924s] -- Using all available rosidl_typesupport_c: rosidl_typesupport_microxrcedds_c;rosidl_typesupport_fastrtps_c;rosidl_typesupport_introspection_c
[1.962s] -- Using all available rosidl_typesupport_cpp: rosidl_typesupport_microxrcedds_cpp;rosidl_typesupport_fastrtps_cpp;rosidl_typesupport_introspection_cpp
[2.009s] -- Found PythonInterp: /usr/bin/python3 (found suitable version "3.8.10", minimum required is "3.5") 
[2.012s] -- Found python_cmake_module: 0.8.1 (/opt/ros/foxy/share/python_cmake_module/cmake)
[2.069s] -- Found PythonLibs: /usr/lib/x86_64-linux-gnu/libpython3.8.so (found suitable version "3.8.10", minimum required is "3.5") 
[2.070s] -- Using PYTHON_EXECUTABLE: /usr/bin/python3
[2.070s] -- Using PYTHON_INCLUDE_DIRS: /usr/include/python3.8
[2.070s] -- Using PYTHON_LIBRARIES: /usr/lib/x86_64-linux-gnu/libpython3.8.so
[2.111s] -- Found PythonExtra: .so  
[2.251s] -- Configuring done
[2.351s] -- Generating done
[2.355s] -- Build files have been written to: /home/ngy/micro_ros/build/lifecycle_msgs
[2.369s] Invoked command in '/home/ngy/micro_ros/build/lifecycle_msgs' returned '0': CMAKE_PREFIX_PATH=${CMAKE_PREFIX_PATH}:/home/ngy/microros_ws/install/sensor_msgs_py:/opt/ros/foxy /usr/bin/cmake /home/ngy/micro_ros/src/ros2/rcl_interfaces/lifecycle_msgs -DBUILD_TESTING=OFF -DBUILD_SHARED_LIBS=ON -DCMAKE_INSTALL_PREFIX=/home/ngy/micro_ros/install/lifecycle_msgs
[2.371s] Invoking command in '/home/ngy/micro_ros/build/lifecycle_msgs': CMAKE_PREFIX_PATH=${CMAKE_PREFIX_PATH}:/home/ngy/microros_ws/install/sensor_msgs_py:/opt/ros/foxy /usr/bin/cmake --build /home/ngy/micro_ros/build/lifecycle_msgs -- -j12 -l12
[2.450s] [35m[1mScanning dependencies of target lifecycle_msgs__cpp[0m
[2.455s] [  1%] [34m[1mGenerating C code for ROS interfaces[0m
[2.465s] [  1%] [34m[1mGenerating C++ code for ROS interfaces[0m
[4.898s] [35m[1mScanning dependencies of target lifecycle_msgs__rosidl_generator_c[0m
[4.926s] [  1%] [32mBuilding C object CMakeFiles/lifecycle_msgs__rosidl_generator_c.dir/rosidl_generator_c/lifecycle_msgs/msg/detail/state__functions.c.o[0m
[4.955s] [  2%] [32mBuilding C object CMakeFiles/lifecycle_msgs__rosidl_generator_c.dir/rosidl_generator_c/lifecycle_msgs/msg/detail/transition__functions.c.o[0m
[4.976s] [  3%] [32mBuilding C object CMakeFiles/lifecycle_msgs__rosidl_generator_c.dir/rosidl_generator_c/lifecycle_msgs/srv/detail/change_state__functions.c.o[0m
[4.983s] [  4%] [32mBuilding C object CMakeFiles/lifecycle_msgs__rosidl_generator_c.dir/rosidl_generator_c/lifecycle_msgs/msg/detail/transition_event__functions.c.o[0m
[5.015s] [  5%] [32mBuilding C object CMakeFiles/lifecycle_msgs__rosidl_generator_c.dir/rosidl_generator_c/lifecycle_msgs/msg/detail/transition_description__functions.c.o[0m
[5.031s] [  6%] [32mBuilding C object CMakeFiles/lifecycle_msgs__rosidl_generator_c.dir/rosidl_generator_c/lifecycle_msgs/srv/detail/get_available_states__functions.c.o[0m
[5.072s] [  7%] [32mBuilding C object CMakeFiles/lifecycle_msgs__rosidl_generator_c.dir/rosidl_generator_c/lifecycle_msgs/srv/detail/get_available_transitions__functions.c.o[0m
[5.113s] [  8%] [32mBuilding C object CMakeFiles/lifecycle_msgs__rosidl_generator_c.dir/rosidl_generator_c/lifecycle_msgs/srv/detail/get_state__functions.c.o[0m
[5.193s] [  8%] Built target lifecycle_msgs__cpp
[5.226s] [  9%] [34m[1mGenerating C++ type support for eProsima Micro XRCE-DDS[0m
[5.233s] [ 10%] [34m[1mGenerating C++ type support for eProsima Fast-RTPS[0m
[5.248s] [ 11%] [34m[1mGenerating C++ introspection for ROS interfaces[0m
[5.280s] [ 12%] [34m[1mGenerating C++ type support dispatch for ROS interfaces[0m
[5.337s] [ 13%] [32m[1mLinking C shared library liblifecycle_msgs__rosidl_generator_c.so[0m
[5.541s] [ 13%] Built target lifecycle_msgs__rosidl_generator_c
[5.604s] [ 14%] [34m[1mGenerating C type support for eProsima Micro XRCE-DDS[0m
[5.635s] [ 15%] [34m[1mGenerating C type support dispatch for ROS interfaces[0m
[5.635s] [ 16%] [34m[1mGenerating C introspection for ROS interfaces[0m
[7.090s] [35m[1mScanning dependencies of target lifecycle_msgs__rosidl_typesupport_cpp[0m
[7.123s] [ 17%] [32mBuilding CXX object CMakeFiles/lifecycle_msgs__rosidl_typesupport_cpp.dir/rosidl_typesupport_cpp/lifecycle_msgs/msg/state__type_support.cpp.o[0m
[7.144s] [ 18%] [32mBuilding CXX object CMakeFiles/lifecycle_msgs__rosidl_typesupport_cpp.dir/rosidl_typesupport_cpp/lifecycle_msgs/msg/transition__type_support.cpp.o[0m
[7.158s] [ 18%] [32mBuilding CXX object CMakeFiles/lifecycle_msgs__rosidl_typesupport_cpp.dir/rosidl_typesupport_cpp/lifecycle_msgs/msg/transition_description__type_support.cpp.o[0m
[7.213s] [ 19%] [32mBuilding CXX object CMakeFiles/lifecycle_msgs__rosidl_typesupport_cpp.dir/rosidl_typesupport_cpp/lifecycle_msgs/msg/transition_event__type_support.cpp.o[0m
[7.220s] [ 20%] [32mBuilding CXX object CMakeFiles/lifecycle_msgs__rosidl_typesupport_cpp.dir/rosidl_typesupport_cpp/lifecycle_msgs/srv/change_state__type_support.cpp.o[0m
[7.259s] [ 21%] [32mBuilding CXX object CMakeFiles/lifecycle_msgs__rosidl_typesupport_cpp.dir/rosidl_typesupport_cpp/lifecycle_msgs/srv/get_available_states__type_support.cpp.o[0m
[7.627s] [35m[1mScanning dependencies of target lifecycle_msgs__rosidl_typesupport_c[0m
[7.691s] [ 22%] [32mBuilding CXX object CMakeFiles/lifecycle_msgs__rosidl_typesupport_c.dir/rosidl_typesupport_c/lifecycle_msgs/msg/state__type_support.cpp.o[0m
[7.706s] [35m[1mScanning dependencies of target lifecycle_msgs__rosidl_typesupport_introspection_c[0m
[7.765s] [ 23%] [32mBuilding C object CMakeFiles/lifecycle_msgs__rosidl_typesupport_introspection_c.dir/rosidl_typesupport_introspection_c/lifecycle_msgs/msg/detail/state__type_support.c.o[0m
[7.791s] [ 24%] [32mBuilding CXX object CMakeFiles/lifecycle_msgs__rosidl_typesupport_cpp.dir/rosidl_typesupport_cpp/lifecycle_msgs/srv/get_available_transitions__type_support.cpp.o[0m
[7.792s] [35m[1mScanning dependencies of target lifecycle_msgs__rosidl_typesupport_microxrcedds_cpp[0m
[7.818s] [ 25%] [32mBuilding C object CMakeFiles/lifecycle_msgs__rosidl_typesupport_introspection_c.dir/rosidl_typesupport_introspection_c/lifecycle_msgs/msg/detail/transition__type_support.c.o[0m
[7.823s] [ 26%] [32mBuilding CXX object CMakeFiles/lifecycle_msgs__rosidl_typesupport_c.dir/rosidl_typesupport_c/lifecycle_msgs/msg/transition__type_support.cpp.o[0m
[7.837s] [ 27%] [32mBuilding CXX object CMakeFiles/lifecycle_msgs__rosidl_typesupport_cpp.dir/rosidl_typesupport_cpp/lifecycle_msgs/srv/get_state__type_support.cpp.o[0m
[7.839s] [ 28%] [32mBuilding CXX object CMakeFiles/lifecycle_msgs__rosidl_typesupport_microxrcedds_cpp.dir/rosidl_typesupport_microxrcedds_cpp/lifecycle_msgs/msg/detail/microxrcedds/state__type_support_cpp.cpp.o[0m
[7.854s] [ 29%] [32mBuilding C object CMakeFiles/lifecycle_msgs__rosidl_typesupport_introspection_c.dir/rosidl_typesupport_introspection_c/lifecycle_msgs/msg/detail/transition_description__type_support.c.o[0m
[7.879s] [ 29%] [32mBuilding CXX object CMakeFiles/lifecycle_msgs__rosidl_typesupport_c.dir/rosidl_typesupport_c/lifecycle_msgs/msg/transition_description__type_support.cpp.o[0m
[7.881s] [ 30%] [32mBuilding C object CMakeFiles/lifecycle_msgs__rosidl_typesupport_introspection_c.dir/rosidl_typesupport_introspection_c/lifecycle_msgs/msg/detail/transition_event__type_support.c.o[0m
[7.885s] [ 31%] [32mBuilding C object CMakeFiles/lifecycle_msgs__rosidl_typesupport_introspection_c.dir/rosidl_typesupport_introspection_c/lifecycle_msgs/srv/detail/change_state__type_support.c.o[0m
[7.886s] [35m[1mScanning dependencies of target lifecycle_msgs__rosidl_typesupport_fastrtps_cpp[0m
[7.902s] [ 32%] [32mBuilding CXX object CMakeFiles/lifecycle_msgs__rosidl_typesupport_microxrcedds_cpp.dir/rosidl_typesupport_microxrcedds_cpp/lifecycle_msgs/msg/detail/microxrcedds/transition__type_support_cpp.cpp.o[0m
[7.936s] [ 33%] [32mBuilding CXX object CMakeFiles/lifecycle_msgs__rosidl_typesupport_microxrcedds_cpp.dir/rosidl_typesupport_microxrcedds_cpp/lifecycle_msgs/msg/detail/microxrcedds/transition_description__type_support_cpp.cpp.o[0m
[7.939s] [ 34%] [32mBuilding CXX object CMakeFiles/lifecycle_msgs__rosidl_typesupport_fastrtps_cpp.dir/rosidl_typesupport_fastrtps_cpp/lifecycle_msgs/msg/detail/dds_fastrtps/state__type_support.cpp.o[0m
[7.953s] [35m[1mScanning dependencies of target lifecycle_msgs__rosidl_typesupport_microxrcedds_c[0m
[7.963s] [ 35%] [32mBuilding CXX object CMakeFiles/lifecycle_msgs__rosidl_typesupport_fastrtps_cpp.dir/rosidl_typesupport_fastrtps_cpp/lifecycle_msgs/msg/detail/dds_fastrtps/transition__type_support.cpp.o[0m
[7.978s] [ 36%] [32mBuilding C object CMakeFiles/lifecycle_msgs__rosidl_typesupport_introspection_c.dir/rosidl_typesupport_introspection_c/lifecycle_msgs/srv/detail/get_available_states__type_support.c.o[0m
[7.989s] [ 37%] [32mBuilding CXX object CMakeFiles/lifecycle_msgs__rosidl_typesupport_c.dir/rosidl_typesupport_c/lifecycle_msgs/msg/transition_event__type_support.cpp.o[0m
[8.027s] [ 38%] [32mBuilding C object CMakeFiles/lifecycle_msgs__rosidl_typesupport_microxrcedds_c.dir/rosidl_typesupport_microxrcedds_c/lifecycle_msgs/msg/detail/microxrcedds/state__type_support_c.c.o[0m
[8.030s] [ 39%] [32mBuilding C object CMakeFiles/lifecycle_msgs__rosidl_typesupport_microxrcedds_c.dir/rosidl_typesupport_microxrcedds_c/lifecycle_msgs/msg/detail/microxrcedds/transition__type_support_c.c.o[0m
[8.045s] [35m[1mScanning dependencies of target lifecycle_msgs__rosidl_typesupport_introspection_cpp[0m
[8.135s] [ 40%] [32mBuilding CXX object CMakeFiles/lifecycle_msgs__rosidl_typesupport_introspection_cpp.dir/rosidl_typesupport_introspection_cpp/lifecycle_msgs/msg/detail/state__type_support.cpp.o[0m
[8.153s] [ 41%] [32mBuilding CXX object CMakeFiles/lifecycle_msgs__rosidl_typesupport_c.dir/rosidl_typesupport_c/lifecycle_msgs/srv/change_state__type_support.cpp.o[0m
[8.156s] [ 41%] [32mBuilding C object CMakeFiles/lifecycle_msgs__rosidl_typesupport_introspection_c.dir/rosidl_typesupport_introspection_c/lifecycle_msgs/srv/detail/get_available_transitions__type_support.c.o[0m
[8.186s] [ 42%] [32mBuilding CXX object CMakeFiles/lifecycle_msgs__rosidl_typesupport_c.dir/rosidl_typesupport_c/lifecycle_msgs/srv/get_available_states__type_support.cpp.o[0m
[8.187s] [ 43%] [32mBuilding C object CMakeFiles/lifecycle_msgs__rosidl_typesupport_microxrcedds_c.dir/rosidl_typesupport_microxrcedds_c/lifecycle_msgs/msg/detail/microxrcedds/transition_description__type_support_c.c.o[0m
[8.293s] [ 44%] [32mBuilding C object CMakeFiles/lifecycle_msgs__rosidl_typesupport_introspection_c.dir/rosidl_typesupport_introspection_c/lifecycle_msgs/srv/detail/get_state__type_support.c.o[0m
[8.307s] [ 45%] [32mBuilding C object CMakeFiles/lifecycle_msgs__rosidl_typesupport_microxrcedds_c.dir/rosidl_typesupport_microxrcedds_c/lifecycle_msgs/msg/detail/microxrcedds/transition_event__type_support_c.c.o[0m
[8.312s] [ 46%] [32mBuilding CXX object CMakeFiles/lifecycle_msgs__rosidl_typesupport_c.dir/rosidl_typesupport_c/lifecycle_msgs/srv/get_available_transitions__type_support.cpp.o[0m
[8.336s] [ 47%] [32mBuilding CXX object CMakeFiles/lifecycle_msgs__rosidl_typesupport_fastrtps_cpp.dir/rosidl_typesupport_fastrtps_cpp/lifecycle_msgs/msg/detail/dds_fastrtps/transition_description__type_support.cpp.o[0m
[8.345s] [ 48%] [32mBuilding CXX object CMakeFiles/lifecycle_msgs__rosidl_typesupport_c.dir/rosidl_typesupport_c/lifecycle_msgs/srv/get_state__type_support.cpp.o[0m
[8.393s] [ 49%] [32m[1mLinking C shared library liblifecycle_msgs__rosidl_typesupport_introspection_c.so[0m
[8.418s] [ 50%] [32mBuilding C object CMakeFiles/lifecycle_msgs__rosidl_typesupport_microxrcedds_c.dir/rosidl_typesupport_microxrcedds_c/lifecycle_msgs/srv/detail/microxrcedds/change_state__type_support_c.c.o[0m
[8.428s] [ 51%] [32m[1mLinking CXX shared library liblifecycle_msgs__rosidl_typesupport_cpp.so[0m
[8.436s] [ 52%] [32mBuilding CXX object CMakeFiles/lifecycle_msgs__rosidl_typesupport_fastrtps_cpp.dir/rosidl_typesupport_fastrtps_cpp/lifecycle_msgs/msg/detail/dds_fastrtps/transition_event__type_support.cpp.o[0m
[8.461s] [ 53%] [32mBuilding CXX object CMakeFiles/lifecycle_msgs__rosidl_typesupport_introspection_cpp.dir/rosidl_typesupport_introspection_cpp/lifecycle_msgs/msg/detail/transition__type_support.cpp.o[0m
[8.461s] [ 54%] [32m[1mLinking CXX shared library liblifecycle_msgs__rosidl_typesupport_c.so[0m
[8.524s] [ 54%] Built target lifecycle_msgs__rosidl_typesupport_introspection_c
[8.549s] [ 55%] [32mBuilding CXX object CMakeFiles/lifecycle_msgs__rosidl_typesupport_introspection_cpp.dir/rosidl_typesupport_introspection_cpp/lifecycle_msgs/msg/detail/transition_description__type_support.cpp.o[0m
[8.572s] [ 56%] [32mBuilding C object CMakeFiles/lifecycle_msgs__rosidl_typesupport_microxrcedds_c.dir/rosidl_typesupport_microxrcedds_c/lifecycle_msgs/srv/detail/microxrcedds/get_available_states__type_support_c.c.o[0m
[8.596s] [ 57%] [32mBuilding CXX object CMakeFiles/lifecycle_msgs__rosidl_typesupport_introspection_cpp.dir/rosidl_typesupport_introspection_cpp/lifecycle_msgs/msg/detail/transition_event__type_support.cpp.o[0m
[8.625s] [ 58%] [32mBuilding CXX object CMakeFiles/lifecycle_msgs__rosidl_typesupport_microxrcedds_cpp.dir/rosidl_typesupport_microxrcedds_cpp/lifecycle_msgs/msg/detail/microxrcedds/transition_event__type_support_cpp.cpp.o[0m
[8.635s] [ 58%] Built target lifecycle_msgs__rosidl_typesupport_cpp
[8.659s] [ 58%] Built target lifecycle_msgs__rosidl_typesupport_c
[8.684s] [ 59%] [32mBuilding CXX object CMakeFiles/lifecycle_msgs__rosidl_typesupport_introspection_cpp.dir/rosidl_typesupport_introspection_cpp/lifecycle_msgs/srv/detail/change_state__type_support.cpp.o[0m
[8.706s] [ 60%] [32mBuilding CXX object CMakeFiles/lifecycle_msgs__rosidl_typesupport_introspection_cpp.dir/rosidl_typesupport_introspection_cpp/lifecycle_msgs/srv/detail/get_available_states__type_support.cpp.o[0m
[8.745s] [ 61%] [32mBuilding C object CMakeFiles/lifecycle_msgs__rosidl_typesupport_microxrcedds_c.dir/rosidl_typesupport_microxrcedds_c/lifecycle_msgs/srv/detail/microxrcedds/get_available_transitions__type_support_c.c.o[0m
[8.781s] [ 61%] [32mBuilding CXX object CMakeFiles/lifecycle_msgs__rosidl_typesupport_introspection_cpp.dir/rosidl_typesupport_introspection_cpp/lifecycle_msgs/srv/detail/get_available_transitions__type_support.cpp.o[0m
[8.794s] [ 62%] [32mBuilding C object CMakeFiles/lifecycle_msgs__rosidl_typesupport_microxrcedds_c.dir/rosidl_typesupport_microxrcedds_c/lifecycle_msgs/srv/detail/microxrcedds/get_state__type_support_c.c.o[0m
[8.806s] [ 62%] [32mBuilding CXX object CMakeFiles/lifecycle_msgs__rosidl_typesupport_fastrtps_cpp.dir/rosidl_typesupport_fastrtps_cpp/lifecycle_msgs/srv/detail/dds_fastrtps/change_state__type_support.cpp.o[0m
[8.923s] [ 63%] [32mBuilding CXX object CMakeFiles/lifecycle_msgs__rosidl_typesupport_fastrtps_cpp.dir/rosidl_typesupport_fastrtps_cpp/lifecycle_msgs/srv/detail/dds_fastrtps/get_available_states__type_support.cpp.o[0m
[8.932s] [ 63%] [32m[1mLinking C shared library liblifecycle_msgs__rosidl_typesupport_microxrcedds_c.so[0m
[9.078s] [ 63%] Built target lifecycle_msgs__rosidl_typesupport_microxrcedds_c
[9.128s] [ 64%] [32mBuilding CXX object CMakeFiles/lifecycle_msgs__rosidl_typesupport_microxrcedds_cpp.dir/rosidl_typesupport_microxrcedds_cpp/lifecycle_msgs/srv/detail/microxrcedds/change_state__type_support_cpp.cpp.o[0m
[9.137s] [ 65%] [32mBuilding CXX object CMakeFiles/lifecycle_msgs__rosidl_typesupport_fastrtps_cpp.dir/rosidl_typesupport_fastrtps_cpp/lifecycle_msgs/srv/detail/dds_fastrtps/get_available_transitions__type_support.cpp.o[0m
[9.235s] [ 66%] [32mBuilding CXX object CMakeFiles/lifecycle_msgs__rosidl_typesupport_introspection_cpp.dir/rosidl_typesupport_introspection_cpp/lifecycle_msgs/srv/detail/get_state__type_support.cpp.o[0m
[9.342s] [ 67%] [32mBuilding CXX object CMakeFiles/lifecycle_msgs__rosidl_typesupport_microxrcedds_cpp.dir/rosidl_typesupport_microxrcedds_cpp/lifecycle_msgs/srv/detail/microxrcedds/get_available_states__type_support_cpp.cpp.o[0m
[9.378s] [ 68%] [32mBuilding CXX object CMakeFiles/lifecycle_msgs__rosidl_typesupport_fastrtps_cpp.dir/rosidl_typesupport_fastrtps_cpp/lifecycle_msgs/srv/detail/dds_fastrtps/get_state__type_support.cpp.o[0m
[9.387s] [ 69%] [32mBuilding CXX object CMakeFiles/lifecycle_msgs__rosidl_typesupport_microxrcedds_cpp.dir/rosidl_typesupport_microxrcedds_cpp/lifecycle_msgs/srv/detail/microxrcedds/get_state__type_support_cpp.cpp.o[0m
[9.388s] [ 70%] [32mBuilding CXX object CMakeFiles/lifecycle_msgs__rosidl_typesupport_microxrcedds_cpp.dir/rosidl_typesupport_microxrcedds_cpp/lifecycle_msgs/srv/detail/microxrcedds/get_available_transitions__type_support_cpp.cpp.o[0m
[9.957s] [ 71%] [32m[1mLinking CXX shared library liblifecycle_msgs__rosidl_typesupport_introspection_cpp.so[0m
[10.105s] [ 71%] Built target lifecycle_msgs__rosidl_typesupport_introspection_cpp
[10.143s] [ 72%] [32m[1mLinking CXX shared library liblifecycle_msgs__rosidl_typesupport_microxrcedds_cpp.so[0m
[10.178s] [ 73%] [32m[1mLinking CXX shared library liblifecycle_msgs__rosidl_typesupport_fastrtps_cpp.so[0m
[10.243s] [ 73%] Built target lifecycle_msgs__rosidl_typesupport_microxrcedds_cpp
[10.295s] [ 73%] Built target lifecycle_msgs__rosidl_typesupport_fastrtps_cpp
[10.309s] [ 74%] [34m[1mGenerating C type support for eProsima Fast-RTPS[0m
[11.820s] [35m[1mScanning dependencies of target lifecycle_msgs__rosidl_typesupport_fastrtps_c[0m
[11.864s] [ 75%] [32mBuilding CXX object CMakeFiles/lifecycle_msgs__rosidl_typesupport_fastrtps_c.dir/rosidl_typesupport_fastrtps_c/lifecycle_msgs/msg/detail/transition__type_support_c.cpp.o[0m
[11.866s] [ 76%] [32mBuilding CXX object CMakeFiles/lifecycle_msgs__rosidl_typesupport_fastrtps_c.dir/rosidl_typesupport_fastrtps_c/lifecycle_msgs/msg/detail/transition_description__type_support_c.cpp.o[0m
[11.866s] [ 77%] [32mBuilding CXX object CMakeFiles/lifecycle_msgs__rosidl_typesupport_fastrtps_c.dir/rosidl_typesupport_fastrtps_c/lifecycle_msgs/msg/detail/state__type_support_c.cpp.o[0m
[11.867s] [ 79%] [32mBuilding CXX object CMakeFiles/lifecycle_msgs__rosidl_typesupport_fastrtps_c.dir/rosidl_typesupport_fastrtps_c/lifecycle_msgs/srv/detail/get_available_states__type_support_c.cpp.o[0m
[11.867s] [ 79%] [32mBuilding CXX object CMakeFiles/lifecycle_msgs__rosidl_typesupport_fastrtps_c.dir/rosidl_typesupport_fastrtps_c/lifecycle_msgs/msg/detail/transition_event__type_support_c.cpp.o[0m
[11.868s] [ 79%] [32mBuilding CXX object CMakeFiles/lifecycle_msgs__rosidl_typesupport_fastrtps_c.dir/rosidl_typesupport_fastrtps_c/lifecycle_msgs/srv/detail/change_state__type_support_c.cpp.o[0m
[11.873s] [ 80%] [32mBuilding CXX object CMakeFiles/lifecycle_msgs__rosidl_typesupport_fastrtps_c.dir/rosidl_typesupport_fastrtps_c/lifecycle_msgs/srv/detail/get_available_transitions__type_support_c.cpp.o[0m
[11.882s] [ 81%] [32mBuilding CXX object CMakeFiles/lifecycle_msgs__rosidl_typesupport_fastrtps_c.dir/rosidl_typesupport_fastrtps_c/lifecycle_msgs/srv/detail/get_state__type_support_c.cpp.o[0m
[12.684s] [ 82%] [32m[1mLinking CXX shared library liblifecycle_msgs__rosidl_typesupport_fastrtps_c.so[0m
[12.799s] [ 82%] Built target lifecycle_msgs__rosidl_typesupport_fastrtps_c
[12.817s] [35m[1mScanning dependencies of target lifecycle_msgs[0m
[12.833s] [ 82%] Built target lifecycle_msgs
[12.848s] [35m[1mScanning dependencies of target lifecycle_msgs__py[0m
[12.863s] [ 83%] [34m[1mGenerating Python code for ROS interfaces[0m
[18.446s] [ 83%] Built target lifecycle_msgs__py
[18.603s] [35m[1mScanning dependencies of target lifecycle_msgs__python[0m
[18.907s] [ 84%] [32mBuilding C object CMakeFiles/lifecycle_msgs__python.dir/rosidl_generator_py/lifecycle_msgs/msg/_state_s.c.o[0m
[18.977s] [ 85%] [32mBuilding C object CMakeFiles/lifecycle_msgs__python.dir/rosidl_generator_py/lifecycle_msgs/msg/_transition_description_s.c.o[0m
[18.983s] [ 86%] [32mBuilding C object CMakeFiles/lifecycle_msgs__python.dir/rosidl_generator_py/lifecycle_msgs/msg/_transition_s.c.o[0m
[19.013s] [ 87%] [32mBuilding C object CMakeFiles/lifecycle_msgs__python.dir/rosidl_generator_py/lifecycle_msgs/srv/_change_state_s.c.o[0m
[19.026s] [ 88%] [32mBuilding C object CMakeFiles/lifecycle_msgs__python.dir/rosidl_generator_py/lifecycle_msgs/msg/_transition_event_s.c.o[0m
[19.092s] [ 89%] [32mBuilding C object CMakeFiles/lifecycle_msgs__python.dir/rosidl_generator_py/lifecycle_msgs/srv/_get_available_states_s.c.o[0m
[19.186s] [ 90%] [32mBuilding C object CMakeFiles/lifecycle_msgs__python.dir/rosidl_generator_py/lifecycle_msgs/srv/_get_state_s.c.o[0m
[19.193s] [ 91%] [32mBuilding C object CMakeFiles/lifecycle_msgs__python.dir/rosidl_generator_py/lifecycle_msgs/srv/_get_available_transitions_s.c.o[0m
[20.173s] [ 92%] [32m[1mLinking C shared library rosidl_generator_py/lifecycle_msgs/liblifecycle_msgs__python.so[0m
[20.363s] [ 92%] Built target lifecycle_msgs__python
[20.449s] [35m[1mScanning dependencies of target lifecycle_msgs__rosidl_typesupport_fastrtps_c__pyext[0m
[20.470s] [35m[1mScanning dependencies of target lifecycle_msgs__rosidl_typesupport_microxrcedds_c__pyext[0m
[20.509s] [35m[1mScanning dependencies of target lifecycle_msgs__rosidl_typesupport_introspection_c__pyext[0m
[20.516s] [35m[1mScanning dependencies of target lifecycle_msgs__rosidl_typesupport_c__pyext[0m
[20.567s] [ 93%] [32mBuilding C object CMakeFiles/lifecycle_msgs__rosidl_typesupport_microxrcedds_c__pyext.dir/rosidl_generator_py/lifecycle_msgs/_lifecycle_msgs_s.ep.rosidl_typesupport_microxrcedds_c.c.o[0m
[20.570s] [ 94%] [32mBuilding C object CMakeFiles/lifecycle_msgs__rosidl_typesupport_fastrtps_c__pyext.dir/rosidl_generator_py/lifecycle_msgs/_lifecycle_msgs_s.ep.rosidl_typesupport_fastrtps_c.c.o[0m
[20.684s] [ 95%] [32mBuilding C object CMakeFiles/lifecycle_msgs__rosidl_typesupport_introspection_c__pyext.dir/rosidl_generator_py/lifecycle_msgs/_lifecycle_msgs_s.ep.rosidl_typesupport_introspection_c.c.o[0m
[20.696s] [ 96%] [32mBuilding C object CMakeFiles/lifecycle_msgs__rosidl_typesupport_c__pyext.dir/rosidl_generator_py/lifecycle_msgs/_lifecycle_msgs_s.ep.rosidl_typesupport_c.c.o[0m
[21.019s] [ 97%] [32m[1mLinking CXX shared library rosidl_generator_py/lifecycle_msgs/lifecycle_msgs_s__rosidl_typesupport_fastrtps_c.cpython-38-x86_64-linux-gnu.so[0m
[21.371s] [ 98%] [32m[1mLinking C shared library rosidl_generator_py/lifecycle_msgs/lifecycle_msgs_s__rosidl_typesupport_c.cpython-38-x86_64-linux-gnu.so[0m
[21.444s] [ 98%] Built target lifecycle_msgs__rosidl_typesupport_fastrtps_c__pyext
[21.532s] [ 99%] [32m[1mLinking C shared library rosidl_generator_py/lifecycle_msgs/lifecycle_msgs_s__rosidl_typesupport_microxrcedds_c.cpython-38-x86_64-linux-gnu.so[0m
[21.658s] [ 99%] Built target lifecycle_msgs__rosidl_typesupport_c__pyext
[21.664s] [100%] [32m[1mLinking C shared library rosidl_generator_py/lifecycle_msgs/lifecycle_msgs_s__rosidl_typesupport_introspection_c.cpython-38-x86_64-linux-gnu.so[0m
[21.781s] [100%] Built target lifecycle_msgs__rosidl_typesupport_microxrcedds_c__pyext
[21.921s] [100%] Built target lifecycle_msgs__rosidl_typesupport_introspection_c__pyext
[21.993s] Invoked command in '/home/ngy/micro_ros/build/lifecycle_msgs' returned '0': CMAKE_PREFIX_PATH=${CMAKE_PREFIX_PATH}:/home/ngy/microros_ws/install/sensor_msgs_py:/opt/ros/foxy /usr/bin/cmake --build /home/ngy/micro_ros/build/lifecycle_msgs -- -j12 -l12
[25.381s] Invoking command in '/home/ngy/micro_ros/build/lifecycle_msgs': CMAKE_PREFIX_PATH=${CMAKE_PREFIX_PATH}:/home/ngy/microros_ws/install/sensor_msgs_py:/opt/ros/foxy /usr/bin/cmake --install /home/ngy/micro_ros/build/lifecycle_msgs
[25.747s] -- Install configuration: ""
[25.753s] -- Installing: /home/ngy/micro_ros/install/lifecycle_msgs/share/ament_index/resource_index/rosidl_interfaces/lifecycle_msgs
[25.754s] -- Installing: /home/ngy/micro_ros/install/lifecycle_msgs/include/lifecycle_msgs
[25.754s] -- Installing: /home/ngy/micro_ros/install/lifecycle_msgs/include/lifecycle_msgs/srv
[25.754s] -- Installing: /home/ngy/micro_ros/install/lifecycle_msgs/include/lifecycle_msgs/srv/get_available_transitions.h
[25.754s] -- Installing: /home/ngy/micro_ros/install/lifecycle_msgs/include/lifecycle_msgs/srv/detail
[25.755s] -- Installing: /home/ngy/micro_ros/install/lifecycle_msgs/include/lifecycle_msgs/srv/detail/get_available_states__type_support.h
[25.755s] -- Installing: /home/ngy/micro_ros/install/lifecycle_msgs/include/lifecycle_msgs/srv/detail/get_state__type_support.h
[25.755s] -- Installing: /home/ngy/micro_ros/install/lifecycle_msgs/include/lifecycle_msgs/srv/detail/get_available_states__functions.h
[25.755s] -- Installing: /home/ngy/micro_ros/install/lifecycle_msgs/include/lifecycle_msgs/srv/detail/change_state__type_support.h
[25.756s] -- Installing: /home/ngy/micro_ros/install/lifecycle_msgs/include/lifecycle_msgs/srv/detail/get_state__struct.h
[25.756s] -- Installing: /home/ngy/micro_ros/install/lifecycle_msgs/include/lifecycle_msgs/srv/detail/change_state__functions.h
[25.756s] -- Installing: /home/ngy/micro_ros/install/lifecycle_msgs/include/lifecycle_msgs/srv/detail/get_state__functions.c
[25.756s] -- Installing: /home/ngy/micro_ros/install/lifecycle_msgs/include/lifecycle_msgs/srv/detail/get_available_transitions__struct.h
[25.757s] -- Installing: /home/ngy/micro_ros/install/lifecycle_msgs/include/lifecycle_msgs/srv/detail/get_available_transitions__type_support.h
[25.757s] -- Installing: /home/ngy/micro_ros/install/lifecycle_msgs/include/lifecycle_msgs/srv/detail/change_state__struct.h
[25.757s] -- Installing: /home/ngy/micro_ros/install/lifecycle_msgs/include/lifecycle_msgs/srv/detail/get_available_states__functions.c
[25.757s] -- Installing: /home/ngy/micro_ros/install/lifecycle_msgs/include/lifecycle_msgs/srv/detail/get_state__functions.h
[25.757s] -- Installing: /home/ngy/micro_ros/install/lifecycle_msgs/include/lifecycle_msgs/srv/detail/get_available_transitions__functions.h
[25.758s] -- Installing: /home/ngy/micro_ros/install/lifecycle_msgs/include/lifecycle_msgs/srv/detail/change_state__functions.c
[25.758s] -- Installing: /home/ngy/micro_ros/install/lifecycle_msgs/include/lifecycle_msgs/srv/detail/get_available_transitions__functions.c
[25.758s] -- Installing: /home/ngy/micro_ros/install/lifecycle_msgs/include/lifecycle_msgs/srv/detail/get_available_states__struct.h
[25.758s] -- Installing: /home/ngy/micro_ros/install/lifecycle_msgs/include/lifecycle_msgs/srv/get_state.h
[25.770s] -- Installing: /home/ngy/micro_ros/install/lifecycle_msgs/include/lifecycle_msgs/srv/change_state.h
[25.770s] -- Installing: /home/ngy/micro_ros/install/lifecycle_msgs/include/lifecycle_msgs/srv/get_available_states.h
[25.770s] -- Installing: /home/ngy/micro_ros/install/lifecycle_msgs/include/lifecycle_msgs/msg
[25.770s] -- Installing: /home/ngy/micro_ros/install/lifecycle_msgs/include/lifecycle_msgs/msg/transition_description.h
[25.770s] -- Installing: /home/ngy/micro_ros/install/lifecycle_msgs/include/lifecycle_msgs/msg/transition_event.h
[25.771s] -- Installing: /home/ngy/micro_ros/install/lifecycle_msgs/include/lifecycle_msgs/msg/detail
[25.771s] -- Installing: /home/ngy/micro_ros/install/lifecycle_msgs/include/lifecycle_msgs/msg/detail/transition_description__type_support.h
[25.773s] -- Installing: /home/ngy/micro_ros/install/lifecycle_msgs/include/lifecycle_msgs/msg/detail/transition_event__functions.c
[25.778s] -- Installing: /home/ngy/micro_ros/install/lifecycle_msgs/include/lifecycle_msgs/msg/detail/transition_description__functions.h
[25.778s] -- Installing: /home/ngy/micro_ros/install/lifecycle_msgs/include/lifecycle_msgs/msg/detail/transition__struct.h
[25.779s] -- Installing: /home/ngy/micro_ros/install/lifecycle_msgs/include/lifecycle_msgs/msg/detail/transition_event__struct.h
[25.779s] -- Installing: /home/ngy/micro_ros/install/lifecycle_msgs/include/lifecycle_msgs/msg/detail/transition__functions.h
[25.779s] -- Installing: /home/ngy/micro_ros/install/lifecycle_msgs/include/lifecycle_msgs/msg/detail/state__functions.c
[25.791s] -- Installing: /home/ngy/micro_ros/install/lifecycle_msgs/include/lifecycle_msgs/msg/detail/transition__functions.c
[25.791s] -- Installing: /home/ngy/micro_ros/install/lifecycle_msgs/include/lifecycle_msgs/msg/detail/state__functions.h
[25.791s] -- Installing: /home/ngy/micro_ros/install/lifecycle_msgs/include/lifecycle_msgs/msg/detail/transition__type_support.h
[25.792s] -- Installing: /home/ngy/micro_ros/install/lifecycle_msgs/include/lifecycle_msgs/msg/detail/state__struct.h
[25.792s] -- Installing: /home/ngy/micro_ros/install/lifecycle_msgs/include/lifecycle_msgs/msg/detail/transition_description__struct.h
[25.792s] -- Installing: /home/ngy/micro_ros/install/lifecycle_msgs/include/lifecycle_msgs/msg/detail/transition_event__functions.h
[25.792s] -- Installing: /home/ngy/micro_ros/install/lifecycle_msgs/include/lifecycle_msgs/msg/detail/transition_description__functions.c
[25.792s] -- Installing: /home/ngy/micro_ros/install/lifecycle_msgs/include/lifecycle_msgs/msg/detail/state__type_support.h
[25.793s] -- Installing: /home/ngy/micro_ros/install/lifecycle_msgs/include/lifecycle_msgs/msg/detail/transition_event__type_support.h
[25.793s] -- Installing: /home/ngy/micro_ros/install/lifecycle_msgs/include/lifecycle_msgs/msg/state.h
[25.793s] -- Installing: /home/ngy/micro_ros/install/lifecycle_msgs/include/lifecycle_msgs/msg/transition.h
[25.793s] -- Installing: /home/ngy/micro_ros/install/lifecycle_msgs/include/lifecycle_msgs/msg/rosidl_generator_c__visibility_control.h
[25.793s] -- Installing: /home/ngy/micro_ros/install/lifecycle_msgs/share/lifecycle_msgs/environment/library_path.sh
[25.794s] -- Installing: /home/ngy/micro_ros/install/lifecycle_msgs/share/lifecycle_msgs/environment/library_path.dsv
[25.794s] -- Installing: /home/ngy/micro_ros/install/lifecycle_msgs/lib/liblifecycle_msgs__rosidl_generator_c.so
[25.794s] -- Set runtime path of "/home/ngy/micro_ros/install/lifecycle_msgs/lib/liblifecycle_msgs__rosidl_generator_c.so" to ""
[25.794s] -- Up-to-date: /home/ngy/micro_ros/install/lifecycle_msgs/include/lifecycle_msgs
[25.794s] -- Up-to-date: /home/ngy/micro_ros/install/lifecycle_msgs/include/lifecycle_msgs/srv
[25.794s] -- Up-to-date: /home/ngy/micro_ros/install/lifecycle_msgs/include/lifecycle_msgs/srv/detail
[25.795s] -- Installing: /home/ngy/micro_ros/install/lifecycle_msgs/include/lifecycle_msgs/srv/detail/microxrcedds
[25.795s] -- Installing: /home/ngy/micro_ros/install/lifecycle_msgs/include/lifecycle_msgs/srv/detail/get_state__rosidl_typesupport_microxrcedds_c.h
[25.795s] -- Installing: /home/ngy/micro_ros/install/lifecycle_msgs/include/lifecycle_msgs/srv/detail/get_available_states__rosidl_typesupport_microxrcedds_c.h
[25.795s] -- Installing: /home/ngy/micro_ros/install/lifecycle_msgs/include/lifecycle_msgs/srv/detail/get_available_transitions__rosidl_typesupport_microxrcedds_c.h
[25.795s] -- Installing: /home/ngy/micro_ros/install/lifecycle_msgs/include/lifecycle_msgs/srv/detail/change_state__rosidl_typesupport_microxrcedds_c.h
[25.796s] -- Up-to-date: /home/ngy/micro_ros/install/lifecycle_msgs/include/lifecycle_msgs/msg
[25.796s] -- Up-to-date: /home/ngy/micro_ros/install/lifecycle_msgs/include/lifecycle_msgs/msg/detail
[25.796s] -- Installing: /home/ngy/micro_ros/install/lifecycle_msgs/include/lifecycle_msgs/msg/detail/microxrcedds
[25.796s] -- Installing: /home/ngy/micro_ros/install/lifecycle_msgs/include/lifecycle_msgs/msg/detail/state__rosidl_typesupport_microxrcedds_c.h
[25.796s] -- Installing: /home/ngy/micro_ros/install/lifecycle_msgs/include/lifecycle_msgs/msg/detail/transition_event__rosidl_typesupport_microxrcedds_c.h
[25.797s] -- Installing: /home/ngy/micro_ros/install/lifecycle_msgs/include/lifecycle_msgs/msg/detail/transition__rosidl_typesupport_microxrcedds_c.h
[25.797s] -- Installing: /home/ngy/micro_ros/install/lifecycle_msgs/include/lifecycle_msgs/msg/detail/transition_description__rosidl_typesupport_microxrcedds_c.h
[25.797s] -- Installing: /home/ngy/micro_ros/install/lifecycle_msgs/include/lifecycle_msgs/msg/rosidl_typesupport_microxrcedds_c__visibility_control.h
[25.797s] -- Installing: /home/ngy/micro_ros/install/lifecycle_msgs/lib/liblifecycle_msgs__rosidl_typesupport_microxrcedds_c.so
[25.798s] -- Set runtime path of "/home/ngy/micro_ros/install/lifecycle_msgs/lib/liblifecycle_msgs__rosidl_typesupport_microxrcedds_c.so" to ""
[25.798s] -- Up-to-date: /home/ngy/micro_ros/install/lifecycle_msgs/include/lifecycle_msgs
[25.798s] -- Up-to-date: /home/ngy/micro_ros/install/lifecycle_msgs/include/lifecycle_msgs/srv
[25.798s] -- Up-to-date: /home/ngy/micro_ros/install/lifecycle_msgs/include/lifecycle_msgs/srv/detail
[25.798s] -- Installing: /home/ngy/micro_ros/install/lifecycle_msgs/include/lifecycle_msgs/srv/detail/change_state__rosidl_typesupport_fastrtps_c.h
[25.799s] -- Installing: /home/ngy/micro_ros/install/lifecycle_msgs/include/lifecycle_msgs/srv/detail/get_available_transitions__rosidl_typesupport_fastrtps_c.h
[25.815s] -- Installing: /home/ngy/micro_ros/install/lifecycle_msgs/include/lifecycle_msgs/srv/detail/get_state__rosidl_typesupport_fastrtps_c.h
[25.816s] -- Installing: /home/ngy/micro_ros/install/lifecycle_msgs/include/lifecycle_msgs/srv/detail/get_available_states__rosidl_typesupport_fastrtps_c.h
[25.817s] -- Up-to-date: /home/ngy/micro_ros/install/lifecycle_msgs/include/lifecycle_msgs/msg
[25.817s] -- Up-to-date: /home/ngy/micro_ros/install/lifecycle_msgs/include/lifecycle_msgs/msg/detail
[25.817s] -- Installing: /home/ngy/micro_ros/install/lifecycle_msgs/include/lifecycle_msgs/msg/detail/state__rosidl_typesupport_fastrtps_c.h
[25.817s] -- Installing: /home/ngy/micro_ros/install/lifecycle_msgs/include/lifecycle_msgs/msg/detail/transition_event__rosidl_typesupport_fastrtps_c.h
[25.818s] -- Installing: /home/ngy/micro_ros/install/lifecycle_msgs/include/lifecycle_msgs/msg/detail/transition__rosidl_typesupport_fastrtps_c.h
[25.818s] -- Installing: /home/ngy/micro_ros/install/lifecycle_msgs/include/lifecycle_msgs/msg/detail/transition_description__rosidl_typesupport_fastrtps_c.h
[25.818s] -- Installing: /home/ngy/micro_ros/install/lifecycle_msgs/include/lifecycle_msgs/msg/rosidl_typesupport_fastrtps_c__visibility_control.h
[25.818s] -- Installing: /home/ngy/micro_ros/install/lifecycle_msgs/lib/liblifecycle_msgs__rosidl_typesupport_fastrtps_c.so
[25.819s] -- Set runtime path of "/home/ngy/micro_ros/install/lifecycle_msgs/lib/liblifecycle_msgs__rosidl_typesupport_fastrtps_c.so" to ""
[25.819s] -- Up-to-date: /home/ngy/micro_ros/install/lifecycle_msgs/include/lifecycle_msgs
[25.819s] -- Up-to-date: /home/ngy/micro_ros/install/lifecycle_msgs/include/lifecycle_msgs/srv
[25.820s] -- Up-to-date: /home/ngy/micro_ros/install/lifecycle_msgs/include/lifecycle_msgs/srv/detail
[25.820s] -- Installing: /home/ngy/micro_ros/install/lifecycle_msgs/include/lifecycle_msgs/srv/detail/change_state__rosidl_typesupport_fastrtps_cpp.hpp
[25.820s] -- Installing: /home/ngy/micro_ros/install/lifecycle_msgs/include/lifecycle_msgs/srv/detail/get_available_transitions__rosidl_typesupport_fastrtps_cpp.hpp
[25.820s] -- Installing: /home/ngy/micro_ros/install/lifecycle_msgs/include/lifecycle_msgs/srv/detail/get_state__rosidl_typesupport_fastrtps_cpp.hpp
[25.821s] -- Installing: /home/ngy/micro_ros/install/lifecycle_msgs/include/lifecycle_msgs/srv/detail/get_available_states__rosidl_typesupport_fastrtps_cpp.hpp
[25.821s] -- Installing: /home/ngy/micro_ros/install/lifecycle_msgs/include/lifecycle_msgs/srv/detail/dds_fastrtps
[25.821s] -- Up-to-date: /home/ngy/micro_ros/install/lifecycle_msgs/include/lifecycle_msgs/msg
[25.821s] -- Installing: /home/ngy/micro_ros/install/lifecycle_msgs/include/lifecycle_msgs/msg/rosidl_typesupport_fastrtps_cpp__visibility_control.h
[25.822s] -- Up-to-date: /home/ngy/micro_ros/install/lifecycle_msgs/include/lifecycle_msgs/msg/detail
[25.822s] -- Installing: /home/ngy/micro_ros/install/lifecycle_msgs/include/lifecycle_msgs/msg/detail/state__rosidl_typesupport_fastrtps_cpp.hpp
[25.822s] -- Installing: /home/ngy/micro_ros/install/lifecycle_msgs/include/lifecycle_msgs/msg/detail/transition_event__rosidl_typesupport_fastrtps_cpp.hpp
[25.822s] -- Installing: /home/ngy/micro_ros/install/lifecycle_msgs/include/lifecycle_msgs/msg/detail/transition__rosidl_typesupport_fastrtps_cpp.hpp
[25.823s] -- Installing: /home/ngy/micro_ros/install/lifecycle_msgs/include/lifecycle_msgs/msg/detail/dds_fastrtps
[25.849s] -- Installing: /home/ngy/micro_ros/install/lifecycle_msgs/include/lifecycle_msgs/msg/detail/transition_description__rosidl_typesupport_fastrtps_cpp.hpp
[25.849s] -- Installing: /home/ngy/micro_ros/install/lifecycle_msgs/lib/liblifecycle_msgs__rosidl_typesupport_fastrtps_cpp.so
[25.850s] -- Set runtime path of "/home/ngy/micro_ros/install/lifecycle_msgs/lib/liblifecycle_msgs__rosidl_typesupport_fastrtps_cpp.so" to ""
[25.850s] -- Up-to-date: /home/ngy/micro_ros/install/lifecycle_msgs/include/lifecycle_msgs
[25.850s] -- Up-to-date: /home/ngy/micro_ros/install/lifecycle_msgs/include/lifecycle_msgs/srv
[25.850s] -- Up-to-date: /home/ngy/micro_ros/install/lifecycle_msgs/include/lifecycle_msgs/srv/detail
[25.850s] -- Installing: /home/ngy/micro_ros/install/lifecycle_msgs/include/lifecycle_msgs/srv/detail/get_available_states__rosidl_typesupport_introspection_c.h
[25.851s] -- Installing: /home/ngy/micro_ros/install/lifecycle_msgs/include/lifecycle_msgs/srv/detail/change_state__type_support.c
[25.851s] -- Installing: /home/ngy/micro_ros/install/lifecycle_msgs/include/lifecycle_msgs/srv/detail/get_available_transitions__type_support.c
[25.851s] -- Installing: /home/ngy/micro_ros/install/lifecycle_msgs/include/lifecycle_msgs/srv/detail/get_state__rosidl_typesupport_introspection_c.h
[25.851s] -- Installing: /home/ngy/micro_ros/install/lifecycle_msgs/include/lifecycle_msgs/srv/detail/get_available_states__type_support.c
[25.851s] -- Installing: /home/ngy/micro_ros/install/lifecycle_msgs/include/lifecycle_msgs/srv/detail/change_state__rosidl_typesupport_introspection_c.h
[25.851s] -- Installing: /home/ngy/micro_ros/install/lifecycle_msgs/include/lifecycle_msgs/srv/detail/get_state__type_support.c
[25.852s] -- Installing: /home/ngy/micro_ros/install/lifecycle_msgs/include/lifecycle_msgs/srv/detail/get_available_transitions__rosidl_typesupport_introspection_c.h
[25.852s] -- Up-to-date: /home/ngy/micro_ros/install/lifecycle_msgs/include/lifecycle_msgs/msg
[25.852s] -- Installing: /home/ngy/micro_ros/install/lifecycle_msgs/include/lifecycle_msgs/msg/rosidl_typesupport_introspection_c__visibility_control.h
[25.852s] -- Up-to-date: /home/ngy/micro_ros/install/lifecycle_msgs/include/lifecycle_msgs/msg/detail
[25.852s] -- Installing: /home/ngy/micro_ros/install/lifecycle_msgs/include/lifecycle_msgs/msg/detail/transition__type_support.c
[25.852s] -- Installing: /home/ngy/micro_ros/install/lifecycle_msgs/include/lifecycle_msgs/msg/detail/state__type_support.c
[25.853s] -- Installing: /home/ngy/micro_ros/install/lifecycle_msgs/include/lifecycle_msgs/msg/detail/transition_event__rosidl_typesupport_introspection_c.h
[25.853s] -- Installing: /home/ngy/micro_ros/install/lifecycle_msgs/include/lifecycle_msgs/msg/detail/transition_description__rosidl_typesupport_introspection_c.h
[25.853s] -- Installing: /home/ngy/micro_ros/install/lifecycle_msgs/include/lifecycle_msgs/msg/detail/transition__rosidl_typesupport_introspection_c.h
[25.853s] -- Installing: /home/ngy/micro_ros/install/lifecycle_msgs/include/lifecycle_msgs/msg/detail/state__rosidl_typesupport_introspection_c.h
[25.853s] -- Installing: /home/ngy/micro_ros/install/lifecycle_msgs/include/lifecycle_msgs/msg/detail/transition_event__type_support.c
[25.854s] -- Installing: /home/ngy/micro_ros/install/lifecycle_msgs/include/lifecycle_msgs/msg/detail/transition_description__type_support.c
[25.854s] -- Installing: /home/ngy/micro_ros/install/lifecycle_msgs/lib/liblifecycle_msgs__rosidl_typesupport_introspection_c.so
[25.854s] -- Set runtime path of "/home/ngy/micro_ros/install/lifecycle_msgs/lib/liblifecycle_msgs__rosidl_typesupport_introspection_c.so" to ""
[25.854s] -- Installing: /home/ngy/micro_ros/install/lifecycle_msgs/lib/liblifecycle_msgs__rosidl_typesupport_c.so
[25.854s] -- Set runtime path of "/home/ngy/micro_ros/install/lifecycle_msgs/lib/liblifecycle_msgs__rosidl_typesupport_c.so" to ""
[25.854s] -- Up-to-date: /home/ngy/micro_ros/install/lifecycle_msgs/include/lifecycle_msgs
[25.855s] -- Up-to-date: /home/ngy/micro_ros/install/lifecycle_msgs/include/lifecycle_msgs/srv
[25.855s] -- Up-to-date: /home/ngy/micro_ros/install/lifecycle_msgs/include/lifecycle_msgs/srv/detail
[25.855s] -- Installing: /home/ngy/micro_ros/install/lifecycle_msgs/include/lifecycle_msgs/srv/detail/get_available_states__builder.hpp
[25.855s] -- Installing: /home/ngy/micro_ros/install/lifecycle_msgs/include/lifecycle_msgs/srv/detail/change_state__builder.hpp
[25.855s] -- Installing: /home/ngy/micro_ros/install/lifecycle_msgs/include/lifecycle_msgs/srv/detail/change_state__struct.hpp
[25.856s] -- Installing: /home/ngy/micro_ros/install/lifecycle_msgs/include/lifecycle_msgs/srv/detail/get_available_transitions__traits.hpp
[25.856s] -- Installing: /home/ngy/micro_ros/install/lifecycle_msgs/include/lifecycle_msgs/srv/detail/get_state__traits.hpp
[25.856s] -- Installing: /home/ngy/micro_ros/install/lifecycle_msgs/include/lifecycle_msgs/srv/detail/get_available_transitions__struct.hpp
[25.856s] -- Installing: /home/ngy/micro_ros/install/lifecycle_msgs/include/lifecycle_msgs/srv/detail/change_state__traits.hpp
[25.856s] -- Installing: /home/ngy/micro_ros/install/lifecycle_msgs/include/lifecycle_msgs/srv/detail/get_state__builder.hpp
[25.857s] -- Installing: /home/ngy/micro_ros/install/lifecycle_msgs/include/lifecycle_msgs/srv/detail/get_available_states__struct.hpp
[25.857s] -- Installing: /home/ngy/micro_ros/install/lifecycle_msgs/include/lifecycle_msgs/srv/detail/get_available_transitions__builder.hpp
[25.857s] -- Installing: /home/ngy/micro_ros/install/lifecycle_msgs/include/lifecycle_msgs/srv/detail/get_available_states__traits.hpp
[25.857s] -- Installing: /home/ngy/micro_ros/install/lifecycle_msgs/include/lifecycle_msgs/srv/detail/get_state__struct.hpp
[25.857s] -- Installing: /home/ngy/micro_ros/install/lifecycle_msgs/include/lifecycle_msgs/srv/get_available_states.hpp
[25.857s] -- Installing: /home/ngy/micro_ros/install/lifecycle_msgs/include/lifecycle_msgs/srv/get_available_transitions.hpp
[25.858s] -- Installing: /home/ngy/micro_ros/install/lifecycle_msgs/include/lifecycle_msgs/srv/change_state.hpp
[25.858s] -- Installing: /home/ngy/micro_ros/install/lifecycle_msgs/include/lifecycle_msgs/srv/get_state.hpp
[25.858s] -- Up-to-date: /home/ngy/micro_ros/install/lifecycle_msgs/include/lifecycle_msgs/msg
[25.858s] -- Installing: /home/ngy/micro_ros/install/lifecycle_msgs/include/lifecycle_msgs/msg/transition_event.hpp
[25.858s] -- Up-to-date: /home/ngy/micro_ros/install/lifecycle_msgs/include/lifecycle_msgs/msg/detail
[25.859s] -- Installing: /home/ngy/micro_ros/install/lifecycle_msgs/include/lifecycle_msgs/msg/detail/state__builder.hpp
[25.875s] -- Installing: /home/ngy/micro_ros/install/lifecycle_msgs/include/lifecycle_msgs/msg/detail/transition_description__struct.hpp
[25.876s] -- Installing: /home/ngy/micro_ros/install/lifecycle_msgs/include/lifecycle_msgs/msg/detail/state__traits.hpp
[25.876s] -- Installing: /home/ngy/micro_ros/install/lifecycle_msgs/include/lifecycle_msgs/msg/detail/transition_description__builder.hpp
[25.876s] -- Installing: /home/ngy/micro_ros/install/lifecycle_msgs/include/lifecycle_msgs/msg/detail/transition_description__traits.hpp
[25.876s] -- Installing: /home/ngy/micro_ros/install/lifecycle_msgs/include/lifecycle_msgs/msg/detail/transition__builder.hpp
[25.876s] -- Installing: /home/ngy/micro_ros/install/lifecycle_msgs/include/lifecycle_msgs/msg/detail/transition_event__struct.hpp
[25.879s] -- Installing: /home/ngy/micro_ros/install/lifecycle_msgs/include/lifecycle_msgs/msg/detail/transition__traits.hpp
[25.879s] -- Installing: /home/ngy/micro_ros/install/lifecycle_msgs/include/lifecycle_msgs/msg/detail/transition__struct.hpp
[25.880s] -- Installing: /home/ngy/micro_ros/install/lifecycle_msgs/include/lifecycle_msgs/msg/detail/transition_event__builder.hpp
[25.880s] -- Installing: /home/ngy/micro_ros/install/lifecycle_msgs/include/lifecycle_msgs/msg/detail/transition_event__traits.hpp
[25.880s] -- Installing: /home/ngy/micro_ros/install/lifecycle_msgs/include/lifecycle_msgs/msg/detail/state__struct.hpp
[25.880s] -- Installing: /home/ngy/micro_ros/install/lifecycle_msgs/include/lifecycle_msgs/msg/state.hpp
[25.880s] -- Installing: /home/ngy/micro_ros/install/lifecycle_msgs/include/lifecycle_msgs/msg/transition_description.hpp
[25.880s] -- Installing: /home/ngy/micro_ros/install/lifecycle_msgs/include/lifecycle_msgs/msg/transition.hpp
[25.881s] -- Up-to-date: /home/ngy/micro_ros/install/lifecycle_msgs/include/lifecycle_msgs
[25.881s] -- Up-to-date: /home/ngy/micro_ros/install/lifecycle_msgs/include/lifecycle_msgs/srv
[25.881s] -- Up-to-date: /home/ngy/micro_ros/install/lifecycle_msgs/include/lifecycle_msgs/srv/detail
[25.881s] -- Up-to-date: /home/ngy/micro_ros/install/lifecycle_msgs/include/lifecycle_msgs/srv/detail/microxrcedds
[25.881s] -- Installing: /home/ngy/micro_ros/install/lifecycle_msgs/include/lifecycle_msgs/srv/detail/microxrcedds/change_state__type_support_cpp.cpp
[25.882s] -- Installing: /home/ngy/micro_ros/install/lifecycle_msgs/include/lifecycle_msgs/srv/detail/microxrcedds/get_available_states__type_support_cpp.cpp
[25.882s] -- Installing: /home/ngy/micro_ros/install/lifecycle_msgs/include/lifecycle_msgs/srv/detail/microxrcedds/get_available_transitions__type_support_cpp.cpp
[25.882s] -- Installing: /home/ngy/micro_ros/install/lifecycle_msgs/include/lifecycle_msgs/srv/detail/microxrcedds/get_state__type_support_cpp.cpp
[25.882s] -- Installing: /home/ngy/micro_ros/install/lifecycle_msgs/include/lifecycle_msgs/srv/detail/get_state__rosidl_typesupport_microxrcedds_cpp.hpp
[25.882s] -- Installing: /home/ngy/micro_ros/install/lifecycle_msgs/include/lifecycle_msgs/srv/detail/get_available_transitions__rosidl_typesupport_microxrcedds_cpp.hpp
[25.883s] -- Installing: /home/ngy/micro_ros/install/lifecycle_msgs/include/lifecycle_msgs/srv/detail/change_state__rosidl_typesupport_microxrcedds_cpp.hpp
[25.883s] -- Installing: /home/ngy/micro_ros/install/lifecycle_msgs/include/lifecycle_msgs/srv/detail/get_available_states__rosidl_typesupport_microxrcedds_cpp.hpp
[25.883s] -- Up-to-date: /home/ngy/micro_ros/install/lifecycle_msgs/include/lifecycle_msgs/msg
[25.883s] -- Up-to-date: /home/ngy/micro_ros/install/lifecycle_msgs/include/lifecycle_msgs/msg/detail
[25.883s] -- Up-to-date: /home/ngy/micro_ros/install/lifecycle_msgs/include/lifecycle_msgs/msg/detail/microxrcedds
[25.884s] -- Installing: /home/ngy/micro_ros/install/lifecycle_msgs/include/lifecycle_msgs/msg/detail/microxrcedds/state__type_support_cpp.cpp
[25.884s] -- Installing: /home/ngy/micro_ros/install/lifecycle_msgs/include/lifecycle_msgs/msg/detail/microxrcedds/transition_event__type_support_cpp.cpp
[25.885s] -- Installing: /home/ngy/micro_ros/install/lifecycle_msgs/include/lifecycle_msgs/msg/detail/microxrcedds/transition_description__type_support_cpp.cpp
[25.885s] -- Installing: /home/ngy/micro_ros/install/lifecycle_msgs/include/lifecycle_msgs/msg/detail/microxrcedds/transition__type_support_cpp.cpp
[25.885s] -- Installing: /home/ngy/micro_ros/install/lifecycle_msgs/include/lifecycle_msgs/msg/detail/state__rosidl_typesupport_microxrcedds_cpp.hpp
[25.885s] -- Installing: /home/ngy/micro_ros/install/lifecycle_msgs/include/lifecycle_msgs/msg/detail/transition__rosidl_typesupport_microxrcedds_cpp.hpp
[25.885s] -- Installing: /home/ngy/micro_ros/install/lifecycle_msgs/include/lifecycle_msgs/msg/detail/transition_event__rosidl_typesupport_microxrcedds_cpp.hpp
[25.886s] -- Installing: /home/ngy/micro_ros/install/lifecycle_msgs/include/lifecycle_msgs/msg/detail/transition_description__rosidl_typesupport_microxrcedds_cpp.hpp
[25.886s] -- Installing: /home/ngy/micro_ros/install/lifecycle_msgs/include/lifecycle_msgs/msg/rosidl_typesupport_microxrcedds_cpp__visibility_control.h
[25.886s] -- Installing: /home/ngy/micro_ros/install/lifecycle_msgs/lib/liblifecycle_msgs__rosidl_typesupport_microxrcedds_cpp.so
[25.886s] -- Set runtime path of "/home/ngy/micro_ros/install/lifecycle_msgs/lib/liblifecycle_msgs__rosidl_typesupport_microxrcedds_cpp.so" to ""
[25.886s] -- Up-to-date: /home/ngy/micro_ros/install/lifecycle_msgs/include/lifecycle_msgs
[25.887s] -- Up-to-date: /home/ngy/micro_ros/install/lifecycle_msgs/include/lifecycle_msgs/srv
[25.915s] -- Up-to-date: /home/ngy/micro_ros/install/lifecycle_msgs/include/lifecycle_msgs/srv/detail
[25.915s] -- Installing: /home/ngy/micro_ros/install/lifecycle_msgs/include/lifecycle_msgs/srv/detail/get_available_states__type_support.cpp
[25.915s] -- Installing: /home/ngy/micro_ros/install/lifecycle_msgs/include/lifecycle_msgs/srv/detail/get_state__type_support.cpp
[25.916s] -- Installing: /home/ngy/micro_ros/install/lifecycle_msgs/include/lifecycle_msgs/srv/detail/change_state__rosidl_typesupport_introspection_cpp.hpp
[25.916s] -- Installing: /home/ngy/micro_ros/install/lifecycle_msgs/include/lifecycle_msgs/srv/detail/get_available_transitions__type_support.cpp
[25.916s] -- Installing: /home/ngy/micro_ros/install/lifecycle_msgs/include/lifecycle_msgs/srv/detail/get_state__rosidl_typesupport_introspection_cpp.hpp
[25.916s] -- Installing: /home/ngy/micro_ros/install/lifecycle_msgs/include/lifecycle_msgs/srv/detail/change_state__type_support.cpp
[25.917s] -- Installing: /home/ngy/micro_ros/install/lifecycle_msgs/include/lifecycle_msgs/srv/detail/get_available_transitions__rosidl_typesupport_introspection_cpp.hpp
[25.917s] -- Installing: /home/ngy/micro_ros/install/lifecycle_msgs/include/lifecycle_msgs/srv/detail/get_available_states__rosidl_typesupport_introspection_cpp.hpp
[25.917s] -- Up-to-date: /home/ngy/micro_ros/install/lifecycle_msgs/include/lifecycle_msgs/msg
[25.917s] -- Up-to-date: /home/ngy/micro_ros/install/lifecycle_msgs/include/lifecycle_msgs/msg/detail
[25.917s] -- Installing: /home/ngy/micro_ros/install/lifecycle_msgs/include/lifecycle_msgs/msg/detail/state__type_support.cpp
[25.917s] -- Installing: /home/ngy/micro_ros/install/lifecycle_msgs/include/lifecycle_msgs/msg/detail/transition_event__rosidl_typesupport_introspection_cpp.hpp
[25.918s] -- Installing: /home/ngy/micro_ros/install/lifecycle_msgs/include/lifecycle_msgs/msg/detail/transition_event__type_support.cpp
[25.918s] -- Installing: /home/ngy/micro_ros/install/lifecycle_msgs/include/lifecycle_msgs/msg/detail/transition__rosidl_typesupport_introspection_cpp.hpp
[25.918s] -- Installing: /home/ngy/micro_ros/install/lifecycle_msgs/include/lifecycle_msgs/msg/detail/transition__type_support.cpp
[25.918s] -- Installing: /home/ngy/micro_ros/install/lifecycle_msgs/include/lifecycle_msgs/msg/detail/transition_description__type_support.cpp
[25.918s] -- Installing: /home/ngy/micro_ros/install/lifecycle_msgs/include/lifecycle_msgs/msg/detail/transition_description__rosidl_typesupport_introspection_cpp.hpp
[25.919s] -- Installing: /home/ngy/micro_ros/install/lifecycle_msgs/include/lifecycle_msgs/msg/detail/state__rosidl_typesupport_introspection_cpp.hpp
[25.919s] -- Installing: /home/ngy/micro_ros/install/lifecycle_msgs/lib/liblifecycle_msgs__rosidl_typesupport_introspection_cpp.so
[25.919s] -- Set runtime path of "/home/ngy/micro_ros/install/lifecycle_msgs/lib/liblifecycle_msgs__rosidl_typesupport_introspection_cpp.so" to ""
[25.919s] -- Installing: /home/ngy/micro_ros/install/lifecycle_msgs/lib/liblifecycle_msgs__rosidl_typesupport_cpp.so
[25.920s] -- Set runtime path of "/home/ngy/micro_ros/install/lifecycle_msgs/lib/liblifecycle_msgs__rosidl_typesupport_cpp.so" to ""
[25.920s] -- Installing: /home/ngy/micro_ros/install/lifecycle_msgs/share/lifecycle_msgs/environment/pythonpath.sh
[25.921s] -- Installing: /home/ngy/micro_ros/install/lifecycle_msgs/share/lifecycle_msgs/environment/pythonpath.dsv
[25.921s] -- Installing: /home/ngy/micro_ros/install/lifecycle_msgs/lib/python3.8/site-packages/lifecycle_msgs/__init__.py
[25.989s] Compiling '/home/ngy/micro_ros/install/lifecycle_msgs/lib/python3.8/site-packages/lifecycle_msgs/__init__.py'...
[26.024s] -- Installing: /home/ngy/micro_ros/install/lifecycle_msgs/lib/python3.8/site-packages/lifecycle_msgs/msg
[26.024s] -- Installing: /home/ngy/micro_ros/install/lifecycle_msgs/lib/python3.8/site-packages/lifecycle_msgs/msg/_transition_description_s.c
[26.025s] -- Installing: /home/ngy/micro_ros/install/lifecycle_msgs/lib/python3.8/site-packages/lifecycle_msgs/msg/_transition.py
[26.025s] -- Installing: /home/ngy/micro_ros/install/lifecycle_msgs/lib/python3.8/site-packages/lifecycle_msgs/msg/_state_s.c
[26.025s] -- Installing: /home/ngy/micro_ros/install/lifecycle_msgs/lib/python3.8/site-packages/lifecycle_msgs/msg/__init__.py
[26.025s] -- Installing: /home/ngy/micro_ros/install/lifecycle_msgs/lib/python3.8/site-packages/lifecycle_msgs/msg/_transition_description.py
[26.026s] -- Installing: /home/ngy/micro_ros/install/lifecycle_msgs/lib/python3.8/site-packages/lifecycle_msgs/msg/_transition_s.c
[26.026s] -- Installing: /home/ngy/micro_ros/install/lifecycle_msgs/lib/python3.8/site-packages/lifecycle_msgs/msg/_state.py
[26.026s] -- Installing: /home/ngy/micro_ros/install/lifecycle_msgs/lib/python3.8/site-packages/lifecycle_msgs/msg/_transition_event.py
[26.026s] -- Installing: /home/ngy/micro_ros/install/lifecycle_msgs/lib/python3.8/site-packages/lifecycle_msgs/msg/_transition_event_s.c
[26.027s] -- Installing: /home/ngy/micro_ros/install/lifecycle_msgs/lib/python3.8/site-packages/lifecycle_msgs/srv
[26.027s] -- Installing: /home/ngy/micro_ros/install/lifecycle_msgs/lib/python3.8/site-packages/lifecycle_msgs/srv/_get_available_states_s.c
[26.027s] -- Installing: /home/ngy/micro_ros/install/lifecycle_msgs/lib/python3.8/site-packages/lifecycle_msgs/srv/_get_state.py
[26.027s] -- Installing: /home/ngy/micro_ros/install/lifecycle_msgs/lib/python3.8/site-packages/lifecycle_msgs/srv/_change_state.py
[26.028s] -- Installing: /home/ngy/micro_ros/install/lifecycle_msgs/lib/python3.8/site-packages/lifecycle_msgs/srv/_change_state_s.c
[26.028s] -- Installing: /home/ngy/micro_ros/install/lifecycle_msgs/lib/python3.8/site-packages/lifecycle_msgs/srv/__init__.py
[26.028s] -- Installing: /home/ngy/micro_ros/install/lifecycle_msgs/lib/python3.8/site-packages/lifecycle_msgs/srv/_get_available_states.py
[26.028s] -- Installing: /home/ngy/micro_ros/install/lifecycle_msgs/lib/python3.8/site-packages/lifecycle_msgs/srv/_get_state_s.c
[26.028s] -- Installing: /home/ngy/micro_ros/install/lifecycle_msgs/lib/python3.8/site-packages/lifecycle_msgs/srv/_get_available_transitions.py
[26.029s] -- Installing: /home/ngy/micro_ros/install/lifecycle_msgs/lib/python3.8/site-packages/lifecycle_msgs/srv/_get_available_transitions_s.c
[26.029s] -- Installing: /home/ngy/micro_ros/install/lifecycle_msgs/lib/python3.8/site-packages/lifecycle_msgs/lifecycle_msgs_s__rosidl_typesupport_microxrcedds_c.cpython-38-x86_64-linux-gnu.so
[26.030s] -- Set runtime path of "/home/ngy/micro_ros/install/lifecycle_msgs/lib/python3.8/site-packages/lifecycle_msgs/lifecycle_msgs_s__rosidl_typesupport_microxrcedds_c.cpython-38-x86_64-linux-gnu.so" to ""
[26.031s] -- Installing: /home/ngy/micro_ros/install/lifecycle_msgs/lib/python3.8/site-packages/lifecycle_msgs/lifecycle_msgs_s__rosidl_typesupport_fastrtps_c.cpython-38-x86_64-linux-gnu.so
[26.032s] -- Set runtime path of "/home/ngy/micro_ros/install/lifecycle_msgs/lib/python3.8/site-packages/lifecycle_msgs/lifecycle_msgs_s__rosidl_typesupport_fastrtps_c.cpython-38-x86_64-linux-gnu.so" to ""
[26.033s] -- Installing: /home/ngy/micro_ros/install/lifecycle_msgs/lib/python3.8/site-packages/lifecycle_msgs/lifecycle_msgs_s__rosidl_typesupport_introspection_c.cpython-38-x86_64-linux-gnu.so
[26.034s] -- Set runtime path of "/home/ngy/micro_ros/install/lifecycle_msgs/lib/python3.8/site-packages/lifecycle_msgs/lifecycle_msgs_s__rosidl_typesupport_introspection_c.cpython-38-x86_64-linux-gnu.so" to ""
[26.034s] -- Installing: /home/ngy/micro_ros/install/lifecycle_msgs/lib/python3.8/site-packages/lifecycle_msgs/lifecycle_msgs_s__rosidl_typesupport_c.cpython-38-x86_64-linux-gnu.so
[26.036s] -- Set runtime path of "/home/ngy/micro_ros/install/lifecycle_msgs/lib/python3.8/site-packages/lifecycle_msgs/lifecycle_msgs_s__rosidl_typesupport_c.cpython-38-x86_64-linux-gnu.so" to ""
[26.039s] -- Installing: /home/ngy/micro_ros/install/lifecycle_msgs/lib/liblifecycle_msgs__python.so
[26.040s] -- Set runtime path of "/home/ngy/micro_ros/install/lifecycle_msgs/lib/liblifecycle_msgs__python.so" to ""
[26.040s] -- Installing: /home/ngy/micro_ros/install/lifecycle_msgs/share/lifecycle_msgs/msg/State.idl
[26.041s] -- Installing: /home/ngy/micro_ros/install/lifecycle_msgs/share/lifecycle_msgs/msg/Transition.idl
[26.041s] -- Installing: /home/ngy/micro_ros/install/lifecycle_msgs/share/lifecycle_msgs/msg/TransitionDescription.idl
[26.042s] -- Installing: /home/ngy/micro_ros/install/lifecycle_msgs/share/lifecycle_msgs/msg/TransitionEvent.idl
[26.044s] -- Installing: /home/ngy/micro_ros/install/lifecycle_msgs/share/lifecycle_msgs/srv/ChangeState.idl
[26.044s] -- Installing: /home/ngy/micro_ros/install/lifecycle_msgs/share/lifecycle_msgs/srv/GetAvailableStates.idl
[26.044s] -- Installing: /home/ngy/micro_ros/install/lifecycle_msgs/share/lifecycle_msgs/srv/GetAvailableTransitions.idl
[26.054s] -- Installing: /home/ngy/micro_ros/install/lifecycle_msgs/share/lifecycle_msgs/srv/GetState.idl
[26.054s] -- Installing: /home/ngy/micro_ros/install/lifecycle_msgs/share/lifecycle_msgs/msg/State.msg
[26.054s] -- Installing: /home/ngy/micro_ros/install/lifecycle_msgs/share/lifecycle_msgs/msg/Transition.msg
[26.055s] -- Installing: /home/ngy/micro_ros/install/lifecycle_msgs/share/lifecycle_msgs/msg/TransitionDescription.msg
[26.055s] -- Installing: /home/ngy/micro_ros/install/lifecycle_msgs/share/lifecycle_msgs/msg/TransitionEvent.msg
[26.056s] -- Installing: /home/ngy/micro_ros/install/lifecycle_msgs/share/lifecycle_msgs/srv/ChangeState.srv
[26.056s] -- Installing: /home/ngy/micro_ros/install/lifecycle_msgs/share/lifecycle_msgs/srv/ChangeState_Request.msg
[26.057s] -- Installing: /home/ngy/micro_ros/install/lifecycle_msgs/share/lifecycle_msgs/srv/ChangeState_Response.msg
[26.057s] -- Installing: /home/ngy/micro_ros/install/lifecycle_msgs/share/lifecycle_msgs/srv/GetAvailableStates.srv
[26.057s] -- Installing: /home/ngy/micro_ros/install/lifecycle_msgs/share/lifecycle_msgs/srv/GetAvailableStates_Request.msg
[26.058s] -- Installing: /home/ngy/micro_ros/install/lifecycle_msgs/share/lifecycle_msgs/srv/GetAvailableStates_Response.msg
[26.058s] -- Installing: /home/ngy/micro_ros/install/lifecycle_msgs/share/lifecycle_msgs/srv/GetAvailableTransitions.srv
[26.059s] -- Installing: /home/ngy/micro_ros/install/lifecycle_msgs/share/lifecycle_msgs/srv/GetAvailableTransitions_Request.msg
[26.059s] -- Installing: /home/ngy/micro_ros/install/lifecycle_msgs/share/lifecycle_msgs/srv/GetAvailableTransitions_Response.msg
[26.060s] -- Installing: /home/ngy/micro_ros/install/lifecycle_msgs/share/lifecycle_msgs/srv/GetState.srv
[26.060s] -- Installing: /home/ngy/micro_ros/install/lifecycle_msgs/share/lifecycle_msgs/srv/GetState_Request.msg
[26.060s] -- Installing: /home/ngy/micro_ros/install/lifecycle_msgs/share/lifecycle_msgs/srv/GetState_Response.msg
[26.061s] -- Installing: /home/ngy/micro_ros/install/lifecycle_msgs/share/ament_index/resource_index/package_run_dependencies/lifecycle_msgs
[26.062s] -- Installing: /home/ngy/micro_ros/install/lifecycle_msgs/share/ament_index/resource_index/parent_prefix_path/lifecycle_msgs
[26.062s] -- Installing: /home/ngy/micro_ros/install/lifecycle_msgs/share/lifecycle_msgs/environment/ament_prefix_path.sh
[26.063s] -- Installing: /home/ngy/micro_ros/install/lifecycle_msgs/share/lifecycle_msgs/environment/ament_prefix_path.dsv
[26.063s] -- Installing: /home/ngy/micro_ros/install/lifecycle_msgs/share/lifecycle_msgs/environment/path.sh
[26.064s] -- Installing: /home/ngy/micro_ros/install/lifecycle_msgs/share/lifecycle_msgs/environment/path.dsv
[26.064s] -- Installing: /home/ngy/micro_ros/install/lifecycle_msgs/share/lifecycle_msgs/local_setup.bash
[26.065s] -- Installing: /home/ngy/micro_ros/install/lifecycle_msgs/share/lifecycle_msgs/local_setup.sh
[26.078s] -- Installing: /home/ngy/micro_ros/install/lifecycle_msgs/share/lifecycle_msgs/local_setup.zsh
[26.078s] -- Installing: /home/ngy/micro_ros/install/lifecycle_msgs/share/lifecycle_msgs/local_setup.dsv
[26.078s] -- Installing: /home/ngy/micro_ros/install/lifecycle_msgs/share/lifecycle_msgs/package.dsv
[26.079s] -- Installing: /home/ngy/micro_ros/install/lifecycle_msgs/share/ament_index/resource_index/packages/lifecycle_msgs
[26.079s] -- Installing: /home/ngy/micro_ros/install/lifecycle_msgs/share/lifecycle_msgs/cmake/lifecycle_msgs__rosidl_generator_cExport.cmake
[26.080s] -- Installing: /home/ngy/micro_ros/install/lifecycle_msgs/share/lifecycle_msgs/cmake/lifecycle_msgs__rosidl_generator_cExport-noconfig.cmake
[26.080s] -- Installing: /home/ngy/micro_ros/install/lifecycle_msgs/share/lifecycle_msgs/cmake/lifecycle_msgs__rosidl_typesupport_introspection_cExport.cmake
[26.081s] -- Installing: /home/ngy/micro_ros/install/lifecycle_msgs/share/lifecycle_msgs/cmake/lifecycle_msgs__rosidl_typesupport_introspection_cExport-noconfig.cmake
[26.082s] -- Installing: /home/ngy/micro_ros/install/lifecycle_msgs/share/lifecycle_msgs/cmake/lifecycle_msgs__rosidl_typesupport_cExport.cmake
[26.082s] -- Installing: /home/ngy/micro_ros/install/lifecycle_msgs/share/lifecycle_msgs/cmake/lifecycle_msgs__rosidl_typesupport_cExport-noconfig.cmake
[26.083s] -- Installing: /home/ngy/micro_ros/install/lifecycle_msgs/share/lifecycle_msgs/cmake/lifecycle_msgs__rosidl_generator_cppExport.cmake
[26.083s] -- Installing: /home/ngy/micro_ros/install/lifecycle_msgs/share/lifecycle_msgs/cmake/lifecycle_msgs__rosidl_typesupport_introspection_cppExport.cmake
[26.084s] -- Installing: /home/ngy/micro_ros/install/lifecycle_msgs/share/lifecycle_msgs/cmake/lifecycle_msgs__rosidl_typesupport_introspection_cppExport-noconfig.cmake
[26.085s] -- Installing: /home/ngy/micro_ros/install/lifecycle_msgs/share/lifecycle_msgs/cmake/lifecycle_msgs__rosidl_typesupport_cppExport.cmake
[26.085s] -- Installing: /home/ngy/micro_ros/install/lifecycle_msgs/share/lifecycle_msgs/cmake/lifecycle_msgs__rosidl_typesupport_cppExport-noconfig.cmake
[26.086s] -- Installing: /home/ngy/micro_ros/install/lifecycle_msgs/share/lifecycle_msgs/cmake/rosidl_cmake-extras.cmake
[26.086s] -- Installing: /home/ngy/micro_ros/install/lifecycle_msgs/share/lifecycle_msgs/cmake/ament_cmake_export_dependencies-extras.cmake
[26.087s] -- Installing: /home/ngy/micro_ros/install/lifecycle_msgs/share/lifecycle_msgs/cmake/ament_cmake_export_libraries-extras.cmake
[26.087s] -- Installing: /home/ngy/micro_ros/install/lifecycle_msgs/share/lifecycle_msgs/cmake/ament_cmake_export_targets-extras.cmake
[26.088s] -- Installing: /home/ngy/micro_ros/install/lifecycle_msgs/share/lifecycle_msgs/cmake/ament_cmake_export_include_directories-extras.cmake
[26.088s] -- Installing: /home/ngy/micro_ros/install/lifecycle_msgs/share/lifecycle_msgs/cmake/rosidl_cmake_export_typesupport_libraries-extras.cmake
[26.089s] -- Installing: /home/ngy/micro_ros/install/lifecycle_msgs/share/lifecycle_msgs/cmake/rosidl_cmake_export_typesupport_targets-extras.cmake
[26.089s] -- Installing: /home/ngy/micro_ros/install/lifecycle_msgs/share/lifecycle_msgs/cmake/lifecycle_msgsConfig.cmake
[26.089s] -- Installing: /home/ngy/micro_ros/install/lifecycle_msgs/share/lifecycle_msgs/cmake/lifecycle_msgsConfig-version.cmake
[26.090s] -- Installing: /home/ngy/micro_ros/install/lifecycle_msgs/share/lifecycle_msgs/package.xml
[26.104s] Invoked command in '/home/ngy/micro_ros/build/lifecycle_msgs' returned '0': CMAKE_PREFIX_PATH=${CMAKE_PREFIX_PATH}:/home/ngy/microros_ws/install/sensor_msgs_py:/opt/ros/foxy /usr/bin/cmake --install /home/ngy/micro_ros/build/lifecycle_msgs
