[0.025s] Invoking command in '/home/ngy/micro_ros/build/micro_ros_msgs': CMAKE_PREFIX_PATH=${CMAKE_PREFIX_PATH}:/home/ngy/micro_ros/install/sensor_msgs_py:/opt/ros/foxy /usr/bin/cmake --build /home/ngy/micro_ros/build/micro_ros_msgs -- -j12 -l12
[0.120s] [  1%] Built target micro_ros_msgs__cpp
[0.121s] [ 10%] Built target micro_ros_msgs__rosidl_generator_c
[0.166s] [ 18%] Built target micro_ros_msgs__rosidl_typesupport_introspection_cpp
[0.168s] [ 27%] Built target micro_ros_msgs__rosidl_typesupport_cpp
[0.168s] [ 35%] Built target micro_ros_msgs__rosidl_typesupport_microxrcedds_cpp
[0.173s] [ 44%] Built target micro_ros_msgs__rosidl_typesupport_fastrtps_cpp
[0.201s] [ 69%] Built target micro_ros_msgs__rosidl_typesupport_c
[0.201s] [ 69%] Built target micro_ros_msgs__rosidl_typesupport_microxrcedds_c
[0.201s] [ 69%] Built target micro_ros_msgs__rosidl_typesupport_introspection_c
[0.209s] [ 77%] Built target micro_ros_msgs__rosidl_typesupport_fastrtps_c
[0.237s] [ 77%] Built target micro_ros_msgs
[0.265s] [ 79%] Built target micro_ros_msgs__py
[0.299s] [ 86%] Built target micro_ros_msgs__python
[0.336s] [ 89%] Built target micro_ros_msgs__rosidl_typesupport_c__pyext
[0.339s] [ 93%] Built target micro_ros_msgs__rosidl_typesupport_introspection_c__pyext
[0.344s] [100%] Built target micro_ros_msgs__rosidl_typesupport_microxrcedds_c__pyext
[0.344s] [100%] Built target micro_ros_msgs__rosidl_typesupport_fastrtps_c__pyext
[0.358s] Invoked command in '/home/ngy/micro_ros/build/micro_ros_msgs' returned '0': CMAKE_PREFIX_PATH=${CMAKE_PREFIX_PATH}:/home/ngy/micro_ros/install/sensor_msgs_py:/opt/ros/foxy /usr/bin/cmake --build /home/ngy/micro_ros/build/micro_ros_msgs -- -j12 -l12
[0.538s] Invoking command in '/home/ngy/micro_ros/build/micro_ros_msgs': CMAKE_PREFIX_PATH=${CMAKE_PREFIX_PATH}:/home/ngy/micro_ros/install/sensor_msgs_py:/opt/ros/foxy /usr/bin/cmake --install /home/ngy/micro_ros/build/micro_ros_msgs
[0.547s] -- Install configuration: ""
[0.547s] -- Up-to-date: /home/ngy/micro_ros/install/micro_ros_msgs/share/ament_index/resource_index/rosidl_interfaces/micro_ros_msgs
[0.548s] -- Up-to-date: /home/ngy/micro_ros/install/micro_ros_msgs/include/micro_ros_msgs
[0.548s] -- Up-to-date: /home/ngy/micro_ros/install/micro_ros_msgs/include/micro_ros_msgs/msg
[0.548s] -- Up-to-date: /home/ngy/micro_ros/install/micro_ros_msgs/include/micro_ros_msgs/msg/node.h
[0.548s] -- Up-to-date: /home/ngy/micro_ros/install/micro_ros_msgs/include/micro_ros_msgs/msg/detail
[0.548s] -- Up-to-date: /home/ngy/micro_ros/install/micro_ros_msgs/include/micro_ros_msgs/msg/detail/entity__struct.h
[0.548s] -- Up-to-date: /home/ngy/micro_ros/install/micro_ros_msgs/include/micro_ros_msgs/msg/detail/node__functions.c
[0.548s] -- Up-to-date: /home/ngy/micro_ros/install/micro_ros_msgs/include/micro_ros_msgs/msg/detail/entity__functions.h
[0.549s] -- Up-to-date: /home/ngy/micro_ros/install/micro_ros_msgs/include/micro_ros_msgs/msg/detail/graph__type_support.h
[0.549s] -- Up-to-date: /home/ngy/micro_ros/install/micro_ros_msgs/include/micro_ros_msgs/msg/detail/node__functions.h
[0.549s] -- Up-to-date: /home/ngy/micro_ros/install/micro_ros_msgs/include/micro_ros_msgs/msg/detail/node__type_support.h
[0.549s] -- Up-to-date: /home/ngy/micro_ros/install/micro_ros_msgs/include/micro_ros_msgs/msg/detail/entity__type_support.h
[0.549s] -- Up-to-date: /home/ngy/micro_ros/install/micro_ros_msgs/include/micro_ros_msgs/msg/detail/graph__struct.h
[0.549s] -- Up-to-date: /home/ngy/micro_ros/install/micro_ros_msgs/include/micro_ros_msgs/msg/detail/graph__functions.c
[0.549s] -- Up-to-date: /home/ngy/micro_ros/install/micro_ros_msgs/include/micro_ros_msgs/msg/detail/node__struct.h
[0.549s] -- Up-to-date: /home/ngy/micro_ros/install/micro_ros_msgs/include/micro_ros_msgs/msg/detail/entity__functions.c
[0.549s] -- Up-to-date: /home/ngy/micro_ros/install/micro_ros_msgs/include/micro_ros_msgs/msg/detail/graph__functions.h
[0.549s] -- Up-to-date: /home/ngy/micro_ros/install/micro_ros_msgs/include/micro_ros_msgs/msg/entity.h
[0.549s] -- Up-to-date: /home/ngy/micro_ros/install/micro_ros_msgs/include/micro_ros_msgs/msg/graph.h
[0.549s] -- Up-to-date: /home/ngy/micro_ros/install/micro_ros_msgs/include/micro_ros_msgs/msg/rosidl_generator_c__visibility_control.h
[0.549s] -- Up-to-date: /home/ngy/micro_ros/install/micro_ros_msgs/share/micro_ros_msgs/environment/library_path.sh
[0.549s] -- Up-to-date: /home/ngy/micro_ros/install/micro_ros_msgs/share/micro_ros_msgs/environment/library_path.dsv
[0.549s] -- Up-to-date: /home/ngy/micro_ros/install/micro_ros_msgs/lib/libmicro_ros_msgs__rosidl_generator_c.so
[0.550s] -- Up-to-date: /home/ngy/micro_ros/install/micro_ros_msgs/include/micro_ros_msgs
[0.550s] -- Up-to-date: /home/ngy/micro_ros/install/micro_ros_msgs/include/micro_ros_msgs/msg
[0.550s] -- Up-to-date: /home/ngy/micro_ros/install/micro_ros_msgs/include/micro_ros_msgs/msg/detail
[0.550s] -- Up-to-date: /home/ngy/micro_ros/install/micro_ros_msgs/include/micro_ros_msgs/msg/detail/microxrcedds
[0.550s] -- Up-to-date: /home/ngy/micro_ros/install/micro_ros_msgs/include/micro_ros_msgs/msg/detail/node__rosidl_typesupport_microxrcedds_c.h
[0.550s] -- Up-to-date: /home/ngy/micro_ros/install/micro_ros_msgs/include/micro_ros_msgs/msg/detail/entity__rosidl_typesupport_microxrcedds_c.h
[0.550s] -- Up-to-date: /home/ngy/micro_ros/install/micro_ros_msgs/include/micro_ros_msgs/msg/detail/graph__rosidl_typesupport_microxrcedds_c.h
[0.550s] -- Up-to-date: /home/ngy/micro_ros/install/micro_ros_msgs/include/micro_ros_msgs/msg/rosidl_typesupport_microxrcedds_c__visibility_control.h
[0.550s] -- Up-to-date: /home/ngy/micro_ros/install/micro_ros_msgs/lib/libmicro_ros_msgs__rosidl_typesupport_microxrcedds_c.so
[0.551s] -- Up-to-date: /home/ngy/micro_ros/install/micro_ros_msgs/include/micro_ros_msgs
[0.551s] -- Up-to-date: /home/ngy/micro_ros/install/micro_ros_msgs/include/micro_ros_msgs/msg
[0.551s] -- Up-to-date: /home/ngy/micro_ros/install/micro_ros_msgs/include/micro_ros_msgs/msg/detail
[0.551s] -- Up-to-date: /home/ngy/micro_ros/install/micro_ros_msgs/include/micro_ros_msgs/msg/detail/entity__rosidl_typesupport_fastrtps_c.h
[0.551s] -- Up-to-date: /home/ngy/micro_ros/install/micro_ros_msgs/include/micro_ros_msgs/msg/detail/node__rosidl_typesupport_fastrtps_c.h
[0.551s] -- Up-to-date: /home/ngy/micro_ros/install/micro_ros_msgs/include/micro_ros_msgs/msg/detail/graph__rosidl_typesupport_fastrtps_c.h
[0.551s] -- Up-to-date: /home/ngy/micro_ros/install/micro_ros_msgs/include/micro_ros_msgs/msg/rosidl_typesupport_fastrtps_c__visibility_control.h
[0.551s] -- Up-to-date: /home/ngy/micro_ros/install/micro_ros_msgs/lib/libmicro_ros_msgs__rosidl_typesupport_fastrtps_c.so
[0.552s] -- Up-to-date: /home/ngy/micro_ros/install/micro_ros_msgs/include/micro_ros_msgs
[0.552s] -- Up-to-date: /home/ngy/micro_ros/install/micro_ros_msgs/include/micro_ros_msgs/msg
[0.552s] -- Up-to-date: /home/ngy/micro_ros/install/micro_ros_msgs/include/micro_ros_msgs/msg/rosidl_typesupport_fastrtps_cpp__visibility_control.h
[0.552s] -- Up-to-date: /home/ngy/micro_ros/install/micro_ros_msgs/include/micro_ros_msgs/msg/detail
[0.552s] -- Up-to-date: /home/ngy/micro_ros/install/micro_ros_msgs/include/micro_ros_msgs/msg/detail/node__rosidl_typesupport_fastrtps_cpp.hpp
[0.552s] -- Up-to-date: /home/ngy/micro_ros/install/micro_ros_msgs/include/micro_ros_msgs/msg/detail/graph__rosidl_typesupport_fastrtps_cpp.hpp
[0.552s] -- Up-to-date: /home/ngy/micro_ros/install/micro_ros_msgs/include/micro_ros_msgs/msg/detail/dds_fastrtps
[0.552s] -- Up-to-date: /home/ngy/micro_ros/install/micro_ros_msgs/include/micro_ros_msgs/msg/detail/entity__rosidl_typesupport_fastrtps_cpp.hpp
[0.552s] -- Up-to-date: /home/ngy/micro_ros/install/micro_ros_msgs/lib/libmicro_ros_msgs__rosidl_typesupport_fastrtps_cpp.so
[0.553s] -- Up-to-date: /home/ngy/micro_ros/install/micro_ros_msgs/include/micro_ros_msgs
[0.553s] -- Up-to-date: /home/ngy/micro_ros/install/micro_ros_msgs/include/micro_ros_msgs/msg
[0.553s] -- Up-to-date: /home/ngy/micro_ros/install/micro_ros_msgs/include/micro_ros_msgs/msg/rosidl_typesupport_introspection_c__visibility_control.h
[0.553s] -- Up-to-date: /home/ngy/micro_ros/install/micro_ros_msgs/include/micro_ros_msgs/msg/detail
[0.553s] -- Up-to-date: /home/ngy/micro_ros/install/micro_ros_msgs/include/micro_ros_msgs/msg/detail/node__rosidl_typesupport_introspection_c.h
[0.553s] -- Up-to-date: /home/ngy/micro_ros/install/micro_ros_msgs/include/micro_ros_msgs/msg/detail/entity__type_support.c
[0.553s] -- Up-to-date: /home/ngy/micro_ros/install/micro_ros_msgs/include/micro_ros_msgs/msg/detail/node__type_support.c
[0.553s] -- Up-to-date: /home/ngy/micro_ros/install/micro_ros_msgs/include/micro_ros_msgs/msg/detail/graph__rosidl_typesupport_introspection_c.h
[0.553s] -- Up-to-date: /home/ngy/micro_ros/install/micro_ros_msgs/include/micro_ros_msgs/msg/detail/graph__type_support.c
[0.553s] -- Up-to-date: /home/ngy/micro_ros/install/micro_ros_msgs/include/micro_ros_msgs/msg/detail/entity__rosidl_typesupport_introspection_c.h
[0.553s] -- Up-to-date: /home/ngy/micro_ros/install/micro_ros_msgs/lib/libmicro_ros_msgs__rosidl_typesupport_introspection_c.so
[0.554s] -- Up-to-date: /home/ngy/micro_ros/install/micro_ros_msgs/lib/libmicro_ros_msgs__rosidl_typesupport_c.so
[0.554s] -- Up-to-date: /home/ngy/micro_ros/install/micro_ros_msgs/include/micro_ros_msgs
[0.554s] -- Up-to-date: /home/ngy/micro_ros/install/micro_ros_msgs/include/micro_ros_msgs/msg
[0.554s] -- Up-to-date: /home/ngy/micro_ros/install/micro_ros_msgs/include/micro_ros_msgs/msg/node.hpp
[0.554s] -- Up-to-date: /home/ngy/micro_ros/install/micro_ros_msgs/include/micro_ros_msgs/msg/graph.hpp
[0.555s] -- Up-to-date: /home/ngy/micro_ros/install/micro_ros_msgs/include/micro_ros_msgs/msg/detail
[0.555s] -- Up-to-date: /home/ngy/micro_ros/install/micro_ros_msgs/include/micro_ros_msgs/msg/detail/entity__struct.hpp
[0.555s] -- Up-to-date: /home/ngy/micro_ros/install/micro_ros_msgs/include/micro_ros_msgs/msg/detail/entity__builder.hpp
[0.555s] -- Up-to-date: /home/ngy/micro_ros/install/micro_ros_msgs/include/micro_ros_msgs/msg/detail/node__traits.hpp
[0.555s] -- Up-to-date: /home/ngy/micro_ros/install/micro_ros_msgs/include/micro_ros_msgs/msg/detail/node__struct.hpp
[0.555s] -- Up-to-date: /home/ngy/micro_ros/install/micro_ros_msgs/include/micro_ros_msgs/msg/detail/graph__struct.hpp
[0.555s] -- Up-to-date: /home/ngy/micro_ros/install/micro_ros_msgs/include/micro_ros_msgs/msg/detail/graph__builder.hpp
[0.555s] -- Up-to-date: /home/ngy/micro_ros/install/micro_ros_msgs/include/micro_ros_msgs/msg/detail/graph__traits.hpp
[0.555s] -- Up-to-date: /home/ngy/micro_ros/install/micro_ros_msgs/include/micro_ros_msgs/msg/detail/node__builder.hpp
[0.555s] -- Up-to-date: /home/ngy/micro_ros/install/micro_ros_msgs/include/micro_ros_msgs/msg/detail/entity__traits.hpp
[0.555s] -- Up-to-date: /home/ngy/micro_ros/install/micro_ros_msgs/include/micro_ros_msgs/msg/entity.hpp
[0.555s] -- Up-to-date: /home/ngy/micro_ros/install/micro_ros_msgs/include/micro_ros_msgs
[0.555s] -- Up-to-date: /home/ngy/micro_ros/install/micro_ros_msgs/include/micro_ros_msgs/msg
[0.555s] -- Up-to-date: /home/ngy/micro_ros/install/micro_ros_msgs/include/micro_ros_msgs/msg/detail
[0.555s] -- Up-to-date: /home/ngy/micro_ros/install/micro_ros_msgs/include/micro_ros_msgs/msg/detail/microxrcedds
[0.556s] -- Up-to-date: /home/ngy/micro_ros/install/micro_ros_msgs/include/micro_ros_msgs/msg/detail/microxrcedds/node__type_support_cpp.cpp
[0.556s] -- Up-to-date: /home/ngy/micro_ros/install/micro_ros_msgs/include/micro_ros_msgs/msg/detail/microxrcedds/graph__type_support_cpp.cpp
[0.556s] -- Up-to-date: /home/ngy/micro_ros/install/micro_ros_msgs/include/micro_ros_msgs/msg/detail/microxrcedds/entity__type_support_cpp.cpp
[0.556s] -- Up-to-date: /home/ngy/micro_ros/install/micro_ros_msgs/include/micro_ros_msgs/msg/detail/graph__rosidl_typesupport_microxrcedds_cpp.hpp
[0.556s] -- Up-to-date: /home/ngy/micro_ros/install/micro_ros_msgs/include/micro_ros_msgs/msg/detail/entity__rosidl_typesupport_microxrcedds_cpp.hpp
[0.556s] -- Up-to-date: /home/ngy/micro_ros/install/micro_ros_msgs/include/micro_ros_msgs/msg/detail/node__rosidl_typesupport_microxrcedds_cpp.hpp
[0.556s] -- Up-to-date: /home/ngy/micro_ros/install/micro_ros_msgs/include/micro_ros_msgs/msg/rosidl_typesupport_microxrcedds_cpp__visibility_control.h
[0.556s] -- Up-to-date: /home/ngy/micro_ros/install/micro_ros_msgs/lib/libmicro_ros_msgs__rosidl_typesupport_microxrcedds_cpp.so
[0.556s] -- Up-to-date: /home/ngy/micro_ros/install/micro_ros_msgs/include/micro_ros_msgs
[0.556s] -- Up-to-date: /home/ngy/micro_ros/install/micro_ros_msgs/include/micro_ros_msgs/msg
[0.556s] -- Up-to-date: /home/ngy/micro_ros/install/micro_ros_msgs/include/micro_ros_msgs/msg/detail
[0.556s] -- Up-to-date: /home/ngy/micro_ros/install/micro_ros_msgs/include/micro_ros_msgs/msg/detail/node__type_support.cpp
[0.556s] -- Up-to-date: /home/ngy/micro_ros/install/micro_ros_msgs/include/micro_ros_msgs/msg/detail/entity__type_support.cpp
[0.556s] -- Up-to-date: /home/ngy/micro_ros/install/micro_ros_msgs/include/micro_ros_msgs/msg/detail/node__rosidl_typesupport_introspection_cpp.hpp
[0.556s] -- Up-to-date: /home/ngy/micro_ros/install/micro_ros_msgs/include/micro_ros_msgs/msg/detail/graph__type_support.cpp
[0.556s] -- Up-to-date: /home/ngy/micro_ros/install/micro_ros_msgs/include/micro_ros_msgs/msg/detail/graph__rosidl_typesupport_introspection_cpp.hpp
[0.557s] -- Up-to-date: /home/ngy/micro_ros/install/micro_ros_msgs/include/micro_ros_msgs/msg/detail/entity__rosidl_typesupport_introspection_cpp.hpp
[0.557s] -- Up-to-date: /home/ngy/micro_ros/install/micro_ros_msgs/lib/libmicro_ros_msgs__rosidl_typesupport_introspection_cpp.so
[0.557s] -- Up-to-date: /home/ngy/micro_ros/install/micro_ros_msgs/lib/libmicro_ros_msgs__rosidl_typesupport_cpp.so
[0.557s] -- Up-to-date: /home/ngy/micro_ros/install/micro_ros_msgs/share/micro_ros_msgs/environment/pythonpath.sh
[0.558s] -- Up-to-date: /home/ngy/micro_ros/install/micro_ros_msgs/share/micro_ros_msgs/environment/pythonpath.dsv
[0.558s] -- Up-to-date: /home/ngy/micro_ros/install/micro_ros_msgs/lib/python3.8/site-packages/micro_ros_msgs/__init__.py
[0.598s] -- Up-to-date: /home/ngy/micro_ros/install/micro_ros_msgs/lib/python3.8/site-packages/micro_ros_msgs/msg
[0.598s] -- Up-to-date: /home/ngy/micro_ros/install/micro_ros_msgs/lib/python3.8/site-packages/micro_ros_msgs/msg/_graph_s.c
[0.598s] -- Up-to-date: /home/ngy/micro_ros/install/micro_ros_msgs/lib/python3.8/site-packages/micro_ros_msgs/msg/_node.py
[0.599s] -- Up-to-date: /home/ngy/micro_ros/install/micro_ros_msgs/lib/python3.8/site-packages/micro_ros_msgs/msg/_entity.py
[0.599s] -- Up-to-date: /home/ngy/micro_ros/install/micro_ros_msgs/lib/python3.8/site-packages/micro_ros_msgs/msg/__init__.py
[0.600s] -- Up-to-date: /home/ngy/micro_ros/install/micro_ros_msgs/lib/python3.8/site-packages/micro_ros_msgs/msg/_graph.py
[0.600s] -- Up-to-date: /home/ngy/micro_ros/install/micro_ros_msgs/lib/python3.8/site-packages/micro_ros_msgs/msg/_entity_s.c
[0.600s] -- Up-to-date: /home/ngy/micro_ros/install/micro_ros_msgs/lib/python3.8/site-packages/micro_ros_msgs/msg/_node_s.c
[0.600s] -- Up-to-date: /home/ngy/micro_ros/install/micro_ros_msgs/lib/python3.8/site-packages/micro_ros_msgs/micro_ros_msgs_s__rosidl_typesupport_microxrcedds_c.cpython-38-x86_64-linux-gnu.so
[0.600s] -- Up-to-date: /home/ngy/micro_ros/install/micro_ros_msgs/lib/python3.8/site-packages/micro_ros_msgs/micro_ros_msgs_s__rosidl_typesupport_fastrtps_c.cpython-38-x86_64-linux-gnu.so
[0.600s] -- Up-to-date: /home/ngy/micro_ros/install/micro_ros_msgs/lib/python3.8/site-packages/micro_ros_msgs/micro_ros_msgs_s__rosidl_typesupport_introspection_c.cpython-38-x86_64-linux-gnu.so
[0.601s] -- Up-to-date: /home/ngy/micro_ros/install/micro_ros_msgs/lib/python3.8/site-packages/micro_ros_msgs/micro_ros_msgs_s__rosidl_typesupport_c.cpython-38-x86_64-linux-gnu.so
[0.602s] -- Up-to-date: /home/ngy/micro_ros/install/micro_ros_msgs/lib/libmicro_ros_msgs__python.so
[0.604s] -- Up-to-date: /home/ngy/micro_ros/install/micro_ros_msgs/share/micro_ros_msgs/msg/Graph.idl
[0.604s] -- Up-to-date: /home/ngy/micro_ros/install/micro_ros_msgs/share/micro_ros_msgs/msg/Node.idl
[0.604s] -- Up-to-date: /home/ngy/micro_ros/install/micro_ros_msgs/share/micro_ros_msgs/msg/Entity.idl
[0.604s] -- Up-to-date: /home/ngy/micro_ros/install/micro_ros_msgs/share/micro_ros_msgs/msg/Graph.msg
[0.604s] -- Up-to-date: /home/ngy/micro_ros/install/micro_ros_msgs/share/micro_ros_msgs/msg/Node.msg
[0.604s] -- Up-to-date: /home/ngy/micro_ros/install/micro_ros_msgs/share/micro_ros_msgs/msg/Entity.msg
[0.604s] -- Up-to-date: /home/ngy/micro_ros/install/micro_ros_msgs/share/ament_index/resource_index/package_run_dependencies/micro_ros_msgs
[0.604s] -- Up-to-date: /home/ngy/micro_ros/install/micro_ros_msgs/share/ament_index/resource_index/parent_prefix_path/micro_ros_msgs
[0.604s] -- Up-to-date: /home/ngy/micro_ros/install/micro_ros_msgs/share/micro_ros_msgs/environment/ament_prefix_path.sh
[0.605s] -- Up-to-date: /home/ngy/micro_ros/install/micro_ros_msgs/share/micro_ros_msgs/environment/ament_prefix_path.dsv
[0.605s] -- Up-to-date: /home/ngy/micro_ros/install/micro_ros_msgs/share/micro_ros_msgs/environment/path.sh
[0.605s] -- Up-to-date: /home/ngy/micro_ros/install/micro_ros_msgs/share/micro_ros_msgs/environment/path.dsv
[0.605s] -- Up-to-date: /home/ngy/micro_ros/install/micro_ros_msgs/share/micro_ros_msgs/local_setup.bash
[0.605s] -- Up-to-date: /home/ngy/micro_ros/install/micro_ros_msgs/share/micro_ros_msgs/local_setup.sh
[0.605s] -- Up-to-date: /home/ngy/micro_ros/install/micro_ros_msgs/share/micro_ros_msgs/local_setup.zsh
[0.605s] -- Up-to-date: /home/ngy/micro_ros/install/micro_ros_msgs/share/micro_ros_msgs/local_setup.dsv
[0.605s] -- Installing: /home/ngy/micro_ros/install/micro_ros_msgs/share/micro_ros_msgs/package.dsv
[0.605s] -- Up-to-date: /home/ngy/micro_ros/install/micro_ros_msgs/share/ament_index/resource_index/packages/micro_ros_msgs
[0.606s] -- Up-to-date: /home/ngy/micro_ros/install/micro_ros_msgs/share/micro_ros_msgs/cmake/micro_ros_msgs__rosidl_generator_cExport.cmake
[0.606s] -- Up-to-date: /home/ngy/micro_ros/install/micro_ros_msgs/share/micro_ros_msgs/cmake/micro_ros_msgs__rosidl_generator_cExport-noconfig.cmake
[0.606s] -- Up-to-date: /home/ngy/micro_ros/install/micro_ros_msgs/share/micro_ros_msgs/cmake/micro_ros_msgs__rosidl_typesupport_introspection_cExport.cmake
[0.606s] -- Up-to-date: /home/ngy/micro_ros/install/micro_ros_msgs/share/micro_ros_msgs/cmake/micro_ros_msgs__rosidl_typesupport_introspection_cExport-noconfig.cmake
[0.607s] -- Up-to-date: /home/ngy/micro_ros/install/micro_ros_msgs/share/micro_ros_msgs/cmake/micro_ros_msgs__rosidl_typesupport_cExport.cmake
[0.607s] -- Up-to-date: /home/ngy/micro_ros/install/micro_ros_msgs/share/micro_ros_msgs/cmake/micro_ros_msgs__rosidl_typesupport_cExport-noconfig.cmake
[0.607s] -- Up-to-date: /home/ngy/micro_ros/install/micro_ros_msgs/share/micro_ros_msgs/cmake/micro_ros_msgs__rosidl_generator_cppExport.cmake
[0.607s] -- Up-to-date: /home/ngy/micro_ros/install/micro_ros_msgs/share/micro_ros_msgs/cmake/micro_ros_msgs__rosidl_typesupport_introspection_cppExport.cmake
[0.608s] -- Up-to-date: /home/ngy/micro_ros/install/micro_ros_msgs/share/micro_ros_msgs/cmake/micro_ros_msgs__rosidl_typesupport_introspection_cppExport-noconfig.cmake
[0.608s] -- Up-to-date: /home/ngy/micro_ros/install/micro_ros_msgs/share/micro_ros_msgs/cmake/micro_ros_msgs__rosidl_typesupport_cppExport.cmake
[0.609s] -- Up-to-date: /home/ngy/micro_ros/install/micro_ros_msgs/share/micro_ros_msgs/cmake/micro_ros_msgs__rosidl_typesupport_cppExport-noconfig.cmake
[0.609s] -- Up-to-date: /home/ngy/micro_ros/install/micro_ros_msgs/share/micro_ros_msgs/cmake/rosidl_cmake-extras.cmake
[0.609s] -- Up-to-date: /home/ngy/micro_ros/install/micro_ros_msgs/share/micro_ros_msgs/cmake/ament_cmake_export_dependencies-extras.cmake
[0.609s] -- Up-to-date: /home/ngy/micro_ros/install/micro_ros_msgs/share/micro_ros_msgs/cmake/ament_cmake_export_libraries-extras.cmake
[0.609s] -- Up-to-date: /home/ngy/micro_ros/install/micro_ros_msgs/share/micro_ros_msgs/cmake/ament_cmake_export_targets-extras.cmake
[0.609s] -- Up-to-date: /home/ngy/micro_ros/install/micro_ros_msgs/share/micro_ros_msgs/cmake/ament_cmake_export_include_directories-extras.cmake
[0.609s] -- Up-to-date: /home/ngy/micro_ros/install/micro_ros_msgs/share/micro_ros_msgs/cmake/rosidl_cmake_export_typesupport_libraries-extras.cmake
[0.609s] -- Up-to-date: /home/ngy/micro_ros/install/micro_ros_msgs/share/micro_ros_msgs/cmake/rosidl_cmake_export_typesupport_targets-extras.cmake
[0.609s] -- Up-to-date: /home/ngy/micro_ros/install/micro_ros_msgs/share/micro_ros_msgs/cmake/micro_ros_msgsConfig.cmake
[0.610s] -- Up-to-date: /home/ngy/micro_ros/install/micro_ros_msgs/share/micro_ros_msgs/cmake/micro_ros_msgsConfig-version.cmake
[0.610s] -- Up-to-date: /home/ngy/micro_ros/install/micro_ros_msgs/share/micro_ros_msgs/package.xml
[0.633s] Invoked command in '/home/ngy/micro_ros/build/micro_ros_msgs' returned '0': CMAKE_PREFIX_PATH=${CMAKE_PREFIX_PATH}:/home/ngy/micro_ros/install/sensor_msgs_py:/opt/ros/foxy /usr/bin/cmake --install /home/ngy/micro_ros/build/micro_ros_msgs
