[0.072s] Invoking command in '/home/ngy/micro_ros/build/shape_msgs': AMENT_PREFIX_PATH=/home/ngy/micro_ros/install/geometry_msgs:/home/ngy/micro_ros/install/std_msgs:/home/ngy/micro_ros/install/builtin_interfaces:${AMENT_PREFIX_PATH} CMAKE_PREFIX_PATH=/home/ngy/micro_ros/install/geometry_msgs:/home/ngy/micro_ros/install/std_msgs:/home/ngy/micro_ros/install/builtin_interfaces:/home/ngy/micro_ros/install/rosidl_typesupport_microxrcedds_cpp:/home/ngy/micro_ros/install/rosidl_typesupport_microxrcedds_c:/home/ngy/micro_ros/install/microcdr:/home/ngy/micro_ros/install/micro_ros_msgs:/home/ngy/micro_ros/install/micro_ros_setup:/home/ngy/microros_ws/install/micro_ros_agent:/home/ngy/microros_ws/install/common_interfaces:/home/ngy/microros_ws/install/visualization_msgs:/home/ngy/microros_ws/install/test_msgs:/home/ngy/microros_ws/install/micro_ros_demos_rclc:/home/ngy/microros_ws/install/example_interfaces:/home/ngy/microros_ws/install/action_msgs:/home/ngy/microros_ws/install/unique_identifier_msgs:/home/ngy/microros_ws/install/trajectory_msgs:/home/ngy/microros_ws/install/stereo_msgs:/home/ngy/microros_ws/install/std_srvs:/home/ngy/microros_ws/install/shape_msgs:/home/ngy/microros_ws/install/sensor_msgs:/home/ngy/microros_ws/install/nav_msgs:/home/ngy/microros_ws/install/diagnostic_msgs:/home/ngy/microros_ws/install/geometry_msgs:/home/ngy/microros_ws/install/actionlib_msgs:/home/ngy/microros_ws/install/std_msgs:/home/ngy/microros_ws/install/statistics_msgs:/home/ngy/microros_ws/install/rosidl_typesupport_microxrcedds_test_msg:/home/ngy/microros_ws/install/rosidl_typesupport_microxrcedds_cpp_tests:/home/ngy/microros_ws/install/rmw_microxrcedds:/home/ngy/microros_ws/install/rosidl_typesupport_microxrcedds_cpp:/home/ngy/microros_ws/install/rosidl_typesupport_microxrcedds_c_tests:/home/ngy/microros_ws/install/rosidl_typesupport_microxrcedds_c:/home/ngy/microros_ws/install/rosgraph_msgs:/home/ngy/microros_ws/install/rclc_parameter:/home/ngy/microros_ws/install/rclc:/home/ngy/microros_ws/install/composition_interfaces:/home/ngy/microros_ws/install/rcl_interfaces:/home/ngy/microros_ws/install/microxrcedds_client:/home/ngy/microros_ws/install/microcdr:/home/ngy/microros_ws/install/micro_ros_msgs:/home/ngy/microros_ws/install/micro_ros_demos_rclcpp:/home/ngy/microros_ws/install/lifecycle_msgs:/home/ngy/microros_ws/install/complex_msgs:/home/ngy/microros_ws/install/builtin_interfaces:/home/ngy/microros_ws/install/micro_ros_setup:/home/ngy/microros_ws/install/sensor_msgs_py:/opt/ros/foxy LD_LIBRARY_PATH=/home/ngy/micro_ros/install/geometry_msgs/lib:/home/ngy/micro_ros/install/std_msgs/lib:/home/ngy/micro_ros/install/builtin_interfaces/lib:${LD_LIBRARY_PATH} PYTHONPATH=/home/ngy/micro_ros/install/geometry_msgs/lib/python3.8/site-packages:/home/ngy/micro_ros/install/std_msgs/lib/python3.8/site-packages:/home/ngy/micro_ros/install/builtin_interfaces/lib/python3.8/site-packages:${PYTHONPATH} /usr/bin/cmake /home/ngy/micro_ros/src/ros2/common_interfaces/shape_msgs -DBUILD_TESTING=OFF -DBUILD_SHARED_LIBS=ON -DCMAKE_INSTALL_PREFIX=/home/ngy/micro_ros/install/shape_msgs
[0.178s] -- The C compiler identification is GNU 9.4.0
[0.294s] -- The CXX compiler identification is GNU 9.4.0
[0.309s] -- Check for working C compiler: /usr/bin/cc
[0.454s] -- Check for working C compiler: /usr/bin/cc -- works
[0.457s] -- Detecting C compiler ABI info
[0.605s] -- Detecting C compiler ABI info - done
[0.633s] -- Detecting C compile features
[0.633s] -- Detecting C compile features - done
[0.637s] -- Check for working CXX compiler: /usr/bin/c++
[0.804s] -- Check for working CXX compiler: /usr/bin/c++ -- works
[0.807s] -- Detecting CXX compiler ABI info
[0.969s] -- Detecting CXX compiler ABI info - done
[1.030s] -- Detecting CXX compile features
[1.032s] -- Detecting CXX compile features - done
[1.050s] -- Found ament_cmake: 0.9.11 (/opt/ros/foxy/share/ament_cmake/cmake)
[1.133s] -- Found PythonInterp: /usr/bin/python3 (found suitable version "3.8.10", minimum required is "3") 
[1.133s] -- Using PYTHON_EXECUTABLE: /usr/bin/python3
[1.629s] -- Found geometry_msgs: 2.0.5 (/home/ngy/micro_ros/install/geometry_msgs/share/geometry_msgs/cmake)
[1.694s] -- Using all available rosidl_typesupport_c: rosidl_typesupport_microxrcedds_c;rosidl_typesupport_fastrtps_c;rosidl_typesupport_introspection_c
[1.709s] -- Found rosidl_adapter: 1.3.0 (/opt/ros/foxy/share/rosidl_adapter/cmake)
[1.937s] -- Found OpenSSL: /usr/lib/x86_64-linux-gnu/libcrypto.so (found version "1.1.1f")  
[2.008s] -- Found FastRTPS: /opt/ros/foxy/include  
[2.168s] -- Using all available rosidl_typesupport_cpp: rosidl_typesupport_microxrcedds_cpp;rosidl_typesupport_fastrtps_cpp;rosidl_typesupport_introspection_cpp
[2.360s] -- Found rosidl_default_generators: 1.0.1 (/opt/ros/foxy/share/rosidl_default_generators/cmake)
[2.468s] -- Found PythonInterp: /usr/bin/python3 (found version "3.8.10") 
[2.877s] -- Found ament_cmake_ros: 0.9.2 (/opt/ros/foxy/share/ament_cmake_ros/cmake)
[3.359s] -- Using all available rosidl_typesupport_c: rosidl_typesupport_microxrcedds_c;rosidl_typesupport_fastrtps_c;rosidl_typesupport_introspection_c
[3.576s] -- Using all available rosidl_typesupport_cpp: rosidl_typesupport_microxrcedds_cpp;rosidl_typesupport_fastrtps_cpp;rosidl_typesupport_introspection_cpp
[3.622s] -- Found PythonInterp: /usr/bin/python3 (found suitable version "3.8.10", minimum required is "3.5") 
[3.626s] -- Found python_cmake_module: 0.8.1 (/opt/ros/foxy/share/python_cmake_module/cmake)
[3.677s] -- Found PythonLibs: /usr/lib/x86_64-linux-gnu/libpython3.8.so (found suitable version "3.8.10", minimum required is "3.5") 
[3.677s] -- Using PYTHON_EXECUTABLE: /usr/bin/python3
[3.677s] -- Using PYTHON_INCLUDE_DIRS: /usr/include/python3.8
[3.678s] -- Using PYTHON_LIBRARIES: /usr/lib/x86_64-linux-gnu/libpython3.8.so
[3.727s] -- Found PythonExtra: .so  
[4.001s] -- Configuring done
[4.191s] -- Generating done
[4.191s] -- Build files have been written to: /home/ngy/micro_ros/build/shape_msgs
[4.205s] Invoked command in '/home/ngy/micro_ros/build/shape_msgs' returned '0': AMENT_PREFIX_PATH=/home/ngy/micro_ros/install/geometry_msgs:/home/ngy/micro_ros/install/std_msgs:/home/ngy/micro_ros/install/builtin_interfaces:${AMENT_PREFIX_PATH} CMAKE_PREFIX_PATH=/home/ngy/micro_ros/install/geometry_msgs:/home/ngy/micro_ros/install/std_msgs:/home/ngy/micro_ros/install/builtin_interfaces:/home/ngy/micro_ros/install/rosidl_typesupport_microxrcedds_cpp:/home/ngy/micro_ros/install/rosidl_typesupport_microxrcedds_c:/home/ngy/micro_ros/install/microcdr:/home/ngy/micro_ros/install/micro_ros_msgs:/home/ngy/micro_ros/install/micro_ros_setup:/home/ngy/microros_ws/install/micro_ros_agent:/home/ngy/microros_ws/install/common_interfaces:/home/ngy/microros_ws/install/visualization_msgs:/home/ngy/microros_ws/install/test_msgs:/home/ngy/microros_ws/install/micro_ros_demos_rclc:/home/ngy/microros_ws/install/example_interfaces:/home/ngy/microros_ws/install/action_msgs:/home/ngy/microros_ws/install/unique_identifier_msgs:/home/ngy/microros_ws/install/trajectory_msgs:/home/ngy/microros_ws/install/stereo_msgs:/home/ngy/microros_ws/install/std_srvs:/home/ngy/microros_ws/install/shape_msgs:/home/ngy/microros_ws/install/sensor_msgs:/home/ngy/microros_ws/install/nav_msgs:/home/ngy/microros_ws/install/diagnostic_msgs:/home/ngy/microros_ws/install/geometry_msgs:/home/ngy/microros_ws/install/actionlib_msgs:/home/ngy/microros_ws/install/std_msgs:/home/ngy/microros_ws/install/statistics_msgs:/home/ngy/microros_ws/install/rosidl_typesupport_microxrcedds_test_msg:/home/ngy/microros_ws/install/rosidl_typesupport_microxrcedds_cpp_tests:/home/ngy/microros_ws/install/rmw_microxrcedds:/home/ngy/microros_ws/install/rosidl_typesupport_microxrcedds_cpp:/home/ngy/microros_ws/install/rosidl_typesupport_microxrcedds_c_tests:/home/ngy/microros_ws/install/rosidl_typesupport_microxrcedds_c:/home/ngy/microros_ws/install/rosgraph_msgs:/home/ngy/microros_ws/install/rclc_parameter:/home/ngy/microros_ws/install/rclc:/home/ngy/microros_ws/install/composition_interfaces:/home/ngy/microros_ws/install/rcl_interfaces:/home/ngy/microros_ws/install/microxrcedds_client:/home/ngy/microros_ws/install/microcdr:/home/ngy/microros_ws/install/micro_ros_msgs:/home/ngy/microros_ws/install/micro_ros_demos_rclcpp:/home/ngy/microros_ws/install/lifecycle_msgs:/home/ngy/microros_ws/install/complex_msgs:/home/ngy/microros_ws/install/builtin_interfaces:/home/ngy/microros_ws/install/micro_ros_setup:/home/ngy/microros_ws/install/sensor_msgs_py:/opt/ros/foxy LD_LIBRARY_PATH=/home/ngy/micro_ros/install/geometry_msgs/lib:/home/ngy/micro_ros/install/std_msgs/lib:/home/ngy/micro_ros/install/builtin_interfaces/lib:${LD_LIBRARY_PATH} PYTHONPATH=/home/ngy/micro_ros/install/geometry_msgs/lib/python3.8/site-packages:/home/ngy/micro_ros/install/std_msgs/lib/python3.8/site-packages:/home/ngy/micro_ros/install/builtin_interfaces/lib/python3.8/site-packages:${PYTHONPATH} /usr/bin/cmake /home/ngy/micro_ros/src/ros2/common_interfaces/shape_msgs -DBUILD_TESTING=OFF -DBUILD_SHARED_LIBS=ON -DCMAKE_INSTALL_PREFIX=/home/ngy/micro_ros/install/shape_msgs
[4.211s] Invoking command in '/home/ngy/micro_ros/build/shape_msgs': AMENT_PREFIX_PATH=/home/ngy/micro_ros/install/geometry_msgs:/home/ngy/micro_ros/install/std_msgs:/home/ngy/micro_ros/install/builtin_interfaces:${AMENT_PREFIX_PATH} CMAKE_PREFIX_PATH=/home/ngy/micro_ros/install/geometry_msgs:/home/ngy/micro_ros/install/std_msgs:/home/ngy/micro_ros/install/builtin_interfaces:/home/ngy/micro_ros/install/rosidl_typesupport_microxrcedds_cpp:/home/ngy/micro_ros/install/rosidl_typesupport_microxrcedds_c:/home/ngy/micro_ros/install/microcdr:/home/ngy/micro_ros/install/micro_ros_msgs:/home/ngy/micro_ros/install/micro_ros_setup:/home/ngy/microros_ws/install/micro_ros_agent:/home/ngy/microros_ws/install/common_interfaces:/home/ngy/microros_ws/install/visualization_msgs:/home/ngy/microros_ws/install/test_msgs:/home/ngy/microros_ws/install/micro_ros_demos_rclc:/home/ngy/microros_ws/install/example_interfaces:/home/ngy/microros_ws/install/action_msgs:/home/ngy/microros_ws/install/unique_identifier_msgs:/home/ngy/microros_ws/install/trajectory_msgs:/home/ngy/microros_ws/install/stereo_msgs:/home/ngy/microros_ws/install/std_srvs:/home/ngy/microros_ws/install/shape_msgs:/home/ngy/microros_ws/install/sensor_msgs:/home/ngy/microros_ws/install/nav_msgs:/home/ngy/microros_ws/install/diagnostic_msgs:/home/ngy/microros_ws/install/geometry_msgs:/home/ngy/microros_ws/install/actionlib_msgs:/home/ngy/microros_ws/install/std_msgs:/home/ngy/microros_ws/install/statistics_msgs:/home/ngy/microros_ws/install/rosidl_typesupport_microxrcedds_test_msg:/home/ngy/microros_ws/install/rosidl_typesupport_microxrcedds_cpp_tests:/home/ngy/microros_ws/install/rmw_microxrcedds:/home/ngy/microros_ws/install/rosidl_typesupport_microxrcedds_cpp:/home/ngy/microros_ws/install/rosidl_typesupport_microxrcedds_c_tests:/home/ngy/microros_ws/install/rosidl_typesupport_microxrcedds_c:/home/ngy/microros_ws/install/rosgraph_msgs:/home/ngy/microros_ws/install/rclc_parameter:/home/ngy/microros_ws/install/rclc:/home/ngy/microros_ws/install/composition_interfaces:/home/ngy/microros_ws/install/rcl_interfaces:/home/ngy/microros_ws/install/microxrcedds_client:/home/ngy/microros_ws/install/microcdr:/home/ngy/microros_ws/install/micro_ros_msgs:/home/ngy/microros_ws/install/micro_ros_demos_rclcpp:/home/ngy/microros_ws/install/lifecycle_msgs:/home/ngy/microros_ws/install/complex_msgs:/home/ngy/microros_ws/install/builtin_interfaces:/home/ngy/microros_ws/install/micro_ros_setup:/home/ngy/microros_ws/install/sensor_msgs_py:/opt/ros/foxy LD_LIBRARY_PATH=/home/ngy/micro_ros/install/geometry_msgs/lib:/home/ngy/micro_ros/install/std_msgs/lib:/home/ngy/micro_ros/install/builtin_interfaces/lib:${LD_LIBRARY_PATH} PYTHONPATH=/home/ngy/micro_ros/install/geometry_msgs/lib/python3.8/site-packages:/home/ngy/micro_ros/install/std_msgs/lib/python3.8/site-packages:/home/ngy/micro_ros/install/builtin_interfaces/lib/python3.8/site-packages:${PYTHONPATH} /usr/bin/cmake --build /home/ngy/micro_ros/build/shape_msgs -- -j12 -l12
[4.321s] [  1%] [34m[1mGenerating C code for ROS interfaces[0m
[4.325s] [35m[1mScanning dependencies of target shape_msgs__cpp[0m
[4.332s] [  2%] [34m[1mGenerating C++ code for ROS interfaces[0m
[6.635s] [  2%] Built target shape_msgs__cpp
[6.703s] [  4%] [34m[1mGenerating C++ introspection for ROS interfaces[0m
[6.704s] [  5%] [34m[1mGenerating C++ type support for eProsima Micro XRCE-DDS[0m
[6.743s] [  7%] [34m[1mGenerating C++ type support dispatch for ROS interfaces[0m
[6.765s] [  8%] [34m[1mGenerating C++ type support for eProsima Fast-RTPS[0m
[6.987s] [35m[1mScanning dependencies of target shape_msgs__rosidl_generator_c[0m
[7.110s] [ 10%] [32mBuilding C object CMakeFiles/shape_msgs__rosidl_generator_c.dir/rosidl_generator_c/shape_msgs/msg/detail/plane__functions.c.o[0m
[7.123s] [ 11%] [32mBuilding C object CMakeFiles/shape_msgs__rosidl_generator_c.dir/rosidl_generator_c/shape_msgs/msg/detail/mesh_triangle__functions.c.o[0m
[7.132s] [ 13%] [32mBuilding C object CMakeFiles/shape_msgs__rosidl_generator_c.dir/rosidl_generator_c/shape_msgs/msg/detail/mesh__functions.c.o[0m
[7.191s] [ 14%] [32mBuilding C object CMakeFiles/shape_msgs__rosidl_generator_c.dir/rosidl_generator_c/shape_msgs/msg/detail/solid_primitive__functions.c.o[0m
[7.722s] [ 15%] [32m[1mLinking C shared library libshape_msgs__rosidl_generator_c.so[0m
[8.182s] [ 15%] Built target shape_msgs__rosidl_generator_c
[10.006s] [35m[1mScanning dependencies of target shape_msgs__rosidl_typesupport_cpp[0m
[10.094s] [ 17%] [32mBuilding CXX object CMakeFiles/shape_msgs__rosidl_typesupport_cpp.dir/rosidl_typesupport_cpp/shape_msgs/msg/mesh__type_support.cpp.o[0m
[10.136s] [35m[1mScanning dependencies of target shape_msgs__rosidl_typesupport_fastrtps_cpp[0m
[10.270s] [ 18%] [32mBuilding CXX object CMakeFiles/shape_msgs__rosidl_typesupport_fastrtps_cpp.dir/rosidl_typesupport_fastrtps_cpp/shape_msgs/msg/detail/dds_fastrtps/mesh__type_support.cpp.o[0m
[10.407s] [35m[1mScanning dependencies of target shape_msgs__rosidl_typesupport_introspection_cpp[0m
[10.497s] [ 20%] [32mBuilding CXX object CMakeFiles/shape_msgs__rosidl_typesupport_introspection_cpp.dir/rosidl_typesupport_introspection_cpp/shape_msgs/msg/detail/mesh__type_support.cpp.o[0m
[10.829s] [35m[1mScanning dependencies of target shape_msgs__rosidl_typesupport_microxrcedds_cpp[0m
[10.913s] [ 21%] [32mBuilding CXX object CMakeFiles/shape_msgs__rosidl_typesupport_microxrcedds_cpp.dir/rosidl_typesupport_microxrcedds_cpp/shape_msgs/msg/detail/microxrcedds/mesh__type_support_cpp.cpp.o[0m
[11.724s] [ 23%] [32mBuilding CXX object CMakeFiles/shape_msgs__rosidl_typesupport_cpp.dir/rosidl_typesupport_cpp/shape_msgs/msg/solid_primitive__type_support.cpp.o[0m
[12.278s] [ 24%] [32mBuilding CXX object CMakeFiles/shape_msgs__rosidl_typesupport_microxrcedds_cpp.dir/rosidl_typesupport_microxrcedds_cpp/shape_msgs/msg/detail/microxrcedds/mesh_triangle__type_support_cpp.cpp.o[0m
[12.768s] [ 26%] [32mBuilding CXX object CMakeFiles/shape_msgs__rosidl_typesupport_fastrtps_cpp.dir/rosidl_typesupport_fastrtps_cpp/shape_msgs/msg/detail/dds_fastrtps/plane__type_support.cpp.o[0m
[13.562s] [ 27%] [32mBuilding CXX object CMakeFiles/shape_msgs__rosidl_typesupport_introspection_cpp.dir/rosidl_typesupport_introspection_cpp/shape_msgs/msg/detail/mesh_triangle__type_support.cpp.o[0m
[13.733s] [ 28%] [32mBuilding CXX object CMakeFiles/shape_msgs__rosidl_typesupport_cpp.dir/rosidl_typesupport_cpp/shape_msgs/msg/plane__type_support.cpp.o[0m
[14.527s] [ 30%] [32mBuilding CXX object CMakeFiles/shape_msgs__rosidl_typesupport_microxrcedds_cpp.dir/rosidl_typesupport_microxrcedds_cpp/shape_msgs/msg/detail/microxrcedds/solid_primitive__type_support_cpp.cpp.o[0m
[15.139s] [ 31%] [32mBuilding CXX object CMakeFiles/shape_msgs__rosidl_typesupport_cpp.dir/rosidl_typesupport_cpp/shape_msgs/msg/mesh_triangle__type_support.cpp.o[0m
[15.245s] [ 33%] [32mBuilding CXX object CMakeFiles/shape_msgs__rosidl_typesupport_introspection_cpp.dir/rosidl_typesupport_introspection_cpp/shape_msgs/msg/detail/solid_primitive__type_support.cpp.o[0m
[15.775s] [ 34%] [32mBuilding CXX object CMakeFiles/shape_msgs__rosidl_typesupport_fastrtps_cpp.dir/rosidl_typesupport_fastrtps_cpp/shape_msgs/msg/detail/dds_fastrtps/solid_primitive__type_support.cpp.o[0m
[16.530s] [ 36%] [32mBuilding CXX object CMakeFiles/shape_msgs__rosidl_typesupport_microxrcedds_cpp.dir/rosidl_typesupport_microxrcedds_cpp/shape_msgs/msg/detail/microxrcedds/plane__type_support_cpp.cpp.o[0m
[16.960s] [ 37%] [32mBuilding CXX object CMakeFiles/shape_msgs__rosidl_typesupport_introspection_cpp.dir/rosidl_typesupport_introspection_cpp/shape_msgs/msg/detail/plane__type_support.cpp.o[0m
[17.082s] [ 39%] [32m[1mLinking CXX shared library libshape_msgs__rosidl_typesupport_cpp.so[0m
[17.462s] [ 39%] Built target shape_msgs__rosidl_typesupport_cpp
[18.160s] [ 40%] [32m[1mLinking CXX shared library libshape_msgs__rosidl_typesupport_microxrcedds_cpp.so[0m
[18.513s] [ 40%] Built target shape_msgs__rosidl_typesupport_microxrcedds_cpp
[18.566s] [ 42%] [32m[1mLinking CXX shared library libshape_msgs__rosidl_typesupport_introspection_cpp.so[0m
[18.780s] [ 43%] [32mBuilding CXX object CMakeFiles/shape_msgs__rosidl_typesupport_fastrtps_cpp.dir/rosidl_typesupport_fastrtps_cpp/shape_msgs/msg/detail/dds_fastrtps/mesh_triangle__type_support.cpp.o[0m
[19.017s] [ 43%] Built target shape_msgs__rosidl_typesupport_introspection_cpp
[19.970s] [ 44%] [32m[1mLinking CXX shared library libshape_msgs__rosidl_typesupport_fastrtps_cpp.so[0m
[20.240s] [ 44%] Built target shape_msgs__rosidl_typesupport_fastrtps_cpp
[20.269s] [ 46%] [34m[1mGenerating C introspection for ROS interfaces[0m
[21.407s] [35m[1mScanning dependencies of target shape_msgs__rosidl_typesupport_introspection_c[0m
[21.446s] [ 47%] [32mBuilding C object CMakeFiles/shape_msgs__rosidl_typesupport_introspection_c.dir/rosidl_typesupport_introspection_c/shape_msgs/msg/detail/mesh__type_support.c.o[0m
[21.540s] [ 49%] [32mBuilding C object CMakeFiles/shape_msgs__rosidl_typesupport_introspection_c.dir/rosidl_typesupport_introspection_c/shape_msgs/msg/detail/solid_primitive__type_support.c.o[0m
[21.629s] [ 50%] [32mBuilding C object CMakeFiles/shape_msgs__rosidl_typesupport_introspection_c.dir/rosidl_typesupport_introspection_c/shape_msgs/msg/detail/plane__type_support.c.o[0m
[21.710s] [ 52%] [32mBuilding C object CMakeFiles/shape_msgs__rosidl_typesupport_introspection_c.dir/rosidl_typesupport_introspection_c/shape_msgs/msg/detail/mesh_triangle__type_support.c.o[0m
[21.792s] [ 53%] [32m[1mLinking C shared library libshape_msgs__rosidl_typesupport_introspection_c.so[0m
[21.884s] [ 53%] Built target shape_msgs__rosidl_typesupport_introspection_c
[21.916s] [ 55%] [34m[1mGenerating C type support for eProsima Fast-RTPS[0m
[22.814s] [35m[1mScanning dependencies of target shape_msgs__rosidl_typesupport_fastrtps_c[0m
[22.864s] [ 56%] [32mBuilding CXX object CMakeFiles/shape_msgs__rosidl_typesupport_fastrtps_c.dir/rosidl_typesupport_fastrtps_c/shape_msgs/msg/detail/mesh__type_support_c.cpp.o[0m
[23.483s] [ 57%] [32mBuilding CXX object CMakeFiles/shape_msgs__rosidl_typesupport_fastrtps_c.dir/rosidl_typesupport_fastrtps_c/shape_msgs/msg/detail/solid_primitive__type_support_c.cpp.o[0m
[24.294s] [ 59%] [32mBuilding CXX object CMakeFiles/shape_msgs__rosidl_typesupport_fastrtps_c.dir/rosidl_typesupport_fastrtps_c/shape_msgs/msg/detail/plane__type_support_c.cpp.o[0m
[24.884s] [ 60%] [32mBuilding CXX object CMakeFiles/shape_msgs__rosidl_typesupport_fastrtps_c.dir/rosidl_typesupport_fastrtps_c/shape_msgs/msg/detail/mesh_triangle__type_support_c.cpp.o[0m
[25.402s] [ 62%] [32m[1mLinking CXX shared library libshape_msgs__rosidl_typesupport_fastrtps_c.so[0m
[25.554s] [ 62%] Built target shape_msgs__rosidl_typesupport_fastrtps_c
[25.573s] [ 63%] [34m[1mGenerating C type support for eProsima Micro XRCE-DDS[0m
[26.364s] [35m[1mScanning dependencies of target shape_msgs__rosidl_typesupport_microxrcedds_c[0m
[26.395s] [ 65%] [32mBuilding C object CMakeFiles/shape_msgs__rosidl_typesupport_microxrcedds_c.dir/rosidl_typesupport_microxrcedds_c/shape_msgs/msg/detail/microxrcedds/mesh__type_support_c.c.o[0m
[26.469s] [ 66%] [32mBuilding C object CMakeFiles/shape_msgs__rosidl_typesupport_microxrcedds_c.dir/rosidl_typesupport_microxrcedds_c/shape_msgs/msg/detail/microxrcedds/solid_primitive__type_support_c.c.o[0m
[26.553s] [ 68%] [32mBuilding C object CMakeFiles/shape_msgs__rosidl_typesupport_microxrcedds_c.dir/rosidl_typesupport_microxrcedds_c/shape_msgs/msg/detail/microxrcedds/plane__type_support_c.c.o[0m
[26.630s] [ 69%] [32mBuilding C object CMakeFiles/shape_msgs__rosidl_typesupport_microxrcedds_c.dir/rosidl_typesupport_microxrcedds_c/shape_msgs/msg/detail/microxrcedds/mesh_triangle__type_support_c.c.o[0m
[26.713s] [ 71%] [32m[1mLinking C shared library libshape_msgs__rosidl_typesupport_microxrcedds_c.so[0m
[26.804s] [ 71%] Built target shape_msgs__rosidl_typesupport_microxrcedds_c
[26.825s] [ 72%] [34m[1mGenerating C type support dispatch for ROS interfaces[0m
[27.508s] [35m[1mScanning dependencies of target shape_msgs__rosidl_typesupport_c[0m
[27.542s] [ 73%] [32mBuilding CXX object CMakeFiles/shape_msgs__rosidl_typesupport_c.dir/rosidl_typesupport_c/shape_msgs/msg/mesh__type_support.cpp.o[0m
[27.605s] [ 75%] [32mBuilding CXX object CMakeFiles/shape_msgs__rosidl_typesupport_c.dir/rosidl_typesupport_c/shape_msgs/msg/solid_primitive__type_support.cpp.o[0m
[27.679s] [ 76%] [32mBuilding CXX object CMakeFiles/shape_msgs__rosidl_typesupport_c.dir/rosidl_typesupport_c/shape_msgs/msg/plane__type_support.cpp.o[0m
[27.747s] [ 78%] [32mBuilding CXX object CMakeFiles/shape_msgs__rosidl_typesupport_c.dir/rosidl_typesupport_c/shape_msgs/msg/mesh_triangle__type_support.cpp.o[0m
[27.826s] [ 79%] [32m[1mLinking CXX shared library libshape_msgs__rosidl_typesupport_c.so[0m
[27.910s] [ 79%] Built target shape_msgs__rosidl_typesupport_c
[27.936s] [35m[1mScanning dependencies of target shape_msgs[0m
[27.964s] [ 79%] Built target shape_msgs
[27.990s] [35m[1mScanning dependencies of target shape_msgs__py[0m
[28.020s] [ 81%] [34m[1mGenerating Python code for ROS interfaces[0m
[29.712s] [ 81%] Built target shape_msgs__py
[29.741s] [35m[1mScanning dependencies of target shape_msgs__python[0m
[29.792s] [ 82%] [32mBuilding C object CMakeFiles/shape_msgs__python.dir/rosidl_generator_py/shape_msgs/msg/_mesh_s.c.o[0m
[30.023s] [ 84%] [32mBuilding C object CMakeFiles/shape_msgs__python.dir/rosidl_generator_py/shape_msgs/msg/_solid_primitive_s.c.o[0m
[30.197s] [ 85%] [32mBuilding C object CMakeFiles/shape_msgs__python.dir/rosidl_generator_py/shape_msgs/msg/_plane_s.c.o[0m
[30.347s] [ 86%] [32mBuilding C object CMakeFiles/shape_msgs__python.dir/rosidl_generator_py/shape_msgs/msg/_mesh_triangle_s.c.o[0m
[30.491s] [ 88%] [32m[1mLinking C shared library rosidl_generator_py/shape_msgs/libshape_msgs__python.so[0m
[30.576s] [ 88%] Built target shape_msgs__python
[30.596s] [35m[1mScanning dependencies of target shape_msgs__rosidl_typesupport_introspection_c__pyext[0m
[30.635s] [ 89%] [32mBuilding C object CMakeFiles/shape_msgs__rosidl_typesupport_introspection_c__pyext.dir/rosidl_generator_py/shape_msgs/_shape_msgs_s.ep.rosidl_typesupport_introspection_c.c.o[0m
[30.783s] [ 91%] [32m[1mLinking C shared library rosidl_generator_py/shape_msgs/shape_msgs_s__rosidl_typesupport_introspection_c.cpython-38-x86_64-linux-gnu.so[0m
[30.855s] [ 91%] Built target shape_msgs__rosidl_typesupport_introspection_c__pyext
[30.875s] [35m[1mScanning dependencies of target shape_msgs__rosidl_typesupport_c__pyext[0m
[30.913s] [ 92%] [32mBuilding C object CMakeFiles/shape_msgs__rosidl_typesupport_c__pyext.dir/rosidl_generator_py/shape_msgs/_shape_msgs_s.ep.rosidl_typesupport_c.c.o[0m
[31.099s] [ 94%] [32m[1mLinking C shared library rosidl_generator_py/shape_msgs/shape_msgs_s__rosidl_typesupport_c.cpython-38-x86_64-linux-gnu.so[0m
[31.199s] [ 94%] Built target shape_msgs__rosidl_typesupport_c__pyext
[31.221s] [35m[1mScanning dependencies of target shape_msgs__rosidl_typesupport_microxrcedds_c__pyext[0m
[31.265s] [ 95%] [32mBuilding C object CMakeFiles/shape_msgs__rosidl_typesupport_microxrcedds_c__pyext.dir/rosidl_generator_py/shape_msgs/_shape_msgs_s.ep.rosidl_typesupport_microxrcedds_c.c.o[0m
[31.470s] [ 97%] [32m[1mLinking C shared library rosidl_generator_py/shape_msgs/shape_msgs_s__rosidl_typesupport_microxrcedds_c.cpython-38-x86_64-linux-gnu.so[0m
[31.560s] [ 97%] Built target shape_msgs__rosidl_typesupport_microxrcedds_c__pyext
[31.580s] [35m[1mScanning dependencies of target shape_msgs__rosidl_typesupport_fastrtps_c__pyext[0m
[31.615s] [ 98%] [32mBuilding C object CMakeFiles/shape_msgs__rosidl_typesupport_fastrtps_c__pyext.dir/rosidl_generator_py/shape_msgs/_shape_msgs_s.ep.rosidl_typesupport_fastrtps_c.c.o[0m
[31.783s] [100%] [32m[1mLinking CXX shared library rosidl_generator_py/shape_msgs/shape_msgs_s__rosidl_typesupport_fastrtps_c.cpython-38-x86_64-linux-gnu.so[0m
[31.928s] [100%] Built target shape_msgs__rosidl_typesupport_fastrtps_c__pyext
[31.953s] Invoked command in '/home/ngy/micro_ros/build/shape_msgs' returned '0': AMENT_PREFIX_PATH=/home/ngy/micro_ros/install/geometry_msgs:/home/ngy/micro_ros/install/std_msgs:/home/ngy/micro_ros/install/builtin_interfaces:${AMENT_PREFIX_PATH} CMAKE_PREFIX_PATH=/home/ngy/micro_ros/install/geometry_msgs:/home/ngy/micro_ros/install/std_msgs:/home/ngy/micro_ros/install/builtin_interfaces:/home/ngy/micro_ros/install/rosidl_typesupport_microxrcedds_cpp:/home/ngy/micro_ros/install/rosidl_typesupport_microxrcedds_c:/home/ngy/micro_ros/install/microcdr:/home/ngy/micro_ros/install/micro_ros_msgs:/home/ngy/micro_ros/install/micro_ros_setup:/home/ngy/microros_ws/install/micro_ros_agent:/home/ngy/microros_ws/install/common_interfaces:/home/ngy/microros_ws/install/visualization_msgs:/home/ngy/microros_ws/install/test_msgs:/home/ngy/microros_ws/install/micro_ros_demos_rclc:/home/ngy/microros_ws/install/example_interfaces:/home/ngy/microros_ws/install/action_msgs:/home/ngy/microros_ws/install/unique_identifier_msgs:/home/ngy/microros_ws/install/trajectory_msgs:/home/ngy/microros_ws/install/stereo_msgs:/home/ngy/microros_ws/install/std_srvs:/home/ngy/microros_ws/install/shape_msgs:/home/ngy/microros_ws/install/sensor_msgs:/home/ngy/microros_ws/install/nav_msgs:/home/ngy/microros_ws/install/diagnostic_msgs:/home/ngy/microros_ws/install/geometry_msgs:/home/ngy/microros_ws/install/actionlib_msgs:/home/ngy/microros_ws/install/std_msgs:/home/ngy/microros_ws/install/statistics_msgs:/home/ngy/microros_ws/install/rosidl_typesupport_microxrcedds_test_msg:/home/ngy/microros_ws/install/rosidl_typesupport_microxrcedds_cpp_tests:/home/ngy/microros_ws/install/rmw_microxrcedds:/home/ngy/microros_ws/install/rosidl_typesupport_microxrcedds_cpp:/home/ngy/microros_ws/install/rosidl_typesupport_microxrcedds_c_tests:/home/ngy/microros_ws/install/rosidl_typesupport_microxrcedds_c:/home/ngy/microros_ws/install/rosgraph_msgs:/home/ngy/microros_ws/install/rclc_parameter:/home/ngy/microros_ws/install/rclc:/home/ngy/microros_ws/install/composition_interfaces:/home/ngy/microros_ws/install/rcl_interfaces:/home/ngy/microros_ws/install/microxrcedds_client:/home/ngy/microros_ws/install/microcdr:/home/ngy/microros_ws/install/micro_ros_msgs:/home/ngy/microros_ws/install/micro_ros_demos_rclcpp:/home/ngy/microros_ws/install/lifecycle_msgs:/home/ngy/microros_ws/install/complex_msgs:/home/ngy/microros_ws/install/builtin_interfaces:/home/ngy/microros_ws/install/micro_ros_setup:/home/ngy/microros_ws/install/sensor_msgs_py:/opt/ros/foxy LD_LIBRARY_PATH=/home/ngy/micro_ros/install/geometry_msgs/lib:/home/ngy/micro_ros/install/std_msgs/lib:/home/ngy/micro_ros/install/builtin_interfaces/lib:${LD_LIBRARY_PATH} PYTHONPATH=/home/ngy/micro_ros/install/geometry_msgs/lib/python3.8/site-packages:/home/ngy/micro_ros/install/std_msgs/lib/python3.8/site-packages:/home/ngy/micro_ros/install/builtin_interfaces/lib/python3.8/site-packages:${PYTHONPATH} /usr/bin/cmake --build /home/ngy/micro_ros/build/shape_msgs -- -j12 -l12
[32.392s] Invoking command in '/home/ngy/micro_ros/build/shape_msgs': AMENT_PREFIX_PATH=/home/ngy/micro_ros/install/geometry_msgs:/home/ngy/micro_ros/install/std_msgs:/home/ngy/micro_ros/install/builtin_interfaces:${AMENT_PREFIX_PATH} CMAKE_PREFIX_PATH=/home/ngy/micro_ros/install/geometry_msgs:/home/ngy/micro_ros/install/std_msgs:/home/ngy/micro_ros/install/builtin_interfaces:/home/ngy/micro_ros/install/rosidl_typesupport_microxrcedds_cpp:/home/ngy/micro_ros/install/rosidl_typesupport_microxrcedds_c:/home/ngy/micro_ros/install/microcdr:/home/ngy/micro_ros/install/micro_ros_msgs:/home/ngy/micro_ros/install/micro_ros_setup:/home/ngy/microros_ws/install/micro_ros_agent:/home/ngy/microros_ws/install/common_interfaces:/home/ngy/microros_ws/install/visualization_msgs:/home/ngy/microros_ws/install/test_msgs:/home/ngy/microros_ws/install/micro_ros_demos_rclc:/home/ngy/microros_ws/install/example_interfaces:/home/ngy/microros_ws/install/action_msgs:/home/ngy/microros_ws/install/unique_identifier_msgs:/home/ngy/microros_ws/install/trajectory_msgs:/home/ngy/microros_ws/install/stereo_msgs:/home/ngy/microros_ws/install/std_srvs:/home/ngy/microros_ws/install/shape_msgs:/home/ngy/microros_ws/install/sensor_msgs:/home/ngy/microros_ws/install/nav_msgs:/home/ngy/microros_ws/install/diagnostic_msgs:/home/ngy/microros_ws/install/geometry_msgs:/home/ngy/microros_ws/install/actionlib_msgs:/home/ngy/microros_ws/install/std_msgs:/home/ngy/microros_ws/install/statistics_msgs:/home/ngy/microros_ws/install/rosidl_typesupport_microxrcedds_test_msg:/home/ngy/microros_ws/install/rosidl_typesupport_microxrcedds_cpp_tests:/home/ngy/microros_ws/install/rmw_microxrcedds:/home/ngy/microros_ws/install/rosidl_typesupport_microxrcedds_cpp:/home/ngy/microros_ws/install/rosidl_typesupport_microxrcedds_c_tests:/home/ngy/microros_ws/install/rosidl_typesupport_microxrcedds_c:/home/ngy/microros_ws/install/rosgraph_msgs:/home/ngy/microros_ws/install/rclc_parameter:/home/ngy/microros_ws/install/rclc:/home/ngy/microros_ws/install/composition_interfaces:/home/ngy/microros_ws/install/rcl_interfaces:/home/ngy/microros_ws/install/microxrcedds_client:/home/ngy/microros_ws/install/microcdr:/home/ngy/microros_ws/install/micro_ros_msgs:/home/ngy/microros_ws/install/micro_ros_demos_rclcpp:/home/ngy/microros_ws/install/lifecycle_msgs:/home/ngy/microros_ws/install/complex_msgs:/home/ngy/microros_ws/install/builtin_interfaces:/home/ngy/microros_ws/install/micro_ros_setup:/home/ngy/microros_ws/install/sensor_msgs_py:/opt/ros/foxy LD_LIBRARY_PATH=/home/ngy/micro_ros/install/geometry_msgs/lib:/home/ngy/micro_ros/install/std_msgs/lib:/home/ngy/micro_ros/install/builtin_interfaces/lib:${LD_LIBRARY_PATH} PYTHONPATH=/home/ngy/micro_ros/install/geometry_msgs/lib/python3.8/site-packages:/home/ngy/micro_ros/install/std_msgs/lib/python3.8/site-packages:/home/ngy/micro_ros/install/builtin_interfaces/lib/python3.8/site-packages:${PYTHONPATH} /usr/bin/cmake --install /home/ngy/micro_ros/build/shape_msgs
[32.409s] -- Install configuration: ""
[32.409s] -- Installing: /home/ngy/micro_ros/install/shape_msgs/share/ament_index/resource_index/rosidl_interfaces/shape_msgs
[32.410s] -- Installing: /home/ngy/micro_ros/install/shape_msgs/include/shape_msgs
[32.410s] -- Installing: /home/ngy/micro_ros/install/shape_msgs/include/shape_msgs/msg
[32.410s] -- Installing: /home/ngy/micro_ros/install/shape_msgs/include/shape_msgs/msg/plane.h
[32.411s] -- Installing: /home/ngy/micro_ros/install/shape_msgs/include/shape_msgs/msg/mesh_triangle.h
[32.411s] -- Installing: /home/ngy/micro_ros/install/shape_msgs/include/shape_msgs/msg/detail
[32.411s] -- Installing: /home/ngy/micro_ros/install/shape_msgs/include/shape_msgs/msg/detail/mesh_triangle__struct.h
[32.411s] -- Installing: /home/ngy/micro_ros/install/shape_msgs/include/shape_msgs/msg/detail/plane__struct.h
[32.412s] -- Installing: /home/ngy/micro_ros/install/shape_msgs/include/shape_msgs/msg/detail/mesh_triangle__type_support.h
[32.412s] -- Installing: /home/ngy/micro_ros/install/shape_msgs/include/shape_msgs/msg/detail/plane__functions.c
[32.412s] -- Installing: /home/ngy/micro_ros/install/shape_msgs/include/shape_msgs/msg/detail/plane__type_support.h
[32.413s] -- Installing: /home/ngy/micro_ros/install/shape_msgs/include/shape_msgs/msg/detail/solid_primitive__functions.h
[32.413s] -- Installing: /home/ngy/micro_ros/install/shape_msgs/include/shape_msgs/msg/detail/mesh__functions.c
[32.413s] -- Installing: /home/ngy/micro_ros/install/shape_msgs/include/shape_msgs/msg/detail/mesh__type_support.h
[32.413s] -- Installing: /home/ngy/micro_ros/install/shape_msgs/include/shape_msgs/msg/detail/mesh_triangle__functions.h
[32.414s] -- Installing: /home/ngy/micro_ros/install/shape_msgs/include/shape_msgs/msg/detail/mesh__functions.h
[32.414s] -- Installing: /home/ngy/micro_ros/install/shape_msgs/include/shape_msgs/msg/detail/mesh__struct.h
[32.414s] -- Installing: /home/ngy/micro_ros/install/shape_msgs/include/shape_msgs/msg/detail/mesh_triangle__functions.c
[32.414s] -- Installing: /home/ngy/micro_ros/install/shape_msgs/include/shape_msgs/msg/detail/plane__functions.h
[32.415s] -- Installing: /home/ngy/micro_ros/install/shape_msgs/include/shape_msgs/msg/detail/solid_primitive__functions.c
[32.415s] -- Installing: /home/ngy/micro_ros/install/shape_msgs/include/shape_msgs/msg/detail/solid_primitive__struct.h
[32.415s] -- Installing: /home/ngy/micro_ros/install/shape_msgs/include/shape_msgs/msg/detail/solid_primitive__type_support.h
[32.415s] -- Installing: /home/ngy/micro_ros/install/shape_msgs/include/shape_msgs/msg/mesh.h
[32.416s] -- Installing: /home/ngy/micro_ros/install/shape_msgs/include/shape_msgs/msg/solid_primitive.h
[32.416s] -- Installing: /home/ngy/micro_ros/install/shape_msgs/include/shape_msgs/msg/rosidl_generator_c__visibility_control.h
[32.416s] -- Installing: /home/ngy/micro_ros/install/shape_msgs/share/shape_msgs/environment/library_path.sh
[32.416s] -- Installing: /home/ngy/micro_ros/install/shape_msgs/share/shape_msgs/environment/library_path.dsv
[32.417s] -- Installing: /home/ngy/micro_ros/install/shape_msgs/lib/libshape_msgs__rosidl_generator_c.so
[32.417s] -- Set runtime path of "/home/ngy/micro_ros/install/shape_msgs/lib/libshape_msgs__rosidl_generator_c.so" to ""
[32.417s] -- Up-to-date: /home/ngy/micro_ros/install/shape_msgs/include/shape_msgs
[32.417s] -- Up-to-date: /home/ngy/micro_ros/install/shape_msgs/include/shape_msgs/msg
[32.418s] -- Up-to-date: /home/ngy/micro_ros/install/shape_msgs/include/shape_msgs/msg/detail
[32.418s] -- Installing: /home/ngy/micro_ros/install/shape_msgs/include/shape_msgs/msg/detail/microxrcedds
[32.418s] -- Installing: /home/ngy/micro_ros/install/shape_msgs/include/shape_msgs/msg/detail/mesh_triangle__rosidl_typesupport_microxrcedds_c.h
[32.418s] -- Installing: /home/ngy/micro_ros/install/shape_msgs/include/shape_msgs/msg/detail/plane__rosidl_typesupport_microxrcedds_c.h
[32.418s] -- Installing: /home/ngy/micro_ros/install/shape_msgs/include/shape_msgs/msg/detail/solid_primitive__rosidl_typesupport_microxrcedds_c.h
[32.419s] -- Installing: /home/ngy/micro_ros/install/shape_msgs/include/shape_msgs/msg/detail/mesh__rosidl_typesupport_microxrcedds_c.h
[32.419s] -- Installing: /home/ngy/micro_ros/install/shape_msgs/include/shape_msgs/msg/rosidl_typesupport_microxrcedds_c__visibility_control.h
[32.419s] -- Installing: /home/ngy/micro_ros/install/shape_msgs/lib/libshape_msgs__rosidl_typesupport_microxrcedds_c.so
[32.419s] -- Set runtime path of "/home/ngy/micro_ros/install/shape_msgs/lib/libshape_msgs__rosidl_typesupport_microxrcedds_c.so" to ""
[32.420s] -- Up-to-date: /home/ngy/micro_ros/install/shape_msgs/include/shape_msgs
[32.420s] -- Up-to-date: /home/ngy/micro_ros/install/shape_msgs/include/shape_msgs/msg
[32.420s] -- Up-to-date: /home/ngy/micro_ros/install/shape_msgs/include/shape_msgs/msg/detail
[32.421s] -- Installing: /home/ngy/micro_ros/install/shape_msgs/include/shape_msgs/msg/detail/solid_primitive__rosidl_typesupport_fastrtps_c.h
[32.421s] -- Installing: /home/ngy/micro_ros/install/shape_msgs/include/shape_msgs/msg/detail/mesh__rosidl_typesupport_fastrtps_c.h
[32.421s] -- Installing: /home/ngy/micro_ros/install/shape_msgs/include/shape_msgs/msg/detail/plane__rosidl_typesupport_fastrtps_c.h
[32.421s] -- Installing: /home/ngy/micro_ros/install/shape_msgs/include/shape_msgs/msg/detail/mesh_triangle__rosidl_typesupport_fastrtps_c.h
[32.421s] -- Installing: /home/ngy/micro_ros/install/shape_msgs/include/shape_msgs/msg/rosidl_typesupport_fastrtps_c__visibility_control.h
[32.422s] -- Installing: /home/ngy/micro_ros/install/shape_msgs/lib/libshape_msgs__rosidl_typesupport_fastrtps_c.so
[32.422s] -- Set runtime path of "/home/ngy/micro_ros/install/shape_msgs/lib/libshape_msgs__rosidl_typesupport_fastrtps_c.so" to ""
[32.422s] -- Up-to-date: /home/ngy/micro_ros/install/shape_msgs/include/shape_msgs
[32.423s] -- Up-to-date: /home/ngy/micro_ros/install/shape_msgs/include/shape_msgs/msg
[32.423s] -- Installing: /home/ngy/micro_ros/install/shape_msgs/include/shape_msgs/msg/rosidl_typesupport_fastrtps_cpp__visibility_control.h
[32.423s] -- Up-to-date: /home/ngy/micro_ros/install/shape_msgs/include/shape_msgs/msg/detail
[32.423s] -- Installing: /home/ngy/micro_ros/install/shape_msgs/include/shape_msgs/msg/detail/plane__rosidl_typesupport_fastrtps_cpp.hpp
[32.423s] -- Installing: /home/ngy/micro_ros/install/shape_msgs/include/shape_msgs/msg/detail/mesh_triangle__rosidl_typesupport_fastrtps_cpp.hpp
[32.424s] -- Installing: /home/ngy/micro_ros/install/shape_msgs/include/shape_msgs/msg/detail/dds_fastrtps
[32.424s] -- Installing: /home/ngy/micro_ros/install/shape_msgs/include/shape_msgs/msg/detail/solid_primitive__rosidl_typesupport_fastrtps_cpp.hpp
[32.424s] -- Installing: /home/ngy/micro_ros/install/shape_msgs/include/shape_msgs/msg/detail/mesh__rosidl_typesupport_fastrtps_cpp.hpp
[32.424s] -- Installing: /home/ngy/micro_ros/install/shape_msgs/lib/libshape_msgs__rosidl_typesupport_fastrtps_cpp.so
[32.426s] -- Set runtime path of "/home/ngy/micro_ros/install/shape_msgs/lib/libshape_msgs__rosidl_typesupport_fastrtps_cpp.so" to ""
[32.426s] -- Up-to-date: /home/ngy/micro_ros/install/shape_msgs/include/shape_msgs
[32.426s] -- Up-to-date: /home/ngy/micro_ros/install/shape_msgs/include/shape_msgs/msg
[32.426s] -- Installing: /home/ngy/micro_ros/install/shape_msgs/include/shape_msgs/msg/rosidl_typesupport_introspection_c__visibility_control.h
[32.427s] -- Up-to-date: /home/ngy/micro_ros/install/shape_msgs/include/shape_msgs/msg/detail
[32.427s] -- Installing: /home/ngy/micro_ros/install/shape_msgs/include/shape_msgs/msg/detail/solid_primitive__type_support.c
[32.427s] -- Installing: /home/ngy/micro_ros/install/shape_msgs/include/shape_msgs/msg/detail/mesh__type_support.c
[32.428s] -- Installing: /home/ngy/micro_ros/install/shape_msgs/include/shape_msgs/msg/detail/solid_primitive__rosidl_typesupport_introspection_c.h
[32.428s] -- Installing: /home/ngy/micro_ros/install/shape_msgs/include/shape_msgs/msg/detail/mesh__rosidl_typesupport_introspection_c.h
[32.428s] -- Installing: /home/ngy/micro_ros/install/shape_msgs/include/shape_msgs/msg/detail/mesh_triangle__type_support.c
[32.428s] -- Installing: /home/ngy/micro_ros/install/shape_msgs/include/shape_msgs/msg/detail/plane__type_support.c
[32.428s] -- Installing: /home/ngy/micro_ros/install/shape_msgs/include/shape_msgs/msg/detail/mesh_triangle__rosidl_typesupport_introspection_c.h
[32.429s] -- Installing: /home/ngy/micro_ros/install/shape_msgs/include/shape_msgs/msg/detail/plane__rosidl_typesupport_introspection_c.h
[32.429s] -- Installing: /home/ngy/micro_ros/install/shape_msgs/lib/libshape_msgs__rosidl_typesupport_introspection_c.so
[32.429s] -- Set runtime path of "/home/ngy/micro_ros/install/shape_msgs/lib/libshape_msgs__rosidl_typesupport_introspection_c.so" to ""
[32.429s] -- Installing: /home/ngy/micro_ros/install/shape_msgs/lib/libshape_msgs__rosidl_typesupport_c.so
[32.430s] -- Set runtime path of "/home/ngy/micro_ros/install/shape_msgs/lib/libshape_msgs__rosidl_typesupport_c.so" to ""
[32.430s] -- Up-to-date: /home/ngy/micro_ros/install/shape_msgs/include/shape_msgs
[32.431s] -- Up-to-date: /home/ngy/micro_ros/install/shape_msgs/include/shape_msgs/msg
[32.431s] -- Installing: /home/ngy/micro_ros/install/shape_msgs/include/shape_msgs/msg/mesh_triangle.hpp
[32.431s] -- Installing: /home/ngy/micro_ros/install/shape_msgs/include/shape_msgs/msg/solid_primitive.hpp
[32.431s] -- Up-to-date: /home/ngy/micro_ros/install/shape_msgs/include/shape_msgs/msg/detail
[32.432s] -- Installing: /home/ngy/micro_ros/install/shape_msgs/include/shape_msgs/msg/detail/mesh__builder.hpp
[32.432s] -- Installing: /home/ngy/micro_ros/install/shape_msgs/include/shape_msgs/msg/detail/mesh__struct.hpp
[32.432s] -- Installing: /home/ngy/micro_ros/install/shape_msgs/include/shape_msgs/msg/detail/mesh__traits.hpp
[32.433s] -- Installing: /home/ngy/micro_ros/install/shape_msgs/include/shape_msgs/msg/detail/mesh_triangle__builder.hpp
[32.433s] -- Installing: /home/ngy/micro_ros/install/shape_msgs/include/shape_msgs/msg/detail/plane__traits.hpp
[32.433s] -- Installing: /home/ngy/micro_ros/install/shape_msgs/include/shape_msgs/msg/detail/plane__builder.hpp
[32.433s] -- Installing: /home/ngy/micro_ros/install/shape_msgs/include/shape_msgs/msg/detail/mesh_triangle__traits.hpp
[32.434s] -- Installing: /home/ngy/micro_ros/install/shape_msgs/include/shape_msgs/msg/detail/plane__struct.hpp
[32.434s] -- Installing: /home/ngy/micro_ros/install/shape_msgs/include/shape_msgs/msg/detail/mesh_triangle__struct.hpp
[32.434s] -- Installing: /home/ngy/micro_ros/install/shape_msgs/include/shape_msgs/msg/detail/solid_primitive__struct.hpp
[32.435s] -- Installing: /home/ngy/micro_ros/install/shape_msgs/include/shape_msgs/msg/detail/solid_primitive__builder.hpp
[32.435s] -- Installing: /home/ngy/micro_ros/install/shape_msgs/include/shape_msgs/msg/detail/solid_primitive__traits.hpp
[32.435s] -- Installing: /home/ngy/micro_ros/install/shape_msgs/include/shape_msgs/msg/mesh.hpp
[32.435s] -- Installing: /home/ngy/micro_ros/install/shape_msgs/include/shape_msgs/msg/plane.hpp
[32.436s] -- Up-to-date: /home/ngy/micro_ros/install/shape_msgs/include/shape_msgs
[32.436s] -- Up-to-date: /home/ngy/micro_ros/install/shape_msgs/include/shape_msgs/msg
[32.436s] -- Up-to-date: /home/ngy/micro_ros/install/shape_msgs/include/shape_msgs/msg/detail
[32.436s] -- Installing: /home/ngy/micro_ros/install/shape_msgs/include/shape_msgs/msg/detail/solid_primitive__rosidl_typesupport_microxrcedds_cpp.hpp
[32.437s] -- Up-to-date: /home/ngy/micro_ros/install/shape_msgs/include/shape_msgs/msg/detail/microxrcedds
[32.437s] -- Installing: /home/ngy/micro_ros/install/shape_msgs/include/shape_msgs/msg/detail/microxrcedds/mesh_triangle__type_support_cpp.cpp
[32.437s] -- Installing: /home/ngy/micro_ros/install/shape_msgs/include/shape_msgs/msg/detail/microxrcedds/solid_primitive__type_support_cpp.cpp
[32.437s] -- Installing: /home/ngy/micro_ros/install/shape_msgs/include/shape_msgs/msg/detail/microxrcedds/plane__type_support_cpp.cpp
[32.437s] -- Installing: /home/ngy/micro_ros/install/shape_msgs/include/shape_msgs/msg/detail/microxrcedds/mesh__type_support_cpp.cpp
[32.438s] -- Installing: /home/ngy/micro_ros/install/shape_msgs/include/shape_msgs/msg/detail/plane__rosidl_typesupport_microxrcedds_cpp.hpp
[32.438s] -- Installing: /home/ngy/micro_ros/install/shape_msgs/include/shape_msgs/msg/detail/mesh_triangle__rosidl_typesupport_microxrcedds_cpp.hpp
[32.438s] -- Installing: /home/ngy/micro_ros/install/shape_msgs/include/shape_msgs/msg/detail/mesh__rosidl_typesupport_microxrcedds_cpp.hpp
[32.439s] -- Installing: /home/ngy/micro_ros/install/shape_msgs/include/shape_msgs/msg/rosidl_typesupport_microxrcedds_cpp__visibility_control.h
[32.439s] -- Installing: /home/ngy/micro_ros/install/shape_msgs/lib/libshape_msgs__rosidl_typesupport_microxrcedds_cpp.so
[32.439s] -- Set runtime path of "/home/ngy/micro_ros/install/shape_msgs/lib/libshape_msgs__rosidl_typesupport_microxrcedds_cpp.so" to ""
[32.439s] -- Up-to-date: /home/ngy/micro_ros/install/shape_msgs/include/shape_msgs
[32.440s] -- Up-to-date: /home/ngy/micro_ros/install/shape_msgs/include/shape_msgs/msg
[32.440s] -- Up-to-date: /home/ngy/micro_ros/install/shape_msgs/include/shape_msgs/msg/detail
[32.440s] -- Installing: /home/ngy/micro_ros/install/shape_msgs/include/shape_msgs/msg/detail/mesh__rosidl_typesupport_introspection_cpp.hpp
[32.440s] -- Installing: /home/ngy/micro_ros/install/shape_msgs/include/shape_msgs/msg/detail/solid_primitive__rosidl_typesupport_introspection_cpp.hpp
[32.440s] -- Installing: /home/ngy/micro_ros/install/shape_msgs/include/shape_msgs/msg/detail/mesh_triangle__type_support.cpp
[32.441s] -- Installing: /home/ngy/micro_ros/install/shape_msgs/include/shape_msgs/msg/detail/plane__rosidl_typesupport_introspection_cpp.hpp
[32.441s] -- Installing: /home/ngy/micro_ros/install/shape_msgs/include/shape_msgs/msg/detail/solid_primitive__type_support.cpp
[32.441s] -- Installing: /home/ngy/micro_ros/install/shape_msgs/include/shape_msgs/msg/detail/mesh_triangle__rosidl_typesupport_introspection_cpp.hpp
[32.441s] -- Installing: /home/ngy/micro_ros/install/shape_msgs/include/shape_msgs/msg/detail/plane__type_support.cpp
[32.442s] -- Installing: /home/ngy/micro_ros/install/shape_msgs/include/shape_msgs/msg/detail/mesh__type_support.cpp
[32.442s] -- Installing: /home/ngy/micro_ros/install/shape_msgs/lib/libshape_msgs__rosidl_typesupport_introspection_cpp.so
[32.442s] -- Set runtime path of "/home/ngy/micro_ros/install/shape_msgs/lib/libshape_msgs__rosidl_typesupport_introspection_cpp.so" to ""
[32.442s] -- Installing: /home/ngy/micro_ros/install/shape_msgs/lib/libshape_msgs__rosidl_typesupport_cpp.so
[32.442s] -- Set runtime path of "/home/ngy/micro_ros/install/shape_msgs/lib/libshape_msgs__rosidl_typesupport_cpp.so" to ""
[32.443s] -- Installing: /home/ngy/micro_ros/install/shape_msgs/share/shape_msgs/environment/pythonpath.sh
[32.443s] -- Installing: /home/ngy/micro_ros/install/shape_msgs/share/shape_msgs/environment/pythonpath.dsv
[32.443s] -- Installing: /home/ngy/micro_ros/install/shape_msgs/lib/python3.8/site-packages/shape_msgs/__init__.py
[32.497s] Compiling '/home/ngy/micro_ros/install/shape_msgs/lib/python3.8/site-packages/shape_msgs/__init__.py'...
[32.503s] -- Installing: /home/ngy/micro_ros/install/shape_msgs/lib/python3.8/site-packages/shape_msgs/msg
[32.503s] -- Installing: /home/ngy/micro_ros/install/shape_msgs/lib/python3.8/site-packages/shape_msgs/msg/_solid_primitive.py
[32.503s] -- Installing: /home/ngy/micro_ros/install/shape_msgs/lib/python3.8/site-packages/shape_msgs/msg/_plane_s.c
[32.504s] -- Installing: /home/ngy/micro_ros/install/shape_msgs/lib/python3.8/site-packages/shape_msgs/msg/_mesh_triangle_s.c
[32.504s] -- Installing: /home/ngy/micro_ros/install/shape_msgs/lib/python3.8/site-packages/shape_msgs/msg/_mesh_triangle.py
[32.504s] -- Installing: /home/ngy/micro_ros/install/shape_msgs/lib/python3.8/site-packages/shape_msgs/msg/_plane.py
[32.504s] -- Installing: /home/ngy/micro_ros/install/shape_msgs/lib/python3.8/site-packages/shape_msgs/msg/_mesh_s.c
[32.505s] -- Installing: /home/ngy/micro_ros/install/shape_msgs/lib/python3.8/site-packages/shape_msgs/msg/__init__.py
[32.505s] -- Installing: /home/ngy/micro_ros/install/shape_msgs/lib/python3.8/site-packages/shape_msgs/msg/_solid_primitive_s.c
[32.505s] -- Installing: /home/ngy/micro_ros/install/shape_msgs/lib/python3.8/site-packages/shape_msgs/msg/_mesh.py
[32.505s] -- Installing: /home/ngy/micro_ros/install/shape_msgs/lib/python3.8/site-packages/shape_msgs/shape_msgs_s__rosidl_typesupport_microxrcedds_c.cpython-38-x86_64-linux-gnu.so
[32.506s] -- Set runtime path of "/home/ngy/micro_ros/install/shape_msgs/lib/python3.8/site-packages/shape_msgs/shape_msgs_s__rosidl_typesupport_microxrcedds_c.cpython-38-x86_64-linux-gnu.so" to ""
[32.506s] -- Installing: /home/ngy/micro_ros/install/shape_msgs/lib/python3.8/site-packages/shape_msgs/shape_msgs_s__rosidl_typesupport_fastrtps_c.cpython-38-x86_64-linux-gnu.so
[32.507s] -- Set runtime path of "/home/ngy/micro_ros/install/shape_msgs/lib/python3.8/site-packages/shape_msgs/shape_msgs_s__rosidl_typesupport_fastrtps_c.cpython-38-x86_64-linux-gnu.so" to ""
[32.508s] -- Installing: /home/ngy/micro_ros/install/shape_msgs/lib/python3.8/site-packages/shape_msgs/shape_msgs_s__rosidl_typesupport_introspection_c.cpython-38-x86_64-linux-gnu.so
[32.509s] -- Set runtime path of "/home/ngy/micro_ros/install/shape_msgs/lib/python3.8/site-packages/shape_msgs/shape_msgs_s__rosidl_typesupport_introspection_c.cpython-38-x86_64-linux-gnu.so" to ""
[32.509s] -- Installing: /home/ngy/micro_ros/install/shape_msgs/lib/python3.8/site-packages/shape_msgs/shape_msgs_s__rosidl_typesupport_c.cpython-38-x86_64-linux-gnu.so
[32.510s] -- Set runtime path of "/home/ngy/micro_ros/install/shape_msgs/lib/python3.8/site-packages/shape_msgs/shape_msgs_s__rosidl_typesupport_c.cpython-38-x86_64-linux-gnu.so" to ""
[32.510s] -- Installing: /home/ngy/micro_ros/install/shape_msgs/lib/libshape_msgs__python.so
[32.511s] -- Set runtime path of "/home/ngy/micro_ros/install/shape_msgs/lib/libshape_msgs__python.so" to ""
[32.511s] -- Installing: /home/ngy/micro_ros/install/shape_msgs/share/shape_msgs/msg/Mesh.idl
[32.511s] -- Installing: /home/ngy/micro_ros/install/shape_msgs/share/shape_msgs/msg/MeshTriangle.idl
[32.511s] -- Installing: /home/ngy/micro_ros/install/shape_msgs/share/shape_msgs/msg/Plane.idl
[32.512s] -- Installing: /home/ngy/micro_ros/install/shape_msgs/share/shape_msgs/msg/SolidPrimitive.idl
[32.512s] -- Installing: /home/ngy/micro_ros/install/shape_msgs/share/shape_msgs/msg/Mesh.msg
[32.512s] -- Installing: /home/ngy/micro_ros/install/shape_msgs/share/shape_msgs/msg/MeshTriangle.msg
[32.512s] -- Installing: /home/ngy/micro_ros/install/shape_msgs/share/shape_msgs/msg/Plane.msg
[32.513s] -- Installing: /home/ngy/micro_ros/install/shape_msgs/share/shape_msgs/msg/SolidPrimitive.msg
[32.513s] -- Installing: /home/ngy/micro_ros/install/shape_msgs/share/ament_index/resource_index/package_run_dependencies/shape_msgs
[32.513s] -- Installing: /home/ngy/micro_ros/install/shape_msgs/share/ament_index/resource_index/parent_prefix_path/shape_msgs
[32.514s] -- Installing: /home/ngy/micro_ros/install/shape_msgs/share/shape_msgs/environment/ament_prefix_path.sh
[32.514s] -- Installing: /home/ngy/micro_ros/install/shape_msgs/share/shape_msgs/environment/ament_prefix_path.dsv
[32.514s] -- Installing: /home/ngy/micro_ros/install/shape_msgs/share/shape_msgs/environment/path.sh
[32.514s] -- Installing: /home/ngy/micro_ros/install/shape_msgs/share/shape_msgs/environment/path.dsv
[32.515s] -- Installing: /home/ngy/micro_ros/install/shape_msgs/share/shape_msgs/local_setup.bash
[32.515s] -- Installing: /home/ngy/micro_ros/install/shape_msgs/share/shape_msgs/local_setup.sh
[32.515s] -- Installing: /home/ngy/micro_ros/install/shape_msgs/share/shape_msgs/local_setup.zsh
[32.515s] -- Installing: /home/ngy/micro_ros/install/shape_msgs/share/shape_msgs/local_setup.dsv
[32.516s] -- Installing: /home/ngy/micro_ros/install/shape_msgs/share/shape_msgs/package.dsv
[32.516s] -- Installing: /home/ngy/micro_ros/install/shape_msgs/share/ament_index/resource_index/packages/shape_msgs
[32.516s] -- Installing: /home/ngy/micro_ros/install/shape_msgs/share/shape_msgs/cmake/shape_msgs__rosidl_generator_cExport.cmake
[32.516s] -- Installing: /home/ngy/micro_ros/install/shape_msgs/share/shape_msgs/cmake/shape_msgs__rosidl_generator_cExport-noconfig.cmake
[32.517s] -- Installing: /home/ngy/micro_ros/install/shape_msgs/share/shape_msgs/cmake/shape_msgs__rosidl_typesupport_introspection_cExport.cmake
[32.517s] -- Installing: /home/ngy/micro_ros/install/shape_msgs/share/shape_msgs/cmake/shape_msgs__rosidl_typesupport_introspection_cExport-noconfig.cmake
[32.517s] -- Installing: /home/ngy/micro_ros/install/shape_msgs/share/shape_msgs/cmake/shape_msgs__rosidl_typesupport_cExport.cmake
[32.517s] -- Installing: /home/ngy/micro_ros/install/shape_msgs/share/shape_msgs/cmake/shape_msgs__rosidl_typesupport_cExport-noconfig.cmake
[32.518s] -- Installing: /home/ngy/micro_ros/install/shape_msgs/share/shape_msgs/cmake/shape_msgs__rosidl_generator_cppExport.cmake
[32.518s] -- Installing: /home/ngy/micro_ros/install/shape_msgs/share/shape_msgs/cmake/shape_msgs__rosidl_typesupport_introspection_cppExport.cmake
[32.518s] -- Installing: /home/ngy/micro_ros/install/shape_msgs/share/shape_msgs/cmake/shape_msgs__rosidl_typesupport_introspection_cppExport-noconfig.cmake
[32.519s] -- Installing: /home/ngy/micro_ros/install/shape_msgs/share/shape_msgs/cmake/shape_msgs__rosidl_typesupport_cppExport.cmake
[32.519s] -- Installing: /home/ngy/micro_ros/install/shape_msgs/share/shape_msgs/cmake/shape_msgs__rosidl_typesupport_cppExport-noconfig.cmake
[32.519s] -- Installing: /home/ngy/micro_ros/install/shape_msgs/share/shape_msgs/cmake/rosidl_cmake-extras.cmake
[32.519s] -- Installing: /home/ngy/micro_ros/install/shape_msgs/share/shape_msgs/cmake/ament_cmake_export_dependencies-extras.cmake
[32.520s] -- Installing: /home/ngy/micro_ros/install/shape_msgs/share/shape_msgs/cmake/ament_cmake_export_libraries-extras.cmake
[32.520s] -- Installing: /home/ngy/micro_ros/install/shape_msgs/share/shape_msgs/cmake/ament_cmake_export_targets-extras.cmake
[32.520s] -- Installing: /home/ngy/micro_ros/install/shape_msgs/share/shape_msgs/cmake/ament_cmake_export_include_directories-extras.cmake
[32.520s] -- Installing: /home/ngy/micro_ros/install/shape_msgs/share/shape_msgs/cmake/rosidl_cmake_export_typesupport_libraries-extras.cmake
[32.521s] -- Installing: /home/ngy/micro_ros/install/shape_msgs/share/shape_msgs/cmake/rosidl_cmake_export_typesupport_targets-extras.cmake
[32.521s] -- Installing: /home/ngy/micro_ros/install/shape_msgs/share/shape_msgs/cmake/shape_msgsConfig.cmake
[32.521s] -- Installing: /home/ngy/micro_ros/install/shape_msgs/share/shape_msgs/cmake/shape_msgsConfig-version.cmake
[32.521s] -- Installing: /home/ngy/micro_ros/install/shape_msgs/share/shape_msgs/package.xml
[32.532s] Invoked command in '/home/ngy/micro_ros/build/shape_msgs' returned '0': AMENT_PREFIX_PATH=/home/ngy/micro_ros/install/geometry_msgs:/home/ngy/micro_ros/install/std_msgs:/home/ngy/micro_ros/install/builtin_interfaces:${AMENT_PREFIX_PATH} CMAKE_PREFIX_PATH=/home/ngy/micro_ros/install/geometry_msgs:/home/ngy/micro_ros/install/std_msgs:/home/ngy/micro_ros/install/builtin_interfaces:/home/ngy/micro_ros/install/rosidl_typesupport_microxrcedds_cpp:/home/ngy/micro_ros/install/rosidl_typesupport_microxrcedds_c:/home/ngy/micro_ros/install/microcdr:/home/ngy/micro_ros/install/micro_ros_msgs:/home/ngy/micro_ros/install/micro_ros_setup:/home/ngy/microros_ws/install/micro_ros_agent:/home/ngy/microros_ws/install/common_interfaces:/home/ngy/microros_ws/install/visualization_msgs:/home/ngy/microros_ws/install/test_msgs:/home/ngy/microros_ws/install/micro_ros_demos_rclc:/home/ngy/microros_ws/install/example_interfaces:/home/ngy/microros_ws/install/action_msgs:/home/ngy/microros_ws/install/unique_identifier_msgs:/home/ngy/microros_ws/install/trajectory_msgs:/home/ngy/microros_ws/install/stereo_msgs:/home/ngy/microros_ws/install/std_srvs:/home/ngy/microros_ws/install/shape_msgs:/home/ngy/microros_ws/install/sensor_msgs:/home/ngy/microros_ws/install/nav_msgs:/home/ngy/microros_ws/install/diagnostic_msgs:/home/ngy/microros_ws/install/geometry_msgs:/home/ngy/microros_ws/install/actionlib_msgs:/home/ngy/microros_ws/install/std_msgs:/home/ngy/microros_ws/install/statistics_msgs:/home/ngy/microros_ws/install/rosidl_typesupport_microxrcedds_test_msg:/home/ngy/microros_ws/install/rosidl_typesupport_microxrcedds_cpp_tests:/home/ngy/microros_ws/install/rmw_microxrcedds:/home/ngy/microros_ws/install/rosidl_typesupport_microxrcedds_cpp:/home/ngy/microros_ws/install/rosidl_typesupport_microxrcedds_c_tests:/home/ngy/microros_ws/install/rosidl_typesupport_microxrcedds_c:/home/ngy/microros_ws/install/rosgraph_msgs:/home/ngy/microros_ws/install/rclc_parameter:/home/ngy/microros_ws/install/rclc:/home/ngy/microros_ws/install/composition_interfaces:/home/ngy/microros_ws/install/rcl_interfaces:/home/ngy/microros_ws/install/microxrcedds_client:/home/ngy/microros_ws/install/microcdr:/home/ngy/microros_ws/install/micro_ros_msgs:/home/ngy/microros_ws/install/micro_ros_demos_rclcpp:/home/ngy/microros_ws/install/lifecycle_msgs:/home/ngy/microros_ws/install/complex_msgs:/home/ngy/microros_ws/install/builtin_interfaces:/home/ngy/microros_ws/install/micro_ros_setup:/home/ngy/microros_ws/install/sensor_msgs_py:/opt/ros/foxy LD_LIBRARY_PATH=/home/ngy/micro_ros/install/geometry_msgs/lib:/home/ngy/micro_ros/install/std_msgs/lib:/home/ngy/micro_ros/install/builtin_interfaces/lib:${LD_LIBRARY_PATH} PYTHONPATH=/home/ngy/micro_ros/install/geometry_msgs/lib/python3.8/site-packages:/home/ngy/micro_ros/install/std_msgs/lib/python3.8/site-packages:/home/ngy/micro_ros/install/builtin_interfaces/lib/python3.8/site-packages:${PYTHONPATH} /usr/bin/cmake --install /home/ngy/micro_ros/build/shape_msgs
